

================================================================
== Vivado HLS Report for 'dense_resource_rf_gt_nin_rem0_0_0_0_0_0_0_0_0_0_0_0_0_0_0_0'
================================================================
* Date:           Wed May 20 11:15:46 2026

* Version:        2020.1 (Build 2897737 on Wed May 27 20:21:37 MDT 2020)
* Project:        myproject_prj
* Solution:       solution1
* Product family: zynq
* Target device:  xc7z020-clg400-1


================================================================
== Performance Estimates
================================================================
+ Timing: 
    * Summary: 
    +--------+---------+----------+------------+
    |  Clock |  Target | Estimated| Uncertainty|
    +--------+---------+----------+------------+
    |ap_clk  | 5.00 ns | 5.715 ns |   0.62 ns  |
    +--------+---------+----------+------------+

+ Latency: 
    * Summary: 
    +---------+---------+----------+----------+-----+-----+---------------------------------------------+
    |  Latency (cycles) |  Latency (absolute) |  Interval |                   Pipeline                  |
    |   min   |   max   |    min   |    max   | min | max |                     Type                    |
    +---------+---------+----------+----------+-----+-----+---------------------------------------------+
    |       18|       19| 0.103 us | 0.109 us |   16|   16| loop rewind(delay=0 initiation interval(s)) |
    +---------+---------+----------+----------+-----+-----+---------------------------------------------+

    + Detail: 
        * Instance: 
        N/A

        * Loop: 
        +-------------+---------+---------+----------+-----------+-----------+------+----------+
        |             |  Latency (cycles) | Iteration|  Initiation Interval  | Trip |          |
        |  Loop Name  |   min   |   max   |  Latency |  achieved |   target  | Count| Pipelined|
        +-------------+---------+---------+----------+-----------+-----------+------+----------+
        |- ReuseLoop  |       18|       18|         4|          1|          1|    16|    yes   |
        +-------------+---------+---------+----------+-----------+-----------+------+----------+



================================================================
== Utilization Estimates
================================================================
* Summary: 
+-----------------+---------+-------+--------+-------+-----+
|       Name      | BRAM_18K| DSP48E|   FF   |  LUT  | URAM|
+-----------------+---------+-------+--------+-------+-----+
|DSP              |        -|      -|       -|      -|    -|
|Expression       |        -|      0|       0|    905|    -|
|FIFO             |        -|      -|       -|      -|    -|
|Instance         |        -|      -|       0|     45|    -|
|Memory           |        2|      -|       1|      1|    -|
|Multiplexer      |        -|      -|       -|    519|    -|
|Register         |        0|      -|     737|     32|    -|
+-----------------+---------+-------+--------+-------+-----+
|Total            |        2|      0|     738|   1502|    0|
+-----------------+---------+-------+--------+-------+-----+
|Available        |      280|    220|  106400|  53200|    0|
+-----------------+---------+-------+--------+-------+-----+
|Utilization (%)  |    ~0   |      0|   ~0   |      2|    0|
+-----------------+---------+-------+--------+-------+-----+

+ Detail: 
    * Instance: 
    +----------------------------+------------------------+---------+-------+---+----+-----+
    |          Instance          |         Module         | BRAM_18K| DSP48E| FF| LUT| URAM|
    +----------------------------+------------------------+---------+-------+---+----+-----+
    |myproject_mux_83_8_1_1_U83  |myproject_mux_83_8_1_1  |        0|      0|  0|  45|    0|
    +----------------------------+------------------------+---------+-------+---+----+-----+
    |Total                       |                        |        0|      0|  0|  45|    0|
    +----------------------------+------------------------+---------+-------+---+----+-----+

    * DSP48E: 
    N/A

    * Memory: 
    +----------+----------------------------------------------------------------------------+---------+---+----+-----+------+-----+------+-------------+
    |  Memory  |                                   Module                                   | BRAM_18K| FF| LUT| URAM| Words| Bits| Banks| W*Bits*Banks|
    +----------+----------------------------------------------------------------------------+---------+---+----+-----+------+-----+------+-------------+
    |w17_V_U   |dense_resource_rf_gt_nin_rem0_0_0_0_0_0_0_0_0_0_0_0_0_0_0_0_w17_V           |        2|  0|   0|    0|    16|   55|     1|          880|
    |outidx_U  |dense_resource_rf_gt_nin_rem0_ap_ufixed_ap_fixed_config5_0_0_0_0_0_outidx4  |        0|  1|   1|    0|    16|    1|     1|           16|
    +----------+----------------------------------------------------------------------------+---------+---+----+-----+------+-----+------+-------------+
    |Total     |                                                                            |        2|  1|   1|    0|    32|   56|     2|          896|
    +----------+----------------------------------------------------------------------------+---------+---+----+-----+------+-----+------+-------------+

    * FIFO: 
    N/A

    * Expression: 
    +----------------------------+----------+-------+---+----+------------+------------+
    |        Variable Name       | Operation| DSP48E| FF| LUT| Bitwidth P0| Bitwidth P1|
    +----------------------------+----------+-------+---+----+------------+------------+
    |mul_ln1118_10_fu_946_p2     |     *    |      0|  0|  41|           8|           8|
    |mul_ln1118_11_fu_955_p2     |     *    |      0|  0|  41|           8|           8|
    |mul_ln1118_12_fu_964_p2     |     *    |      0|  0|  41|           8|           8|
    |mul_ln1118_13_fu_973_p2     |     *    |      0|  0|  41|           8|           8|
    |mul_ln1118_14_fu_982_p2     |     *    |      0|  0|  41|           8|           7|
    |mul_ln1118_9_fu_937_p2      |     *    |      0|  0|  41|           8|           8|
    |mul_ln1118_fu_928_p2        |     *    |      0|  0|  41|           8|           8|
    |acc_0_V_fu_1008_p2          |     +    |      0|  0|  23|          16|          16|
    |acc_10_V_fu_1208_p2         |     +    |      0|  0|  23|          16|          16|
    |acc_12_V_fu_1248_p2         |     +    |      0|  0|  23|          16|          16|
    |acc_2_V_fu_1048_p2          |     +    |      0|  0|  23|          16|          16|
    |acc_4_V_fu_1088_p2          |     +    |      0|  0|  23|          16|          16|
    |acc_6_V_fu_1128_p2          |     +    |      0|  0|  23|          16|          16|
    |acc_8_V_fu_1168_p2          |     +    |      0|  0|  23|          16|          16|
    |in_index_fu_789_p2          |     +    |      0|  0|  39|           1|          32|
    |w_index_fu_811_p2           |     +    |      0|  0|  13|           1|           4|
    |ap_condition_222            |    and   |      0|  0|   2|           1|           1|
    |ap_condition_283            |    and   |      0|  0|   2|           1|           1|
    |ap_condition_44             |    and   |      0|  0|   2|           1|           1|
    |icmp_ln135_fu_817_p2        |   icmp   |      0|  0|   9|           4|           2|
    |icmp_ln154_fu_805_p2        |   icmp   |      0|  0|  18|          29|           1|
    |ap_block_state1             |    or    |      0|  0|   2|           1|           1|
    |acc_11_V_3_fu_1221_p3       |  select  |      0|  0|  16|           1|          16|
    |acc_11_V_fu_1214_p3         |  select  |      0|  0|  16|           1|          16|
    |acc_13_V_3_fu_1261_p3       |  select  |      0|  0|  16|           1|          16|
    |acc_13_V_fu_1254_p3         |  select  |      0|  0|  16|           1|          16|
    |acc_1_V_7_fu_1021_p3        |  select  |      0|  0|  16|           1|          16|
    |acc_1_V_fu_1014_p3          |  select  |      0|  0|  16|           1|          16|
    |acc_3_V_7_fu_1061_p3        |  select  |      0|  0|  16|           1|          16|
    |acc_3_V_fu_1054_p3          |  select  |      0|  0|  16|           1|          16|
    |acc_5_V_3_fu_1101_p3        |  select  |      0|  0|  16|           1|          16|
    |acc_5_V_fu_1094_p3          |  select  |      0|  0|  16|           1|          16|
    |acc_7_V_3_fu_1141_p3        |  select  |      0|  0|  16|           1|          16|
    |acc_7_V_fu_1134_p3          |  select  |      0|  0|  16|           1|          16|
    |acc_9_V_3_fu_1181_p3        |  select  |      0|  0|  16|           1|          16|
    |acc_9_V_fu_1174_p3          |  select  |      0|  0|  16|           1|          16|
    |select_ln1265_2_fu_1041_p3  |  select  |      0|  0|  16|           1|          16|
    |select_ln1265_3_fu_1081_p3  |  select  |      0|  0|  16|           1|          16|
    |select_ln1265_4_fu_1121_p3  |  select  |      0|  0|  16|           1|          16|
    |select_ln1265_5_fu_1161_p3  |  select  |      0|  0|  16|           1|          16|
    |select_ln1265_6_fu_1201_p3  |  select  |      0|  0|  16|           1|          16|
    |select_ln1265_7_fu_1241_p3  |  select  |      0|  0|  16|           1|          16|
    |select_ln1265_fu_1001_p3    |  select  |      0|  0|  16|           1|          16|
    |select_ln154_fu_913_p3      |  select  |      0|  0|  32|           1|           1|
    |ap_enable_pp0               |    xor   |      0|  0|   2|           1|           2|
    +----------------------------+----------+-------+---+----+------------+------------+
    |Total                       |          |      0|  0| 905|         230|         549|
    +----------------------------+----------+-------+---+----+------------+------------+

    * Multiplexer: 
    +--------------------------------------------+----+-----------+-----+-----------+
    |                    Name                    | LUT| Input Size| Bits| Total Bits|
    +--------------------------------------------+----+-----------+-----+-----------+
    |ap_NS_fsm                                   |  15|          3|    1|          3|
    |ap_done                                     |   9|          2|    1|          2|
    |ap_enable_reg_pp0_iter1                     |   9|          2|    1|          2|
    |ap_enable_reg_pp0_iter3                     |   9|          2|    1|          2|
    |ap_phi_mux_do_init_phi_fu_338_p6            |  15|          3|    1|          3|
    |ap_phi_mux_in_index_045_phi_fu_368_p6       |  15|          3|   32|         96|
    |ap_phi_mux_p_read148_phi_phi_fu_507_p4      |   9|          2|    8|         16|
    |ap_phi_mux_p_read148_rewind_phi_fu_397_p6   |   9|          2|    8|         16|
    |ap_phi_mux_p_read249_phi_phi_fu_519_p4      |   9|          2|    8|         16|
    |ap_phi_mux_p_read249_rewind_phi_fu_411_p6   |   9|          2|    8|         16|
    |ap_phi_mux_p_read350_phi_phi_fu_531_p4      |   9|          2|    8|         16|
    |ap_phi_mux_p_read350_rewind_phi_fu_425_p6   |   9|          2|    8|         16|
    |ap_phi_mux_p_read451_phi_phi_fu_543_p4      |   9|          2|    8|         16|
    |ap_phi_mux_p_read451_rewind_phi_fu_439_p6   |   9|          2|    8|         16|
    |ap_phi_mux_p_read47_phi_phi_fu_495_p4       |   9|          2|    8|         16|
    |ap_phi_mux_p_read47_rewind_phi_fu_383_p6    |   9|          2|    8|         16|
    |ap_phi_mux_p_read552_phi_phi_fu_555_p4      |   9|          2|    8|         16|
    |ap_phi_mux_p_read552_rewind_phi_fu_453_p6   |   9|          2|    8|         16|
    |ap_phi_mux_p_read653_phi_phi_fu_567_p4      |   9|          2|    8|         16|
    |ap_phi_mux_p_read653_rewind_phi_fu_467_p6   |   9|          2|    8|         16|
    |ap_phi_mux_p_read754_phi_phi_fu_579_p4      |   9|          2|    8|         16|
    |ap_phi_mux_p_read754_rewind_phi_fu_481_p6   |   9|          2|    8|         16|
    |ap_phi_mux_w_index46_phi_fu_354_p6          |  15|          3|    4|         12|
    |ap_phi_reg_pp0_iter1_p_read148_phi_reg_503  |   9|          2|    8|         16|
    |ap_phi_reg_pp0_iter1_p_read249_phi_reg_515  |   9|          2|    8|         16|
    |ap_phi_reg_pp0_iter1_p_read350_phi_reg_527  |   9|          2|    8|         16|
    |ap_phi_reg_pp0_iter1_p_read451_phi_reg_539  |   9|          2|    8|         16|
    |ap_phi_reg_pp0_iter1_p_read47_phi_reg_491   |   9|          2|    8|         16|
    |ap_phi_reg_pp0_iter1_p_read552_phi_reg_551  |   9|          2|    8|         16|
    |ap_phi_reg_pp0_iter1_p_read653_phi_reg_563  |   9|          2|    8|         16|
    |ap_phi_reg_pp0_iter1_p_read754_phi_reg_575  |   9|          2|    8|         16|
    |in_index_045_reg_364                        |   9|          2|   32|         64|
    |p_Val2_1142_reg_601                         |   9|          2|   16|         32|
    |p_Val2_1240_reg_615                         |   9|          2|   16|         32|
    |p_Val2_1338_reg_629                         |   9|          2|   16|         32|
    |p_Val2_1436_reg_643                         |   9|          2|   16|         32|
    |p_Val2_1534_reg_657                         |   9|          2|   16|         32|
    |p_Val2_1632_reg_671                         |   9|          2|   16|         32|
    |p_Val2_1730_reg_685                         |   9|          2|   16|         32|
    |p_Val2_1828_reg_699                         |   9|          2|   16|         32|
    |p_Val2_1926_reg_713                         |   9|          2|   16|         32|
    |p_Val2_2024_reg_727                         |   9|          2|   16|         32|
    |p_Val2_2122_reg_741                         |   9|          2|   16|         32|
    |p_Val2_2220_reg_755                         |   9|          2|   16|         32|
    |p_Val2_2318_reg_769                         |   9|          2|   16|         32|
    |p_Val2_44_reg_587                           |   9|          2|   16|         32|
    |p_read148_phi_reg_503                       |   9|          2|    8|         16|
    |p_read249_phi_reg_515                       |   9|          2|    8|         16|
    |p_read350_phi_reg_527                       |   9|          2|    8|         16|
    |p_read451_phi_reg_539                       |   9|          2|    8|         16|
    |p_read47_phi_reg_491                        |   9|          2|    8|         16|
    |p_read552_phi_reg_551                       |   9|          2|    8|         16|
    |p_read653_phi_reg_563                       |   9|          2|    8|         16|
    |p_read754_phi_reg_575                       |   9|          2|    8|         16|
    |w_index46_reg_350                           |   9|          2|    4|          8|
    +--------------------------------------------+----+-----------+-----+-----------+
    |Total                                       | 519|        114|  557|       1152|
    +--------------------------------------------+----+-----------+-----+-----------+

    * Register: 
    +--------------------------------------------+----+----+-----+-----------+
    |                    Name                    | FF | LUT| Bits| Const Bits|
    +--------------------------------------------+----+----+-----+-----------+
    |ap_CS_fsm                                   |   2|   0|    2|          0|
    |ap_done_reg                                 |   1|   0|    1|          0|
    |ap_enable_reg_pp0_iter1                     |   1|   0|    1|          0|
    |ap_enable_reg_pp0_iter2                     |   1|   0|    1|          0|
    |ap_enable_reg_pp0_iter3                     |   1|   0|    1|          0|
    |ap_phi_reg_pp0_iter1_p_read148_phi_reg_503  |   8|   0|    8|          0|
    |ap_phi_reg_pp0_iter1_p_read249_phi_reg_515  |   8|   0|    8|          0|
    |ap_phi_reg_pp0_iter1_p_read350_phi_reg_527  |   8|   0|    8|          0|
    |ap_phi_reg_pp0_iter1_p_read451_phi_reg_539  |   8|   0|    8|          0|
    |ap_phi_reg_pp0_iter1_p_read47_phi_reg_491   |   8|   0|    8|          0|
    |ap_phi_reg_pp0_iter1_p_read552_phi_reg_551  |   8|   0|    8|          0|
    |ap_phi_reg_pp0_iter1_p_read653_phi_reg_563  |   8|   0|    8|          0|
    |ap_phi_reg_pp0_iter1_p_read754_phi_reg_575  |   8|   0|    8|          0|
    |do_init_reg_334                             |   1|   0|    1|          0|
    |icmp_ln135_reg_1517                         |   1|   0|    1|          0|
    |icmp_ln154_reg_1507                         |   1|   0|    1|          0|
    |in_index_045_reg_364                        |  32|   0|   32|          0|
    |in_index_reg_1502                           |  32|   0|   32|          0|
    |mul_ln1118_10_reg_1602                      |  16|   0|   16|          0|
    |mul_ln1118_11_reg_1607                      |  16|   0|   16|          0|
    |mul_ln1118_12_reg_1612                      |  16|   0|   16|          0|
    |mul_ln1118_13_reg_1617                      |  16|   0|   16|          0|
    |mul_ln1118_14_reg_1622                      |  15|   0|   15|          0|
    |mul_ln1118_9_reg_1597                       |  16|   0|   16|          0|
    |mul_ln1118_reg_1592                         |  16|   0|   16|          0|
    |out_index_reg_1521                          |   1|   0|    1|          0|
    |out_index_reg_1521_pp0_iter2_reg            |   1|   0|    1|          0|
    |p_Val2_1142_reg_601                         |  16|   0|   16|          0|
    |p_Val2_1240_reg_615                         |  16|   0|   16|          0|
    |p_Val2_1338_reg_629                         |  16|   0|   16|          0|
    |p_Val2_1436_reg_643                         |  16|   0|   16|          0|
    |p_Val2_1534_reg_657                         |  16|   0|   16|          0|
    |p_Val2_1632_reg_671                         |  16|   0|   16|          0|
    |p_Val2_1730_reg_685                         |  16|   0|   16|          0|
    |p_Val2_1828_reg_699                         |  16|   0|   16|          0|
    |p_Val2_1926_reg_713                         |  16|   0|   16|          0|
    |p_Val2_2024_reg_727                         |  16|   0|   16|          0|
    |p_Val2_2122_reg_741                         |  16|   0|   16|          0|
    |p_Val2_2220_reg_755                         |  16|   0|   16|          0|
    |p_Val2_2318_reg_769                         |  16|   0|   16|          0|
    |p_Val2_44_reg_587                           |  16|   0|   16|          0|
    |p_read148_phi_reg_503                       |   8|   0|    8|          0|
    |p_read148_rewind_reg_393                    |   8|   0|    8|          0|
    |p_read249_phi_reg_515                       |   8|   0|    8|          0|
    |p_read249_rewind_reg_407                    |   8|   0|    8|          0|
    |p_read350_phi_reg_527                       |   8|   0|    8|          0|
    |p_read350_rewind_reg_421                    |   8|   0|    8|          0|
    |p_read451_phi_reg_539                       |   8|   0|    8|          0|
    |p_read451_rewind_reg_435                    |   8|   0|    8|          0|
    |p_read47_phi_reg_491                        |   8|   0|    8|          0|
    |p_read47_rewind_reg_379                     |   8|   0|    8|          0|
    |p_read552_phi_reg_551                       |   8|   0|    8|          0|
    |p_read552_rewind_reg_449                    |   8|   0|    8|          0|
    |p_read653_phi_reg_563                       |   8|   0|    8|          0|
    |p_read653_rewind_reg_463                    |   8|   0|    8|          0|
    |p_read754_phi_reg_575                       |   8|   0|    8|          0|
    |p_read754_rewind_reg_477                    |   8|   0|    8|          0|
    |tmp_1_reg_1577                              |   8|   0|    8|          0|
    |tmp_42_reg_1546                             |   8|   0|    8|          0|
    |tmp_43_reg_1582                             |   7|   0|    7|          0|
    |tmp_6_reg_1557                              |   8|   0|    8|          0|
    |tmp_7_reg_1562                              |   8|   0|    8|          0|
    |tmp_8_reg_1567                              |   8|   0|    8|          0|
    |tmp_9_reg_1572                              |   8|   0|    8|          0|
    |trunc_ln145_3_reg_1552                      |   8|   0|    8|          0|
    |w_index46_reg_350                           |   4|   0|    4|          0|
    |w_index_reg_1512                            |   4|   0|    4|          0|
    |icmp_ln135_reg_1517                         |  64|  32|    1|          0|
    +--------------------------------------------+----+----+-----+-----------+
    |Total                                       | 737|  32|  674|          0|
    +--------------------------------------------+----+----+-----+-----------+



================================================================
== Interface
================================================================
* Summary: 
+-----------------+-----+-----+------------+-------------------------------------------------------------+--------------+
|    RTL Ports    | Dir | Bits|  Protocol  |                        Source Object                        |    C Type    |
+-----------------+-----+-----+------------+-------------------------------------------------------------+--------------+
|ap_clk           |  in |    1| ap_ctrl_hs | dense_resource_rf_gt_nin_rem0.0.0.0.0.0.0.0.0.0.0.0.0.0.0.0 | return value |
|ap_rst           |  in |    1| ap_ctrl_hs | dense_resource_rf_gt_nin_rem0.0.0.0.0.0.0.0.0.0.0.0.0.0.0.0 | return value |
|ap_start         |  in |    1| ap_ctrl_hs | dense_resource_rf_gt_nin_rem0.0.0.0.0.0.0.0.0.0.0.0.0.0.0.0 | return value |
|ap_done          | out |    1| ap_ctrl_hs | dense_resource_rf_gt_nin_rem0.0.0.0.0.0.0.0.0.0.0.0.0.0.0.0 | return value |
|ap_continue      |  in |    1| ap_ctrl_hs | dense_resource_rf_gt_nin_rem0.0.0.0.0.0.0.0.0.0.0.0.0.0.0.0 | return value |
|ap_idle          | out |    1| ap_ctrl_hs | dense_resource_rf_gt_nin_rem0.0.0.0.0.0.0.0.0.0.0.0.0.0.0.0 | return value |
|ap_ready         | out |    1| ap_ctrl_hs | dense_resource_rf_gt_nin_rem0.0.0.0.0.0.0.0.0.0.0.0.0.0.0.0 | return value |
|p_read           |  in |    8|   ap_none  |                            p_read                           |    scalar    |
|p_read1          |  in |    8|   ap_none  |                           p_read1                           |    scalar    |
|p_read2          |  in |    8|   ap_none  |                           p_read2                           |    scalar    |
|p_read3          |  in |    8|   ap_none  |                           p_read3                           |    scalar    |
|p_read4          |  in |    8|   ap_none  |                           p_read4                           |    scalar    |
|p_read5          |  in |    8|   ap_none  |                           p_read5                           |    scalar    |
|p_read6          |  in |    8|   ap_none  |                           p_read6                           |    scalar    |
|p_read7          |  in |    8|   ap_none  |                           p_read7                           |    scalar    |
|res_0_V          | out |   20|   ap_vld   |                           res_0_V                           |    pointer   |
|res_0_V_ap_vld   | out |    1|   ap_vld   |                           res_0_V                           |    pointer   |
|res_1_V          | out |   20|   ap_vld   |                           res_1_V                           |    pointer   |
|res_1_V_ap_vld   | out |    1|   ap_vld   |                           res_1_V                           |    pointer   |
|res_2_V          | out |   20|   ap_vld   |                           res_2_V                           |    pointer   |
|res_2_V_ap_vld   | out |    1|   ap_vld   |                           res_2_V                           |    pointer   |
|res_3_V          | out |   20|   ap_vld   |                           res_3_V                           |    pointer   |
|res_3_V_ap_vld   | out |    1|   ap_vld   |                           res_3_V                           |    pointer   |
|res_4_V          | out |   20|   ap_vld   |                           res_4_V                           |    pointer   |
|res_4_V_ap_vld   | out |    1|   ap_vld   |                           res_4_V                           |    pointer   |
|res_5_V          | out |   20|   ap_vld   |                           res_5_V                           |    pointer   |
|res_5_V_ap_vld   | out |    1|   ap_vld   |                           res_5_V                           |    pointer   |
|res_6_V          | out |   20|   ap_vld   |                           res_6_V                           |    pointer   |
|res_6_V_ap_vld   | out |    1|   ap_vld   |                           res_6_V                           |    pointer   |
|res_7_V          | out |   20|   ap_vld   |                           res_7_V                           |    pointer   |
|res_7_V_ap_vld   | out |    1|   ap_vld   |                           res_7_V                           |    pointer   |
|res_8_V          | out |   20|   ap_vld   |                           res_8_V                           |    pointer   |
|res_8_V_ap_vld   | out |    1|   ap_vld   |                           res_8_V                           |    pointer   |
|res_9_V          | out |   20|   ap_vld   |                           res_9_V                           |    pointer   |
|res_9_V_ap_vld   | out |    1|   ap_vld   |                           res_9_V                           |    pointer   |
|res_10_V         | out |   20|   ap_vld   |                           res_10_V                          |    pointer   |
|res_10_V_ap_vld  | out |    1|   ap_vld   |                           res_10_V                          |    pointer   |
|res_11_V         | out |   20|   ap_vld   |                           res_11_V                          |    pointer   |
|res_11_V_ap_vld  | out |    1|   ap_vld   |                           res_11_V                          |    pointer   |
|res_12_V         | out |   20|   ap_vld   |                           res_12_V                          |    pointer   |
|res_12_V_ap_vld  | out |    1|   ap_vld   |                           res_12_V                          |    pointer   |
|res_13_V         | out |   20|   ap_vld   |                           res_13_V                          |    pointer   |
|res_13_V_ap_vld  | out |    1|   ap_vld   |                           res_13_V                          |    pointer   |
+-----------------+-----+-----+------------+-------------------------------------------------------------+--------------+

