

================================================================
== Vivado HLS Report for 'dense_resource_rf_leq_nin_ap_fixed_ap_fixed_config2_0_0_0_0_0_0_0_0_0'
================================================================
* Date:           Wed May 20 11:15:41 2026

* Version:        2020.1 (Build 2897737 on Wed May 27 20:21:37 MDT 2020)
* Project:        myproject_prj
* Solution:       solution1
* Product family: zynq
* Target device:  xc7z020-clg400-1


================================================================
== Performance Estimates
================================================================
+ Timing: 
    * Summary: 
    +--------+---------+----------+------------+
    |  Clock |  Target | Estimated| Uncertainty|
    +--------+---------+----------+------------+
    |ap_clk  | 5.00 ns | 3.895 ns |   0.62 ns  |
    +--------+---------+----------+------------+

+ Latency: 
    * Summary: 
    +---------+---------+----------+----------+-----+-----+---------------------------------------------+
    |  Latency (cycles) |  Latency (absolute) |  Interval |                   Pipeline                  |
    |   min   |   max   |    min   |    max   | min | max |                     Type                    |
    +---------+---------+----------+----------+-----+-----+---------------------------------------------+
    |       24|       25| 0.120 us | 0.125 us |   14|   14| loop rewind(delay=0 initiation interval(s)) |
    +---------+---------+----------+----------+-----+-----+---------------------------------------------+

    + Detail: 
        * Instance: 
        N/A

        * Loop: 
        +-------------+---------+---------+----------+-----------+-----------+------+----------+
        |             |  Latency (cycles) | Iteration|  Initiation Interval  | Trip |          |
        |  Loop Name  |   min   |   max   |  Latency |  achieved |   target  | Count| Pipelined|
        +-------------+---------+---------+----------+-----------+-----------+------+----------+
        |- ReuseLoop  |       24|       24|        12|          1|          1|    14|    yes   |
        +-------------+---------+---------+----------+-----------+-----------+------+----------+



================================================================
== Utilization Estimates
================================================================
* Summary: 
+-----------------+---------+-------+--------+-------+-----+
|       Name      | BRAM_18K| DSP48E|   FF   |  LUT  | URAM|
+-----------------+---------+-------+--------+-------+-----+
|DSP              |        -|      8|       -|      -|    -|
|Expression       |        -|      -|       0|   1579|    -|
|FIFO             |        -|      -|       -|      -|    -|
|Instance         |        -|      -|    1679|   1329|    -|
|Memory           |        2|      -|       0|      0|    -|
|Multiplexer      |        -|      -|       -|    219|    -|
|Register         |        0|      -|    1180|     96|    -|
+-----------------+---------+-------+--------+-------+-----+
|Total            |        2|      8|    2859|   3223|    0|
+-----------------+---------+-------+--------+-------+-----+
|Available        |      280|    220|  106400|  53200|    0|
+-----------------+---------+-------+--------+-------+-----+
|Utilization (%)  |    ~0   |      3|       2|      6|    0|
+-----------------+---------+-------+--------+-------+-----+

+ Detail: 
    * Instance: 
    +-------------------------------------+----------------------------------+---------+-------+------+------+-----+
    |               Instance              |              Module              | BRAM_18K| DSP48E|  FF  |  LUT | URAM|
    +-------------------------------------+----------------------------------+---------+-------+------+------+-----+
    |myproject_lshr_224ns_8ns_224_6_1_U1  |myproject_lshr_224ns_8ns_224_6_1  |        0|      0|  1679|  1329|    0|
    +-------------------------------------+----------------------------------+---------+-------+------+------+-----+
    |Total                                |                                  |        0|      0|  1679|  1329|    0|
    +-------------------------------------+----------------------------------+---------+-------+------+------+-----+

    * DSP48E: 
    +------------------------------------+---------------------------------+-----------+
    |              Instance              |              Module             | Expression|
    +------------------------------------+---------------------------------+-----------+
    |myproject_mul_mul_16s_6s_21_3_1_U9  |myproject_mul_mul_16s_6s_21_3_1  |  i0 * i1  |
    |myproject_mul_mul_16s_8s_21_3_1_U2  |myproject_mul_mul_16s_8s_21_3_1  |  i0 * i1  |
    |myproject_mul_mul_16s_8s_21_3_1_U3  |myproject_mul_mul_16s_8s_21_3_1  |  i0 * i1  |
    |myproject_mul_mul_16s_8s_21_3_1_U4  |myproject_mul_mul_16s_8s_21_3_1  |  i0 * i1  |
    |myproject_mul_mul_16s_8s_21_3_1_U5  |myproject_mul_mul_16s_8s_21_3_1  |  i0 * i1  |
    |myproject_mul_mul_16s_8s_21_3_1_U6  |myproject_mul_mul_16s_8s_21_3_1  |  i0 * i1  |
    |myproject_mul_mul_16s_8s_21_3_1_U7  |myproject_mul_mul_16s_8s_21_3_1  |  i0 * i1  |
    |myproject_mul_mul_16s_8s_21_3_1_U8  |myproject_mul_mul_16s_8s_21_3_1  |  i0 * i1  |
    +------------------------------------+---------------------------------+-----------+

    * Memory: 
    +--------+----------------------------------------------------------------------------+---------+---+----+-----+------+-----+------+-------------+
    | Memory |                                   Module                                   | BRAM_18K| FF| LUT| URAM| Words| Bits| Banks| W*Bits*Banks|
    +--------+----------------------------------------------------------------------------+---------+---+----+-----+------+-----+------+-------------+
    |w2_V_U  |dense_resource_rf_leq_nin_ap_fixed_ap_fixed_config2_0_0_0_0_0_0_0_0_0_w2_V  |        2|  0|   0|    0|    14|   62|     1|          868|
    +--------+----------------------------------------------------------------------------+---------+---+----+-----+------+-----+------+-------------+
    |Total   |                                                                            |        2|  0|   0|    0|    14|   62|     1|          868|
    +--------+----------------------------------------------------------------------------+---------+---+----+-----+------+-----+------+-------------+

    * FIFO: 
    N/A

    * Expression: 
    +---------------------------+----------+-------+---+-----+------------+------------+
    |       Variable Name       | Operation| DSP48E| FF| LUT | Bitwidth P0| Bitwidth P1|
    +---------------------------+----------+-------+---+-----+------------+------------+
    |acc_0_V_fu_510_p2          |     +    |      0|  0|   23|          16|          16|
    |acc_1_V_fu_525_p2          |     +    |      0|  0|   23|          16|          16|
    |acc_2_V_fu_540_p2          |     +    |      0|  0|   23|          16|          16|
    |acc_3_V_fu_555_p2          |     +    |      0|  0|   23|          16|          16|
    |acc_4_V_fu_570_p2          |     +    |      0|  0|   23|          16|          16|
    |acc_5_V_fu_585_p2          |     +    |      0|  0|   23|          16|          16|
    |acc_6_V_fu_600_p2          |     +    |      0|  0|   23|          16|          16|
    |acc_7_V_fu_615_p2          |     +    |      0|  0|   23|          16|          16|
    |w_index_fu_357_p2          |     +    |      0|  0|   13|           1|           4|
    |sub_ln59_1_fu_315_p2       |     -    |      0|  0|   15|           7|           8|
    |sub_ln59_2_fu_321_p2       |     -    |      0|  0|   15|           8|           8|
    |sub_ln59_3_fu_351_p2       |     -    |      0|  0|   15|           7|           8|
    |sub_ln59_fu_309_p2         |     -    |      0|  0|   15|           8|           8|
    |and_ln59_fu_391_p2         |    and   |      0|  0|  224|         224|         224|
    |ap_condition_247           |    and   |      0|  0|    2|           1|           1|
    |icmp_ln46_fu_363_p2        |   icmp   |      0|  0|    9|           4|           3|
    |icmp_ln59_fu_293_p2        |   icmp   |      0|  0|   11|           8|           8|
    |lshr_ln59_1_fu_385_p2      |   lshr   |      0|  0|  822|           2|         224|
    |ap_block_pp0_stage0_11001  |    or    |      0|  0|    2|           1|           1|
    |ap_block_state1            |    or    |      0|  0|    2|           1|           1|
    |empty_fu_287_p2            |    or    |      0|  0|    8|           8|           4|
    |select_ln59_1_fu_335_p3    |  select  |      0|  0|  224|           1|         224|
    |select_ln59_2_fu_343_p3    |  select  |      0|  0|    8|           1|           8|
    |select_ln59_fu_327_p3      |  select  |      0|  0|    8|           1|           8|
    |ap_enable_pp0              |    xor   |      0|  0|    2|           1|           2|
    +---------------------------+----------+-------+---+-----+------------+------------+
    |Total                      |          |      0|  0| 1579|         412|         872|
    +---------------------------+----------+-------+---+-----+------------+------------+

    * Multiplexer: 
    +------------------------------------+----+-----------+-----+-----------+
    |                Name                | LUT| Input Size| Bits| Total Bits|
    +------------------------------------+----+-----------+-----+-----------+
    |ap_NS_fsm                           |  15|          3|    1|          3|
    |ap_done                             |   9|          2|    1|          2|
    |ap_enable_reg_pp0_iter1             |   9|          2|    1|          2|
    |ap_enable_reg_pp0_iter11            |   9|          2|    1|          2|
    |ap_phi_mux_w_index19_phi_fu_141_p6  |  15|          3|    4|         12|
    |ap_return_0                         |   9|          2|   16|         32|
    |ap_return_1                         |   9|          2|   16|         32|
    |ap_return_2                         |   9|          2|   16|         32|
    |ap_return_3                         |   9|          2|   16|         32|
    |ap_return_4                         |   9|          2|   16|         32|
    |ap_return_5                         |   9|          2|   16|         32|
    |ap_return_6                         |   9|          2|   16|         32|
    |ap_return_7                         |   9|          2|   16|         32|
    |data_V_blk_n                        |   9|          2|    1|          2|
    |p_Val2_116_reg_181                  |   9|          2|   16|         32|
    |p_Val2_18_reg_167                   |   9|          2|   16|         32|
    |p_Val2_214_reg_195                  |   9|          2|   16|         32|
    |p_Val2_312_reg_209                  |   9|          2|   16|         32|
    |p_Val2_410_reg_223                  |   9|          2|   16|         32|
    |p_Val2_58_reg_237                   |   9|          2|   16|         32|
    |p_Val2_66_reg_251                   |   9|          2|   16|         32|
    |p_Val2_74_reg_265                   |   9|          2|   16|         32|
    |w_index19_reg_137                   |   9|          2|    4|          8|
    +------------------------------------+----+-----------+-----+-----------+
    |Total                               | 219|         48|  269|        543|
    +------------------------------------+----+-----------+-----+-----------+

    * Register: 
    +--------------------------+-----+----+-----+-----------+
    |           Name           |  FF | LUT| Bits| Const Bits|
    +--------------------------+-----+----+-----+-----------+
    |ap_CS_fsm                 |    2|   0|    2|          0|
    |ap_done_reg               |    1|   0|    1|          0|
    |ap_enable_reg_pp0_iter1   |    1|   0|    1|          0|
    |ap_enable_reg_pp0_iter10  |    1|   0|    1|          0|
    |ap_enable_reg_pp0_iter11  |    1|   0|    1|          0|
    |ap_enable_reg_pp0_iter2   |    1|   0|    1|          0|
    |ap_enable_reg_pp0_iter3   |    1|   0|    1|          0|
    |ap_enable_reg_pp0_iter4   |    1|   0|    1|          0|
    |ap_enable_reg_pp0_iter5   |    1|   0|    1|          0|
    |ap_enable_reg_pp0_iter6   |    1|   0|    1|          0|
    |ap_enable_reg_pp0_iter7   |    1|   0|    1|          0|
    |ap_enable_reg_pp0_iter8   |    1|   0|    1|          0|
    |ap_enable_reg_pp0_iter9   |    1|   0|    1|          0|
    |ap_return_0_preg          |   16|   0|   21|          5|
    |ap_return_1_preg          |   16|   0|   21|          5|
    |ap_return_2_preg          |   16|   0|   21|          5|
    |ap_return_3_preg          |   16|   0|   21|          5|
    |ap_return_4_preg          |   16|   0|   21|          5|
    |ap_return_5_preg          |   16|   0|   21|          5|
    |ap_return_6_preg          |   16|   0|   21|          5|
    |ap_return_7_preg          |   16|   0|   21|          5|
    |icmp_ln46_reg_805         |    1|   0|    1|          0|
    |lshr_ln59_reg_814         |  224|   0|  224|          0|
    |mul_ln1118_1_reg_926      |   21|   0|   21|          0|
    |mul_ln1118_2_reg_931      |   21|   0|   21|          0|
    |mul_ln1118_3_reg_936      |   21|   0|   21|          0|
    |mul_ln1118_4_reg_941      |   21|   0|   21|          0|
    |mul_ln1118_5_reg_946      |   21|   0|   21|          0|
    |mul_ln1118_6_reg_951      |   21|   0|   21|          0|
    |mul_ln1118_7_reg_956      |   21|   0|   21|          0|
    |mul_ln1118_reg_921        |   21|   0|   21|          0|
    |p_Val2_116_reg_181        |   16|   0|   16|          0|
    |p_Val2_18_reg_167         |   16|   0|   16|          0|
    |p_Val2_214_reg_195        |   16|   0|   16|          0|
    |p_Val2_312_reg_209        |   16|   0|   16|          0|
    |p_Val2_410_reg_223        |   16|   0|   16|          0|
    |p_Val2_58_reg_237         |   16|   0|   16|          0|
    |p_Val2_66_reg_251         |   16|   0|   16|          0|
    |p_Val2_74_reg_265         |   16|   0|   16|          0|
    |select_ln59_1_reg_785     |  224|   0|  224|          0|
    |select_ln59_2_reg_790     |    8|   0|    8|          0|
    |sub_ln59_3_reg_795        |    7|   0|    8|          1|
    |tmp_4_reg_834             |    8|   0|    8|          0|
    |tmp_5_reg_839             |    8|   0|    8|          0|
    |tmp_6_reg_844             |    8|   0|    8|          0|
    |tmp_7_reg_849             |    8|   0|    8|          0|
    |tmp_8_reg_854             |    8|   0|    8|          0|
    |tmp_9_reg_859             |    8|   0|    8|          0|
    |tmp_s_reg_864             |    6|   0|    6|          0|
    |trunc_ln59_1_reg_829      |    8|   0|    8|          0|
    |trunc_ln59_reg_824        |   16|   0|   16|          0|
    |w_index19_reg_137         |    4|   0|    4|          0|
    |w_index_reg_800           |    4|   0|    4|          0|
    |icmp_ln46_reg_805         |   64|  32|    1|          0|
    |sub_ln59_3_reg_795        |   64|  32|    8|          1|
    |w_index19_reg_137         |   64|  32|    4|          0|
    +--------------------------+-----+----+-----+-----------+
    |Total                     | 1180|  96| 1042|         42|
    +--------------------------+-----+----+-----+-----------+



================================================================
== Interface
================================================================
* Summary: 
+---------------+-----+-----+------------+------------------------------------------------------------------------+--------------+
|   RTL Ports   | Dir | Bits|  Protocol  |                              Source Object                             |    C Type    |
+---------------+-----+-----+------------+------------------------------------------------------------------------+--------------+
|ap_clk         |  in |    1| ap_ctrl_hs | dense_resource_rf_leq_nin<ap_fixed,ap_fixed,config2>.0.0.0.0.0.0.0.0.0 | return value |
|ap_rst         |  in |    1| ap_ctrl_hs | dense_resource_rf_leq_nin<ap_fixed,ap_fixed,config2>.0.0.0.0.0.0.0.0.0 | return value |
|ap_start       |  in |    1| ap_ctrl_hs | dense_resource_rf_leq_nin<ap_fixed,ap_fixed,config2>.0.0.0.0.0.0.0.0.0 | return value |
|ap_done        | out |    1| ap_ctrl_hs | dense_resource_rf_leq_nin<ap_fixed,ap_fixed,config2>.0.0.0.0.0.0.0.0.0 | return value |
|ap_continue    |  in |    1| ap_ctrl_hs | dense_resource_rf_leq_nin<ap_fixed,ap_fixed,config2>.0.0.0.0.0.0.0.0.0 | return value |
|ap_idle        | out |    1| ap_ctrl_hs | dense_resource_rf_leq_nin<ap_fixed,ap_fixed,config2>.0.0.0.0.0.0.0.0.0 | return value |
|ap_ready       | out |    1| ap_ctrl_hs | dense_resource_rf_leq_nin<ap_fixed,ap_fixed,config2>.0.0.0.0.0.0.0.0.0 | return value |
|ap_return_0    | out |   21| ap_ctrl_hs | dense_resource_rf_leq_nin<ap_fixed,ap_fixed,config2>.0.0.0.0.0.0.0.0.0 | return value |
|ap_return_1    | out |   21| ap_ctrl_hs | dense_resource_rf_leq_nin<ap_fixed,ap_fixed,config2>.0.0.0.0.0.0.0.0.0 | return value |
|ap_return_2    | out |   21| ap_ctrl_hs | dense_resource_rf_leq_nin<ap_fixed,ap_fixed,config2>.0.0.0.0.0.0.0.0.0 | return value |
|ap_return_3    | out |   21| ap_ctrl_hs | dense_resource_rf_leq_nin<ap_fixed,ap_fixed,config2>.0.0.0.0.0.0.0.0.0 | return value |
|ap_return_4    | out |   21| ap_ctrl_hs | dense_resource_rf_leq_nin<ap_fixed,ap_fixed,config2>.0.0.0.0.0.0.0.0.0 | return value |
|ap_return_5    | out |   21| ap_ctrl_hs | dense_resource_rf_leq_nin<ap_fixed,ap_fixed,config2>.0.0.0.0.0.0.0.0.0 | return value |
|ap_return_6    | out |   21| ap_ctrl_hs | dense_resource_rf_leq_nin<ap_fixed,ap_fixed,config2>.0.0.0.0.0.0.0.0.0 | return value |
|ap_return_7    | out |   21| ap_ctrl_hs | dense_resource_rf_leq_nin<ap_fixed,ap_fixed,config2>.0.0.0.0.0.0.0.0.0 | return value |
|data_V_ap_vld  |  in |    1|   ap_vld   |                                 data_V                                 |    pointer   |
|data_V         |  in |  224|   ap_vld   |                                 data_V                                 |    pointer   |
+---------------+-----+-----+------------+------------------------------------------------------------------------+--------------+

