==============================================================
Vivado(TM) HLS - High-Level Synthesis from C, C++ and SystemC v2020.1 (64-bit)
Copyright 1986-2020 Xilinx, Inc. All Rights Reserved.
==============================================================
INFO: [XFORM 203-101] Allowed max sub elements number after partition is 4096.
INFO: [XFORM 203-1161] The maximum of name length is set into 80.
INFO: [HLS 200-10] Setting target device to 'xc7z020-clg400-1'
INFO: [SYN 201-201] Setting up clock 'default' with a period of 5ns.
INFO: [SYN 201-201] Setting up clock 'default' with an uncertainty of 0.625ns.
INFO: [SCHED 204-61] Option 'relax_ii_for_timing' is enabled, will increase II to preserve clock frequency constraints.
INFO: [HLS 200-10] Analyzing design file 'firmware/myproject.cpp' ... 
WARNING: [HLS 214-113] Either use an argument of the function or declare the variable inside the dataflow loop body: firmware/myproject.cpp:72:68
WARNING: [HLS 214-113] Either use an argument of the function or declare the variable inside the dataflow loop body: firmware/myproject.cpp:72:72
WARNING: [HLS 214-113] Either use an argument of the function or declare the variable inside the dataflow loop body: firmware/myproject.cpp:76:75
WARNING: [HLS 214-113] Either use an argument of the function or declare the variable inside the dataflow loop body: firmware/myproject.cpp:76:79
WARNING: [HLS 214-113] Either use an argument of the function or declare the variable inside the dataflow loop body: firmware/myproject.cpp:80:81
WARNING: [HLS 214-113] Either use an argument of the function or declare the variable inside the dataflow loop body: firmware/myproject.cpp:80:85
WARNING: [HLS 214-113] Either use an argument of the function or declare the variable inside the dataflow loop body: firmware/myproject.cpp:84:79
WARNING: [HLS 214-113] Either use an argument of the function or declare the variable inside the dataflow loop body: firmware/myproject.cpp:84:84
WARNING: [HLS 214-113] Either use an argument of the function or declare the variable inside the dataflow loop body: firmware/myproject.cpp:88:79
WARNING: [HLS 214-113] Either use an argument of the function or declare the variable inside the dataflow loop body: firmware/myproject.cpp:88:84
WARNING: [HLS 214-113] Either use an argument of the function or declare the variable inside the dataflow loop body: firmware/myproject.cpp:92:74
WARNING: [HLS 214-113] Either use an argument of the function or declare the variable inside the dataflow loop body: firmware/myproject.cpp:92:79
WARNING: [HLS 200-471] Dataflow form checks found 12 issue(s) in file firmware/myproject.cpp
INFO: [HLS 200-10] Analyzing design file 'firmware/myproject_axi.cpp' ... 
INFO: [HLS 200-111] Finished Linking Time (s): cpu = 00:00:39 ; elapsed = 00:00:40 . Memory (MB): peak = 1498.758 ; gain = 1097.754 ; free physical = 1379 ; free virtual = 4009
INFO: [HLS 200-111] Finished Checking Pragmas Time (s): cpu = 00:00:39 ; elapsed = 00:00:40 . Memory (MB): peak = 1498.758 ; gain = 1097.754 ; free physical = 1392 ; free virtual = 4022
INFO: [HLS 200-10] Starting code transformations ...
INFO: [HLS 200-489] Unrolling loop 'MultLoop' (firmware/nnet_utils/nnet_dense_resource.h:142) in function 'void nnet::dense_resource_rf_gt_nin_rem0<ap_ufixed<8, 2, (ap_q_mode)4, (ap_o_mode)0, 0>, ap_fixed<19, 8, (ap_q_mode)5, (ap_o_mode)3, 0>, config14>(FORWARD_REFERENCE*, FORWARD_REFERENCE*, FORWARD_REFERENCE::weight_t*, FORWARD_REFERENCE::bias_t*)' completely with a factor of 1.
INFO: [HLS 200-489] Unrolling loop 'MultLoop' (firmware/nnet_utils/nnet_dense_resource.h:142) in function 'void nnet::dense_resource_rf_gt_nin_rem0<ap_ufixed<8, 2, (ap_q_mode)4, (ap_o_mode)0, 0>, ap_fixed<19, 8, (ap_q_mode)5, (ap_o_mode)3, 0>, config11>(FORWARD_REFERENCE*, FORWARD_REFERENCE*, FORWARD_REFERENCE::weight_t*, FORWARD_REFERENCE::bias_t*)' completely with a factor of 1.
INFO: [HLS 200-489] Unrolling loop 'MultLoop' (firmware/nnet_utils/nnet_dense_resource.h:142) in function 'void nnet::dense_resource_rf_gt_nin_rem0<ap_ufixed<8, 2, (ap_q_mode)4, (ap_o_mode)0, 0>, ap_fixed<19, 8, (ap_q_mode)5, (ap_o_mode)3, 0>, config8>(FORWARD_REFERENCE*, FORWARD_REFERENCE*, FORWARD_REFERENCE::weight_t*, FORWARD_REFERENCE::bias_t*)' completely with a factor of 1.
INFO: [HLS 200-489] Unrolling loop 'MultLoop' (firmware/nnet_utils/nnet_dense_resource.h:142) in function 'void nnet::dense_resource_rf_gt_nin_rem0<ap_ufixed<8, 2, (ap_q_mode)4, (ap_o_mode)0, 0>, ap_fixed<20, 9, (ap_q_mode)5, (ap_o_mode)3, 0>, config5>(FORWARD_REFERENCE*, FORWARD_REFERENCE*, FORWARD_REFERENCE::weight_t*, FORWARD_REFERENCE::bias_t*)' completely with a factor of 1.
INFO: [XFORM 203-603] Inlining function 'nnet::product::mult<ap_fixed<16, 6, (ap_q_mode)5, (ap_o_mode)3, 0>, ap_fixed<8, 3, (ap_q_mode)5, (ap_o_mode)3, 0> >::product' into 'nnet::dense_resource_rf_gt_nin_rem0<ap_fixed<16, 6, (ap_q_mode)5, (ap_o_mode)3, 0>, ap_fixed<29, 14, (ap_q_mode)5, (ap_o_mode)3, 0>, config2>' (firmware/nnet_utils/nnet_dense_resource.h:145).
INFO: [XFORM 203-603] Inlining function 'nnet::DenseResource_rf_gt_nin_rem0<ap_fixed<16, 6, (ap_q_mode)5, (ap_o_mode)3, 0>, ap_fixed<29, 14, (ap_q_mode)5, (ap_o_mode)3, 0>, config2>::dense' into 'nnet::dense<ap_fixed<16, 6, (ap_q_mode)5, (ap_o_mode)3, 0>, ap_fixed<29, 14, (ap_q_mode)5, (ap_o_mode)3, 0>, config2>' (firmware/nnet_utils/nnet_dense.h:45).
INFO: [XFORM 203-603] Inlining function 'nnet::dense<ap_fixed<16, 6, (ap_q_mode)5, (ap_o_mode)3, 0>, ap_fixed<29, 14, (ap_q_mode)5, (ap_o_mode)3, 0>, config2>' into 'myproject' (firmware/myproject.cpp:72).
INFO: [XFORM 203-603] Inlining function 'nnet::product::mult<ap_ufixed<8, 2, (ap_q_mode)4, (ap_o_mode)0, 0>, ap_fixed<8, 3, (ap_q_mode)5, (ap_o_mode)3, 0> >::product' into 'nnet::dense_resource_rf_gt_nin_rem0<ap_ufixed<8, 2, (ap_q_mode)4, (ap_o_mode)0, 0>, ap_fixed<20, 9, (ap_q_mode)5, (ap_o_mode)3, 0>, config5>' (firmware/nnet_utils/nnet_dense_resource.h:145).
INFO: [XFORM 203-603] Inlining function 'nnet::product::mult<ap_ufixed<8, 2, (ap_q_mode)4, (ap_o_mode)0, 0>, ap_fixed<8, 3, (ap_q_mode)5, (ap_o_mode)3, 0> >::product' into 'nnet::dense_resource_rf_gt_nin_rem0<ap_ufixed<8, 2, (ap_q_mode)4, (ap_o_mode)0, 0>, ap_fixed<19, 8, (ap_q_mode)5, (ap_o_mode)3, 0>, config8>' (firmware/nnet_utils/nnet_dense_resource.h:145).
INFO: [XFORM 203-603] Inlining function 'nnet::product::mult<ap_ufixed<8, 2, (ap_q_mode)4, (ap_o_mode)0, 0>, ap_fixed<8, 3, (ap_q_mode)5, (ap_o_mode)3, 0> >::product' into 'nnet::dense_resource_rf_gt_nin_rem0<ap_ufixed<8, 2, (ap_q_mode)4, (ap_o_mode)0, 0>, ap_fixed<19, 8, (ap_q_mode)5, (ap_o_mode)3, 0>, config11>' (firmware/nnet_utils/nnet_dense_resource.h:145).
INFO: [XFORM 203-603] Inlining function 'nnet::product::mult<ap_ufixed<8, 2, (ap_q_mode)4, (ap_o_mode)0, 0>, ap_fixed<8, 3, (ap_q_mode)5, (ap_o_mode)3, 0> >::product' into 'nnet::dense_resource_rf_gt_nin_rem0<ap_ufixed<8, 2, (ap_q_mode)4, (ap_o_mode)0, 0>, ap_fixed<19, 8, (ap_q_mode)5, (ap_o_mode)3, 0>, config14>' (firmware/nnet_utils/nnet_dense_resource.h:145).
INFO: [XFORM 203-603] Inlining function 'nnet::product::mult<ap_ufixed<8, 2, (ap_q_mode)4, (ap_o_mode)0, 0>, ap_fixed<8, 3, (ap_q_mode)5, (ap_o_mode)3, 0> >::product' into 'nnet::dense_resource_rf_gt_nin_rem0<ap_ufixed<8, 2, (ap_q_mode)4, (ap_o_mode)0, 0>, ap_fixed<20, 9, (ap_q_mode)5, (ap_o_mode)3, 0>, config17>' (firmware/nnet_utils/nnet_dense_resource.h:145).
INFO: [XFORM 203-603] Inlining function 'nnet::DenseResource_rf_gt_nin_rem0<ap_ufixed<8, 2, (ap_q_mode)4, (ap_o_mode)0, 0>, ap_fixed<20, 9, (ap_q_mode)5, (ap_o_mode)3, 0>, config5>::dense' into 'nnet::dense<ap_ufixed<8, 2, (ap_q_mode)4, (ap_o_mode)0, 0>, ap_fixed<20, 9, (ap_q_mode)5, (ap_o_mode)3, 0>, config5>' (firmware/nnet_utils/nnet_dense.h:45).
INFO: [XFORM 203-603] Inlining function 'nnet::dense<ap_ufixed<8, 2, (ap_q_mode)4, (ap_o_mode)0, 0>, ap_fixed<20, 9, (ap_q_mode)5, (ap_o_mode)3, 0>, config5>' into 'myproject' (firmware/myproject.cpp:76).
INFO: [XFORM 203-603] Inlining function 'nnet::DenseResource_rf_gt_nin_rem0<ap_ufixed<8, 2, (ap_q_mode)4, (ap_o_mode)0, 0>, ap_fixed<19, 8, (ap_q_mode)5, (ap_o_mode)3, 0>, config8>::dense' into 'nnet::dense<ap_ufixed<8, 2, (ap_q_mode)4, (ap_o_mode)0, 0>, ap_fixed<19, 8, (ap_q_mode)5, (ap_o_mode)3, 0>, config8>' (firmware/nnet_utils/nnet_dense.h:45).
INFO: [XFORM 203-603] Inlining function 'nnet::dense<ap_ufixed<8, 2, (ap_q_mode)4, (ap_o_mode)0, 0>, ap_fixed<19, 8, (ap_q_mode)5, (ap_o_mode)3, 0>, config8>' into 'myproject' (firmware/myproject.cpp:80).
INFO: [XFORM 203-603] Inlining function 'nnet::DenseResource_rf_gt_nin_rem0<ap_ufixed<8, 2, (ap_q_mode)4, (ap_o_mode)0, 0>, ap_fixed<19, 8, (ap_q_mode)5, (ap_o_mode)3, 0>, config11>::dense' into 'nnet::dense<ap_ufixed<8, 2, (ap_q_mode)4, (ap_o_mode)0, 0>, ap_fixed<19, 8, (ap_q_mode)5, (ap_o_mode)3, 0>, config11>' (firmware/nnet_utils/nnet_dense.h:45).
INFO: [XFORM 203-603] Inlining function 'nnet::dense<ap_ufixed<8, 2, (ap_q_mode)4, (ap_o_mode)0, 0>, ap_fixed<19, 8, (ap_q_mode)5, (ap_o_mode)3, 0>, config11>' into 'myproject' (firmware/myproject.cpp:84).
INFO: [XFORM 203-603] Inlining function 'nnet::DenseResource_rf_gt_nin_rem0<ap_ufixed<8, 2, (ap_q_mode)4, (ap_o_mode)0, 0>, ap_fixed<19, 8, (ap_q_mode)5, (ap_o_mode)3, 0>, config14>::dense' into 'nnet::dense<ap_ufixed<8, 2, (ap_q_mode)4, (ap_o_mode)0, 0>, ap_fixed<19, 8, (ap_q_mode)5, (ap_o_mode)3, 0>, config14>' (firmware/nnet_utils/nnet_dense.h:45).
INFO: [XFORM 203-603] Inlining function 'nnet::dense<ap_ufixed<8, 2, (ap_q_mode)4, (ap_o_mode)0, 0>, ap_fixed<19, 8, (ap_q_mode)5, (ap_o_mode)3, 0>, config14>' into 'myproject' (firmware/myproject.cpp:88).
INFO: [XFORM 203-603] Inlining function 'nnet::DenseResource_rf_gt_nin_rem0<ap_ufixed<8, 2, (ap_q_mode)4, (ap_o_mode)0, 0>, ap_fixed<20, 9, (ap_q_mode)5, (ap_o_mode)3, 0>, config17>::dense' into 'nnet::dense<ap_ufixed<8, 2, (ap_q_mode)4, (ap_o_mode)0, 0>, ap_fixed<20, 9, (ap_q_mode)5, (ap_o_mode)3, 0>, config17>' (firmware/nnet_utils/nnet_dense.h:45).
INFO: [XFORM 203-603] Inlining function 'nnet::dense<ap_ufixed<8, 2, (ap_q_mode)4, (ap_o_mode)0, 0>, ap_fixed<20, 9, (ap_q_mode)5, (ap_o_mode)3, 0>, config17>' into 'myproject' (firmware/myproject.cpp:92).
INFO: [HLS 200-111] Finished Standard Transforms Time (s): cpu = 00:00:41 ; elapsed = 00:00:42 . Memory (MB): peak = 1498.758 ; gain = 1097.754 ; free physical = 1353 ; free virtual = 3989
INFO: [HLS 200-10] Checking synthesizability ...
INFO: [XFORM 203-602] Inlining function 'nnet::cast<ap_fixed<16, 6, (ap_q_mode)5, (ap_o_mode)3, 0>, ap_fixed<29, 14, (ap_q_mode)5, (ap_o_mode)3, 0>, config2>' into 'nnet::dense_resource_rf_gt_nin_rem0<ap_fixed<16, 6, (ap_q_mode)5, (ap_o_mode)3, 0>, ap_fixed<29, 14, (ap_q_mode)5, (ap_o_mode)3, 0>, config2>' (firmware/nnet_utils/nnet_dense_resource.h:164) automatically.
INFO: [XFORM 203-602] Inlining function 'nnet::cast<ap_ufixed<8, 2, (ap_q_mode)4, (ap_o_mode)0, 0>, ap_fixed<20, 9, (ap_q_mode)5, (ap_o_mode)3, 0>, config5>' into 'nnet::dense_resource_rf_gt_nin_rem0<ap_ufixed<8, 2, (ap_q_mode)4, (ap_o_mode)0, 0>, ap_fixed<20, 9, (ap_q_mode)5, (ap_o_mode)3, 0>, config5>' (firmware/nnet_utils/nnet_dense_resource.h:164) automatically.
INFO: [XFORM 203-602] Inlining function 'nnet::cast<ap_ufixed<8, 2, (ap_q_mode)4, (ap_o_mode)0, 0>, ap_fixed<19, 8, (ap_q_mode)5, (ap_o_mode)3, 0>, config8>' into 'nnet::dense_resource_rf_gt_nin_rem0<ap_ufixed<8, 2, (ap_q_mode)4, (ap_o_mode)0, 0>, ap_fixed<19, 8, (ap_q_mode)5, (ap_o_mode)3, 0>, config8>' (firmware/nnet_utils/nnet_dense_resource.h:164) automatically.
INFO: [XFORM 203-602] Inlining function 'nnet::cast<ap_ufixed<8, 2, (ap_q_mode)4, (ap_o_mode)0, 0>, ap_fixed<19, 8, (ap_q_mode)5, (ap_o_mode)3, 0>, config11>' into 'nnet::dense_resource_rf_gt_nin_rem0<ap_ufixed<8, 2, (ap_q_mode)4, (ap_o_mode)0, 0>, ap_fixed<19, 8, (ap_q_mode)5, (ap_o_mode)3, 0>, config11>' (firmware/nnet_utils/nnet_dense_resource.h:164) automatically.
INFO: [XFORM 203-602] Inlining function 'nnet::cast<ap_ufixed<8, 2, (ap_q_mode)4, (ap_o_mode)0, 0>, ap_fixed<19, 8, (ap_q_mode)5, (ap_o_mode)3, 0>, config14>' into 'nnet::dense_resource_rf_gt_nin_rem0<ap_ufixed<8, 2, (ap_q_mode)4, (ap_o_mode)0, 0>, ap_fixed<19, 8, (ap_q_mode)5, (ap_o_mode)3, 0>, config14>' (firmware/nnet_utils/nnet_dense_resource.h:164) automatically.
INFO: [XFORM 203-602] Inlining function 'nnet::cast<ap_ufixed<8, 2, (ap_q_mode)4, (ap_o_mode)0, 0>, ap_fixed<20, 9, (ap_q_mode)5, (ap_o_mode)3, 0>, config17>' into 'nnet::dense_resource_rf_gt_nin_rem0<ap_ufixed<8, 2, (ap_q_mode)4, (ap_o_mode)0, 0>, ap_fixed<20, 9, (ap_q_mode)5, (ap_o_mode)3, 0>, config17>' (firmware/nnet_utils/nnet_dense_resource.h:164) automatically.
WARNING: [SYNCHK 200-23] firmware/myproject_axi.cpp:23: variable-indexed range selection may cause suboptimal QoR.
INFO: [SYNCHK 200-10] 0 error(s), 1 warning(s).
INFO: [HLS 200-111] Finished Checking Synthesizability Time (s): cpu = 00:00:41 ; elapsed = 00:00:43 . Memory (MB): peak = 1498.758 ; gain = 1097.754 ; free physical = 1336 ; free virtual = 3974
WARNING: [XFORM 203-1103] Ignored data pack directive on non-struct variable 'out.data' (firmware/myproject_axi.cpp:3).
WARNING: [XFORM 203-1103] Ignored data pack directive on non-struct variable 'in.data' (firmware/myproject_axi.cpp:3).
INFO: [XFORM 203-502] Unrolling all sub-loops inside loop 'ReuseLoop' (firmware/nnet_utils/nnet_dense_resource.h:135) in function 'nnet::dense_resource_rf_gt_nin_rem0<ap_ufixed<8, 2, (ap_q_mode)4, (ap_o_mode)0, 0>, ap_fixed<20, 9, (ap_q_mode)5, (ap_o_mode)3, 0>, config17>' for pipelining.
INFO: [XFORM 203-502] Unrolling all loops for pipelining in function 'nnet::relu<ap_fixed<19, 8, (ap_q_mode)5, (ap_o_mode)3, 0>, ap_ufixed<8, 2, (ap_q_mode)4, (ap_o_mode)0, 0>, relu_config16>' (firmware/nnet_utils/nnet_activation.h:40:13).
INFO: [XFORM 203-502] Unrolling all loops for pipelining in function 'nnet::relu<ap_fixed<19, 8, (ap_q_mode)5, (ap_o_mode)3, 0>, ap_ufixed<8, 2, (ap_q_mode)4, (ap_o_mode)0, 0>, relu_config13>' (firmware/nnet_utils/nnet_activation.h:40:13).
INFO: [XFORM 203-502] Unrolling all loops for pipelining in function 'nnet::relu<ap_fixed<19, 8, (ap_q_mode)5, (ap_o_mode)3, 0>, ap_ufixed<8, 2, (ap_q_mode)4, (ap_o_mode)0, 0>, relu_config10>' (firmware/nnet_utils/nnet_activation.h:40:13).
INFO: [XFORM 203-502] Unrolling all loops for pipelining in function 'nnet::relu<ap_fixed<20, 9, (ap_q_mode)5, (ap_o_mode)3, 0>, ap_ufixed<8, 2, (ap_q_mode)4, (ap_o_mode)0, 0>, relu_config7>' (firmware/nnet_utils/nnet_activation.h:40:13).
INFO: [XFORM 203-502] Unrolling all loops for pipelining in function 'nnet::relu<ap_fixed<29, 14, (ap_q_mode)5, (ap_o_mode)3, 0>, ap_ufixed<8, 2, (ap_q_mode)4, (ap_o_mode)0, 0>, relu_config4>' (firmware/nnet_utils/nnet_activation.h:40:13).
INFO: [XFORM 203-502] Unrolling all sub-loops inside loop 'ReuseLoop' (firmware/nnet_utils/nnet_dense_resource.h:135) in function 'nnet::dense_resource_rf_gt_nin_rem0<ap_fixed<16, 6, (ap_q_mode)5, (ap_o_mode)3, 0>, ap_fixed<29, 14, (ap_q_mode)5, (ap_o_mode)3, 0>, config2>' for pipelining.
INFO: [HLS 200-489] Unrolling loop 'InitAccum' (firmware/nnet_utils/nnet_dense_resource.h:114) in function 'nnet::dense_resource_rf_gt_nin_rem0<ap_ufixed<8, 2, (ap_q_mode)4, (ap_o_mode)0, 0>, ap_fixed<20, 9, (ap_q_mode)5, (ap_o_mode)3, 0>, config17>' completely with a factor of 14.
INFO: [HLS 200-489] Unrolling loop 'MultLoop' (firmware/nnet_utils/nnet_dense_resource.h:142) in function 'nnet::dense_resource_rf_gt_nin_rem0<ap_ufixed<8, 2, (ap_q_mode)4, (ap_o_mode)0, 0>, ap_fixed<20, 9, (ap_q_mode)5, (ap_o_mode)3, 0>, config17>' completely with a factor of 2.
INFO: [HLS 200-489] Unrolling loop 'Result' (firmware/nnet_utils/nnet_dense_resource.h:162) in function 'nnet::dense_resource_rf_gt_nin_rem0<ap_ufixed<8, 2, (ap_q_mode)4, (ap_o_mode)0, 0>, ap_fixed<20, 9, (ap_q_mode)5, (ap_o_mode)3, 0>, config17>' completely with a factor of 14.
INFO: [HLS 200-489] Unrolling loop 'Loop-1' (firmware/nnet_utils/nnet_activation.h:43) in function 'nnet::relu<ap_fixed<19, 8, (ap_q_mode)5, (ap_o_mode)3, 0>, ap_ufixed<8, 2, (ap_q_mode)4, (ap_o_mode)0, 0>, relu_config16>' completely with a factor of 8.
INFO: [HLS 200-489] Unrolling loop 'InitAccum' (firmware/nnet_utils/nnet_dense_resource.h:114) in function 'nnet::dense_resource_rf_gt_nin_rem0<ap_ufixed<8, 2, (ap_q_mode)4, (ap_o_mode)0, 0>, ap_fixed<19, 8, (ap_q_mode)5, (ap_o_mode)3, 0>, config14>' completely with a factor of 8.
INFO: [HLS 200-489] Unrolling loop 'Result' (firmware/nnet_utils/nnet_dense_resource.h:162) in function 'nnet::dense_resource_rf_gt_nin_rem0<ap_ufixed<8, 2, (ap_q_mode)4, (ap_o_mode)0, 0>, ap_fixed<19, 8, (ap_q_mode)5, (ap_o_mode)3, 0>, config14>' completely with a factor of 8.
INFO: [HLS 200-489] Unrolling loop 'Loop-1' (firmware/nnet_utils/nnet_activation.h:43) in function 'nnet::relu<ap_fixed<19, 8, (ap_q_mode)5, (ap_o_mode)3, 0>, ap_ufixed<8, 2, (ap_q_mode)4, (ap_o_mode)0, 0>, relu_config13>' completely with a factor of 4.
INFO: [HLS 200-489] Unrolling loop 'InitAccum' (firmware/nnet_utils/nnet_dense_resource.h:114) in function 'nnet::dense_resource_rf_gt_nin_rem0<ap_ufixed<8, 2, (ap_q_mode)4, (ap_o_mode)0, 0>, ap_fixed<19, 8, (ap_q_mode)5, (ap_o_mode)3, 0>, config11>' completely with a factor of 4.
INFO: [HLS 200-489] Unrolling loop 'Result' (firmware/nnet_utils/nnet_dense_resource.h:162) in function 'nnet::dense_resource_rf_gt_nin_rem0<ap_ufixed<8, 2, (ap_q_mode)4, (ap_o_mode)0, 0>, ap_fixed<19, 8, (ap_q_mode)5, (ap_o_mode)3, 0>, config11>' completely with a factor of 4.
INFO: [HLS 200-489] Unrolling loop 'Loop-1' (firmware/nnet_utils/nnet_activation.h:43) in function 'nnet::relu<ap_fixed<19, 8, (ap_q_mode)5, (ap_o_mode)3, 0>, ap_ufixed<8, 2, (ap_q_mode)4, (ap_o_mode)0, 0>, relu_config10>' completely with a factor of 3.
INFO: [HLS 200-489] Unrolling loop 'InitAccum' (firmware/nnet_utils/nnet_dense_resource.h:114) in function 'nnet::dense_resource_rf_gt_nin_rem0<ap_ufixed<8, 2, (ap_q_mode)4, (ap_o_mode)0, 0>, ap_fixed<19, 8, (ap_q_mode)5, (ap_o_mode)3, 0>, config8>' completely with a factor of 3.
INFO: [HLS 200-489] Unrolling loop 'Result' (firmware/nnet_utils/nnet_dense_resource.h:162) in function 'nnet::dense_resource_rf_gt_nin_rem0<ap_ufixed<8, 2, (ap_q_mode)4, (ap_o_mode)0, 0>, ap_fixed<19, 8, (ap_q_mode)5, (ap_o_mode)3, 0>, config8>' completely with a factor of 3.
INFO: [HLS 200-489] Unrolling loop 'Loop-1' (firmware/nnet_utils/nnet_activation.h:43) in function 'nnet::relu<ap_fixed<20, 9, (ap_q_mode)5, (ap_o_mode)3, 0>, ap_ufixed<8, 2, (ap_q_mode)4, (ap_o_mode)0, 0>, relu_config7>' completely with a factor of 4.
INFO: [HLS 200-489] Unrolling loop 'InitAccum' (firmware/nnet_utils/nnet_dense_resource.h:114) in function 'nnet::dense_resource_rf_gt_nin_rem0<ap_ufixed<8, 2, (ap_q_mode)4, (ap_o_mode)0, 0>, ap_fixed<20, 9, (ap_q_mode)5, (ap_o_mode)3, 0>, config5>' completely with a factor of 4.
INFO: [HLS 200-489] Unrolling loop 'Result' (firmware/nnet_utils/nnet_dense_resource.h:162) in function 'nnet::dense_resource_rf_gt_nin_rem0<ap_ufixed<8, 2, (ap_q_mode)4, (ap_o_mode)0, 0>, ap_fixed<20, 9, (ap_q_mode)5, (ap_o_mode)3, 0>, config5>' completely with a factor of 4.
INFO: [HLS 200-489] Unrolling loop 'Loop-1' (firmware/nnet_utils/nnet_activation.h:43) in function 'nnet::relu<ap_fixed<29, 14, (ap_q_mode)5, (ap_o_mode)3, 0>, ap_ufixed<8, 2, (ap_q_mode)4, (ap_o_mode)0, 0>, relu_config4>' completely with a factor of 8.
INFO: [HLS 200-489] Unrolling loop 'InitAccum' (firmware/nnet_utils/nnet_dense_resource.h:114) in function 'nnet::dense_resource_rf_gt_nin_rem0<ap_fixed<16, 6, (ap_q_mode)5, (ap_o_mode)3, 0>, ap_fixed<29, 14, (ap_q_mode)5, (ap_o_mode)3, 0>, config2>' completely with a factor of 8.
INFO: [HLS 200-489] Unrolling loop 'MultLoop' (firmware/nnet_utils/nnet_dense_resource.h:142) in function 'nnet::dense_resource_rf_gt_nin_rem0<ap_fixed<16, 6, (ap_q_mode)5, (ap_o_mode)3, 0>, ap_fixed<29, 14, (ap_q_mode)5, (ap_o_mode)3, 0>, config2>' completely with a factor of 2.
INFO: [HLS 200-489] Unrolling loop 'Result' (firmware/nnet_utils/nnet_dense_resource.h:162) in function 'nnet::dense_resource_rf_gt_nin_rem0<ap_fixed<16, 6, (ap_q_mode)5, (ap_o_mode)3, 0>, ap_fixed<29, 14, (ap_q_mode)5, (ap_o_mode)3, 0>, config2>' completely with a factor of 8.
WARNING: [XFORM 203-135] Cannot reshape array 'w14.V' : incorrect reshape factor 1.
WARNING: [XFORM 203-135] Cannot reshape array 'w11.V' : incorrect reshape factor 1.
WARNING: [XFORM 203-135] Cannot reshape array 'w8.V' : incorrect reshape factor 1.
WARNING: [XFORM 203-135] Cannot reshape array 'w5.V' : incorrect reshape factor 1.
WARNING: [XFORM 203-135] Cannot reshape array 'w14.V' : incorrect reshape factor 1.
WARNING: [XFORM 203-135] Cannot reshape array 'w11.V' : incorrect reshape factor 1.
WARNING: [XFORM 203-135] Cannot reshape array 'w8.V' : incorrect reshape factor 1.
WARNING: [XFORM 203-135] Cannot reshape array 'w5.V' : incorrect reshape factor 1.
INFO: [XFORM 203-131] Reshaping array 'in_local.V' (firmware/myproject_axi.cpp:10) in dimension 1 completely.
INFO: [XFORM 203-131] Reshaping array 'w17.V'  in dimension 1 with a block factor of 2.
INFO: [XFORM 203-131] Reshaping array 'w2.V'  in dimension 1 with a block factor of 2.
INFO: [XFORM 203-101] Partitioning array 'out_local'  in dimension 1 completely.
INFO: [XFORM 203-101] Partitioning array 'layer2_out.V' (firmware/myproject.cpp:42) in dimension 1 completely.
INFO: [XFORM 203-101] Partitioning array 'layer4_out.V' (firmware/myproject.cpp:45) in dimension 1 completely.
INFO: [XFORM 203-101] Partitioning array 'layer5_out.V' (firmware/myproject.cpp:48) in dimension 1 completely.
INFO: [XFORM 203-101] Partitioning array 'layer7_out.V' (firmware/myproject.cpp:51) in dimension 1 completely.
INFO: [XFORM 203-101] Partitioning array 'layer8_out.V' (firmware/myproject.cpp:54) in dimension 1 completely.
INFO: [XFORM 203-101] Partitioning array 'layer10_out.V' (firmware/myproject.cpp:57) in dimension 1 completely.
INFO: [XFORM 203-101] Partitioning array 'layer11_out.V' (firmware/myproject.cpp:60) in dimension 1 completely.
INFO: [XFORM 203-101] Partitioning array 'layer13_out.V' (firmware/myproject.cpp:63) in dimension 1 completely.
INFO: [XFORM 203-101] Partitioning array 'layer14_out.V' (firmware/myproject.cpp:66) in dimension 1 completely.
INFO: [XFORM 203-101] Partitioning array 'layer16_out.V' (firmware/myproject.cpp:69) in dimension 1 completely.
INFO: [XFORM 203-101] Partitioning array 'b17.V'  in dimension 1 completely.
INFO: [XFORM 203-101] Partitioning array 'acc.V' (firmware/nnet_utils/nnet_dense_resource.h:110) in dimension 1 completely.
INFO: [XFORM 203-101] Partitioning array 'b2.V'  in dimension 1 completely.
INFO: [XFORM 203-101] Partitioning array 'acc.V' (firmware/nnet_utils/nnet_dense_resource.h:110) in dimension 1 completely.
INFO: [XFORM 203-101] Partitioning array 'b14.V'  in dimension 1 completely.
INFO: [XFORM 203-101] Partitioning array 'acc.V' (firmware/nnet_utils/nnet_dense_resource.h:110) in dimension 1 completely.
INFO: [XFORM 203-101] Partitioning array 'b11.V'  in dimension 1 completely.
INFO: [XFORM 203-101] Partitioning array 'acc.V' (firmware/nnet_utils/nnet_dense_resource.h:110) in dimension 1 completely.
INFO: [XFORM 203-101] Partitioning array 'b8.V'  in dimension 1 completely.
INFO: [XFORM 203-101] Partitioning array 'acc.V' (firmware/nnet_utils/nnet_dense_resource.h:110) in dimension 1 completely.
INFO: [XFORM 203-101] Partitioning array 'b5.V'  in dimension 1 completely.
INFO: [XFORM 203-101] Partitioning array 'acc.V' (firmware/nnet_utils/nnet_dense_resource.h:110) in dimension 1 completely.
INFO: [XFORM 203-602] Inlining function 'nnet::cast<ap_fixed<16, 6, (ap_q_mode)5, (ap_o_mode)3, 0>, ap_fixed<29, 14, (ap_q_mode)5, (ap_o_mode)3, 0>, config2>' into 'nnet::dense_resource_rf_gt_nin_rem0<ap_fixed<16, 6, (ap_q_mode)5, (ap_o_mode)3, 0>, ap_fixed<29, 14, (ap_q_mode)5, (ap_o_mode)3, 0>, config2>.1' (firmware/nnet_utils/nnet_dense_resource.h:164) automatically.
INFO: [XFORM 203-602] Inlining function 'nnet::cast<ap_ufixed<8, 2, (ap_q_mode)4, (ap_o_mode)0, 0>, ap_fixed<20, 9, (ap_q_mode)5, (ap_o_mode)3, 0>, config5>' into 'nnet::dense_resource_rf_gt_nin_rem0<ap_ufixed<8, 2, (ap_q_mode)4, (ap_o_mode)0, 0>, ap_fixed<20, 9, (ap_q_mode)5, (ap_o_mode)3, 0>, config5>' (firmware/nnet_utils/nnet_dense_resource.h:164) automatically.
INFO: [XFORM 203-602] Inlining function 'nnet::cast<ap_ufixed<8, 2, (ap_q_mode)4, (ap_o_mode)0, 0>, ap_fixed<19, 8, (ap_q_mode)5, (ap_o_mode)3, 0>, config8>' into 'nnet::dense_resource_rf_gt_nin_rem0<ap_ufixed<8, 2, (ap_q_mode)4, (ap_o_mode)0, 0>, ap_fixed<19, 8, (ap_q_mode)5, (ap_o_mode)3, 0>, config8>' (firmware/nnet_utils/nnet_dense_resource.h:164) automatically.
INFO: [XFORM 203-602] Inlining function 'nnet::cast<ap_ufixed<8, 2, (ap_q_mode)4, (ap_o_mode)0, 0>, ap_fixed<19, 8, (ap_q_mode)5, (ap_o_mode)3, 0>, config11>' into 'nnet::dense_resource_rf_gt_nin_rem0<ap_ufixed<8, 2, (ap_q_mode)4, (ap_o_mode)0, 0>, ap_fixed<19, 8, (ap_q_mode)5, (ap_o_mode)3, 0>, config11>' (firmware/nnet_utils/nnet_dense_resource.h:164) automatically.
INFO: [XFORM 203-602] Inlining function 'nnet::cast<ap_ufixed<8, 2, (ap_q_mode)4, (ap_o_mode)0, 0>, ap_fixed<19, 8, (ap_q_mode)5, (ap_o_mode)3, 0>, config14>' into 'nnet::dense_resource_rf_gt_nin_rem0<ap_ufixed<8, 2, (ap_q_mode)4, (ap_o_mode)0, 0>, ap_fixed<19, 8, (ap_q_mode)5, (ap_o_mode)3, 0>, config14>' (firmware/nnet_utils/nnet_dense_resource.h:164) automatically.
INFO: [XFORM 203-602] Inlining function 'nnet::cast<ap_ufixed<8, 2, (ap_q_mode)4, (ap_o_mode)0, 0>, ap_fixed<20, 9, (ap_q_mode)5, (ap_o_mode)3, 0>, config17>' into 'nnet::dense_resource_rf_gt_nin_rem0<ap_ufixed<8, 2, (ap_q_mode)4, (ap_o_mode)0, 0>, ap_fixed<20, 9, (ap_q_mode)5, (ap_o_mode)3, 0>, config17>' (firmware/nnet_utils/nnet_dense_resource.h:164) automatically.
INFO: [XFORM 203-622] Instantiating function 'nnet::dense_resource_rf_gt_nin_rem0<ap_ufixed<8, 2, (ap_q_mode)4, (ap_o_mode)0, 0>, ap_fixed<20, 9, (ap_q_mode)5, (ap_o_mode)3, 0>, config17>'(firmware/nnet_utils/nnet_dense_resource.h:73:17) to 'nnet::dense_resource_rf_gt_nin_rem0<ap_ufixed<8, 2, (ap_q_mode)4, (ap_o_mode)0, 0>, ap_fixed<20, 9, (ap_q_mode)5, (ap_o_mode)3, 0>, config17>.0' by setting 'weights.V' to 'w17.V'.
INFO: [XFORM 203-622] Instantiating function 'nnet::dense_resource_rf_gt_nin_rem0<ap_ufixed<8, 2, (ap_q_mode)4, (ap_o_mode)0, 0>, ap_fixed<20, 9, (ap_q_mode)5, (ap_o_mode)3, 0>, config17>.0'(firmware/nnet_utils/nnet_dense_resource.h:73:17) to 'nnet::dense_resource_rf_gt_nin_rem0<ap_ufixed<8, 2, (ap_q_mode)4, (ap_o_mode)0, 0>, ap_fixed<20, 9, (ap_q_mode)5, (ap_o_mode)3, 0>, config17>.0.0' by setting 'biases[0].V' to 'b17.V.0'.
INFO: [XFORM 203-622] Instantiating function 'nnet::dense_resource_rf_gt_nin_rem0<ap_ufixed<8, 2, (ap_q_mode)4, (ap_o_mode)0, 0>, ap_fixed<20, 9, (ap_q_mode)5, (ap_o_mode)3, 0>, config17>.0.0'(firmware/nnet_utils/nnet_dense_resource.h:73:17) to 'nnet::dense_resource_rf_gt_nin_rem0<ap_ufixed<8, 2, (ap_q_mode)4, (ap_o_mode)0, 0>, ap_fixed<20, 9, (ap_q_mode)5, (ap_o_mode)3, 0>, config17>.0.0.0' by setting 'biases[1].V' to 'b17.V.1'.
INFO: [XFORM 203-622] Instantiating function 'nnet::dense_resource_rf_gt_nin_rem0<ap_ufixed<8, 2, (ap_q_mode)4, (ap_o_mode)0, 0>, ap_fixed<20, 9, (ap_q_mode)5, (ap_o_mode)3, 0>, config17>.0.0.0'(firmware/nnet_utils/nnet_dense_resource.h:73:17) to 'nnet::dense_resource_rf_gt_nin_rem0<ap_ufixed<8, 2, (ap_q_mode)4, (ap_o_mode)0, 0>, ap_fixed<20, 9, (ap_q_mode)5, (ap_o_mode)3, 0>, config17>.0.0.0.0' by setting 'biases[2].V' to 'b17.V.2'.
INFO: [XFORM 203-622] Instantiating function 'nnet::dense_resource_rf_gt_nin_rem0<ap_ufixed<8, 2, (ap_q_mode)4, (ap_o_mode)0, 0>, ap_fixed<20, 9, (ap_q_mode)5, (ap_o_mode)3, 0>, config17>.0.0.0.0'(firmware/nnet_utils/nnet_dense_resource.h:73:17) to 'nnet::dense_resource_rf_gt_nin_rem0<ap_ufixed<8, 2, (ap_q_mode)4, (ap_o_mode)0, 0>, ap_fixed<20, 9, (ap_q_mode)5, (ap_o_mode)3, 0>, config17>.0.0.0.0.0' by setting 'biases[3].V' to 'b17.V.3'.
INFO: [XFORM 203-622] Instantiating function 'nnet::dense_resource_rf_gt_nin_rem0<ap_ufixed<8, 2, (ap_q_mode)4, (ap_o_mode)0, 0>, ap_fixed<20, 9, (ap_q_mode)5, (ap_o_mode)3, 0>, config17>.0.0.0.0.0'(firmware/nnet_utils/nnet_dense_resource.h:73:17) to 'nnet::dense_resource_rf_gt_nin_rem0<ap_ufixed<8, 2, (ap_q_mode)4, (ap_o_mode)0, 0>, ap_fixed<20, 9, (ap_q_mode)5, (ap_o_mode)3, 0>, config17>.0.0.0.0.0.0' by setting 'biases[4].V' to 'b17.V.4'.
INFO: [XFORM 203-622] Instantiating function 'nnet::dense_resource_rf_gt_nin_rem0<ap_ufixed<8, 2, (ap_q_mode)4, (ap_o_mode)0, 0>, ap_fixed<20, 9, (ap_q_mode)5, (ap_o_mode)3, 0>, config17>.0.0.0.0.0.0'(firmware/nnet_utils/nnet_dense_resource.h:73:17) to 'nnet::dense_resource_rf_gt_nin_rem0<ap_ufixed<8, 2, (ap_q_mode)4, (ap_o_mode)0, 0>, ap_fixed<20, 9, (ap_q_mode)5, (ap_o_mode)3, 0>, config17>.0.0.0.0.0.0.0' by setting 'biases[5].V' to 'b17.V.5'.
INFO: [XFORM 203-622] Instantiating function 'nnet::dense_resource_rf_gt_nin_rem0<ap_ufixed<8, 2, (ap_q_mode)4, (ap_o_mode)0, 0>, ap_fixed<20, 9, (ap_q_mode)5, (ap_o_mode)3, 0>, config17>.0.0.0.0.0.0.0'(firmware/nnet_utils/nnet_dense_resource.h:73:17) to 'nnet::dense_resource_rf_gt_nin_rem0<ap_ufixed<8, 2, (ap_q_mode)4, (ap_o_mode)0, 0>, ap_fixed<20, 9, (ap_q_mode)5, (ap_o_mode)3, 0>, config17>.0.0.0.0.0.0.0.0' by setting 'biases[6].V' to 'b17.V.6'.
INFO: [XFORM 203-622] Instantiating function 'nnet::dense_resource_rf_gt_nin_rem0<ap_ufixed<8, 2, (ap_q_mode)4, (ap_o_mode)0, 0>, ap_fixed<20, 9, (ap_q_mode)5, (ap_o_mode)3, 0>, config17>.0.0.0.0.0.0.0.0'(firmware/nnet_utils/nnet_dense_resource.h:73:17) to 'nnet::dense_resource_rf_gt_nin_rem0<ap_ufixed<8, 2, (ap_q_mode)4, (ap_o_mode)0, 0>, ap_fixed<20, 9, (ap_q_mode)5, (ap_o_mode)3, 0>, config17>.0.0.0.0.0.0.0.0.0' by setting 'biases[7].V' to 'b17.V.7'.
INFO: [XFORM 203-622] Instantiating function 'nnet::dense_resource_rf_gt_nin_rem0<ap_ufixed<8, 2, (ap_q_mode)4, (ap_o_mode)0, 0>, ap_fixed<20, 9, (ap_q_mode)5, (ap_o_mode)3, 0>, config17>.0.0.0.0.0.0.0.0.0'(firmware/nnet_utils/nnet_dense_resource.h:73:17) to 'nnet::dense_resource_rf_gt_nin_rem0<ap_ufixed<8, 2, (ap_q_mode)4, (ap_o_mode)0, 0>, ap_fixed<20, 9, (ap_q_mode)5, (ap_o_mode)3, 0>, config17>.0.0.0.0.0.0.0.0.0.0' by setting 'biases[8].V' to 'b17.V.8'.
INFO: [XFORM 203-622] Instantiating function 'nnet::dense_resource_rf_gt_nin_rem0<ap_ufixed<8, 2, (ap_q_mode)4, (ap_o_mode)0, 0>, ap_fixed<20, 9, (ap_q_mode)5, (ap_o_mode)3, 0>, config17>.0.0.0.0.0.0.0.0.0.0'(firmware/nnet_utils/nnet_dense_resource.h:73:17) to 'nnet::dense_resource_rf_gt_nin_rem0<ap_ufixed<8, 2, (ap_q_mode)4, (ap_o_mode)0, 0>, ap_fixed<20, 9, (ap_q_mode)5, (ap_o_mode)3, 0>, config17>.0.0.0.0.0.0.0.0.0.0.0' by setting 'biases[9].V' to 'b17.V.9'.
INFO: [XFORM 203-622] Instantiating function 'nnet::dense_resource_rf_gt_nin_rem0<ap_ufixed<8, 2, (ap_q_mode)4, (ap_o_mode)0, 0>, ap_fixed<20, 9, (ap_q_mode)5, (ap_o_mode)3, 0>, config17>.0.0.0.0.0.0.0.0.0.0.0'(firmware/nnet_utils/nnet_dense_resource.h:73:17) to 'nnet::dense_resource_rf_gt_nin_rem0<ap_ufixed<8, 2, (ap_q_mode)4, (ap_o_mode)0, 0>, ap_fixed<20, 9, (ap_q_mode)5, (ap_o_mode)3, 0>, config17>.0.0.0.0.0.0.0.0.0.0.0.0' by setting 'biases[10].V' to 'b17.V.10'.
INFO: [XFORM 203-622] Instantiating function 'nnet::dense_resource_rf_gt_nin_rem0<ap_ufixed<8, 2, (ap_q_mode)4, (ap_o_mode)0, 0>, ap_fixed<20, 9, (ap_q_mode)5, (ap_o_mode)3, 0>, config17>.0.0.0.0.0.0.0.0.0.0.0.0'(firmware/nnet_utils/nnet_dense_resource.h:73:17) to 'nnet::dense_resource_rf_gt_nin_rem0<ap_ufixed<8, 2, (ap_q_mode)4, (ap_o_mode)0, 0>, ap_fixed<20, 9, (ap_q_mode)5, (ap_o_mode)3, 0>, config17>.0.0.0.0.0.0.0.0.0.0.0.0.0' by setting 'biases[11].V' to 'b17.V.11'.
INFO: [XFORM 203-622] Instantiating function 'nnet::dense_resource_rf_gt_nin_rem0<ap_ufixed<8, 2, (ap_q_mode)4, (ap_o_mode)0, 0>, ap_fixed<20, 9, (ap_q_mode)5, (ap_o_mode)3, 0>, config17>.0.0.0.0.0.0.0.0.0.0.0.0.0'(firmware/nnet_utils/nnet_dense_resource.h:73:17) to 'nnet::dense_resource_rf_gt_nin_rem0<ap_ufixed<8, 2, (ap_q_mode)4, (ap_o_mode)0, 0>, ap_fixed<20, 9, (ap_q_mode)5, (ap_o_mode)3, 0>, config17>.0.0.0.0.0.0.0.0.0.0.0.0.0.0' by setting 'biases[12].V' to 'b17.V.12'.
INFO: [XFORM 203-622] Instantiating function 'nnet::dense_resource_rf_gt_nin_rem0<ap_ufixed<8, 2, (ap_q_mode)4, (ap_o_mode)0, 0>, ap_fixed<20, 9, (ap_q_mode)5, (ap_o_mode)3, 0>, config17>.0.0.0.0.0.0.0.0.0.0.0.0.0.0'(firmware/nnet_utils/nnet_dense_resource.h:73:17) to 'nnet::dense_resource_rf_gt_nin_rem0<ap_ufixed<8, 2, (ap_q_mode)4, (ap_o_mode)0, 0>, ap_fixed<20, 9, (ap_q_mode)5, (ap_o_mode)3, 0>, config17>.0.0.0.0.0.0.0.0.0.0.0.0.0.0.0' by setting 'biases[13].V' to 'b17.V.13'.
INFO: [XFORM 203-622] Instantiating function 'nnet::dense_resource_rf_gt_nin_rem0<ap_ufixed<8, 2, (ap_q_mode)4, (ap_o_mode)0, 0>, ap_fixed<19, 8, (ap_q_mode)5, (ap_o_mode)3, 0>, config14>'(firmware/nnet_utils/nnet_dense_resource.h:73:37) to 'nnet::dense_resource_rf_gt_nin_rem0<ap_ufixed<8, 2, (ap_q_mode)4, (ap_o_mode)0, 0>, ap_fixed<19, 8, (ap_q_mode)5, (ap_o_mode)3, 0>, config14>.0' at call site (firmware/nnet_utils/nnet_dense.h:76->firmware/nnet_utils/nnet_dense.h:45->firmware/myproject.cpp:88) by setting 'weights.V' to 'w14.V'.
INFO: [XFORM 203-622] Instantiating function 'nnet::dense_resource_rf_gt_nin_rem0<ap_ufixed<8, 2, (ap_q_mode)4, (ap_o_mode)0, 0>, ap_fixed<19, 8, (ap_q_mode)5, (ap_o_mode)3, 0>, config14>.0'(firmware/nnet_utils/nnet_dense_resource.h:73:37) to 'nnet::dense_resource_rf_gt_nin_rem0<ap_ufixed<8, 2, (ap_q_mode)4, (ap_o_mode)0, 0>, ap_fixed<19, 8, (ap_q_mode)5, (ap_o_mode)3, 0>, config14>.0.0' at call site (firmware/nnet_utils/nnet_dense.h:76->firmware/nnet_utils/nnet_dense.h:45->firmware/myproject.cpp:88) by setting 'biases[0].V' to 'b14.V.0'.
INFO: [XFORM 203-622] Instantiating function 'nnet::dense_resource_rf_gt_nin_rem0<ap_ufixed<8, 2, (ap_q_mode)4, (ap_o_mode)0, 0>, ap_fixed<19, 8, (ap_q_mode)5, (ap_o_mode)3, 0>, config14>.0.0'(firmware/nnet_utils/nnet_dense_resource.h:73:37) to 'nnet::dense_resource_rf_gt_nin_rem0<ap_ufixed<8, 2, (ap_q_mode)4, (ap_o_mode)0, 0>, ap_fixed<19, 8, (ap_q_mode)5, (ap_o_mode)3, 0>, config14>.0.0.0' at call site (firmware/nnet_utils/nnet_dense.h:76->firmware/nnet_utils/nnet_dense.h:45->firmware/myproject.cpp:88) by setting 'biases[1].V' to 'b14.V.1'.
INFO: [XFORM 203-622] Instantiating function 'nnet::dense_resource_rf_gt_nin_rem0<ap_ufixed<8, 2, (ap_q_mode)4, (ap_o_mode)0, 0>, ap_fixed<19, 8, (ap_q_mode)5, (ap_o_mode)3, 0>, config14>.0.0.0'(firmware/nnet_utils/nnet_dense_resource.h:73:37) to 'nnet::dense_resource_rf_gt_nin_rem0<ap_ufixed<8, 2, (ap_q_mode)4, (ap_o_mode)0, 0>, ap_fixed<19, 8, (ap_q_mode)5, (ap_o_mode)3, 0>, config14>.0.0.0.0' at call site (firmware/nnet_utils/nnet_dense.h:76->firmware/nnet_utils/nnet_dense.h:45->firmware/myproject.cpp:88) by setting 'biases[2].V' to 'b14.V.2'.
INFO: [XFORM 203-622] Instantiating function 'nnet::dense_resource_rf_gt_nin_rem0<ap_ufixed<8, 2, (ap_q_mode)4, (ap_o_mode)0, 0>, ap_fixed<19, 8, (ap_q_mode)5, (ap_o_mode)3, 0>, config14>.0.0.0.0'(firmware/nnet_utils/nnet_dense_resource.h:73:37) to 'nnet::dense_resource_rf_gt_nin_rem0<ap_ufixed<8, 2, (ap_q_mode)4, (ap_o_mode)0, 0>, ap_fixed<19, 8, (ap_q_mode)5, (ap_o_mode)3, 0>, config14>.0.0.0.0.0' at call site (firmware/nnet_utils/nnet_dense.h:76->firmware/nnet_utils/nnet_dense.h:45->firmware/myproject.cpp:88) by setting 'biases[3].V' to 'b14.V.3'.
INFO: [XFORM 203-622] Instantiating function 'nnet::dense_resource_rf_gt_nin_rem0<ap_ufixed<8, 2, (ap_q_mode)4, (ap_o_mode)0, 0>, ap_fixed<19, 8, (ap_q_mode)5, (ap_o_mode)3, 0>, config14>.0.0.0.0.0'(firmware/nnet_utils/nnet_dense_resource.h:73:37) to 'nnet::dense_resource_rf_gt_nin_rem0<ap_ufixed<8, 2, (ap_q_mode)4, (ap_o_mode)0, 0>, ap_fixed<19, 8, (ap_q_mode)5, (ap_o_mode)3, 0>, config14>.0.0.0.0.0.0' at call site (firmware/nnet_utils/nnet_dense.h:76->firmware/nnet_utils/nnet_dense.h:45->firmware/myproject.cpp:88) by setting 'biases[4].V' to 'b14.V.4'.
INFO: [XFORM 203-622] Instantiating function 'nnet::dense_resource_rf_gt_nin_rem0<ap_ufixed<8, 2, (ap_q_mode)4, (ap_o_mode)0, 0>, ap_fixed<19, 8, (ap_q_mode)5, (ap_o_mode)3, 0>, config14>.0.0.0.0.0.0'(firmware/nnet_utils/nnet_dense_resource.h:73:37) to 'nnet::dense_resource_rf_gt_nin_rem0<ap_ufixed<8, 2, (ap_q_mode)4, (ap_o_mode)0, 0>, ap_fixed<19, 8, (ap_q_mode)5, (ap_o_mode)3, 0>, config14>.0.0.0.0.0.0.0' at call site (firmware/nnet_utils/nnet_dense.h:76->firmware/nnet_utils/nnet_dense.h:45->firmware/myproject.cpp:88) by setting 'biases[5].V' to 'b14.V.5'.
INFO: [XFORM 203-622] Instantiating function 'nnet::dense_resource_rf_gt_nin_rem0<ap_ufixed<8, 2, (ap_q_mode)4, (ap_o_mode)0, 0>, ap_fixed<19, 8, (ap_q_mode)5, (ap_o_mode)3, 0>, config14>.0.0.0.0.0.0.0'(firmware/nnet_utils/nnet_dense_resource.h:73:37) to 'nnet::dense_resource_rf_gt_nin_rem0<ap_ufixed<8, 2, (ap_q_mode)4, (ap_o_mode)0, 0>, ap_fixed<19, 8, (ap_q_mode)5, (ap_o_mode)3, 0>, config14>.0.0.0.0.0.0.0.0' at call site (firmware/nnet_utils/nnet_dense.h:76->firmware/nnet_utils/nnet_dense.h:45->firmware/myproject.cpp:88) by setting 'biases[6].V' to 'b14.V.6'.
INFO: [XFORM 203-622] Instantiating function 'nnet::dense_resource_rf_gt_nin_rem0<ap_ufixed<8, 2, (ap_q_mode)4, (ap_o_mode)0, 0>, ap_fixed<19, 8, (ap_q_mode)5, (ap_o_mode)3, 0>, config14>.0.0.0.0.0.0.0.0'(firmware/nnet_utils/nnet_dense_resource.h:73:37) to 'nnet::dense_resource_rf_gt_nin_rem0<ap_ufixed<8, 2, (ap_q_mode)4, (ap_o_mode)0, 0>, ap_fixed<19, 8, (ap_q_mode)5, (ap_o_mode)3, 0>, config14>.0.0.0.0.0.0.0.0.0' at call site (firmware/nnet_utils/nnet_dense.h:76->firmware/nnet_utils/nnet_dense.h:45->firmware/myproject.cpp:88) by setting 'biases[7].V' to 'b14.V.7'.
INFO: [XFORM 203-622] Instantiating function 'nnet::dense_resource_rf_gt_nin_rem0<ap_ufixed<8, 2, (ap_q_mode)4, (ap_o_mode)0, 0>, ap_fixed<19, 8, (ap_q_mode)5, (ap_o_mode)3, 0>, config11>'(firmware/nnet_utils/nnet_dense_resource.h:73:37) to 'nnet::dense_resource_rf_gt_nin_rem0<ap_ufixed<8, 2, (ap_q_mode)4, (ap_o_mode)0, 0>, ap_fixed<19, 8, (ap_q_mode)5, (ap_o_mode)3, 0>, config11>.0' at call site (firmware/nnet_utils/nnet_dense.h:76->firmware/nnet_utils/nnet_dense.h:45->firmware/myproject.cpp:84) by setting 'weights.V' to 'w11.V'.
INFO: [XFORM 203-622] Instantiating function 'nnet::dense_resource_rf_gt_nin_rem0<ap_ufixed<8, 2, (ap_q_mode)4, (ap_o_mode)0, 0>, ap_fixed<19, 8, (ap_q_mode)5, (ap_o_mode)3, 0>, config11>.0'(firmware/nnet_utils/nnet_dense_resource.h:73:37) to 'nnet::dense_resource_rf_gt_nin_rem0<ap_ufixed<8, 2, (ap_q_mode)4, (ap_o_mode)0, 0>, ap_fixed<19, 8, (ap_q_mode)5, (ap_o_mode)3, 0>, config11>.0.0' at call site (firmware/nnet_utils/nnet_dense.h:76->firmware/nnet_utils/nnet_dense.h:45->firmware/myproject.cpp:84) by setting 'biases[0].V' to 'b11.V.0'.
INFO: [XFORM 203-622] Instantiating function 'nnet::dense_resource_rf_gt_nin_rem0<ap_ufixed<8, 2, (ap_q_mode)4, (ap_o_mode)0, 0>, ap_fixed<19, 8, (ap_q_mode)5, (ap_o_mode)3, 0>, config11>.0.0'(firmware/nnet_utils/nnet_dense_resource.h:73:37) to 'nnet::dense_resource_rf_gt_nin_rem0<ap_ufixed<8, 2, (ap_q_mode)4, (ap_o_mode)0, 0>, ap_fixed<19, 8, (ap_q_mode)5, (ap_o_mode)3, 0>, config11>.0.0.0' at call site (firmware/nnet_utils/nnet_dense.h:76->firmware/nnet_utils/nnet_dense.h:45->firmware/myproject.cpp:84) by setting 'biases[1].V' to 'b11.V.1'.
INFO: [XFORM 203-622] Instantiating function 'nnet::dense_resource_rf_gt_nin_rem0<ap_ufixed<8, 2, (ap_q_mode)4, (ap_o_mode)0, 0>, ap_fixed<19, 8, (ap_q_mode)5, (ap_o_mode)3, 0>, config11>.0.0.0'(firmware/nnet_utils/nnet_dense_resource.h:73:37) to 'nnet::dense_resource_rf_gt_nin_rem0<ap_ufixed<8, 2, (ap_q_mode)4, (ap_o_mode)0, 0>, ap_fixed<19, 8, (ap_q_mode)5, (ap_o_mode)3, 0>, config11>.0.0.0.0' at call site (firmware/nnet_utils/nnet_dense.h:76->firmware/nnet_utils/nnet_dense.h:45->firmware/myproject.cpp:84) by setting 'biases[2].V' to 'b11.V.2'.
INFO: [XFORM 203-622] Instantiating function 'nnet::dense_resource_rf_gt_nin_rem0<ap_ufixed<8, 2, (ap_q_mode)4, (ap_o_mode)0, 0>, ap_fixed<19, 8, (ap_q_mode)5, (ap_o_mode)3, 0>, config11>.0.0.0.0'(firmware/nnet_utils/nnet_dense_resource.h:73:37) to 'nnet::dense_resource_rf_gt_nin_rem0<ap_ufixed<8, 2, (ap_q_mode)4, (ap_o_mode)0, 0>, ap_fixed<19, 8, (ap_q_mode)5, (ap_o_mode)3, 0>, config11>.0.0.0.0.0' at call site (firmware/nnet_utils/nnet_dense.h:76->firmware/nnet_utils/nnet_dense.h:45->firmware/myproject.cpp:84) by setting 'biases[3].V' to 'b11.V.3'.
INFO: [XFORM 203-622] Instantiating function 'nnet::dense_resource_rf_gt_nin_rem0<ap_ufixed<8, 2, (ap_q_mode)4, (ap_o_mode)0, 0>, ap_fixed<19, 8, (ap_q_mode)5, (ap_o_mode)3, 0>, config8>'(firmware/nnet_utils/nnet_dense_resource.h:73:37) to 'nnet::dense_resource_rf_gt_nin_rem0<ap_ufixed<8, 2, (ap_q_mode)4, (ap_o_mode)0, 0>, ap_fixed<19, 8, (ap_q_mode)5, (ap_o_mode)3, 0>, config8>.0' at call site (firmware/nnet_utils/nnet_dense.h:76->firmware/nnet_utils/nnet_dense.h:45->firmware/myproject.cpp:80) by setting 'weights.V' to 'w8.V'.
INFO: [XFORM 203-622] Instantiating function 'nnet::dense_resource_rf_gt_nin_rem0<ap_ufixed<8, 2, (ap_q_mode)4, (ap_o_mode)0, 0>, ap_fixed<19, 8, (ap_q_mode)5, (ap_o_mode)3, 0>, config8>.0'(firmware/nnet_utils/nnet_dense_resource.h:73:37) to 'nnet::dense_resource_rf_gt_nin_rem0<ap_ufixed<8, 2, (ap_q_mode)4, (ap_o_mode)0, 0>, ap_fixed<19, 8, (ap_q_mode)5, (ap_o_mode)3, 0>, config8>.0.0' at call site (firmware/nnet_utils/nnet_dense.h:76->firmware/nnet_utils/nnet_dense.h:45->firmware/myproject.cpp:80) by setting 'biases[0].V' to 'b8.V.0'.
INFO: [XFORM 203-622] Instantiating function 'nnet::dense_resource_rf_gt_nin_rem0<ap_ufixed<8, 2, (ap_q_mode)4, (ap_o_mode)0, 0>, ap_fixed<19, 8, (ap_q_mode)5, (ap_o_mode)3, 0>, config8>.0.0'(firmware/nnet_utils/nnet_dense_resource.h:73:37) to 'nnet::dense_resource_rf_gt_nin_rem0<ap_ufixed<8, 2, (ap_q_mode)4, (ap_o_mode)0, 0>, ap_fixed<19, 8, (ap_q_mode)5, (ap_o_mode)3, 0>, config8>.0.0.0' at call site (firmware/nnet_utils/nnet_dense.h:76->firmware/nnet_utils/nnet_dense.h:45->firmware/myproject.cpp:80) by setting 'biases[1].V' to 'b8.V.1'.
INFO: [XFORM 203-622] Instantiating function 'nnet::dense_resource_rf_gt_nin_rem0<ap_ufixed<8, 2, (ap_q_mode)4, (ap_o_mode)0, 0>, ap_fixed<19, 8, (ap_q_mode)5, (ap_o_mode)3, 0>, config8>.0.0.0'(firmware/nnet_utils/nnet_dense_resource.h:73:37) to 'nnet::dense_resource_rf_gt_nin_rem0<ap_ufixed<8, 2, (ap_q_mode)4, (ap_o_mode)0, 0>, ap_fixed<19, 8, (ap_q_mode)5, (ap_o_mode)3, 0>, config8>.0.0.0.0' at call site (firmware/nnet_utils/nnet_dense.h:76->firmware/nnet_utils/nnet_dense.h:45->firmware/myproject.cpp:80) by setting 'biases[2].V' to 'b8.V.2'.
INFO: [XFORM 203-622] Instantiating function 'nnet::dense_resource_rf_gt_nin_rem0<ap_ufixed<8, 2, (ap_q_mode)4, (ap_o_mode)0, 0>, ap_fixed<20, 9, (ap_q_mode)5, (ap_o_mode)3, 0>, config5>'(firmware/nnet_utils/nnet_dense_resource.h:73:37) to 'nnet::dense_resource_rf_gt_nin_rem0<ap_ufixed<8, 2, (ap_q_mode)4, (ap_o_mode)0, 0>, ap_fixed<20, 9, (ap_q_mode)5, (ap_o_mode)3, 0>, config5>.0' at call site (firmware/nnet_utils/nnet_dense.h:76->firmware/nnet_utils/nnet_dense.h:45->firmware/myproject.cpp:76) by setting 'weights.V' to 'w5.V'.
INFO: [XFORM 203-622] Instantiating function 'nnet::dense_resource_rf_gt_nin_rem0<ap_ufixed<8, 2, (ap_q_mode)4, (ap_o_mode)0, 0>, ap_fixed<20, 9, (ap_q_mode)5, (ap_o_mode)3, 0>, config5>.0'(firmware/nnet_utils/nnet_dense_resource.h:73:37) to 'nnet::dense_resource_rf_gt_nin_rem0<ap_ufixed<8, 2, (ap_q_mode)4, (ap_o_mode)0, 0>, ap_fixed<20, 9, (ap_q_mode)5, (ap_o_mode)3, 0>, config5>.0.0' at call site (firmware/nnet_utils/nnet_dense.h:76->firmware/nnet_utils/nnet_dense.h:45->firmware/myproject.cpp:76) by setting 'biases[0].V' to 'b5.V.0'.
INFO: [XFORM 203-622] Instantiating function 'nnet::dense_resource_rf_gt_nin_rem0<ap_ufixed<8, 2, (ap_q_mode)4, (ap_o_mode)0, 0>, ap_fixed<20, 9, (ap_q_mode)5, (ap_o_mode)3, 0>, config5>.0.0'(firmware/nnet_utils/nnet_dense_resource.h:73:37) to 'nnet::dense_resource_rf_gt_nin_rem0<ap_ufixed<8, 2, (ap_q_mode)4, (ap_o_mode)0, 0>, ap_fixed<20, 9, (ap_q_mode)5, (ap_o_mode)3, 0>, config5>.0.0.0' at call site (firmware/nnet_utils/nnet_dense.h:76->firmware/nnet_utils/nnet_dense.h:45->firmware/myproject.cpp:76) by setting 'biases[1].V' to 'b5.V.1'.
INFO: [XFORM 203-622] Instantiating function 'nnet::dense_resource_rf_gt_nin_rem0<ap_ufixed<8, 2, (ap_q_mode)4, (ap_o_mode)0, 0>, ap_fixed<20, 9, (ap_q_mode)5, (ap_o_mode)3, 0>, config5>.0.0.0'(firmware/nnet_utils/nnet_dense_resource.h:73:37) to 'nnet::dense_resource_rf_gt_nin_rem0<ap_ufixed<8, 2, (ap_q_mode)4, (ap_o_mode)0, 0>, ap_fixed<20, 9, (ap_q_mode)5, (ap_o_mode)3, 0>, config5>.0.0.0.0' at call site (firmware/nnet_utils/nnet_dense.h:76->firmware/nnet_utils/nnet_dense.h:45->firmware/myproject.cpp:76) by setting 'biases[2].V' to 'b5.V.2'.
INFO: [XFORM 203-622] Instantiating function 'nnet::dense_resource_rf_gt_nin_rem0<ap_ufixed<8, 2, (ap_q_mode)4, (ap_o_mode)0, 0>, ap_fixed<20, 9, (ap_q_mode)5, (ap_o_mode)3, 0>, config5>.0.0.0.0'(firmware/nnet_utils/nnet_dense_resource.h:73:37) to 'nnet::dense_resource_rf_gt_nin_rem0<ap_ufixed<8, 2, (ap_q_mode)4, (ap_o_mode)0, 0>, ap_fixed<20, 9, (ap_q_mode)5, (ap_o_mode)3, 0>, config5>.0.0.0.0.0' at call site (firmware/nnet_utils/nnet_dense.h:76->firmware/nnet_utils/nnet_dense.h:45->firmware/myproject.cpp:76) by setting 'biases[3].V' to 'b5.V.3'.
INFO: [XFORM 203-622] Instantiating function 'nnet::dense_resource_rf_gt_nin_rem0<ap_fixed<16, 6, (ap_q_mode)5, (ap_o_mode)3, 0>, ap_fixed<29, 14, (ap_q_mode)5, (ap_o_mode)3, 0>, config2>.1'(firmware/nnet_utils/nnet_dense_resource.h:73:17) to 'nnet::dense_resource_rf_gt_nin_rem0<ap_fixed<16, 6, (ap_q_mode)5, (ap_o_mode)3, 0>, ap_fixed<29, 14, (ap_q_mode)5, (ap_o_mode)3, 0>, config2>.1.0' by setting 'weights.V' to 'w2.V'.
INFO: [XFORM 203-622] Instantiating function 'nnet::dense_resource_rf_gt_nin_rem0<ap_fixed<16, 6, (ap_q_mode)5, (ap_o_mode)3, 0>, ap_fixed<29, 14, (ap_q_mode)5, (ap_o_mode)3, 0>, config2>.1.0'(firmware/nnet_utils/nnet_dense_resource.h:73:17) to 'nnet::dense_resource_rf_gt_nin_rem0<ap_fixed<16, 6, (ap_q_mode)5, (ap_o_mode)3, 0>, ap_fixed<29, 14, (ap_q_mode)5, (ap_o_mode)3, 0>, config2>.1.0.0' by setting 'biases[0].V' to 'b2.V.0'.
INFO: [XFORM 203-622] Instantiating function 'nnet::dense_resource_rf_gt_nin_rem0<ap_fixed<16, 6, (ap_q_mode)5, (ap_o_mode)3, 0>, ap_fixed<29, 14, (ap_q_mode)5, (ap_o_mode)3, 0>, config2>.1.0.0'(firmware/nnet_utils/nnet_dense_resource.h:73:17) to 'nnet::dense_resource_rf_gt_nin_rem0<ap_fixed<16, 6, (ap_q_mode)5, (ap_o_mode)3, 0>, ap_fixed<29, 14, (ap_q_mode)5, (ap_o_mode)3, 0>, config2>.1.0.0.0' by setting 'biases[1].V' to 'b2.V.1'.
INFO: [XFORM 203-622] Instantiating function 'nnet::dense_resource_rf_gt_nin_rem0<ap_fixed<16, 6, (ap_q_mode)5, (ap_o_mode)3, 0>, ap_fixed<29, 14, (ap_q_mode)5, (ap_o_mode)3, 0>, config2>.1.0.0.0'(firmware/nnet_utils/nnet_dense_resource.h:73:17) to 'nnet::dense_resource_rf_gt_nin_rem0<ap_fixed<16, 6, (ap_q_mode)5, (ap_o_mode)3, 0>, ap_fixed<29, 14, (ap_q_mode)5, (ap_o_mode)3, 0>, config2>.1.0.0.0.0' by setting 'biases[2].V' to 'b2.V.2'.
INFO: [XFORM 203-622] Instantiating function 'nnet::dense_resource_rf_gt_nin_rem0<ap_fixed<16, 6, (ap_q_mode)5, (ap_o_mode)3, 0>, ap_fixed<29, 14, (ap_q_mode)5, (ap_o_mode)3, 0>, config2>.1.0.0.0.0'(firmware/nnet_utils/nnet_dense_resource.h:73:17) to 'nnet::dense_resource_rf_gt_nin_rem0<ap_fixed<16, 6, (ap_q_mode)5, (ap_o_mode)3, 0>, ap_fixed<29, 14, (ap_q_mode)5, (ap_o_mode)3, 0>, config2>.1.0.0.0.0.0' by setting 'biases[3].V' to 'b2.V.3'.
INFO: [XFORM 203-622] Instantiating function 'nnet::dense_resource_rf_gt_nin_rem0<ap_fixed<16, 6, (ap_q_mode)5, (ap_o_mode)3, 0>, ap_fixed<29, 14, (ap_q_mode)5, (ap_o_mode)3, 0>, config2>.1.0.0.0.0.0'(firmware/nnet_utils/nnet_dense_resource.h:73:17) to 'nnet::dense_resource_rf_gt_nin_rem0<ap_fixed<16, 6, (ap_q_mode)5, (ap_o_mode)3, 0>, ap_fixed<29, 14, (ap_q_mode)5, (ap_o_mode)3, 0>, config2>.1.0.0.0.0.0.0' by setting 'biases[4].V' to 'b2.V.4'.
INFO: [XFORM 203-622] Instantiating function 'nnet::dense_resource_rf_gt_nin_rem0<ap_fixed<16, 6, (ap_q_mode)5, (ap_o_mode)3, 0>, ap_fixed<29, 14, (ap_q_mode)5, (ap_o_mode)3, 0>, config2>.1.0.0.0.0.0.0'(firmware/nnet_utils/nnet_dense_resource.h:73:17) to 'nnet::dense_resource_rf_gt_nin_rem0<ap_fixed<16, 6, (ap_q_mode)5, (ap_o_mode)3, 0>, ap_fixed<29, 14, (ap_q_mode)5, (ap_o_mode)3, 0>, config2>.1.0.0.0.0.0.0.0' by setting 'biases[5].V' to 'b2.V.5'.
INFO: [XFORM 203-622] Instantiating function 'nnet::dense_resource_rf_gt_nin_rem0<ap_fixed<16, 6, (ap_q_mode)5, (ap_o_mode)3, 0>, ap_fixed<29, 14, (ap_q_mode)5, (ap_o_mode)3, 0>, config2>.1.0.0.0.0.0.0.0'(firmware/nnet_utils/nnet_dense_resource.h:73:17) to 'nnet::dense_resource_rf_gt_nin_rem0<ap_fixed<16, 6, (ap_q_mode)5, (ap_o_mode)3, 0>, ap_fixed<29, 14, (ap_q_mode)5, (ap_o_mode)3, 0>, config2>.1.0.0.0.0.0.0.0.0' by setting 'biases[6].V' to 'b2.V.6'.
INFO: [XFORM 203-622] Instantiating function 'nnet::dense_resource_rf_gt_nin_rem0<ap_fixed<16, 6, (ap_q_mode)5, (ap_o_mode)3, 0>, ap_fixed<29, 14, (ap_q_mode)5, (ap_o_mode)3, 0>, config2>.1.0.0.0.0.0.0.0.0'(firmware/nnet_utils/nnet_dense_resource.h:73:17) to 'nnet::dense_resource_rf_gt_nin_rem0<ap_fixed<16, 6, (ap_q_mode)5, (ap_o_mode)3, 0>, ap_fixed<29, 14, (ap_q_mode)5, (ap_o_mode)3, 0>, config2>.1.0.0.0.0.0.0.0.0.0' by setting 'biases[7].V' to 'b2.V.7'.
INFO: [XFORM 203-712] Applying dataflow to function 'myproject', detected/extracted 11 process function(s): 
	 'nnet::dense_resource_rf_gt_nin_rem0<ap_fixed<16, 6, (ap_q_mode)5, (ap_o_mode)3, 0>, ap_fixed<29, 14, (ap_q_mode)5, (ap_o_mode)3, 0>, config2>.1.0.0.0.0.0.0.0.0.0'
	 'nnet::relu<ap_fixed<29, 14, (ap_q_mode)5, (ap_o_mode)3, 0>, ap_ufixed<8, 2, (ap_q_mode)4, (ap_o_mode)0, 0>, relu_config4>'
	 'nnet::dense_resource_rf_gt_nin_rem0<ap_ufixed<8, 2, (ap_q_mode)4, (ap_o_mode)0, 0>, ap_fixed<20, 9, (ap_q_mode)5, (ap_o_mode)3, 0>, config5>.0.0.0.0.0'
	 'nnet::relu<ap_fixed<20, 9, (ap_q_mode)5, (ap_o_mode)3, 0>, ap_ufixed<8, 2, (ap_q_mode)4, (ap_o_mode)0, 0>, relu_config7>'
	 'nnet::dense_resource_rf_gt_nin_rem0<ap_ufixed<8, 2, (ap_q_mode)4, (ap_o_mode)0, 0>, ap_fixed<19, 8, (ap_q_mode)5, (ap_o_mode)3, 0>, config8>.0.0.0.0'
	 'nnet::relu<ap_fixed<19, 8, (ap_q_mode)5, (ap_o_mode)3, 0>, ap_ufixed<8, 2, (ap_q_mode)4, (ap_o_mode)0, 0>, relu_config10>'
	 'nnet::dense_resource_rf_gt_nin_rem0<ap_ufixed<8, 2, (ap_q_mode)4, (ap_o_mode)0, 0>, ap_fixed<19, 8, (ap_q_mode)5, (ap_o_mode)3, 0>, config11>.0.0.0.0.0'
	 'nnet::relu<ap_fixed<19, 8, (ap_q_mode)5, (ap_o_mode)3, 0>, ap_ufixed<8, 2, (ap_q_mode)4, (ap_o_mode)0, 0>, relu_config13>'
	 'nnet::dense_resource_rf_gt_nin_rem0<ap_ufixed<8, 2, (ap_q_mode)4, (ap_o_mode)0, 0>, ap_fixed<19, 8, (ap_q_mode)5, (ap_o_mode)3, 0>, config14>.0.0.0.0.0.0.0.0.0'
	 'nnet::relu<ap_fixed<19, 8, (ap_q_mode)5, (ap_o_mode)3, 0>, ap_ufixed<8, 2, (ap_q_mode)4, (ap_o_mode)0, 0>, relu_config16>'
	 'nnet::dense_resource_rf_gt_nin_rem0<ap_ufixed<8, 2, (ap_q_mode)4, (ap_o_mode)0, 0>, ap_fixed<20, 9, (ap_q_mode)5, (ap_o_mode)3, 0>, config17>.0.0.0.0.0.0.0.0.0.0.0.0.0.0.0'.
INFO: [XFORM 203-401] Performing if-conversion on hyperblock from (firmware/nnet_utils/nnet_activation.h:39:74) to (firmware/nnet_utils/nnet_activation.h:50:1) in function 'nnet::relu<ap_fixed<29, 14, (ap_q_mode)5, (ap_o_mode)3, 0>, ap_ufixed<8, 2, (ap_q_mode)4, (ap_o_mode)0, 0>, relu_config4>'... converting 17 basic blocks.
INFO: [XFORM 203-401] Performing if-conversion on hyperblock from (firmware/nnet_utils/nnet_activation.h:39:74) to (firmware/nnet_utils/nnet_activation.h:50:1) in function 'nnet::relu<ap_fixed<20, 9, (ap_q_mode)5, (ap_o_mode)3, 0>, ap_ufixed<8, 2, (ap_q_mode)4, (ap_o_mode)0, 0>, relu_config7>'... converting 9 basic blocks.
INFO: [XFORM 203-401] Performing if-conversion on hyperblock from (firmware/nnet_utils/nnet_activation.h:39:74) to (firmware/nnet_utils/nnet_activation.h:50:1) in function 'nnet::relu<ap_fixed<19, 8, (ap_q_mode)5, (ap_o_mode)3, 0>, ap_ufixed<8, 2, (ap_q_mode)4, (ap_o_mode)0, 0>, relu_config16>'... converting 17 basic blocks.
INFO: [XFORM 203-401] Performing if-conversion on hyperblock from (firmware/nnet_utils/nnet_activation.h:39:74) to (firmware/nnet_utils/nnet_activation.h:50:1) in function 'nnet::relu<ap_fixed<19, 8, (ap_q_mode)5, (ap_o_mode)3, 0>, ap_ufixed<8, 2, (ap_q_mode)4, (ap_o_mode)0, 0>, relu_config13>'... converting 9 basic blocks.
INFO: [XFORM 203-401] Performing if-conversion on hyperblock from (firmware/nnet_utils/nnet_activation.h:39:74) to (firmware/nnet_utils/nnet_activation.h:50:1) in function 'nnet::relu<ap_fixed<19, 8, (ap_q_mode)5, (ap_o_mode)3, 0>, ap_ufixed<8, 2, (ap_q_mode)4, (ap_o_mode)0, 0>, relu_config10>'... converting 7 basic blocks.
INFO: [XFORM 203-401] Performing if-conversion on hyperblock from (firmware/myproject_axi.cpp:13:40) to (firmware/myproject_axi.cpp:13:35) in function 'myproject_axi'... converting 10 basic blocks.
INFO: [XFORM 203-401] Performing if-conversion on hyperblock from (firmware/myproject_axi.cpp:21:41) to (firmware/myproject_axi.cpp:21:36) in function 'myproject_axi'... converting 10 basic blocks.
INFO: [HLS 200-111] Finished Pre-synthesis Time (s): cpu = 00:00:44 ; elapsed = 00:00:46 . Memory (MB): peak = 1498.758 ; gain = 1097.754 ; free physical = 1289 ; free virtual = 3930
WARNING: [XFORM 203-631] Renaming function 'nnet::relu<ap_fixed<29, 14, (ap_q_mode)5, (ap_o_mode)3, 0>, ap_ufixed<8, 2, (ap_q_mode)4, (ap_o_mode)0, 0>, relu_config4>' to 'relu<ap_fixed<29, 14, 5, 3, 0>, ap_ufixed<8, 2, 4, 0, 0>, relu_config4>' (firmware/nnet_utils/nnet_activation.h:39)
WARNING: [XFORM 203-631] Renaming function 'nnet::relu<ap_fixed<20, 9, (ap_q_mode)5, (ap_o_mode)3, 0>, ap_ufixed<8, 2, (ap_q_mode)4, (ap_o_mode)0, 0>, relu_config7>' to 'relu<ap_fixed<20, 9, 5, 3, 0>, ap_ufixed<8, 2, 4, 0, 0>, relu_config7>' (firmware/nnet_utils/nnet_activation.h:39)
WARNING: [XFORM 203-631] Renaming function 'nnet::relu<ap_fixed<19, 8, (ap_q_mode)5, (ap_o_mode)3, 0>, ap_ufixed<8, 2, (ap_q_mode)4, (ap_o_mode)0, 0>, relu_config16>' to 'relu<ap_fixed<19, 8, 5, 3, 0>, ap_ufixed<8, 2, 4, 0, 0>, relu_config16>' (firmware/nnet_utils/nnet_activation.h:39)
WARNING: [XFORM 203-631] Renaming function 'nnet::relu<ap_fixed<19, 8, (ap_q_mode)5, (ap_o_mode)3, 0>, ap_ufixed<8, 2, (ap_q_mode)4, (ap_o_mode)0, 0>, relu_config13>' to 'relu<ap_fixed<19, 8, 5, 3, 0>, ap_ufixed<8, 2, 4, 0, 0>, relu_config13>' (firmware/nnet_utils/nnet_activation.h:39)
WARNING: [XFORM 203-631] Renaming function 'nnet::relu<ap_fixed<19, 8, (ap_q_mode)5, (ap_o_mode)3, 0>, ap_ufixed<8, 2, (ap_q_mode)4, (ap_o_mode)0, 0>, relu_config10>' to 'relu<ap_fixed<19, 8, 5, 3, 0>, ap_ufixed<8, 2, 4, 0, 0>, relu_config10>' (firmware/nnet_utils/nnet_activation.h:39)
WARNING: [XFORM 203-631] Renaming function 'nnet::dense_resource_rf_gt_nin_rem0<ap_ufixed<8, 2, (ap_q_mode)4, (ap_o_mode)0, 0>, ap_fixed<20, 9, (ap_q_mode)5, (ap_o_mode)3, 0>, config5>.0.0.0.0.0' to 'dense_resource_rf_gt_nin_rem0<ap_ufixed,ap_fixed,config5>.0.0.0.0.0' (firmware/nnet_utils/nnet_dense_resource.h:73:17)
WARNING: [XFORM 203-631] Renaming function 'nnet::dense_resource_rf_gt_nin_rem0<ap_ufixed<8, 2, (ap_q_mode)4, (ap_o_mode)0, 0>, ap_fixed<20, 9, (ap_q_mode)5, (ap_o_mode)3, 0>, config17>.0.0.0.0.0.0.0.0.0.0.0.0.0.0.0' to 'dense_resource_rf_gt_nin_rem0.0.0.0.0.0.0.0.0.0.0.0.0.0.0.0' (firmware/nnet_utils/nnet_dense_resource.h:73:17)
WARNING: [XFORM 203-631] Renaming function 'nnet::dense_resource_rf_gt_nin_rem0<ap_ufixed<8, 2, (ap_q_mode)4, (ap_o_mode)0, 0>, ap_fixed<19, 8, (ap_q_mode)5, (ap_o_mode)3, 0>, config8>.0.0.0.0' to 'dense_resource_rf_gt_nin_rem0<ap_ufixed,ap_fixed,config8>.0.0.0.0' (firmware/nnet_utils/nnet_dense_resource.h:73:17)
WARNING: [XFORM 203-631] Renaming function 'nnet::dense_resource_rf_gt_nin_rem0<ap_ufixed<8, 2, (ap_q_mode)4, (ap_o_mode)0, 0>, ap_fixed<19, 8, (ap_q_mode)5, (ap_o_mode)3, 0>, config14>.0.0.0.0.0.0.0.0.0' to 'dense_resource_rf_gt_nin_rem0<ap_ufixed,ap_fixed,config14>.0.0.0.0.0.0.0.0.0' (firmware/nnet_utils/nnet_dense_resource.h:73:17)
WARNING: [XFORM 203-631] Renaming function 'nnet::dense_resource_rf_gt_nin_rem0<ap_ufixed<8, 2, (ap_q_mode)4, (ap_o_mode)0, 0>, ap_fixed<19, 8, (ap_q_mode)5, (ap_o_mode)3, 0>, config11>.0.0.0.0.0' to 'dense_resource_rf_gt_nin_rem0<ap_ufixed,ap_fixed,config11>.0.0.0.0.0' (firmware/nnet_utils/nnet_dense_resource.h:73:17)
WARNING: [XFORM 203-631] Renaming function 'nnet::dense_resource_rf_gt_nin_rem0<ap_fixed<16, 6, (ap_q_mode)5, (ap_o_mode)3, 0>, ap_fixed<29, 14, (ap_q_mode)5, (ap_o_mode)3, 0>, config2>.1.0.0.0.0.0.0.0.0.0' to 'dense_resource_rf_gt_nin_rem0<ap_fixed,ap_fixed,config2>.1.0.0.0.0.0.0.0.0.0' (firmware/nnet_utils/nnet_dense_resource.h:73:17)
INFO: [XFORM 203-531] Rewinding loop 'ReuseLoop' (firmware/nnet_utils/nnet_dense_resource.h:135) in function 'dense_resource_rf_gt_nin_rem0<ap_ufixed,ap_fixed,config8>.0.0.0.0'.
INFO: [XFORM 203-531] Rewinding loop 'ReuseLoop' (firmware/nnet_utils/nnet_dense_resource.h:135) in function 'dense_resource_rf_gt_nin_rem0<ap_ufixed,ap_fixed,config5>.0.0.0.0.0'.
INFO: [XFORM 203-531] Rewinding loop 'ReuseLoop' (firmware/nnet_utils/nnet_dense_resource.h:135) in function 'dense_resource_rf_gt_nin_rem0<ap_ufixed,ap_fixed,config14>.0.0.0.0.0.0.0.0.0'.
INFO: [XFORM 203-531] Rewinding loop 'ReuseLoop' (firmware/nnet_utils/nnet_dense_resource.h:135) in function 'dense_resource_rf_gt_nin_rem0<ap_ufixed,ap_fixed,config11>.0.0.0.0.0'.
INFO: [XFORM 203-531] Rewinding loop 'ReuseLoop' (firmware/nnet_utils/nnet_dense_resource.h:135) in function 'dense_resource_rf_gt_nin_rem0.0.0.0.0.0.0.0.0.0.0.0.0.0.0.0'.
INFO: [XFORM 203-531] Rewinding loop 'ReuseLoop' (firmware/nnet_utils/nnet_dense_resource.h:135) in function 'dense_resource_rf_gt_nin_rem0<ap_fixed,ap_fixed,config2>.1.0.0.0.0.0.0.0.0.0'.
WARNING: [XFORM 203-561] Ignored multiple trip count directives for loop 'ReuseLoop' in function 'dense_resource_rf_gt_nin_rem0<ap_ufixed,ap_fixed,config8>.0.0.0.0'.
WARNING: [XFORM 203-561] Ignored multiple trip count directives for loop 'ReuseLoop' in function 'dense_resource_rf_gt_nin_rem0<ap_ufixed,ap_fixed,config5>.0.0.0.0.0'.
WARNING: [XFORM 203-561] Ignored multiple trip count directives for loop 'ReuseLoop' in function 'dense_resource_rf_gt_nin_rem0<ap_ufixed,ap_fixed,config14>.0.0.0.0.0.0.0.0.0'.
WARNING: [XFORM 203-561] Ignored multiple trip count directives for loop 'ReuseLoop' in function 'dense_resource_rf_gt_nin_rem0<ap_ufixed,ap_fixed,config11>.0.0.0.0.0'.
WARNING: [XFORM 203-561] Ignored multiple trip count directives for loop 'ReuseLoop' in function 'dense_resource_rf_gt_nin_rem0.0.0.0.0.0.0.0.0.0.0.0.0.0.0.0'.
WARNING: [XFORM 203-561] Ignored multiple trip count directives for loop 'ReuseLoop' in function 'dense_resource_rf_gt_nin_rem0<ap_fixed,ap_fixed,config2>.1.0.0.0.0.0.0.0.0.0'.
INFO: [HLS 200-111] Finished Architecture Synthesis Time (s): cpu = 00:00:46 ; elapsed = 00:00:47 . Memory (MB): peak = 1498.758 ; gain = 1097.754 ; free physical = 1181 ; free virtual = 3823
INFO: [HLS 200-10] Starting hardware synthesis ...
INFO: [HLS 200-10] Synthesizing 'myproject_axi' ...
WARNING: [SYN 201-103] Legalizing function name 'dense_resource_rf_gt_nin_rem0<ap_fixed,ap_fixed,config2>.1.0.0.0.0.0.0.0.0.0' to 'dense_resource_rf_gt_nin_rem0_ap_fixed_ap_fixed_config2_1_0_0_0_0_0_0_0_0_0'.
WARNING: [SYN 201-103] Legalizing function name 'relu<ap_fixed<29, 14, 5, 3, 0>, ap_ufixed<8, 2, 4, 0, 0>, relu_config4>' to 'relu_ap_fixed_29_14_5_3_0_ap_ufixed_8_2_4_0_0_relu_config4_s'.
WARNING: [SYN 201-103] Legalizing function name 'dense_resource_rf_gt_nin_rem0<ap_ufixed,ap_fixed,config5>.0.0.0.0.0' to 'dense_resource_rf_gt_nin_rem0_ap_ufixed_ap_fixed_config5_0_0_0_0_0'.
WARNING: [SYN 201-103] Legalizing function name 'relu<ap_fixed<20, 9, 5, 3, 0>, ap_ufixed<8, 2, 4, 0, 0>, relu_config7>' to 'relu_ap_fixed_20_9_5_3_0_ap_ufixed_8_2_4_0_0_relu_config7_s'.
WARNING: [SYN 201-103] Legalizing function name 'dense_resource_rf_gt_nin_rem0<ap_ufixed,ap_fixed,config8>.0.0.0.0' to 'dense_resource_rf_gt_nin_rem0_ap_ufixed_ap_fixed_config8_0_0_0_0'.
WARNING: [SYN 201-103] Legalizing function name 'relu<ap_fixed<19, 8, 5, 3, 0>, ap_ufixed<8, 2, 4, 0, 0>, relu_config10>' to 'relu_ap_fixed_19_8_5_3_0_ap_ufixed_8_2_4_0_0_relu_config10_s'.
WARNING: [SYN 201-103] Legalizing function name 'dense_resource_rf_gt_nin_rem0<ap_ufixed,ap_fixed,config11>.0.0.0.0.0' to 'dense_resource_rf_gt_nin_rem0_ap_ufixed_ap_fixed_config11_0_0_0_0_0'.
WARNING: [SYN 201-103] Legalizing function name 'relu<ap_fixed<19, 8, 5, 3, 0>, ap_ufixed<8, 2, 4, 0, 0>, relu_config13>' to 'relu_ap_fixed_19_8_5_3_0_ap_ufixed_8_2_4_0_0_relu_config13_s'.
WARNING: [SYN 201-103] Legalizing function name 'dense_resource_rf_gt_nin_rem0<ap_ufixed,ap_fixed,config14>.0.0.0.0.0.0.0.0.0' to 'dense_resource_rf_gt_nin_rem0_ap_ufixed_ap_fixed_config14_0_0_0_0_0_0_0_0_0'.
WARNING: [SYN 201-103] Legalizing function name 'relu<ap_fixed<19, 8, 5, 3, 0>, ap_ufixed<8, 2, 4, 0, 0>, relu_config16>' to 'relu_ap_fixed_19_8_5_3_0_ap_ufixed_8_2_4_0_0_relu_config16_s'.
WARNING: [SYN 201-103] Legalizing function name 'dense_resource_rf_gt_nin_rem0.0.0.0.0.0.0.0.0.0.0.0.0.0.0.0' to 'dense_resource_rf_gt_nin_rem0_0_0_0_0_0_0_0_0_0_0_0_0_0_0_0'.
INFO: [HLS 200-10] ----------------------------------------------------------------
INFO: [HLS 200-42] -- Implementing module 'dense_resource_rf_gt_nin_rem0_ap_fixed_ap_fixed_config2_1_0_0_0_0_0_0_0_0_0' 
INFO: [HLS 200-10] ----------------------------------------------------------------
INFO: [SCHED 204-11] Starting scheduling ...
INFO: [SCHED 204-61] Pipelining loop 'ReuseLoop'.
INFO: [SCHED 204-61] Pipelining result : Target II = 1, Final II = 1, Depth = 14.
WARNING: [SCHED 204-21] Estimated clock period (6.325ns) exceeds the target (target clock period: 5ns, clock uncertainty: 0.625ns, effective delay budget: 4.375ns).
WARNING: [SCHED 204-21] The critical path in module 'dense_resource_rf_gt_nin_rem0_ap_fixed_ap_fixed_config2_1_0_0_0_0_0_0_0_0_0' consists of the following:
	multiplexor before 'phi' operation ('acc[4].V') with incoming values : ('acc[4].V', firmware/nnet_utils/nnet_dense_resource.h:145) [96]  (1.77 ns)
	'phi' operation ('acc[4].V') with incoming values : ('acc[4].V', firmware/nnet_utils/nnet_dense_resource.h:145) [96]  (0 ns)
	'phi' operation ('__Val2__') with incoming values : ('acc[4].V', firmware/nnet_utils/nnet_dense_resource.h:145) [17]  (0 ns)
	'mux' operation ('phi_ln1265_2_i', firmware/nnet_utils/nnet_dense_resource.h:145) [83]  (2.48 ns)
	'add' operation ('acc[4].V', firmware/nnet_utils/nnet_dense_resource.h:145) [84]  (2.08 ns)
INFO: [SCHED 204-11] Finished scheduling.
INFO: [HLS 200-111]  Elapsed time: 47.75 seconds; current allocated memory: 290.009 MB.
INFO: [BIND 205-100] Starting micro-architecture generation ...
INFO: [BIND 205-101] Performing variable lifetime analysis.
INFO: [BIND 205-101] Exploring resource sharing.
INFO: [BIND 205-101] Binding ...
INFO: [BIND 205-100] Finished micro-architecture generation.
INFO: [HLS 200-111]  Elapsed time: 0.11 seconds; current allocated memory: 290.670 MB.
INFO: [HLS 200-10] ----------------------------------------------------------------
INFO: [HLS 200-42] -- Implementing module 'relu_ap_fixed_29_14_5_3_0_ap_ufixed_8_2_4_0_0_relu_config4_s' 
INFO: [HLS 200-10] ----------------------------------------------------------------
INFO: [SCHED 204-11] Starting scheduling ...
INFO: [SCHED 204-61] Pipelining function 'relu<ap_fixed<29, 14, 5, 3, 0>, ap_ufixed<8, 2, 4, 0, 0>, relu_config4>'.
INFO: [SCHED 204-61] Pipelining result : Target II = 1, Final II = 1, Depth = 2.
INFO: [SCHED 204-11] Finished scheduling.
INFO: [HLS 200-111]  Elapsed time: 0.24 seconds; current allocated memory: 291.308 MB.
INFO: [BIND 205-100] Starting micro-architecture generation ...
INFO: [BIND 205-101] Performing variable lifetime analysis.
INFO: [BIND 205-101] Exploring resource sharing.
INFO: [BIND 205-101] Binding ...
INFO: [BIND 205-100] Finished micro-architecture generation.
INFO: [HLS 200-111]  Elapsed time: 0.19 seconds; current allocated memory: 292.129 MB.
INFO: [HLS 200-10] ----------------------------------------------------------------
INFO: [HLS 200-42] -- Implementing module 'dense_resource_rf_gt_nin_rem0_ap_ufixed_ap_fixed_config5_0_0_0_0_0' 
INFO: [HLS 200-10] ----------------------------------------------------------------
INFO: [SCHED 204-11] Starting scheduling ...
INFO: [SCHED 204-61] Pipelining loop 'ReuseLoop'.
INFO: [SCHED 204-61] Pipelining result : Target II = 1, Final II = 1, Depth = 5.
WARNING: [SCHED 204-21] Estimated clock period (5.804ns) exceeds the target (target clock period: 5ns, clock uncertainty: 0.625ns, effective delay budget: 4.375ns).
WARNING: [SCHED 204-21] The critical path in module 'dense_resource_rf_gt_nin_rem0_ap_ufixed_ap_fixed_config5_0_0_0_0_0' consists of the following:
	multiplexor before 'phi' operation ('acc[0].V') with incoming values : ('acc[0].V', firmware/nnet_utils/nnet_dense_resource.h:145) [86]  (1.77 ns)
	'phi' operation ('acc[0].V') with incoming values : ('acc[0].V', firmware/nnet_utils/nnet_dense_resource.h:145) [86]  (0 ns)
	'phi' operation ('acc_0_V_012', firmware/nnet_utils/nnet_dense_resource.h:145) with incoming values : ('acc[0].V', firmware/nnet_utils/nnet_dense_resource.h:145) [31]  (0 ns)
	'mux' operation ('tmp_35', firmware/nnet_utils/nnet_dense_resource.h:145) [72]  (1.96 ns)
	'add' operation ('acc[0].V', firmware/nnet_utils/nnet_dense_resource.h:145) [73]  (2.08 ns)
INFO: [SCHED 204-11] Finished scheduling.
INFO: [HLS 200-111]  Elapsed time: 0.41 seconds; current allocated memory: 292.559 MB.
INFO: [BIND 205-100] Starting micro-architecture generation ...
INFO: [BIND 205-101] Performing variable lifetime analysis.
INFO: [BIND 205-101] Exploring resource sharing.
INFO: [BIND 205-101] Binding ...
INFO: [BIND 205-100] Finished micro-architecture generation.
INFO: [HLS 200-111]  Elapsed time: 0.09 seconds; current allocated memory: 293.152 MB.
INFO: [HLS 200-10] ----------------------------------------------------------------
INFO: [HLS 200-42] -- Implementing module 'relu_ap_fixed_20_9_5_3_0_ap_ufixed_8_2_4_0_0_relu_config7_s' 
INFO: [HLS 200-10] ----------------------------------------------------------------
INFO: [SCHED 204-11] Starting scheduling ...
INFO: [SCHED 204-61] Pipelining function 'relu<ap_fixed<20, 9, 5, 3, 0>, ap_ufixed<8, 2, 4, 0, 0>, relu_config7>'.
INFO: [SCHED 204-61] Pipelining result : Target II = 1, Final II = 1, Depth = 2.
INFO: [SCHED 204-11] Finished scheduling.
INFO: [HLS 200-111]  Elapsed time: 0.13 seconds; current allocated memory: 293.435 MB.
INFO: [BIND 205-100] Starting micro-architecture generation ...
INFO: [BIND 205-101] Performing variable lifetime analysis.
INFO: [BIND 205-101] Exploring resource sharing.
INFO: [BIND 205-101] Binding ...
INFO: [BIND 205-100] Finished micro-architecture generation.
INFO: [HLS 200-111]  Elapsed time: 0.11 seconds; current allocated memory: 293.836 MB.
INFO: [HLS 200-10] ----------------------------------------------------------------
INFO: [HLS 200-42] -- Implementing module 'dense_resource_rf_gt_nin_rem0_ap_ufixed_ap_fixed_config8_0_0_0_0' 
INFO: [HLS 200-10] ----------------------------------------------------------------
INFO: [SCHED 204-11] Starting scheduling ...
INFO: [SCHED 204-61] Pipelining loop 'ReuseLoop'.
INFO: [SCHED 204-61] Pipelining result : Target II = 1, Final II = 1, Depth = 5.
WARNING: [SCHED 204-21] Estimated clock period (5.7175ns) exceeds the target (target clock period: 5ns, clock uncertainty: 0.625ns, effective delay budget: 4.375ns).
WARNING: [SCHED 204-21] The critical path in module 'dense_resource_rf_gt_nin_rem0_ap_ufixed_ap_fixed_config8_0_0_0_0' consists of the following:
	'select' operation ('select_ln154', firmware/nnet_utils/nnet_dense_resource.h:154) [72]  (0.698 ns)
	'phi' operation ('in_index_018', firmware/nnet_utils/nnet_dense_resource.h:154) with incoming values : ('select_ln154', firmware/nnet_utils/nnet_dense_resource.h:154) [18]  (0 ns)
	'add' operation ('in_index', firmware/nnet_utils/nnet_dense_resource.h:153) [69]  (2.55 ns)
	'icmp' operation ('icmp_ln154', firmware/nnet_utils/nnet_dense_resource.h:154) [71]  (2.47 ns)
INFO: [SCHED 204-11] Finished scheduling.
INFO: [HLS 200-111]  Elapsed time: 0.3 seconds; current allocated memory: 294.108 MB.
INFO: [BIND 205-100] Starting micro-architecture generation ...
INFO: [BIND 205-101] Performing variable lifetime analysis.
INFO: [BIND 205-101] Exploring resource sharing.
INFO: [BIND 205-101] Binding ...
INFO: [BIND 205-100] Finished micro-architecture generation.
INFO: [HLS 200-111]  Elapsed time: 0.08 seconds; current allocated memory: 294.525 MB.
INFO: [HLS 200-10] ----------------------------------------------------------------
INFO: [HLS 200-42] -- Implementing module 'relu_ap_fixed_19_8_5_3_0_ap_ufixed_8_2_4_0_0_relu_config10_s' 
INFO: [HLS 200-10] ----------------------------------------------------------------
INFO: [SCHED 204-11] Starting scheduling ...
INFO: [SCHED 204-61] Pipelining function 'relu<ap_fixed<19, 8, 5, 3, 0>, ap_ufixed<8, 2, 4, 0, 0>, relu_config10>'.
INFO: [SCHED 204-61] Pipelining result : Target II = 1, Final II = 1, Depth = 2.
INFO: [SCHED 204-11] Finished scheduling.
INFO: [HLS 200-111]  Elapsed time: 0.14 seconds; current allocated memory: 294.748 MB.
INFO: [BIND 205-100] Starting micro-architecture generation ...
INFO: [BIND 205-101] Performing variable lifetime analysis.
INFO: [BIND 205-101] Exploring resource sharing.
INFO: [BIND 205-101] Binding ...
INFO: [BIND 205-100] Finished micro-architecture generation.
INFO: [HLS 200-111]  Elapsed time: 0.08 seconds; current allocated memory: 295.035 MB.
INFO: [HLS 200-10] ----------------------------------------------------------------
INFO: [HLS 200-42] -- Implementing module 'dense_resource_rf_gt_nin_rem0_ap_ufixed_ap_fixed_config11_0_0_0_0_0' 
INFO: [HLS 200-10] ----------------------------------------------------------------
INFO: [SCHED 204-11] Starting scheduling ...
INFO: [SCHED 204-61] Pipelining loop 'ReuseLoop'.
INFO: [SCHED 204-61] Pipelining result : Target II = 1, Final II = 1, Depth = 5.
WARNING: [SCHED 204-21] Estimated clock period (5.804ns) exceeds the target (target clock period: 5ns, clock uncertainty: 0.625ns, effective delay budget: 4.375ns).
WARNING: [SCHED 204-21] The critical path in module 'dense_resource_rf_gt_nin_rem0_ap_ufixed_ap_fixed_config11_0_0_0_0_0' consists of the following:
	multiplexor before 'phi' operation ('acc[3].V') with incoming values : ('acc[0].V', firmware/nnet_utils/nnet_dense_resource.h:145) [63]  (1.77 ns)
	'phi' operation ('acc[3].V') with incoming values : ('acc[0].V', firmware/nnet_utils/nnet_dense_resource.h:145) [63]  (0 ns)
	'phi' operation ('acc_3_V_09', firmware/nnet_utils/nnet_dense_resource.h:145) with incoming values : ('acc[0].V', firmware/nnet_utils/nnet_dense_resource.h:145) [24]  (0 ns)
	'mux' operation ('tmp_39', firmware/nnet_utils/nnet_dense_resource.h:145) [52]  (1.96 ns)
	'add' operation ('acc[0].V', firmware/nnet_utils/nnet_dense_resource.h:145) [53]  (2.08 ns)
INFO: [SCHED 204-11] Finished scheduling.
INFO: [HLS 200-111]  Elapsed time: 0.23 seconds; current allocated memory: 295.349 MB.
INFO: [BIND 205-100] Starting micro-architecture generation ...
INFO: [BIND 205-101] Performing variable lifetime analysis.
INFO: [BIND 205-101] Exploring resource sharing.
INFO: [BIND 205-101] Binding ...
INFO: [BIND 205-100] Finished micro-architecture generation.
INFO: [HLS 200-111]  Elapsed time: 0.08 seconds; current allocated memory: 295.789 MB.
INFO: [HLS 200-10] ----------------------------------------------------------------
INFO: [HLS 200-42] -- Implementing module 'relu_ap_fixed_19_8_5_3_0_ap_ufixed_8_2_4_0_0_relu_config13_s' 
INFO: [HLS 200-10] ----------------------------------------------------------------
INFO: [SCHED 204-11] Starting scheduling ...
INFO: [SCHED 204-61] Pipelining function 'relu<ap_fixed<19, 8, 5, 3, 0>, ap_ufixed<8, 2, 4, 0, 0>, relu_config13>'.
INFO: [SCHED 204-61] Pipelining result : Target II = 1, Final II = 1, Depth = 2.
INFO: [SCHED 204-11] Finished scheduling.
INFO: [HLS 200-111]  Elapsed time: 0.14 seconds; current allocated memory: 296.073 MB.
INFO: [BIND 205-100] Starting micro-architecture generation ...
INFO: [BIND 205-101] Performing variable lifetime analysis.
INFO: [BIND 205-101] Exploring resource sharing.
INFO: [BIND 205-101] Binding ...
INFO: [BIND 205-100] Finished micro-architecture generation.
INFO: [HLS 200-111]  Elapsed time: 0.11 seconds; current allocated memory: 296.476 MB.
INFO: [HLS 200-10] ----------------------------------------------------------------
INFO: [HLS 200-42] -- Implementing module 'dense_resource_rf_gt_nin_rem0_ap_ufixed_ap_fixed_config14_0_0_0_0_0_0_0_0_0' 
INFO: [HLS 200-10] ----------------------------------------------------------------
INFO: [SCHED 204-11] Starting scheduling ...
INFO: [SCHED 204-61] Pipelining loop 'ReuseLoop'.
INFO: [SCHED 204-61] Pipelining result : Target II = 1, Final II = 1, Depth = 4.
WARNING: [SCHED 204-21] Estimated clock period (6.325ns) exceeds the target (target clock period: 5ns, clock uncertainty: 0.625ns, effective delay budget: 4.375ns).
WARNING: [SCHED 204-21] The critical path in module 'dense_resource_rf_gt_nin_rem0_ap_ufixed_ap_fixed_config14_0_0_0_0_0_0_0_0_0' consists of the following:
	'phi' operation ('acc_0_V_016', firmware/nnet_utils/nnet_dense_resource.h:145) with incoming values : ('acc[0].V', firmware/nnet_utils/nnet_dense_resource.h:145) [27]  (0 ns)
	'mux' operation ('tmp_37', firmware/nnet_utils/nnet_dense_resource.h:145) [64]  (2.48 ns)
	'add' operation ('acc[0].V', firmware/nnet_utils/nnet_dense_resource.h:145) [65]  (2.08 ns)
	multiplexor before 'phi' operation ('acc[7].V') with incoming values : ('acc[0].V', firmware/nnet_utils/nnet_dense_resource.h:145) [83]  (1.77 ns)
	'phi' operation ('acc[7].V') with incoming values : ('acc[0].V', firmware/nnet_utils/nnet_dense_resource.h:145) [83]  (0 ns)
INFO: [SCHED 204-11] Finished scheduling.
INFO: [HLS 200-111]  Elapsed time: 0.63 seconds; current allocated memory: 296.853 MB.
INFO: [BIND 205-100] Starting micro-architecture generation ...
INFO: [BIND 205-101] Performing variable lifetime analysis.
INFO: [BIND 205-101] Exploring resource sharing.
INFO: [BIND 205-101] Binding ...
INFO: [BIND 205-100] Finished micro-architecture generation.
INFO: [HLS 200-111]  Elapsed time: 0.11 seconds; current allocated memory: 297.572 MB.
INFO: [HLS 200-10] ----------------------------------------------------------------
INFO: [HLS 200-42] -- Implementing module 'relu_ap_fixed_19_8_5_3_0_ap_ufixed_8_2_4_0_0_relu_config16_s' 
INFO: [HLS 200-10] ----------------------------------------------------------------
INFO: [SCHED 204-11] Starting scheduling ...
INFO: [SCHED 204-61] Pipelining function 'relu<ap_fixed<19, 8, 5, 3, 0>, ap_ufixed<8, 2, 4, 0, 0>, relu_config16>'.
INFO: [SCHED 204-61] Pipelining result : Target II = 1, Final II = 1, Depth = 2.
INFO: [SCHED 204-11] Finished scheduling.
INFO: [HLS 200-111]  Elapsed time: 0.2 seconds; current allocated memory: 298.095 MB.
INFO: [BIND 205-100] Starting micro-architecture generation ...
INFO: [BIND 205-101] Performing variable lifetime analysis.
INFO: [BIND 205-101] Exploring resource sharing.
INFO: [BIND 205-101] Binding ...
INFO: [BIND 205-100] Finished micro-architecture generation.
INFO: [HLS 200-111]  Elapsed time: 0.22 seconds; current allocated memory: 298.828 MB.
INFO: [HLS 200-10] ----------------------------------------------------------------
INFO: [HLS 200-42] -- Implementing module 'dense_resource_rf_gt_nin_rem0_0_0_0_0_0_0_0_0_0_0_0_0_0_0_0' 
INFO: [HLS 200-10] ----------------------------------------------------------------
INFO: [SCHED 204-11] Starting scheduling ...
INFO: [SCHED 204-61] Pipelining loop 'ReuseLoop'.
INFO: [SCHED 204-61] Pipelining result : Target II = 1, Final II = 1, Depth = 5.
WARNING: [SCHED 204-21] Estimated clock period (6.325ns) exceeds the target (target clock period: 5ns, clock uncertainty: 0.625ns, effective delay budget: 4.375ns).
WARNING: [SCHED 204-21] The critical path in module 'dense_resource_rf_gt_nin_rem0_0_0_0_0_0_0_0_0_0_0_0_0_0_0_0' consists of the following:
	'phi' operation ('__Val2__') with incoming values : ('acc[0].V', firmware/nnet_utils/nnet_dense_resource.h:145) [41]  (0 ns)
	'mux' operation ('phi_ln', firmware/nnet_utils/nnet_dense_resource.h:145) [96]  (2.48 ns)
	'add' operation ('acc[0].V', firmware/nnet_utils/nnet_dense_resource.h:145) [97]  (2.08 ns)
	multiplexor before 'phi' operation ('acc[0].V') with incoming values : ('acc[0].V', firmware/nnet_utils/nnet_dense_resource.h:145) [118]  (1.77 ns)
	'phi' operation ('acc[0].V') with incoming values : ('acc[0].V', firmware/nnet_utils/nnet_dense_resource.h:145) [118]  (0 ns)
INFO: [SCHED 204-11] Finished scheduling.
INFO: [HLS 200-111]  Elapsed time: 0.73 seconds; current allocated memory: 299.377 MB.
INFO: [BIND 205-100] Starting micro-architecture generation ...
INFO: [BIND 205-101] Performing variable lifetime analysis.
INFO: [BIND 205-101] Exploring resource sharing.
INFO: [BIND 205-101] Binding ...
INFO: [BIND 205-100] Finished micro-architecture generation.
INFO: [HLS 200-111]  Elapsed time: 0.18 seconds; current allocated memory: 300.278 MB.
INFO: [HLS 200-10] ----------------------------------------------------------------
INFO: [HLS 200-42] -- Implementing module 'myproject' 
INFO: [HLS 200-10] ----------------------------------------------------------------
INFO: [SCHED 204-11] Starting scheduling ...
WARNING: [SCHED 204-21] Estimated clock period (6.325ns) exceeds the target (target clock period: 5ns, clock uncertainty: 0.625ns, effective delay budget: 4.375ns).
WARNING: [SCHED 204-21] The critical path in module 'myproject' consists of the following:
	'call' operation ('call_ret8', firmware/nnet_utils/nnet_dense.h:76->firmware/nnet_utils/nnet_dense.h:45->firmware/myproject.cpp:88) to 'dense_resource_rf_gt_nin_rem0<ap_ufixed,ap_fixed,config14>.0.0.0.0.0.0.0.0.0' [89]  (6.33 ns)
INFO: [SCHED 204-11] Finished scheduling.
INFO: [HLS 200-111]  Elapsed time: 0.19 seconds; current allocated memory: 300.563 MB.
INFO: [BIND 205-100] Starting micro-architecture generation ...
INFO: [BIND 205-101] Performing variable lifetime analysis.
INFO: [BIND 205-101] Exploring resource sharing.
INFO: [BIND 205-101] Binding ...
INFO: [BIND 205-100] Finished micro-architecture generation.
INFO: [HLS 200-111]  Elapsed time: 1.87 seconds; current allocated memory: 301.715 MB.
INFO: [HLS 200-10] ----------------------------------------------------------------
INFO: [HLS 200-42] -- Implementing module 'myproject_axi' 
INFO: [HLS 200-10] ----------------------------------------------------------------
INFO: [SCHED 204-11] Starting scheduling ...
INFO: [SCHED 204-61] Pipelining loop 'Loop 1'.
INFO: [SCHED 204-61] Pipelining result : Target II = 1, Final II = 1, Depth = 9.
INFO: [SCHED 204-61] Pipelining loop 'Loop 2'.
INFO: [SCHED 204-61] Pipelining result : Target II = 1, Final II = 1, Depth = 11.
INFO: [SCHED 204-11] Finished scheduling.
INFO: [HLS 200-111]  Elapsed time: 1.51 seconds; current allocated memory: 302.731 MB.
INFO: [BIND 205-100] Starting micro-architecture generation ...
INFO: [BIND 205-101] Performing variable lifetime analysis.
INFO: [BIND 205-101] Exploring resource sharing.
INFO: [BIND 205-101] Binding ...
INFO: [BIND 205-100] Finished micro-architecture generation.
INFO: [HLS 200-111]  Elapsed time: 0.78 seconds; current allocated memory: 303.835 MB.
INFO: [HLS 200-10] ----------------------------------------------------------------
INFO: [HLS 200-10] -- Generating RTL for module 'dense_resource_rf_gt_nin_rem0_ap_fixed_ap_fixed_config2_1_0_0_0_0_0_0_0_0_0' 
INFO: [HLS 200-10] ----------------------------------------------------------------
INFO: [SYN 201-210] Renamed object name 'dense_resource_rf_gt_nin_rem0_ap_fixed_ap_fixed_config2_1_0_0_0_0_0_0_0_0_0_outidx5' to 'dense_resource_rf_gt_nin_rem0_ap_fixed_ap_fixed_config2_1_0_0_0_0_0_0_0_0_0_obkb' due to the length limit 80
INFO: [SYN 201-210] Renamed object name 'dense_resource_rf_gt_nin_rem0_ap_fixed_ap_fixed_config2_1_0_0_0_0_0_0_0_0_0_w2_V' to 'dense_resource_rf_gt_nin_rem0_ap_fixed_ap_fixed_config2_1_0_0_0_0_0_0_0_0_0_wcud' due to the length limit 80
INFO: [RTGEN 206-100] Generating core module 'myproject_axi_lshr_224ns_8ns_224_6_1': 1 instance(s).
INFO: [RTGEN 206-100] Generating core module 'myproject_axi_mul_mul_16s_6s_21_3_1': 1 instance(s).
INFO: [RTGEN 206-100] Generating core module 'myproject_axi_mul_mul_8s_16s_21_3_1': 1 instance(s).
INFO: [RTGEN 206-100] Generating core module 'myproject_axi_mux_42_16_1_1': 1 instance(s).
INFO: [RTGEN 206-100] Generating core module 'myproject_axi_mux_83_16_1_1': 1 instance(s).
INFO: [RTGEN 206-100] Finished creating RTL model for 'dense_resource_rf_gt_nin_rem0_ap_fixed_ap_fixed_config2_1_0_0_0_0_0_0_0_0_0'.
INFO: [HLS 200-111]  Elapsed time: 1.46 seconds; current allocated memory: 305.640 MB.
INFO: [HLS 200-10] ----------------------------------------------------------------
INFO: [HLS 200-10] -- Generating RTL for module 'relu_ap_fixed_29_14_5_3_0_ap_ufixed_8_2_4_0_0_relu_config4_s' 
INFO: [HLS 200-10] ----------------------------------------------------------------
INFO: [RTGEN 206-100] Finished creating RTL model for 'relu_ap_fixed_29_14_5_3_0_ap_ufixed_8_2_4_0_0_relu_config4_s'.
INFO: [HLS 200-111]  Elapsed time: 0.44 seconds; current allocated memory: 309.346 MB.
INFO: [HLS 200-10] ----------------------------------------------------------------
INFO: [HLS 200-10] -- Generating RTL for module 'dense_resource_rf_gt_nin_rem0_ap_ufixed_ap_fixed_config5_0_0_0_0_0' 
INFO: [HLS 200-10] ----------------------------------------------------------------
INFO: [RTGEN 206-100] Generating core module 'myproject_axi_mux_42_16_1_1': 1 instance(s).
INFO: [RTGEN 206-100] Generating core module 'myproject_axi_mux_83_8_1_1': 1 instance(s).
INFO: [RTGEN 206-100] Finished creating RTL model for 'dense_resource_rf_gt_nin_rem0_ap_ufixed_ap_fixed_config5_0_0_0_0_0'.
INFO: [HLS 200-111]  Elapsed time: 0.63 seconds; current allocated memory: 313.367 MB.
INFO: [HLS 200-10] ----------------------------------------------------------------
INFO: [HLS 200-10] -- Generating RTL for module 'relu_ap_fixed_20_9_5_3_0_ap_ufixed_8_2_4_0_0_relu_config7_s' 
INFO: [HLS 200-10] ----------------------------------------------------------------
INFO: [RTGEN 206-100] Finished creating RTL model for 'relu_ap_fixed_20_9_5_3_0_ap_ufixed_8_2_4_0_0_relu_config7_s'.
INFO: [HLS 200-111]  Elapsed time: 0.38 seconds; current allocated memory: 315.858 MB.
INFO: [HLS 200-10] ----------------------------------------------------------------
INFO: [HLS 200-10] -- Generating RTL for module 'dense_resource_rf_gt_nin_rem0_ap_ufixed_ap_fixed_config8_0_0_0_0' 
INFO: [HLS 200-10] ----------------------------------------------------------------
INFO: [RTGEN 206-100] Generating core module 'myproject_axi_mux_32_16_1_1': 1 instance(s).
INFO: [RTGEN 206-100] Generating core module 'myproject_axi_mux_42_8_1_1': 1 instance(s).
INFO: [RTGEN 206-100] Finished creating RTL model for 'dense_resource_rf_gt_nin_rem0_ap_ufixed_ap_fixed_config8_0_0_0_0'.
INFO: [HLS 200-111]  Elapsed time: 0.44 seconds; current allocated memory: 318.047 MB.
INFO: [HLS 200-10] ----------------------------------------------------------------
INFO: [HLS 200-10] -- Generating RTL for module 'relu_ap_fixed_19_8_5_3_0_ap_ufixed_8_2_4_0_0_relu_config10_s' 
INFO: [HLS 200-10] ----------------------------------------------------------------
INFO: [RTGEN 206-100] Finished creating RTL model for 'relu_ap_fixed_19_8_5_3_0_ap_ufixed_8_2_4_0_0_relu_config10_s'.
INFO: [HLS 200-111]  Elapsed time: 0.33 seconds; current allocated memory: 320.038 MB.
INFO: [HLS 200-10] ----------------------------------------------------------------
INFO: [HLS 200-10] -- Generating RTL for module 'dense_resource_rf_gt_nin_rem0_ap_ufixed_ap_fixed_config11_0_0_0_0_0' 
INFO: [HLS 200-10] ----------------------------------------------------------------
INFO: [RTGEN 206-100] Generating core module 'myproject_axi_mux_32_8_1_1': 1 instance(s).
INFO: [RTGEN 206-100] Generating core module 'myproject_axi_mux_42_16_1_1': 1 instance(s).
INFO: [RTGEN 206-100] Finished creating RTL model for 'dense_resource_rf_gt_nin_rem0_ap_ufixed_ap_fixed_config11_0_0_0_0_0'.
INFO: [HLS 200-111]  Elapsed time: 0.56 seconds; current allocated memory: 321.929 MB.
INFO: [HLS 200-10] ----------------------------------------------------------------
INFO: [HLS 200-10] -- Generating RTL for module 'relu_ap_fixed_19_8_5_3_0_ap_ufixed_8_2_4_0_0_relu_config13_s' 
INFO: [HLS 200-10] ----------------------------------------------------------------
INFO: [RTGEN 206-100] Finished creating RTL model for 'relu_ap_fixed_19_8_5_3_0_ap_ufixed_8_2_4_0_0_relu_config13_s'.
INFO: [HLS 200-111]  Elapsed time: 0.36 seconds; current allocated memory: 324.060 MB.
INFO: [HLS 200-10] ----------------------------------------------------------------
INFO: [HLS 200-10] -- Generating RTL for module 'dense_resource_rf_gt_nin_rem0_ap_ufixed_ap_fixed_config14_0_0_0_0_0_0_0_0_0' 
INFO: [HLS 200-10] ----------------------------------------------------------------
INFO: [SYN 201-210] Renamed object name 'dense_resource_rf_gt_nin_rem0_ap_ufixed_ap_fixed_config14_0_0_0_0_0_0_0_0_0_outidx1' to 'dense_resource_rf_gt_nin_rem0_ap_ufixed_ap_fixed_config14_0_0_0_0_0_0_0_0_0_odEe' due to the length limit 80
INFO: [SYN 201-210] Renamed object name 'dense_resource_rf_gt_nin_rem0_ap_ufixed_ap_fixed_config14_0_0_0_0_0_0_0_0_0_w14_V' to 'dense_resource_rf_gt_nin_rem0_ap_ufixed_ap_fixed_config14_0_0_0_0_0_0_0_0_0_weOg' due to the length limit 80
INFO: [RTGEN 206-100] Generating core module 'myproject_axi_mux_42_8_1_1': 1 instance(s).
INFO: [RTGEN 206-100] Generating core module 'myproject_axi_mux_83_16_1_1': 1 instance(s).
INFO: [RTGEN 206-100] Finished creating RTL model for 'dense_resource_rf_gt_nin_rem0_ap_ufixed_ap_fixed_config14_0_0_0_0_0_0_0_0_0'.
INFO: [HLS 200-111]  Elapsed time: 0.48 seconds; current allocated memory: 326.705 MB.
INFO: [HLS 200-10] ----------------------------------------------------------------
INFO: [HLS 200-10] -- Generating RTL for module 'relu_ap_fixed_19_8_5_3_0_ap_ufixed_8_2_4_0_0_relu_config16_s' 
INFO: [HLS 200-10] ----------------------------------------------------------------
INFO: [RTGEN 206-100] Finished creating RTL model for 'relu_ap_fixed_19_8_5_3_0_ap_ufixed_8_2_4_0_0_relu_config16_s'.
INFO: [HLS 200-111]  Elapsed time: 0.85 seconds; current allocated memory: 330.367 MB.
INFO: [HLS 200-10] ----------------------------------------------------------------
INFO: [HLS 200-10] -- Generating RTL for module 'dense_resource_rf_gt_nin_rem0_0_0_0_0_0_0_0_0_0_0_0_0_0_0_0' 
INFO: [HLS 200-10] ----------------------------------------------------------------
INFO: [RTGEN 206-100] Generating core module 'myproject_axi_mux_164_16_1_1': 1 instance(s).
INFO: [RTGEN 206-100] Generating core module 'myproject_axi_mux_83_16_1_1': 1 instance(s).
INFO: [RTGEN 206-100] Generating core module 'myproject_axi_mux_83_8_1_1': 1 instance(s).
INFO: [RTGEN 206-100] Finished creating RTL model for 'dense_resource_rf_gt_nin_rem0_0_0_0_0_0_0_0_0_0_0_0_0_0_0_0'.
INFO: [HLS 200-111]  Elapsed time: 2.08 seconds; current allocated memory: 334.625 MB.
INFO: [HLS 200-10] ----------------------------------------------------------------
INFO: [HLS 200-10] -- Generating RTL for module 'myproject' 
INFO: [HLS 200-10] ----------------------------------------------------------------
INFO: [RTGEN 206-100] Finished creating RTL model for 'myproject'.
INFO: [HLS 200-111]  Elapsed time: 0.9 seconds; current allocated memory: 339.919 MB.
INFO: [HLS 200-10] ----------------------------------------------------------------
INFO: [HLS 200-10] -- Generating RTL for module 'myproject_axi' 
INFO: [HLS 200-10] ----------------------------------------------------------------
INFO: [RTGEN 206-500] Setting interface mode on port 'myproject_axi/in_data' to 'axis' (register, both mode).
INFO: [RTGEN 206-500] Setting interface mode on port 'myproject_axi/in_last_V' to 'axis' (register, both mode).
INFO: [RTGEN 206-500] Setting interface mode on port 'myproject_axi/out_data' to 'axis' (register, both mode).
INFO: [RTGEN 206-500] Setting interface mode on port 'myproject_axi/out_last_V' to 'axis' (register, both mode).
INFO: [RTGEN 206-500] Setting interface mode on function 'myproject_axi' to 'ap_ctrl_none'.
WARNING: [RTGEN 206-101] Global array 'w2_V' will not be exposed as RTL port.
WARNING: [RTGEN 206-101] Global array 'w5_V' will not be exposed as RTL port.
WARNING: [RTGEN 206-101] Global array 'w8_V' will not be exposed as RTL port.
WARNING: [RTGEN 206-101] Global array 'w11_V' will not be exposed as RTL port.
WARNING: [RTGEN 206-101] Global array 'w14_V' will not be exposed as RTL port.
WARNING: [RTGEN 206-101] Global array 'w17_V' will not be exposed as RTL port.
INFO: [RTGEN 206-100] Generating core module 'myproject_axi_ashr_54ns_32ns_54_2_1': 1 instance(s).
INFO: [RTGEN 206-100] Generating core module 'myproject_axi_fpext_32ns_64_3_1': 1 instance(s).
INFO: [RTGEN 206-100] Generating core module 'myproject_axi_lshr_32ns_32ns_32_2_1': 1 instance(s).
INFO: [RTGEN 206-100] Generating core module 'myproject_axi_mux_144_20_1_1': 1 instance(s).
INFO: [RTGEN 206-100] Generating core module 'myproject_axi_shl_64ns_32ns_64_2_1': 1 instance(s).
INFO: [RTGEN 206-100] Finished creating RTL model for 'myproject_axi'.
INFO: [HLS 200-111]  Elapsed time: 2.42 seconds; current allocated memory: 345.086 MB.
INFO: [HLS 200-790] **** Loop Constraint Status: All loop constraints were satisfied.
INFO: [HLS 200-789] **** Estimated Fmax: 158.10 MHz
INFO: [RTMG 210-286] Generating pipelined shifter : 'myproject_axi_lshr_224ns_8ns_224_6_1'
INFO: [RTMG 210-279] Implementing memory 'dense_resource_rf_gt_nin_rem0_ap_fixed_ap_fixed_config2_1_0_0_0_0_0_0_0_0_0_obkb_rom' using distributed ROMs.
INFO: [RTMG 210-279] Implementing memory 'dense_resource_rf_gt_nin_rem0_ap_fixed_ap_fixed_config2_1_0_0_0_0_0_0_0_0_0_wcud_rom' using block ROMs.
INFO: [RTMG 210-279] Implementing memory 'dense_resource_rf_gt_nin_rem0_ap_ufixed_ap_fixed_config5_0_0_0_0_0_outidx4_rom' using distributed ROMs.
INFO: [RTMG 210-279] Implementing memory 'dense_resource_rf_gt_nin_rem0_ap_ufixed_ap_fixed_config5_0_0_0_0_0_w5_V_rom' using block ROMs.
INFO: [RTMG 210-279] Implementing memory 'dense_resource_rf_gt_nin_rem0_ap_ufixed_ap_fixed_config8_0_0_0_0_outidx3_rom' using distributed ROMs.
INFO: [RTMG 210-279] Implementing memory 'dense_resource_rf_gt_nin_rem0_ap_ufixed_ap_fixed_config8_0_0_0_0_w8_V_rom' using block ROMs.
INFO: [RTMG 210-279] Implementing memory 'dense_resource_rf_gt_nin_rem0_ap_ufixed_ap_fixed_config11_0_0_0_0_0_outidx2_rom' using distributed ROMs.
INFO: [RTMG 210-279] Implementing memory 'dense_resource_rf_gt_nin_rem0_ap_ufixed_ap_fixed_config11_0_0_0_0_0_w11_V_rom' using block ROMs.
INFO: [RTMG 210-279] Implementing memory 'dense_resource_rf_gt_nin_rem0_ap_ufixed_ap_fixed_config14_0_0_0_0_0_0_0_0_0_odEe_rom' using distributed ROMs.
INFO: [RTMG 210-279] Implementing memory 'dense_resource_rf_gt_nin_rem0_ap_ufixed_ap_fixed_config14_0_0_0_0_0_0_0_0_0_weOg_rom' using block ROMs.
INFO: [RTMG 210-279] Implementing memory 'dense_resource_rf_gt_nin_rem0_0_0_0_0_0_0_0_0_0_0_0_0_0_0_0_outidx_rom' using distributed ROMs.
INFO: [RTMG 210-279] Implementing memory 'dense_resource_rf_gt_nin_rem0_0_0_0_0_0_0_0_0_0_0_0_0_0_0_0_w17_V_rom' using block ROMs.
INFO: [RTMG 210-285] Implementing FIFO 'layer2_out_0_V_U(fifo_w21_d2_A)' using Shift Registers.
INFO: [RTMG 210-285] Implementing FIFO 'layer2_out_1_V_U(fifo_w21_d2_A)' using Shift Registers.
INFO: [RTMG 210-285] Implementing FIFO 'layer2_out_2_V_U(fifo_w21_d2_A)' using Shift Registers.
INFO: [RTMG 210-285] Implementing FIFO 'layer2_out_3_V_U(fifo_w21_d2_A)' using Shift Registers.
INFO: [RTMG 210-285] Implementing FIFO 'layer2_out_4_V_U(fifo_w21_d2_A)' using Shift Registers.
INFO: [RTMG 210-285] Implementing FIFO 'layer2_out_5_V_U(fifo_w21_d2_A)' using Shift Registers.
INFO: [RTMG 210-285] Implementing FIFO 'layer2_out_6_V_U(fifo_w21_d2_A)' using Shift Registers.
