

================================================================
== Vivado HLS Report for 'dense_resource_rf_gt_nin_rem0_ap_ufixed_ap_fixed_config8_0_0_0_0'
================================================================
* Date:           Mon Jun  1 10:28:51 2026

* Version:        2020.1 (Build 2897737 on Wed May 27 20:21:37 MDT 2020)
* Project:        myproject_prj
* Solution:       solution1
* Product family: zynq
* Target device:  xc7z020-clg400-1


================================================================
== Performance Estimates
================================================================
+ Timing: 
    * Summary: 
    +--------+---------+----------+------------+
    |  Clock |  Target | Estimated| Uncertainty|
    +--------+---------+----------+------------+
    |ap_clk  | 5.00 ns | 5.717 ns |   0.62 ns  |
    +--------+---------+----------+------------+

+ Latency: 
    * Summary: 
    +---------+---------+-----------+-----------+-----+-----+---------------------------------------------+
    |  Latency (cycles) |   Latency (absolute)  |  Interval |                   Pipeline                  |
    |   min   |   max   |    min    |    max    | min | max |                     Type                    |
    +---------+---------+-----------+-----------+-----+-----+---------------------------------------------+
    |       15|       16| 85.762 ns | 91.480 ns |   12|   12| loop rewind(delay=0 initiation interval(s)) |
    +---------+---------+-----------+-----------+-----+-----+---------------------------------------------+

    + Detail: 
        * Instance: 
        N/A

        * Loop: 
        +-------------+---------+---------+----------+-----------+-----------+------+----------+
        |             |  Latency (cycles) | Iteration|  Initiation Interval  | Trip |          |
        |  Loop Name  |   min   |   max   |  Latency |  achieved |   target  | Count| Pipelined|
        +-------------+---------+---------+----------+-----------+-----------+------+----------+
        |- ReuseLoop  |       15|       15|         5|          1|          1|    12|    yes   |
        +-------------+---------+---------+----------+-----------+-----------+------+----------+

============================================================
+ Verbose Summary: Synthesis Manager
============================================================
InlineROM: 1
ExposeGlobal: 0
============================================================
+ Verbose Summary: CDFG Model
============================================================
IsTopModel: 0
ResetActiveHigh: 1
IsCombinational: 2
IsDatapathOnly: 0
HasWiredReturn: 1
HasMFsm: 0
HasVarLatency: 1
IsPipeline: 0
IsRtlPipelined: 0
IsInstanceOverlapped: 0
IsDontTouch: 0
HasImplIP: 0
IsGatedGlobalClock: 0

+ Individual pipeline summary: 
  * Pipeline-0: initiation interval (II) = 1, depth = 5


============================================================
+ Verbose Summary: Schedule
============================================================
* Number of FSM states : 6
* Pipeline : 1
  Pipeline-0 : II = 1, D = 5, States = { 2 3 4 5 6 }
* Dataflow Pipeline: 0

* FSM state transitions: 
1 --> 2 
2 --> 3 
3 --> 4 
4 --> 5 
5 --> 6 
6 --> 2 

* FSM state operations: 

State 1 <SV = 0> <Delay = 1.76>
ST_1 : Operation 7 [1/1] (0.00ns)   --->   "%tmp = call i32 (...)* @_ssdm_op_SpecRegionBegin([12 x i8]* @p_str25)" [firmware/nnet_utils/nnet_dense_resource.h:106]   --->   Operation 7 'specregionbegin' 'tmp' <Predicate = true> <Delay = 0.00>
ST_1 : Operation 8 [1/1] (1.76ns)   --->   "br label %rewind_header" [firmware/nnet_utils/nnet_dense_resource.h:135]   --->   Operation 8 'br' <Predicate = true> <Delay = 1.76>

State 2 <SV = 1> <Delay = 5.01>
ST_2 : Operation 9 [1/1] (0.00ns)   --->   "%do_init = phi i1 [ true, %hls_label_2_begin ], [ false, %ReuseLoop_end ], [ true, %.preheader.0 ]"   --->   Operation 9 'phi' 'do_init' <Predicate = true> <Delay = 0.00>
ST_2 : Operation 10 [1/1] (0.00ns)   --->   "%w_index19 = phi i4 [ 0, %hls_label_2_begin ], [ %w_index, %ReuseLoop_end ], [ 0, %.preheader.0 ]"   --->   Operation 10 'phi' 'w_index19' <Predicate = true> <Delay = 0.00>
ST_2 : Operation 11 [1/1] (0.00ns)   --->   "%in_index_018 = phi i32 [ 0, %hls_label_2_begin ], [ %select_ln154, %ReuseLoop_end ], [ 0, %.preheader.0 ]" [firmware/nnet_utils/nnet_dense_resource.h:154]   --->   Operation 11 'phi' 'in_index_018' <Predicate = true> <Delay = 0.00>
ST_2 : Operation 12 [1/1] (0.00ns)   --->   "%p_read_1 = call i8 @_ssdm_op_Read.ap_auto.i8(i8 %p_read3)" [firmware/nnet_utils/nnet_dense_resource.h:87]   --->   Operation 12 'read' 'p_read_1' <Predicate = (do_init)> <Delay = 0.00>
ST_2 : Operation 13 [1/1] (0.00ns)   --->   "%p_read_2 = call i8 @_ssdm_op_Read.ap_auto.i8(i8 %p_read2)" [firmware/nnet_utils/nnet_dense_resource.h:87]   --->   Operation 13 'read' 'p_read_2' <Predicate = (do_init)> <Delay = 0.00>
ST_2 : Operation 14 [1/1] (0.00ns)   --->   "%p_read_3 = call i8 @_ssdm_op_Read.ap_auto.i8(i8 %p_read1)" [firmware/nnet_utils/nnet_dense_resource.h:87]   --->   Operation 14 'read' 'p_read_3' <Predicate = (do_init)> <Delay = 0.00>
ST_2 : Operation 15 [1/1] (0.00ns)   --->   "%p_read_4 = call i8 @_ssdm_op_Read.ap_auto.i8(i8 %p_read)" [firmware/nnet_utils/nnet_dense_resource.h:87]   --->   Operation 15 'read' 'p_read_4' <Predicate = (do_init)> <Delay = 0.00>
ST_2 : Operation 16 [1/1] (1.76ns)   --->   "br label %ReuseLoop_begin" [firmware/nnet_utils/nnet_dense_resource.h:135]   --->   Operation 16 'br' <Predicate = (do_init)> <Delay = 1.76>
ST_2 : Operation 17 [1/1] (0.00ns)   --->   "%zext_ln139 = zext i4 %w_index19 to i64" [firmware/nnet_utils/nnet_dense_resource.h:139]   --->   Operation 17 'zext' 'zext_ln139' <Predicate = true> <Delay = 0.00>
ST_2 : Operation 18 [1/1] (0.00ns)   --->   "%outidx3_addr = getelementptr [12 x i2]* @outidx3, i64 0, i64 %zext_ln139" [firmware/nnet_utils/nnet_dense_resource.h:139]   --->   Operation 18 'getelementptr' 'outidx3_addr' <Predicate = true> <Delay = 0.00>
ST_2 : Operation 19 [2/2] (3.25ns)   --->   "%out_index = load i2* %outidx3_addr, align 1" [firmware/nnet_utils/nnet_dense_resource.h:139]   --->   Operation 19 'load' 'out_index' <Predicate = true> <Delay = 3.25> <Core = "ROM_nP">   --->   Core 52 'ROM_nP' <Latency = 1> <II = 1> <Delay = 3.25> <Storage> <Opcode : 'load'> <Ports = 0> <Width = 2> <Depth = 12> <ROM>
ST_2 : Operation 20 [1/1] (0.00ns)   --->   "%w8_V_addr = getelementptr [12 x i6]* @w8_V, i64 0, i64 %zext_ln139" [firmware/nnet_utils/nnet_dense_resource.h:145]   --->   Operation 20 'getelementptr' 'w8_V_addr' <Predicate = true> <Delay = 0.00>
ST_2 : Operation 21 [2/2] (3.25ns)   --->   "%w8_V_load = load i6* %w8_V_addr, align 1" [firmware/nnet_utils/nnet_dense_resource.h:145]   --->   Operation 21 'load' 'w8_V_load' <Predicate = true> <Delay = 3.25> <Core = "ROM_nP_BRAM">   --->   Core 55 'ROM_nP_BRAM' <Latency = 1> <II = 1> <Delay = 3.25> <Storage> <Opcode : 'load'> <Ports = 0> <Width = 6> <Depth = 12> <ROM>
ST_2 : Operation 22 [1/1] (1.73ns)   --->   "%w_index = add i4 1, %w_index19" [firmware/nnet_utils/nnet_dense_resource.h:135]   --->   Operation 22 'add' 'w_index' <Predicate = true> <Delay = 1.73> <Core = "AddSub">   --->   Core 14 'AddSub' <Latency = 0> <II = 1> <Delay = 2.07> <FuncUnit> <Opcode : 'add' 'sub'> <InPorts = 2> <OutPorts = 1>
ST_2 : Operation 23 [1/1] (2.55ns)   --->   "%in_index = add nsw i32 %in_index_018, 1" [firmware/nnet_utils/nnet_dense_resource.h:153]   --->   Operation 23 'add' 'in_index' <Predicate = true> <Delay = 2.55> <Core = "AddSub">   --->   Core 14 'AddSub' <Latency = 0> <II = 1> <Delay = 2.07> <FuncUnit> <Opcode : 'add' 'sub'> <InPorts = 2> <OutPorts = 1>
ST_2 : Operation 24 [1/1] (0.00ns)   --->   "%tmp_131 = call i30 @_ssdm_op_PartSelect.i30.i32.i32.i32(i32 %in_index, i32 2, i32 31)" [firmware/nnet_utils/nnet_dense_resource.h:154]   --->   Operation 24 'partselect' 'tmp_131' <Predicate = true> <Delay = 0.00>
ST_2 : Operation 25 [1/1] (2.46ns)   --->   "%icmp_ln154 = icmp sgt i30 %tmp_131, 0" [firmware/nnet_utils/nnet_dense_resource.h:154]   --->   Operation 25 'icmp' 'icmp_ln154' <Predicate = true> <Delay = 2.46> <Core = "Cmp">   --->   Core 25 'Cmp' <Latency = 0> <II = 1> <Delay = 1.30> <FuncUnit> <Opcode : 'icmp'> <InPorts = 2> <OutPorts = 1>
ST_2 : Operation 26 [1/1] (1.30ns)   --->   "%icmp_ln135 = icmp eq i4 %w_index19, -5" [firmware/nnet_utils/nnet_dense_resource.h:135]   --->   Operation 26 'icmp' 'icmp_ln135' <Predicate = true> <Delay = 1.30> <Core = "Cmp">   --->   Core 25 'Cmp' <Latency = 0> <II = 1> <Delay = 1.30> <FuncUnit> <Opcode : 'icmp'> <InPorts = 2> <OutPorts = 1>
ST_2 : Operation 27 [1/1] (0.00ns)   --->   "br i1 %icmp_ln135, label %.preheader.0, label %rewind_header" [firmware/nnet_utils/nnet_dense_resource.h:135]   --->   Operation 27 'br' <Predicate = true> <Delay = 0.00>
ST_2 : Operation 28 [1/1] (0.00ns)   --->   "br label %rewind_header" [firmware/nnet_utils/nnet_dense_resource.h:166]   --->   Operation 28 'br' <Predicate = (icmp_ln135)> <Delay = 0.00>

State 3 <SV = 2> <Delay = 5.71>
ST_3 : Operation 29 [1/1] (0.00ns)   --->   "%p_read20_rewind = phi i8 [ undef, %hls_label_2_begin ], [ %p_read20_phi, %ReuseLoop_end ], [ undef, %.preheader.0 ]" [firmware/nnet_utils/nnet_dense_resource.h:87]   --->   Operation 29 'phi' 'p_read20_rewind' <Predicate = true> <Delay = 0.00>
ST_3 : Operation 30 [1/1] (0.00ns)   --->   "%p_read121_rewind = phi i8 [ undef, %hls_label_2_begin ], [ %p_read121_phi, %ReuseLoop_end ], [ undef, %.preheader.0 ]" [firmware/nnet_utils/nnet_dense_resource.h:87]   --->   Operation 30 'phi' 'p_read121_rewind' <Predicate = true> <Delay = 0.00>
ST_3 : Operation 31 [1/1] (0.00ns)   --->   "%p_read222_rewind = phi i8 [ undef, %hls_label_2_begin ], [ %p_read222_phi, %ReuseLoop_end ], [ undef, %.preheader.0 ]" [firmware/nnet_utils/nnet_dense_resource.h:87]   --->   Operation 31 'phi' 'p_read222_rewind' <Predicate = true> <Delay = 0.00>
ST_3 : Operation 32 [1/1] (0.00ns)   --->   "%p_read323_rewind = phi i8 [ undef, %hls_label_2_begin ], [ %p_read323_phi, %ReuseLoop_end ], [ undef, %.preheader.0 ]" [firmware/nnet_utils/nnet_dense_resource.h:87]   --->   Operation 32 'phi' 'p_read323_rewind' <Predicate = true> <Delay = 0.00>
ST_3 : Operation 33 [1/1] (1.76ns)   --->   "br i1 %do_init, label %hls_label_2_end, label %ReuseLoop_begin"   --->   Operation 33 'br' <Predicate = true> <Delay = 1.76>
ST_3 : Operation 34 [1/1] (0.00ns)   --->   "%p_read20_phi = phi i8 [ %p_read_4, %hls_label_2_end ], [ %p_read20_rewind, %rewind_header ]" [firmware/nnet_utils/nnet_dense_resource.h:87]   --->   Operation 34 'phi' 'p_read20_phi' <Predicate = true> <Delay = 0.00>
ST_3 : Operation 35 [1/1] (0.00ns)   --->   "%p_read121_phi = phi i8 [ %p_read_3, %hls_label_2_end ], [ %p_read121_rewind, %rewind_header ]" [firmware/nnet_utils/nnet_dense_resource.h:87]   --->   Operation 35 'phi' 'p_read121_phi' <Predicate = true> <Delay = 0.00>
ST_3 : Operation 36 [1/1] (0.00ns)   --->   "%p_read222_phi = phi i8 [ %p_read_2, %hls_label_2_end ], [ %p_read222_rewind, %rewind_header ]" [firmware/nnet_utils/nnet_dense_resource.h:87]   --->   Operation 36 'phi' 'p_read222_phi' <Predicate = true> <Delay = 0.00>
ST_3 : Operation 37 [1/1] (0.00ns)   --->   "%p_read323_phi = phi i8 [ %p_read_1, %hls_label_2_end ], [ %p_read323_rewind, %rewind_header ]" [firmware/nnet_utils/nnet_dense_resource.h:87]   --->   Operation 37 'phi' 'p_read323_phi' <Predicate = true> <Delay = 0.00>
ST_3 : Operation 38 [1/2] (3.25ns)   --->   "%out_index = load i2* %outidx3_addr, align 1" [firmware/nnet_utils/nnet_dense_resource.h:139]   --->   Operation 38 'load' 'out_index' <Predicate = true> <Delay = 3.25> <Core = "ROM_nP">   --->   Core 52 'ROM_nP' <Latency = 1> <II = 1> <Delay = 3.25> <Storage> <Opcode : 'load'> <Ports = 0> <Width = 2> <Depth = 12> <ROM>
ST_3 : Operation 39 [1/1] (0.00ns)   --->   "%trunc_ln145 = trunc i32 %in_index_018 to i2" [firmware/nnet_utils/nnet_dense_resource.h:145]   --->   Operation 39 'trunc' 'trunc_ln145' <Predicate = true> <Delay = 0.00>
ST_3 : Operation 40 [1/1] (1.95ns)   --->   "%tmp_s = call i8 @_ssdm_op_Mux.ap_auto.4i8.i2(i8 %p_read20_phi, i8 %p_read121_phi, i8 %p_read222_phi, i8 %p_read323_phi, i2 %trunc_ln145)" [firmware/nnet_utils/nnet_dense_resource.h:145]   --->   Operation 40 'mux' 'tmp_s' <Predicate = true> <Delay = 1.95> <Core = "MuxnS">   --->   Core 31 'MuxnS' <Latency = 0> <II = 1> <Delay = 1.77> <FuncUnit> <Opcode : 'mux'> <InPorts = 2> <OutPorts = 1>
ST_3 : Operation 41 [1/2] (3.25ns)   --->   "%w8_V_load = load i6* %w8_V_addr, align 1" [firmware/nnet_utils/nnet_dense_resource.h:145]   --->   Operation 41 'load' 'w8_V_load' <Predicate = true> <Delay = 3.25> <Core = "ROM_nP_BRAM">   --->   Core 55 'ROM_nP_BRAM' <Latency = 1> <II = 1> <Delay = 3.25> <Storage> <Opcode : 'load'> <Ports = 0> <Width = 6> <Depth = 12> <ROM>
ST_3 : Operation 42 [1/1] (0.69ns)   --->   "%select_ln154 = select i1 %icmp_ln154, i32 0, i32 %in_index" [firmware/nnet_utils/nnet_dense_resource.h:154]   --->   Operation 42 'select' 'select_ln154' <Predicate = true> <Delay = 0.69> <Core = "Sel">   --->   Core 26 'Sel' <Latency = 0> <II = 1> <Delay = 0.69> <FuncUnit> <Opcode : 'select'> <InPorts = 3> <OutPorts = 1>

State 4 <SV = 3> <Delay = 4.17>
ST_4 : Operation 43 [1/1] (0.00ns)   --->   "%zext_ln1118 = zext i8 %tmp_s to i14" [firmware/nnet_utils/nnet_mult.h:73->firmware/nnet_utils/nnet_dense_resource.h:145]   --->   Operation 43 'zext' 'zext_ln1118' <Predicate = true> <Delay = 0.00>
ST_4 : Operation 44 [1/1] (0.00ns)   --->   "%sext_ln1118 = sext i6 %w8_V_load to i14" [firmware/nnet_utils/nnet_mult.h:73->firmware/nnet_utils/nnet_dense_resource.h:145]   --->   Operation 44 'sext' 'sext_ln1118' <Predicate = true> <Delay = 0.00>
ST_4 : Operation 45 [1/1] (4.17ns)   --->   "%r_V = mul i14 %sext_ln1118, %zext_ln1118" [firmware/nnet_utils/nnet_mult.h:73->firmware/nnet_utils/nnet_dense_resource.h:145]   --->   Operation 45 'mul' 'r_V' <Predicate = true> <Delay = 4.17> <Core = "Mul">   --->   Core 16 'Mul' <Latency = 0> <II = 1> <Delay = 4.17> <FuncUnit> <Opcode : 'mul'> <InPorts = 2> <OutPorts = 1>
ST_4 : Operation 46 [1/1] (0.00ns)   --->   "%trunc_ln = call i13 @_ssdm_op_PartSelect.i13.i14.i32.i32(i14 %r_V, i32 1, i32 13)" [firmware/nnet_utils/nnet_dense_resource.h:145]   --->   Operation 46 'partselect' 'trunc_ln' <Predicate = true> <Delay = 0.00>

State 5 <SV = 4> <Delay = 3.85>
ST_5 : Operation 47 [1/1] (0.00ns)   --->   "%acc_0_V_011 = phi i16 [ 64, %hls_label_2_begin ], [ %acc_0_V_1, %ReuseLoop_end ], [ 64, %.preheader.0 ]" [firmware/nnet_utils/nnet_dense_resource.h:145]   --->   Operation 47 'phi' 'acc_0_V_011' <Predicate = true> <Delay = 0.00>
ST_5 : Operation 48 [1/1] (0.00ns)   --->   "%acc_1_V_010 = phi i16 [ 32, %hls_label_2_begin ], [ %acc_1_V_1, %ReuseLoop_end ], [ 32, %.preheader.0 ]" [firmware/nnet_utils/nnet_dense_resource.h:145]   --->   Operation 48 'phi' 'acc_1_V_010' <Predicate = true> <Delay = 0.00>
ST_5 : Operation 49 [1/1] (0.00ns)   --->   "%acc_2_V_09 = phi i16 [ 96, %hls_label_2_begin ], [ %acc_2_V_1, %ReuseLoop_end ], [ 96, %.preheader.0 ]" [firmware/nnet_utils/nnet_dense_resource.h:145]   --->   Operation 49 'phi' 'acc_2_V_09' <Predicate = true> <Delay = 0.00>
ST_5 : Operation 50 [1/1] (0.00ns)   --->   "%sext_ln708 = sext i13 %trunc_ln to i16" [firmware/nnet_utils/nnet_dense_resource.h:145]   --->   Operation 50 'sext' 'sext_ln708' <Predicate = true> <Delay = 0.00>
ST_5 : Operation 51 [1/1] (1.77ns)   --->   "%tmp_34 = call i16 @_ssdm_op_Mux.ap_auto.3i16.i2(i16 %acc_0_V_011, i16 %acc_1_V_010, i16 %acc_2_V_09, i2 %out_index)" [firmware/nnet_utils/nnet_dense_resource.h:145]   --->   Operation 51 'mux' 'tmp_34' <Predicate = true> <Delay = 1.77> <Core = "MuxnS">   --->   Core 31 'MuxnS' <Latency = 0> <II = 1> <Delay = 1.77> <FuncUnit> <Opcode : 'mux'> <InPorts = 2> <OutPorts = 1>
ST_5 : Operation 52 [1/1] (2.07ns)   --->   "%acc_0_V = add i16 %sext_ln708, %tmp_34" [firmware/nnet_utils/nnet_dense_resource.h:145]   --->   Operation 52 'add' 'acc_0_V' <Predicate = true> <Delay = 2.07> <Core = "AddSub">   --->   Core 14 'AddSub' <Latency = 0> <II = 1> <Delay = 2.07> <FuncUnit> <Opcode : 'add' 'sub'> <InPorts = 2> <OutPorts = 1>

State 6 <SV = 5> <Delay = 5.61>
ST_6 : Operation 53 [1/1] (0.00ns)   --->   "%p_Val2_17 = phi i16 [ 64, %hls_label_2_begin ], [ %p_Val2_s, %ReuseLoop_end ], [ 64, %.preheader.0 ]"   --->   Operation 53 'phi' 'p_Val2_17' <Predicate = true> <Delay = 0.00>
ST_6 : Operation 54 [1/1] (0.00ns)   --->   "%p_Val2_415 = phi i16 [ 32, %hls_label_2_begin ], [ %p_Val2_4, %ReuseLoop_end ], [ 32, %.preheader.0 ]"   --->   Operation 54 'phi' 'p_Val2_415' <Predicate = true> <Delay = 0.00>
ST_6 : Operation 55 [1/1] (0.00ns)   --->   "%p_Val2_513 = phi i16 [ 96, %hls_label_2_begin ], [ %p_Val2_5, %ReuseLoop_end ], [ 96, %.preheader.0 ]"   --->   Operation 55 'phi' 'p_Val2_513' <Predicate = true> <Delay = 0.00>
ST_6 : Operation 56 [1/1] (0.00ns)   --->   "call void (...)* @_ssdm_op_SpecMemCore([12 x i6]* @w8_V, [1 x i8]* @p_str13, [12 x i8]* @p_str17, [1 x i8]* @p_str13, i32 -1, [1 x i8]* @p_str13, [1 x i8]* @p_str13, [1 x i8]* @p_str13, [1 x i8]* @p_str13, [1 x i8]* @p_str13)" [firmware/nnet_utils/nnet_dense_resource.h:107]   --->   Operation 56 'specmemcore' <Predicate = (do_init)> <Delay = 0.00>
ST_6 : Operation 57 [1/1] (0.00ns)   --->   "%empty_33 = call i32 (...)* @_ssdm_op_SpecRegionEnd([12 x i8]* @p_str25, i32 %tmp)" [firmware/nnet_utils/nnet_dense_resource.h:108]   --->   Operation 57 'specregionend' 'empty_33' <Predicate = (do_init)> <Delay = 0.00>
ST_6 : Operation 58 [1/1] (0.00ns)   --->   "call void (...)* @_ssdm_op_SpecLoopName([10 x i8]* @p_str20) nounwind" [firmware/nnet_utils/nnet_dense_resource.h:135]   --->   Operation 58 'specloopname' <Predicate = true> <Delay = 0.00>
ST_6 : Operation 59 [1/1] (0.00ns)   --->   "%tmp_8 = call i32 (...)* @_ssdm_op_SpecRegionBegin([10 x i8]* @p_str20)" [firmware/nnet_utils/nnet_dense_resource.h:135]   --->   Operation 59 'specregionbegin' 'tmp_8' <Predicate = true> <Delay = 0.00>
ST_6 : Operation 60 [1/1] (0.00ns)   --->   "call void (...)* @_ssdm_op_SpecPipeline(i32 1, i32 1, i32 1, i32 0, [1 x i8]* @p_str13) nounwind" [firmware/nnet_utils/nnet_dense_resource.h:136]   --->   Operation 60 'specpipeline' <Predicate = true> <Delay = 0.00>
ST_6 : Operation 61 [1/1] (1.76ns)   --->   "switch i2 %out_index, label %branch2 [
    i2 0, label %ReuseLoop_end
    i2 1, label %branch1
  ]" [firmware/nnet_utils/nnet_dense_resource.h:145]   --->   Operation 61 'switch' <Predicate = true> <Delay = 1.76>
ST_6 : Operation 62 [1/1] (1.76ns)   --->   "br label %ReuseLoop_end" [firmware/nnet_utils/nnet_dense_resource.h:145]   --->   Operation 62 'br' <Predicate = (out_index == 1)> <Delay = 1.76>
ST_6 : Operation 63 [1/1] (1.76ns)   --->   "br label %ReuseLoop_end" [firmware/nnet_utils/nnet_dense_resource.h:145]   --->   Operation 63 'br' <Predicate = (out_index != 0 & out_index != 1)> <Delay = 1.76>
ST_6 : Operation 64 [1/1] (0.00ns)   --->   "%acc_2_V_1 = phi i16 [ %acc_0_V, %branch2 ], [ %acc_2_V_09, %branch1 ], [ %acc_2_V_09, %ReuseLoop_begin ]"   --->   Operation 64 'phi' 'acc_2_V_1' <Predicate = true> <Delay = 0.00>
ST_6 : Operation 65 [1/1] (0.00ns)   --->   "%acc_1_V_1 = phi i16 [ %acc_1_V_010, %branch2 ], [ %acc_0_V, %branch1 ], [ %acc_1_V_010, %ReuseLoop_begin ]"   --->   Operation 65 'phi' 'acc_1_V_1' <Predicate = true> <Delay = 0.00>
ST_6 : Operation 66 [1/1] (0.00ns)   --->   "%acc_0_V_1 = phi i16 [ %acc_0_V_011, %branch2 ], [ %acc_0_V_011, %branch1 ], [ %acc_0_V, %ReuseLoop_begin ]"   --->   Operation 66 'phi' 'acc_0_V_1' <Predicate = true> <Delay = 0.00>
ST_6 : Operation 67 [1/1] (0.00ns)   --->   "%p_Val2_5 = phi i16 [ %acc_0_V, %branch2 ], [ %p_Val2_513, %branch1 ], [ %p_Val2_513, %ReuseLoop_begin ]"   --->   Operation 67 'phi' 'p_Val2_5' <Predicate = true> <Delay = 0.00>
ST_6 : Operation 68 [1/1] (0.00ns)   --->   "%p_Val2_4 = phi i16 [ %p_Val2_415, %branch2 ], [ %acc_0_V, %branch1 ], [ %p_Val2_415, %ReuseLoop_begin ]"   --->   Operation 68 'phi' 'p_Val2_4' <Predicate = true> <Delay = 0.00>
ST_6 : Operation 69 [1/1] (0.00ns)   --->   "%p_Val2_s = phi i16 [ %p_Val2_17, %branch2 ], [ %p_Val2_17, %branch1 ], [ %acc_0_V, %ReuseLoop_begin ]"   --->   Operation 69 'phi' 'p_Val2_s' <Predicate = true> <Delay = 0.00>
ST_6 : Operation 70 [1/1] (0.00ns)   --->   "%empty = call i32 (...)* @_ssdm_op_SpecRegionEnd([10 x i8]* @p_str20, i32 %tmp_8)" [firmware/nnet_utils/nnet_dense_resource.h:158]   --->   Operation 70 'specregionend' 'empty' <Predicate = true> <Delay = 0.00>
ST_6 : Operation 71 [1/1] (0.00ns)   --->   "%empty_32 = call i32 (...)* @_ssdm_op_SpecLoopTripCount(i64 12, i64 12, i64 12)"   --->   Operation 71 'speclooptripcount' 'empty_32' <Predicate = true> <Delay = 0.00>
ST_6 : Operation 72 [1/1] (0.00ns)   --->   "%res_0_V_write_assign = call i17 @_ssdm_op_BitConcatenate.i17.i16.i1(i16 %p_Val2_s, i1 false)" [firmware/nnet_utils/nnet_mult.h:111->firmware/nnet_utils/nnet_dense_resource.h:164]   --->   Operation 72 'bitconcatenate' 'res_0_V_write_assign' <Predicate = (icmp_ln135)> <Delay = 0.00>
ST_6 : Operation 73 [1/1] (0.00ns)   --->   "%res_1_V_write_assign = call i17 @_ssdm_op_BitConcatenate.i17.i16.i1(i16 %p_Val2_4, i1 false)" [firmware/nnet_utils/nnet_mult.h:111->firmware/nnet_utils/nnet_dense_resource.h:164]   --->   Operation 73 'bitconcatenate' 'res_1_V_write_assign' <Predicate = (icmp_ln135)> <Delay = 0.00>
ST_6 : Operation 74 [1/1] (0.00ns)   --->   "%res_2_V_write_assign = call i17 @_ssdm_op_BitConcatenate.i17.i16.i1(i16 %p_Val2_5, i1 false)" [firmware/nnet_utils/nnet_mult.h:111->firmware/nnet_utils/nnet_dense_resource.h:164]   --->   Operation 74 'bitconcatenate' 'res_2_V_write_assign' <Predicate = (icmp_ln135)> <Delay = 0.00>
ST_6 : Operation 75 [1/1] (0.00ns)   --->   "%mrv = insertvalue { i17, i17, i17 } undef, i17 %res_0_V_write_assign, 0" [firmware/nnet_utils/nnet_dense_resource.h:166]   --->   Operation 75 'insertvalue' 'mrv' <Predicate = (icmp_ln135)> <Delay = 0.00>
ST_6 : Operation 76 [1/1] (0.00ns)   --->   "%mrv_1 = insertvalue { i17, i17, i17 } %mrv, i17 %res_1_V_write_assign, 1" [firmware/nnet_utils/nnet_dense_resource.h:166]   --->   Operation 76 'insertvalue' 'mrv_1' <Predicate = (icmp_ln135)> <Delay = 0.00>
ST_6 : Operation 77 [1/1] (0.00ns)   --->   "%mrv_2 = insertvalue { i17, i17, i17 } %mrv_1, i17 %res_2_V_write_assign, 2" [firmware/nnet_utils/nnet_dense_resource.h:166]   --->   Operation 77 'insertvalue' 'mrv_2' <Predicate = (icmp_ln135)> <Delay = 0.00>
ST_6 : Operation 78 [1/1] (0.00ns)   --->   "call void (...)* @_ssdm_op_Return({ i17, i17, i17 } %mrv_2)" [firmware/nnet_utils/nnet_dense_resource.h:166]   --->   Operation 78 'return' <Predicate = (icmp_ln135)> <Delay = 0.00>


============================================================
+ Verbose Summary: Binding
============================================================
STG Binding: 
---------------- STG Properties BEGIN ----------------
- Is combinational: 0
- Is one-state seq: 0
- Is datapath-only: 0
- Is pipelined: 0
- Is top level: 0
Port [ Return ] is wired: 1; IO mode=ap_ctrl_hs:ce=0
Port [ p_read]:  wired=1; compound=0; hidden=0; nouse=0; global=0; static=0; extern=0; dir=0; type=0; pingpong=0; private_global=0; IO mode=ap_none:ce=0
Port [ p_read1]:  wired=1; compound=0; hidden=0; nouse=0; global=0; static=0; extern=0; dir=0; type=0; pingpong=0; private_global=0; IO mode=ap_none:ce=0
Port [ p_read2]:  wired=1; compound=0; hidden=0; nouse=0; global=0; static=0; extern=0; dir=0; type=0; pingpong=0; private_global=0; IO mode=ap_none:ce=0
Port [ p_read3]:  wired=1; compound=0; hidden=0; nouse=0; global=0; static=0; extern=0; dir=0; type=0; pingpong=0; private_global=0; IO mode=ap_none:ce=0
Port [ outidx3]:  wired=0; compound=1; hidden=1; nouse=0; global=1; static=1; extern=0; dir=0; type=1; pingpong=0; private_global=1; linkage=7; visibility=0; MemPort=[1]; IO mode=ap_memory:ce=0
Port [ w8_V]:  wired=0; compound=1; hidden=1; nouse=0; global=1; static=0; extern=0; dir=0; type=1; pingpong=0; private_global=1; linkage=0; visibility=0; MemPort=[1]; IO mode=ap_memory:ce=0
---------------- STG Properties END ------------------

---------------- Datapath Model BEGIN ----------------

<LifeTime>
<method=bitvector/>
tmp                  (specregionbegin  ) [ 0011111]
br_ln135             (br               ) [ 0111111]
do_init              (phi              ) [ 0011111]
w_index19            (phi              ) [ 0011111]
in_index_018         (phi              ) [ 0011111]
p_read_1             (read             ) [ 0011111]
p_read_2             (read             ) [ 0011111]
p_read_3             (read             ) [ 0011111]
p_read_4             (read             ) [ 0011111]
br_ln135             (br               ) [ 0011111]
zext_ln139           (zext             ) [ 0000000]
outidx3_addr         (getelementptr    ) [ 0011000]
w8_V_addr            (getelementptr    ) [ 0011000]
w_index              (add              ) [ 0111111]
in_index             (add              ) [ 0011000]
tmp_131              (partselect       ) [ 0000000]
icmp_ln154           (icmp             ) [ 0011000]
icmp_ln135           (icmp             ) [ 0011111]
br_ln135             (br               ) [ 0111111]
br_ln166             (br               ) [ 0111111]
p_read20_rewind      (phi              ) [ 0011000]
p_read121_rewind     (phi              ) [ 0011000]
p_read222_rewind     (phi              ) [ 0011000]
p_read323_rewind     (phi              ) [ 0011000]
br_ln0               (br               ) [ 0000000]
p_read20_phi         (phi              ) [ 0111111]
p_read121_phi        (phi              ) [ 0111111]
p_read222_phi        (phi              ) [ 0111111]
p_read323_phi        (phi              ) [ 0111111]
out_index            (load             ) [ 0010111]
trunc_ln145          (trunc            ) [ 0000000]
tmp_s                (mux              ) [ 0010100]
w8_V_load            (load             ) [ 0010100]
select_ln154         (select           ) [ 0110111]
zext_ln1118          (zext             ) [ 0000000]
sext_ln1118          (sext             ) [ 0000000]
r_V                  (mul              ) [ 0000000]
trunc_ln             (partselect       ) [ 0010010]
acc_0_V_011          (phi              ) [ 0011111]
acc_1_V_010          (phi              ) [ 0011111]
acc_2_V_09           (phi              ) [ 0011111]
sext_ln708           (sext             ) [ 0000000]
tmp_34               (mux              ) [ 0000000]
acc_0_V              (add              ) [ 0010001]
p_Val2_17            (phi              ) [ 0011111]
p_Val2_415           (phi              ) [ 0011111]
p_Val2_513           (phi              ) [ 0011111]
specmemcore_ln107    (specmemcore      ) [ 0000000]
empty_33             (specregionend    ) [ 0000000]
specloopname_ln135   (specloopname     ) [ 0000000]
tmp_8                (specregionbegin  ) [ 0000000]
specpipeline_ln136   (specpipeline     ) [ 0000000]
switch_ln145         (switch           ) [ 0000000]
br_ln145             (br               ) [ 0000000]
br_ln145             (br               ) [ 0000000]
acc_2_V_1            (phi              ) [ 0111111]
acc_1_V_1            (phi              ) [ 0111111]
acc_0_V_1            (phi              ) [ 0111111]
p_Val2_5             (phi              ) [ 0110001]
p_Val2_4             (phi              ) [ 0110001]
p_Val2_s             (phi              ) [ 0110001]
empty                (specregionend    ) [ 0000000]
empty_32             (speclooptripcount) [ 0000000]
res_0_V_write_assign (bitconcatenate   ) [ 0000000]
res_1_V_write_assign (bitconcatenate   ) [ 0000000]
res_2_V_write_assign (bitconcatenate   ) [ 0000000]
mrv                  (insertvalue      ) [ 0000000]
mrv_1                (insertvalue      ) [ 0000000]
mrv_2                (insertvalue      ) [ 0000000]
return_ln166         (return           ) [ 0000000]
</LifeTime>

<model>

<comp_list>
<comp id="0" class="1000" name="p_read">
<pin_list>
<pin id="1" dir="1" index="0" bw="1" slack="0"/>
</pin_list>
<bind>
<StgValue><ssdm name="p_read"/></StgValue>
</bind>
</comp>

<comp id="2" class="1000" name="p_read1">
<pin_list>
<pin id="3" dir="1" index="0" bw="1" slack="0"/>
</pin_list>
<bind>
<StgValue><ssdm name="p_read1"/></StgValue>
</bind>
</comp>

<comp id="4" class="1000" name="p_read2">
<pin_list>
<pin id="5" dir="1" index="0" bw="1" slack="0"/>
</pin_list>
<bind>
<StgValue><ssdm name="p_read2"/></StgValue>
</bind>
</comp>

<comp id="6" class="1000" name="p_read3">
<pin_list>
<pin id="7" dir="1" index="0" bw="1" slack="0"/>
</pin_list>
<bind>
<StgValue><ssdm name="p_read3"/></StgValue>
</bind>
</comp>

<comp id="8" class="1000" name="outidx3">
<pin_list>
<pin id="9" dir="1" index="0" bw="1" slack="0"/>
</pin_list>
<bind>
<StgValue><ssdm name="outidx3"/><MemPortTyVec>1 </MemPortTyVec>
</StgValue>
</bind>
</comp>

<comp id="10" class="1000" name="w8_V">
<pin_list>
<pin id="11" dir="1" index="0" bw="1" slack="0"/>
</pin_list>
<bind>
<StgValue><ssdm name="w8_V"/><MemPortTyVec>1 </MemPortTyVec>
</StgValue>
</bind>
</comp>

<comp id="12" class="1001" name="const_12">
<pin_list>
<pin id="13" dir="1" index="0" bw="1" slack="2147483647"/>
</pin_list>
<bind>
<StgValue><ssdm name="_ssdm_op_SpecRegionBegin"/></StgValue>
</bind>
</comp>

<comp id="14" class="1001" name="const_14">
<pin_list>
<pin id="15" dir="1" index="0" bw="1" slack="2147483647"/>
</pin_list>
<bind>
<StgValue><ssdm name="p_str25"/></StgValue>
</bind>
</comp>

<comp id="16" class="1001" name="const_16">
<pin_list>
<pin id="17" dir="1" index="0" bw="1" slack="0"/>
</pin_list>
<bind>
<StgValue><ssdm name=""/></StgValue>
</bind>
</comp>

<comp id="18" class="1001" name="const_18">
<pin_list>
<pin id="19" dir="1" index="0" bw="1" slack="0"/>
</pin_list>
<bind>
<StgValue><ssdm name=""/></StgValue>
</bind>
</comp>

<comp id="20" class="1001" name="const_20">
<pin_list>
<pin id="21" dir="1" index="0" bw="1" slack="0"/>
</pin_list>
<bind>
<StgValue><ssdm name=""/></StgValue>
</bind>
</comp>

<comp id="22" class="1001" name="const_22">
<pin_list>
<pin id="23" dir="1" index="0" bw="1" slack="0"/>
</pin_list>
<bind>
<StgValue><ssdm name=""/></StgValue>
</bind>
</comp>

<comp id="24" class="1001" name="const_24">
<pin_list>
<pin id="25" dir="1" index="0" bw="1" slack="0"/>
</pin_list>
<bind>
<StgValue><ssdm name="_ssdm_op_Read.ap_auto.i8"/></StgValue>
</bind>
</comp>

<comp id="26" class="1001" name="const_26">
<pin_list>
<pin id="27" dir="1" index="0" bw="1" slack="0"/>
</pin_list>
<bind>
<StgValue><ssdm name=""/></StgValue>
</bind>
</comp>

<comp id="28" class="1001" name="const_28">
<pin_list>
<pin id="29" dir="1" index="0" bw="1" slack="0"/>
</pin_list>
<bind>
<StgValue><ssdm name=""/></StgValue>
</bind>
</comp>

<comp id="30" class="1001" name="const_30">
<pin_list>
<pin id="31" dir="1" index="0" bw="1" slack="0"/>
</pin_list>
<bind>
<StgValue><ssdm name=""/></StgValue>
</bind>
</comp>

<comp id="32" class="1001" name="const_32">
<pin_list>
<pin id="33" dir="1" index="0" bw="1" slack="0"/>
</pin_list>
<bind>
<StgValue><ssdm name="_ssdm_op_PartSelect.i30.i32.i32.i32"/></StgValue>
</bind>
</comp>

<comp id="34" class="1001" name="const_34">
<pin_list>
<pin id="35" dir="1" index="0" bw="1" slack="0"/>
</pin_list>
<bind>
<StgValue><ssdm name=""/></StgValue>
</bind>
</comp>

<comp id="36" class="1001" name="const_36">
<pin_list>
<pin id="37" dir="1" index="0" bw="1" slack="0"/>
</pin_list>
<bind>
<StgValue><ssdm name=""/></StgValue>
</bind>
</comp>

<comp id="38" class="1001" name="const_38">
<pin_list>
<pin id="39" dir="1" index="0" bw="1" slack="0"/>
</pin_list>
<bind>
<StgValue><ssdm name=""/></StgValue>
</bind>
</comp>

<comp id="40" class="1001" name="const_40">
<pin_list>
<pin id="41" dir="1" index="0" bw="1" slack="0"/>
</pin_list>
<bind>
<StgValue><ssdm name=""/></StgValue>
</bind>
</comp>

<comp id="42" class="1001" name="const_42">
<pin_list>
<pin id="43" dir="1" index="0" bw="1" slack="1"/>
</pin_list>
<bind>
<StgValue><ssdm name=""/></StgValue>
</bind>
</comp>

<comp id="44" class="1001" name="const_44">
<pin_list>
<pin id="45" dir="1" index="0" bw="1" slack="0"/>
</pin_list>
<bind>
<StgValue><ssdm name="_ssdm_op_Mux.ap_auto.4i8.i2"/></StgValue>
</bind>
</comp>

<comp id="46" class="1001" name="const_46">
<pin_list>
<pin id="47" dir="1" index="0" bw="1" slack="0"/>
</pin_list>
<bind>
<StgValue><ssdm name="_ssdm_op_PartSelect.i13.i14.i32.i32"/></StgValue>
</bind>
</comp>

<comp id="48" class="1001" name="const_48">
<pin_list>
<pin id="49" dir="1" index="0" bw="1" slack="0"/>
</pin_list>
<bind>
<StgValue><ssdm name=""/></StgValue>
</bind>
</comp>

<comp id="50" class="1001" name="const_50">
<pin_list>
<pin id="51" dir="1" index="0" bw="1" slack="3"/>
</pin_list>
<bind>
<StgValue><ssdm name=""/></StgValue>
</bind>
</comp>

<comp id="52" class="1001" name="const_52">
<pin_list>
<pin id="53" dir="1" index="0" bw="1" slack="3"/>
</pin_list>
<bind>
<StgValue><ssdm name=""/></StgValue>
</bind>
</comp>

<comp id="54" class="1001" name="const_54">
<pin_list>
<pin id="55" dir="1" index="0" bw="1" slack="3"/>
</pin_list>
<bind>
<StgValue><ssdm name=""/></StgValue>
</bind>
</comp>

<comp id="56" class="1001" name="const_56">
<pin_list>
<pin id="57" dir="1" index="0" bw="1" slack="0"/>
</pin_list>
<bind>
<StgValue><ssdm name="_ssdm_op_Mux.ap_auto.3i16.i2"/></StgValue>
</bind>
</comp>

<comp id="58" class="1001" name="const_58">
<pin_list>
<pin id="59" dir="1" index="0" bw="1" slack="2147483647"/>
</pin_list>
<bind>
<StgValue><ssdm name="_ssdm_op_SpecMemCore"/></StgValue>
</bind>
</comp>

<comp id="60" class="1001" name="const_60">
<pin_list>
<pin id="61" dir="1" index="0" bw="1" slack="2147483647"/>
</pin_list>
<bind>
<StgValue><ssdm name="p_str13"/></StgValue>
</bind>
</comp>

<comp id="62" class="1001" name="const_62">
<pin_list>
<pin id="63" dir="1" index="0" bw="1" slack="2147483647"/>
</pin_list>
<bind>
<StgValue><ssdm name="p_str17"/></StgValue>
</bind>
</comp>

<comp id="64" class="1001" name="const_64">
<pin_list>
<pin id="65" dir="1" index="0" bw="1" slack="2147483647"/>
</pin_list>
<bind>
<StgValue><ssdm name=""/></StgValue>
</bind>
</comp>

<comp id="66" class="1001" name="const_66">
<pin_list>
<pin id="67" dir="1" index="0" bw="1" slack="2147483647"/>
</pin_list>
<bind>
<StgValue><ssdm name="_ssdm_op_SpecRegionEnd"/></StgValue>
</bind>
</comp>

<comp id="68" class="1001" name="const_68">
<pin_list>
<pin id="69" dir="1" index="0" bw="1" slack="2147483647"/>
</pin_list>
<bind>
<StgValue><ssdm name="_ssdm_op_SpecLoopName"/></StgValue>
</bind>
</comp>

<comp id="70" class="1001" name="const_70">
<pin_list>
<pin id="71" dir="1" index="0" bw="1" slack="2147483647"/>
</pin_list>
<bind>
<StgValue><ssdm name="p_str20"/></StgValue>
</bind>
</comp>

<comp id="72" class="1001" name="const_72">
<pin_list>
<pin id="73" dir="1" index="0" bw="1" slack="2147483647"/>
</pin_list>
<bind>
<StgValue><ssdm name="_ssdm_op_SpecPipeline"/></StgValue>
</bind>
</comp>

<comp id="74" class="1001" name="const_74">
<pin_list>
<pin id="75" dir="1" index="0" bw="1" slack="2147483647"/>
</pin_list>
<bind>
<StgValue><ssdm name=""/></StgValue>
</bind>
</comp>

<comp id="76" class="1001" name="const_76">
<pin_list>
<pin id="77" dir="1" index="0" bw="1" slack="2147483647"/>
</pin_list>
<bind>
<StgValue><ssdm name=""/></StgValue>
</bind>
</comp>

<comp id="78" class="1001" name="const_78">
<pin_list>
<pin id="79" dir="1" index="0" bw="1" slack="2147483647"/>
</pin_list>
<bind>
<StgValue><ssdm name="_ssdm_op_SpecLoopTripCount"/></StgValue>
</bind>
</comp>

<comp id="80" class="1001" name="const_80">
<pin_list>
<pin id="81" dir="1" index="0" bw="1" slack="2147483647"/>
</pin_list>
<bind>
<StgValue><ssdm name=""/></StgValue>
</bind>
</comp>

<comp id="82" class="1001" name="const_82">
<pin_list>
<pin id="83" dir="1" index="0" bw="1" slack="0"/>
</pin_list>
<bind>
<StgValue><ssdm name="_ssdm_op_BitConcatenate.i17.i16.i1"/></StgValue>
</bind>
</comp>

<comp id="84" class="1001" name="const_84">
<pin_list>
<pin id="85" dir="1" index="0" bw="1" slack="0"/>
</pin_list>
<bind>
<StgValue><ssdm name=""/></StgValue>
</bind>
</comp>

<comp id="86" class="1004" name="p_read_1_read_fu_86">
<pin_list>
<pin id="87" dir="0" index="0" bw="8" slack="0"/>
<pin id="88" dir="0" index="1" bw="8" slack="0"/>
<pin id="89" dir="1" index="2" bw="8" slack="1"/>
</pin_list>
<bind>
<opcode="read(1150) " fcode="read"/>
<opset="p_read_1/2 "/>
</bind>
</comp>

<comp id="92" class="1004" name="p_read_2_read_fu_92">
<pin_list>
<pin id="93" dir="0" index="0" bw="8" slack="0"/>
<pin id="94" dir="0" index="1" bw="8" slack="0"/>
<pin id="95" dir="1" index="2" bw="8" slack="1"/>
</pin_list>
<bind>
<opcode="read(1150) " fcode="read"/>
<opset="p_read_2/2 "/>
</bind>
</comp>

<comp id="98" class="1004" name="p_read_3_read_fu_98">
<pin_list>
<pin id="99" dir="0" index="0" bw="8" slack="0"/>
<pin id="100" dir="0" index="1" bw="8" slack="0"/>
<pin id="101" dir="1" index="2" bw="8" slack="1"/>
</pin_list>
<bind>
<opcode="read(1150) " fcode="read"/>
<opset="p_read_3/2 "/>
</bind>
</comp>

<comp id="104" class="1004" name="p_read_4_read_fu_104">
<pin_list>
<pin id="105" dir="0" index="0" bw="8" slack="0"/>
<pin id="106" dir="0" index="1" bw="8" slack="0"/>
<pin id="107" dir="1" index="2" bw="8" slack="1"/>
</pin_list>
<bind>
<opcode="read(1150) " fcode="read"/>
<opset="p_read_4/2 "/>
</bind>
</comp>

<comp id="110" class="1004" name="outidx3_addr_gep_fu_110">
<pin_list>
<pin id="111" dir="0" index="0" bw="2" slack="0"/>
<pin id="112" dir="0" index="1" bw="1" slack="0"/>
<pin id="113" dir="0" index="2" bw="4" slack="0"/>
<pin id="114" dir="1" index="3" bw="4" slack="0"/>
</pin_list>
<bind>
<opcode="getelementptr(29) " fcode="getelementptr"/>
<opset="outidx3_addr/2 "/>
</bind>
</comp>

<comp id="117" class="1004" name="grp_access_fu_117">
<pin_list>
<pin id="118" dir="0" index="0" bw="4" slack="0"/>
<pin id="119" dir="0" index="1" bw="2" slack="2147483647"/>
<pin id="120" dir="0" index="2" bw="0" slack="2147483647"/>
<pin id="121" dir="1" index="3" bw="2" slack="2"/>
</pin_list>
<bind>
<opcode="load(27) " fcode="load"/>
<opset="out_index/2 "/>
</bind>
</comp>

<comp id="123" class="1004" name="w8_V_addr_gep_fu_123">
<pin_list>
<pin id="124" dir="0" index="0" bw="6" slack="0"/>
<pin id="125" dir="0" index="1" bw="1" slack="0"/>
<pin id="126" dir="0" index="2" bw="4" slack="0"/>
<pin id="127" dir="1" index="3" bw="4" slack="0"/>
</pin_list>
<bind>
<opcode="getelementptr(29) " fcode="getelementptr"/>
<opset="w8_V_addr/2 "/>
</bind>
</comp>

<comp id="130" class="1004" name="grp_access_fu_130">
<pin_list>
<pin id="131" dir="0" index="0" bw="4" slack="0"/>
<pin id="132" dir="0" index="1" bw="6" slack="2147483647"/>
<pin id="133" dir="0" index="2" bw="0" slack="2147483647"/>
<pin id="134" dir="1" index="3" bw="6" slack="1"/>
</pin_list>
<bind>
<opcode="load(27) " fcode="load"/>
<opset="w8_V_load/2 "/>
</bind>
</comp>

<comp id="136" class="1005" name="do_init_reg_136">
<pin_list>
<pin id="137" dir="0" index="0" bw="1" slack="1"/>
<pin id="138" dir="1" index="1" bw="1" slack="1"/>
</pin_list>
<bind>
<opset="do_init (phireg) "/>
</bind>
</comp>

<comp id="140" class="1004" name="do_init_phi_fu_140">
<pin_list>
<pin id="141" dir="0" index="0" bw="1" slack="1"/>
<pin id="142" dir="0" index="1" bw="0" slack="2147483647"/>
<pin id="143" dir="0" index="2" bw="1" slack="0"/>
<pin id="144" dir="0" index="3" bw="0" slack="2147483647"/>
<pin id="145" dir="0" index="4" bw="1" slack="0"/>
<pin id="146" dir="0" index="5" bw="0" slack="2147483647"/>
<pin id="147" dir="1" index="6" bw="1" slack="1"/>
</pin_list>
<bind>
<opcode="phi(47) " fcode="phi"/>
<opset="do_init/2 "/>
</bind>
</comp>

<comp id="152" class="1005" name="w_index19_reg_152">
<pin_list>
<pin id="153" dir="0" index="0" bw="4" slack="1"/>
<pin id="154" dir="1" index="1" bw="4" slack="1"/>
</pin_list>
<bind>
<opset="w_index19 (phireg) "/>
</bind>
</comp>

<comp id="156" class="1004" name="w_index19_phi_fu_156">
<pin_list>
<pin id="157" dir="0" index="0" bw="1" slack="1"/>
<pin id="158" dir="0" index="1" bw="0" slack="2147483647"/>
<pin id="159" dir="0" index="2" bw="4" slack="0"/>
<pin id="160" dir="0" index="3" bw="0" slack="2147483647"/>
<pin id="161" dir="0" index="4" bw="1" slack="0"/>
<pin id="162" dir="0" index="5" bw="0" slack="2147483647"/>
<pin id="163" dir="1" index="6" bw="4" slack="0"/>
</pin_list>
<bind>
<opcode="phi(47) " fcode="phi"/>
<opset="w_index19/2 "/>
</bind>
</comp>

<comp id="166" class="1005" name="in_index_018_reg_166">
<pin_list>
<pin id="167" dir="0" index="0" bw="32" slack="1"/>
<pin id="168" dir="1" index="1" bw="32" slack="1"/>
</pin_list>
<bind>
<opset="in_index_018 (phireg) "/>
</bind>
</comp>

<comp id="170" class="1004" name="in_index_018_phi_fu_170">
<pin_list>
<pin id="171" dir="0" index="0" bw="1" slack="1"/>
<pin id="172" dir="0" index="1" bw="0" slack="2147483647"/>
<pin id="173" dir="0" index="2" bw="32" slack="1"/>
<pin id="174" dir="0" index="3" bw="0" slack="2147483647"/>
<pin id="175" dir="0" index="4" bw="1" slack="0"/>
<pin id="176" dir="0" index="5" bw="0" slack="2147483647"/>
<pin id="177" dir="1" index="6" bw="32" slack="0"/>
</pin_list>
<bind>
<opcode="phi(47) " fcode="phi"/>
<opset="in_index_018/2 "/>
</bind>
</comp>

<comp id="181" class="1005" name="p_read20_rewind_reg_181">
<pin_list>
<pin id="182" dir="0" index="0" bw="8" slack="1"/>
<pin id="183" dir="1" index="1" bw="8" slack="1"/>
</pin_list>
<bind>
<opset="p_read20_rewind (phireg) "/>
</bind>
</comp>

<comp id="185" class="1004" name="p_read20_rewind_phi_fu_185">
<pin_list>
<pin id="186" dir="0" index="0" bw="1" slack="2"/>
<pin id="187" dir="0" index="1" bw="0" slack="2147483647"/>
<pin id="188" dir="0" index="2" bw="8" slack="0"/>
<pin id="189" dir="0" index="3" bw="0" slack="2147483647"/>
<pin id="190" dir="0" index="4" bw="1" slack="1"/>
<pin id="191" dir="0" index="5" bw="0" slack="2147483647"/>
<pin id="192" dir="1" index="6" bw="8" slack="0"/>
</pin_list>
<bind>
<opcode="phi(47) " fcode="phi"/>
<opset="p_read20_rewind/3 "/>
</bind>
</comp>

<comp id="195" class="1005" name="p_read121_rewind_reg_195">
<pin_list>
<pin id="196" dir="0" index="0" bw="8" slack="1"/>
<pin id="197" dir="1" index="1" bw="8" slack="1"/>
</pin_list>
<bind>
<opset="p_read121_rewind (phireg) "/>
</bind>
</comp>

<comp id="199" class="1004" name="p_read121_rewind_phi_fu_199">
<pin_list>
<pin id="200" dir="0" index="0" bw="1" slack="2"/>
<pin id="201" dir="0" index="1" bw="0" slack="2147483647"/>
<pin id="202" dir="0" index="2" bw="8" slack="0"/>
<pin id="203" dir="0" index="3" bw="0" slack="2147483647"/>
<pin id="204" dir="0" index="4" bw="1" slack="1"/>
<pin id="205" dir="0" index="5" bw="0" slack="2147483647"/>
<pin id="206" dir="1" index="6" bw="8" slack="0"/>
</pin_list>
<bind>
<opcode="phi(47) " fcode="phi"/>
<opset="p_read121_rewind/3 "/>
</bind>
</comp>

<comp id="209" class="1005" name="p_read222_rewind_reg_209">
<pin_list>
<pin id="210" dir="0" index="0" bw="8" slack="1"/>
<pin id="211" dir="1" index="1" bw="8" slack="1"/>
</pin_list>
<bind>
<opset="p_read222_rewind (phireg) "/>
</bind>
</comp>

<comp id="213" class="1004" name="p_read222_rewind_phi_fu_213">
<pin_list>
<pin id="214" dir="0" index="0" bw="1" slack="2"/>
<pin id="215" dir="0" index="1" bw="0" slack="2147483647"/>
<pin id="216" dir="0" index="2" bw="8" slack="0"/>
<pin id="217" dir="0" index="3" bw="0" slack="2147483647"/>
<pin id="218" dir="0" index="4" bw="1" slack="1"/>
<pin id="219" dir="0" index="5" bw="0" slack="2147483647"/>
<pin id="220" dir="1" index="6" bw="8" slack="0"/>
</pin_list>
<bind>
<opcode="phi(47) " fcode="phi"/>
<opset="p_read222_rewind/3 "/>
</bind>
</comp>

<comp id="223" class="1005" name="p_read323_rewind_reg_223">
<pin_list>
<pin id="224" dir="0" index="0" bw="8" slack="1"/>
<pin id="225" dir="1" index="1" bw="8" slack="1"/>
</pin_list>
<bind>
<opset="p_read323_rewind (phireg) "/>
</bind>
</comp>

<comp id="227" class="1004" name="p_read323_rewind_phi_fu_227">
<pin_list>
<pin id="228" dir="0" index="0" bw="1" slack="2"/>
<pin id="229" dir="0" index="1" bw="0" slack="2147483647"/>
<pin id="230" dir="0" index="2" bw="8" slack="0"/>
<pin id="231" dir="0" index="3" bw="0" slack="2147483647"/>
<pin id="232" dir="0" index="4" bw="1" slack="1"/>
<pin id="233" dir="0" index="5" bw="0" slack="2147483647"/>
<pin id="234" dir="1" index="6" bw="8" slack="0"/>
</pin_list>
<bind>
<opcode="phi(47) " fcode="phi"/>
<opset="p_read323_rewind/3 "/>
</bind>
</comp>

<comp id="237" class="1005" name="p_read20_phi_reg_237">
<pin_list>
<pin id="238" dir="0" index="0" bw="8" slack="0"/>
<pin id="239" dir="1" index="1" bw="8" slack="0"/>
</pin_list>
<bind>
<opset="p_read20_phi (phireg) "/>
</bind>
</comp>

<comp id="241" class="1004" name="p_read20_phi_phi_fu_241">
<pin_list>
<pin id="242" dir="0" index="0" bw="8" slack="1"/>
<pin id="243" dir="0" index="1" bw="0" slack="2147483647"/>
<pin id="244" dir="0" index="2" bw="8" slack="0"/>
<pin id="245" dir="0" index="3" bw="0" slack="2147483647"/>
<pin id="246" dir="1" index="4" bw="8" slack="0"/>
</pin_list>
<bind>
<opcode="phi(47) " fcode="phi"/>
<opset="p_read20_phi/3 "/>
</bind>
</comp>

<comp id="249" class="1005" name="p_read121_phi_reg_249">
<pin_list>
<pin id="250" dir="0" index="0" bw="8" slack="0"/>
<pin id="251" dir="1" index="1" bw="8" slack="0"/>
</pin_list>
<bind>
<opset="p_read121_phi (phireg) "/>
</bind>
</comp>

<comp id="253" class="1004" name="p_read121_phi_phi_fu_253">
<pin_list>
<pin id="254" dir="0" index="0" bw="8" slack="1"/>
<pin id="255" dir="0" index="1" bw="0" slack="2147483647"/>
<pin id="256" dir="0" index="2" bw="8" slack="0"/>
<pin id="257" dir="0" index="3" bw="0" slack="2147483647"/>
<pin id="258" dir="1" index="4" bw="8" slack="0"/>
</pin_list>
<bind>
<opcode="phi(47) " fcode="phi"/>
<opset="p_read121_phi/3 "/>
</bind>
</comp>

<comp id="261" class="1005" name="p_read222_phi_reg_261">
<pin_list>
<pin id="262" dir="0" index="0" bw="8" slack="0"/>
<pin id="263" dir="1" index="1" bw="8" slack="0"/>
</pin_list>
<bind>
<opset="p_read222_phi (phireg) "/>
</bind>
</comp>

<comp id="265" class="1004" name="p_read222_phi_phi_fu_265">
<pin_list>
<pin id="266" dir="0" index="0" bw="8" slack="1"/>
<pin id="267" dir="0" index="1" bw="0" slack="2147483647"/>
<pin id="268" dir="0" index="2" bw="8" slack="0"/>
<pin id="269" dir="0" index="3" bw="0" slack="2147483647"/>
<pin id="270" dir="1" index="4" bw="8" slack="0"/>
</pin_list>
<bind>
<opcode="phi(47) " fcode="phi"/>
<opset="p_read222_phi/3 "/>
</bind>
</comp>

<comp id="273" class="1005" name="p_read323_phi_reg_273">
<pin_list>
<pin id="274" dir="0" index="0" bw="8" slack="0"/>
<pin id="275" dir="1" index="1" bw="8" slack="0"/>
</pin_list>
<bind>
<opset="p_read323_phi (phireg) "/>
</bind>
</comp>

<comp id="277" class="1004" name="p_read323_phi_phi_fu_277">
<pin_list>
<pin id="278" dir="0" index="0" bw="8" slack="1"/>
<pin id="279" dir="0" index="1" bw="0" slack="2147483647"/>
<pin id="280" dir="0" index="2" bw="8" slack="0"/>
<pin id="281" dir="0" index="3" bw="0" slack="2147483647"/>
<pin id="282" dir="1" index="4" bw="8" slack="0"/>
</pin_list>
<bind>
<opcode="phi(47) " fcode="phi"/>
<opset="p_read323_phi/3 "/>
</bind>
</comp>

<comp id="285" class="1005" name="acc_0_V_011_reg_285">
<pin_list>
<pin id="286" dir="0" index="0" bw="16" slack="1"/>
<pin id="287" dir="1" index="1" bw="16" slack="1"/>
</pin_list>
<bind>
<opset="acc_0_V_011 (phireg) "/>
</bind>
</comp>

<comp id="289" class="1004" name="acc_0_V_011_phi_fu_289">
<pin_list>
<pin id="290" dir="0" index="0" bw="8" slack="4"/>
<pin id="291" dir="0" index="1" bw="0" slack="2147483647"/>
<pin id="292" dir="0" index="2" bw="16" slack="1"/>
<pin id="293" dir="0" index="3" bw="0" slack="2147483647"/>
<pin id="294" dir="0" index="4" bw="8" slack="3"/>
<pin id="295" dir="0" index="5" bw="0" slack="2147483647"/>
<pin id="296" dir="1" index="6" bw="16" slack="0"/>
</pin_list>
<bind>
<opcode="phi(47) " fcode="phi"/>
<opset="acc_0_V_011/5 "/>
</bind>
</comp>

<comp id="300" class="1005" name="acc_1_V_010_reg_300">
<pin_list>
<pin id="301" dir="0" index="0" bw="16" slack="1"/>
<pin id="302" dir="1" index="1" bw="16" slack="1"/>
</pin_list>
<bind>
<opset="acc_1_V_010 (phireg) "/>
</bind>
</comp>

<comp id="304" class="1004" name="acc_1_V_010_phi_fu_304">
<pin_list>
<pin id="305" dir="0" index="0" bw="7" slack="4"/>
<pin id="306" dir="0" index="1" bw="0" slack="2147483647"/>
<pin id="307" dir="0" index="2" bw="16" slack="1"/>
<pin id="308" dir="0" index="3" bw="0" slack="2147483647"/>
<pin id="309" dir="0" index="4" bw="7" slack="3"/>
<pin id="310" dir="0" index="5" bw="0" slack="2147483647"/>
<pin id="311" dir="1" index="6" bw="16" slack="0"/>
</pin_list>
<bind>
<opcode="phi(47) " fcode="phi"/>
<opset="acc_1_V_010/5 "/>
</bind>
</comp>

<comp id="315" class="1005" name="acc_2_V_09_reg_315">
<pin_list>
<pin id="316" dir="0" index="0" bw="16" slack="1"/>
<pin id="317" dir="1" index="1" bw="16" slack="1"/>
</pin_list>
<bind>
<opset="acc_2_V_09 (phireg) "/>
</bind>
</comp>

<comp id="319" class="1004" name="acc_2_V_09_phi_fu_319">
<pin_list>
<pin id="320" dir="0" index="0" bw="8" slack="4"/>
<pin id="321" dir="0" index="1" bw="0" slack="2147483647"/>
<pin id="322" dir="0" index="2" bw="16" slack="1"/>
<pin id="323" dir="0" index="3" bw="0" slack="2147483647"/>
<pin id="324" dir="0" index="4" bw="8" slack="3"/>
<pin id="325" dir="0" index="5" bw="0" slack="2147483647"/>
<pin id="326" dir="1" index="6" bw="16" slack="0"/>
</pin_list>
<bind>
<opcode="phi(47) " fcode="phi"/>
<opset="acc_2_V_09/5 "/>
</bind>
</comp>

<comp id="330" class="1005" name="p_Val2_17_reg_330">
<pin_list>
<pin id="331" dir="0" index="0" bw="16" slack="4"/>
<pin id="332" dir="1" index="1" bw="16" slack="4"/>
</pin_list>
<bind>
<opset="p_Val2_17 (phireg) "/>
</bind>
</comp>

<comp id="334" class="1004" name="p_Val2_17_phi_fu_334">
<pin_list>
<pin id="335" dir="0" index="0" bw="8" slack="5"/>
<pin id="336" dir="0" index="1" bw="0" slack="2147483647"/>
<pin id="337" dir="0" index="2" bw="16" slack="0"/>
<pin id="338" dir="0" index="3" bw="0" slack="2147483647"/>
<pin id="339" dir="0" index="4" bw="8" slack="4"/>
<pin id="340" dir="0" index="5" bw="0" slack="2147483647"/>
<pin id="341" dir="1" index="6" bw="16" slack="0"/>
</pin_list>
<bind>
<opcode="phi(47) " fcode="phi"/>
<opset="p_Val2_17/6 "/>
</bind>
</comp>

<comp id="344" class="1005" name="p_Val2_415_reg_344">
<pin_list>
<pin id="345" dir="0" index="0" bw="16" slack="4"/>
<pin id="346" dir="1" index="1" bw="16" slack="4"/>
</pin_list>
<bind>
<opset="p_Val2_415 (phireg) "/>
</bind>
</comp>

<comp id="348" class="1004" name="p_Val2_415_phi_fu_348">
<pin_list>
<pin id="349" dir="0" index="0" bw="7" slack="5"/>
<pin id="350" dir="0" index="1" bw="0" slack="2147483647"/>
<pin id="351" dir="0" index="2" bw="16" slack="0"/>
<pin id="352" dir="0" index="3" bw="0" slack="2147483647"/>
<pin id="353" dir="0" index="4" bw="7" slack="4"/>
<pin id="354" dir="0" index="5" bw="0" slack="2147483647"/>
<pin id="355" dir="1" index="6" bw="16" slack="0"/>
</pin_list>
<bind>
<opcode="phi(47) " fcode="phi"/>
<opset="p_Val2_415/6 "/>
</bind>
</comp>

<comp id="358" class="1005" name="p_Val2_513_reg_358">
<pin_list>
<pin id="359" dir="0" index="0" bw="16" slack="4"/>
<pin id="360" dir="1" index="1" bw="16" slack="4"/>
</pin_list>
<bind>
<opset="p_Val2_513 (phireg) "/>
</bind>
</comp>

<comp id="362" class="1004" name="p_Val2_513_phi_fu_362">
<pin_list>
<pin id="363" dir="0" index="0" bw="8" slack="5"/>
<pin id="364" dir="0" index="1" bw="0" slack="2147483647"/>
<pin id="365" dir="0" index="2" bw="16" slack="0"/>
<pin id="366" dir="0" index="3" bw="0" slack="2147483647"/>
<pin id="367" dir="0" index="4" bw="8" slack="4"/>
<pin id="368" dir="0" index="5" bw="0" slack="2147483647"/>
<pin id="369" dir="1" index="6" bw="16" slack="0"/>
</pin_list>
<bind>
<opcode="phi(47) " fcode="phi"/>
<opset="p_Val2_513/6 "/>
</bind>
</comp>

<comp id="372" class="1005" name="acc_2_V_1_reg_372">
<pin_list>
<pin id="373" dir="0" index="0" bw="16" slack="1"/>
<pin id="374" dir="1" index="1" bw="16" slack="1"/>
</pin_list>
<bind>
<opset="acc_2_V_1 (phireg) "/>
</bind>
</comp>

<comp id="376" class="1004" name="acc_2_V_1_phi_fu_376">
<pin_list>
<pin id="377" dir="0" index="0" bw="16" slack="1"/>
<pin id="378" dir="0" index="1" bw="0" slack="2147483647"/>
<pin id="379" dir="0" index="2" bw="16" slack="1"/>
<pin id="380" dir="0" index="3" bw="0" slack="2147483647"/>
<pin id="381" dir="0" index="4" bw="16" slack="1"/>
<pin id="382" dir="0" index="5" bw="0" slack="2147483647"/>
<pin id="383" dir="1" index="6" bw="16" slack="1"/>
</pin_list>
<bind>
<opcode="phi(47) " fcode="phi"/>
<opset="acc_2_V_1/6 "/>
</bind>
</comp>

<comp id="387" class="1005" name="acc_1_V_1_reg_387">
<pin_list>
<pin id="388" dir="0" index="0" bw="16" slack="1"/>
<pin id="389" dir="1" index="1" bw="16" slack="1"/>
</pin_list>
<bind>
<opset="acc_1_V_1 (phireg) "/>
</bind>
</comp>

<comp id="391" class="1004" name="acc_1_V_1_phi_fu_391">
<pin_list>
<pin id="392" dir="0" index="0" bw="16" slack="1"/>
<pin id="393" dir="0" index="1" bw="0" slack="2147483647"/>
<pin id="394" dir="0" index="2" bw="16" slack="1"/>
<pin id="395" dir="0" index="3" bw="0" slack="2147483647"/>
<pin id="396" dir="0" index="4" bw="16" slack="1"/>
<pin id="397" dir="0" index="5" bw="0" slack="2147483647"/>
<pin id="398" dir="1" index="6" bw="16" slack="1"/>
</pin_list>
<bind>
<opcode="phi(47) " fcode="phi"/>
<opset="acc_1_V_1/6 "/>
</bind>
</comp>

<comp id="402" class="1005" name="acc_0_V_1_reg_402">
<pin_list>
<pin id="403" dir="0" index="0" bw="16" slack="1"/>
<pin id="404" dir="1" index="1" bw="16" slack="1"/>
</pin_list>
<bind>
<opset="acc_0_V_1 (phireg) "/>
</bind>
</comp>

<comp id="406" class="1004" name="acc_0_V_1_phi_fu_406">
<pin_list>
<pin id="407" dir="0" index="0" bw="16" slack="1"/>
<pin id="408" dir="0" index="1" bw="0" slack="2147483647"/>
<pin id="409" dir="0" index="2" bw="16" slack="1"/>
<pin id="410" dir="0" index="3" bw="0" slack="2147483647"/>
<pin id="411" dir="0" index="4" bw="16" slack="1"/>
<pin id="412" dir="0" index="5" bw="0" slack="2147483647"/>
<pin id="413" dir="1" index="6" bw="16" slack="1"/>
</pin_list>
<bind>
<opcode="phi(47) " fcode="phi"/>
<opset="acc_0_V_1/6 "/>
</bind>
</comp>

<comp id="417" class="1005" name="p_Val2_5_reg_417">
<pin_list>
<pin id="418" dir="0" index="0" bw="16" slack="0"/>
<pin id="419" dir="1" index="1" bw="16" slack="0"/>
</pin_list>
<bind>
<opset="p_Val2_5 (phireg) "/>
</bind>
</comp>

<comp id="421" class="1004" name="p_Val2_5_phi_fu_421">
<pin_list>
<pin id="422" dir="0" index="0" bw="16" slack="1"/>
<pin id="423" dir="0" index="1" bw="0" slack="2147483647"/>
<pin id="424" dir="0" index="2" bw="16" slack="0"/>
<pin id="425" dir="0" index="3" bw="0" slack="2147483647"/>
<pin id="426" dir="0" index="4" bw="16" slack="0"/>
<pin id="427" dir="0" index="5" bw="0" slack="2147483647"/>
<pin id="428" dir="1" index="6" bw="16" slack="0"/>
</pin_list>
<bind>
<opcode="phi(47) " fcode="phi"/>
<opset="p_Val2_5/6 "/>
</bind>
</comp>

<comp id="432" class="1005" name="p_Val2_4_reg_432">
<pin_list>
<pin id="433" dir="0" index="0" bw="16" slack="0"/>
<pin id="434" dir="1" index="1" bw="16" slack="0"/>
</pin_list>
<bind>
<opset="p_Val2_4 (phireg) "/>
</bind>
</comp>

<comp id="436" class="1004" name="p_Val2_4_phi_fu_436">
<pin_list>
<pin id="437" dir="0" index="0" bw="16" slack="0"/>
<pin id="438" dir="0" index="1" bw="0" slack="2147483647"/>
<pin id="439" dir="0" index="2" bw="16" slack="1"/>
<pin id="440" dir="0" index="3" bw="0" slack="2147483647"/>
<pin id="441" dir="0" index="4" bw="16" slack="0"/>
<pin id="442" dir="0" index="5" bw="0" slack="2147483647"/>
<pin id="443" dir="1" index="6" bw="16" slack="0"/>
</pin_list>
<bind>
<opcode="phi(47) " fcode="phi"/>
<opset="p_Val2_4/6 "/>
</bind>
</comp>

<comp id="447" class="1005" name="p_Val2_s_reg_447">
<pin_list>
<pin id="448" dir="0" index="0" bw="16" slack="0"/>
<pin id="449" dir="1" index="1" bw="16" slack="0"/>
</pin_list>
<bind>
<opset="p_Val2_s (phireg) "/>
</bind>
</comp>

<comp id="451" class="1004" name="p_Val2_s_phi_fu_451">
<pin_list>
<pin id="452" dir="0" index="0" bw="16" slack="0"/>
<pin id="453" dir="0" index="1" bw="0" slack="2147483647"/>
<pin id="454" dir="0" index="2" bw="16" slack="0"/>
<pin id="455" dir="0" index="3" bw="0" slack="2147483647"/>
<pin id="456" dir="0" index="4" bw="16" slack="1"/>
<pin id="457" dir="0" index="5" bw="0" slack="2147483647"/>
<pin id="458" dir="1" index="6" bw="16" slack="0"/>
</pin_list>
<bind>
<opcode="phi(47) " fcode="phi"/>
<opset="p_Val2_s/6 "/>
</bind>
</comp>

<comp id="462" class="1004" name="zext_ln139_fu_462">
<pin_list>
<pin id="463" dir="0" index="0" bw="4" slack="0"/>
<pin id="464" dir="1" index="1" bw="64" slack="0"/>
</pin_list>
<bind>
<opcode="zext(34) " fcode="zext"/>
<opset="zext_ln139/2 "/>
</bind>
</comp>

<comp id="468" class="1004" name="w_index_fu_468">
<pin_list>
<pin id="469" dir="0" index="0" bw="1" slack="0"/>
<pin id="470" dir="0" index="1" bw="4" slack="0"/>
<pin id="471" dir="1" index="2" bw="4" slack="0"/>
</pin_list>
<bind>
<opcode="add(8) " fcode="add"/>
<opset="w_index/2 "/>
</bind>
</comp>

<comp id="474" class="1004" name="in_index_fu_474">
<pin_list>
<pin id="475" dir="0" index="0" bw="32" slack="0"/>
<pin id="476" dir="0" index="1" bw="1" slack="0"/>
<pin id="477" dir="1" index="2" bw="32" slack="0"/>
</pin_list>
<bind>
<opcode="add(8) " fcode="add"/>
<opset="in_index/2 "/>
</bind>
</comp>

<comp id="480" class="1004" name="tmp_131_fu_480">
<pin_list>
<pin id="481" dir="0" index="0" bw="30" slack="0"/>
<pin id="482" dir="0" index="1" bw="32" slack="0"/>
<pin id="483" dir="0" index="2" bw="3" slack="0"/>
<pin id="484" dir="0" index="3" bw="6" slack="0"/>
<pin id="485" dir="1" index="4" bw="30" slack="0"/>
</pin_list>
<bind>
<opcode="partselect(1002) " fcode="partselect"/>
<opset="tmp_131/2 "/>
</bind>
</comp>

<comp id="490" class="1004" name="icmp_ln154_fu_490">
<pin_list>
<pin id="491" dir="0" index="0" bw="30" slack="0"/>
<pin id="492" dir="0" index="1" bw="1" slack="0"/>
<pin id="493" dir="1" index="2" bw="1" slack="1"/>
</pin_list>
<bind>
<opcode="icmp(45) " fcode="icmp"/>
<opset="icmp_ln154/2 "/>
</bind>
</comp>

<comp id="496" class="1004" name="icmp_ln135_fu_496">
<pin_list>
<pin id="497" dir="0" index="0" bw="4" slack="0"/>
<pin id="498" dir="0" index="1" bw="4" slack="0"/>
<pin id="499" dir="1" index="2" bw="1" slack="1"/>
</pin_list>
<bind>
<opcode="icmp(45) " fcode="icmp"/>
<opset="icmp_ln135/2 "/>
</bind>
</comp>

<comp id="502" class="1004" name="trunc_ln145_fu_502">
<pin_list>
<pin id="503" dir="0" index="0" bw="32" slack="1"/>
<pin id="504" dir="1" index="1" bw="2" slack="0"/>
</pin_list>
<bind>
<opcode="trunc(33) " fcode="trunc"/>
<opset="trunc_ln145/3 "/>
</bind>
</comp>

<comp id="506" class="1004" name="tmp_s_fu_506">
<pin_list>
<pin id="507" dir="0" index="0" bw="8" slack="0"/>
<pin id="508" dir="0" index="1" bw="8" slack="0"/>
<pin id="509" dir="0" index="2" bw="8" slack="0"/>
<pin id="510" dir="0" index="3" bw="8" slack="0"/>
<pin id="511" dir="0" index="4" bw="8" slack="0"/>
<pin id="512" dir="0" index="5" bw="2" slack="0"/>
<pin id="513" dir="1" index="6" bw="8" slack="1"/>
</pin_list>
<bind>
<opcode="mux(1196) " fcode="mux"/>
<opset="tmp_s/3 "/>
</bind>
</comp>

<comp id="520" class="1004" name="select_ln154_fu_520">
<pin_list>
<pin id="521" dir="0" index="0" bw="1" slack="1"/>
<pin id="522" dir="0" index="1" bw="1" slack="0"/>
<pin id="523" dir="0" index="2" bw="32" slack="1"/>
<pin id="524" dir="1" index="3" bw="32" slack="1"/>
</pin_list>
<bind>
<opcode="select(49) " fcode="select"/>
<opset="select_ln154/3 "/>
</bind>
</comp>

<comp id="526" class="1004" name="zext_ln1118_fu_526">
<pin_list>
<pin id="527" dir="0" index="0" bw="8" slack="1"/>
<pin id="528" dir="1" index="1" bw="14" slack="0"/>
</pin_list>
<bind>
<opcode="zext(34) " fcode="zext"/>
<opset="zext_ln1118/4 "/>
</bind>
</comp>

<comp id="529" class="1004" name="sext_ln1118_fu_529">
<pin_list>
<pin id="530" dir="0" index="0" bw="6" slack="1"/>
<pin id="531" dir="1" index="1" bw="14" slack="0"/>
</pin_list>
<bind>
<opcode="sext(35) " fcode="sext"/>
<opset="sext_ln1118/4 "/>
</bind>
</comp>

<comp id="532" class="1004" name="r_V_fu_532">
<pin_list>
<pin id="533" dir="0" index="0" bw="6" slack="0"/>
<pin id="534" dir="0" index="1" bw="8" slack="0"/>
<pin id="535" dir="1" index="2" bw="14" slack="0"/>
</pin_list>
<bind>
<opcode="mul(12) " fcode="mul"/>
<opset="r_V/4 "/>
</bind>
</comp>

<comp id="538" class="1004" name="trunc_ln_fu_538">
<pin_list>
<pin id="539" dir="0" index="0" bw="13" slack="0"/>
<pin id="540" dir="0" index="1" bw="14" slack="0"/>
<pin id="541" dir="0" index="2" bw="1" slack="0"/>
<pin id="542" dir="0" index="3" bw="5" slack="0"/>
<pin id="543" dir="1" index="4" bw="13" slack="1"/>
</pin_list>
<bind>
<opcode="partselect(1002) " fcode="partselect"/>
<opset="trunc_ln/4 "/>
</bind>
</comp>

<comp id="548" class="1004" name="sext_ln708_fu_548">
<pin_list>
<pin id="549" dir="0" index="0" bw="13" slack="1"/>
<pin id="550" dir="1" index="1" bw="16" slack="0"/>
</pin_list>
<bind>
<opcode="sext(35) " fcode="sext"/>
<opset="sext_ln708/5 "/>
</bind>
</comp>

<comp id="551" class="1004" name="tmp_34_fu_551">
<pin_list>
<pin id="552" dir="0" index="0" bw="16" slack="0"/>
<pin id="553" dir="0" index="1" bw="16" slack="0"/>
<pin id="554" dir="0" index="2" bw="16" slack="0"/>
<pin id="555" dir="0" index="3" bw="16" slack="0"/>
<pin id="556" dir="0" index="4" bw="2" slack="2"/>
<pin id="557" dir="1" index="5" bw="16" slack="0"/>
</pin_list>
<bind>
<opcode="mux(1196) " fcode="mux"/>
<opset="tmp_34/5 "/>
</bind>
</comp>

<comp id="562" class="1004" name="acc_0_V_fu_562">
<pin_list>
<pin id="563" dir="0" index="0" bw="13" slack="0"/>
<pin id="564" dir="0" index="1" bw="16" slack="0"/>
<pin id="565" dir="1" index="2" bw="16" slack="1"/>
</pin_list>
<bind>
<opcode="add(8) " fcode="add"/>
<opset="acc_0_V/5 "/>
</bind>
</comp>

<comp id="568" class="1004" name="res_0_V_write_assign_fu_568">
<pin_list>
<pin id="569" dir="0" index="0" bw="17" slack="0"/>
<pin id="570" dir="0" index="1" bw="16" slack="0"/>
<pin id="571" dir="0" index="2" bw="1" slack="0"/>
<pin id="572" dir="1" index="3" bw="17" slack="0"/>
</pin_list>
<bind>
<opcode="bitconcatenate(1004) " fcode="bitconcatenate"/>
<opset="res_0_V_write_assign/6 "/>
</bind>
</comp>

<comp id="576" class="1004" name="res_1_V_write_assign_fu_576">
<pin_list>
<pin id="577" dir="0" index="0" bw="17" slack="0"/>
<pin id="578" dir="0" index="1" bw="16" slack="0"/>
<pin id="579" dir="0" index="2" bw="1" slack="0"/>
<pin id="580" dir="1" index="3" bw="17" slack="0"/>
</pin_list>
<bind>
<opcode="bitconcatenate(1004) " fcode="bitconcatenate"/>
<opset="res_1_V_write_assign/6 "/>
</bind>
</comp>

<comp id="584" class="1004" name="res_2_V_write_assign_fu_584">
<pin_list>
<pin id="585" dir="0" index="0" bw="17" slack="0"/>
<pin id="586" dir="0" index="1" bw="16" slack="0"/>
<pin id="587" dir="0" index="2" bw="1" slack="0"/>
<pin id="588" dir="1" index="3" bw="17" slack="0"/>
</pin_list>
<bind>
<opcode="bitconcatenate(1004) " fcode="bitconcatenate"/>
<opset="res_2_V_write_assign/6 "/>
</bind>
</comp>

<comp id="592" class="1004" name="mrv_fu_592">
<pin_list>
<pin id="593" dir="0" index="0" bw="51" slack="0"/>
<pin id="594" dir="0" index="1" bw="17" slack="0"/>
<pin id="595" dir="1" index="2" bw="51" slack="0"/>
</pin_list>
<bind>
<opcode="insertvalue(57) " fcode="insertvalue"/>
<opset="mrv/6 "/>
</bind>
</comp>

<comp id="598" class="1004" name="mrv_1_fu_598">
<pin_list>
<pin id="599" dir="0" index="0" bw="51" slack="0"/>
<pin id="600" dir="0" index="1" bw="17" slack="0"/>
<pin id="601" dir="1" index="2" bw="51" slack="0"/>
</pin_list>
<bind>
<opcode="insertvalue(57) " fcode="insertvalue"/>
<opset="mrv_1/6 "/>
</bind>
</comp>

<comp id="604" class="1004" name="mrv_2_fu_604">
<pin_list>
<pin id="605" dir="0" index="0" bw="51" slack="0"/>
<pin id="606" dir="0" index="1" bw="17" slack="0"/>
<pin id="607" dir="1" index="2" bw="51" slack="0"/>
</pin_list>
<bind>
<opcode="insertvalue(57) " fcode="insertvalue"/>
<opset="mrv_2/6 "/>
</bind>
</comp>

<comp id="610" class="1004" name="return_ln166_fu_610">
<pin_list>
<pin id="611" dir="0" index="0" bw="51" slack="0"/>
<pin id="612" dir="1" index="1" bw="0" slack="2147483647"/>
</pin_list>
<bind>
<opcode="return(1203) " fcode="return"/>
<opset="return_ln166/6 "/>
</bind>
</comp>

<comp id="614" class="1005" name="p_read_1_reg_614">
<pin_list>
<pin id="615" dir="0" index="0" bw="8" slack="1"/>
<pin id="616" dir="1" index="1" bw="8" slack="1"/>
</pin_list>
<bind>
<opset="p_read_1 "/>
</bind>
</comp>

<comp id="619" class="1005" name="p_read_2_reg_619">
<pin_list>
<pin id="620" dir="0" index="0" bw="8" slack="1"/>
<pin id="621" dir="1" index="1" bw="8" slack="1"/>
</pin_list>
<bind>
<opset="p_read_2 "/>
</bind>
</comp>

<comp id="624" class="1005" name="p_read_3_reg_624">
<pin_list>
<pin id="625" dir="0" index="0" bw="8" slack="1"/>
<pin id="626" dir="1" index="1" bw="8" slack="1"/>
</pin_list>
<bind>
<opset="p_read_3 "/>
</bind>
</comp>

<comp id="629" class="1005" name="p_read_4_reg_629">
<pin_list>
<pin id="630" dir="0" index="0" bw="8" slack="1"/>
<pin id="631" dir="1" index="1" bw="8" slack="1"/>
</pin_list>
<bind>
<opset="p_read_4 "/>
</bind>
</comp>

<comp id="634" class="1005" name="outidx3_addr_reg_634">
<pin_list>
<pin id="635" dir="0" index="0" bw="4" slack="1"/>
<pin id="636" dir="1" index="1" bw="4" slack="1"/>
</pin_list>
<bind>
<opset="outidx3_addr "/>
</bind>
</comp>

<comp id="639" class="1005" name="w8_V_addr_reg_639">
<pin_list>
<pin id="640" dir="0" index="0" bw="4" slack="1"/>
<pin id="641" dir="1" index="1" bw="4" slack="1"/>
</pin_list>
<bind>
<opset="w8_V_addr "/>
</bind>
</comp>

<comp id="644" class="1005" name="w_index_reg_644">
<pin_list>
<pin id="645" dir="0" index="0" bw="4" slack="0"/>
<pin id="646" dir="1" index="1" bw="4" slack="0"/>
</pin_list>
<bind>
<opset="w_index "/>
</bind>
</comp>

<comp id="649" class="1005" name="in_index_reg_649">
<pin_list>
<pin id="650" dir="0" index="0" bw="32" slack="1"/>
<pin id="651" dir="1" index="1" bw="32" slack="1"/>
</pin_list>
<bind>
<opset="in_index "/>
</bind>
</comp>

<comp id="654" class="1005" name="icmp_ln154_reg_654">
<pin_list>
<pin id="655" dir="0" index="0" bw="1" slack="1"/>
<pin id="656" dir="1" index="1" bw="1" slack="1"/>
</pin_list>
<bind>
<opset="icmp_ln154 "/>
</bind>
</comp>

<comp id="659" class="1005" name="icmp_ln135_reg_659">
<pin_list>
<pin id="660" dir="0" index="0" bw="1" slack="1"/>
<pin id="661" dir="1" index="1" bw="1" slack="2147483647"/>
</pin_list>
<bind>
<opset="icmp_ln135 "/>
</bind>
</comp>

<comp id="663" class="1005" name="out_index_reg_663">
<pin_list>
<pin id="664" dir="0" index="0" bw="2" slack="2"/>
<pin id="665" dir="1" index="1" bw="2" slack="2"/>
</pin_list>
<bind>
<opset="out_index "/>
</bind>
</comp>

<comp id="668" class="1005" name="tmp_s_reg_668">
<pin_list>
<pin id="669" dir="0" index="0" bw="8" slack="1"/>
<pin id="670" dir="1" index="1" bw="8" slack="1"/>
</pin_list>
<bind>
<opset="tmp_s "/>
</bind>
</comp>

<comp id="673" class="1005" name="w8_V_load_reg_673">
<pin_list>
<pin id="674" dir="0" index="0" bw="6" slack="1"/>
<pin id="675" dir="1" index="1" bw="6" slack="1"/>
</pin_list>
<bind>
<opset="w8_V_load "/>
</bind>
</comp>

<comp id="678" class="1005" name="select_ln154_reg_678">
<pin_list>
<pin id="679" dir="0" index="0" bw="32" slack="1"/>
<pin id="680" dir="1" index="1" bw="32" slack="1"/>
</pin_list>
<bind>
<opset="select_ln154 "/>
</bind>
</comp>

<comp id="683" class="1005" name="trunc_ln_reg_683">
<pin_list>
<pin id="684" dir="0" index="0" bw="13" slack="1"/>
<pin id="685" dir="1" index="1" bw="13" slack="1"/>
</pin_list>
<bind>
<opset="trunc_ln "/>
</bind>
</comp>

<comp id="688" class="1005" name="acc_0_V_reg_688">
<pin_list>
<pin id="689" dir="0" index="0" bw="16" slack="1"/>
<pin id="690" dir="1" index="1" bw="16" slack="1"/>
</pin_list>
<bind>
<opset="acc_0_V "/>
</bind>
</comp>

</comp_list>

<net_list>
<net id="90"><net_src comp="24" pin="0"/><net_sink comp="86" pin=0"/></net>

<net id="91"><net_src comp="6" pin="0"/><net_sink comp="86" pin=1"/></net>

<net id="96"><net_src comp="24" pin="0"/><net_sink comp="92" pin=0"/></net>

<net id="97"><net_src comp="4" pin="0"/><net_sink comp="92" pin=1"/></net>

<net id="102"><net_src comp="24" pin="0"/><net_sink comp="98" pin=0"/></net>

<net id="103"><net_src comp="2" pin="0"/><net_sink comp="98" pin=1"/></net>

<net id="108"><net_src comp="24" pin="0"/><net_sink comp="104" pin=0"/></net>

<net id="109"><net_src comp="0" pin="0"/><net_sink comp="104" pin=1"/></net>

<net id="115"><net_src comp="8" pin="0"/><net_sink comp="110" pin=0"/></net>

<net id="116"><net_src comp="26" pin="0"/><net_sink comp="110" pin=1"/></net>

<net id="122"><net_src comp="110" pin="3"/><net_sink comp="117" pin=0"/></net>

<net id="128"><net_src comp="10" pin="0"/><net_sink comp="123" pin=0"/></net>

<net id="129"><net_src comp="26" pin="0"/><net_sink comp="123" pin=1"/></net>

<net id="135"><net_src comp="123" pin="3"/><net_sink comp="130" pin=0"/></net>

<net id="139"><net_src comp="16" pin="0"/><net_sink comp="136" pin=0"/></net>

<net id="148"><net_src comp="136" pin="1"/><net_sink comp="140" pin=0"/></net>

<net id="149"><net_src comp="18" pin="0"/><net_sink comp="140" pin=2"/></net>

<net id="150"><net_src comp="16" pin="0"/><net_sink comp="140" pin=4"/></net>

<net id="151"><net_src comp="140" pin="6"/><net_sink comp="136" pin=0"/></net>

<net id="155"><net_src comp="20" pin="0"/><net_sink comp="152" pin=0"/></net>

<net id="164"><net_src comp="152" pin="1"/><net_sink comp="156" pin=0"/></net>

<net id="165"><net_src comp="20" pin="0"/><net_sink comp="156" pin=4"/></net>

<net id="169"><net_src comp="22" pin="0"/><net_sink comp="166" pin=0"/></net>

<net id="178"><net_src comp="166" pin="1"/><net_sink comp="170" pin=0"/></net>

<net id="179"><net_src comp="22" pin="0"/><net_sink comp="170" pin=4"/></net>

<net id="180"><net_src comp="170" pin="6"/><net_sink comp="166" pin=0"/></net>

<net id="184"><net_src comp="42" pin="0"/><net_sink comp="181" pin=0"/></net>

<net id="193"><net_src comp="181" pin="1"/><net_sink comp="185" pin=0"/></net>

<net id="194"><net_src comp="181" pin="1"/><net_sink comp="185" pin=4"/></net>

<net id="198"><net_src comp="42" pin="0"/><net_sink comp="195" pin=0"/></net>

<net id="207"><net_src comp="195" pin="1"/><net_sink comp="199" pin=0"/></net>

<net id="208"><net_src comp="195" pin="1"/><net_sink comp="199" pin=4"/></net>

<net id="212"><net_src comp="42" pin="0"/><net_sink comp="209" pin=0"/></net>

<net id="221"><net_src comp="209" pin="1"/><net_sink comp="213" pin=0"/></net>

<net id="222"><net_src comp="209" pin="1"/><net_sink comp="213" pin=4"/></net>

<net id="226"><net_src comp="42" pin="0"/><net_sink comp="223" pin=0"/></net>

<net id="235"><net_src comp="223" pin="1"/><net_sink comp="227" pin=0"/></net>

<net id="236"><net_src comp="223" pin="1"/><net_sink comp="227" pin=4"/></net>

<net id="240"><net_src comp="237" pin="1"/><net_sink comp="185" pin=2"/></net>

<net id="247"><net_src comp="185" pin="6"/><net_sink comp="241" pin=2"/></net>

<net id="248"><net_src comp="241" pin="4"/><net_sink comp="237" pin=0"/></net>

<net id="252"><net_src comp="249" pin="1"/><net_sink comp="199" pin=2"/></net>

<net id="259"><net_src comp="199" pin="6"/><net_sink comp="253" pin=2"/></net>

<net id="260"><net_src comp="253" pin="4"/><net_sink comp="249" pin=0"/></net>

<net id="264"><net_src comp="261" pin="1"/><net_sink comp="213" pin=2"/></net>

<net id="271"><net_src comp="213" pin="6"/><net_sink comp="265" pin=2"/></net>

<net id="272"><net_src comp="265" pin="4"/><net_sink comp="261" pin=0"/></net>

<net id="276"><net_src comp="273" pin="1"/><net_sink comp="227" pin=2"/></net>

<net id="283"><net_src comp="227" pin="6"/><net_sink comp="277" pin=2"/></net>

<net id="284"><net_src comp="277" pin="4"/><net_sink comp="273" pin=0"/></net>

<net id="288"><net_src comp="50" pin="0"/><net_sink comp="285" pin=0"/></net>

<net id="297"><net_src comp="285" pin="1"/><net_sink comp="289" pin=0"/></net>

<net id="298"><net_src comp="285" pin="1"/><net_sink comp="289" pin=4"/></net>

<net id="299"><net_src comp="289" pin="6"/><net_sink comp="285" pin=0"/></net>

<net id="303"><net_src comp="52" pin="0"/><net_sink comp="300" pin=0"/></net>

<net id="312"><net_src comp="300" pin="1"/><net_sink comp="304" pin=0"/></net>

<net id="313"><net_src comp="300" pin="1"/><net_sink comp="304" pin=4"/></net>

<net id="314"><net_src comp="304" pin="6"/><net_sink comp="300" pin=0"/></net>

<net id="318"><net_src comp="54" pin="0"/><net_sink comp="315" pin=0"/></net>

<net id="327"><net_src comp="315" pin="1"/><net_sink comp="319" pin=0"/></net>

<net id="328"><net_src comp="315" pin="1"/><net_sink comp="319" pin=4"/></net>

<net id="329"><net_src comp="319" pin="6"/><net_sink comp="315" pin=0"/></net>

<net id="333"><net_src comp="50" pin="0"/><net_sink comp="330" pin=0"/></net>

<net id="342"><net_src comp="330" pin="1"/><net_sink comp="334" pin=0"/></net>

<net id="343"><net_src comp="330" pin="1"/><net_sink comp="334" pin=4"/></net>

<net id="347"><net_src comp="52" pin="0"/><net_sink comp="344" pin=0"/></net>

<net id="356"><net_src comp="344" pin="1"/><net_sink comp="348" pin=0"/></net>

<net id="357"><net_src comp="344" pin="1"/><net_sink comp="348" pin=4"/></net>

<net id="361"><net_src comp="54" pin="0"/><net_sink comp="358" pin=0"/></net>

<net id="370"><net_src comp="358" pin="1"/><net_sink comp="362" pin=0"/></net>

<net id="371"><net_src comp="358" pin="1"/><net_sink comp="362" pin=4"/></net>

<net id="375"><net_src comp="372" pin="1"/><net_sink comp="319" pin=2"/></net>

<net id="384"><net_src comp="315" pin="1"/><net_sink comp="376" pin=2"/></net>

<net id="385"><net_src comp="315" pin="1"/><net_sink comp="376" pin=4"/></net>

<net id="386"><net_src comp="376" pin="6"/><net_sink comp="372" pin=0"/></net>

<net id="390"><net_src comp="387" pin="1"/><net_sink comp="304" pin=2"/></net>

<net id="399"><net_src comp="300" pin="1"/><net_sink comp="391" pin=0"/></net>

<net id="400"><net_src comp="300" pin="1"/><net_sink comp="391" pin=4"/></net>

<net id="401"><net_src comp="391" pin="6"/><net_sink comp="387" pin=0"/></net>

<net id="405"><net_src comp="402" pin="1"/><net_sink comp="289" pin=2"/></net>

<net id="414"><net_src comp="285" pin="1"/><net_sink comp="406" pin=0"/></net>

<net id="415"><net_src comp="285" pin="1"/><net_sink comp="406" pin=2"/></net>

<net id="416"><net_src comp="406" pin="6"/><net_sink comp="402" pin=0"/></net>

<net id="420"><net_src comp="417" pin="1"/><net_sink comp="362" pin=2"/></net>

<net id="429"><net_src comp="362" pin="6"/><net_sink comp="421" pin=2"/></net>

<net id="430"><net_src comp="362" pin="6"/><net_sink comp="421" pin=4"/></net>

<net id="431"><net_src comp="421" pin="6"/><net_sink comp="417" pin=0"/></net>

<net id="435"><net_src comp="432" pin="1"/><net_sink comp="348" pin=2"/></net>

<net id="444"><net_src comp="348" pin="6"/><net_sink comp="436" pin=0"/></net>

<net id="445"><net_src comp="348" pin="6"/><net_sink comp="436" pin=4"/></net>

<net id="446"><net_src comp="436" pin="6"/><net_sink comp="432" pin=0"/></net>

<net id="450"><net_src comp="447" pin="1"/><net_sink comp="334" pin=2"/></net>

<net id="459"><net_src comp="334" pin="6"/><net_sink comp="451" pin=0"/></net>

<net id="460"><net_src comp="334" pin="6"/><net_sink comp="451" pin=2"/></net>

<net id="461"><net_src comp="451" pin="6"/><net_sink comp="447" pin=0"/></net>

<net id="465"><net_src comp="156" pin="6"/><net_sink comp="462" pin=0"/></net>

<net id="466"><net_src comp="462" pin="1"/><net_sink comp="110" pin=2"/></net>

<net id="467"><net_src comp="462" pin="1"/><net_sink comp="123" pin=2"/></net>

<net id="472"><net_src comp="28" pin="0"/><net_sink comp="468" pin=0"/></net>

<net id="473"><net_src comp="156" pin="6"/><net_sink comp="468" pin=1"/></net>

<net id="478"><net_src comp="170" pin="6"/><net_sink comp="474" pin=0"/></net>

<net id="479"><net_src comp="30" pin="0"/><net_sink comp="474" pin=1"/></net>

<net id="486"><net_src comp="32" pin="0"/><net_sink comp="480" pin=0"/></net>

<net id="487"><net_src comp="474" pin="2"/><net_sink comp="480" pin=1"/></net>

<net id="488"><net_src comp="34" pin="0"/><net_sink comp="480" pin=2"/></net>

<net id="489"><net_src comp="36" pin="0"/><net_sink comp="480" pin=3"/></net>

<net id="494"><net_src comp="480" pin="4"/><net_sink comp="490" pin=0"/></net>

<net id="495"><net_src comp="38" pin="0"/><net_sink comp="490" pin=1"/></net>

<net id="500"><net_src comp="156" pin="6"/><net_sink comp="496" pin=0"/></net>

<net id="501"><net_src comp="40" pin="0"/><net_sink comp="496" pin=1"/></net>

<net id="505"><net_src comp="166" pin="1"/><net_sink comp="502" pin=0"/></net>

<net id="514"><net_src comp="44" pin="0"/><net_sink comp="506" pin=0"/></net>

<net id="515"><net_src comp="241" pin="4"/><net_sink comp="506" pin=1"/></net>

<net id="516"><net_src comp="253" pin="4"/><net_sink comp="506" pin=2"/></net>

<net id="517"><net_src comp="265" pin="4"/><net_sink comp="506" pin=3"/></net>

<net id="518"><net_src comp="277" pin="4"/><net_sink comp="506" pin=4"/></net>

<net id="519"><net_src comp="502" pin="1"/><net_sink comp="506" pin=5"/></net>

<net id="525"><net_src comp="22" pin="0"/><net_sink comp="520" pin=1"/></net>

<net id="536"><net_src comp="529" pin="1"/><net_sink comp="532" pin=0"/></net>

<net id="537"><net_src comp="526" pin="1"/><net_sink comp="532" pin=1"/></net>

<net id="544"><net_src comp="46" pin="0"/><net_sink comp="538" pin=0"/></net>

<net id="545"><net_src comp="532" pin="2"/><net_sink comp="538" pin=1"/></net>

<net id="546"><net_src comp="30" pin="0"/><net_sink comp="538" pin=2"/></net>

<net id="547"><net_src comp="48" pin="0"/><net_sink comp="538" pin=3"/></net>

<net id="558"><net_src comp="56" pin="0"/><net_sink comp="551" pin=0"/></net>

<net id="559"><net_src comp="289" pin="6"/><net_sink comp="551" pin=1"/></net>

<net id="560"><net_src comp="304" pin="6"/><net_sink comp="551" pin=2"/></net>

<net id="561"><net_src comp="319" pin="6"/><net_sink comp="551" pin=3"/></net>

<net id="566"><net_src comp="548" pin="1"/><net_sink comp="562" pin=0"/></net>

<net id="567"><net_src comp="551" pin="5"/><net_sink comp="562" pin=1"/></net>

<net id="573"><net_src comp="82" pin="0"/><net_sink comp="568" pin=0"/></net>

<net id="574"><net_src comp="451" pin="6"/><net_sink comp="568" pin=1"/></net>

<net id="575"><net_src comp="18" pin="0"/><net_sink comp="568" pin=2"/></net>

<net id="581"><net_src comp="82" pin="0"/><net_sink comp="576" pin=0"/></net>

<net id="582"><net_src comp="436" pin="6"/><net_sink comp="576" pin=1"/></net>

<net id="583"><net_src comp="18" pin="0"/><net_sink comp="576" pin=2"/></net>

<net id="589"><net_src comp="82" pin="0"/><net_sink comp="584" pin=0"/></net>

<net id="590"><net_src comp="421" pin="6"/><net_sink comp="584" pin=1"/></net>

<net id="591"><net_src comp="18" pin="0"/><net_sink comp="584" pin=2"/></net>

<net id="596"><net_src comp="84" pin="0"/><net_sink comp="592" pin=0"/></net>

<net id="597"><net_src comp="568" pin="3"/><net_sink comp="592" pin=1"/></net>

<net id="602"><net_src comp="592" pin="2"/><net_sink comp="598" pin=0"/></net>

<net id="603"><net_src comp="576" pin="3"/><net_sink comp="598" pin=1"/></net>

<net id="608"><net_src comp="598" pin="2"/><net_sink comp="604" pin=0"/></net>

<net id="609"><net_src comp="584" pin="3"/><net_sink comp="604" pin=1"/></net>

<net id="613"><net_src comp="604" pin="2"/><net_sink comp="610" pin=0"/></net>

<net id="617"><net_src comp="86" pin="2"/><net_sink comp="614" pin=0"/></net>

<net id="618"><net_src comp="614" pin="1"/><net_sink comp="277" pin=0"/></net>

<net id="622"><net_src comp="92" pin="2"/><net_sink comp="619" pin=0"/></net>

<net id="623"><net_src comp="619" pin="1"/><net_sink comp="265" pin=0"/></net>

<net id="627"><net_src comp="98" pin="2"/><net_sink comp="624" pin=0"/></net>

<net id="628"><net_src comp="624" pin="1"/><net_sink comp="253" pin=0"/></net>

<net id="632"><net_src comp="104" pin="2"/><net_sink comp="629" pin=0"/></net>

<net id="633"><net_src comp="629" pin="1"/><net_sink comp="241" pin=0"/></net>

<net id="637"><net_src comp="110" pin="3"/><net_sink comp="634" pin=0"/></net>

<net id="638"><net_src comp="634" pin="1"/><net_sink comp="117" pin=0"/></net>

<net id="642"><net_src comp="123" pin="3"/><net_sink comp="639" pin=0"/></net>

<net id="643"><net_src comp="639" pin="1"/><net_sink comp="130" pin=0"/></net>

<net id="647"><net_src comp="468" pin="2"/><net_sink comp="644" pin=0"/></net>

<net id="648"><net_src comp="644" pin="1"/><net_sink comp="156" pin=2"/></net>

<net id="652"><net_src comp="474" pin="2"/><net_sink comp="649" pin=0"/></net>

<net id="653"><net_src comp="649" pin="1"/><net_sink comp="520" pin=2"/></net>

<net id="657"><net_src comp="490" pin="2"/><net_sink comp="654" pin=0"/></net>

<net id="658"><net_src comp="654" pin="1"/><net_sink comp="520" pin=0"/></net>

<net id="662"><net_src comp="496" pin="2"/><net_sink comp="659" pin=0"/></net>

<net id="666"><net_src comp="117" pin="3"/><net_sink comp="663" pin=0"/></net>

<net id="667"><net_src comp="663" pin="1"/><net_sink comp="551" pin=4"/></net>

<net id="671"><net_src comp="506" pin="6"/><net_sink comp="668" pin=0"/></net>

<net id="672"><net_src comp="668" pin="1"/><net_sink comp="526" pin=0"/></net>

<net id="676"><net_src comp="130" pin="3"/><net_sink comp="673" pin=0"/></net>

<net id="677"><net_src comp="673" pin="1"/><net_sink comp="529" pin=0"/></net>

<net id="681"><net_src comp="520" pin="3"/><net_sink comp="678" pin=0"/></net>

<net id="682"><net_src comp="678" pin="1"/><net_sink comp="170" pin=2"/></net>

<net id="686"><net_src comp="538" pin="4"/><net_sink comp="683" pin=0"/></net>

<net id="687"><net_src comp="683" pin="1"/><net_sink comp="548" pin=0"/></net>

<net id="691"><net_src comp="562" pin="2"/><net_sink comp="688" pin=0"/></net>

<net id="692"><net_src comp="688" pin="1"/><net_sink comp="376" pin=0"/></net>

<net id="693"><net_src comp="688" pin="1"/><net_sink comp="391" pin=2"/></net>

<net id="694"><net_src comp="688" pin="1"/><net_sink comp="406" pin=4"/></net>

<net id="695"><net_src comp="688" pin="1"/><net_sink comp="421" pin=0"/></net>

<net id="696"><net_src comp="688" pin="1"/><net_sink comp="436" pin=2"/></net>

<net id="697"><net_src comp="688" pin="1"/><net_sink comp="451" pin=4"/></net>

</net_list>

</model> 
---------------- Datapath Model END ------------------

* FSMD analyzer results:
  - Output states:
 - Input state : 
	Port: dense_resource_rf_gt_nin_rem0<ap_ufixed,ap_fixed,config8>.0.0.0.0 : p_read | {2 }
	Port: dense_resource_rf_gt_nin_rem0<ap_ufixed,ap_fixed,config8>.0.0.0.0 : p_read1 | {2 }
	Port: dense_resource_rf_gt_nin_rem0<ap_ufixed,ap_fixed,config8>.0.0.0.0 : p_read2 | {2 }
	Port: dense_resource_rf_gt_nin_rem0<ap_ufixed,ap_fixed,config8>.0.0.0.0 : p_read3 | {2 }
	Port: dense_resource_rf_gt_nin_rem0<ap_ufixed,ap_fixed,config8>.0.0.0.0 : outidx3 | {2 3 }
	Port: dense_resource_rf_gt_nin_rem0<ap_ufixed,ap_fixed,config8>.0.0.0.0 : w8_V | {2 3 }
  - Chain level:
	State 1
	State 2
		zext_ln139 : 1
		outidx3_addr : 2
		out_index : 3
		w8_V_addr : 2
		w8_V_load : 3
		w_index : 1
		in_index : 1
		tmp_131 : 2
		icmp_ln154 : 3
		icmp_ln135 : 1
		br_ln135 : 2
	State 3
		p_read20_phi : 1
		p_read121_phi : 1
		p_read222_phi : 1
		p_read323_phi : 1
		tmp_s : 2
	State 4
		r_V : 1
		trunc_ln : 2
	State 5
		tmp_34 : 1
		acc_0_V : 2
	State 6
		acc_2_V_1 : 1
		acc_1_V_1 : 1
		acc_0_V_1 : 1
		p_Val2_5 : 1
		p_Val2_4 : 1
		p_Val2_s : 1
		empty : 1
		res_0_V_write_assign : 2
		res_1_V_write_assign : 2
		res_2_V_write_assign : 2
		mrv : 3
		mrv_1 : 4
		mrv_2 : 5
		return_ln166 : 6


============================================================
+ Verbose Summary: Datapath Resource usage 
============================================================

* Functional unit list:
|----------|-----------------------------|---------|---------|---------|
| Operation|       Functional Unit       |  DSP48E |    FF   |   LUT   |
|----------|-----------------------------|---------|---------|---------|
|          |        w_index_fu_468       |    0    |    0    |    13   |
|    add   |       in_index_fu_474       |    0    |    0    |    39   |
|          |        acc_0_V_fu_562       |    0    |    0    |    23   |
|----------|-----------------------------|---------|---------|---------|
|    mul   |          r_V_fu_532         |    0    |    0    |    41   |
|----------|-----------------------------|---------|---------|---------|
|  select  |     select_ln154_fu_520     |    0    |    0    |    32   |
|----------|-----------------------------|---------|---------|---------|
|    mux   |         tmp_s_fu_506        |    0    |    0    |    15   |
|          |        tmp_34_fu_551        |    0    |    0    |    15   |
|----------|-----------------------------|---------|---------|---------|
|   icmp   |      icmp_ln154_fu_490      |    0    |    0    |    18   |
|          |      icmp_ln135_fu_496      |    0    |    0    |    9    |
|----------|-----------------------------|---------|---------|---------|
|          |     p_read_1_read_fu_86     |    0    |    0    |    0    |
|   read   |     p_read_2_read_fu_92     |    0    |    0    |    0    |
|          |     p_read_3_read_fu_98     |    0    |    0    |    0    |
|          |     p_read_4_read_fu_104    |    0    |    0    |    0    |
|----------|-----------------------------|---------|---------|---------|
|   zext   |      zext_ln139_fu_462      |    0    |    0    |    0    |
|          |      zext_ln1118_fu_526     |    0    |    0    |    0    |
|----------|-----------------------------|---------|---------|---------|
|partselect|        tmp_131_fu_480       |    0    |    0    |    0    |
|          |       trunc_ln_fu_538       |    0    |    0    |    0    |
|----------|-----------------------------|---------|---------|---------|
|   trunc  |      trunc_ln145_fu_502     |    0    |    0    |    0    |
|----------|-----------------------------|---------|---------|---------|
|   sext   |      sext_ln1118_fu_529     |    0    |    0    |    0    |
|          |      sext_ln708_fu_548      |    0    |    0    |    0    |
|----------|-----------------------------|---------|---------|---------|
|          | res_0_V_write_assign_fu_568 |    0    |    0    |    0    |
|bitconcatenate| res_1_V_write_assign_fu_576 |    0    |    0    |    0    |
|          | res_2_V_write_assign_fu_584 |    0    |    0    |    0    |
|----------|-----------------------------|---------|---------|---------|
|          |          mrv_fu_592         |    0    |    0    |    0    |
|insertvalue|         mrv_1_fu_598        |    0    |    0    |    0    |
|          |         mrv_2_fu_604        |    0    |    0    |    0    |
|----------|-----------------------------|---------|---------|---------|
|  return  |     return_ln166_fu_610     |    0    |    0    |    0    |
|----------|-----------------------------|---------|---------|---------|
|   Total  |                             |    0    |    0    |   205   |
|----------|-----------------------------|---------|---------|---------|

Memories:
N/A

* Register list:
+------------------------+--------+
|                        |   FF   |
+------------------------+--------+
|   acc_0_V_011_reg_285  |   16   |
|    acc_0_V_1_reg_402   |   16   |
|     acc_0_V_reg_688    |   16   |
|   acc_1_V_010_reg_300  |   16   |
|    acc_1_V_1_reg_387   |   16   |
|   acc_2_V_09_reg_315   |   16   |
|    acc_2_V_1_reg_372   |   16   |
|     do_init_reg_136    |    1   |
|   icmp_ln135_reg_659   |    1   |
|   icmp_ln154_reg_654   |    1   |
|  in_index_018_reg_166  |   32   |
|    in_index_reg_649    |   32   |
|    out_index_reg_663   |    2   |
|  outidx3_addr_reg_634  |    4   |
|    p_Val2_17_reg_330   |   16   |
|   p_Val2_415_reg_344   |   16   |
|    p_Val2_4_reg_432    |   16   |
|   p_Val2_513_reg_358   |   16   |
|    p_Val2_5_reg_417    |   16   |
|    p_Val2_s_reg_447    |   16   |
|  p_read121_phi_reg_249 |    8   |
|p_read121_rewind_reg_195|    8   |
|  p_read20_phi_reg_237  |    8   |
| p_read20_rewind_reg_181|    8   |
|  p_read222_phi_reg_261 |    8   |
|p_read222_rewind_reg_209|    8   |
|  p_read323_phi_reg_273 |    8   |
|p_read323_rewind_reg_223|    8   |
|    p_read_1_reg_614    |    8   |
|    p_read_2_reg_619    |    8   |
|    p_read_3_reg_624    |    8   |
|    p_read_4_reg_629    |    8   |
|  select_ln154_reg_678  |   32   |
|      tmp_s_reg_668     |    8   |
|    trunc_ln_reg_683    |   13   |
|    w8_V_addr_reg_639   |    4   |
|    w8_V_load_reg_673   |    6   |
|    w_index19_reg_152   |    4   |
|     w_index_reg_644    |    4   |
+------------------------+--------+
|          Total         |   448  |
+------------------------+--------+

* Multiplexer (MUX) list: 
|----------------------|------|------|------|--------||---------||---------|
|         Comp         |  Pin | Size |  BW  | S x BW ||  Delay  ||   LUT   |
|----------------------|------|------|------|--------||---------||---------|
|   grp_access_fu_117  |  p0  |   2  |   4  |    8   ||    9    |
|   grp_access_fu_130  |  p0  |   2  |   4  |    8   ||    9    |
|    do_init_reg_136   |  p0  |   2  |   1  |    2   ||    9    |
| in_index_018_reg_166 |  p0  |   2  |  32  |   64   ||    9    |
|  acc_0_V_011_reg_285 |  p0  |   2  |  16  |   32   ||    9    |
|  acc_1_V_010_reg_300 |  p0  |   2  |  16  |   32   ||    9    |
|  acc_2_V_09_reg_315  |  p0  |   2  |  16  |   32   ||    9    |
|----------------------|------|------|------|--------||---------||---------|
|         Total        |      |      |      |   178  ||  12.383 ||    63   |
|----------------------|------|------|------|--------||---------||---------|



* Summary:
+-----------+--------+--------+--------+--------+
|           | DSP48E |  Delay |   FF   |   LUT  |
+-----------+--------+--------+--------+--------+
|  Function |    0   |    -   |    0   |   205  |
|   Memory  |    -   |    -   |    -   |    -   |
|Multiplexer|    -   |   12   |    -   |   63   |
|  Register |    -   |    -   |   448  |    -   |
+-----------+--------+--------+--------+--------+
|   Total   |    0   |   12   |   448  |   268  |
+-----------+--------+--------+--------+--------+
