

================================================================
== Vivado HLS Report for 'myproject_axi'
================================================================
* Date:           Mon Jun  1 10:28:58 2026

* Version:        2020.1 (Build 2897737 on Wed May 27 20:21:37 MDT 2020)
* Project:        myproject_prj
* Solution:       solution1
* Product family: zynq
* Target device:  xc7z020-clg400-1


================================================================
== Performance Estimates
================================================================
+ Timing: 
    * Summary: 
    +--------+---------+----------+------------+
    |  Clock |  Target | Estimated| Uncertainty|
    +--------+---------+----------+------------+
    |ap_clk  | 5.00 ns | 6.325 ns |   0.62 ns  |
    +--------+---------+----------+------------+

+ Latency: 
    * Summary: 
    +---------+---------+----------+----------+-----+-----+---------+
    |  Latency (cycles) |  Latency (absolute) |  Interval | Pipeline|
    |   min   |   max   |    min   |    max   | min | max |   Type  |
    +---------+---------+----------+----------+-----+-----+---------+
    |      290|      296| 1.834 us | 1.872 us |  290|  296|   none  |
    +---------+---------+----------+----------+-----+-----+---------+

    + Detail: 
        * Instance: 
        N/A

        * Loop: 
        +----------+---------+---------+----------+-----------+-----------+------+----------+
        |          |  Latency (cycles) | Iteration|  Initiation Interval  | Trip |          |
        | Loop Name|   min   |   max   |  Latency |  achieved |   target  | Count| Pipelined|
        +----------+---------+---------+----------+-----------+-----------+------+----------+
        |- Loop 1  |       21|       21|         9|          1|          1|    14|    yes   |
        |- Loop 2  |       23|       23|        11|          1|          1|    14|    yes   |
        +----------+---------+---------+----------+-----------+-----------+------+----------+

============================================================
+ Verbose Summary: Synthesis Manager
============================================================
InlineROM: 1
ExposeGlobal: 0
============================================================
+ Verbose Summary: CDFG Model
============================================================
IsTopModel: 1
ResetActiveHigh: 1
IsCombinational: 0
IsDatapathOnly: 0
HasWiredReturn: 1
HasMFsm: 0
HasVarLatency: 1
IsPipeline: 0
IsRtlPipelined: 0
IsInstanceOverlapped: 0
IsDontTouch: 0
HasImplIP: 0
IsGatedGlobalClock: 0

+ Individual pipeline summary: 
  * Pipeline-0: initiation interval (II) = 1, depth = 9
  * Pipeline-1: initiation interval (II) = 1, depth = 11


============================================================
+ Verbose Summary: Schedule
============================================================
* Number of FSM states : 24
* Pipeline : 2
  Pipeline-0 : II = 1, D = 9, States = { 2 3 4 5 6 7 8 9 10 }
  Pipeline-1 : II = 1, D = 11, States = { 13 14 15 16 17 18 19 20 21 22 23 }
* Dataflow Pipeline: 0

* FSM state transitions: 
1 --> 2 
2 --> 11 3 
3 --> 4 
4 --> 5 
5 --> 6 
6 --> 7 
7 --> 8 
8 --> 9 
9 --> 10 
10 --> 2 
11 --> 12 
12 --> 13 
13 --> 24 14 
14 --> 15 
15 --> 16 
16 --> 17 
17 --> 18 
18 --> 19 
19 --> 20 
20 --> 21 
21 --> 22 
22 --> 23 
23 --> 13 
24 --> 

* FSM state operations: 

State 1 <SV = 0> <Delay = 1.76>
ST_1 : Operation 25 [1/1] (0.00ns)   --->   "call void (...)* @_ssdm_op_SpecBitsMap(float* %in_data), !map !189"   --->   Operation 25 'specbitsmap' <Predicate = true> <Delay = 0.00>
ST_1 : Operation 26 [1/1] (0.00ns)   --->   "call void (...)* @_ssdm_op_SpecBitsMap(i1* %in_last_V), !map !195"   --->   Operation 26 'specbitsmap' <Predicate = true> <Delay = 0.00>
ST_1 : Operation 27 [1/1] (0.00ns)   --->   "call void (...)* @_ssdm_op_SpecBitsMap(float* %out_data), !map !199"   --->   Operation 27 'specbitsmap' <Predicate = true> <Delay = 0.00>
ST_1 : Operation 28 [1/1] (0.00ns)   --->   "call void (...)* @_ssdm_op_SpecBitsMap(i1* %out_last_V), !map !203"   --->   Operation 28 'specbitsmap' <Predicate = true> <Delay = 0.00>
ST_1 : Operation 29 [1/1] (0.00ns)   --->   "call void (...)* @_ssdm_op_SpecTopModule([14 x i8]* @myproject_axi_str) nounwind"   --->   Operation 29 'spectopmodule' <Predicate = true> <Delay = 0.00>
ST_1 : Operation 30 [1/1] (0.00ns)   --->   "%in_local_V = alloca i224, align 8" [firmware/myproject_axi.cpp:10]   --->   Operation 30 'alloca' 'in_local_V' <Predicate = true> <Delay = 0.00>
ST_1 : Operation 31 [1/1] (0.00ns)   --->   "%out_local_0 = alloca i17, align 4"   --->   Operation 31 'alloca' 'out_local_0' <Predicate = true> <Delay = 0.00>
ST_1 : Operation 32 [1/1] (0.00ns)   --->   "%out_local_1 = alloca i17, align 4"   --->   Operation 32 'alloca' 'out_local_1' <Predicate = true> <Delay = 0.00>
ST_1 : Operation 33 [1/1] (0.00ns)   --->   "%out_local_2 = alloca i17, align 4"   --->   Operation 33 'alloca' 'out_local_2' <Predicate = true> <Delay = 0.00>
ST_1 : Operation 34 [1/1] (0.00ns)   --->   "%out_local_3 = alloca i17, align 4"   --->   Operation 34 'alloca' 'out_local_3' <Predicate = true> <Delay = 0.00>
ST_1 : Operation 35 [1/1] (0.00ns)   --->   "%out_local_4 = alloca i17, align 4"   --->   Operation 35 'alloca' 'out_local_4' <Predicate = true> <Delay = 0.00>
ST_1 : Operation 36 [1/1] (0.00ns)   --->   "%out_local_5 = alloca i17, align 4"   --->   Operation 36 'alloca' 'out_local_5' <Predicate = true> <Delay = 0.00>
ST_1 : Operation 37 [1/1] (0.00ns)   --->   "%out_local_6 = alloca i17, align 4"   --->   Operation 37 'alloca' 'out_local_6' <Predicate = true> <Delay = 0.00>
ST_1 : Operation 38 [1/1] (0.00ns)   --->   "%out_local_7 = alloca i17, align 4"   --->   Operation 38 'alloca' 'out_local_7' <Predicate = true> <Delay = 0.00>
ST_1 : Operation 39 [1/1] (0.00ns)   --->   "%out_local_8 = alloca i17, align 4"   --->   Operation 39 'alloca' 'out_local_8' <Predicate = true> <Delay = 0.00>
ST_1 : Operation 40 [1/1] (0.00ns)   --->   "%out_local_9 = alloca i17, align 4"   --->   Operation 40 'alloca' 'out_local_9' <Predicate = true> <Delay = 0.00>
ST_1 : Operation 41 [1/1] (0.00ns)   --->   "%out_local_10 = alloca i17, align 4"   --->   Operation 41 'alloca' 'out_local_10' <Predicate = true> <Delay = 0.00>
ST_1 : Operation 42 [1/1] (0.00ns)   --->   "%out_local_11 = alloca i17, align 4"   --->   Operation 42 'alloca' 'out_local_11' <Predicate = true> <Delay = 0.00>
ST_1 : Operation 43 [1/1] (0.00ns)   --->   "%out_local_12 = alloca i17, align 4"   --->   Operation 43 'alloca' 'out_local_12' <Predicate = true> <Delay = 0.00>
ST_1 : Operation 44 [1/1] (0.00ns)   --->   "%out_local_13 = alloca i17, align 4"   --->   Operation 44 'alloca' 'out_local_13' <Predicate = true> <Delay = 0.00>
ST_1 : Operation 45 [1/1] (0.00ns)   --->   "call void (...)* @_ssdm_op_SpecInterface(float* %in_data, i1* %in_last_V, [5 x i8]* @p_str4, i32 1, i32 1, [5 x i8]* @p_str1, i32 0, i32 0, [1 x i8]* @p_str2, [1 x i8]* @p_str2, [1 x i8]* @p_str2, i32 0, i32 0, i32 0, i32 0, [1 x i8]* @p_str2, [1 x i8]* @p_str2)" [firmware/myproject_axi.cpp:5]   --->   Operation 45 'specinterface' <Predicate = true> <Delay = 0.00>
ST_1 : Operation 46 [1/1] (0.00ns)   --->   "call void (...)* @_ssdm_op_SpecInterface(float* %out_data, i1* %out_last_V, [5 x i8]* @p_str4, i32 1, i32 1, [5 x i8]* @p_str1, i32 0, i32 0, [1 x i8]* @p_str2, [1 x i8]* @p_str2, [1 x i8]* @p_str2, i32 0, i32 0, i32 0, i32 0, [1 x i8]* @p_str2, [1 x i8]* @p_str2)" [firmware/myproject_axi.cpp:6]   --->   Operation 46 'specinterface' <Predicate = true> <Delay = 0.00>
ST_1 : Operation 47 [1/1] (0.00ns)   --->   "call void (...)* @_ssdm_op_SpecInterface(i32 0, [13 x i8]* @p_str3, i32 0, i32 0, [1 x i8]* @p_str2, i32 0, i32 0, [1 x i8]* @p_str2, [1 x i8]* @p_str2, [1 x i8]* @p_str2, i32 0, i32 0, i32 0, i32 0, [1 x i8]* @p_str2, [1 x i8]* @p_str2) nounwind" [firmware/myproject_axi.cpp:7]   --->   Operation 47 'specinterface' <Predicate = true> <Delay = 0.00>
ST_1 : Operation 48 [1/1] (1.76ns)   --->   "br label %.preheader" [firmware/myproject_axi.cpp:13]   --->   Operation 48 'br' <Predicate = true> <Delay = 1.76>

State 2 <SV = 1> <Delay = 3.69>
ST_2 : Operation 49 [1/1] (0.00ns)   --->   "%is_last_0 = phi i1 [ %is_last, %hls_label_0 ], [ false, %arrayctor.loop1.preheader ]"   --->   Operation 49 'phi' 'is_last_0' <Predicate = true> <Delay = 0.00>
ST_2 : Operation 50 [1/1] (0.00ns)   --->   "%i_0 = phi i4 [ %i, %hls_label_0 ], [ 0, %arrayctor.loop1.preheader ]"   --->   Operation 50 'phi' 'i_0' <Predicate = true> <Delay = 0.00>
ST_2 : Operation 51 [1/1] (1.30ns)   --->   "%icmp_ln13 = icmp eq i4 %i_0, -2" [firmware/myproject_axi.cpp:13]   --->   Operation 51 'icmp' 'icmp_ln13' <Predicate = true> <Delay = 1.30> <Core = "Cmp">   --->   Core 25 'Cmp' <Latency = 0> <II = 1> <Delay = 1.30> <FuncUnit> <Opcode : 'icmp'> <InPorts = 2> <OutPorts = 1>
ST_2 : Operation 52 [1/1] (0.00ns)   --->   "%empty = call i32 (...)* @_ssdm_op_SpecLoopTripCount(i64 14, i64 14, i64 14)"   --->   Operation 52 'speclooptripcount' 'empty' <Predicate = true> <Delay = 0.00>
ST_2 : Operation 53 [1/1] (1.73ns)   --->   "%i = add i4 %i_0, 1" [firmware/myproject_axi.cpp:13]   --->   Operation 53 'add' 'i' <Predicate = true> <Delay = 1.73> <Core = "AddSub">   --->   Core 14 'AddSub' <Latency = 0> <II = 1> <Delay = 3.52> <FuncUnit> <Opcode : 'add' 'sub'> <InPorts = 2> <OutPorts = 1>
ST_2 : Operation 54 [1/1] (0.00ns)   --->   "br i1 %icmp_ln13, label %0, label %hls_label_0" [firmware/myproject_axi.cpp:13]   --->   Operation 54 'br' <Predicate = true> <Delay = 0.00>
ST_2 : Operation 55 [1/1] (0.00ns)   --->   "%empty_27 = call { float, i1 } @_ssdm_op_Read.axis.volatile.floatP.i1P(float* %in_data, i1* %in_last_V)" [firmware/myproject_axi.cpp:3]   --->   Operation 55 'read' 'empty_27' <Predicate = (!icmp_ln13)> <Delay = 0.00> <Core = "AXI4Stream">   --->   Core 5 'AXI4Stream' <Latency = 0> <II = 1> <Delay = 1.00> <Adapter> <Opcode : >
ST_2 : Operation 56 [1/1] (0.00ns)   --->   "%in_data_tmp = extractvalue { float, i1 } %empty_27, 0" [firmware/myproject_axi.cpp:3]   --->   Operation 56 'extractvalue' 'in_data_tmp' <Predicate = (!icmp_ln13)> <Delay = 0.00>
ST_2 : Operation 57 [1/1] (0.00ns) (grouped into LUT with out node is_last)   --->   "%in_last_V_tmp = extractvalue { float, i1 } %empty_27, 1" [firmware/myproject_axi.cpp:3]   --->   Operation 57 'extractvalue' 'in_last_V_tmp' <Predicate = (!icmp_ln13)> <Delay = 0.00>
ST_2 : Operation 58 [3/3] (3.69ns)   --->   "%d_assign = fpext float %in_data_tmp to double" [firmware/myproject_axi.cpp:15]   --->   Operation 58 'fpext' 'd_assign' <Predicate = (!icmp_ln13)> <Delay = 3.69> <Core = "Float2Double">   --->   Core 114 'Float2Double' <Latency = 2> <II = 1> <Delay = 3.69> <FuncUnit> <Opcode : 'fpext'> <InPorts = 1> <OutPorts = 1>
ST_2 : Operation 59 [1/1] (0.97ns) (out node of the LUT)   --->   "%is_last = or i1 %in_last_V_tmp, %is_last_0" [firmware/myproject_axi.cpp:16]   --->   Operation 59 'or' 'is_last' <Predicate = (!icmp_ln13)> <Delay = 0.97> <Core = "LogicGate">   --->   Core 27 'LogicGate' <Latency = 0> <II = 1> <Delay = 0.97> <FuncUnit> <Opcode : 'and' 'or' 'xor'> <InPorts = 2> <OutPorts = 1>

State 3 <SV = 2> <Delay = 3.69>
ST_3 : Operation 60 [2/3] (3.69ns)   --->   "%d_assign = fpext float %in_data_tmp to double" [firmware/myproject_axi.cpp:15]   --->   Operation 60 'fpext' 'd_assign' <Predicate = (!icmp_ln13)> <Delay = 3.69> <Core = "Float2Double">   --->   Core 114 'Float2Double' <Latency = 2> <II = 1> <Delay = 3.69> <FuncUnit> <Opcode : 'fpext'> <InPorts = 1> <OutPorts = 1>

State 4 <SV = 3> <Delay = 3.69>
ST_4 : Operation 61 [1/3] (3.69ns)   --->   "%d_assign = fpext float %in_data_tmp to double" [firmware/myproject_axi.cpp:15]   --->   Operation 61 'fpext' 'd_assign' <Predicate = (!icmp_ln13)> <Delay = 3.69> <Core = "Float2Double">   --->   Core 114 'Float2Double' <Latency = 2> <II = 1> <Delay = 3.69> <FuncUnit> <Opcode : 'fpext'> <InPorts = 1> <OutPorts = 1>
ST_4 : Operation 62 [1/1] (0.00ns)   --->   "%ireg_V = bitcast double %d_assign to i64" [firmware/myproject_axi.cpp:15]   --->   Operation 62 'bitcast' 'ireg_V' <Predicate = (!icmp_ln13)> <Delay = 0.00>
ST_4 : Operation 63 [1/1] (0.00ns)   --->   "%trunc_ln556 = trunc i64 %ireg_V to i63" [firmware/myproject_axi.cpp:15]   --->   Operation 63 'trunc' 'trunc_ln556' <Predicate = (!icmp_ln13)> <Delay = 0.00>
ST_4 : Operation 64 [1/1] (0.00ns)   --->   "%p_Result_8 = call i1 @_ssdm_op_BitSelect.i1.i64.i32(i64 %ireg_V, i32 63)" [firmware/myproject_axi.cpp:15]   --->   Operation 64 'bitselect' 'p_Result_8' <Predicate = (!icmp_ln13)> <Delay = 0.00>
ST_4 : Operation 65 [1/1] (0.00ns)   --->   "%exp_tmp_V = call i11 @_ssdm_op_PartSelect.i11.i64.i32.i32(i64 %ireg_V, i32 52, i32 62)" [firmware/myproject_axi.cpp:15]   --->   Operation 65 'partselect' 'exp_tmp_V' <Predicate = (!icmp_ln13)> <Delay = 0.00>
ST_4 : Operation 66 [1/1] (0.00ns)   --->   "%trunc_ln565 = trunc i64 %ireg_V to i52" [firmware/myproject_axi.cpp:15]   --->   Operation 66 'trunc' 'trunc_ln565' <Predicate = (!icmp_ln13)> <Delay = 0.00>

State 5 <SV = 4> <Delay = 4.23>
ST_5 : Operation 67 [1/1] (0.00ns)   --->   "%zext_ln461 = zext i11 %exp_tmp_V to i12" [firmware/myproject_axi.cpp:15]   --->   Operation 67 'zext' 'zext_ln461' <Predicate = (!icmp_ln13)> <Delay = 0.00>
ST_5 : Operation 68 [1/1] (0.00ns)   --->   "%tmp_s = call i53 @_ssdm_op_BitConcatenate.i53.i1.i52(i1 true, i52 %trunc_ln565)" [firmware/myproject_axi.cpp:15]   --->   Operation 68 'bitconcatenate' 'tmp_s' <Predicate = (!icmp_ln13)> <Delay = 0.00>
ST_5 : Operation 69 [1/1] (0.00ns)   --->   "%p_Result_9 = zext i53 %tmp_s to i54" [firmware/myproject_axi.cpp:15]   --->   Operation 69 'zext' 'p_Result_9' <Predicate = (!icmp_ln13)> <Delay = 0.00>
ST_5 : Operation 70 [1/1] (3.23ns)   --->   "%man_V_1 = sub i54 0, %p_Result_9" [firmware/myproject_axi.cpp:15]   --->   Operation 70 'sub' 'man_V_1' <Predicate = (!icmp_ln13 & p_Result_8)> <Delay = 3.23> <Core = "AddSub">   --->   Core 14 'AddSub' <Latency = 0> <II = 1> <Delay = 3.52> <FuncUnit> <Opcode : 'add' 'sub'> <InPorts = 2> <OutPorts = 1>
ST_5 : Operation 71 [1/1] (0.94ns)   --->   "%man_V_2 = select i1 %p_Result_8, i54 %man_V_1, i54 %p_Result_9" [firmware/myproject_axi.cpp:15]   --->   Operation 71 'select' 'man_V_2' <Predicate = (!icmp_ln13)> <Delay = 0.94> <Core = "Sel">   --->   Core 26 'Sel' <Latency = 0> <II = 1> <Delay = 0.69> <FuncUnit> <Opcode : 'select'> <InPorts = 3> <OutPorts = 1>
ST_5 : Operation 72 [1/1] (2.78ns)   --->   "%icmp_ln571 = icmp eq i63 %trunc_ln556, 0" [firmware/myproject_axi.cpp:15]   --->   Operation 72 'icmp' 'icmp_ln571' <Predicate = (!icmp_ln13)> <Delay = 2.78> <Core = "Cmp">   --->   Core 25 'Cmp' <Latency = 0> <II = 1> <Delay = 1.30> <FuncUnit> <Opcode : 'icmp'> <InPorts = 2> <OutPorts = 1>
ST_5 : Operation 73 [1/1] (1.54ns)   --->   "%F2 = sub i12 1075, %zext_ln461" [firmware/myproject_axi.cpp:15]   --->   Operation 73 'sub' 'F2' <Predicate = (!icmp_ln13)> <Delay = 1.54> <Core = "AddSub">   --->   Core 14 'AddSub' <Latency = 0> <II = 1> <Delay = 3.52> <FuncUnit> <Opcode : 'add' 'sub'> <InPorts = 2> <OutPorts = 1>
ST_5 : Operation 74 [1/1] (1.99ns)   --->   "%icmp_ln581 = icmp sgt i12 %F2, 10" [firmware/myproject_axi.cpp:15]   --->   Operation 74 'icmp' 'icmp_ln581' <Predicate = (!icmp_ln13)> <Delay = 1.99> <Core = "Cmp">   --->   Core 25 'Cmp' <Latency = 0> <II = 1> <Delay = 1.30> <FuncUnit> <Opcode : 'icmp'> <InPorts = 2> <OutPorts = 1>
ST_5 : Operation 75 [1/1] (1.54ns)   --->   "%add_ln581 = add i12 -10, %F2" [firmware/myproject_axi.cpp:15]   --->   Operation 75 'add' 'add_ln581' <Predicate = (!icmp_ln13)> <Delay = 1.54> <Core = "AddSub">   --->   Core 14 'AddSub' <Latency = 0> <II = 1> <Delay = 3.52> <FuncUnit> <Opcode : 'add' 'sub'> <InPorts = 2> <OutPorts = 1>
ST_5 : Operation 76 [1/1] (1.54ns)   --->   "%sub_ln581 = sub i12 10, %F2" [firmware/myproject_axi.cpp:15]   --->   Operation 76 'sub' 'sub_ln581' <Predicate = (!icmp_ln13)> <Delay = 1.54> <Core = "AddSub">   --->   Core 14 'AddSub' <Latency = 0> <II = 1> <Delay = 3.52> <FuncUnit> <Opcode : 'add' 'sub'> <InPorts = 2> <OutPorts = 1>
ST_5 : Operation 77 [1/1] (0.69ns)   --->   "%sh_amt = select i1 %icmp_ln581, i12 %add_ln581, i12 %sub_ln581" [firmware/myproject_axi.cpp:15]   --->   Operation 77 'select' 'sh_amt' <Predicate = (!icmp_ln13)> <Delay = 0.69> <Core = "Sel">   --->   Core 26 'Sel' <Latency = 0> <II = 1> <Delay = 0.69> <FuncUnit> <Opcode : 'select'> <InPorts = 3> <OutPorts = 1>
ST_5 : Operation 78 [1/1] (1.99ns)   --->   "%icmp_ln582 = icmp eq i12 %F2, 10" [firmware/myproject_axi.cpp:15]   --->   Operation 78 'icmp' 'icmp_ln582' <Predicate = (!icmp_ln13)> <Delay = 1.99> <Core = "Cmp">   --->   Core 25 'Cmp' <Latency = 0> <II = 1> <Delay = 1.30> <FuncUnit> <Opcode : 'icmp'> <InPorts = 2> <OutPorts = 1>
ST_5 : Operation 79 [1/1] (0.00ns)   --->   "%trunc_ln583 = trunc i54 %man_V_2 to i16" [firmware/myproject_axi.cpp:15]   --->   Operation 79 'trunc' 'trunc_ln583' <Predicate = (!icmp_ln13)> <Delay = 0.00>
ST_5 : Operation 80 [1/1] (0.00ns)   --->   "%tmp_124 = call i8 @_ssdm_op_PartSelect.i8.i12.i32.i32(i12 %sh_amt, i32 4, i32 11)" [firmware/myproject_axi.cpp:15]   --->   Operation 80 'partselect' 'tmp_124' <Predicate = (!icmp_ln13)> <Delay = 0.00>

State 6 <SV = 5> <Delay = 3.96>
ST_6 : Operation 81 [1/1] (0.00ns)   --->   "%sext_ln581_1 = sext i12 %sh_amt to i32" [firmware/myproject_axi.cpp:15]   --->   Operation 81 'sext' 'sext_ln581_1' <Predicate = (!icmp_ln13)> <Delay = 0.00>
ST_6 : Operation 82 [1/1] (1.99ns)   --->   "%icmp_ln585 = icmp ult i12 %sh_amt, 54" [firmware/myproject_axi.cpp:15]   --->   Operation 82 'icmp' 'icmp_ln585' <Predicate = (!icmp_ln13)> <Delay = 1.99> <Core = "Cmp">   --->   Core 25 'Cmp' <Latency = 0> <II = 1> <Delay = 1.30> <FuncUnit> <Opcode : 'icmp'> <InPorts = 2> <OutPorts = 1>
ST_6 : Operation 83 [1/1] (1.55ns)   --->   "%icmp_ln603 = icmp eq i8 %tmp_124, 0" [firmware/myproject_axi.cpp:15]   --->   Operation 83 'icmp' 'icmp_ln603' <Predicate = (!icmp_ln13)> <Delay = 1.55> <Core = "Cmp">   --->   Core 25 'Cmp' <Latency = 0> <II = 1> <Delay = 1.30> <FuncUnit> <Opcode : 'icmp'> <InPorts = 2> <OutPorts = 1>
ST_6 : Operation 84 [1/1] (0.00ns)   --->   "%zext_ln586 = zext i32 %sext_ln581_1 to i54" [firmware/myproject_axi.cpp:15]   --->   Operation 84 'zext' 'zext_ln586' <Predicate = (!icmp_ln13)> <Delay = 0.00>
ST_6 : Operation 85 [2/2] (3.88ns)   --->   "%ashr_ln586 = ashr i54 %man_V_2, %zext_ln586" [firmware/myproject_axi.cpp:15]   --->   Operation 85 'ashr' 'ashr_ln586' <Predicate = (!icmp_ln13)> <Delay = 3.88> <Core = "ShiftnS">   --->   Core 29 'ShiftnS' <Latency = 1> <II = 1> <Delay = 3.60> <FuncUnit> <Opcode : 'shl' 'lshr' 'ashr'> <InPorts = 2> <OutPorts = 1>
ST_6 : Operation 86 [1/1] (0.00ns) (grouped into LUT with out node select_ln603_1)   --->   "%bitcast_ln696 = bitcast float %in_data_tmp to i32" [firmware/myproject_axi.cpp:15]   --->   Operation 86 'bitcast' 'bitcast_ln696' <Predicate = (!icmp_ln13)> <Delay = 0.00>
ST_6 : Operation 87 [1/1] (0.00ns) (grouped into LUT with out node select_ln603_1)   --->   "%tmp_125 = call i1 @_ssdm_op_BitSelect.i1.i32.i32(i32 %bitcast_ln696, i32 31)" [firmware/myproject_axi.cpp:15]   --->   Operation 87 'bitselect' 'tmp_125' <Predicate = (!icmp_ln13)> <Delay = 0.00>
ST_6 : Operation 88 [1/1] (0.00ns) (grouped into LUT with out node select_ln603_1)   --->   "%select_ln588 = select i1 %tmp_125, i16 -1, i16 0" [firmware/myproject_axi.cpp:15]   --->   Operation 88 'select' 'select_ln588' <Predicate = (!icmp_ln13)> <Delay = 0.00> <Core = "Sel">   --->   Core 26 'Sel' <Latency = 0> <II = 1> <Delay = 0.69> <FuncUnit> <Opcode : 'select'> <InPorts = 3> <OutPorts = 1>
ST_6 : Operation 89 [1/1] (0.97ns)   --->   "%or_ln582 = or i1 %icmp_ln571, %icmp_ln582" [firmware/myproject_axi.cpp:15]   --->   Operation 89 'or' 'or_ln582' <Predicate = (!icmp_ln13)> <Delay = 0.97> <Core = "LogicGate">   --->   Core 27 'LogicGate' <Latency = 0> <II = 1> <Delay = 0.97> <FuncUnit> <Opcode : 'and' 'or' 'xor'> <InPorts = 2> <OutPorts = 1>
ST_6 : Operation 90 [1/1] (0.00ns) (grouped into LUT with out node and_ln581)   --->   "%xor_ln582 = xor i1 %or_ln582, true" [firmware/myproject_axi.cpp:15]   --->   Operation 90 'xor' 'xor_ln582' <Predicate = (!icmp_ln13)> <Delay = 0.00> <Core = "LogicGate">   --->   Core 27 'LogicGate' <Latency = 0> <II = 1> <Delay = 0.97> <FuncUnit> <Opcode : 'and' 'or' 'xor'> <InPorts = 2> <OutPorts = 1>
ST_6 : Operation 91 [1/1] (0.97ns) (out node of the LUT)   --->   "%and_ln581 = and i1 %icmp_ln581, %xor_ln582" [firmware/myproject_axi.cpp:15]   --->   Operation 91 'and' 'and_ln581' <Predicate = (!icmp_ln13)> <Delay = 0.97> <Core = "LogicGate">   --->   Core 27 'LogicGate' <Latency = 0> <II = 1> <Delay = 0.97> <FuncUnit> <Opcode : 'and' 'or' 'xor'> <InPorts = 2> <OutPorts = 1>
ST_6 : Operation 92 [1/1] (0.00ns) (grouped into LUT with out node and_ln585)   --->   "%xor_ln585 = xor i1 %icmp_ln585, true" [firmware/myproject_axi.cpp:15]   --->   Operation 92 'xor' 'xor_ln585' <Predicate = (!icmp_ln13)> <Delay = 0.00> <Core = "LogicGate">   --->   Core 27 'LogicGate' <Latency = 0> <II = 1> <Delay = 0.97> <FuncUnit> <Opcode : 'and' 'or' 'xor'> <InPorts = 2> <OutPorts = 1>
ST_6 : Operation 93 [1/1] (0.97ns) (out node of the LUT)   --->   "%and_ln585 = and i1 %and_ln581, %xor_ln585" [firmware/myproject_axi.cpp:15]   --->   Operation 93 'and' 'and_ln585' <Predicate = (!icmp_ln13)> <Delay = 0.97> <Core = "LogicGate">   --->   Core 27 'LogicGate' <Latency = 0> <II = 1> <Delay = 0.97> <FuncUnit> <Opcode : 'and' 'or' 'xor'> <InPorts = 2> <OutPorts = 1>
ST_6 : Operation 94 [1/1] (0.00ns) (grouped into LUT with out node or_ln603)   --->   "%and_ln585_1 = and i1 %and_ln581, %icmp_ln585" [firmware/myproject_axi.cpp:15]   --->   Operation 94 'and' 'and_ln585_1' <Predicate = (!icmp_ln13)> <Delay = 0.00> <Core = "LogicGate">   --->   Core 27 'LogicGate' <Latency = 0> <II = 1> <Delay = 0.97> <FuncUnit> <Opcode : 'and' 'or' 'xor'> <InPorts = 2> <OutPorts = 1>
ST_6 : Operation 95 [1/1] (0.00ns) (grouped into LUT with out node and_ln603)   --->   "%or_ln581 = or i1 %or_ln582, %icmp_ln581" [firmware/myproject_axi.cpp:15]   --->   Operation 95 'or' 'or_ln581' <Predicate = (!icmp_ln13)> <Delay = 0.00> <Core = "LogicGate">   --->   Core 27 'LogicGate' <Latency = 0> <II = 1> <Delay = 0.97> <FuncUnit> <Opcode : 'and' 'or' 'xor'> <InPorts = 2> <OutPorts = 1>
ST_6 : Operation 96 [1/1] (0.00ns) (grouped into LUT with out node and_ln603)   --->   "%xor_ln581 = xor i1 %or_ln581, true" [firmware/myproject_axi.cpp:15]   --->   Operation 96 'xor' 'xor_ln581' <Predicate = (!icmp_ln13)> <Delay = 0.00> <Core = "LogicGate">   --->   Core 27 'LogicGate' <Latency = 0> <II = 1> <Delay = 0.97> <FuncUnit> <Opcode : 'and' 'or' 'xor'> <InPorts = 2> <OutPorts = 1>
ST_6 : Operation 97 [1/1] (0.97ns) (out node of the LUT)   --->   "%and_ln603 = and i1 %icmp_ln603, %xor_ln581" [firmware/myproject_axi.cpp:15]   --->   Operation 97 'and' 'and_ln603' <Predicate = (!icmp_ln13)> <Delay = 0.97> <Core = "LogicGate">   --->   Core 27 'LogicGate' <Latency = 0> <II = 1> <Delay = 0.97> <FuncUnit> <Opcode : 'and' 'or' 'xor'> <InPorts = 2> <OutPorts = 1>
ST_6 : Operation 98 [1/1] (0.97ns) (out node of the LUT)   --->   "%or_ln603 = or i1 %and_ln603, %and_ln585_1" [firmware/myproject_axi.cpp:15]   --->   Operation 98 'or' 'or_ln603' <Predicate = (!icmp_ln13)> <Delay = 0.97> <Core = "LogicGate">   --->   Core 27 'LogicGate' <Latency = 0> <II = 1> <Delay = 0.97> <FuncUnit> <Opcode : 'and' 'or' 'xor'> <InPorts = 2> <OutPorts = 1>
ST_6 : Operation 99 [1/1] (0.99ns) (out node of the LUT)   --->   "%select_ln603_1 = select i1 %and_ln585, i16 %select_ln588, i16 %trunc_ln583" [firmware/myproject_axi.cpp:15]   --->   Operation 99 'select' 'select_ln603_1' <Predicate = (!icmp_ln13)> <Delay = 0.99> <Core = "Sel">   --->   Core 26 'Sel' <Latency = 0> <II = 1> <Delay = 0.69> <FuncUnit> <Opcode : 'select'> <InPorts = 3> <OutPorts = 1>

State 7 <SV = 6> <Delay = 3.88>
ST_7 : Operation 100 [1/2] (3.88ns)   --->   "%ashr_ln586 = ashr i54 %man_V_2, %zext_ln586" [firmware/myproject_axi.cpp:15]   --->   Operation 100 'ashr' 'ashr_ln586' <Predicate = (!icmp_ln13)> <Delay = 3.88> <Core = "ShiftnS">   --->   Core 29 'ShiftnS' <Latency = 1> <II = 1> <Delay = 3.60> <FuncUnit> <Opcode : 'shl' 'lshr' 'ashr'> <InPorts = 2> <OutPorts = 1>
ST_7 : Operation 101 [1/1] (0.00ns) (grouped into LUT with out node or_ln603_2)   --->   "%xor_ln571 = xor i1 %icmp_ln571, true" [firmware/myproject_axi.cpp:15]   --->   Operation 101 'xor' 'xor_ln571' <Predicate = (!icmp_ln13)> <Delay = 0.00> <Core = "LogicGate">   --->   Core 27 'LogicGate' <Latency = 0> <II = 1> <Delay = 0.97> <FuncUnit> <Opcode : 'and' 'or' 'xor'> <InPorts = 2> <OutPorts = 1>
ST_7 : Operation 102 [1/1] (0.00ns) (grouped into LUT with out node or_ln603_2)   --->   "%and_ln582 = and i1 %icmp_ln582, %xor_ln571" [firmware/myproject_axi.cpp:15]   --->   Operation 102 'and' 'and_ln582' <Predicate = (!icmp_ln13)> <Delay = 0.00> <Core = "LogicGate">   --->   Core 27 'LogicGate' <Latency = 0> <II = 1> <Delay = 0.97> <FuncUnit> <Opcode : 'and' 'or' 'xor'> <InPorts = 2> <OutPorts = 1>
ST_7 : Operation 103 [1/1] (0.00ns) (grouped into LUT with out node or_ln603_2)   --->   "%or_ln603_1 = or i1 %and_ln585, %and_ln582" [firmware/myproject_axi.cpp:15]   --->   Operation 103 'or' 'or_ln603_1' <Predicate = (!icmp_ln13)> <Delay = 0.00> <Core = "LogicGate">   --->   Core 27 'LogicGate' <Latency = 0> <II = 1> <Delay = 0.97> <FuncUnit> <Opcode : 'and' 'or' 'xor'> <InPorts = 2> <OutPorts = 1>
ST_7 : Operation 104 [1/1] (0.97ns) (out node of the LUT)   --->   "%or_ln603_2 = or i1 %or_ln603, %or_ln603_1" [firmware/myproject_axi.cpp:15]   --->   Operation 104 'or' 'or_ln603_2' <Predicate = (!icmp_ln13)> <Delay = 0.97> <Core = "LogicGate">   --->   Core 27 'LogicGate' <Latency = 0> <II = 1> <Delay = 0.97> <FuncUnit> <Opcode : 'and' 'or' 'xor'> <InPorts = 2> <OutPorts = 1>
ST_7 : Operation 105 [1/1] (0.00ns)   --->   "%shl_ln = call i8 @_ssdm_op_BitConcatenate.i8.i4.i4(i4 %i_0, i4 0)" [firmware/myproject_axi.cpp:15]   --->   Operation 105 'bitconcatenate' 'shl_ln' <Predicate = (!icmp_ln13)> <Delay = 0.00>

State 8 <SV = 7> <Delay = 3.98>
ST_8 : Operation 106 [1/1] (0.00ns) (grouped into LUT with out node select_ln603_2)   --->   "%sext_ln581 = sext i12 %sh_amt to i16" [firmware/myproject_axi.cpp:15]   --->   Operation 106 'sext' 'sext_ln581' <Predicate = (!icmp_ln13 & and_ln603 & or_ln603 & or_ln603_2)> <Delay = 0.00>
ST_8 : Operation 107 [1/1] (0.00ns) (grouped into LUT with out node select_ln603_2)   --->   "%trunc_ln586 = trunc i54 %ashr_ln586 to i16" [firmware/myproject_axi.cpp:15]   --->   Operation 107 'trunc' 'trunc_ln586' <Predicate = (!icmp_ln13 & !and_ln603 & or_ln603 & or_ln603_2)> <Delay = 0.00>
ST_8 : Operation 108 [1/1] (0.00ns) (grouped into LUT with out node select_ln603_2)   --->   "%shl_ln604 = shl i16 %trunc_ln583, %sext_ln581" [firmware/myproject_axi.cpp:15]   --->   Operation 108 'shl' 'shl_ln604' <Predicate = (!icmp_ln13 & and_ln603 & or_ln603 & or_ln603_2)> <Delay = 0.00> <Core = "Shift">   --->   Core 28 'Shift' <Latency = 0> <II = 1> <Delay = 2.66> <FuncUnit> <Opcode : 'shl' 'lshr' 'ashr'> <InPorts = 2> <OutPorts = 1>
ST_8 : Operation 109 [1/1] (0.00ns) (grouped into LUT with out node select_ln603_2)   --->   "%select_ln603 = select i1 %and_ln603, i16 %shl_ln604, i16 %trunc_ln586" [firmware/myproject_axi.cpp:15]   --->   Operation 109 'select' 'select_ln603' <Predicate = (!icmp_ln13 & or_ln603 & or_ln603_2)> <Delay = 0.00> <Core = "Sel">   --->   Core 26 'Sel' <Latency = 0> <II = 1> <Delay = 0.69> <FuncUnit> <Opcode : 'select'> <InPorts = 3> <OutPorts = 1>
ST_8 : Operation 110 [1/1] (3.98ns) (out node of the LUT)   --->   "%select_ln603_2 = select i1 %or_ln603, i16 %select_ln603, i16 %select_ln603_1" [firmware/myproject_axi.cpp:15]   --->   Operation 110 'select' 'select_ln603_2' <Predicate = (!icmp_ln13 & or_ln603_2)> <Delay = 3.98> <Core = "Sel">   --->   Core 26 'Sel' <Latency = 0> <II = 1> <Delay = 0.69> <FuncUnit> <Opcode : 'select'> <InPorts = 3> <OutPorts = 1>
ST_8 : Operation 111 [1/1] (0.00ns)   --->   "%empty_28 = or i8 %shl_ln, 15" [firmware/myproject_axi.cpp:15]   --->   Operation 111 'or' 'empty_28' <Predicate = (!icmp_ln13)> <Delay = 0.00>
ST_8 : Operation 112 [1/1] (1.55ns)   --->   "%icmp_ln203 = icmp ugt i8 %shl_ln, %empty_28" [firmware/myproject_axi.cpp:15]   --->   Operation 112 'icmp' 'icmp_ln203' <Predicate = (!icmp_ln13)> <Delay = 1.55> <Core = "Cmp">   --->   Core 25 'Cmp' <Latency = 0> <II = 1> <Delay = 1.30> <FuncUnit> <Opcode : 'icmp'> <InPorts = 2> <OutPorts = 1>
ST_8 : Operation 113 [1/1] (1.91ns)   --->   "%sub_ln203 = sub i8 -33, %shl_ln" [firmware/myproject_axi.cpp:15]   --->   Operation 113 'sub' 'sub_ln203' <Predicate = (!icmp_ln13)> <Delay = 1.91> <Core = "AddSub">   --->   Core 14 'AddSub' <Latency = 0> <II = 1> <Delay = 3.52> <FuncUnit> <Opcode : 'add' 'sub'> <InPorts = 2> <OutPorts = 1>
ST_8 : Operation 114 [1/1] (0.00ns) (grouped into LUT with out node sub_ln203_1)   --->   "%select_ln203 = select i1 %icmp_ln203, i8 %shl_ln, i8 %empty_28" [firmware/myproject_axi.cpp:15]   --->   Operation 114 'select' 'select_ln203' <Predicate = (!icmp_ln13)> <Delay = 0.00> <Core = "Sel">   --->   Core 26 'Sel' <Latency = 0> <II = 1> <Delay = 0.69> <FuncUnit> <Opcode : 'select'> <InPorts = 3> <OutPorts = 1>
ST_8 : Operation 115 [1/1] (1.91ns) (out node of the LUT)   --->   "%sub_ln203_1 = sub i8 -33, %select_ln203" [firmware/myproject_axi.cpp:15]   --->   Operation 115 'sub' 'sub_ln203_1' <Predicate = (!icmp_ln13)> <Delay = 1.91> <Core = "AddSub">   --->   Core 14 'AddSub' <Latency = 0> <II = 1> <Delay = 3.52> <FuncUnit> <Opcode : 'add' 'sub'> <InPorts = 2> <OutPorts = 1>

State 9 <SV = 8> <Delay = 3.98>
ST_9 : Operation 116 [1/1] (0.00ns) (grouped into LUT with out node shl_ln203)   --->   "%select_ln603_3 = select i1 %or_ln603_2, i16 %select_ln603_2, i16 0" [firmware/myproject_axi.cpp:15]   --->   Operation 116 'select' 'select_ln603_3' <Predicate = (!icmp_ln13)> <Delay = 0.00> <Core = "Sel">   --->   Core 26 'Sel' <Latency = 0> <II = 1> <Delay = 0.69> <FuncUnit> <Opcode : 'select'> <InPorts = 3> <OutPorts = 1>
ST_9 : Operation 117 [1/1] (0.00ns) (grouped into LUT with out node shl_ln203)   --->   "%zext_ln203 = zext i16 %select_ln603_3 to i224" [firmware/myproject_axi.cpp:15]   --->   Operation 117 'zext' 'zext_ln203' <Predicate = (!icmp_ln13)> <Delay = 0.00>
ST_9 : Operation 118 [1/1] (0.00ns) (grouped into LUT with out node and_ln203)   --->   "%select_ln203_1 = select i1 %icmp_ln203, i8 %empty_28, i8 %shl_ln" [firmware/myproject_axi.cpp:15]   --->   Operation 118 'select' 'select_ln203_1' <Predicate = (!icmp_ln13)> <Delay = 0.00> <Core = "Sel">   --->   Core 26 'Sel' <Latency = 0> <II = 1> <Delay = 0.69> <FuncUnit> <Opcode : 'select'> <InPorts = 3> <OutPorts = 1>
ST_9 : Operation 119 [1/1] (0.00ns) (grouped into LUT with out node shl_ln203)   --->   "%select_ln203_2 = select i1 %icmp_ln203, i8 %sub_ln203, i8 %shl_ln" [firmware/myproject_axi.cpp:15]   --->   Operation 119 'select' 'select_ln203_2' <Predicate = (!icmp_ln13)> <Delay = 0.00> <Core = "Sel">   --->   Core 26 'Sel' <Latency = 0> <II = 1> <Delay = 0.69> <FuncUnit> <Opcode : 'select'> <InPorts = 3> <OutPorts = 1>
ST_9 : Operation 120 [1/1] (0.00ns) (grouped into LUT with out node shl_ln203)   --->   "%zext_ln203_1 = zext i8 %select_ln203_2 to i224" [firmware/myproject_axi.cpp:15]   --->   Operation 120 'zext' 'zext_ln203_1' <Predicate = (!icmp_ln13)> <Delay = 0.00>
ST_9 : Operation 121 [1/1] (0.00ns) (grouped into LUT with out node and_ln203)   --->   "%zext_ln203_2 = zext i8 %select_ln203_1 to i224" [firmware/myproject_axi.cpp:15]   --->   Operation 121 'zext' 'zext_ln203_2' <Predicate = (!icmp_ln13)> <Delay = 0.00>
ST_9 : Operation 122 [1/1] (0.00ns) (grouped into LUT with out node and_ln203)   --->   "%zext_ln203_3 = zext i8 %sub_ln203_1 to i224" [firmware/myproject_axi.cpp:15]   --->   Operation 122 'zext' 'zext_ln203_3' <Predicate = (!icmp_ln13)> <Delay = 0.00>
ST_9 : Operation 123 [1/1] (3.98ns) (out node of the LUT)   --->   "%shl_ln203 = shl i224 %zext_ln203, %zext_ln203_1" [firmware/myproject_axi.cpp:15]   --->   Operation 123 'shl' 'shl_ln203' <Predicate = (!icmp_ln13)> <Delay = 3.98> <Core = "Shift">   --->   Core 28 'Shift' <Latency = 0> <II = 1> <Delay = 2.66> <FuncUnit> <Opcode : 'shl' 'lshr' 'ashr'> <InPorts = 2> <OutPorts = 1>
ST_9 : Operation 124 [1/1] (0.00ns) (grouped into LUT with out node and_ln203)   --->   "%shl_ln203_1 = shl i224 -1, %zext_ln203_2" [firmware/myproject_axi.cpp:15]   --->   Operation 124 'shl' 'shl_ln203_1' <Predicate = (!icmp_ln13)> <Delay = 0.00> <Core = "Shift">   --->   Core 28 'Shift' <Latency = 0> <II = 1> <Delay = 2.66> <FuncUnit> <Opcode : 'shl' 'lshr' 'ashr'> <InPorts = 2> <OutPorts = 1>
ST_9 : Operation 125 [1/1] (0.00ns) (grouped into LUT with out node and_ln203)   --->   "%lshr_ln203 = lshr i224 -1, %zext_ln203_3" [firmware/myproject_axi.cpp:15]   --->   Operation 125 'lshr' 'lshr_ln203' <Predicate = (!icmp_ln13)> <Delay = 0.00> <Core = "Shift">   --->   Core 28 'Shift' <Latency = 0> <II = 1> <Delay = 2.66> <FuncUnit> <Opcode : 'shl' 'lshr' 'ashr'> <InPorts = 2> <OutPorts = 1>
ST_9 : Operation 126 [1/1] (3.14ns) (out node of the LUT)   --->   "%and_ln203 = and i224 %shl_ln203_1, %lshr_ln203" [firmware/myproject_axi.cpp:15]   --->   Operation 126 'and' 'and_ln203' <Predicate = (!icmp_ln13)> <Delay = 3.14> <Core = "LogicGate">   --->   Core 27 'LogicGate' <Latency = 0> <II = 1> <Delay = 0.97> <FuncUnit> <Opcode : 'and' 'or' 'xor'> <InPorts = 2> <OutPorts = 1>

State 10 <SV = 9> <Delay = 1.52>
ST_10 : Operation 127 [1/1] (0.00ns)   --->   "%tmp = call i32 (...)* @_ssdm_op_SpecRegionBegin([12 x i8]* @p_str45)" [firmware/myproject_axi.cpp:13]   --->   Operation 127 'specregionbegin' 'tmp' <Predicate = (!icmp_ln13)> <Delay = 0.00>
ST_10 : Operation 128 [1/1] (0.00ns)   --->   "call void (...)* @_ssdm_op_SpecPipeline(i32 -1, i32 1, i32 1, i32 0, [1 x i8]* @p_str2) nounwind" [firmware/myproject_axi.cpp:14]   --->   Operation 128 'specpipeline' <Predicate = (!icmp_ln13)> <Delay = 0.00>
ST_10 : Operation 129 [1/1] (0.00ns)   --->   "%in_local_V_load = load i224* %in_local_V, align 8" [firmware/myproject_axi.cpp:15]   --->   Operation 129 'load' 'in_local_V_load' <Predicate = (!icmp_ln13)> <Delay = 0.00>
ST_10 : Operation 130 [1/1] (0.00ns) (grouped into LUT with out node in_local_V_1)   --->   "%tmp_126 = call i224 @llvm.part.select.i224(i224 %shl_ln203, i32 223, i32 0)" [firmware/myproject_axi.cpp:15]   --->   Operation 130 'partselect' 'tmp_126' <Predicate = (!icmp_ln13 & icmp_ln203)> <Delay = 0.00>
ST_10 : Operation 131 [1/1] (0.00ns) (grouped into LUT with out node in_local_V_1)   --->   "%select_ln203_3 = select i1 %icmp_ln203, i224 %tmp_126, i224 %shl_ln203" [firmware/myproject_axi.cpp:15]   --->   Operation 131 'select' 'select_ln203_3' <Predicate = (!icmp_ln13)> <Delay = 0.00> <Core = "Sel">   --->   Core 26 'Sel' <Latency = 0> <II = 1> <Delay = 0.69> <FuncUnit> <Opcode : 'select'> <InPorts = 3> <OutPorts = 1>
ST_10 : Operation 132 [1/1] (0.00ns) (grouped into LUT with out node in_local_V_1)   --->   "%xor_ln203 = xor i224 %and_ln203, -1" [firmware/myproject_axi.cpp:15]   --->   Operation 132 'xor' 'xor_ln203' <Predicate = (!icmp_ln13)> <Delay = 0.00> <Core = "LogicGate">   --->   Core 27 'LogicGate' <Latency = 0> <II = 1> <Delay = 0.97> <FuncUnit> <Opcode : 'and' 'or' 'xor'> <InPorts = 2> <OutPorts = 1>
ST_10 : Operation 133 [1/1] (0.00ns) (grouped into LUT with out node in_local_V_1)   --->   "%and_ln203_1 = and i224 %in_local_V_load, %xor_ln203" [firmware/myproject_axi.cpp:15]   --->   Operation 133 'and' 'and_ln203_1' <Predicate = (!icmp_ln13)> <Delay = 0.00> <Core = "LogicGate">   --->   Core 27 'LogicGate' <Latency = 0> <II = 1> <Delay = 0.97> <FuncUnit> <Opcode : 'and' 'or' 'xor'> <InPorts = 2> <OutPorts = 1>
ST_10 : Operation 134 [1/1] (0.00ns) (grouped into LUT with out node in_local_V_1)   --->   "%and_ln203_2 = and i224 %select_ln203_3, %and_ln203" [firmware/myproject_axi.cpp:15]   --->   Operation 134 'and' 'and_ln203_2' <Predicate = (!icmp_ln13)> <Delay = 0.00> <Core = "LogicGate">   --->   Core 27 'LogicGate' <Latency = 0> <II = 1> <Delay = 0.97> <FuncUnit> <Opcode : 'and' 'or' 'xor'> <InPorts = 2> <OutPorts = 1>
ST_10 : Operation 135 [1/1] (1.52ns) (out node of the LUT)   --->   "%in_local_V_1 = or i224 %and_ln203_1, %and_ln203_2" [firmware/myproject_axi.cpp:15]   --->   Operation 135 'or' 'in_local_V_1' <Predicate = (!icmp_ln13)> <Delay = 1.52> <Core = "LogicGate">   --->   Core 27 'LogicGate' <Latency = 0> <II = 1> <Delay = 0.97> <FuncUnit> <Opcode : 'and' 'or' 'xor'> <InPorts = 2> <OutPorts = 1>
ST_10 : Operation 136 [1/1] (0.00ns)   --->   "store i224 %in_local_V_1, i224* %in_local_V, align 8" [firmware/myproject_axi.cpp:15]   --->   Operation 136 'store' <Predicate = (!icmp_ln13)> <Delay = 0.00>
ST_10 : Operation 137 [1/1] (0.00ns)   --->   "%empty_29 = call i32 (...)* @_ssdm_op_SpecRegionEnd([12 x i8]* @p_str45, i32 %tmp)" [firmware/myproject_axi.cpp:17]   --->   Operation 137 'specregionend' 'empty_29' <Predicate = (!icmp_ln13)> <Delay = 0.00>
ST_10 : Operation 138 [1/1] (0.00ns)   --->   "br label %.preheader" [firmware/myproject_axi.cpp:13]   --->   Operation 138 'br' <Predicate = (!icmp_ln13)> <Delay = 0.00>

State 11 <SV = 2> <Delay = 0.00>
ST_11 : Operation 139 [2/2] (0.00ns)   --->   "call fastcc void @myproject(i224* %in_local_V, i17* %out_local_0, i17* %out_local_1, i17* %out_local_2, i17* %out_local_3, i17* %out_local_4, i17* %out_local_5, i17* %out_local_6, i17* %out_local_7, i17* %out_local_8, i17* %out_local_9, i17* %out_local_10, i17* %out_local_11, i17* %out_local_12, i17* %out_local_13)"   --->   Operation 139 'call' <Predicate = true> <Delay = 0.00> <CoreType = "Generic">   --->   Core 0 '' <Latency = 0> <II = 1> <Delay = 1.00> <Generic> <Opcode : >

State 12 <SV = 3> <Delay = 1.76>
ST_12 : Operation 140 [1/2] (0.00ns)   --->   "call fastcc void @myproject(i224* %in_local_V, i17* %out_local_0, i17* %out_local_1, i17* %out_local_2, i17* %out_local_3, i17* %out_local_4, i17* %out_local_5, i17* %out_local_6, i17* %out_local_7, i17* %out_local_8, i17* %out_local_9, i17* %out_local_10, i17* %out_local_11, i17* %out_local_12, i17* %out_local_13)"   --->   Operation 140 'call' <Predicate = true> <Delay = 0.00> <CoreType = "Generic">   --->   Core 0 '' <Latency = 0> <II = 1> <Delay = 1.00> <Generic> <Opcode : >
ST_12 : Operation 141 [1/1] (1.76ns)   --->   "br label %1" [firmware/myproject_axi.cpp:21]   --->   Operation 141 'br' <Predicate = true> <Delay = 1.76>

State 13 <SV = 4> <Delay = 2.42>
ST_13 : Operation 142 [1/1] (0.00ns)   --->   "%i2_0 = phi i4 [ 0, %0 ], [ %i_1, %hls_label_1 ]"   --->   Operation 142 'phi' 'i2_0' <Predicate = true> <Delay = 0.00>
ST_13 : Operation 143 [1/1] (1.30ns)   --->   "%icmp_ln21 = icmp eq i4 %i2_0, -2" [firmware/myproject_axi.cpp:21]   --->   Operation 143 'icmp' 'icmp_ln21' <Predicate = true> <Delay = 1.30> <Core = "Cmp">   --->   Core 25 'Cmp' <Latency = 0> <II = 1> <Delay = 1.30> <FuncUnit> <Opcode : 'icmp'> <InPorts = 2> <OutPorts = 1>
ST_13 : Operation 144 [1/1] (0.00ns)   --->   "%empty_30 = call i32 (...)* @_ssdm_op_SpecLoopTripCount(i64 14, i64 14, i64 14)"   --->   Operation 144 'speclooptripcount' 'empty_30' <Predicate = true> <Delay = 0.00>
ST_13 : Operation 145 [1/1] (1.73ns)   --->   "%i_1 = add i4 %i2_0, 1" [firmware/myproject_axi.cpp:21]   --->   Operation 145 'add' 'i_1' <Predicate = true> <Delay = 1.73> <Core = "AddSub">   --->   Core 14 'AddSub' <Latency = 0> <II = 1> <Delay = 3.52> <FuncUnit> <Opcode : 'add' 'sub'> <InPorts = 2> <OutPorts = 1>
ST_13 : Operation 146 [1/1] (0.00ns)   --->   "br i1 %icmp_ln21, label %2, label %hls_label_1" [firmware/myproject_axi.cpp:21]   --->   Operation 146 'br' <Predicate = true> <Delay = 0.00>
ST_13 : Operation 147 [1/1] (0.00ns)   --->   "%out_local_0_load = load i17* %out_local_0, align 4" [firmware/myproject_axi.cpp:23]   --->   Operation 147 'load' 'out_local_0_load' <Predicate = (!icmp_ln21)> <Delay = 0.00>
ST_13 : Operation 148 [1/1] (0.00ns)   --->   "%sext_ln935 = sext i17 %out_local_0_load to i20" [firmware/myproject_axi.cpp:23]   --->   Operation 148 'sext' 'sext_ln935' <Predicate = (!icmp_ln21)> <Delay = 0.00>
ST_13 : Operation 149 [1/1] (0.00ns)   --->   "%out_local_1_load = load i17* %out_local_1, align 4" [firmware/myproject_axi.cpp:23]   --->   Operation 149 'load' 'out_local_1_load' <Predicate = (!icmp_ln21)> <Delay = 0.00>
ST_13 : Operation 150 [1/1] (0.00ns)   --->   "%sext_ln935_1 = sext i17 %out_local_1_load to i20" [firmware/myproject_axi.cpp:23]   --->   Operation 150 'sext' 'sext_ln935_1' <Predicate = (!icmp_ln21)> <Delay = 0.00>
ST_13 : Operation 151 [1/1] (0.00ns)   --->   "%out_local_2_load = load i17* %out_local_2, align 4" [firmware/myproject_axi.cpp:23]   --->   Operation 151 'load' 'out_local_2_load' <Predicate = (!icmp_ln21)> <Delay = 0.00>
ST_13 : Operation 152 [1/1] (0.00ns)   --->   "%sext_ln935_2 = sext i17 %out_local_2_load to i20" [firmware/myproject_axi.cpp:23]   --->   Operation 152 'sext' 'sext_ln935_2' <Predicate = (!icmp_ln21)> <Delay = 0.00>
ST_13 : Operation 153 [1/1] (0.00ns)   --->   "%out_local_3_load = load i17* %out_local_3, align 4" [firmware/myproject_axi.cpp:23]   --->   Operation 153 'load' 'out_local_3_load' <Predicate = (!icmp_ln21)> <Delay = 0.00>
ST_13 : Operation 154 [1/1] (0.00ns)   --->   "%sext_ln935_3 = sext i17 %out_local_3_load to i20" [firmware/myproject_axi.cpp:23]   --->   Operation 154 'sext' 'sext_ln935_3' <Predicate = (!icmp_ln21)> <Delay = 0.00>
ST_13 : Operation 155 [1/1] (0.00ns)   --->   "%out_local_4_load = load i17* %out_local_4, align 4" [firmware/myproject_axi.cpp:23]   --->   Operation 155 'load' 'out_local_4_load' <Predicate = (!icmp_ln21)> <Delay = 0.00>
ST_13 : Operation 156 [1/1] (0.00ns)   --->   "%sext_ln935_4 = sext i17 %out_local_4_load to i20" [firmware/myproject_axi.cpp:23]   --->   Operation 156 'sext' 'sext_ln935_4' <Predicate = (!icmp_ln21)> <Delay = 0.00>
ST_13 : Operation 157 [1/1] (0.00ns)   --->   "%out_local_5_load = load i17* %out_local_5, align 4" [firmware/myproject_axi.cpp:23]   --->   Operation 157 'load' 'out_local_5_load' <Predicate = (!icmp_ln21)> <Delay = 0.00>
ST_13 : Operation 158 [1/1] (0.00ns)   --->   "%sext_ln935_5 = sext i17 %out_local_5_load to i20" [firmware/myproject_axi.cpp:23]   --->   Operation 158 'sext' 'sext_ln935_5' <Predicate = (!icmp_ln21)> <Delay = 0.00>
ST_13 : Operation 159 [1/1] (0.00ns)   --->   "%out_local_6_load = load i17* %out_local_6, align 4" [firmware/myproject_axi.cpp:23]   --->   Operation 159 'load' 'out_local_6_load' <Predicate = (!icmp_ln21)> <Delay = 0.00>
ST_13 : Operation 160 [1/1] (0.00ns)   --->   "%sext_ln935_6 = sext i17 %out_local_6_load to i20" [firmware/myproject_axi.cpp:23]   --->   Operation 160 'sext' 'sext_ln935_6' <Predicate = (!icmp_ln21)> <Delay = 0.00>
ST_13 : Operation 161 [1/1] (0.00ns)   --->   "%out_local_7_load = load i17* %out_local_7, align 4" [firmware/myproject_axi.cpp:23]   --->   Operation 161 'load' 'out_local_7_load' <Predicate = (!icmp_ln21)> <Delay = 0.00>
ST_13 : Operation 162 [1/1] (0.00ns)   --->   "%sext_ln935_7 = sext i17 %out_local_7_load to i20" [firmware/myproject_axi.cpp:23]   --->   Operation 162 'sext' 'sext_ln935_7' <Predicate = (!icmp_ln21)> <Delay = 0.00>
ST_13 : Operation 163 [1/1] (0.00ns)   --->   "%out_local_8_load = load i17* %out_local_8, align 4" [firmware/myproject_axi.cpp:23]   --->   Operation 163 'load' 'out_local_8_load' <Predicate = (!icmp_ln21)> <Delay = 0.00>
ST_13 : Operation 164 [1/1] (0.00ns)   --->   "%sext_ln935_8 = sext i17 %out_local_8_load to i20" [firmware/myproject_axi.cpp:23]   --->   Operation 164 'sext' 'sext_ln935_8' <Predicate = (!icmp_ln21)> <Delay = 0.00>
ST_13 : Operation 165 [1/1] (0.00ns)   --->   "%out_local_9_load = load i17* %out_local_9, align 4" [firmware/myproject_axi.cpp:23]   --->   Operation 165 'load' 'out_local_9_load' <Predicate = (!icmp_ln21)> <Delay = 0.00>
ST_13 : Operation 166 [1/1] (0.00ns)   --->   "%sext_ln935_9 = sext i17 %out_local_9_load to i20" [firmware/myproject_axi.cpp:23]   --->   Operation 166 'sext' 'sext_ln935_9' <Predicate = (!icmp_ln21)> <Delay = 0.00>
ST_13 : Operation 167 [1/1] (0.00ns)   --->   "%out_local_10_load = load i17* %out_local_10, align 4" [firmware/myproject_axi.cpp:23]   --->   Operation 167 'load' 'out_local_10_load' <Predicate = (!icmp_ln21)> <Delay = 0.00>
ST_13 : Operation 168 [1/1] (0.00ns)   --->   "%sext_ln935_10 = sext i17 %out_local_10_load to i20" [firmware/myproject_axi.cpp:23]   --->   Operation 168 'sext' 'sext_ln935_10' <Predicate = (!icmp_ln21)> <Delay = 0.00>
ST_13 : Operation 169 [1/1] (0.00ns)   --->   "%out_local_11_load = load i17* %out_local_11, align 4" [firmware/myproject_axi.cpp:23]   --->   Operation 169 'load' 'out_local_11_load' <Predicate = (!icmp_ln21)> <Delay = 0.00>
ST_13 : Operation 170 [1/1] (0.00ns)   --->   "%sext_ln935_11 = sext i17 %out_local_11_load to i20" [firmware/myproject_axi.cpp:23]   --->   Operation 170 'sext' 'sext_ln935_11' <Predicate = (!icmp_ln21)> <Delay = 0.00>
ST_13 : Operation 171 [1/1] (0.00ns)   --->   "%out_local_12_load = load i17* %out_local_12, align 4" [firmware/myproject_axi.cpp:23]   --->   Operation 171 'load' 'out_local_12_load' <Predicate = (!icmp_ln21)> <Delay = 0.00>
ST_13 : Operation 172 [1/1] (0.00ns)   --->   "%sext_ln935_12 = sext i17 %out_local_12_load to i20" [firmware/myproject_axi.cpp:23]   --->   Operation 172 'sext' 'sext_ln935_12' <Predicate = (!icmp_ln21)> <Delay = 0.00>
ST_13 : Operation 173 [1/1] (0.00ns)   --->   "%out_local_13_load = load i17* %out_local_13, align 4" [firmware/myproject_axi.cpp:23]   --->   Operation 173 'load' 'out_local_13_load' <Predicate = (!icmp_ln21)> <Delay = 0.00>
ST_13 : Operation 174 [1/1] (0.00ns)   --->   "%sext_ln935_13 = sext i17 %out_local_13_load to i20" [firmware/myproject_axi.cpp:23]   --->   Operation 174 'sext' 'sext_ln935_13' <Predicate = (!icmp_ln21)> <Delay = 0.00>
ST_13 : Operation 175 [1/1] (2.42ns)   --->   "%tmp_V_3 = call i20 @_ssdm_op_Mux.ap_auto.14i20.i4(i20 %sext_ln935, i20 %sext_ln935_1, i20 %sext_ln935_2, i20 %sext_ln935_3, i20 %sext_ln935_4, i20 %sext_ln935_5, i20 %sext_ln935_6, i20 %sext_ln935_7, i20 %sext_ln935_8, i20 %sext_ln935_9, i20 %sext_ln935_10, i20 %sext_ln935_11, i20 %sext_ln935_12, i20 %sext_ln935_13, i4 %i2_0)" [firmware/myproject_axi.cpp:23]   --->   Operation 175 'mux' 'tmp_V_3' <Predicate = (!icmp_ln21)> <Delay = 2.42> <Core = "MuxnS">   --->   Core 31 'MuxnS' <Latency = 0> <II = 1> <Delay = 2.42> <FuncUnit> <Opcode : 'mux'> <InPorts = 2> <OutPorts = 1>
ST_13 : Operation 176 [1/1] (0.00ns)   --->   "%p_Result_10 = call i1 @_ssdm_op_BitSelect.i1.i20.i32(i20 %tmp_V_3, i32 19)" [firmware/myproject_axi.cpp:23]   --->   Operation 176 'bitselect' 'p_Result_10' <Predicate = (!icmp_ln21)> <Delay = 0.00>
ST_13 : Operation 177 [1/1] (1.30ns)   --->   "%icmp_ln24 = icmp eq i4 %i2_0, -3" [firmware/myproject_axi.cpp:24]   --->   Operation 177 'icmp' 'icmp_ln24' <Predicate = (!icmp_ln21)> <Delay = 1.30> <Core = "Cmp">   --->   Core 25 'Cmp' <Latency = 0> <II = 1> <Delay = 1.30> <FuncUnit> <Opcode : 'icmp'> <InPorts = 2> <OutPorts = 1>
ST_13 : Operation 178 [1/1] (0.97ns)   --->   "%and_ln24 = and i1 %is_last_0, %icmp_ln24" [firmware/myproject_axi.cpp:24]   --->   Operation 178 'and' 'and_ln24' <Predicate = (!icmp_ln21)> <Delay = 0.97> <Core = "LogicGate">   --->   Core 27 'LogicGate' <Latency = 0> <II = 1> <Delay = 0.97> <FuncUnit> <Opcode : 'and' 'or' 'xor'> <InPorts = 2> <OutPorts = 1>

State 14 <SV = 5> <Delay = 2.19>
ST_14 : Operation 179 [1/1] (2.19ns)   --->   "%tmp_V = sub i20 0, %tmp_V_3" [firmware/myproject_axi.cpp:23]   --->   Operation 179 'sub' 'tmp_V' <Predicate = (!icmp_ln21 & p_Result_10)> <Delay = 2.19> <Core = "AddSub">   --->   Core 14 'AddSub' <Latency = 0> <II = 1> <Delay = 3.52> <FuncUnit> <Opcode : 'add' 'sub'> <InPorts = 2> <OutPorts = 1>

State 15 <SV = 6> <Delay = 4.10>
ST_15 : Operation 180 [1/1] (2.44ns)   --->   "%icmp_ln935 = icmp eq i20 %tmp_V_3, 0" [firmware/myproject_axi.cpp:23]   --->   Operation 180 'icmp' 'icmp_ln935' <Predicate = (!icmp_ln21)> <Delay = 2.44> <Core = "Cmp">   --->   Core 25 'Cmp' <Latency = 0> <II = 1> <Delay = 1.30> <FuncUnit> <Opcode : 'icmp'> <InPorts = 2> <OutPorts = 1>
ST_15 : Operation 181 [1/1] (0.70ns)   --->   "%tmp_V_4 = select i1 %p_Result_10, i20 %tmp_V, i20 %tmp_V_3" [firmware/myproject_axi.cpp:23]   --->   Operation 181 'select' 'tmp_V_4' <Predicate = (!icmp_ln21)> <Delay = 0.70> <Core = "Sel">   --->   Core 26 'Sel' <Latency = 0> <II = 1> <Delay = 0.69> <FuncUnit> <Opcode : 'select'> <InPorts = 3> <OutPorts = 1>
ST_15 : Operation 182 [1/1] (0.00ns)   --->   "%p_Result_s = call i20 @llvm.part.select.i20(i20 %tmp_V_4, i32 19, i32 0) nounwind" [firmware/myproject_axi.cpp:23]   --->   Operation 182 'partselect' 'p_Result_s' <Predicate = (!icmp_ln21)> <Delay = 0.00>
ST_15 : Operation 183 [1/1] (0.00ns)   --->   "%p_Result_11 = call i32 @_ssdm_op_BitConcatenate.i32.i12.i20(i12 -1, i20 %p_Result_s)" [firmware/myproject_axi.cpp:23]   --->   Operation 183 'bitconcatenate' 'p_Result_11' <Predicate = (!icmp_ln21)> <Delay = 0.00>
ST_15 : Operation 184 [1/1] (3.39ns)   --->   "%l = call i32 @llvm.cttz.i32(i32 %p_Result_11, i1 true) nounwind" [firmware/myproject_axi.cpp:23]   --->   Operation 184 'cttz' 'l' <Predicate = (!icmp_ln21)> <Delay = 3.39> <Core = "CTTZ">   --->   Core 64 'CTTZ' <Latency = 0> <II = 1> <Delay = 3.39> <FuncUnit> <Opcode : 'cttz'> <InPorts = 1> <OutPorts = 1>
ST_15 : Operation 185 [1/1] (0.00ns)   --->   "%trunc_ln943 = trunc i32 %l to i8" [firmware/myproject_axi.cpp:23]   --->   Operation 185 'trunc' 'trunc_ln943' <Predicate = (!icmp_ln21)> <Delay = 0.00>

State 16 <SV = 7> <Delay = 4.33>
ST_16 : Operation 186 [1/1] (2.55ns)   --->   "%sub_ln944 = sub nsw i32 20, %l" [firmware/myproject_axi.cpp:23]   --->   Operation 186 'sub' 'sub_ln944' <Predicate = (!icmp_ln21 & !icmp_ln935)> <Delay = 2.55> <Core = "AddSub">   --->   Core 14 'AddSub' <Latency = 0> <II = 1> <Delay = 3.52> <FuncUnit> <Opcode : 'add' 'sub'> <InPorts = 2> <OutPorts = 1>
ST_16 : Operation 187 [1/1] (0.00ns)   --->   "%trunc_ln944 = trunc i32 %sub_ln944 to i20" [firmware/myproject_axi.cpp:23]   --->   Operation 187 'trunc' 'trunc_ln944' <Predicate = (!icmp_ln21 & !icmp_ln935)> <Delay = 0.00>
ST_16 : Operation 188 [1/1] (0.00ns)   --->   "%trunc_ln947 = trunc i32 %sub_ln944 to i5" [firmware/myproject_axi.cpp:23]   --->   Operation 188 'trunc' 'trunc_ln947' <Predicate = (!icmp_ln21 & !icmp_ln935)> <Delay = 0.00>
ST_16 : Operation 189 [1/1] (1.78ns)   --->   "%sub_ln947 = sub i5 13, %trunc_ln947" [firmware/myproject_axi.cpp:23]   --->   Operation 189 'sub' 'sub_ln947' <Predicate = (!icmp_ln21 & !icmp_ln935)> <Delay = 1.78> <Core = "AddSub">   --->   Core 14 'AddSub' <Latency = 0> <II = 1> <Delay = 3.52> <FuncUnit> <Opcode : 'add' 'sub'> <InPorts = 2> <OutPorts = 1>

State 17 <SV = 8> <Delay = 2.66>
ST_17 : Operation 190 [1/1] (2.55ns)   --->   "%lsb_index = add nsw i32 -24, %sub_ln944" [firmware/myproject_axi.cpp:23]   --->   Operation 190 'add' 'lsb_index' <Predicate = (!icmp_ln21 & !icmp_ln935)> <Delay = 2.55> <Core = "AddSub">   --->   Core 14 'AddSub' <Latency = 0> <II = 1> <Delay = 3.52> <FuncUnit> <Opcode : 'add' 'sub'> <InPorts = 2> <OutPorts = 1>
ST_17 : Operation 191 [1/1] (0.00ns)   --->   "%tmp_128 = call i31 @_ssdm_op_PartSelect.i31.i32.i32.i32(i32 %lsb_index, i32 1, i32 31)" [firmware/myproject_axi.cpp:23]   --->   Operation 191 'partselect' 'tmp_128' <Predicate = (!icmp_ln21 & !icmp_ln935)> <Delay = 0.00>
ST_17 : Operation 192 [1/1] (0.00ns) (grouped into LUT with out node icmp_ln947_1)   --->   "%zext_ln947 = zext i5 %sub_ln947 to i20" [firmware/myproject_axi.cpp:23]   --->   Operation 192 'zext' 'zext_ln947' <Predicate = (!icmp_ln21 & !icmp_ln935)> <Delay = 0.00>
ST_17 : Operation 193 [1/1] (0.00ns) (grouped into LUT with out node icmp_ln947_1)   --->   "%lshr_ln947 = lshr i20 -1, %zext_ln947" [firmware/myproject_axi.cpp:23]   --->   Operation 193 'lshr' 'lshr_ln947' <Predicate = (!icmp_ln21 & !icmp_ln935)> <Delay = 0.00> <Core = "Shift">   --->   Core 28 'Shift' <Latency = 0> <II = 1> <Delay = 2.66> <FuncUnit> <Opcode : 'shl' 'lshr' 'ashr'> <InPorts = 2> <OutPorts = 1>
ST_17 : Operation 194 [1/1] (0.00ns) (grouped into LUT with out node icmp_ln947_1)   --->   "%p_Result_6 = and i20 %tmp_V_4, %lshr_ln947" [firmware/myproject_axi.cpp:23]   --->   Operation 194 'and' 'p_Result_6' <Predicate = (!icmp_ln21 & !icmp_ln935)> <Delay = 0.00> <Core = "LogicGate">   --->   Core 27 'LogicGate' <Latency = 0> <II = 1> <Delay = 0.97> <FuncUnit> <Opcode : 'and' 'or' 'xor'> <InPorts = 2> <OutPorts = 1>
ST_17 : Operation 195 [1/1] (2.66ns) (out node of the LUT)   --->   "%icmp_ln947_1 = icmp ne i20 %p_Result_6, 0" [firmware/myproject_axi.cpp:23]   --->   Operation 195 'icmp' 'icmp_ln947_1' <Predicate = (!icmp_ln21 & !icmp_ln935)> <Delay = 2.66> <Core = "Cmp">   --->   Core 25 'Cmp' <Latency = 0> <II = 1> <Delay = 1.30> <FuncUnit> <Opcode : 'icmp'> <InPorts = 2> <OutPorts = 1>
ST_17 : Operation 196 [1/1] (2.55ns)   --->   "%add_ln958 = add nsw i32 -25, %sub_ln944" [firmware/myproject_axi.cpp:23]   --->   Operation 196 'add' 'add_ln958' <Predicate = (!icmp_ln21 & !icmp_ln935)> <Delay = 2.55> <Core = "AddSub">   --->   Core 14 'AddSub' <Latency = 0> <II = 1> <Delay = 3.52> <FuncUnit> <Opcode : 'add' 'sub'> <InPorts = 2> <OutPorts = 1>
ST_17 : Operation 197 [1/1] (2.55ns)   --->   "%sub_ln958 = sub i32 25, %sub_ln944" [firmware/myproject_axi.cpp:23]   --->   Operation 197 'sub' 'sub_ln958' <Predicate = (!icmp_ln21 & !icmp_ln935)> <Delay = 2.55> <Core = "AddSub">   --->   Core 14 'AddSub' <Latency = 0> <II = 1> <Delay = 3.52> <FuncUnit> <Opcode : 'add' 'sub'> <InPorts = 2> <OutPorts = 1>

State 18 <SV = 9> <Delay = 3.60>
ST_18 : Operation 198 [1/1] (2.47ns)   --->   "%icmp_ln947 = icmp sgt i31 %tmp_128, 0" [firmware/myproject_axi.cpp:23]   --->   Operation 198 'icmp' 'icmp_ln947' <Predicate = (!icmp_ln21 & !icmp_ln935)> <Delay = 2.47> <Core = "Cmp">   --->   Core 25 'Cmp' <Latency = 0> <II = 1> <Delay = 1.30> <FuncUnit> <Opcode : 'icmp'> <InPorts = 2> <OutPorts = 1>
ST_18 : Operation 199 [1/1] (0.00ns) (grouped into LUT with out node or_ln)   --->   "%a = and i1 %icmp_ln947, %icmp_ln947_1" [firmware/myproject_axi.cpp:23]   --->   Operation 199 'and' 'a' <Predicate = (!icmp_ln21 & !icmp_ln935)> <Delay = 0.00> <Core = "LogicGate">   --->   Core 27 'LogicGate' <Latency = 0> <II = 1> <Delay = 0.97> <FuncUnit> <Opcode : 'and' 'or' 'xor'> <InPorts = 2> <OutPorts = 1>
ST_18 : Operation 200 [1/1] (0.00ns) (grouped into LUT with out node or_ln)   --->   "%tmp_129 = call i1 @_ssdm_op_BitSelect.i1.i32.i32(i32 %lsb_index, i32 31)" [firmware/myproject_axi.cpp:23]   --->   Operation 200 'bitselect' 'tmp_129' <Predicate = (!icmp_ln21 & !icmp_ln935)> <Delay = 0.00>
ST_18 : Operation 201 [1/1] (0.00ns) (grouped into LUT with out node or_ln)   --->   "%xor_ln949 = xor i1 %tmp_129, true" [firmware/myproject_axi.cpp:23]   --->   Operation 201 'xor' 'xor_ln949' <Predicate = (!icmp_ln21 & !icmp_ln935)> <Delay = 0.00> <Core = "LogicGate">   --->   Core 27 'LogicGate' <Latency = 0> <II = 1> <Delay = 0.97> <FuncUnit> <Opcode : 'and' 'or' 'xor'> <InPorts = 2> <OutPorts = 1>
ST_18 : Operation 202 [1/1] (2.19ns)   --->   "%add_ln949 = add i20 -24, %trunc_ln944" [firmware/myproject_axi.cpp:23]   --->   Operation 202 'add' 'add_ln949' <Predicate = (!icmp_ln21 & !icmp_ln935)> <Delay = 2.19> <Core = "AddSub">   --->   Core 14 'AddSub' <Latency = 0> <II = 1> <Delay = 3.52> <FuncUnit> <Opcode : 'add' 'sub'> <InPorts = 2> <OutPorts = 1>
ST_18 : Operation 203 [1/1] (0.00ns) (grouped into LUT with out node or_ln)   --->   "%p_Result_4 = call i1 @_ssdm_op_BitSelect.i1.i20.i20(i20 %tmp_V_4, i20 %add_ln949)" [firmware/myproject_axi.cpp:23]   --->   Operation 203 'bitselect' 'p_Result_4' <Predicate = (!icmp_ln21 & !icmp_ln935)> <Delay = 0.00>
ST_18 : Operation 204 [1/1] (0.00ns) (grouped into LUT with out node or_ln)   --->   "%and_ln949 = and i1 %p_Result_4, %xor_ln949" [firmware/myproject_axi.cpp:23]   --->   Operation 204 'and' 'and_ln949' <Predicate = (!icmp_ln21 & !icmp_ln935)> <Delay = 0.00> <Core = "LogicGate">   --->   Core 27 'LogicGate' <Latency = 0> <II = 1> <Delay = 0.97> <FuncUnit> <Opcode : 'and' 'or' 'xor'> <InPorts = 2> <OutPorts = 1>
ST_18 : Operation 205 [1/1] (0.00ns) (grouped into LUT with out node or_ln)   --->   "%or_ln949 = or i1 %and_ln949, %a" [firmware/myproject_axi.cpp:23]   --->   Operation 205 'or' 'or_ln949' <Predicate = (!icmp_ln21 & !icmp_ln935)> <Delay = 0.00> <Core = "LogicGate">   --->   Core 27 'LogicGate' <Latency = 0> <II = 1> <Delay = 0.97> <FuncUnit> <Opcode : 'and' 'or' 'xor'> <InPorts = 2> <OutPorts = 1>
ST_18 : Operation 206 [1/1] (0.97ns) (out node of the LUT)   --->   "%or_ln = call i32 @_ssdm_op_BitConcatenate.i32.i31.i1(i31 0, i1 %or_ln949)" [firmware/myproject_axi.cpp:23]   --->   Operation 206 'bitconcatenate' 'or_ln' <Predicate = (!icmp_ln21 & !icmp_ln935)> <Delay = 0.97>
ST_18 : Operation 207 [1/1] (0.00ns)   --->   "%m = zext i20 %tmp_V_4 to i64" [firmware/myproject_axi.cpp:23]   --->   Operation 207 'zext' 'm' <Predicate = (!icmp_ln21 & !icmp_ln935)> <Delay = 0.00>
ST_18 : Operation 208 [1/1] (0.00ns)   --->   "%zext_ln957_1 = zext i20 %tmp_V_4 to i32" [firmware/myproject_axi.cpp:23]   --->   Operation 208 'zext' 'zext_ln957_1' <Predicate = (!icmp_ln21 & !icmp_ln935)> <Delay = 0.00>
ST_18 : Operation 209 [1/1] (2.47ns)   --->   "%icmp_ln958 = icmp sgt i32 %lsb_index, 0" [firmware/myproject_axi.cpp:23]   --->   Operation 209 'icmp' 'icmp_ln958' <Predicate = (!icmp_ln21 & !icmp_ln935)> <Delay = 2.47> <Core = "Cmp">   --->   Core 25 'Cmp' <Latency = 0> <II = 1> <Delay = 1.30> <FuncUnit> <Opcode : 'icmp'> <InPorts = 2> <OutPorts = 1>
ST_18 : Operation 210 [2/2] (3.60ns)   --->   "%lshr_ln958 = lshr i32 %zext_ln957_1, %add_ln958" [firmware/myproject_axi.cpp:23]   --->   Operation 210 'lshr' 'lshr_ln958' <Predicate = (!icmp_ln21 & !icmp_ln935)> <Delay = 3.60> <Core = "ShiftnS">   --->   Core 29 'ShiftnS' <Latency = 1> <II = 1> <Delay = 3.60> <FuncUnit> <Opcode : 'shl' 'lshr' 'ashr'> <InPorts = 2> <OutPorts = 1>
ST_18 : Operation 211 [1/1] (0.00ns)   --->   "%zext_ln958_1 = zext i32 %sub_ln958 to i64" [firmware/myproject_axi.cpp:23]   --->   Operation 211 'zext' 'zext_ln958_1' <Predicate = (!icmp_ln21 & !icmp_ln935)> <Delay = 0.00>
ST_18 : Operation 212 [2/2] (3.60ns)   --->   "%shl_ln958 = shl i64 %m, %zext_ln958_1" [firmware/myproject_axi.cpp:23]   --->   Operation 212 'shl' 'shl_ln958' <Predicate = (!icmp_ln21 & !icmp_ln935)> <Delay = 3.60> <Core = "ShiftnS">   --->   Core 29 'ShiftnS' <Latency = 1> <II = 1> <Delay = 3.60> <FuncUnit> <Opcode : 'shl' 'lshr' 'ashr'> <InPorts = 2> <OutPorts = 1>

State 19 <SV = 10> <Delay = 3.60>
ST_19 : Operation 213 [1/2] (3.60ns)   --->   "%lshr_ln958 = lshr i32 %zext_ln957_1, %add_ln958" [firmware/myproject_axi.cpp:23]   --->   Operation 213 'lshr' 'lshr_ln958' <Predicate = (!icmp_ln21 & !icmp_ln935)> <Delay = 3.60> <Core = "ShiftnS">   --->   Core 29 'ShiftnS' <Latency = 1> <II = 1> <Delay = 3.60> <FuncUnit> <Opcode : 'shl' 'lshr' 'ashr'> <InPorts = 2> <OutPorts = 1>
ST_19 : Operation 214 [1/2] (3.60ns)   --->   "%shl_ln958 = shl i64 %m, %zext_ln958_1" [firmware/myproject_axi.cpp:23]   --->   Operation 214 'shl' 'shl_ln958' <Predicate = (!icmp_ln21 & !icmp_ln935)> <Delay = 3.60> <Core = "ShiftnS">   --->   Core 29 'ShiftnS' <Latency = 1> <II = 1> <Delay = 3.60> <FuncUnit> <Opcode : 'shl' 'lshr' 'ashr'> <InPorts = 2> <OutPorts = 1>

State 20 <SV = 11> <Delay = 3.52>
ST_20 : Operation 215 [1/1] (0.00ns) (grouped into LUT with out node m_2)   --->   "%zext_ln958 = zext i32 %lshr_ln958 to i64" [firmware/myproject_axi.cpp:23]   --->   Operation 215 'zext' 'zext_ln958' <Predicate = (!icmp_ln21 & icmp_ln958 & !icmp_ln935)> <Delay = 0.00>
ST_20 : Operation 216 [1/1] (0.00ns) (grouped into LUT with out node m_2)   --->   "%m_1 = select i1 %icmp_ln958, i64 %zext_ln958, i64 %shl_ln958" [firmware/myproject_axi.cpp:23]   --->   Operation 216 'select' 'm_1' <Predicate = (!icmp_ln21 & !icmp_ln935)> <Delay = 0.00> <Core = "Sel">   --->   Core 26 'Sel' <Latency = 0> <II = 1> <Delay = 0.69> <FuncUnit> <Opcode : 'select'> <InPorts = 3> <OutPorts = 1>
ST_20 : Operation 217 [1/1] (0.00ns) (grouped into LUT with out node m_2)   --->   "%zext_ln961 = zext i32 %or_ln to i64" [firmware/myproject_axi.cpp:23]   --->   Operation 217 'zext' 'zext_ln961' <Predicate = (!icmp_ln21 & !icmp_ln935)> <Delay = 0.00>
ST_20 : Operation 218 [1/1] (3.52ns) (out node of the LUT)   --->   "%m_2 = add i64 %zext_ln961, %m_1" [firmware/myproject_axi.cpp:23]   --->   Operation 218 'add' 'm_2' <Predicate = (!icmp_ln21 & !icmp_ln935)> <Delay = 3.52> <Core = "AddSub">   --->   Core 14 'AddSub' <Latency = 0> <II = 1> <Delay = 3.52> <FuncUnit> <Opcode : 'add' 'sub'> <InPorts = 2> <OutPorts = 1>
ST_20 : Operation 219 [1/1] (0.00ns)   --->   "%m_5 = call i63 @_ssdm_op_PartSelect.i63.i64.i32.i32(i64 %m_2, i32 1, i32 63)" [firmware/myproject_axi.cpp:23]   --->   Operation 219 'partselect' 'm_5' <Predicate = (!icmp_ln21 & !icmp_ln935)> <Delay = 0.00>
ST_20 : Operation 220 [1/1] (0.00ns)   --->   "%tmp_130 = call i1 @_ssdm_op_BitSelect.i1.i64.i32(i64 %m_2, i32 25)" [firmware/myproject_axi.cpp:23]   --->   Operation 220 'bitselect' 'tmp_130' <Predicate = (!icmp_ln21 & !icmp_ln935)> <Delay = 0.00>

State 21 <SV = 12> <Delay = 1.24>
ST_21 : Operation 221 [1/1] (1.24ns)   --->   "%select_ln964 = select i1 %tmp_130, i8 127, i8 126" [firmware/myproject_axi.cpp:23]   --->   Operation 221 'select' 'select_ln964' <Predicate = (!icmp_ln21 & !icmp_ln935)> <Delay = 1.24> <Core = "Sel">   --->   Core 26 'Sel' <Latency = 0> <II = 1> <Delay = 0.69> <FuncUnit> <Opcode : 'select'> <InPorts = 3> <OutPorts = 1>

State 22 <SV = 13> <Delay = 4.36>
ST_22 : Operation 222 [1/1] (0.00ns)   --->   "%m_6 = zext i63 %m_5 to i64" [firmware/myproject_axi.cpp:23]   --->   Operation 222 'zext' 'm_6' <Predicate = (!icmp_ln21 & !icmp_ln935)> <Delay = 0.00>
ST_22 : Operation 223 [1/1] (0.00ns) (grouped into TernaryAdder)   --->   "%sub_ln964 = sub i8 9, %trunc_ln943" [firmware/myproject_axi.cpp:23]   --->   Operation 223 'sub' 'sub_ln964' <Predicate = (!icmp_ln21 & !icmp_ln935)> <Delay = 0.00> <Core = "TAddSub">   --->   Core 83 'TAddSub' <Latency = 0> <II = 1> <Delay = 1.83> <IPBlock> <Opcode : 'add' 'sub'> <InPorts = 3> <OutPorts = 1> <Sync> <CReg>
ST_22 : Operation 224 [1/1] (3.66ns) (root node of TernaryAdder)   --->   "%add_ln964 = add i8 %sub_ln964, %select_ln964" [firmware/myproject_axi.cpp:23]   --->   Operation 224 'add' 'add_ln964' <Predicate = (!icmp_ln21 & !icmp_ln935)> <Delay = 3.66> <Core = "TAddSub">   --->   Core 83 'TAddSub' <Latency = 0> <II = 1> <Delay = 1.83> <IPBlock> <Opcode : 'add' 'sub'> <InPorts = 3> <OutPorts = 1> <Sync> <CReg>
ST_22 : Operation 225 [1/1] (0.00ns)   --->   "%tmp_1 = call i9 @_ssdm_op_BitConcatenate.i9.i1.i8(i1 %p_Result_10, i8 %add_ln964)" [firmware/myproject_axi.cpp:23]   --->   Operation 225 'bitconcatenate' 'tmp_1' <Predicate = (!icmp_ln21 & !icmp_ln935)> <Delay = 0.00>
ST_22 : Operation 226 [1/1] (0.00ns)   --->   "%p_Result_12 = call i64 @_ssdm_op_PartSet.i64.i64.i9.i32.i32(i64 %m_6, i9 %tmp_1, i32 23, i32 31)" [firmware/myproject_axi.cpp:23]   --->   Operation 226 'partset' 'p_Result_12' <Predicate = (!icmp_ln21 & !icmp_ln935)> <Delay = 0.00>
ST_22 : Operation 227 [1/1] (0.00ns)   --->   "%trunc_ln738 = trunc i64 %p_Result_12 to i32" [firmware/myproject_axi.cpp:23]   --->   Operation 227 'trunc' 'trunc_ln738' <Predicate = (!icmp_ln21 & !icmp_ln935)> <Delay = 0.00>
ST_22 : Operation 228 [1/1] (0.00ns)   --->   "%bitcast_ln739 = bitcast i32 %trunc_ln738 to float" [firmware/myproject_axi.cpp:23]   --->   Operation 228 'bitcast' 'bitcast_ln739' <Predicate = (!icmp_ln21 & !icmp_ln935)> <Delay = 0.00>
ST_22 : Operation 229 [1/1] (0.69ns)   --->   "%select_ln935 = select i1 %icmp_ln935, float 0.000000e+00, float %bitcast_ln739" [firmware/myproject_axi.cpp:23]   --->   Operation 229 'select' 'select_ln935' <Predicate = (!icmp_ln21)> <Delay = 0.69> <Core = "Sel">   --->   Core 26 'Sel' <Latency = 0> <II = 1> <Delay = 0.69> <FuncUnit> <Opcode : 'select'> <InPorts = 3> <OutPorts = 1>
ST_22 : Operation 230 [2/2] (0.00ns)   --->   "call void @_ssdm_op_Write.axis.volatile.floatP.i1P(float* %out_data, i1* %out_last_V, float %select_ln935, i1 %and_ln24)" [firmware/myproject_axi.cpp:3]   --->   Operation 230 'write' <Predicate = (!icmp_ln21)> <Delay = 0.00> <Core = "AXI4Stream">   --->   Core 5 'AXI4Stream' <Latency = 0> <II = 1> <Delay = 1.00> <Adapter> <Opcode : >

State 23 <SV = 14> <Delay = 0.00>
ST_23 : Operation 231 [1/1] (0.00ns)   --->   "%tmp_8 = call i32 (...)* @_ssdm_op_SpecRegionBegin([12 x i8]* @p_str5)" [firmware/myproject_axi.cpp:21]   --->   Operation 231 'specregionbegin' 'tmp_8' <Predicate = (!icmp_ln21)> <Delay = 0.00>
ST_23 : Operation 232 [1/1] (0.00ns)   --->   "call void (...)* @_ssdm_op_SpecPipeline(i32 -1, i32 1, i32 1, i32 0, [1 x i8]* @p_str2) nounwind" [firmware/myproject_axi.cpp:22]   --->   Operation 232 'specpipeline' <Predicate = (!icmp_ln21)> <Delay = 0.00>
ST_23 : Operation 233 [1/2] (0.00ns)   --->   "call void @_ssdm_op_Write.axis.volatile.floatP.i1P(float* %out_data, i1* %out_last_V, float %select_ln935, i1 %and_ln24)" [firmware/myproject_axi.cpp:3]   --->   Operation 233 'write' <Predicate = (!icmp_ln21)> <Delay = 0.00> <Core = "AXI4Stream">   --->   Core 5 'AXI4Stream' <Latency = 0> <II = 1> <Delay = 1.00> <Adapter> <Opcode : >
ST_23 : Operation 234 [1/1] (0.00ns)   --->   "%empty_31 = call i32 (...)* @_ssdm_op_SpecRegionEnd([12 x i8]* @p_str5, i32 %tmp_8)" [firmware/myproject_axi.cpp:25]   --->   Operation 234 'specregionend' 'empty_31' <Predicate = (!icmp_ln21)> <Delay = 0.00>
ST_23 : Operation 235 [1/1] (0.00ns)   --->   "br label %1" [firmware/myproject_axi.cpp:21]   --->   Operation 235 'br' <Predicate = (!icmp_ln21)> <Delay = 0.00>

State 24 <SV = 5> <Delay = 0.00>
ST_24 : Operation 236 [1/1] (0.00ns)   --->   "ret void" [firmware/myproject_axi.cpp:26]   --->   Operation 236 'ret' <Predicate = true> <Delay = 0.00>


============================================================
+ Verbose Summary: Timing violations
============================================================
Target clock period: 5ns, clock uncertainty: 0.625ns.

 <State 1>: 1.77ns
The critical path consists of the following:
	multiplexor before 'phi' operation ('is_last') with incoming values : ('is_last', firmware/myproject_axi.cpp:16) [54]  (1.77 ns)

 <State 2>: 3.7ns
The critical path consists of the following:
	axis read on port 'in_data' (firmware/myproject_axi.cpp:3) [63]  (0 ns)
	'fpext' operation ('d', firmware/myproject_axi.cpp:15) [66]  (3.7 ns)

 <State 3>: 3.7ns
The critical path consists of the following:
	'fpext' operation ('d', firmware/myproject_axi.cpp:15) [66]  (3.7 ns)

 <State 4>: 3.7ns
The critical path consists of the following:
	'fpext' operation ('d', firmware/myproject_axi.cpp:15) [66]  (3.7 ns)

 <State 5>: 4.23ns
The critical path consists of the following:
	'sub' operation ('F2', firmware/myproject_axi.cpp:15) [78]  (1.55 ns)
	'icmp' operation ('icmp_ln581', firmware/myproject_axi.cpp:15) [79]  (1.99 ns)
	'select' operation ('sh_amt', firmware/myproject_axi.cpp:15) [82]  (0.697 ns)

 <State 6>: 3.96ns
The critical path consists of the following:
	'icmp' operation ('icmp_ln585', firmware/myproject_axi.cpp:15) [87]  (1.99 ns)
	'xor' operation ('xor_ln585', firmware/myproject_axi.cpp:15) [102]  (0 ns)
	'and' operation ('and_ln585', firmware/myproject_axi.cpp:15) [103]  (0.978 ns)
	'select' operation ('select_ln603_1', firmware/myproject_axi.cpp:15) [110]  (0.993 ns)

 <State 7>: 3.88ns
The critical path consists of the following:
	'ashr' operation ('ashr_ln586', firmware/myproject_axi.cpp:15) [91]  (3.88 ns)

 <State 8>: 3.99ns
The critical path consists of the following:
	'shl' operation ('shl_ln604', firmware/myproject_axi.cpp:15) [96]  (0 ns)
	'select' operation ('select_ln603', firmware/myproject_axi.cpp:15) [108]  (0 ns)
	'select' operation ('select_ln603_2', firmware/myproject_axi.cpp:15) [112]  (3.99 ns)

 <State 9>: 3.99ns
The critical path consists of the following:
	'select' operation ('select_ln603_3', firmware/myproject_axi.cpp:15) [114]  (0 ns)
	'shl' operation ('shl_ln203', firmware/myproject_axi.cpp:15) [128]  (3.99 ns)

 <State 10>: 1.52ns
The critical path consists of the following:
	'load' operation ('in_local_V_load', firmware/myproject_axi.cpp:15) on local variable 'in_local.V', firmware/myproject_axi.cpp:10 [115]  (0 ns)
	'and' operation ('and_ln203_1', firmware/myproject_axi.cpp:15) [135]  (0 ns)
	'or' operation ('in_local.V', firmware/myproject_axi.cpp:15) [137]  (1.52 ns)

 <State 11>: 0ns
The critical path consists of the following:

 <State 12>: 1.77ns
The critical path consists of the following:
	multiplexor before 'phi' operation ('i') with incoming values : ('i', firmware/myproject_axi.cpp:21) [146]  (1.77 ns)

 <State 13>: 2.42ns
The critical path consists of the following:
	'phi' operation ('i') with incoming values : ('i', firmware/myproject_axi.cpp:21) [146]  (0 ns)
	'mux' operation ('tmp.V', firmware/myproject_axi.cpp:23) [182]  (2.42 ns)

 <State 14>: 2.2ns
The critical path consists of the following:
	'sub' operation ('tmp.V', firmware/myproject_axi.cpp:23) [185]  (2.2 ns)

 <State 15>: 4.11ns
The critical path consists of the following:
	'select' operation ('tmp.V', firmware/myproject_axi.cpp:23) [186]  (0.708 ns)
	'cttz' operation ('l', firmware/myproject_axi.cpp:23) [189]  (3.4 ns)

 <State 16>: 4.33ns
The critical path consists of the following:
	'sub' operation ('sub_ln944', firmware/myproject_axi.cpp:23) [190]  (2.55 ns)
	'sub' operation ('sub_ln947', firmware/myproject_axi.cpp:23) [196]  (1.78 ns)

 <State 17>: 2.67ns
The critical path consists of the following:
	'lshr' operation ('lshr_ln947', firmware/myproject_axi.cpp:23) [198]  (0 ns)
	'and' operation ('__Result__', firmware/myproject_axi.cpp:23) [199]  (0 ns)
	'icmp' operation ('icmp_ln947_1', firmware/myproject_axi.cpp:23) [200]  (2.67 ns)

 <State 18>: 3.61ns
The critical path consists of the following:
	'shl' operation ('shl_ln958', firmware/myproject_axi.cpp:23) [217]  (3.61 ns)

 <State 19>: 3.61ns
The critical path consists of the following:
	'lshr' operation ('lshr_ln958', firmware/myproject_axi.cpp:23) [213]  (3.61 ns)

 <State 20>: 3.52ns
The critical path consists of the following:
	'select' operation ('m', firmware/myproject_axi.cpp:23) [218]  (0 ns)
	'add' operation ('m', firmware/myproject_axi.cpp:23) [220]  (3.52 ns)

 <State 21>: 1.25ns
The critical path consists of the following:
	'select' operation ('select_ln964', firmware/myproject_axi.cpp:23) [224]  (1.25 ns)

 <State 22>: 4.37ns
The critical path consists of the following:
	'sub' operation ('sub_ln964', firmware/myproject_axi.cpp:23) [226]  (0 ns)
	'add' operation ('add_ln964', firmware/myproject_axi.cpp:23) [227]  (3.67 ns)
	'select' operation ('select_ln935', firmware/myproject_axi.cpp:23) [232]  (0.698 ns)

 <State 23>: 0ns
The critical path consists of the following:

 <State 24>: 0ns
The critical path consists of the following:


============================================================
+ Verbose Summary: Binding
============================================================
N/A
* FSMD analyzer results:
  - Output states:
 - Input state : 
  - Chain level:
	State 1
	State 2
	State 3
	State 4
	State 5
	State 6
	State 7
	State 8
	State 9
	State 10
	State 11
	State 12
	State 13
	State 14
	State 15
	State 16
	State 17
	State 18
	State 19
	State 20
	State 21
	State 22
	State 23
	State 24


============================================================
+ Verbose Summary: Datapath Resource usage 
============================================================
N/A
