

================================================================
== Vivado HLS Report for 'dense_latency_ap_fixed_ap_fixed_35_15_5_3_0_config6_0_0_0_0_0_0_0_0_0'
================================================================
* Date:           Wed May 27 10:11:41 2026

* Version:        2020.1 (Build 2897737 on Wed May 27 20:21:37 MDT 2020)
* Project:        myproject_prj
* Solution:       solution1
* Product family: zynq
* Target device:  xc7z020-clg400-1


================================================================
== Performance Estimates
================================================================
+ Timing: 
    * Summary: 
    +--------+---------+----------+------------+
    |  Clock |  Target | Estimated| Uncertainty|
    +--------+---------+----------+------------+
    |ap_clk  | 5.00 ns | 4.166 ns |   0.62 ns  |
    +--------+---------+----------+------------+

+ Latency: 
    * Summary: 
    +---------+---------+-----------+-----------+-----+-----+----------+
    |  Latency (cycles) |   Latency (absolute)  |  Interval | Pipeline |
    |   min   |   max   |    min    |    max    | min | max |   Type   |
    +---------+---------+-----------+-----------+-----+-----+----------+
    |        5|        5| 25.000 ns | 25.000 ns |    4|    4| function |
    +---------+---------+-----------+-----------+-----+-----+----------+

    + Detail: 
        * Instance: 
        N/A

        * Loop: 
        N/A

============================================================
+ Verbose Summary: Synthesis Manager
============================================================
InlineROM: 1
ExposeGlobal: 0
============================================================
+ Verbose Summary: CDFG Model
============================================================
IsTopModel: 0
ResetActiveHigh: 1
IsCombinational: 0
IsDatapathOnly: 0
HasWiredReturn: 1
HasMFsm: 2
HasVarLatency: 0
IsPipeline: 1
IsRtlPipelined: 1
IsInstanceOverlapped: 0
IsDontTouch: 0
HasImplIP: 0
IsGatedGlobalClock: 0

+ Individual pipeline summary: 
  * Pipeline-0: initiation interval (II) = 4, depth = 6


============================================================
+ Verbose Summary: Schedule
============================================================
* Number of FSM states : 6
* Pipeline : 1
  Pipeline-0 : II = 4, D = 6, States = { 1 2 3 4 5 6 }
* Dataflow Pipeline: 0

* FSM state transitions: 
1 --> 2 
2 --> 3 
3 --> 4 
4 --> 5 
5 --> 6 
6 --> 

* FSM state operations: 

State 1 <SV = 0> <Delay = 3.34>
ST_1 : Operation 7 [1/1] (0.00ns)   --->   "%data_2_V_read_5 = call i16 @_ssdm_op_Read.ap_auto.i16(i16 %data_2_V_read)" [firmware/nnet_utils/nnet_dense_latency.h:13]   --->   Operation 7 'read' 'data_2_V_read_5' <Predicate = true> <Delay = 0.00>
ST_1 : Operation 8 [1/1] (0.00ns)   --->   "%sext_ln1118_102 = sext i16 %data_2_V_read_5 to i25" [firmware/nnet_utils/nnet_mult.h:73->firmware/nnet_utils/nnet_dense_latency.h:42]   --->   Operation 8 'sext' 'sext_ln1118_102' <Predicate = true> <Delay = 0.00>
ST_1 : Operation 9 [1/1] (0.00ns)   --->   "%sext_ln1118_103 = sext i16 %data_2_V_read_5 to i26" [firmware/nnet_utils/nnet_mult.h:73->firmware/nnet_utils/nnet_dense_latency.h:42]   --->   Operation 9 'sext' 'sext_ln1118_103' <Predicate = true> <Delay = 0.00>
ST_1 : Operation 10 [2/2] (3.34ns)   --->   "%mul_ln1118_133 = mul i26 %sext_ln1118_103, 500" [firmware/nnet_utils/nnet_mult.h:73->firmware/nnet_utils/nnet_dense_latency.h:42]   --->   Operation 10 'mul' 'mul_ln1118_133' <Predicate = true> <Delay = 3.34> <Core = "MulnS">   --->   Core 17 'MulnS' <Latency = 1> <II = 1> <Delay = 3.34> <FuncUnit> <Opcode : 'mul'> <InPorts = 2> <OutPorts = 1>
ST_1 : Operation 11 [2/2] (3.34ns)   --->   "%mul_ln1118_134 = mul i26 %sext_ln1118_103, -413" [firmware/nnet_utils/nnet_mult.h:73->firmware/nnet_utils/nnet_dense_latency.h:42]   --->   Operation 11 'mul' 'mul_ln1118_134' <Predicate = true> <Delay = 3.34> <Core = "MulnS">   --->   Core 17 'MulnS' <Latency = 1> <II = 1> <Delay = 3.34> <FuncUnit> <Opcode : 'mul'> <InPorts = 2> <OutPorts = 1>
ST_1 : Operation 12 [2/2] (3.34ns)   --->   "%mul_ln1118_135 = mul i25 %sext_ln1118_102, -149" [firmware/nnet_utils/nnet_mult.h:73->firmware/nnet_utils/nnet_dense_latency.h:42]   --->   Operation 12 'mul' 'mul_ln1118_135' <Predicate = true> <Delay = 3.34> <Core = "MulnS">   --->   Core 17 'MulnS' <Latency = 1> <II = 1> <Delay = 3.34> <FuncUnit> <Opcode : 'mul'> <InPorts = 2> <OutPorts = 1>
ST_1 : Operation 13 [2/2] (3.34ns)   --->   "%mul_ln1118_136 = mul i26 %sext_ln1118_103, 671" [firmware/nnet_utils/nnet_mult.h:73->firmware/nnet_utils/nnet_dense_latency.h:42]   --->   Operation 13 'mul' 'mul_ln1118_136' <Predicate = true> <Delay = 3.34> <Core = "MulnS">   --->   Core 17 'MulnS' <Latency = 1> <II = 1> <Delay = 3.34> <FuncUnit> <Opcode : 'mul'> <InPorts = 2> <OutPorts = 1>
ST_1 : Operation 14 [2/2] (3.34ns)   --->   "%mul_ln1118_137 = mul i25 %sext_ln1118_102, -203" [firmware/nnet_utils/nnet_mult.h:73->firmware/nnet_utils/nnet_dense_latency.h:42]   --->   Operation 14 'mul' 'mul_ln1118_137' <Predicate = true> <Delay = 3.34> <Core = "MulnS">   --->   Core 17 'MulnS' <Latency = 1> <II = 1> <Delay = 3.34> <FuncUnit> <Opcode : 'mul'> <InPorts = 2> <OutPorts = 1>
ST_1 : Operation 15 [2/2] (3.34ns)   --->   "%mul_ln1118_138 = mul i26 %sext_ln1118_103, 403" [firmware/nnet_utils/nnet_mult.h:73->firmware/nnet_utils/nnet_dense_latency.h:42]   --->   Operation 15 'mul' 'mul_ln1118_138' <Predicate = true> <Delay = 3.34> <Core = "MulnS">   --->   Core 17 'MulnS' <Latency = 1> <II = 1> <Delay = 3.34> <FuncUnit> <Opcode : 'mul'> <InPorts = 2> <OutPorts = 1>
ST_1 : Operation 16 [2/2] (3.34ns)   --->   "%mul_ln1118_139 = mul i26 %sext_ln1118_103, 967" [firmware/nnet_utils/nnet_mult.h:73->firmware/nnet_utils/nnet_dense_latency.h:42]   --->   Operation 16 'mul' 'mul_ln1118_139' <Predicate = true> <Delay = 3.34> <Core = "MulnS">   --->   Core 17 'MulnS' <Latency = 1> <II = 1> <Delay = 3.34> <FuncUnit> <Opcode : 'mul'> <InPorts = 2> <OutPorts = 1>
ST_1 : Operation 17 [2/2] (3.34ns)   --->   "%mul_ln1118_140 = mul i25 %sext_ln1118_102, -170" [firmware/nnet_utils/nnet_mult.h:73->firmware/nnet_utils/nnet_dense_latency.h:42]   --->   Operation 17 'mul' 'mul_ln1118_140' <Predicate = true> <Delay = 3.34> <Core = "MulnS">   --->   Core 17 'MulnS' <Latency = 1> <II = 1> <Delay = 3.34> <FuncUnit> <Opcode : 'mul'> <InPorts = 2> <OutPorts = 1>

State 2 <SV = 1> <Delay = 3.34>
ST_2 : Operation 18 [1/1] (0.00ns)   --->   "%data_3_V_read_5 = call i16 @_ssdm_op_Read.ap_auto.i16(i16 %data_3_V_read)" [firmware/nnet_utils/nnet_dense_latency.h:13]   --->   Operation 18 'read' 'data_3_V_read_5' <Predicate = true> <Delay = 0.00>
ST_2 : Operation 19 [1/2] (3.34ns)   --->   "%mul_ln1118_133 = mul i26 %sext_ln1118_103, 500" [firmware/nnet_utils/nnet_mult.h:73->firmware/nnet_utils/nnet_dense_latency.h:42]   --->   Operation 19 'mul' 'mul_ln1118_133' <Predicate = true> <Delay = 3.34> <Core = "MulnS">   --->   Core 17 'MulnS' <Latency = 1> <II = 1> <Delay = 3.34> <FuncUnit> <Opcode : 'mul'> <InPorts = 2> <OutPorts = 1>
ST_2 : Operation 20 [1/1] (0.00ns)   --->   "%trunc_ln708_132 = call i16 @_ssdm_op_PartSelect.i16.i26.i32.i32(i26 %mul_ln1118_133, i32 10, i32 25)" [firmware/nnet_utils/nnet_dense_latency.h:42]   --->   Operation 20 'partselect' 'trunc_ln708_132' <Predicate = true> <Delay = 0.00>
ST_2 : Operation 21 [1/2] (3.34ns)   --->   "%mul_ln1118_134 = mul i26 %sext_ln1118_103, -413" [firmware/nnet_utils/nnet_mult.h:73->firmware/nnet_utils/nnet_dense_latency.h:42]   --->   Operation 21 'mul' 'mul_ln1118_134' <Predicate = true> <Delay = 3.34> <Core = "MulnS">   --->   Core 17 'MulnS' <Latency = 1> <II = 1> <Delay = 3.34> <FuncUnit> <Opcode : 'mul'> <InPorts = 2> <OutPorts = 1>
ST_2 : Operation 22 [1/1] (0.00ns)   --->   "%trunc_ln708_133 = call i16 @_ssdm_op_PartSelect.i16.i26.i32.i32(i26 %mul_ln1118_134, i32 10, i32 25)" [firmware/nnet_utils/nnet_dense_latency.h:42]   --->   Operation 22 'partselect' 'trunc_ln708_133' <Predicate = true> <Delay = 0.00>
ST_2 : Operation 23 [1/2] (3.34ns)   --->   "%mul_ln1118_135 = mul i25 %sext_ln1118_102, -149" [firmware/nnet_utils/nnet_mult.h:73->firmware/nnet_utils/nnet_dense_latency.h:42]   --->   Operation 23 'mul' 'mul_ln1118_135' <Predicate = true> <Delay = 3.34> <Core = "MulnS">   --->   Core 17 'MulnS' <Latency = 1> <II = 1> <Delay = 3.34> <FuncUnit> <Opcode : 'mul'> <InPorts = 2> <OutPorts = 1>
ST_2 : Operation 24 [1/1] (0.00ns)   --->   "%trunc_ln708_134 = call i15 @_ssdm_op_PartSelect.i15.i25.i32.i32(i25 %mul_ln1118_135, i32 10, i32 24)" [firmware/nnet_utils/nnet_dense_latency.h:42]   --->   Operation 24 'partselect' 'trunc_ln708_134' <Predicate = true> <Delay = 0.00>
ST_2 : Operation 25 [1/2] (3.34ns)   --->   "%mul_ln1118_136 = mul i26 %sext_ln1118_103, 671" [firmware/nnet_utils/nnet_mult.h:73->firmware/nnet_utils/nnet_dense_latency.h:42]   --->   Operation 25 'mul' 'mul_ln1118_136' <Predicate = true> <Delay = 3.34> <Core = "MulnS">   --->   Core 17 'MulnS' <Latency = 1> <II = 1> <Delay = 3.34> <FuncUnit> <Opcode : 'mul'> <InPorts = 2> <OutPorts = 1>
ST_2 : Operation 26 [1/1] (0.00ns)   --->   "%trunc_ln708_135 = call i16 @_ssdm_op_PartSelect.i16.i26.i32.i32(i26 %mul_ln1118_136, i32 10, i32 25)" [firmware/nnet_utils/nnet_dense_latency.h:42]   --->   Operation 26 'partselect' 'trunc_ln708_135' <Predicate = true> <Delay = 0.00>
ST_2 : Operation 27 [1/2] (3.34ns)   --->   "%mul_ln1118_137 = mul i25 %sext_ln1118_102, -203" [firmware/nnet_utils/nnet_mult.h:73->firmware/nnet_utils/nnet_dense_latency.h:42]   --->   Operation 27 'mul' 'mul_ln1118_137' <Predicate = true> <Delay = 3.34> <Core = "MulnS">   --->   Core 17 'MulnS' <Latency = 1> <II = 1> <Delay = 3.34> <FuncUnit> <Opcode : 'mul'> <InPorts = 2> <OutPorts = 1>
ST_2 : Operation 28 [1/1] (0.00ns)   --->   "%trunc_ln708_136 = call i15 @_ssdm_op_PartSelect.i15.i25.i32.i32(i25 %mul_ln1118_137, i32 10, i32 24)" [firmware/nnet_utils/nnet_dense_latency.h:42]   --->   Operation 28 'partselect' 'trunc_ln708_136' <Predicate = true> <Delay = 0.00>
ST_2 : Operation 29 [1/2] (3.34ns)   --->   "%mul_ln1118_138 = mul i26 %sext_ln1118_103, 403" [firmware/nnet_utils/nnet_mult.h:73->firmware/nnet_utils/nnet_dense_latency.h:42]   --->   Operation 29 'mul' 'mul_ln1118_138' <Predicate = true> <Delay = 3.34> <Core = "MulnS">   --->   Core 17 'MulnS' <Latency = 1> <II = 1> <Delay = 3.34> <FuncUnit> <Opcode : 'mul'> <InPorts = 2> <OutPorts = 1>
ST_2 : Operation 30 [1/1] (0.00ns)   --->   "%trunc_ln708_137 = call i16 @_ssdm_op_PartSelect.i16.i26.i32.i32(i26 %mul_ln1118_138, i32 10, i32 25)" [firmware/nnet_utils/nnet_dense_latency.h:42]   --->   Operation 30 'partselect' 'trunc_ln708_137' <Predicate = true> <Delay = 0.00>
ST_2 : Operation 31 [1/2] (3.34ns)   --->   "%mul_ln1118_139 = mul i26 %sext_ln1118_103, 967" [firmware/nnet_utils/nnet_mult.h:73->firmware/nnet_utils/nnet_dense_latency.h:42]   --->   Operation 31 'mul' 'mul_ln1118_139' <Predicate = true> <Delay = 3.34> <Core = "MulnS">   --->   Core 17 'MulnS' <Latency = 1> <II = 1> <Delay = 3.34> <FuncUnit> <Opcode : 'mul'> <InPorts = 2> <OutPorts = 1>
ST_2 : Operation 32 [1/1] (0.00ns)   --->   "%trunc_ln708_138 = call i16 @_ssdm_op_PartSelect.i16.i26.i32.i32(i26 %mul_ln1118_139, i32 10, i32 25)" [firmware/nnet_utils/nnet_dense_latency.h:42]   --->   Operation 32 'partselect' 'trunc_ln708_138' <Predicate = true> <Delay = 0.00>
ST_2 : Operation 33 [1/2] (3.34ns)   --->   "%mul_ln1118_140 = mul i25 %sext_ln1118_102, -170" [firmware/nnet_utils/nnet_mult.h:73->firmware/nnet_utils/nnet_dense_latency.h:42]   --->   Operation 33 'mul' 'mul_ln1118_140' <Predicate = true> <Delay = 3.34> <Core = "MulnS">   --->   Core 17 'MulnS' <Latency = 1> <II = 1> <Delay = 3.34> <FuncUnit> <Opcode : 'mul'> <InPorts = 2> <OutPorts = 1>
ST_2 : Operation 34 [1/1] (0.00ns)   --->   "%trunc_ln708_139 = call i15 @_ssdm_op_PartSelect.i15.i25.i32.i32(i25 %mul_ln1118_140, i32 10, i32 24)" [firmware/nnet_utils/nnet_dense_latency.h:42]   --->   Operation 34 'partselect' 'trunc_ln708_139' <Predicate = true> <Delay = 0.00>
ST_2 : Operation 35 [1/1] (0.00ns)   --->   "%sext_ln1118_104 = sext i16 %data_3_V_read_5 to i23" [firmware/nnet_utils/nnet_mult.h:73->firmware/nnet_utils/nnet_dense_latency.h:42]   --->   Operation 35 'sext' 'sext_ln1118_104' <Predicate = true> <Delay = 0.00>
ST_2 : Operation 36 [1/1] (0.00ns)   --->   "%sext_ln1118_105 = sext i16 %data_3_V_read_5 to i22" [firmware/nnet_utils/nnet_mult.h:73->firmware/nnet_utils/nnet_dense_latency.h:42]   --->   Operation 36 'sext' 'sext_ln1118_105' <Predicate = true> <Delay = 0.00>
ST_2 : Operation 37 [1/1] (0.00ns)   --->   "%sext_ln1118_106 = sext i16 %data_3_V_read_5 to i24" [firmware/nnet_utils/nnet_mult.h:73->firmware/nnet_utils/nnet_dense_latency.h:42]   --->   Operation 37 'sext' 'sext_ln1118_106' <Predicate = true> <Delay = 0.00>
ST_2 : Operation 38 [1/1] (0.00ns)   --->   "%sext_ln1118_107 = sext i16 %data_3_V_read_5 to i26" [firmware/nnet_utils/nnet_mult.h:73->firmware/nnet_utils/nnet_dense_latency.h:42]   --->   Operation 38 'sext' 'sext_ln1118_107' <Predicate = true> <Delay = 0.00>
ST_2 : Operation 39 [2/2] (3.34ns)   --->   "%mul_ln1118_141 = mul i26 %sext_ln1118_107, -447" [firmware/nnet_utils/nnet_mult.h:73->firmware/nnet_utils/nnet_dense_latency.h:42]   --->   Operation 39 'mul' 'mul_ln1118_141' <Predicate = true> <Delay = 3.34> <Core = "MulnS">   --->   Core 17 'MulnS' <Latency = 1> <II = 1> <Delay = 3.34> <FuncUnit> <Opcode : 'mul'> <InPorts = 2> <OutPorts = 1>
ST_2 : Operation 40 [2/2] (3.34ns)   --->   "%mul_ln1118_142 = mul i26 %sext_ln1118_107, 1086" [firmware/nnet_utils/nnet_mult.h:73->firmware/nnet_utils/nnet_dense_latency.h:42]   --->   Operation 40 'mul' 'mul_ln1118_142' <Predicate = true> <Delay = 3.34> <Core = "MulnS">   --->   Core 17 'MulnS' <Latency = 1> <II = 1> <Delay = 3.34> <FuncUnit> <Opcode : 'mul'> <InPorts = 2> <OutPorts = 1>
ST_2 : Operation 41 [2/2] (3.34ns)   --->   "%mul_ln1118_143 = mul i24 %sext_ln1118_106, -93" [firmware/nnet_utils/nnet_mult.h:73->firmware/nnet_utils/nnet_dense_latency.h:42]   --->   Operation 41 'mul' 'mul_ln1118_143' <Predicate = true> <Delay = 3.34> <Core = "MulnS">   --->   Core 17 'MulnS' <Latency = 1> <II = 1> <Delay = 3.34> <FuncUnit> <Opcode : 'mul'> <InPorts = 2> <OutPorts = 1>
ST_2 : Operation 42 [2/2] (3.34ns)   --->   "%mul_ln1118_144 = mul i24 %sext_ln1118_106, 81" [firmware/nnet_utils/nnet_mult.h:73->firmware/nnet_utils/nnet_dense_latency.h:42]   --->   Operation 42 'mul' 'mul_ln1118_144' <Predicate = true> <Delay = 3.34> <Core = "MulnS">   --->   Core 17 'MulnS' <Latency = 1> <II = 1> <Delay = 3.34> <FuncUnit> <Opcode : 'mul'> <InPorts = 2> <OutPorts = 1>
ST_2 : Operation 43 [2/2] (3.34ns)   --->   "%mul_ln1118_145 = mul i22 %sext_ln1118_105, -25" [firmware/nnet_utils/nnet_mult.h:73->firmware/nnet_utils/nnet_dense_latency.h:42]   --->   Operation 43 'mul' 'mul_ln1118_145' <Predicate = true> <Delay = 3.34> <Core = "MulnS">   --->   Core 17 'MulnS' <Latency = 1> <II = 1> <Delay = 3.34> <FuncUnit> <Opcode : 'mul'> <InPorts = 2> <OutPorts = 1>
ST_2 : Operation 44 [2/2] (3.34ns)   --->   "%mul_ln1118_146 = mul i23 %sext_ln1118_104, 49" [firmware/nnet_utils/nnet_mult.h:73->firmware/nnet_utils/nnet_dense_latency.h:42]   --->   Operation 44 'mul' 'mul_ln1118_146' <Predicate = true> <Delay = 3.34> <Core = "MulnS">   --->   Core 17 'MulnS' <Latency = 1> <II = 1> <Delay = 3.34> <FuncUnit> <Opcode : 'mul'> <InPorts = 2> <OutPorts = 1>
ST_2 : Operation 45 [2/2] (3.34ns)   --->   "%mul_ln1118_147 = mul i26 %sext_ln1118_107, 609" [firmware/nnet_utils/nnet_mult.h:73->firmware/nnet_utils/nnet_dense_latency.h:42]   --->   Operation 45 'mul' 'mul_ln1118_147' <Predicate = true> <Delay = 3.34> <Core = "MulnS">   --->   Core 17 'MulnS' <Latency = 1> <II = 1> <Delay = 3.34> <FuncUnit> <Opcode : 'mul'> <InPorts = 2> <OutPorts = 1>
ST_2 : Operation 46 [2/2] (3.34ns)   --->   "%mul_ln1118_148 = mul i26 %sext_ln1118_107, -517" [firmware/nnet_utils/nnet_mult.h:73->firmware/nnet_utils/nnet_dense_latency.h:42]   --->   Operation 46 'mul' 'mul_ln1118_148' <Predicate = true> <Delay = 3.34> <Core = "MulnS">   --->   Core 17 'MulnS' <Latency = 1> <II = 1> <Delay = 3.34> <FuncUnit> <Opcode : 'mul'> <InPorts = 2> <OutPorts = 1>

State 3 <SV = 2> <Delay = 3.34>
ST_3 : Operation 47 [1/1] (0.00ns)   --->   "%data_1_V_read_5 = call i16 @_ssdm_op_Read.ap_auto.i16(i16 %data_1_V_read)" [firmware/nnet_utils/nnet_dense_latency.h:13]   --->   Operation 47 'read' 'data_1_V_read_5' <Predicate = true> <Delay = 0.00>
ST_3 : Operation 48 [1/1] (0.00ns)   --->   "%data_0_V_read_5 = call i16 @_ssdm_op_Read.ap_auto.i16(i16 %data_0_V_read)" [firmware/nnet_utils/nnet_dense_latency.h:13]   --->   Operation 48 'read' 'data_0_V_read_5' <Predicate = true> <Delay = 0.00>
ST_3 : Operation 49 [1/1] (0.00ns)   --->   "%sext_ln1118 = sext i16 %data_0_V_read_5 to i25" [firmware/nnet_utils/nnet_mult.h:73->firmware/nnet_utils/nnet_dense_latency.h:42]   --->   Operation 49 'sext' 'sext_ln1118' <Predicate = true> <Delay = 0.00>
ST_3 : Operation 50 [1/1] (0.00ns)   --->   "%sext_ln1118_93 = sext i16 %data_0_V_read_5 to i26" [firmware/nnet_utils/nnet_mult.h:73->firmware/nnet_utils/nnet_dense_latency.h:42]   --->   Operation 50 'sext' 'sext_ln1118_93' <Predicate = true> <Delay = 0.00>
ST_3 : Operation 51 [2/2] (3.34ns)   --->   "%mul_ln1118 = mul i26 %sext_ln1118_93, 488" [firmware/nnet_utils/nnet_mult.h:73->firmware/nnet_utils/nnet_dense_latency.h:42]   --->   Operation 51 'mul' 'mul_ln1118' <Predicate = true> <Delay = 3.34> <Core = "MulnS">   --->   Core 17 'MulnS' <Latency = 1> <II = 1> <Delay = 3.34> <FuncUnit> <Opcode : 'mul'> <InPorts = 2> <OutPorts = 1>
ST_3 : Operation 52 [2/2] (3.34ns)   --->   "%mul_ln1118_121 = mul i25 %sext_ln1118, 222" [firmware/nnet_utils/nnet_mult.h:73->firmware/nnet_utils/nnet_dense_latency.h:42]   --->   Operation 52 'mul' 'mul_ln1118_121' <Predicate = true> <Delay = 3.34> <Core = "MulnS">   --->   Core 17 'MulnS' <Latency = 1> <II = 1> <Delay = 3.34> <FuncUnit> <Opcode : 'mul'> <InPorts = 2> <OutPorts = 1>
ST_3 : Operation 53 [1/1] (0.00ns)   --->   "%shl_ln = call i22 @_ssdm_op_BitConcatenate.i22.i16.i6(i16 %data_0_V_read_5, i6 0)" [firmware/nnet_utils/nnet_mult.h:73->firmware/nnet_utils/nnet_dense_latency.h:42]   --->   Operation 53 'bitconcatenate' 'shl_ln' <Predicate = true> <Delay = 0.00>
ST_3 : Operation 54 [1/1] (0.00ns)   --->   "%sext_ln1118_94 = sext i22 %shl_ln to i23" [firmware/nnet_utils/nnet_mult.h:73->firmware/nnet_utils/nnet_dense_latency.h:42]   --->   Operation 54 'sext' 'sext_ln1118_94' <Predicate = true> <Delay = 0.00>
ST_3 : Operation 55 [1/1] (0.00ns)   --->   "%shl_ln1118_s = call i20 @_ssdm_op_BitConcatenate.i20.i16.i4(i16 %data_0_V_read_5, i4 0)" [firmware/nnet_utils/nnet_mult.h:73->firmware/nnet_utils/nnet_dense_latency.h:42]   --->   Operation 55 'bitconcatenate' 'shl_ln1118_s' <Predicate = true> <Delay = 0.00>
ST_3 : Operation 56 [1/1] (0.00ns)   --->   "%sext_ln1118_95 = sext i20 %shl_ln1118_s to i23" [firmware/nnet_utils/nnet_mult.h:73->firmware/nnet_utils/nnet_dense_latency.h:42]   --->   Operation 56 'sext' 'sext_ln1118_95' <Predicate = true> <Delay = 0.00>
ST_3 : Operation 57 [1/1] (2.25ns)   --->   "%sub_ln1118 = sub i23 %sext_ln1118_95, %sext_ln1118_94" [firmware/nnet_utils/nnet_mult.h:73->firmware/nnet_utils/nnet_dense_latency.h:42]   --->   Operation 57 'sub' 'sub_ln1118' <Predicate = true> <Delay = 2.25> <Core = "AddSub">   --->   Core 14 'AddSub' <Latency = 0> <II = 1> <Delay = 2.07> <FuncUnit> <Opcode : 'add' 'sub'> <InPorts = 2> <OutPorts = 1>
ST_3 : Operation 58 [1/1] (0.00ns)   --->   "%trunc_ln708_118 = call i13 @_ssdm_op_PartSelect.i13.i23.i32.i32(i23 %sub_ln1118, i32 10, i32 22)" [firmware/nnet_utils/nnet_dense_latency.h:42]   --->   Operation 58 'partselect' 'trunc_ln708_118' <Predicate = true> <Delay = 0.00>
ST_3 : Operation 59 [2/2] (3.34ns)   --->   "%mul_ln1118_122 = mul i26 %sext_ln1118_93, -311" [firmware/nnet_utils/nnet_mult.h:73->firmware/nnet_utils/nnet_dense_latency.h:42]   --->   Operation 59 'mul' 'mul_ln1118_122' <Predicate = true> <Delay = 3.34> <Core = "MulnS">   --->   Core 17 'MulnS' <Latency = 1> <II = 1> <Delay = 3.34> <FuncUnit> <Opcode : 'mul'> <InPorts = 2> <OutPorts = 1>
ST_3 : Operation 60 [2/2] (3.34ns)   --->   "%mul_ln1118_123 = mul i26 %sext_ln1118_93, 792" [firmware/nnet_utils/nnet_mult.h:73->firmware/nnet_utils/nnet_dense_latency.h:42]   --->   Operation 60 'mul' 'mul_ln1118_123' <Predicate = true> <Delay = 3.34> <Core = "MulnS">   --->   Core 17 'MulnS' <Latency = 1> <II = 1> <Delay = 3.34> <FuncUnit> <Opcode : 'mul'> <InPorts = 2> <OutPorts = 1>
ST_3 : Operation 61 [2/2] (3.34ns)   --->   "%mul_ln1118_124 = mul i26 %sext_ln1118_93, -334" [firmware/nnet_utils/nnet_mult.h:73->firmware/nnet_utils/nnet_dense_latency.h:42]   --->   Operation 61 'mul' 'mul_ln1118_124' <Predicate = true> <Delay = 3.34> <Core = "MulnS">   --->   Core 17 'MulnS' <Latency = 1> <II = 1> <Delay = 3.34> <FuncUnit> <Opcode : 'mul'> <InPorts = 2> <OutPorts = 1>
ST_3 : Operation 62 [2/2] (3.34ns)   --->   "%mul_ln1118_125 = mul i26 %sext_ln1118_93, -287" [firmware/nnet_utils/nnet_mult.h:73->firmware/nnet_utils/nnet_dense_latency.h:42]   --->   Operation 62 'mul' 'mul_ln1118_125' <Predicate = true> <Delay = 3.34> <Core = "MulnS">   --->   Core 17 'MulnS' <Latency = 1> <II = 1> <Delay = 3.34> <FuncUnit> <Opcode : 'mul'> <InPorts = 2> <OutPorts = 1>
ST_3 : Operation 63 [2/2] (3.34ns)   --->   "%mul_ln1118_126 = mul i26 %sext_ln1118_93, -607" [firmware/nnet_utils/nnet_mult.h:73->firmware/nnet_utils/nnet_dense_latency.h:42]   --->   Operation 63 'mul' 'mul_ln1118_126' <Predicate = true> <Delay = 3.34> <Core = "MulnS">   --->   Core 17 'MulnS' <Latency = 1> <II = 1> <Delay = 3.34> <FuncUnit> <Opcode : 'mul'> <InPorts = 2> <OutPorts = 1>
ST_3 : Operation 64 [1/1] (0.00ns)   --->   "%sext_ln1118_98 = sext i16 %data_1_V_read_5 to i24" [firmware/nnet_utils/nnet_mult.h:73->firmware/nnet_utils/nnet_dense_latency.h:42]   --->   Operation 64 'sext' 'sext_ln1118_98' <Predicate = true> <Delay = 0.00>
ST_3 : Operation 65 [2/2] (3.34ns)   --->   "%mul_ln1118_127 = mul i24 %sext_ln1118_98, -85" [firmware/nnet_utils/nnet_mult.h:73->firmware/nnet_utils/nnet_dense_latency.h:42]   --->   Operation 65 'mul' 'mul_ln1118_127' <Predicate = true> <Delay = 3.34> <Core = "MulnS">   --->   Core 17 'MulnS' <Latency = 1> <II = 1> <Delay = 3.34> <FuncUnit> <Opcode : 'mul'> <InPorts = 2> <OutPorts = 1>
ST_3 : Operation 66 [1/2] (3.34ns)   --->   "%mul_ln1118_141 = mul i26 %sext_ln1118_107, -447" [firmware/nnet_utils/nnet_mult.h:73->firmware/nnet_utils/nnet_dense_latency.h:42]   --->   Operation 66 'mul' 'mul_ln1118_141' <Predicate = true> <Delay = 3.34> <Core = "MulnS">   --->   Core 17 'MulnS' <Latency = 1> <II = 1> <Delay = 3.34> <FuncUnit> <Opcode : 'mul'> <InPorts = 2> <OutPorts = 1>
ST_3 : Operation 67 [1/1] (0.00ns)   --->   "%trunc_ln708_140 = call i16 @_ssdm_op_PartSelect.i16.i26.i32.i32(i26 %mul_ln1118_141, i32 10, i32 25)" [firmware/nnet_utils/nnet_dense_latency.h:42]   --->   Operation 67 'partselect' 'trunc_ln708_140' <Predicate = true> <Delay = 0.00>
ST_3 : Operation 68 [1/2] (3.34ns)   --->   "%mul_ln1118_142 = mul i26 %sext_ln1118_107, 1086" [firmware/nnet_utils/nnet_mult.h:73->firmware/nnet_utils/nnet_dense_latency.h:42]   --->   Operation 68 'mul' 'mul_ln1118_142' <Predicate = true> <Delay = 3.34> <Core = "MulnS">   --->   Core 17 'MulnS' <Latency = 1> <II = 1> <Delay = 3.34> <FuncUnit> <Opcode : 'mul'> <InPorts = 2> <OutPorts = 1>
ST_3 : Operation 69 [1/1] (0.00ns)   --->   "%trunc_ln708_141 = call i16 @_ssdm_op_PartSelect.i16.i26.i32.i32(i26 %mul_ln1118_142, i32 10, i32 25)" [firmware/nnet_utils/nnet_dense_latency.h:42]   --->   Operation 69 'partselect' 'trunc_ln708_141' <Predicate = true> <Delay = 0.00>
ST_3 : Operation 70 [1/2] (3.34ns)   --->   "%mul_ln1118_143 = mul i24 %sext_ln1118_106, -93" [firmware/nnet_utils/nnet_mult.h:73->firmware/nnet_utils/nnet_dense_latency.h:42]   --->   Operation 70 'mul' 'mul_ln1118_143' <Predicate = true> <Delay = 3.34> <Core = "MulnS">   --->   Core 17 'MulnS' <Latency = 1> <II = 1> <Delay = 3.34> <FuncUnit> <Opcode : 'mul'> <InPorts = 2> <OutPorts = 1>
ST_3 : Operation 71 [1/1] (0.00ns)   --->   "%tmp = call i14 @_ssdm_op_PartSelect.i14.i24.i32.i32(i24 %mul_ln1118_143, i32 10, i32 23)" [firmware/nnet_utils/nnet_mult.h:73->firmware/nnet_utils/nnet_dense_latency.h:42]   --->   Operation 71 'partselect' 'tmp' <Predicate = true> <Delay = 0.00>
ST_3 : Operation 72 [1/2] (3.34ns)   --->   "%mul_ln1118_144 = mul i24 %sext_ln1118_106, 81" [firmware/nnet_utils/nnet_mult.h:73->firmware/nnet_utils/nnet_dense_latency.h:42]   --->   Operation 72 'mul' 'mul_ln1118_144' <Predicate = true> <Delay = 3.34> <Core = "MulnS">   --->   Core 17 'MulnS' <Latency = 1> <II = 1> <Delay = 3.34> <FuncUnit> <Opcode : 'mul'> <InPorts = 2> <OutPorts = 1>
ST_3 : Operation 73 [1/1] (0.00ns)   --->   "%tmp_34 = call i14 @_ssdm_op_PartSelect.i14.i24.i32.i32(i24 %mul_ln1118_144, i32 10, i32 23)" [firmware/nnet_utils/nnet_mult.h:73->firmware/nnet_utils/nnet_dense_latency.h:42]   --->   Operation 73 'partselect' 'tmp_34' <Predicate = true> <Delay = 0.00>
ST_3 : Operation 74 [1/2] (3.34ns)   --->   "%mul_ln1118_145 = mul i22 %sext_ln1118_105, -25" [firmware/nnet_utils/nnet_mult.h:73->firmware/nnet_utils/nnet_dense_latency.h:42]   --->   Operation 74 'mul' 'mul_ln1118_145' <Predicate = true> <Delay = 3.34> <Core = "MulnS">   --->   Core 17 'MulnS' <Latency = 1> <II = 1> <Delay = 3.34> <FuncUnit> <Opcode : 'mul'> <InPorts = 2> <OutPorts = 1>
ST_3 : Operation 75 [1/1] (0.00ns)   --->   "%tmp_35 = call i12 @_ssdm_op_PartSelect.i12.i22.i32.i32(i22 %mul_ln1118_145, i32 10, i32 21)" [firmware/nnet_utils/nnet_mult.h:73->firmware/nnet_utils/nnet_dense_latency.h:42]   --->   Operation 75 'partselect' 'tmp_35' <Predicate = true> <Delay = 0.00>
ST_3 : Operation 76 [1/2] (3.34ns)   --->   "%mul_ln1118_146 = mul i23 %sext_ln1118_104, 49" [firmware/nnet_utils/nnet_mult.h:73->firmware/nnet_utils/nnet_dense_latency.h:42]   --->   Operation 76 'mul' 'mul_ln1118_146' <Predicate = true> <Delay = 3.34> <Core = "MulnS">   --->   Core 17 'MulnS' <Latency = 1> <II = 1> <Delay = 3.34> <FuncUnit> <Opcode : 'mul'> <InPorts = 2> <OutPorts = 1>
ST_3 : Operation 77 [1/1] (0.00ns)   --->   "%tmp_36 = call i13 @_ssdm_op_PartSelect.i13.i23.i32.i32(i23 %mul_ln1118_146, i32 10, i32 22)" [firmware/nnet_utils/nnet_mult.h:73->firmware/nnet_utils/nnet_dense_latency.h:42]   --->   Operation 77 'partselect' 'tmp_36' <Predicate = true> <Delay = 0.00>
ST_3 : Operation 78 [1/2] (3.34ns)   --->   "%mul_ln1118_147 = mul i26 %sext_ln1118_107, 609" [firmware/nnet_utils/nnet_mult.h:73->firmware/nnet_utils/nnet_dense_latency.h:42]   --->   Operation 78 'mul' 'mul_ln1118_147' <Predicate = true> <Delay = 3.34> <Core = "MulnS">   --->   Core 17 'MulnS' <Latency = 1> <II = 1> <Delay = 3.34> <FuncUnit> <Opcode : 'mul'> <InPorts = 2> <OutPorts = 1>
ST_3 : Operation 79 [1/1] (0.00ns)   --->   "%trunc_ln708_142 = call i16 @_ssdm_op_PartSelect.i16.i26.i32.i32(i26 %mul_ln1118_147, i32 10, i32 25)" [firmware/nnet_utils/nnet_dense_latency.h:42]   --->   Operation 79 'partselect' 'trunc_ln708_142' <Predicate = true> <Delay = 0.00>
ST_3 : Operation 80 [1/2] (3.34ns)   --->   "%mul_ln1118_148 = mul i26 %sext_ln1118_107, -517" [firmware/nnet_utils/nnet_mult.h:73->firmware/nnet_utils/nnet_dense_latency.h:42]   --->   Operation 80 'mul' 'mul_ln1118_148' <Predicate = true> <Delay = 3.34> <Core = "MulnS">   --->   Core 17 'MulnS' <Latency = 1> <II = 1> <Delay = 3.34> <FuncUnit> <Opcode : 'mul'> <InPorts = 2> <OutPorts = 1>
ST_3 : Operation 81 [1/1] (0.00ns)   --->   "%trunc_ln708_143 = call i16 @_ssdm_op_PartSelect.i16.i26.i32.i32(i26 %mul_ln1118_148, i32 10, i32 25)" [firmware/nnet_utils/nnet_dense_latency.h:42]   --->   Operation 81 'partselect' 'trunc_ln708_143' <Predicate = true> <Delay = 0.00>

State 4 <SV = 3> <Delay = 4.16>
ST_4 : Operation 82 [1/2] (3.34ns)   --->   "%mul_ln1118 = mul i26 %sext_ln1118_93, 488" [firmware/nnet_utils/nnet_mult.h:73->firmware/nnet_utils/nnet_dense_latency.h:42]   --->   Operation 82 'mul' 'mul_ln1118' <Predicate = true> <Delay = 3.34> <Core = "MulnS">   --->   Core 17 'MulnS' <Latency = 1> <II = 1> <Delay = 3.34> <FuncUnit> <Opcode : 'mul'> <InPorts = 2> <OutPorts = 1>
ST_4 : Operation 83 [1/1] (0.00ns)   --->   "%trunc_ln = call i16 @_ssdm_op_PartSelect.i16.i26.i32.i32(i26 %mul_ln1118, i32 10, i32 25)" [firmware/nnet_utils/nnet_dense_latency.h:42]   --->   Operation 83 'partselect' 'trunc_ln' <Predicate = true> <Delay = 0.00>
ST_4 : Operation 84 [1/2] (3.34ns)   --->   "%mul_ln1118_121 = mul i25 %sext_ln1118, 222" [firmware/nnet_utils/nnet_mult.h:73->firmware/nnet_utils/nnet_dense_latency.h:42]   --->   Operation 84 'mul' 'mul_ln1118_121' <Predicate = true> <Delay = 3.34> <Core = "MulnS">   --->   Core 17 'MulnS' <Latency = 1> <II = 1> <Delay = 3.34> <FuncUnit> <Opcode : 'mul'> <InPorts = 2> <OutPorts = 1>
ST_4 : Operation 85 [1/1] (0.00ns)   --->   "%trunc_ln708_s = call i15 @_ssdm_op_PartSelect.i15.i25.i32.i32(i25 %mul_ln1118_121, i32 10, i32 24)" [firmware/nnet_utils/nnet_dense_latency.h:42]   --->   Operation 85 'partselect' 'trunc_ln708_s' <Predicate = true> <Delay = 0.00>
ST_4 : Operation 86 [1/2] (3.34ns)   --->   "%mul_ln1118_122 = mul i26 %sext_ln1118_93, -311" [firmware/nnet_utils/nnet_mult.h:73->firmware/nnet_utils/nnet_dense_latency.h:42]   --->   Operation 86 'mul' 'mul_ln1118_122' <Predicate = true> <Delay = 3.34> <Core = "MulnS">   --->   Core 17 'MulnS' <Latency = 1> <II = 1> <Delay = 3.34> <FuncUnit> <Opcode : 'mul'> <InPorts = 2> <OutPorts = 1>
ST_4 : Operation 87 [1/1] (0.00ns)   --->   "%trunc_ln708_119 = call i16 @_ssdm_op_PartSelect.i16.i26.i32.i32(i26 %mul_ln1118_122, i32 10, i32 25)" [firmware/nnet_utils/nnet_dense_latency.h:42]   --->   Operation 87 'partselect' 'trunc_ln708_119' <Predicate = true> <Delay = 0.00>
ST_4 : Operation 88 [1/2] (3.34ns)   --->   "%mul_ln1118_123 = mul i26 %sext_ln1118_93, 792" [firmware/nnet_utils/nnet_mult.h:73->firmware/nnet_utils/nnet_dense_latency.h:42]   --->   Operation 88 'mul' 'mul_ln1118_123' <Predicate = true> <Delay = 3.34> <Core = "MulnS">   --->   Core 17 'MulnS' <Latency = 1> <II = 1> <Delay = 3.34> <FuncUnit> <Opcode : 'mul'> <InPorts = 2> <OutPorts = 1>
ST_4 : Operation 89 [1/1] (0.00ns)   --->   "%trunc_ln708_120 = call i16 @_ssdm_op_PartSelect.i16.i26.i32.i32(i26 %mul_ln1118_123, i32 10, i32 25)" [firmware/nnet_utils/nnet_dense_latency.h:42]   --->   Operation 89 'partselect' 'trunc_ln708_120' <Predicate = true> <Delay = 0.00>
ST_4 : Operation 90 [1/2] (3.34ns)   --->   "%mul_ln1118_124 = mul i26 %sext_ln1118_93, -334" [firmware/nnet_utils/nnet_mult.h:73->firmware/nnet_utils/nnet_dense_latency.h:42]   --->   Operation 90 'mul' 'mul_ln1118_124' <Predicate = true> <Delay = 3.34> <Core = "MulnS">   --->   Core 17 'MulnS' <Latency = 1> <II = 1> <Delay = 3.34> <FuncUnit> <Opcode : 'mul'> <InPorts = 2> <OutPorts = 1>
ST_4 : Operation 91 [1/1] (0.00ns)   --->   "%trunc_ln708_121 = call i16 @_ssdm_op_PartSelect.i16.i26.i32.i32(i26 %mul_ln1118_124, i32 10, i32 25)" [firmware/nnet_utils/nnet_dense_latency.h:42]   --->   Operation 91 'partselect' 'trunc_ln708_121' <Predicate = true> <Delay = 0.00>
ST_4 : Operation 92 [1/2] (3.34ns)   --->   "%mul_ln1118_125 = mul i26 %sext_ln1118_93, -287" [firmware/nnet_utils/nnet_mult.h:73->firmware/nnet_utils/nnet_dense_latency.h:42]   --->   Operation 92 'mul' 'mul_ln1118_125' <Predicate = true> <Delay = 3.34> <Core = "MulnS">   --->   Core 17 'MulnS' <Latency = 1> <II = 1> <Delay = 3.34> <FuncUnit> <Opcode : 'mul'> <InPorts = 2> <OutPorts = 1>
ST_4 : Operation 93 [1/1] (0.00ns)   --->   "%trunc_ln708_122 = call i16 @_ssdm_op_PartSelect.i16.i26.i32.i32(i26 %mul_ln1118_125, i32 10, i32 25)" [firmware/nnet_utils/nnet_dense_latency.h:42]   --->   Operation 93 'partselect' 'trunc_ln708_122' <Predicate = true> <Delay = 0.00>
ST_4 : Operation 94 [1/2] (3.34ns)   --->   "%mul_ln1118_126 = mul i26 %sext_ln1118_93, -607" [firmware/nnet_utils/nnet_mult.h:73->firmware/nnet_utils/nnet_dense_latency.h:42]   --->   Operation 94 'mul' 'mul_ln1118_126' <Predicate = true> <Delay = 3.34> <Core = "MulnS">   --->   Core 17 'MulnS' <Latency = 1> <II = 1> <Delay = 3.34> <FuncUnit> <Opcode : 'mul'> <InPorts = 2> <OutPorts = 1>
ST_4 : Operation 95 [1/1] (0.00ns)   --->   "%trunc_ln708_123 = call i16 @_ssdm_op_PartSelect.i16.i26.i32.i32(i26 %mul_ln1118_126, i32 10, i32 25)" [firmware/nnet_utils/nnet_dense_latency.h:42]   --->   Operation 95 'partselect' 'trunc_ln708_123' <Predicate = true> <Delay = 0.00>
ST_4 : Operation 96 [1/1] (0.00ns)   --->   "%sext_ln1118_96 = sext i16 %data_1_V_read_5 to i22" [firmware/nnet_utils/nnet_mult.h:73->firmware/nnet_utils/nnet_dense_latency.h:42]   --->   Operation 96 'sext' 'sext_ln1118_96' <Predicate = true> <Delay = 0.00>
ST_4 : Operation 97 [1/1] (0.00ns)   --->   "%sext_ln1118_97 = sext i16 %data_1_V_read_5 to i26" [firmware/nnet_utils/nnet_mult.h:73->firmware/nnet_utils/nnet_dense_latency.h:42]   --->   Operation 97 'sext' 'sext_ln1118_97' <Predicate = true> <Delay = 0.00>
ST_4 : Operation 98 [1/2] (3.34ns)   --->   "%mul_ln1118_127 = mul i24 %sext_ln1118_98, -85" [firmware/nnet_utils/nnet_mult.h:73->firmware/nnet_utils/nnet_dense_latency.h:42]   --->   Operation 98 'mul' 'mul_ln1118_127' <Predicate = true> <Delay = 3.34> <Core = "MulnS">   --->   Core 17 'MulnS' <Latency = 1> <II = 1> <Delay = 3.34> <FuncUnit> <Opcode : 'mul'> <InPorts = 2> <OutPorts = 1>
ST_4 : Operation 99 [1/1] (0.00ns)   --->   "%trunc_ln708_124 = call i14 @_ssdm_op_PartSelect.i14.i24.i32.i32(i24 %mul_ln1118_127, i32 10, i32 23)" [firmware/nnet_utils/nnet_dense_latency.h:42]   --->   Operation 99 'partselect' 'trunc_ln708_124' <Predicate = true> <Delay = 0.00>
ST_4 : Operation 100 [2/2] (3.34ns)   --->   "%mul_ln1118_128 = mul i22 %sext_ln1118_96, 29" [firmware/nnet_utils/nnet_mult.h:73->firmware/nnet_utils/nnet_dense_latency.h:42]   --->   Operation 100 'mul' 'mul_ln1118_128' <Predicate = true> <Delay = 3.34> <Core = "MulnS">   --->   Core 17 'MulnS' <Latency = 1> <II = 1> <Delay = 3.34> <FuncUnit> <Opcode : 'mul'> <InPorts = 2> <OutPorts = 1>
ST_4 : Operation 101 [1/1] (0.00ns)   --->   "%shl_ln1118_29 = call i26 @_ssdm_op_BitConcatenate.i26.i16.i10(i16 %data_1_V_read_5, i10 0)" [firmware/nnet_utils/nnet_mult.h:73->firmware/nnet_utils/nnet_dense_latency.h:42]   --->   Operation 101 'bitconcatenate' 'shl_ln1118_29' <Predicate = true> <Delay = 0.00>
ST_4 : Operation 102 [1/1] (0.00ns)   --->   "%shl_ln1118_30 = call i20 @_ssdm_op_BitConcatenate.i20.i16.i4(i16 %data_1_V_read_5, i4 0)" [firmware/nnet_utils/nnet_mult.h:73->firmware/nnet_utils/nnet_dense_latency.h:42]   --->   Operation 102 'bitconcatenate' 'shl_ln1118_30' <Predicate = true> <Delay = 0.00>
ST_4 : Operation 103 [1/1] (0.00ns)   --->   "%sext_ln1118_99 = sext i20 %shl_ln1118_30 to i26" [firmware/nnet_utils/nnet_mult.h:73->firmware/nnet_utils/nnet_dense_latency.h:42]   --->   Operation 103 'sext' 'sext_ln1118_99' <Predicate = true> <Delay = 0.00>
ST_4 : Operation 104 [1/1] (2.37ns)   --->   "%sub_ln1118_18 = sub i26 %shl_ln1118_29, %sext_ln1118_99" [firmware/nnet_utils/nnet_mult.h:73->firmware/nnet_utils/nnet_dense_latency.h:42]   --->   Operation 104 'sub' 'sub_ln1118_18' <Predicate = true> <Delay = 2.37> <Core = "AddSub">   --->   Core 14 'AddSub' <Latency = 0> <II = 1> <Delay = 2.07> <FuncUnit> <Opcode : 'add' 'sub'> <InPorts = 2> <OutPorts = 1>
ST_4 : Operation 105 [1/1] (0.00ns)   --->   "%trunc_ln708_126 = call i16 @_ssdm_op_PartSelect.i16.i26.i32.i32(i26 %sub_ln1118_18, i32 10, i32 25)" [firmware/nnet_utils/nnet_dense_latency.h:42]   --->   Operation 105 'partselect' 'trunc_ln708_126' <Predicate = true> <Delay = 0.00>
ST_4 : Operation 106 [2/2] (3.34ns)   --->   "%mul_ln1118_129 = mul i26 %sext_ln1118_97, 280" [firmware/nnet_utils/nnet_mult.h:73->firmware/nnet_utils/nnet_dense_latency.h:42]   --->   Operation 106 'mul' 'mul_ln1118_129' <Predicate = true> <Delay = 3.34> <Core = "MulnS">   --->   Core 17 'MulnS' <Latency = 1> <II = 1> <Delay = 3.34> <FuncUnit> <Opcode : 'mul'> <InPorts = 2> <OutPorts = 1>
ST_4 : Operation 107 [2/2] (3.34ns)   --->   "%mul_ln1118_130 = mul i26 %sext_ln1118_97, 636" [firmware/nnet_utils/nnet_mult.h:73->firmware/nnet_utils/nnet_dense_latency.h:42]   --->   Operation 107 'mul' 'mul_ln1118_130' <Predicate = true> <Delay = 3.34> <Core = "MulnS">   --->   Core 17 'MulnS' <Latency = 1> <II = 1> <Delay = 3.34> <FuncUnit> <Opcode : 'mul'> <InPorts = 2> <OutPorts = 1>
ST_4 : Operation 108 [2/2] (3.34ns)   --->   "%mul_ln1118_131 = mul i26 %sext_ln1118_97, 399" [firmware/nnet_utils/nnet_mult.h:73->firmware/nnet_utils/nnet_dense_latency.h:42]   --->   Operation 108 'mul' 'mul_ln1118_131' <Predicate = true> <Delay = 3.34> <Core = "MulnS">   --->   Core 17 'MulnS' <Latency = 1> <II = 1> <Delay = 3.34> <FuncUnit> <Opcode : 'mul'> <InPorts = 2> <OutPorts = 1>
ST_4 : Operation 109 [2/2] (3.34ns)   --->   "%mul_ln1118_132 = mul i26 %sext_ln1118_97, 303" [firmware/nnet_utils/nnet_mult.h:73->firmware/nnet_utils/nnet_dense_latency.h:42]   --->   Operation 109 'mul' 'mul_ln1118_132' <Predicate = true> <Delay = 3.34> <Core = "MulnS">   --->   Core 17 'MulnS' <Latency = 1> <II = 1> <Delay = 3.34> <FuncUnit> <Opcode : 'mul'> <InPorts = 2> <OutPorts = 1>
ST_4 : Operation 110 [1/1] (0.00ns)   --->   "%shl_ln1118_31 = call i24 @_ssdm_op_BitConcatenate.i24.i16.i8(i16 %data_1_V_read_5, i8 0)" [firmware/nnet_utils/nnet_mult.h:73->firmware/nnet_utils/nnet_dense_latency.h:42]   --->   Operation 110 'bitconcatenate' 'shl_ln1118_31' <Predicate = true> <Delay = 0.00>
ST_4 : Operation 111 [1/1] (0.00ns)   --->   "%sext_ln1118_100 = sext i24 %shl_ln1118_31 to i25" [firmware/nnet_utils/nnet_mult.h:73->firmware/nnet_utils/nnet_dense_latency.h:42]   --->   Operation 111 'sext' 'sext_ln1118_100' <Predicate = true> <Delay = 0.00>
ST_4 : Operation 112 [1/1] (0.00ns) (grouped into TernaryAdder)   --->   "%sub_ln1118_19 = sub i25 0, %sext_ln1118_100" [firmware/nnet_utils/nnet_mult.h:73->firmware/nnet_utils/nnet_dense_latency.h:42]   --->   Operation 112 'sub' 'sub_ln1118_19' <Predicate = true> <Delay = 0.00> <Core = "TAddSub">   --->   Core 83 'TAddSub' <Latency = 0> <II = 1> <Delay = 1.95> <IPBlock> <Opcode : 'add' 'sub'> <InPorts = 3> <OutPorts = 1> <Sync> <CReg>
ST_4 : Operation 113 [1/1] (0.00ns)   --->   "%shl_ln1118_32 = call i21 @_ssdm_op_BitConcatenate.i21.i16.i5(i16 %data_1_V_read_5, i5 0)" [firmware/nnet_utils/nnet_mult.h:73->firmware/nnet_utils/nnet_dense_latency.h:42]   --->   Operation 113 'bitconcatenate' 'shl_ln1118_32' <Predicate = true> <Delay = 0.00>
ST_4 : Operation 114 [1/1] (0.00ns)   --->   "%sext_ln1118_101 = sext i21 %shl_ln1118_32 to i25" [firmware/nnet_utils/nnet_mult.h:73->firmware/nnet_utils/nnet_dense_latency.h:42]   --->   Operation 114 'sext' 'sext_ln1118_101' <Predicate = true> <Delay = 0.00>
ST_4 : Operation 115 [1/1] (4.16ns) (root node of TernaryAdder)   --->   "%sub_ln1118_20 = sub i25 %sub_ln1118_19, %sext_ln1118_101" [firmware/nnet_utils/nnet_mult.h:73->firmware/nnet_utils/nnet_dense_latency.h:42]   --->   Operation 115 'sub' 'sub_ln1118_20' <Predicate = true> <Delay = 4.16> <Core = "TAddSub">   --->   Core 83 'TAddSub' <Latency = 0> <II = 1> <Delay = 1.95> <IPBlock> <Opcode : 'add' 'sub'> <InPorts = 3> <OutPorts = 1> <Sync> <CReg>
ST_4 : Operation 116 [1/1] (0.00ns)   --->   "%trunc_ln708_131 = call i15 @_ssdm_op_PartSelect.i15.i25.i32.i32(i25 %sub_ln1118_20, i32 10, i32 24)" [firmware/nnet_utils/nnet_dense_latency.h:42]   --->   Operation 116 'partselect' 'trunc_ln708_131' <Predicate = true> <Delay = 0.00>
ST_4 : Operation 117 [1/1] (0.00ns)   --->   "%sext_ln708_69 = sext i15 %trunc_ln708_134 to i16" [firmware/nnet_utils/nnet_dense_latency.h:42]   --->   Operation 117 'sext' 'sext_ln708_69' <Predicate = true> <Delay = 0.00>
ST_4 : Operation 118 [1/1] (0.00ns)   --->   "%sext_ln708_70 = sext i15 %trunc_ln708_136 to i16" [firmware/nnet_utils/nnet_dense_latency.h:42]   --->   Operation 118 'sext' 'sext_ln708_70' <Predicate = true> <Delay = 0.00>
ST_4 : Operation 119 [1/1] (0.00ns)   --->   "%sext_ln708_71 = sext i15 %trunc_ln708_139 to i16" [firmware/nnet_utils/nnet_dense_latency.h:42]   --->   Operation 119 'sext' 'sext_ln708_71' <Predicate = true> <Delay = 0.00>
ST_4 : Operation 120 [1/1] (0.00ns)   --->   "%sext_ln1118_108 = sext i14 %tmp to i15" [firmware/nnet_utils/nnet_mult.h:73->firmware/nnet_utils/nnet_dense_latency.h:42]   --->   Operation 120 'sext' 'sext_ln1118_108' <Predicate = true> <Delay = 0.00>
ST_4 : Operation 121 [1/1] (0.00ns)   --->   "%sext_ln1118_109 = sext i14 %tmp_34 to i15" [firmware/nnet_utils/nnet_mult.h:73->firmware/nnet_utils/nnet_dense_latency.h:42]   --->   Operation 121 'sext' 'sext_ln1118_109' <Predicate = true> <Delay = 0.00>
ST_4 : Operation 122 [1/1] (0.00ns)   --->   "%sext_ln1118_110 = sext i12 %tmp_35 to i13" [firmware/nnet_utils/nnet_mult.h:73->firmware/nnet_utils/nnet_dense_latency.h:42]   --->   Operation 122 'sext' 'sext_ln1118_110' <Predicate = true> <Delay = 0.00>
ST_4 : Operation 123 [1/1] (0.00ns)   --->   "%sext_ln1118_111 = sext i13 %tmp_36 to i14" [firmware/nnet_utils/nnet_mult.h:73->firmware/nnet_utils/nnet_dense_latency.h:42]   --->   Operation 123 'sext' 'sext_ln1118_111' <Predicate = true> <Delay = 0.00>
ST_4 : Operation 124 [1/1] (0.00ns) (grouped into TernaryAdder)   --->   "%add_ln703_143 = add i16 %trunc_ln708_140, 425" [firmware/nnet_utils/nnet_dense_latency.h:58]   --->   Operation 124 'add' 'add_ln703_143' <Predicate = true> <Delay = 0.00> <Core = "TAddSub">   --->   Core 83 'TAddSub' <Latency = 0> <II = 1> <Delay = 1.95> <IPBlock> <Opcode : 'add' 'sub'> <InPorts = 3> <OutPorts = 1> <Sync> <CReg>
ST_4 : Operation 125 [1/1] (3.90ns) (root node of TernaryAdder)   --->   "%add_ln703_144 = add i16 %add_ln703_143, %trunc_ln708_132" [firmware/nnet_utils/nnet_dense_latency.h:58]   --->   Operation 125 'add' 'add_ln703_144' <Predicate = true> <Delay = 3.90> <Core = "TAddSub">   --->   Core 83 'TAddSub' <Latency = 0> <II = 1> <Delay = 1.95> <IPBlock> <Opcode : 'add' 'sub'> <InPorts = 3> <OutPorts = 1> <Sync> <CReg>
ST_4 : Operation 126 [1/1] (0.00ns) (grouped into TernaryAdder)   --->   "%add_ln703_147 = add i16 %trunc_ln708_141, 290" [firmware/nnet_utils/nnet_dense_latency.h:58]   --->   Operation 126 'add' 'add_ln703_147' <Predicate = true> <Delay = 0.00> <Core = "TAddSub">   --->   Core 83 'TAddSub' <Latency = 0> <II = 1> <Delay = 1.95> <IPBlock> <Opcode : 'add' 'sub'> <InPorts = 3> <OutPorts = 1> <Sync> <CReg>
ST_4 : Operation 127 [1/1] (3.90ns) (root node of TernaryAdder)   --->   "%add_ln703_148 = add i16 %add_ln703_147, %trunc_ln708_133" [firmware/nnet_utils/nnet_dense_latency.h:58]   --->   Operation 127 'add' 'add_ln703_148' <Predicate = true> <Delay = 3.90> <Core = "TAddSub">   --->   Core 83 'TAddSub' <Latency = 0> <II = 1> <Delay = 1.95> <IPBlock> <Opcode : 'add' 'sub'> <InPorts = 3> <OutPorts = 1> <Sync> <CReg>
ST_4 : Operation 128 [1/1] (1.81ns)   --->   "%add_ln703_151 = add i15 %sext_ln1118_108, 621" [firmware/nnet_utils/nnet_dense_latency.h:58]   --->   Operation 128 'add' 'add_ln703_151' <Predicate = true> <Delay = 1.81> <Core = "AddSub">   --->   Core 14 'AddSub' <Latency = 0> <II = 1> <Delay = 2.07> <FuncUnit> <Opcode : 'add' 'sub'> <InPorts = 2> <OutPorts = 1>
ST_4 : Operation 129 [1/1] (0.00ns)   --->   "%sext_ln703 = sext i15 %add_ln703_151 to i16" [firmware/nnet_utils/nnet_dense_latency.h:58]   --->   Operation 129 'sext' 'sext_ln703' <Predicate = true> <Delay = 0.00>
ST_4 : Operation 130 [1/1] (1.94ns)   --->   "%add_ln703_152 = add i16 %sext_ln703, %sext_ln708_69" [firmware/nnet_utils/nnet_dense_latency.h:58]   --->   Operation 130 'add' 'add_ln703_152' <Predicate = true> <Delay = 1.94> <Core = "AddSub">   --->   Core 14 'AddSub' <Latency = 0> <II = 1> <Delay = 2.07> <FuncUnit> <Opcode : 'add' 'sub'> <InPorts = 2> <OutPorts = 1>
ST_4 : Operation 131 [1/1] (1.81ns)   --->   "%add_ln703_155 = add i15 %sext_ln1118_109, 876" [firmware/nnet_utils/nnet_dense_latency.h:58]   --->   Operation 131 'add' 'add_ln703_155' <Predicate = true> <Delay = 1.81> <Core = "AddSub">   --->   Core 14 'AddSub' <Latency = 0> <II = 1> <Delay = 2.07> <FuncUnit> <Opcode : 'add' 'sub'> <InPorts = 2> <OutPorts = 1>
ST_4 : Operation 132 [1/1] (0.00ns)   --->   "%sext_ln703_12 = sext i15 %add_ln703_155 to i16" [firmware/nnet_utils/nnet_dense_latency.h:58]   --->   Operation 132 'sext' 'sext_ln703_12' <Predicate = true> <Delay = 0.00>
ST_4 : Operation 133 [1/1] (2.07ns)   --->   "%add_ln703_156 = add i16 %sext_ln703_12, %trunc_ln708_135" [firmware/nnet_utils/nnet_dense_latency.h:58]   --->   Operation 133 'add' 'add_ln703_156' <Predicate = true> <Delay = 2.07> <Core = "AddSub">   --->   Core 14 'AddSub' <Latency = 0> <II = 1> <Delay = 2.07> <FuncUnit> <Opcode : 'add' 'sub'> <InPorts = 2> <OutPorts = 1>
ST_4 : Operation 134 [1/1] (1.54ns)   --->   "%add_ln703_159 = add i13 %sext_ln1118_110, -655" [firmware/nnet_utils/nnet_dense_latency.h:58]   --->   Operation 134 'add' 'add_ln703_159' <Predicate = true> <Delay = 1.54> <Core = "AddSub">   --->   Core 14 'AddSub' <Latency = 0> <II = 1> <Delay = 2.07> <FuncUnit> <Opcode : 'add' 'sub'> <InPorts = 2> <OutPorts = 1>
ST_4 : Operation 135 [1/1] (0.00ns)   --->   "%sext_ln703_13 = sext i13 %add_ln703_159 to i16" [firmware/nnet_utils/nnet_dense_latency.h:58]   --->   Operation 135 'sext' 'sext_ln703_13' <Predicate = true> <Delay = 0.00>
ST_4 : Operation 136 [1/1] (1.94ns)   --->   "%add_ln703_160 = add i16 %sext_ln703_13, %sext_ln708_70" [firmware/nnet_utils/nnet_dense_latency.h:58]   --->   Operation 136 'add' 'add_ln703_160' <Predicate = true> <Delay = 1.94> <Core = "AddSub">   --->   Core 14 'AddSub' <Latency = 0> <II = 1> <Delay = 2.07> <FuncUnit> <Opcode : 'add' 'sub'> <InPorts = 2> <OutPorts = 1>
ST_4 : Operation 137 [1/1] (1.67ns)   --->   "%add_ln703_163 = add i14 %sext_ln1118_111, -963" [firmware/nnet_utils/nnet_dense_latency.h:58]   --->   Operation 137 'add' 'add_ln703_163' <Predicate = true> <Delay = 1.67> <Core = "AddSub">   --->   Core 14 'AddSub' <Latency = 0> <II = 1> <Delay = 2.07> <FuncUnit> <Opcode : 'add' 'sub'> <InPorts = 2> <OutPorts = 1>
ST_4 : Operation 138 [1/1] (0.00ns)   --->   "%sext_ln703_14 = sext i14 %add_ln703_163 to i16" [firmware/nnet_utils/nnet_dense_latency.h:58]   --->   Operation 138 'sext' 'sext_ln703_14' <Predicate = true> <Delay = 0.00>
ST_4 : Operation 139 [1/1] (2.07ns)   --->   "%add_ln703_164 = add i16 %sext_ln703_14, %trunc_ln708_137" [firmware/nnet_utils/nnet_dense_latency.h:58]   --->   Operation 139 'add' 'add_ln703_164' <Predicate = true> <Delay = 2.07> <Core = "AddSub">   --->   Core 14 'AddSub' <Latency = 0> <II = 1> <Delay = 2.07> <FuncUnit> <Opcode : 'add' 'sub'> <InPorts = 2> <OutPorts = 1>
ST_4 : Operation 140 [1/1] (0.00ns) (grouped into TernaryAdder)   --->   "%add_ln703_167 = add i16 %trunc_ln708_142, -742" [firmware/nnet_utils/nnet_dense_latency.h:58]   --->   Operation 140 'add' 'add_ln703_167' <Predicate = true> <Delay = 0.00> <Core = "TAddSub">   --->   Core 83 'TAddSub' <Latency = 0> <II = 1> <Delay = 1.95> <IPBlock> <Opcode : 'add' 'sub'> <InPorts = 3> <OutPorts = 1> <Sync> <CReg>
ST_4 : Operation 141 [1/1] (3.90ns) (root node of TernaryAdder)   --->   "%add_ln703_168 = add i16 %add_ln703_167, %trunc_ln708_138" [firmware/nnet_utils/nnet_dense_latency.h:58]   --->   Operation 141 'add' 'add_ln703_168' <Predicate = true> <Delay = 3.90> <Core = "TAddSub">   --->   Core 83 'TAddSub' <Latency = 0> <II = 1> <Delay = 1.95> <IPBlock> <Opcode : 'add' 'sub'> <InPorts = 3> <OutPorts = 1> <Sync> <CReg>
ST_4 : Operation 142 [1/1] (2.07ns)   --->   "%add_ln703_171 = add i16 %sext_ln708_71, %trunc_ln708_143" [firmware/nnet_utils/nnet_dense_latency.h:58]   --->   Operation 142 'add' 'add_ln703_171' <Predicate = true> <Delay = 2.07> <Core = "AddSub">   --->   Core 14 'AddSub' <Latency = 0> <II = 1> <Delay = 2.07> <FuncUnit> <Opcode : 'add' 'sub'> <InPorts = 2> <OutPorts = 1>

State 5 <SV = 4> <Delay = 3.90>
ST_5 : Operation 143 [1/1] (0.00ns)   --->   "%sext_ln708_65 = sext i13 %trunc_ln708_118 to i16" [firmware/nnet_utils/nnet_dense_latency.h:42]   --->   Operation 143 'sext' 'sext_ln708_65' <Predicate = true> <Delay = 0.00>
ST_5 : Operation 144 [1/1] (0.00ns)   --->   "%sext_ln708_66 = sext i14 %trunc_ln708_124 to i16" [firmware/nnet_utils/nnet_dense_latency.h:42]   --->   Operation 144 'sext' 'sext_ln708_66' <Predicate = true> <Delay = 0.00>
ST_5 : Operation 145 [1/2] (3.34ns)   --->   "%mul_ln1118_128 = mul i22 %sext_ln1118_96, 29" [firmware/nnet_utils/nnet_mult.h:73->firmware/nnet_utils/nnet_dense_latency.h:42]   --->   Operation 145 'mul' 'mul_ln1118_128' <Predicate = true> <Delay = 3.34> <Core = "MulnS">   --->   Core 17 'MulnS' <Latency = 1> <II = 1> <Delay = 3.34> <FuncUnit> <Opcode : 'mul'> <InPorts = 2> <OutPorts = 1>
ST_5 : Operation 146 [1/1] (0.00ns)   --->   "%trunc_ln708_125 = call i12 @_ssdm_op_PartSelect.i12.i22.i32.i32(i22 %mul_ln1118_128, i32 10, i32 21)" [firmware/nnet_utils/nnet_dense_latency.h:42]   --->   Operation 146 'partselect' 'trunc_ln708_125' <Predicate = true> <Delay = 0.00>
ST_5 : Operation 147 [1/2] (3.34ns)   --->   "%mul_ln1118_129 = mul i26 %sext_ln1118_97, 280" [firmware/nnet_utils/nnet_mult.h:73->firmware/nnet_utils/nnet_dense_latency.h:42]   --->   Operation 147 'mul' 'mul_ln1118_129' <Predicate = true> <Delay = 3.34> <Core = "MulnS">   --->   Core 17 'MulnS' <Latency = 1> <II = 1> <Delay = 3.34> <FuncUnit> <Opcode : 'mul'> <InPorts = 2> <OutPorts = 1>
ST_5 : Operation 148 [1/1] (0.00ns)   --->   "%trunc_ln708_127 = call i16 @_ssdm_op_PartSelect.i16.i26.i32.i32(i26 %mul_ln1118_129, i32 10, i32 25)" [firmware/nnet_utils/nnet_dense_latency.h:42]   --->   Operation 148 'partselect' 'trunc_ln708_127' <Predicate = true> <Delay = 0.00>
ST_5 : Operation 149 [1/2] (3.34ns)   --->   "%mul_ln1118_130 = mul i26 %sext_ln1118_97, 636" [firmware/nnet_utils/nnet_mult.h:73->firmware/nnet_utils/nnet_dense_latency.h:42]   --->   Operation 149 'mul' 'mul_ln1118_130' <Predicate = true> <Delay = 3.34> <Core = "MulnS">   --->   Core 17 'MulnS' <Latency = 1> <II = 1> <Delay = 3.34> <FuncUnit> <Opcode : 'mul'> <InPorts = 2> <OutPorts = 1>
ST_5 : Operation 150 [1/1] (0.00ns)   --->   "%trunc_ln708_128 = call i16 @_ssdm_op_PartSelect.i16.i26.i32.i32(i26 %mul_ln1118_130, i32 10, i32 25)" [firmware/nnet_utils/nnet_dense_latency.h:42]   --->   Operation 150 'partselect' 'trunc_ln708_128' <Predicate = true> <Delay = 0.00>
ST_5 : Operation 151 [1/2] (3.34ns)   --->   "%mul_ln1118_131 = mul i26 %sext_ln1118_97, 399" [firmware/nnet_utils/nnet_mult.h:73->firmware/nnet_utils/nnet_dense_latency.h:42]   --->   Operation 151 'mul' 'mul_ln1118_131' <Predicate = true> <Delay = 3.34> <Core = "MulnS">   --->   Core 17 'MulnS' <Latency = 1> <II = 1> <Delay = 3.34> <FuncUnit> <Opcode : 'mul'> <InPorts = 2> <OutPorts = 1>
ST_5 : Operation 152 [1/1] (0.00ns)   --->   "%trunc_ln708_129 = call i16 @_ssdm_op_PartSelect.i16.i26.i32.i32(i26 %mul_ln1118_131, i32 10, i32 25)" [firmware/nnet_utils/nnet_dense_latency.h:42]   --->   Operation 152 'partselect' 'trunc_ln708_129' <Predicate = true> <Delay = 0.00>
ST_5 : Operation 153 [1/2] (3.34ns)   --->   "%mul_ln1118_132 = mul i26 %sext_ln1118_97, 303" [firmware/nnet_utils/nnet_mult.h:73->firmware/nnet_utils/nnet_dense_latency.h:42]   --->   Operation 153 'mul' 'mul_ln1118_132' <Predicate = true> <Delay = 3.34> <Core = "MulnS">   --->   Core 17 'MulnS' <Latency = 1> <II = 1> <Delay = 3.34> <FuncUnit> <Opcode : 'mul'> <InPorts = 2> <OutPorts = 1>
ST_5 : Operation 154 [1/1] (0.00ns)   --->   "%trunc_ln708_130 = call i16 @_ssdm_op_PartSelect.i16.i26.i32.i32(i26 %mul_ln1118_132, i32 10, i32 25)" [firmware/nnet_utils/nnet_dense_latency.h:42]   --->   Operation 154 'partselect' 'trunc_ln708_130' <Predicate = true> <Delay = 0.00>
ST_5 : Operation 155 [1/1] (0.00ns)   --->   "%sext_ln708_68 = sext i15 %trunc_ln708_131 to i16" [firmware/nnet_utils/nnet_dense_latency.h:42]   --->   Operation 155 'sext' 'sext_ln708_68' <Predicate = true> <Delay = 0.00>
ST_5 : Operation 156 [1/1] (0.00ns) (grouped into TernaryAdder)   --->   "%add_ln703 = add i16 %trunc_ln, %sext_ln708_66" [firmware/nnet_utils/nnet_dense_latency.h:58]   --->   Operation 156 'add' 'add_ln703' <Predicate = true> <Delay = 0.00> <Core = "TAddSub">   --->   Core 83 'TAddSub' <Latency = 0> <II = 1> <Delay = 1.95> <IPBlock> <Opcode : 'add' 'sub'> <InPorts = 3> <OutPorts = 1> <Sync> <CReg>
ST_5 : Operation 157 [1/1] (3.90ns) (root node of TernaryAdder)   --->   "%p_Val2_s = add i16 %add_ln703_144, %add_ln703" [firmware/nnet_utils/nnet_dense_latency.h:58]   --->   Operation 157 'add' 'p_Val2_s' <Predicate = true> <Delay = 3.90> <Core = "TAddSub">   --->   Core 83 'TAddSub' <Latency = 0> <II = 1> <Delay = 1.95> <IPBlock> <Opcode : 'add' 'sub'> <InPorts = 3> <OutPorts = 1> <Sync> <CReg>
ST_5 : Operation 158 [1/1] (0.00ns) (grouped into TernaryAdder)   --->   "%add_ln703_150 = add i16 %sext_ln708_65, %trunc_ln708_126" [firmware/nnet_utils/nnet_dense_latency.h:58]   --->   Operation 158 'add' 'add_ln703_150' <Predicate = true> <Delay = 0.00> <Core = "TAddSub">   --->   Core 83 'TAddSub' <Latency = 0> <II = 1> <Delay = 1.95> <IPBlock> <Opcode : 'add' 'sub'> <InPorts = 3> <OutPorts = 1> <Sync> <CReg>
ST_5 : Operation 159 [1/1] (3.90ns) (root node of TernaryAdder)   --->   "%acc_2_V = add i16 %add_ln703_152, %add_ln703_150" [firmware/nnet_utils/nnet_dense_latency.h:58]   --->   Operation 159 'add' 'acc_2_V' <Predicate = true> <Delay = 3.90> <Core = "TAddSub">   --->   Core 83 'TAddSub' <Latency = 0> <II = 1> <Delay = 1.95> <IPBlock> <Opcode : 'add' 'sub'> <InPorts = 3> <OutPorts = 1> <Sync> <CReg>
ST_5 : Operation 160 [1/1] (0.00ns) (grouped into TernaryAdder)   --->   "%add_ln703_170 = add i16 %sext_ln708_68, %trunc_ln708_123" [firmware/nnet_utils/nnet_dense_latency.h:58]   --->   Operation 160 'add' 'add_ln703_170' <Predicate = true> <Delay = 0.00> <Core = "TAddSub">   --->   Core 83 'TAddSub' <Latency = 0> <II = 1> <Delay = 1.95> <IPBlock> <Opcode : 'add' 'sub'> <InPorts = 3> <OutPorts = 1> <Sync> <CReg>
ST_5 : Operation 161 [1/1] (3.90ns) (root node of TernaryAdder)   --->   "%acc_7_V = add i16 %add_ln703_171, %add_ln703_170" [firmware/nnet_utils/nnet_dense_latency.h:58]   --->   Operation 161 'add' 'acc_7_V' <Predicate = true> <Delay = 3.90> <Core = "TAddSub">   --->   Core 83 'TAddSub' <Latency = 0> <II = 1> <Delay = 1.95> <IPBlock> <Opcode : 'add' 'sub'> <InPorts = 3> <OutPorts = 1> <Sync> <CReg>

State 6 <SV = 5> <Delay = 3.90>
ST_6 : Operation 162 [1/1] (0.00ns)   --->   "call void (...)* @_ssdm_op_SpecPipeline(i32 4, i32 1, i32 1, i32 0, [1 x i8]* @p_str9) nounwind" [firmware/nnet_utils/nnet_dense_latency.h:26]   --->   Operation 162 'specpipeline' <Predicate = true> <Delay = 0.00>
ST_6 : Operation 163 [1/1] (0.00ns)   --->   "call void (...)* @_ssdm_op_SpecResourceLimit(i32 8, [4 x i8]* @p_str11, [1 x i8]* @p_str9, [1 x i8]* @p_str9, [1 x i8]* @p_str9) nounwind" [firmware/nnet_utils/nnet_dense_latency.h:33]   --->   Operation 163 'specresourcelimit' <Predicate = true> <Delay = 0.00>
ST_6 : Operation 164 [1/1] (0.00ns)   --->   "%sext_ln708 = sext i15 %trunc_ln708_s to i16" [firmware/nnet_utils/nnet_dense_latency.h:42]   --->   Operation 164 'sext' 'sext_ln708' <Predicate = true> <Delay = 0.00>
ST_6 : Operation 165 [1/1] (0.00ns)   --->   "%sext_ln708_67 = sext i12 %trunc_ln708_125 to i16" [firmware/nnet_utils/nnet_dense_latency.h:42]   --->   Operation 165 'sext' 'sext_ln708_67' <Predicate = true> <Delay = 0.00>
ST_6 : Operation 166 [1/1] (0.00ns) (grouped into TernaryAdder)   --->   "%add_ln703_146 = add i16 %sext_ln708, %sext_ln708_67" [firmware/nnet_utils/nnet_dense_latency.h:58]   --->   Operation 166 'add' 'add_ln703_146' <Predicate = true> <Delay = 0.00> <Core = "TAddSub">   --->   Core 83 'TAddSub' <Latency = 0> <II = 1> <Delay = 1.95> <IPBlock> <Opcode : 'add' 'sub'> <InPorts = 3> <OutPorts = 1> <Sync> <CReg>
ST_6 : Operation 167 [1/1] (3.90ns) (root node of TernaryAdder)   --->   "%acc_1_V = add i16 %add_ln703_148, %add_ln703_146" [firmware/nnet_utils/nnet_dense_latency.h:58]   --->   Operation 167 'add' 'acc_1_V' <Predicate = true> <Delay = 3.90> <Core = "TAddSub">   --->   Core 83 'TAddSub' <Latency = 0> <II = 1> <Delay = 1.95> <IPBlock> <Opcode : 'add' 'sub'> <InPorts = 3> <OutPorts = 1> <Sync> <CReg>
ST_6 : Operation 168 [1/1] (0.00ns) (grouped into TernaryAdder)   --->   "%add_ln703_154 = add i16 %trunc_ln708_119, %trunc_ln708_127" [firmware/nnet_utils/nnet_dense_latency.h:58]   --->   Operation 168 'add' 'add_ln703_154' <Predicate = true> <Delay = 0.00> <Core = "TAddSub">   --->   Core 83 'TAddSub' <Latency = 0> <II = 1> <Delay = 1.95> <IPBlock> <Opcode : 'add' 'sub'> <InPorts = 3> <OutPorts = 1> <Sync> <CReg>
ST_6 : Operation 169 [1/1] (3.90ns) (root node of TernaryAdder)   --->   "%acc_3_V = add i16 %add_ln703_156, %add_ln703_154" [firmware/nnet_utils/nnet_dense_latency.h:58]   --->   Operation 169 'add' 'acc_3_V' <Predicate = true> <Delay = 3.90> <Core = "TAddSub">   --->   Core 83 'TAddSub' <Latency = 0> <II = 1> <Delay = 1.95> <IPBlock> <Opcode : 'add' 'sub'> <InPorts = 3> <OutPorts = 1> <Sync> <CReg>
ST_6 : Operation 170 [1/1] (0.00ns) (grouped into TernaryAdder)   --->   "%add_ln703_158 = add i16 %trunc_ln708_120, %trunc_ln708_128" [firmware/nnet_utils/nnet_dense_latency.h:58]   --->   Operation 170 'add' 'add_ln703_158' <Predicate = true> <Delay = 0.00> <Core = "TAddSub">   --->   Core 83 'TAddSub' <Latency = 0> <II = 1> <Delay = 1.95> <IPBlock> <Opcode : 'add' 'sub'> <InPorts = 3> <OutPorts = 1> <Sync> <CReg>
ST_6 : Operation 171 [1/1] (3.90ns) (root node of TernaryAdder)   --->   "%acc_4_V = add i16 %add_ln703_160, %add_ln703_158" [firmware/nnet_utils/nnet_dense_latency.h:58]   --->   Operation 171 'add' 'acc_4_V' <Predicate = true> <Delay = 3.90> <Core = "TAddSub">   --->   Core 83 'TAddSub' <Latency = 0> <II = 1> <Delay = 1.95> <IPBlock> <Opcode : 'add' 'sub'> <InPorts = 3> <OutPorts = 1> <Sync> <CReg>
ST_6 : Operation 172 [1/1] (0.00ns) (grouped into TernaryAdder)   --->   "%add_ln703_162 = add i16 %trunc_ln708_121, %trunc_ln708_129" [firmware/nnet_utils/nnet_dense_latency.h:58]   --->   Operation 172 'add' 'add_ln703_162' <Predicate = true> <Delay = 0.00> <Core = "TAddSub">   --->   Core 83 'TAddSub' <Latency = 0> <II = 1> <Delay = 1.95> <IPBlock> <Opcode : 'add' 'sub'> <InPorts = 3> <OutPorts = 1> <Sync> <CReg>
ST_6 : Operation 173 [1/1] (3.90ns) (root node of TernaryAdder)   --->   "%acc_5_V = add i16 %add_ln703_164, %add_ln703_162" [firmware/nnet_utils/nnet_dense_latency.h:58]   --->   Operation 173 'add' 'acc_5_V' <Predicate = true> <Delay = 3.90> <Core = "TAddSub">   --->   Core 83 'TAddSub' <Latency = 0> <II = 1> <Delay = 1.95> <IPBlock> <Opcode : 'add' 'sub'> <InPorts = 3> <OutPorts = 1> <Sync> <CReg>
ST_6 : Operation 174 [1/1] (0.00ns) (grouped into TernaryAdder)   --->   "%add_ln703_166 = add i16 %trunc_ln708_122, %trunc_ln708_130" [firmware/nnet_utils/nnet_dense_latency.h:58]   --->   Operation 174 'add' 'add_ln703_166' <Predicate = true> <Delay = 0.00> <Core = "TAddSub">   --->   Core 83 'TAddSub' <Latency = 0> <II = 1> <Delay = 1.95> <IPBlock> <Opcode : 'add' 'sub'> <InPorts = 3> <OutPorts = 1> <Sync> <CReg>
ST_6 : Operation 175 [1/1] (3.90ns) (root node of TernaryAdder)   --->   "%acc_6_V = add i16 %add_ln703_168, %add_ln703_166" [firmware/nnet_utils/nnet_dense_latency.h:58]   --->   Operation 175 'add' 'acc_6_V' <Predicate = true> <Delay = 3.90> <Core = "TAddSub">   --->   Core 83 'TAddSub' <Latency = 0> <II = 1> <Delay = 1.95> <IPBlock> <Opcode : 'add' 'sub'> <InPorts = 3> <OutPorts = 1> <Sync> <CReg>
ST_6 : Operation 176 [1/1] (0.00ns)   --->   "%res_0_V_write_assign = call i26 @_ssdm_op_BitConcatenate.i26.i16.i10(i16 %p_Val2_s, i10 0)" [firmware/nnet_utils/nnet_mult.h:111->firmware/nnet_utils/nnet_dense_latency.h:66]   --->   Operation 176 'bitconcatenate' 'res_0_V_write_assign' <Predicate = true> <Delay = 0.00>
ST_6 : Operation 177 [1/1] (0.00ns)   --->   "%sext_ln728 = sext i26 %res_0_V_write_assign to i35" [firmware/nnet_utils/nnet_mult.h:111->firmware/nnet_utils/nnet_dense_latency.h:66]   --->   Operation 177 'sext' 'sext_ln728' <Predicate = true> <Delay = 0.00>
ST_6 : Operation 178 [1/1] (0.00ns)   --->   "%res_1_V_write_assign = call i26 @_ssdm_op_BitConcatenate.i26.i16.i10(i16 %acc_1_V, i10 0)" [firmware/nnet_utils/nnet_mult.h:111->firmware/nnet_utils/nnet_dense_latency.h:66]   --->   Operation 178 'bitconcatenate' 'res_1_V_write_assign' <Predicate = true> <Delay = 0.00>
ST_6 : Operation 179 [1/1] (0.00ns)   --->   "%sext_ln728_11 = sext i26 %res_1_V_write_assign to i35" [firmware/nnet_utils/nnet_mult.h:111->firmware/nnet_utils/nnet_dense_latency.h:66]   --->   Operation 179 'sext' 'sext_ln728_11' <Predicate = true> <Delay = 0.00>
ST_6 : Operation 180 [1/1] (0.00ns)   --->   "%res_2_V_write_assign = call i26 @_ssdm_op_BitConcatenate.i26.i16.i10(i16 %acc_2_V, i10 0)" [firmware/nnet_utils/nnet_mult.h:111->firmware/nnet_utils/nnet_dense_latency.h:66]   --->   Operation 180 'bitconcatenate' 'res_2_V_write_assign' <Predicate = true> <Delay = 0.00>
ST_6 : Operation 181 [1/1] (0.00ns)   --->   "%sext_ln728_12 = sext i26 %res_2_V_write_assign to i35" [firmware/nnet_utils/nnet_mult.h:111->firmware/nnet_utils/nnet_dense_latency.h:66]   --->   Operation 181 'sext' 'sext_ln728_12' <Predicate = true> <Delay = 0.00>
ST_6 : Operation 182 [1/1] (0.00ns)   --->   "%res_3_V_write_assign = call i26 @_ssdm_op_BitConcatenate.i26.i16.i10(i16 %acc_3_V, i10 0)" [firmware/nnet_utils/nnet_mult.h:111->firmware/nnet_utils/nnet_dense_latency.h:66]   --->   Operation 182 'bitconcatenate' 'res_3_V_write_assign' <Predicate = true> <Delay = 0.00>
ST_6 : Operation 183 [1/1] (0.00ns)   --->   "%sext_ln728_13 = sext i26 %res_3_V_write_assign to i35" [firmware/nnet_utils/nnet_mult.h:111->firmware/nnet_utils/nnet_dense_latency.h:66]   --->   Operation 183 'sext' 'sext_ln728_13' <Predicate = true> <Delay = 0.00>
ST_6 : Operation 184 [1/1] (0.00ns)   --->   "%res_4_V_write_assign = call i26 @_ssdm_op_BitConcatenate.i26.i16.i10(i16 %acc_4_V, i10 0)" [firmware/nnet_utils/nnet_mult.h:111->firmware/nnet_utils/nnet_dense_latency.h:66]   --->   Operation 184 'bitconcatenate' 'res_4_V_write_assign' <Predicate = true> <Delay = 0.00>
ST_6 : Operation 185 [1/1] (0.00ns)   --->   "%sext_ln728_14 = sext i26 %res_4_V_write_assign to i35" [firmware/nnet_utils/nnet_mult.h:111->firmware/nnet_utils/nnet_dense_latency.h:66]   --->   Operation 185 'sext' 'sext_ln728_14' <Predicate = true> <Delay = 0.00>
ST_6 : Operation 186 [1/1] (0.00ns)   --->   "%res_5_V_write_assign = call i26 @_ssdm_op_BitConcatenate.i26.i16.i10(i16 %acc_5_V, i10 0)" [firmware/nnet_utils/nnet_mult.h:111->firmware/nnet_utils/nnet_dense_latency.h:66]   --->   Operation 186 'bitconcatenate' 'res_5_V_write_assign' <Predicate = true> <Delay = 0.00>
ST_6 : Operation 187 [1/1] (0.00ns)   --->   "%sext_ln728_15 = sext i26 %res_5_V_write_assign to i35" [firmware/nnet_utils/nnet_mult.h:111->firmware/nnet_utils/nnet_dense_latency.h:66]   --->   Operation 187 'sext' 'sext_ln728_15' <Predicate = true> <Delay = 0.00>
ST_6 : Operation 188 [1/1] (0.00ns)   --->   "%res_6_V_write_assign = call i26 @_ssdm_op_BitConcatenate.i26.i16.i10(i16 %acc_6_V, i10 0)" [firmware/nnet_utils/nnet_mult.h:111->firmware/nnet_utils/nnet_dense_latency.h:66]   --->   Operation 188 'bitconcatenate' 'res_6_V_write_assign' <Predicate = true> <Delay = 0.00>
ST_6 : Operation 189 [1/1] (0.00ns)   --->   "%sext_ln728_16 = sext i26 %res_6_V_write_assign to i35" [firmware/nnet_utils/nnet_mult.h:111->firmware/nnet_utils/nnet_dense_latency.h:66]   --->   Operation 189 'sext' 'sext_ln728_16' <Predicate = true> <Delay = 0.00>
ST_6 : Operation 190 [1/1] (0.00ns)   --->   "%res_7_V_write_assign = call i26 @_ssdm_op_BitConcatenate.i26.i16.i10(i16 %acc_7_V, i10 0)" [firmware/nnet_utils/nnet_mult.h:111->firmware/nnet_utils/nnet_dense_latency.h:66]   --->   Operation 190 'bitconcatenate' 'res_7_V_write_assign' <Predicate = true> <Delay = 0.00>
ST_6 : Operation 191 [1/1] (0.00ns)   --->   "%sext_ln728_17 = sext i26 %res_7_V_write_assign to i35" [firmware/nnet_utils/nnet_mult.h:111->firmware/nnet_utils/nnet_dense_latency.h:66]   --->   Operation 191 'sext' 'sext_ln728_17' <Predicate = true> <Delay = 0.00>
ST_6 : Operation 192 [1/1] (0.00ns)   --->   "%mrv = insertvalue { i35, i35, i35, i35, i35, i35, i35, i35 } undef, i35 %sext_ln728, 0" [firmware/nnet_utils/nnet_dense_latency.h:68]   --->   Operation 192 'insertvalue' 'mrv' <Predicate = true> <Delay = 0.00>
ST_6 : Operation 193 [1/1] (0.00ns)   --->   "%mrv_1 = insertvalue { i35, i35, i35, i35, i35, i35, i35, i35 } %mrv, i35 %sext_ln728_11, 1" [firmware/nnet_utils/nnet_dense_latency.h:68]   --->   Operation 193 'insertvalue' 'mrv_1' <Predicate = true> <Delay = 0.00>
ST_6 : Operation 194 [1/1] (0.00ns)   --->   "%mrv_2 = insertvalue { i35, i35, i35, i35, i35, i35, i35, i35 } %mrv_1, i35 %sext_ln728_12, 2" [firmware/nnet_utils/nnet_dense_latency.h:68]   --->   Operation 194 'insertvalue' 'mrv_2' <Predicate = true> <Delay = 0.00>
ST_6 : Operation 195 [1/1] (0.00ns)   --->   "%mrv_3 = insertvalue { i35, i35, i35, i35, i35, i35, i35, i35 } %mrv_2, i35 %sext_ln728_13, 3" [firmware/nnet_utils/nnet_dense_latency.h:68]   --->   Operation 195 'insertvalue' 'mrv_3' <Predicate = true> <Delay = 0.00>
ST_6 : Operation 196 [1/1] (0.00ns)   --->   "%mrv_4 = insertvalue { i35, i35, i35, i35, i35, i35, i35, i35 } %mrv_3, i35 %sext_ln728_14, 4" [firmware/nnet_utils/nnet_dense_latency.h:68]   --->   Operation 196 'insertvalue' 'mrv_4' <Predicate = true> <Delay = 0.00>
ST_6 : Operation 197 [1/1] (0.00ns)   --->   "%mrv_5 = insertvalue { i35, i35, i35, i35, i35, i35, i35, i35 } %mrv_4, i35 %sext_ln728_15, 5" [firmware/nnet_utils/nnet_dense_latency.h:68]   --->   Operation 197 'insertvalue' 'mrv_5' <Predicate = true> <Delay = 0.00>
ST_6 : Operation 198 [1/1] (0.00ns)   --->   "%mrv_6 = insertvalue { i35, i35, i35, i35, i35, i35, i35, i35 } %mrv_5, i35 %sext_ln728_16, 6" [firmware/nnet_utils/nnet_dense_latency.h:68]   --->   Operation 198 'insertvalue' 'mrv_6' <Predicate = true> <Delay = 0.00>
ST_6 : Operation 199 [1/1] (0.00ns)   --->   "%mrv_7 = insertvalue { i35, i35, i35, i35, i35, i35, i35, i35 } %mrv_6, i35 %sext_ln728_17, 7" [firmware/nnet_utils/nnet_dense_latency.h:68]   --->   Operation 199 'insertvalue' 'mrv_7' <Predicate = true> <Delay = 0.00>
ST_6 : Operation 200 [1/1] (0.00ns)   --->   "ret { i35, i35, i35, i35, i35, i35, i35, i35 } %mrv_7" [firmware/nnet_utils/nnet_dense_latency.h:68]   --->   Operation 200 'ret' <Predicate = true> <Delay = 0.00>


============================================================
+ Verbose Summary: Timing violations
============================================================
Target clock period: 5ns, clock uncertainty: 0.625ns.

 <State 1>: 3.35ns
The critical path consists of the following:
	wire read on port 'data_2_V_read' (firmware/nnet_utils/nnet_dense_latency.h:13) [6]  (0 ns)
	'mul' operation ('mul_ln1118_133', firmware/nnet_utils/nnet_mult.h:73->firmware/nnet_utils/nnet_dense_latency.h:42) [67]  (3.35 ns)

 <State 2>: 3.35ns
The critical path consists of the following:
	wire read on port 'data_3_V_read' (firmware/nnet_utils/nnet_dense_latency.h:13) [5]  (0 ns)
	'mul' operation ('mul_ln1118_141', firmware/nnet_utils/nnet_mult.h:73->firmware/nnet_utils/nnet_dense_latency.h:42) [90]  (3.35 ns)

 <State 3>: 3.35ns
The critical path consists of the following:
	wire read on port 'data_1_V_read' (firmware/nnet_utils/nnet_dense_latency.h:13) [7]  (0 ns)
	'mul' operation ('mul_ln1118_127', firmware/nnet_utils/nnet_mult.h:73->firmware/nnet_utils/nnet_dense_latency.h:42) [38]  (3.35 ns)

 <State 4>: 4.17ns
The critical path consists of the following:
	'sub' operation ('sub_ln1118_19', firmware/nnet_utils/nnet_mult.h:73->firmware/nnet_utils/nnet_dense_latency.h:42) [59]  (0 ns)
	'sub' operation ('sub_ln1118_20', firmware/nnet_utils/nnet_mult.h:73->firmware/nnet_utils/nnet_dense_latency.h:42) [62]  (4.17 ns)

 <State 5>: 3.9ns
The critical path consists of the following:
	'add' operation ('add_ln703_150', firmware/nnet_utils/nnet_dense_latency.h:58) [118]  (0 ns)
	'add' operation ('acc[2].V', firmware/nnet_utils/nnet_dense_latency.h:58) [122]  (3.9 ns)

 <State 6>: 3.9ns
The critical path consists of the following:
	'add' operation ('add_ln703_146', firmware/nnet_utils/nnet_dense_latency.h:58) [114]  (0 ns)
	'add' operation ('acc[1].V', firmware/nnet_utils/nnet_dense_latency.h:58) [117]  (3.9 ns)


============================================================
+ Verbose Summary: Binding
============================================================
N/A
* FSMD analyzer results:
  - Output states:
 - Input state : 
  - Chain level:
	State 1
	State 2
	State 3
	State 4
	State 5
	State 6


============================================================
+ Verbose Summary: Datapath Resource usage 
============================================================
N/A
