

================================================================
== Vivado HLS Report for 'myproject_axi'
================================================================
* Date:           Wed May 27 10:11:50 2026

* Version:        2020.1 (Build 2897737 on Wed May 27 20:21:37 MDT 2020)
* Project:        myproject_prj
* Solution:       solution1
* Product family: zynq
* Target device:  xc7z020-clg400-1


================================================================
== Performance Estimates
================================================================
+ Timing: 
    * Summary: 
    +--------+---------+----------+------------+
    |  Clock |  Target | Estimated| Uncertainty|
    +--------+---------+----------+------------+
    |ap_clk  | 5.00 ns | 4.367 ns |   0.62 ns  |
    +--------+---------+----------+------------+

+ Latency: 
    * Summary: 
    +---------+---------+----------+----------+-----+-----+---------+
    |  Latency (cycles) |  Latency (absolute) |  Interval | Pipeline|
    |   min   |   max   |    min   |    max   | min | max |   Type  |
    +---------+---------+----------+----------+-----+-----+---------+
    |       76|       76| 0.380 us | 0.380 us |   76|   76|   none  |
    +---------+---------+----------+----------+-----+-----+---------+

    + Detail: 
        * Instance: 
        N/A

        * Loop: 
        +----------+---------+---------+----------+-----------+-----------+------+----------+
        |          |  Latency (cycles) | Iteration|  Initiation Interval  | Trip |          |
        | Loop Name|   min   |   max   |  Latency |  achieved |   target  | Count| Pipelined|
        +----------+---------+---------+----------+-----------+-----------+------+----------+
        |- Loop 1  |       21|       21|         9|          1|          1|    14|    yes   |
        |- Loop 2  |       22|       22|        10|          1|          1|    14|    yes   |
        +----------+---------+---------+----------+-----------+-----------+------+----------+

============================================================
+ Verbose Summary: Synthesis Manager
============================================================
InlineROM: 1
ExposeGlobal: 0
============================================================
+ Verbose Summary: CDFG Model
============================================================
IsTopModel: 1
ResetActiveHigh: 1
IsCombinational: 0
IsDatapathOnly: 0
HasWiredReturn: 1
HasMFsm: 0
HasVarLatency: 1
IsPipeline: 0
IsRtlPipelined: 0
IsInstanceOverlapped: 0
IsDontTouch: 0
HasImplIP: 0
IsGatedGlobalClock: 0

+ Individual pipeline summary: 
  * Pipeline-0: initiation interval (II) = 1, depth = 9
  * Pipeline-1: initiation interval (II) = 1, depth = 10


============================================================
+ Verbose Summary: Schedule
============================================================
* Number of FSM states : 51
* Pipeline : 2
  Pipeline-0 : II = 1, D = 9, States = { 2 3 4 5 6 7 8 9 10 }
  Pipeline-1 : II = 1, D = 10, States = { 41 42 43 44 45 46 47 48 49 50 }
* Dataflow Pipeline: 0

* FSM state transitions: 
1 --> 2 
2 --> 11 3 
3 --> 4 
4 --> 5 
5 --> 6 
6 --> 7 
7 --> 8 
8 --> 9 
9 --> 10 
10 --> 2 
11 --> 12 
12 --> 13 
13 --> 14 
14 --> 15 
15 --> 16 
16 --> 17 
17 --> 18 
18 --> 19 
19 --> 20 
20 --> 21 
21 --> 22 
22 --> 23 
23 --> 24 
24 --> 25 
25 --> 26 
26 --> 27 
27 --> 28 
28 --> 29 
29 --> 30 
30 --> 31 
31 --> 32 
32 --> 33 
33 --> 34 
34 --> 35 
35 --> 36 
36 --> 37 
37 --> 38 
38 --> 39 
39 --> 40 
40 --> 41 
41 --> 51 42 
42 --> 43 
43 --> 44 
44 --> 45 
45 --> 46 
46 --> 47 
47 --> 48 
48 --> 49 
49 --> 50 
50 --> 41 
51 --> 

* FSM state operations: 

State 1 <SV = 0> <Delay = 1.76>
ST_1 : Operation 52 [1/1] (0.00ns)   --->   "call void (...)* @_ssdm_op_SpecBitsMap(float* %in_data), !map !143"   --->   Operation 52 'specbitsmap' <Predicate = true> <Delay = 0.00>
ST_1 : Operation 53 [1/1] (0.00ns)   --->   "call void (...)* @_ssdm_op_SpecBitsMap(i1* %in_last_V), !map !149"   --->   Operation 53 'specbitsmap' <Predicate = true> <Delay = 0.00>
ST_1 : Operation 54 [1/1] (0.00ns)   --->   "call void (...)* @_ssdm_op_SpecBitsMap(float* %out_data), !map !153"   --->   Operation 54 'specbitsmap' <Predicate = true> <Delay = 0.00>
ST_1 : Operation 55 [1/1] (0.00ns)   --->   "call void (...)* @_ssdm_op_SpecBitsMap(i1* %out_last_V), !map !157"   --->   Operation 55 'specbitsmap' <Predicate = true> <Delay = 0.00>
ST_1 : Operation 56 [1/1] (0.00ns)   --->   "call void (...)* @_ssdm_op_SpecTopModule([14 x i8]* @myproject_axi_str) nounwind"   --->   Operation 56 'spectopmodule' <Predicate = true> <Delay = 0.00>
ST_1 : Operation 57 [1/1] (0.00ns)   --->   "%in_local_V = alloca i224, align 8" [firmware/myproject_axi.cpp:10]   --->   Operation 57 'alloca' 'in_local_V' <Predicate = true> <Delay = 0.00>
ST_1 : Operation 58 [1/1] (0.00ns)   --->   "call void (...)* @_ssdm_op_SpecInterface(float* %in_data, i1* %in_last_V, [5 x i8]* @p_str4, i32 1, i32 1, [5 x i8]* @p_str1, i32 0, i32 0, [1 x i8]* @p_str2, [1 x i8]* @p_str2, [1 x i8]* @p_str2, i32 0, i32 0, i32 0, i32 0, [1 x i8]* @p_str2, [1 x i8]* @p_str2)" [firmware/myproject_axi.cpp:5]   --->   Operation 58 'specinterface' <Predicate = true> <Delay = 0.00>
ST_1 : Operation 59 [1/1] (0.00ns)   --->   "call void (...)* @_ssdm_op_SpecInterface(float* %out_data, i1* %out_last_V, [5 x i8]* @p_str4, i32 1, i32 1, [5 x i8]* @p_str1, i32 0, i32 0, [1 x i8]* @p_str2, [1 x i8]* @p_str2, [1 x i8]* @p_str2, i32 0, i32 0, i32 0, i32 0, [1 x i8]* @p_str2, [1 x i8]* @p_str2)" [firmware/myproject_axi.cpp:6]   --->   Operation 59 'specinterface' <Predicate = true> <Delay = 0.00>
ST_1 : Operation 60 [1/1] (0.00ns)   --->   "call void (...)* @_ssdm_op_SpecInterface(i32 0, [13 x i8]* @p_str3, i32 0, i32 0, [1 x i8]* @p_str2, i32 0, i32 0, [1 x i8]* @p_str2, [1 x i8]* @p_str2, [1 x i8]* @p_str2, i32 0, i32 0, i32 0, i32 0, [1 x i8]* @p_str2, [1 x i8]* @p_str2) nounwind" [firmware/myproject_axi.cpp:7]   --->   Operation 60 'specinterface' <Predicate = true> <Delay = 0.00>
ST_1 : Operation 61 [1/1] (1.76ns)   --->   "br label %.preheader" [firmware/myproject_axi.cpp:13]   --->   Operation 61 'br' <Predicate = true> <Delay = 1.76>

State 2 <SV = 1> <Delay = 3.69>
ST_2 : Operation 62 [1/1] (0.00ns)   --->   "%is_last_0 = phi i1 [ %is_last, %hls_label_0 ], [ false, %arrayctor.loop1.preheader ]"   --->   Operation 62 'phi' 'is_last_0' <Predicate = true> <Delay = 0.00>
ST_2 : Operation 63 [1/1] (0.00ns)   --->   "%i_0 = phi i4 [ %i, %hls_label_0 ], [ 0, %arrayctor.loop1.preheader ]"   --->   Operation 63 'phi' 'i_0' <Predicate = true> <Delay = 0.00>
ST_2 : Operation 64 [1/1] (1.30ns)   --->   "%icmp_ln13 = icmp eq i4 %i_0, -2" [firmware/myproject_axi.cpp:13]   --->   Operation 64 'icmp' 'icmp_ln13' <Predicate = true> <Delay = 1.30> <Core = "Cmp">   --->   Core 25 'Cmp' <Latency = 0> <II = 1> <Delay = 1.30> <FuncUnit> <Opcode : 'icmp'> <InPorts = 2> <OutPorts = 1>
ST_2 : Operation 65 [1/1] (0.00ns)   --->   "%empty = call i32 (...)* @_ssdm_op_SpecLoopTripCount(i64 14, i64 14, i64 14)"   --->   Operation 65 'speclooptripcount' 'empty' <Predicate = true> <Delay = 0.00>
ST_2 : Operation 66 [1/1] (1.73ns)   --->   "%i = add i4 %i_0, 1" [firmware/myproject_axi.cpp:13]   --->   Operation 66 'add' 'i' <Predicate = true> <Delay = 1.73> <Core = "AddSub">   --->   Core 14 'AddSub' <Latency = 0> <II = 1> <Delay = 2.71> <FuncUnit> <Opcode : 'add' 'sub'> <InPorts = 2> <OutPorts = 1>
ST_2 : Operation 67 [1/1] (0.00ns)   --->   "br i1 %icmp_ln13, label %0, label %hls_label_0" [firmware/myproject_axi.cpp:13]   --->   Operation 67 'br' <Predicate = true> <Delay = 0.00>
ST_2 : Operation 68 [1/1] (0.00ns)   --->   "%empty_41 = call { float, i1 } @_ssdm_op_Read.axis.volatile.floatP.i1P(float* %in_data, i1* %in_last_V)" [firmware/myproject_axi.cpp:3]   --->   Operation 68 'read' 'empty_41' <Predicate = (!icmp_ln13)> <Delay = 0.00> <Core = "AXI4Stream">   --->   Core 5 'AXI4Stream' <Latency = 0> <II = 1> <Delay = 1.00> <Adapter> <Opcode : >
ST_2 : Operation 69 [1/1] (0.00ns)   --->   "%in_data_tmp = extractvalue { float, i1 } %empty_41, 0" [firmware/myproject_axi.cpp:3]   --->   Operation 69 'extractvalue' 'in_data_tmp' <Predicate = (!icmp_ln13)> <Delay = 0.00>
ST_2 : Operation 70 [1/1] (0.00ns) (grouped into LUT with out node is_last)   --->   "%in_last_V_tmp = extractvalue { float, i1 } %empty_41, 1" [firmware/myproject_axi.cpp:3]   --->   Operation 70 'extractvalue' 'in_last_V_tmp' <Predicate = (!icmp_ln13)> <Delay = 0.00>
ST_2 : Operation 71 [3/3] (3.69ns)   --->   "%d_assign = fpext float %in_data_tmp to double" [firmware/myproject_axi.cpp:15]   --->   Operation 71 'fpext' 'd_assign' <Predicate = (!icmp_ln13)> <Delay = 3.69> <Core = "Float2Double">   --->   Core 114 'Float2Double' <Latency = 2> <II = 1> <Delay = 3.69> <FuncUnit> <Opcode : 'fpext'> <InPorts = 1> <OutPorts = 1>
ST_2 : Operation 72 [1/1] (0.97ns) (out node of the LUT)   --->   "%is_last = or i1 %in_last_V_tmp, %is_last_0" [firmware/myproject_axi.cpp:16]   --->   Operation 72 'or' 'is_last' <Predicate = (!icmp_ln13)> <Delay = 0.97> <Core = "LogicGate">   --->   Core 27 'LogicGate' <Latency = 0> <II = 1> <Delay = 0.97> <FuncUnit> <Opcode : 'and' 'or' 'xor'> <InPorts = 2> <OutPorts = 1>

State 3 <SV = 2> <Delay = 3.69>
ST_3 : Operation 73 [2/3] (3.69ns)   --->   "%d_assign = fpext float %in_data_tmp to double" [firmware/myproject_axi.cpp:15]   --->   Operation 73 'fpext' 'd_assign' <Predicate = (!icmp_ln13)> <Delay = 3.69> <Core = "Float2Double">   --->   Core 114 'Float2Double' <Latency = 2> <II = 1> <Delay = 3.69> <FuncUnit> <Opcode : 'fpext'> <InPorts = 1> <OutPorts = 1>

State 4 <SV = 3> <Delay = 3.69>
ST_4 : Operation 74 [1/3] (3.69ns)   --->   "%d_assign = fpext float %in_data_tmp to double" [firmware/myproject_axi.cpp:15]   --->   Operation 74 'fpext' 'd_assign' <Predicate = (!icmp_ln13)> <Delay = 3.69> <Core = "Float2Double">   --->   Core 114 'Float2Double' <Latency = 2> <II = 1> <Delay = 3.69> <FuncUnit> <Opcode : 'fpext'> <InPorts = 1> <OutPorts = 1>
ST_4 : Operation 75 [1/1] (0.00ns)   --->   "%ireg_V = bitcast double %d_assign to i64" [firmware/myproject_axi.cpp:15]   --->   Operation 75 'bitcast' 'ireg_V' <Predicate = (!icmp_ln13)> <Delay = 0.00>
ST_4 : Operation 76 [1/1] (0.00ns)   --->   "%trunc_ln556 = trunc i64 %ireg_V to i63" [firmware/myproject_axi.cpp:15]   --->   Operation 76 'trunc' 'trunc_ln556' <Predicate = (!icmp_ln13)> <Delay = 0.00>
ST_4 : Operation 77 [1/1] (0.00ns)   --->   "%p_Result_8 = call i1 @_ssdm_op_BitSelect.i1.i64.i32(i64 %ireg_V, i32 63)" [firmware/myproject_axi.cpp:15]   --->   Operation 77 'bitselect' 'p_Result_8' <Predicate = (!icmp_ln13)> <Delay = 0.00>
ST_4 : Operation 78 [1/1] (0.00ns)   --->   "%exp_tmp_V = call i11 @_ssdm_op_PartSelect.i11.i64.i32.i32(i64 %ireg_V, i32 52, i32 62)" [firmware/myproject_axi.cpp:15]   --->   Operation 78 'partselect' 'exp_tmp_V' <Predicate = (!icmp_ln13)> <Delay = 0.00>
ST_4 : Operation 79 [1/1] (0.00ns)   --->   "%trunc_ln565 = trunc i64 %ireg_V to i52" [firmware/myproject_axi.cpp:15]   --->   Operation 79 'trunc' 'trunc_ln565' <Predicate = (!icmp_ln13)> <Delay = 0.00>

State 5 <SV = 4> <Delay = 4.23>
ST_5 : Operation 80 [1/1] (0.00ns)   --->   "%zext_ln461 = zext i11 %exp_tmp_V to i12" [firmware/myproject_axi.cpp:15]   --->   Operation 80 'zext' 'zext_ln461' <Predicate = (!icmp_ln13)> <Delay = 0.00>
ST_5 : Operation 81 [1/1] (0.00ns)   --->   "%tmp_1 = call i53 @_ssdm_op_BitConcatenate.i53.i1.i52(i1 true, i52 %trunc_ln565)" [firmware/myproject_axi.cpp:15]   --->   Operation 81 'bitconcatenate' 'tmp_1' <Predicate = (!icmp_ln13)> <Delay = 0.00>
ST_5 : Operation 82 [1/1] (0.00ns)   --->   "%p_Result_9 = zext i53 %tmp_1 to i54" [firmware/myproject_axi.cpp:15]   --->   Operation 82 'zext' 'p_Result_9' <Predicate = (!icmp_ln13)> <Delay = 0.00>
ST_5 : Operation 83 [1/1] (3.23ns)   --->   "%man_V_1 = sub i54 0, %p_Result_9" [firmware/myproject_axi.cpp:15]   --->   Operation 83 'sub' 'man_V_1' <Predicate = (!icmp_ln13 & p_Result_8)> <Delay = 3.23> <Core = "AddSub">   --->   Core 14 'AddSub' <Latency = 0> <II = 1> <Delay = 2.71> <FuncUnit> <Opcode : 'add' 'sub'> <InPorts = 2> <OutPorts = 1>
ST_5 : Operation 84 [1/1] (0.94ns)   --->   "%man_V_2 = select i1 %p_Result_8, i54 %man_V_1, i54 %p_Result_9" [firmware/myproject_axi.cpp:15]   --->   Operation 84 'select' 'man_V_2' <Predicate = (!icmp_ln13)> <Delay = 0.94> <Core = "Sel">   --->   Core 26 'Sel' <Latency = 0> <II = 1> <Delay = 0.69> <FuncUnit> <Opcode : 'select'> <InPorts = 3> <OutPorts = 1>
ST_5 : Operation 85 [1/1] (2.78ns)   --->   "%icmp_ln571 = icmp eq i63 %trunc_ln556, 0" [firmware/myproject_axi.cpp:15]   --->   Operation 85 'icmp' 'icmp_ln571' <Predicate = (!icmp_ln13)> <Delay = 2.78> <Core = "Cmp">   --->   Core 25 'Cmp' <Latency = 0> <II = 1> <Delay = 1.30> <FuncUnit> <Opcode : 'icmp'> <InPorts = 2> <OutPorts = 1>
ST_5 : Operation 86 [1/1] (1.54ns)   --->   "%F2 = sub i12 1075, %zext_ln461" [firmware/myproject_axi.cpp:15]   --->   Operation 86 'sub' 'F2' <Predicate = (!icmp_ln13)> <Delay = 1.54> <Core = "AddSub">   --->   Core 14 'AddSub' <Latency = 0> <II = 1> <Delay = 2.71> <FuncUnit> <Opcode : 'add' 'sub'> <InPorts = 2> <OutPorts = 1>
ST_5 : Operation 87 [1/1] (1.99ns)   --->   "%icmp_ln581 = icmp sgt i12 %F2, 10" [firmware/myproject_axi.cpp:15]   --->   Operation 87 'icmp' 'icmp_ln581' <Predicate = (!icmp_ln13)> <Delay = 1.99> <Core = "Cmp">   --->   Core 25 'Cmp' <Latency = 0> <II = 1> <Delay = 1.30> <FuncUnit> <Opcode : 'icmp'> <InPorts = 2> <OutPorts = 1>
ST_5 : Operation 88 [1/1] (1.54ns)   --->   "%add_ln581 = add i12 -10, %F2" [firmware/myproject_axi.cpp:15]   --->   Operation 88 'add' 'add_ln581' <Predicate = (!icmp_ln13)> <Delay = 1.54> <Core = "AddSub">   --->   Core 14 'AddSub' <Latency = 0> <II = 1> <Delay = 2.71> <FuncUnit> <Opcode : 'add' 'sub'> <InPorts = 2> <OutPorts = 1>
ST_5 : Operation 89 [1/1] (1.54ns)   --->   "%sub_ln581 = sub i12 10, %F2" [firmware/myproject_axi.cpp:15]   --->   Operation 89 'sub' 'sub_ln581' <Predicate = (!icmp_ln13)> <Delay = 1.54> <Core = "AddSub">   --->   Core 14 'AddSub' <Latency = 0> <II = 1> <Delay = 2.71> <FuncUnit> <Opcode : 'add' 'sub'> <InPorts = 2> <OutPorts = 1>
ST_5 : Operation 90 [1/1] (0.69ns)   --->   "%sh_amt = select i1 %icmp_ln581, i12 %add_ln581, i12 %sub_ln581" [firmware/myproject_axi.cpp:15]   --->   Operation 90 'select' 'sh_amt' <Predicate = (!icmp_ln13)> <Delay = 0.69> <Core = "Sel">   --->   Core 26 'Sel' <Latency = 0> <II = 1> <Delay = 0.69> <FuncUnit> <Opcode : 'select'> <InPorts = 3> <OutPorts = 1>
ST_5 : Operation 91 [1/1] (1.99ns)   --->   "%icmp_ln582 = icmp eq i12 %F2, 10" [firmware/myproject_axi.cpp:15]   --->   Operation 91 'icmp' 'icmp_ln582' <Predicate = (!icmp_ln13)> <Delay = 1.99> <Core = "Cmp">   --->   Core 25 'Cmp' <Latency = 0> <II = 1> <Delay = 1.30> <FuncUnit> <Opcode : 'icmp'> <InPorts = 2> <OutPorts = 1>
ST_5 : Operation 92 [1/1] (0.00ns)   --->   "%trunc_ln583 = trunc i54 %man_V_2 to i16" [firmware/myproject_axi.cpp:15]   --->   Operation 92 'trunc' 'trunc_ln583' <Predicate = (!icmp_ln13)> <Delay = 0.00>
ST_5 : Operation 93 [1/1] (0.00ns)   --->   "%tmp_5 = call i8 @_ssdm_op_PartSelect.i8.i12.i32.i32(i12 %sh_amt, i32 4, i32 11)" [firmware/myproject_axi.cpp:15]   --->   Operation 93 'partselect' 'tmp_5' <Predicate = (!icmp_ln13)> <Delay = 0.00>

State 6 <SV = 5> <Delay = 3.96>
ST_6 : Operation 94 [1/1] (0.00ns)   --->   "%sext_ln581 = sext i12 %sh_amt to i32" [firmware/myproject_axi.cpp:15]   --->   Operation 94 'sext' 'sext_ln581' <Predicate = (!icmp_ln13)> <Delay = 0.00>
ST_6 : Operation 95 [1/1] (1.99ns)   --->   "%icmp_ln585 = icmp ult i12 %sh_amt, 54" [firmware/myproject_axi.cpp:15]   --->   Operation 95 'icmp' 'icmp_ln585' <Predicate = (!icmp_ln13)> <Delay = 1.99> <Core = "Cmp">   --->   Core 25 'Cmp' <Latency = 0> <II = 1> <Delay = 1.30> <FuncUnit> <Opcode : 'icmp'> <InPorts = 2> <OutPorts = 1>
ST_6 : Operation 96 [1/1] (1.55ns)   --->   "%icmp_ln603 = icmp eq i8 %tmp_5, 0" [firmware/myproject_axi.cpp:15]   --->   Operation 96 'icmp' 'icmp_ln603' <Predicate = (!icmp_ln13)> <Delay = 1.55> <Core = "Cmp">   --->   Core 25 'Cmp' <Latency = 0> <II = 1> <Delay = 1.30> <FuncUnit> <Opcode : 'icmp'> <InPorts = 2> <OutPorts = 1>
ST_6 : Operation 97 [1/1] (0.00ns)   --->   "%zext_ln586 = zext i32 %sext_ln581 to i54" [firmware/myproject_axi.cpp:15]   --->   Operation 97 'zext' 'zext_ln586' <Predicate = (!icmp_ln13)> <Delay = 0.00>
ST_6 : Operation 98 [2/2] (3.88ns)   --->   "%ashr_ln586 = ashr i54 %man_V_2, %zext_ln586" [firmware/myproject_axi.cpp:15]   --->   Operation 98 'ashr' 'ashr_ln586' <Predicate = (!icmp_ln13)> <Delay = 3.88> <Core = "ShiftnS">   --->   Core 29 'ShiftnS' <Latency = 1> <II = 1> <Delay = 3.73> <FuncUnit> <Opcode : 'shl' 'lshr' 'ashr'> <InPorts = 2> <OutPorts = 1>
ST_6 : Operation 99 [1/1] (0.00ns) (grouped into LUT with out node select_ln603_1)   --->   "%bitcast_ln696 = bitcast float %in_data_tmp to i32" [firmware/myproject_axi.cpp:15]   --->   Operation 99 'bitcast' 'bitcast_ln696' <Predicate = (!icmp_ln13)> <Delay = 0.00>
ST_6 : Operation 100 [1/1] (0.00ns) (grouped into LUT with out node select_ln603_1)   --->   "%tmp_6 = call i1 @_ssdm_op_BitSelect.i1.i32.i32(i32 %bitcast_ln696, i32 31)" [firmware/myproject_axi.cpp:15]   --->   Operation 100 'bitselect' 'tmp_6' <Predicate = (!icmp_ln13)> <Delay = 0.00>
ST_6 : Operation 101 [1/1] (0.00ns) (grouped into LUT with out node select_ln603_1)   --->   "%select_ln588 = select i1 %tmp_6, i16 -1, i16 0" [firmware/myproject_axi.cpp:15]   --->   Operation 101 'select' 'select_ln588' <Predicate = (!icmp_ln13)> <Delay = 0.00> <Core = "Sel">   --->   Core 26 'Sel' <Latency = 0> <II = 1> <Delay = 0.69> <FuncUnit> <Opcode : 'select'> <InPorts = 3> <OutPorts = 1>
ST_6 : Operation 102 [1/1] (0.97ns)   --->   "%or_ln582 = or i1 %icmp_ln571, %icmp_ln582" [firmware/myproject_axi.cpp:15]   --->   Operation 102 'or' 'or_ln582' <Predicate = (!icmp_ln13)> <Delay = 0.97> <Core = "LogicGate">   --->   Core 27 'LogicGate' <Latency = 0> <II = 1> <Delay = 0.97> <FuncUnit> <Opcode : 'and' 'or' 'xor'> <InPorts = 2> <OutPorts = 1>
ST_6 : Operation 103 [1/1] (0.00ns) (grouped into LUT with out node and_ln581)   --->   "%xor_ln582 = xor i1 %or_ln582, true" [firmware/myproject_axi.cpp:15]   --->   Operation 103 'xor' 'xor_ln582' <Predicate = (!icmp_ln13)> <Delay = 0.00> <Core = "LogicGate">   --->   Core 27 'LogicGate' <Latency = 0> <II = 1> <Delay = 0.97> <FuncUnit> <Opcode : 'and' 'or' 'xor'> <InPorts = 2> <OutPorts = 1>
ST_6 : Operation 104 [1/1] (0.97ns) (out node of the LUT)   --->   "%and_ln581 = and i1 %icmp_ln581, %xor_ln582" [firmware/myproject_axi.cpp:15]   --->   Operation 104 'and' 'and_ln581' <Predicate = (!icmp_ln13)> <Delay = 0.97> <Core = "LogicGate">   --->   Core 27 'LogicGate' <Latency = 0> <II = 1> <Delay = 0.97> <FuncUnit> <Opcode : 'and' 'or' 'xor'> <InPorts = 2> <OutPorts = 1>
ST_6 : Operation 105 [1/1] (0.00ns) (grouped into LUT with out node and_ln585)   --->   "%xor_ln585 = xor i1 %icmp_ln585, true" [firmware/myproject_axi.cpp:15]   --->   Operation 105 'xor' 'xor_ln585' <Predicate = (!icmp_ln13)> <Delay = 0.00> <Core = "LogicGate">   --->   Core 27 'LogicGate' <Latency = 0> <II = 1> <Delay = 0.97> <FuncUnit> <Opcode : 'and' 'or' 'xor'> <InPorts = 2> <OutPorts = 1>
ST_6 : Operation 106 [1/1] (0.97ns) (out node of the LUT)   --->   "%and_ln585 = and i1 %and_ln581, %xor_ln585" [firmware/myproject_axi.cpp:15]   --->   Operation 106 'and' 'and_ln585' <Predicate = (!icmp_ln13)> <Delay = 0.97> <Core = "LogicGate">   --->   Core 27 'LogicGate' <Latency = 0> <II = 1> <Delay = 0.97> <FuncUnit> <Opcode : 'and' 'or' 'xor'> <InPorts = 2> <OutPorts = 1>
ST_6 : Operation 107 [1/1] (0.00ns) (grouped into LUT with out node or_ln603)   --->   "%and_ln585_1 = and i1 %and_ln581, %icmp_ln585" [firmware/myproject_axi.cpp:15]   --->   Operation 107 'and' 'and_ln585_1' <Predicate = (!icmp_ln13)> <Delay = 0.00> <Core = "LogicGate">   --->   Core 27 'LogicGate' <Latency = 0> <II = 1> <Delay = 0.97> <FuncUnit> <Opcode : 'and' 'or' 'xor'> <InPorts = 2> <OutPorts = 1>
ST_6 : Operation 108 [1/1] (0.00ns) (grouped into LUT with out node and_ln603)   --->   "%or_ln581 = or i1 %or_ln582, %icmp_ln581" [firmware/myproject_axi.cpp:15]   --->   Operation 108 'or' 'or_ln581' <Predicate = (!icmp_ln13)> <Delay = 0.00> <Core = "LogicGate">   --->   Core 27 'LogicGate' <Latency = 0> <II = 1> <Delay = 0.97> <FuncUnit> <Opcode : 'and' 'or' 'xor'> <InPorts = 2> <OutPorts = 1>
ST_6 : Operation 109 [1/1] (0.00ns) (grouped into LUT with out node and_ln603)   --->   "%xor_ln581 = xor i1 %or_ln581, true" [firmware/myproject_axi.cpp:15]   --->   Operation 109 'xor' 'xor_ln581' <Predicate = (!icmp_ln13)> <Delay = 0.00> <Core = "LogicGate">   --->   Core 27 'LogicGate' <Latency = 0> <II = 1> <Delay = 0.97> <FuncUnit> <Opcode : 'and' 'or' 'xor'> <InPorts = 2> <OutPorts = 1>
ST_6 : Operation 110 [1/1] (0.97ns) (out node of the LUT)   --->   "%and_ln603 = and i1 %icmp_ln603, %xor_ln581" [firmware/myproject_axi.cpp:15]   --->   Operation 110 'and' 'and_ln603' <Predicate = (!icmp_ln13)> <Delay = 0.97> <Core = "LogicGate">   --->   Core 27 'LogicGate' <Latency = 0> <II = 1> <Delay = 0.97> <FuncUnit> <Opcode : 'and' 'or' 'xor'> <InPorts = 2> <OutPorts = 1>
ST_6 : Operation 111 [1/1] (0.97ns) (out node of the LUT)   --->   "%or_ln603 = or i1 %and_ln603, %and_ln585_1" [firmware/myproject_axi.cpp:15]   --->   Operation 111 'or' 'or_ln603' <Predicate = (!icmp_ln13)> <Delay = 0.97> <Core = "LogicGate">   --->   Core 27 'LogicGate' <Latency = 0> <II = 1> <Delay = 0.97> <FuncUnit> <Opcode : 'and' 'or' 'xor'> <InPorts = 2> <OutPorts = 1>
ST_6 : Operation 112 [1/1] (0.99ns) (out node of the LUT)   --->   "%select_ln603_1 = select i1 %and_ln585, i16 %select_ln588, i16 %trunc_ln583" [firmware/myproject_axi.cpp:15]   --->   Operation 112 'select' 'select_ln603_1' <Predicate = (!icmp_ln13)> <Delay = 0.99> <Core = "Sel">   --->   Core 26 'Sel' <Latency = 0> <II = 1> <Delay = 0.69> <FuncUnit> <Opcode : 'select'> <InPorts = 3> <OutPorts = 1>

State 7 <SV = 6> <Delay = 3.88>
ST_7 : Operation 113 [1/2] (3.88ns)   --->   "%ashr_ln586 = ashr i54 %man_V_2, %zext_ln586" [firmware/myproject_axi.cpp:15]   --->   Operation 113 'ashr' 'ashr_ln586' <Predicate = (!icmp_ln13)> <Delay = 3.88> <Core = "ShiftnS">   --->   Core 29 'ShiftnS' <Latency = 1> <II = 1> <Delay = 3.73> <FuncUnit> <Opcode : 'shl' 'lshr' 'ashr'> <InPorts = 2> <OutPorts = 1>
ST_7 : Operation 114 [1/1] (0.00ns) (grouped into LUT with out node or_ln603_2)   --->   "%xor_ln571 = xor i1 %icmp_ln571, true" [firmware/myproject_axi.cpp:15]   --->   Operation 114 'xor' 'xor_ln571' <Predicate = (!icmp_ln13)> <Delay = 0.00> <Core = "LogicGate">   --->   Core 27 'LogicGate' <Latency = 0> <II = 1> <Delay = 0.97> <FuncUnit> <Opcode : 'and' 'or' 'xor'> <InPorts = 2> <OutPorts = 1>
ST_7 : Operation 115 [1/1] (0.00ns) (grouped into LUT with out node or_ln603_2)   --->   "%and_ln582 = and i1 %icmp_ln582, %xor_ln571" [firmware/myproject_axi.cpp:15]   --->   Operation 115 'and' 'and_ln582' <Predicate = (!icmp_ln13)> <Delay = 0.00> <Core = "LogicGate">   --->   Core 27 'LogicGate' <Latency = 0> <II = 1> <Delay = 0.97> <FuncUnit> <Opcode : 'and' 'or' 'xor'> <InPorts = 2> <OutPorts = 1>
ST_7 : Operation 116 [1/1] (0.00ns) (grouped into LUT with out node or_ln603_2)   --->   "%or_ln603_1 = or i1 %and_ln585, %and_ln582" [firmware/myproject_axi.cpp:15]   --->   Operation 116 'or' 'or_ln603_1' <Predicate = (!icmp_ln13)> <Delay = 0.00> <Core = "LogicGate">   --->   Core 27 'LogicGate' <Latency = 0> <II = 1> <Delay = 0.97> <FuncUnit> <Opcode : 'and' 'or' 'xor'> <InPorts = 2> <OutPorts = 1>
ST_7 : Operation 117 [1/1] (0.97ns) (out node of the LUT)   --->   "%or_ln603_2 = or i1 %or_ln603, %or_ln603_1" [firmware/myproject_axi.cpp:15]   --->   Operation 117 'or' 'or_ln603_2' <Predicate = (!icmp_ln13)> <Delay = 0.97> <Core = "LogicGate">   --->   Core 27 'LogicGate' <Latency = 0> <II = 1> <Delay = 0.97> <FuncUnit> <Opcode : 'and' 'or' 'xor'> <InPorts = 2> <OutPorts = 1>
ST_7 : Operation 118 [1/1] (0.00ns)   --->   "%shl_ln = call i8 @_ssdm_op_BitConcatenate.i8.i4.i4(i4 %i_0, i4 0)" [firmware/myproject_axi.cpp:15]   --->   Operation 118 'bitconcatenate' 'shl_ln' <Predicate = (!icmp_ln13)> <Delay = 0.00>

State 8 <SV = 7> <Delay = 3.98>
ST_8 : Operation 119 [1/1] (0.00ns) (grouped into LUT with out node select_ln603_2)   --->   "%trunc_ln586 = trunc i54 %ashr_ln586 to i16" [firmware/myproject_axi.cpp:15]   --->   Operation 119 'trunc' 'trunc_ln586' <Predicate = (!icmp_ln13 & !and_ln603 & or_ln603 & or_ln603_2)> <Delay = 0.00>
ST_8 : Operation 120 [1/1] (0.00ns) (grouped into LUT with out node select_ln603_2)   --->   "%sext_ln581cast = trunc i32 %sext_ln581 to i16" [firmware/myproject_axi.cpp:15]   --->   Operation 120 'trunc' 'sext_ln581cast' <Predicate = (!icmp_ln13 & and_ln603 & or_ln603 & or_ln603_2)> <Delay = 0.00>
ST_8 : Operation 121 [1/1] (0.00ns) (grouped into LUT with out node select_ln603_2)   --->   "%shl_ln604 = shl i16 %trunc_ln583, %sext_ln581cast" [firmware/myproject_axi.cpp:15]   --->   Operation 121 'shl' 'shl_ln604' <Predicate = (!icmp_ln13 & and_ln603 & or_ln603 & or_ln603_2)> <Delay = 0.00> <Core = "Shift">   --->   Core 28 'Shift' <Latency = 0> <II = 1> <Delay = 2.94> <FuncUnit> <Opcode : 'shl' 'lshr' 'ashr'> <InPorts = 2> <OutPorts = 1>
ST_8 : Operation 122 [1/1] (0.00ns) (grouped into LUT with out node select_ln603_2)   --->   "%select_ln603 = select i1 %and_ln603, i16 %shl_ln604, i16 %trunc_ln586" [firmware/myproject_axi.cpp:15]   --->   Operation 122 'select' 'select_ln603' <Predicate = (!icmp_ln13 & or_ln603 & or_ln603_2)> <Delay = 0.00> <Core = "Sel">   --->   Core 26 'Sel' <Latency = 0> <II = 1> <Delay = 0.69> <FuncUnit> <Opcode : 'select'> <InPorts = 3> <OutPorts = 1>
ST_8 : Operation 123 [1/1] (3.98ns) (out node of the LUT)   --->   "%select_ln603_2 = select i1 %or_ln603, i16 %select_ln603, i16 %select_ln603_1" [firmware/myproject_axi.cpp:15]   --->   Operation 123 'select' 'select_ln603_2' <Predicate = (!icmp_ln13 & or_ln603_2)> <Delay = 3.98> <Core = "Sel">   --->   Core 26 'Sel' <Latency = 0> <II = 1> <Delay = 0.69> <FuncUnit> <Opcode : 'select'> <InPorts = 3> <OutPorts = 1>
ST_8 : Operation 124 [1/1] (0.00ns)   --->   "%empty_42 = or i8 %shl_ln, 15" [firmware/myproject_axi.cpp:15]   --->   Operation 124 'or' 'empty_42' <Predicate = (!icmp_ln13)> <Delay = 0.00>
ST_8 : Operation 125 [1/1] (1.55ns)   --->   "%icmp_ln203 = icmp ugt i8 %shl_ln, %empty_42" [firmware/myproject_axi.cpp:15]   --->   Operation 125 'icmp' 'icmp_ln203' <Predicate = (!icmp_ln13)> <Delay = 1.55> <Core = "Cmp">   --->   Core 25 'Cmp' <Latency = 0> <II = 1> <Delay = 1.30> <FuncUnit> <Opcode : 'icmp'> <InPorts = 2> <OutPorts = 1>
ST_8 : Operation 126 [1/1] (1.91ns)   --->   "%sub_ln203 = sub i8 -33, %shl_ln" [firmware/myproject_axi.cpp:15]   --->   Operation 126 'sub' 'sub_ln203' <Predicate = (!icmp_ln13)> <Delay = 1.91> <Core = "AddSub">   --->   Core 14 'AddSub' <Latency = 0> <II = 1> <Delay = 2.71> <FuncUnit> <Opcode : 'add' 'sub'> <InPorts = 2> <OutPorts = 1>
ST_8 : Operation 127 [1/1] (0.00ns) (grouped into LUT with out node sub_ln203_1)   --->   "%select_ln203 = select i1 %icmp_ln203, i8 %shl_ln, i8 %empty_42" [firmware/myproject_axi.cpp:15]   --->   Operation 127 'select' 'select_ln203' <Predicate = (!icmp_ln13)> <Delay = 0.00> <Core = "Sel">   --->   Core 26 'Sel' <Latency = 0> <II = 1> <Delay = 0.69> <FuncUnit> <Opcode : 'select'> <InPorts = 3> <OutPorts = 1>
ST_8 : Operation 128 [1/1] (1.91ns) (out node of the LUT)   --->   "%sub_ln203_1 = sub i8 -33, %select_ln203" [firmware/myproject_axi.cpp:15]   --->   Operation 128 'sub' 'sub_ln203_1' <Predicate = (!icmp_ln13)> <Delay = 1.91> <Core = "AddSub">   --->   Core 14 'AddSub' <Latency = 0> <II = 1> <Delay = 2.71> <FuncUnit> <Opcode : 'add' 'sub'> <InPorts = 2> <OutPorts = 1>

State 9 <SV = 8> <Delay = 3.98>
ST_9 : Operation 129 [1/1] (0.00ns) (grouped into LUT with out node shl_ln203)   --->   "%select_ln603_3 = select i1 %or_ln603_2, i16 %select_ln603_2, i16 0" [firmware/myproject_axi.cpp:15]   --->   Operation 129 'select' 'select_ln603_3' <Predicate = (!icmp_ln13)> <Delay = 0.00> <Core = "Sel">   --->   Core 26 'Sel' <Latency = 0> <II = 1> <Delay = 0.69> <FuncUnit> <Opcode : 'select'> <InPorts = 3> <OutPorts = 1>
ST_9 : Operation 130 [1/1] (0.00ns) (grouped into LUT with out node shl_ln203)   --->   "%zext_ln203 = zext i16 %select_ln603_3 to i224" [firmware/myproject_axi.cpp:15]   --->   Operation 130 'zext' 'zext_ln203' <Predicate = (!icmp_ln13)> <Delay = 0.00>
ST_9 : Operation 131 [1/1] (0.00ns) (grouped into LUT with out node and_ln203)   --->   "%select_ln203_1 = select i1 %icmp_ln203, i8 %empty_42, i8 %shl_ln" [firmware/myproject_axi.cpp:15]   --->   Operation 131 'select' 'select_ln203_1' <Predicate = (!icmp_ln13)> <Delay = 0.00> <Core = "Sel">   --->   Core 26 'Sel' <Latency = 0> <II = 1> <Delay = 0.69> <FuncUnit> <Opcode : 'select'> <InPorts = 3> <OutPorts = 1>
ST_9 : Operation 132 [1/1] (0.00ns) (grouped into LUT with out node shl_ln203)   --->   "%select_ln203_2 = select i1 %icmp_ln203, i8 %sub_ln203, i8 %shl_ln" [firmware/myproject_axi.cpp:15]   --->   Operation 132 'select' 'select_ln203_2' <Predicate = (!icmp_ln13)> <Delay = 0.00> <Core = "Sel">   --->   Core 26 'Sel' <Latency = 0> <II = 1> <Delay = 0.69> <FuncUnit> <Opcode : 'select'> <InPorts = 3> <OutPorts = 1>
ST_9 : Operation 133 [1/1] (0.00ns) (grouped into LUT with out node shl_ln203)   --->   "%zext_ln203_1 = zext i8 %select_ln203_2 to i224" [firmware/myproject_axi.cpp:15]   --->   Operation 133 'zext' 'zext_ln203_1' <Predicate = (!icmp_ln13)> <Delay = 0.00>
ST_9 : Operation 134 [1/1] (0.00ns) (grouped into LUT with out node and_ln203)   --->   "%zext_ln203_2 = zext i8 %select_ln203_1 to i224" [firmware/myproject_axi.cpp:15]   --->   Operation 134 'zext' 'zext_ln203_2' <Predicate = (!icmp_ln13)> <Delay = 0.00>
ST_9 : Operation 135 [1/1] (0.00ns) (grouped into LUT with out node and_ln203)   --->   "%zext_ln203_3 = zext i8 %sub_ln203_1 to i224" [firmware/myproject_axi.cpp:15]   --->   Operation 135 'zext' 'zext_ln203_3' <Predicate = (!icmp_ln13)> <Delay = 0.00>
ST_9 : Operation 136 [1/1] (3.98ns) (out node of the LUT)   --->   "%shl_ln203 = shl i224 %zext_ln203, %zext_ln203_1" [firmware/myproject_axi.cpp:15]   --->   Operation 136 'shl' 'shl_ln203' <Predicate = (!icmp_ln13)> <Delay = 3.98> <Core = "Shift">   --->   Core 28 'Shift' <Latency = 0> <II = 1> <Delay = 2.94> <FuncUnit> <Opcode : 'shl' 'lshr' 'ashr'> <InPorts = 2> <OutPorts = 1>
ST_9 : Operation 137 [1/1] (0.00ns) (grouped into LUT with out node and_ln203)   --->   "%shl_ln203_1 = shl i224 -1, %zext_ln203_2" [firmware/myproject_axi.cpp:15]   --->   Operation 137 'shl' 'shl_ln203_1' <Predicate = (!icmp_ln13)> <Delay = 0.00> <Core = "Shift">   --->   Core 28 'Shift' <Latency = 0> <II = 1> <Delay = 2.94> <FuncUnit> <Opcode : 'shl' 'lshr' 'ashr'> <InPorts = 2> <OutPorts = 1>
ST_9 : Operation 138 [1/1] (0.00ns) (grouped into LUT with out node and_ln203)   --->   "%lshr_ln203 = lshr i224 -1, %zext_ln203_3" [firmware/myproject_axi.cpp:15]   --->   Operation 138 'lshr' 'lshr_ln203' <Predicate = (!icmp_ln13)> <Delay = 0.00> <Core = "Shift">   --->   Core 28 'Shift' <Latency = 0> <II = 1> <Delay = 2.94> <FuncUnit> <Opcode : 'shl' 'lshr' 'ashr'> <InPorts = 2> <OutPorts = 1>
ST_9 : Operation 139 [1/1] (3.14ns) (out node of the LUT)   --->   "%and_ln203 = and i224 %shl_ln203_1, %lshr_ln203" [firmware/myproject_axi.cpp:15]   --->   Operation 139 'and' 'and_ln203' <Predicate = (!icmp_ln13)> <Delay = 3.14> <Core = "LogicGate">   --->   Core 27 'LogicGate' <Latency = 0> <II = 1> <Delay = 0.97> <FuncUnit> <Opcode : 'and' 'or' 'xor'> <InPorts = 2> <OutPorts = 1>

State 10 <SV = 9> <Delay = 1.52>
ST_10 : Operation 140 [1/1] (0.00ns)   --->   "%tmp_s = call i32 (...)* @_ssdm_op_SpecRegionBegin([12 x i8]* @p_str45)" [firmware/myproject_axi.cpp:13]   --->   Operation 140 'specregionbegin' 'tmp_s' <Predicate = (!icmp_ln13)> <Delay = 0.00>
ST_10 : Operation 141 [1/1] (0.00ns)   --->   "call void (...)* @_ssdm_op_SpecPipeline(i32 -1, i32 1, i32 1, i32 0, [1 x i8]* @p_str2) nounwind" [firmware/myproject_axi.cpp:14]   --->   Operation 141 'specpipeline' <Predicate = (!icmp_ln13)> <Delay = 0.00>
ST_10 : Operation 142 [1/1] (0.00ns)   --->   "%in_local_V_load = load i224* %in_local_V, align 8" [firmware/myproject_axi.cpp:15]   --->   Operation 142 'load' 'in_local_V_load' <Predicate = (!icmp_ln13)> <Delay = 0.00>
ST_10 : Operation 143 [1/1] (0.00ns) (grouped into LUT with out node in_local_V_1)   --->   "%tmp_7 = call i224 @llvm.part.select.i224(i224 %shl_ln203, i32 223, i32 0)" [firmware/myproject_axi.cpp:15]   --->   Operation 143 'partselect' 'tmp_7' <Predicate = (!icmp_ln13 & icmp_ln203)> <Delay = 0.00>
ST_10 : Operation 144 [1/1] (0.00ns) (grouped into LUT with out node in_local_V_1)   --->   "%select_ln203_3 = select i1 %icmp_ln203, i224 %tmp_7, i224 %shl_ln203" [firmware/myproject_axi.cpp:15]   --->   Operation 144 'select' 'select_ln203_3' <Predicate = (!icmp_ln13)> <Delay = 0.00> <Core = "Sel">   --->   Core 26 'Sel' <Latency = 0> <II = 1> <Delay = 0.69> <FuncUnit> <Opcode : 'select'> <InPorts = 3> <OutPorts = 1>
ST_10 : Operation 145 [1/1] (0.00ns) (grouped into LUT with out node in_local_V_1)   --->   "%xor_ln203 = xor i224 %and_ln203, -1" [firmware/myproject_axi.cpp:15]   --->   Operation 145 'xor' 'xor_ln203' <Predicate = (!icmp_ln13)> <Delay = 0.00> <Core = "LogicGate">   --->   Core 27 'LogicGate' <Latency = 0> <II = 1> <Delay = 0.97> <FuncUnit> <Opcode : 'and' 'or' 'xor'> <InPorts = 2> <OutPorts = 1>
ST_10 : Operation 146 [1/1] (0.00ns) (grouped into LUT with out node in_local_V_1)   --->   "%and_ln203_1 = and i224 %in_local_V_load, %xor_ln203" [firmware/myproject_axi.cpp:15]   --->   Operation 146 'and' 'and_ln203_1' <Predicate = (!icmp_ln13)> <Delay = 0.00> <Core = "LogicGate">   --->   Core 27 'LogicGate' <Latency = 0> <II = 1> <Delay = 0.97> <FuncUnit> <Opcode : 'and' 'or' 'xor'> <InPorts = 2> <OutPorts = 1>
ST_10 : Operation 147 [1/1] (0.00ns) (grouped into LUT with out node in_local_V_1)   --->   "%and_ln203_2 = and i224 %select_ln203_3, %and_ln203" [firmware/myproject_axi.cpp:15]   --->   Operation 147 'and' 'and_ln203_2' <Predicate = (!icmp_ln13)> <Delay = 0.00> <Core = "LogicGate">   --->   Core 27 'LogicGate' <Latency = 0> <II = 1> <Delay = 0.97> <FuncUnit> <Opcode : 'and' 'or' 'xor'> <InPorts = 2> <OutPorts = 1>
ST_10 : Operation 148 [1/1] (1.52ns) (out node of the LUT)   --->   "%in_local_V_1 = or i224 %and_ln203_1, %and_ln203_2" [firmware/myproject_axi.cpp:15]   --->   Operation 148 'or' 'in_local_V_1' <Predicate = (!icmp_ln13)> <Delay = 1.52> <Core = "LogicGate">   --->   Core 27 'LogicGate' <Latency = 0> <II = 1> <Delay = 0.97> <FuncUnit> <Opcode : 'and' 'or' 'xor'> <InPorts = 2> <OutPorts = 1>
ST_10 : Operation 149 [1/1] (0.00ns)   --->   "store i224 %in_local_V_1, i224* %in_local_V, align 8" [firmware/myproject_axi.cpp:15]   --->   Operation 149 'store' <Predicate = (!icmp_ln13)> <Delay = 0.00>
ST_10 : Operation 150 [1/1] (0.00ns)   --->   "%empty_43 = call i32 (...)* @_ssdm_op_SpecRegionEnd([12 x i8]* @p_str45, i32 %tmp_s)" [firmware/myproject_axi.cpp:17]   --->   Operation 150 'specregionend' 'empty_43' <Predicate = (!icmp_ln13)> <Delay = 0.00>
ST_10 : Operation 151 [1/1] (0.00ns)   --->   "br label %.preheader" [firmware/myproject_axi.cpp:13]   --->   Operation 151 'br' <Predicate = (!icmp_ln13)> <Delay = 0.00>

State 11 <SV = 2> <Delay = 4.09>
ST_11 : Operation 152 [30/30] (4.09ns)   --->   "%call_ret = call fastcc { i36, i36, i36, i36, i36, i36, i36, i36, i36, i36, i36, i36, i36, i36 } @myproject(i224* %in_local_V)"   --->   Operation 152 'call' 'call_ret' <Predicate = true> <Delay = 4.09> <CoreType = "Generic">   --->   Core 0 '' <Latency = 0> <II = 1> <Delay = 1.00> <Generic> <Opcode : >

State 12 <SV = 3> <Delay = 4.33>
ST_12 : Operation 153 [29/30] (4.33ns)   --->   "%call_ret = call fastcc { i36, i36, i36, i36, i36, i36, i36, i36, i36, i36, i36, i36, i36, i36 } @myproject(i224* %in_local_V)"   --->   Operation 153 'call' 'call_ret' <Predicate = true> <Delay = 4.33> <CoreType = "Generic">   --->   Core 0 '' <Latency = 0> <II = 1> <Delay = 1.00> <Generic> <Opcode : >

State 13 <SV = 4> <Delay = 4.33>
ST_13 : Operation 154 [28/30] (4.33ns)   --->   "%call_ret = call fastcc { i36, i36, i36, i36, i36, i36, i36, i36, i36, i36, i36, i36, i36, i36 } @myproject(i224* %in_local_V)"   --->   Operation 154 'call' 'call_ret' <Predicate = true> <Delay = 4.33> <CoreType = "Generic">   --->   Core 0 '' <Latency = 0> <II = 1> <Delay = 1.00> <Generic> <Opcode : >

State 14 <SV = 5> <Delay = 4.33>
ST_14 : Operation 155 [27/30] (4.33ns)   --->   "%call_ret = call fastcc { i36, i36, i36, i36, i36, i36, i36, i36, i36, i36, i36, i36, i36, i36 } @myproject(i224* %in_local_V)"   --->   Operation 155 'call' 'call_ret' <Predicate = true> <Delay = 4.33> <CoreType = "Generic">   --->   Core 0 '' <Latency = 0> <II = 1> <Delay = 1.00> <Generic> <Opcode : >

State 15 <SV = 6> <Delay = 4.33>
ST_15 : Operation 156 [26/30] (4.33ns)   --->   "%call_ret = call fastcc { i36, i36, i36, i36, i36, i36, i36, i36, i36, i36, i36, i36, i36, i36 } @myproject(i224* %in_local_V)"   --->   Operation 156 'call' 'call_ret' <Predicate = true> <Delay = 4.33> <CoreType = "Generic">   --->   Core 0 '' <Latency = 0> <II = 1> <Delay = 1.00> <Generic> <Opcode : >

State 16 <SV = 7> <Delay = 4.33>
ST_16 : Operation 157 [25/30] (4.33ns)   --->   "%call_ret = call fastcc { i36, i36, i36, i36, i36, i36, i36, i36, i36, i36, i36, i36, i36, i36 } @myproject(i224* %in_local_V)"   --->   Operation 157 'call' 'call_ret' <Predicate = true> <Delay = 4.33> <CoreType = "Generic">   --->   Core 0 '' <Latency = 0> <II = 1> <Delay = 1.00> <Generic> <Opcode : >

State 17 <SV = 8> <Delay = 4.33>
ST_17 : Operation 158 [24/30] (4.33ns)   --->   "%call_ret = call fastcc { i36, i36, i36, i36, i36, i36, i36, i36, i36, i36, i36, i36, i36, i36 } @myproject(i224* %in_local_V)"   --->   Operation 158 'call' 'call_ret' <Predicate = true> <Delay = 4.33> <CoreType = "Generic">   --->   Core 0 '' <Latency = 0> <II = 1> <Delay = 1.00> <Generic> <Opcode : >

State 18 <SV = 9> <Delay = 4.33>
ST_18 : Operation 159 [23/30] (4.33ns)   --->   "%call_ret = call fastcc { i36, i36, i36, i36, i36, i36, i36, i36, i36, i36, i36, i36, i36, i36 } @myproject(i224* %in_local_V)"   --->   Operation 159 'call' 'call_ret' <Predicate = true> <Delay = 4.33> <CoreType = "Generic">   --->   Core 0 '' <Latency = 0> <II = 1> <Delay = 1.00> <Generic> <Opcode : >

State 19 <SV = 10> <Delay = 4.33>
ST_19 : Operation 160 [22/30] (4.33ns)   --->   "%call_ret = call fastcc { i36, i36, i36, i36, i36, i36, i36, i36, i36, i36, i36, i36, i36, i36 } @myproject(i224* %in_local_V)"   --->   Operation 160 'call' 'call_ret' <Predicate = true> <Delay = 4.33> <CoreType = "Generic">   --->   Core 0 '' <Latency = 0> <II = 1> <Delay = 1.00> <Generic> <Opcode : >

State 20 <SV = 11> <Delay = 4.33>
ST_20 : Operation 161 [21/30] (4.33ns)   --->   "%call_ret = call fastcc { i36, i36, i36, i36, i36, i36, i36, i36, i36, i36, i36, i36, i36, i36 } @myproject(i224* %in_local_V)"   --->   Operation 161 'call' 'call_ret' <Predicate = true> <Delay = 4.33> <CoreType = "Generic">   --->   Core 0 '' <Latency = 0> <II = 1> <Delay = 1.00> <Generic> <Opcode : >

State 21 <SV = 12> <Delay = 4.33>
ST_21 : Operation 162 [20/30] (4.33ns)   --->   "%call_ret = call fastcc { i36, i36, i36, i36, i36, i36, i36, i36, i36, i36, i36, i36, i36, i36 } @myproject(i224* %in_local_V)"   --->   Operation 162 'call' 'call_ret' <Predicate = true> <Delay = 4.33> <CoreType = "Generic">   --->   Core 0 '' <Latency = 0> <II = 1> <Delay = 1.00> <Generic> <Opcode : >

State 22 <SV = 13> <Delay = 4.33>
ST_22 : Operation 163 [19/30] (4.33ns)   --->   "%call_ret = call fastcc { i36, i36, i36, i36, i36, i36, i36, i36, i36, i36, i36, i36, i36, i36 } @myproject(i224* %in_local_V)"   --->   Operation 163 'call' 'call_ret' <Predicate = true> <Delay = 4.33> <CoreType = "Generic">   --->   Core 0 '' <Latency = 0> <II = 1> <Delay = 1.00> <Generic> <Opcode : >

State 23 <SV = 14> <Delay = 4.33>
ST_23 : Operation 164 [18/30] (4.33ns)   --->   "%call_ret = call fastcc { i36, i36, i36, i36, i36, i36, i36, i36, i36, i36, i36, i36, i36, i36 } @myproject(i224* %in_local_V)"   --->   Operation 164 'call' 'call_ret' <Predicate = true> <Delay = 4.33> <CoreType = "Generic">   --->   Core 0 '' <Latency = 0> <II = 1> <Delay = 1.00> <Generic> <Opcode : >

State 24 <SV = 15> <Delay = 4.33>
ST_24 : Operation 165 [17/30] (4.33ns)   --->   "%call_ret = call fastcc { i36, i36, i36, i36, i36, i36, i36, i36, i36, i36, i36, i36, i36, i36 } @myproject(i224* %in_local_V)"   --->   Operation 165 'call' 'call_ret' <Predicate = true> <Delay = 4.33> <CoreType = "Generic">   --->   Core 0 '' <Latency = 0> <II = 1> <Delay = 1.00> <Generic> <Opcode : >

State 25 <SV = 16> <Delay = 4.33>
ST_25 : Operation 166 [16/30] (4.33ns)   --->   "%call_ret = call fastcc { i36, i36, i36, i36, i36, i36, i36, i36, i36, i36, i36, i36, i36, i36 } @myproject(i224* %in_local_V)"   --->   Operation 166 'call' 'call_ret' <Predicate = true> <Delay = 4.33> <CoreType = "Generic">   --->   Core 0 '' <Latency = 0> <II = 1> <Delay = 1.00> <Generic> <Opcode : >

State 26 <SV = 17> <Delay = 4.33>
ST_26 : Operation 167 [15/30] (4.33ns)   --->   "%call_ret = call fastcc { i36, i36, i36, i36, i36, i36, i36, i36, i36, i36, i36, i36, i36, i36 } @myproject(i224* %in_local_V)"   --->   Operation 167 'call' 'call_ret' <Predicate = true> <Delay = 4.33> <CoreType = "Generic">   --->   Core 0 '' <Latency = 0> <II = 1> <Delay = 1.00> <Generic> <Opcode : >

State 27 <SV = 18> <Delay = 4.33>
ST_27 : Operation 168 [14/30] (4.33ns)   --->   "%call_ret = call fastcc { i36, i36, i36, i36, i36, i36, i36, i36, i36, i36, i36, i36, i36, i36 } @myproject(i224* %in_local_V)"   --->   Operation 168 'call' 'call_ret' <Predicate = true> <Delay = 4.33> <CoreType = "Generic">   --->   Core 0 '' <Latency = 0> <II = 1> <Delay = 1.00> <Generic> <Opcode : >

State 28 <SV = 19> <Delay = 4.33>
ST_28 : Operation 169 [13/30] (4.33ns)   --->   "%call_ret = call fastcc { i36, i36, i36, i36, i36, i36, i36, i36, i36, i36, i36, i36, i36, i36 } @myproject(i224* %in_local_V)"   --->   Operation 169 'call' 'call_ret' <Predicate = true> <Delay = 4.33> <CoreType = "Generic">   --->   Core 0 '' <Latency = 0> <II = 1> <Delay = 1.00> <Generic> <Opcode : >

State 29 <SV = 20> <Delay = 4.33>
ST_29 : Operation 170 [12/30] (4.33ns)   --->   "%call_ret = call fastcc { i36, i36, i36, i36, i36, i36, i36, i36, i36, i36, i36, i36, i36, i36 } @myproject(i224* %in_local_V)"   --->   Operation 170 'call' 'call_ret' <Predicate = true> <Delay = 4.33> <CoreType = "Generic">   --->   Core 0 '' <Latency = 0> <II = 1> <Delay = 1.00> <Generic> <Opcode : >

State 30 <SV = 21> <Delay = 4.33>
ST_30 : Operation 171 [11/30] (4.33ns)   --->   "%call_ret = call fastcc { i36, i36, i36, i36, i36, i36, i36, i36, i36, i36, i36, i36, i36, i36 } @myproject(i224* %in_local_V)"   --->   Operation 171 'call' 'call_ret' <Predicate = true> <Delay = 4.33> <CoreType = "Generic">   --->   Core 0 '' <Latency = 0> <II = 1> <Delay = 1.00> <Generic> <Opcode : >

State 31 <SV = 22> <Delay = 4.33>
ST_31 : Operation 172 [10/30] (4.33ns)   --->   "%call_ret = call fastcc { i36, i36, i36, i36, i36, i36, i36, i36, i36, i36, i36, i36, i36, i36 } @myproject(i224* %in_local_V)"   --->   Operation 172 'call' 'call_ret' <Predicate = true> <Delay = 4.33> <CoreType = "Generic">   --->   Core 0 '' <Latency = 0> <II = 1> <Delay = 1.00> <Generic> <Opcode : >

State 32 <SV = 23> <Delay = 4.33>
ST_32 : Operation 173 [9/30] (4.33ns)   --->   "%call_ret = call fastcc { i36, i36, i36, i36, i36, i36, i36, i36, i36, i36, i36, i36, i36, i36 } @myproject(i224* %in_local_V)"   --->   Operation 173 'call' 'call_ret' <Predicate = true> <Delay = 4.33> <CoreType = "Generic">   --->   Core 0 '' <Latency = 0> <II = 1> <Delay = 1.00> <Generic> <Opcode : >

State 33 <SV = 24> <Delay = 4.33>
ST_33 : Operation 174 [8/30] (4.33ns)   --->   "%call_ret = call fastcc { i36, i36, i36, i36, i36, i36, i36, i36, i36, i36, i36, i36, i36, i36 } @myproject(i224* %in_local_V)"   --->   Operation 174 'call' 'call_ret' <Predicate = true> <Delay = 4.33> <CoreType = "Generic">   --->   Core 0 '' <Latency = 0> <II = 1> <Delay = 1.00> <Generic> <Opcode : >

State 34 <SV = 25> <Delay = 4.33>
ST_34 : Operation 175 [7/30] (4.33ns)   --->   "%call_ret = call fastcc { i36, i36, i36, i36, i36, i36, i36, i36, i36, i36, i36, i36, i36, i36 } @myproject(i224* %in_local_V)"   --->   Operation 175 'call' 'call_ret' <Predicate = true> <Delay = 4.33> <CoreType = "Generic">   --->   Core 0 '' <Latency = 0> <II = 1> <Delay = 1.00> <Generic> <Opcode : >

State 35 <SV = 26> <Delay = 4.33>
ST_35 : Operation 176 [6/30] (4.33ns)   --->   "%call_ret = call fastcc { i36, i36, i36, i36, i36, i36, i36, i36, i36, i36, i36, i36, i36, i36 } @myproject(i224* %in_local_V)"   --->   Operation 176 'call' 'call_ret' <Predicate = true> <Delay = 4.33> <CoreType = "Generic">   --->   Core 0 '' <Latency = 0> <II = 1> <Delay = 1.00> <Generic> <Opcode : >

State 36 <SV = 27> <Delay = 4.33>
ST_36 : Operation 177 [5/30] (4.33ns)   --->   "%call_ret = call fastcc { i36, i36, i36, i36, i36, i36, i36, i36, i36, i36, i36, i36, i36, i36 } @myproject(i224* %in_local_V)"   --->   Operation 177 'call' 'call_ret' <Predicate = true> <Delay = 4.33> <CoreType = "Generic">   --->   Core 0 '' <Latency = 0> <II = 1> <Delay = 1.00> <Generic> <Opcode : >

State 37 <SV = 28> <Delay = 4.33>
ST_37 : Operation 178 [4/30] (4.33ns)   --->   "%call_ret = call fastcc { i36, i36, i36, i36, i36, i36, i36, i36, i36, i36, i36, i36, i36, i36 } @myproject(i224* %in_local_V)"   --->   Operation 178 'call' 'call_ret' <Predicate = true> <Delay = 4.33> <CoreType = "Generic">   --->   Core 0 '' <Latency = 0> <II = 1> <Delay = 1.00> <Generic> <Opcode : >

State 38 <SV = 29> <Delay = 4.33>
ST_38 : Operation 179 [3/30] (4.33ns)   --->   "%call_ret = call fastcc { i36, i36, i36, i36, i36, i36, i36, i36, i36, i36, i36, i36, i36, i36 } @myproject(i224* %in_local_V)"   --->   Operation 179 'call' 'call_ret' <Predicate = true> <Delay = 4.33> <CoreType = "Generic">   --->   Core 0 '' <Latency = 0> <II = 1> <Delay = 1.00> <Generic> <Opcode : >

State 39 <SV = 30> <Delay = 4.33>
ST_39 : Operation 180 [2/30] (4.33ns)   --->   "%call_ret = call fastcc { i36, i36, i36, i36, i36, i36, i36, i36, i36, i36, i36, i36, i36, i36 } @myproject(i224* %in_local_V)"   --->   Operation 180 'call' 'call_ret' <Predicate = true> <Delay = 4.33> <CoreType = "Generic">   --->   Core 0 '' <Latency = 0> <II = 1> <Delay = 1.00> <Generic> <Opcode : >

State 40 <SV = 31> <Delay = 3.90>
ST_40 : Operation 181 [1/30] (3.90ns)   --->   "%call_ret = call fastcc { i36, i36, i36, i36, i36, i36, i36, i36, i36, i36, i36, i36, i36, i36 } @myproject(i224* %in_local_V)"   --->   Operation 181 'call' 'call_ret' <Predicate = true> <Delay = 3.90> <CoreType = "Generic">   --->   Core 0 '' <Latency = 0> <II = 1> <Delay = 1.00> <Generic> <Opcode : >
ST_40 : Operation 182 [1/1] (0.00ns)   --->   "%out_local = extractvalue { i36, i36, i36, i36, i36, i36, i36, i36, i36, i36, i36, i36, i36, i36 } %call_ret, 0"   --->   Operation 182 'extractvalue' 'out_local' <Predicate = true> <Delay = 0.00>
ST_40 : Operation 183 [1/1] (0.00ns)   --->   "%out_local_1 = extractvalue { i36, i36, i36, i36, i36, i36, i36, i36, i36, i36, i36, i36, i36, i36 } %call_ret, 1"   --->   Operation 183 'extractvalue' 'out_local_1' <Predicate = true> <Delay = 0.00>
ST_40 : Operation 184 [1/1] (0.00ns)   --->   "%out_local_2 = extractvalue { i36, i36, i36, i36, i36, i36, i36, i36, i36, i36, i36, i36, i36, i36 } %call_ret, 2"   --->   Operation 184 'extractvalue' 'out_local_2' <Predicate = true> <Delay = 0.00>
ST_40 : Operation 185 [1/1] (0.00ns)   --->   "%out_local_3 = extractvalue { i36, i36, i36, i36, i36, i36, i36, i36, i36, i36, i36, i36, i36, i36 } %call_ret, 3"   --->   Operation 185 'extractvalue' 'out_local_3' <Predicate = true> <Delay = 0.00>
ST_40 : Operation 186 [1/1] (0.00ns)   --->   "%out_local_4 = extractvalue { i36, i36, i36, i36, i36, i36, i36, i36, i36, i36, i36, i36, i36, i36 } %call_ret, 4"   --->   Operation 186 'extractvalue' 'out_local_4' <Predicate = true> <Delay = 0.00>
ST_40 : Operation 187 [1/1] (0.00ns)   --->   "%out_local_5 = extractvalue { i36, i36, i36, i36, i36, i36, i36, i36, i36, i36, i36, i36, i36, i36 } %call_ret, 5"   --->   Operation 187 'extractvalue' 'out_local_5' <Predicate = true> <Delay = 0.00>
ST_40 : Operation 188 [1/1] (0.00ns)   --->   "%out_local_6 = extractvalue { i36, i36, i36, i36, i36, i36, i36, i36, i36, i36, i36, i36, i36, i36 } %call_ret, 6"   --->   Operation 188 'extractvalue' 'out_local_6' <Predicate = true> <Delay = 0.00>
ST_40 : Operation 189 [1/1] (0.00ns)   --->   "%out_local_7 = extractvalue { i36, i36, i36, i36, i36, i36, i36, i36, i36, i36, i36, i36, i36, i36 } %call_ret, 7"   --->   Operation 189 'extractvalue' 'out_local_7' <Predicate = true> <Delay = 0.00>
ST_40 : Operation 190 [1/1] (0.00ns)   --->   "%out_local_8 = extractvalue { i36, i36, i36, i36, i36, i36, i36, i36, i36, i36, i36, i36, i36, i36 } %call_ret, 8"   --->   Operation 190 'extractvalue' 'out_local_8' <Predicate = true> <Delay = 0.00>
ST_40 : Operation 191 [1/1] (0.00ns)   --->   "%out_local_9 = extractvalue { i36, i36, i36, i36, i36, i36, i36, i36, i36, i36, i36, i36, i36, i36 } %call_ret, 9"   --->   Operation 191 'extractvalue' 'out_local_9' <Predicate = true> <Delay = 0.00>
ST_40 : Operation 192 [1/1] (0.00ns)   --->   "%out_local_s = extractvalue { i36, i36, i36, i36, i36, i36, i36, i36, i36, i36, i36, i36, i36, i36 } %call_ret, 10"   --->   Operation 192 'extractvalue' 'out_local_s' <Predicate = true> <Delay = 0.00>
ST_40 : Operation 193 [1/1] (0.00ns)   --->   "%out_local_10 = extractvalue { i36, i36, i36, i36, i36, i36, i36, i36, i36, i36, i36, i36, i36, i36 } %call_ret, 11"   --->   Operation 193 'extractvalue' 'out_local_10' <Predicate = true> <Delay = 0.00>
ST_40 : Operation 194 [1/1] (0.00ns)   --->   "%out_local_11 = extractvalue { i36, i36, i36, i36, i36, i36, i36, i36, i36, i36, i36, i36, i36, i36 } %call_ret, 12"   --->   Operation 194 'extractvalue' 'out_local_11' <Predicate = true> <Delay = 0.00>
ST_40 : Operation 195 [1/1] (0.00ns)   --->   "%out_local_12 = extractvalue { i36, i36, i36, i36, i36, i36, i36, i36, i36, i36, i36, i36, i36, i36 } %call_ret, 13"   --->   Operation 195 'extractvalue' 'out_local_12' <Predicate = true> <Delay = 0.00>
ST_40 : Operation 196 [1/1] (1.76ns)   --->   "br label %1" [firmware/myproject_axi.cpp:21]   --->   Operation 196 'br' <Predicate = true> <Delay = 1.76>

State 41 <SV = 32> <Delay = 2.42>
ST_41 : Operation 197 [1/1] (0.00ns)   --->   "%i2_0 = phi i4 [ 0, %0 ], [ %i_1, %hls_label_1 ]"   --->   Operation 197 'phi' 'i2_0' <Predicate = true> <Delay = 0.00>
ST_41 : Operation 198 [1/1] (1.30ns)   --->   "%icmp_ln21 = icmp eq i4 %i2_0, -2" [firmware/myproject_axi.cpp:21]   --->   Operation 198 'icmp' 'icmp_ln21' <Predicate = true> <Delay = 1.30> <Core = "Cmp">   --->   Core 25 'Cmp' <Latency = 0> <II = 1> <Delay = 1.30> <FuncUnit> <Opcode : 'icmp'> <InPorts = 2> <OutPorts = 1>
ST_41 : Operation 199 [1/1] (0.00ns)   --->   "%empty_44 = call i32 (...)* @_ssdm_op_SpecLoopTripCount(i64 14, i64 14, i64 14)"   --->   Operation 199 'speclooptripcount' 'empty_44' <Predicate = true> <Delay = 0.00>
ST_41 : Operation 200 [1/1] (1.73ns)   --->   "%i_1 = add i4 %i2_0, 1" [firmware/myproject_axi.cpp:21]   --->   Operation 200 'add' 'i_1' <Predicate = true> <Delay = 1.73> <Core = "AddSub">   --->   Core 14 'AddSub' <Latency = 0> <II = 1> <Delay = 2.71> <FuncUnit> <Opcode : 'add' 'sub'> <InPorts = 2> <OutPorts = 1>
ST_41 : Operation 201 [1/1] (0.00ns)   --->   "br i1 %icmp_ln21, label %2, label %hls_label_1" [firmware/myproject_axi.cpp:21]   --->   Operation 201 'br' <Predicate = true> <Delay = 0.00>
ST_41 : Operation 202 [1/1] (2.42ns)   --->   "%tmp_V_3 = call i36 @_ssdm_op_Mux.ap_auto.14i36.i4(i36 %out_local, i36 %out_local_1, i36 %out_local_2, i36 %out_local_3, i36 %out_local_4, i36 %out_local_5, i36 %out_local_6, i36 %out_local_7, i36 %out_local_8, i36 %out_local_9, i36 %out_local_s, i36 %out_local_10, i36 %out_local_11, i36 %out_local_12, i4 %i2_0)" [firmware/myproject_axi.cpp:23]   --->   Operation 202 'mux' 'tmp_V_3' <Predicate = (!icmp_ln21)> <Delay = 2.42> <Core = "MuxnS">   --->   Core 31 'MuxnS' <Latency = 0> <II = 1> <Delay = 2.42> <FuncUnit> <Opcode : 'mux'> <InPorts = 2> <OutPorts = 1>
ST_41 : Operation 203 [1/1] (0.00ns)   --->   "%p_Result_10 = call i1 @_ssdm_op_BitSelect.i1.i36.i32(i36 %tmp_V_3, i32 35)" [firmware/myproject_axi.cpp:23]   --->   Operation 203 'bitselect' 'p_Result_10' <Predicate = (!icmp_ln21)> <Delay = 0.00>
ST_41 : Operation 204 [1/1] (1.30ns)   --->   "%icmp_ln24 = icmp eq i4 %i2_0, -3" [firmware/myproject_axi.cpp:24]   --->   Operation 204 'icmp' 'icmp_ln24' <Predicate = (!icmp_ln21)> <Delay = 1.30> <Core = "Cmp">   --->   Core 25 'Cmp' <Latency = 0> <II = 1> <Delay = 1.30> <FuncUnit> <Opcode : 'icmp'> <InPorts = 2> <OutPorts = 1>
ST_41 : Operation 205 [1/1] (0.97ns)   --->   "%and_ln24 = and i1 %is_last_0, %icmp_ln24" [firmware/myproject_axi.cpp:24]   --->   Operation 205 'and' 'and_ln24' <Predicate = (!icmp_ln21)> <Delay = 0.97> <Core = "LogicGate">   --->   Core 27 'LogicGate' <Latency = 0> <II = 1> <Delay = 0.97> <FuncUnit> <Opcode : 'and' 'or' 'xor'> <InPorts = 2> <OutPorts = 1>

State 42 <SV = 33> <Delay = 3.84>
ST_42 : Operation 206 [1/1] (2.50ns)   --->   "%icmp_ln935 = icmp eq i36 %tmp_V_3, 0" [firmware/myproject_axi.cpp:23]   --->   Operation 206 'icmp' 'icmp_ln935' <Predicate = (!icmp_ln21)> <Delay = 2.50> <Core = "Cmp">   --->   Core 25 'Cmp' <Latency = 0> <II = 1> <Delay = 1.30> <FuncUnit> <Opcode : 'icmp'> <InPorts = 2> <OutPorts = 1>
ST_42 : Operation 207 [1/1] (2.71ns)   --->   "%tmp_V = sub nsw i36 0, %tmp_V_3" [firmware/myproject_axi.cpp:23]   --->   Operation 207 'sub' 'tmp_V' <Predicate = (!icmp_ln21 & p_Result_10)> <Delay = 2.71> <Core = "AddSub">   --->   Core 14 'AddSub' <Latency = 0> <II = 1> <Delay = 2.71> <FuncUnit> <Opcode : 'add' 'sub'> <InPorts = 2> <OutPorts = 1>
ST_42 : Operation 208 [1/1] (1.12ns)   --->   "%tmp_V_4 = select i1 %p_Result_10, i36 %tmp_V, i36 %tmp_V_3" [firmware/myproject_axi.cpp:23]   --->   Operation 208 'select' 'tmp_V_4' <Predicate = (!icmp_ln21)> <Delay = 1.12> <Core = "Sel">   --->   Core 26 'Sel' <Latency = 0> <II = 1> <Delay = 0.69> <FuncUnit> <Opcode : 'select'> <InPorts = 3> <OutPorts = 1>
ST_42 : Operation 209 [1/1] (0.00ns)   --->   "%p_Result_s = call i36 @llvm.part.select.i36(i36 %tmp_V_4, i32 35, i32 0) nounwind" [firmware/myproject_axi.cpp:23]   --->   Operation 209 'partselect' 'p_Result_s' <Predicate = (!icmp_ln21)> <Delay = 0.00>

State 43 <SV = 34> <Delay = 4.06>
ST_43 : Operation 210 [1/1] (0.00ns)   --->   "%p_Result_11 = call i64 @_ssdm_op_BitConcatenate.i64.i28.i36(i28 -1, i36 %p_Result_s)" [firmware/myproject_axi.cpp:23]   --->   Operation 210 'bitconcatenate' 'p_Result_11' <Predicate = (!icmp_ln21 & !icmp_ln935)> <Delay = 0.00>
ST_43 : Operation 211 [1/1] (4.06ns)   --->   "%tmp = call i64 @llvm.cttz.i64(i64 %p_Result_11, i1 true) nounwind" [firmware/myproject_axi.cpp:23]   --->   Operation 211 'cttz' 'tmp' <Predicate = (!icmp_ln21 & !icmp_ln935)> <Delay = 4.06> <Core = "CTTZ">   --->   Core 64 'CTTZ' <Latency = 0> <II = 1> <Delay = 4.06> <FuncUnit> <Opcode : 'cttz'> <InPorts = 1> <OutPorts = 1>
ST_43 : Operation 212 [1/1] (0.00ns)   --->   "%l = trunc i64 %tmp to i32" [firmware/myproject_axi.cpp:23]   --->   Operation 212 'trunc' 'l' <Predicate = (!icmp_ln21 & !icmp_ln935)> <Delay = 0.00>
ST_43 : Operation 213 [1/1] (0.00ns)   --->   "%trunc_ln943 = trunc i64 %tmp to i8" [firmware/myproject_axi.cpp:23]   --->   Operation 213 'trunc' 'trunc_ln943' <Predicate = (!icmp_ln21 & !icmp_ln935)> <Delay = 0.00>

State 44 <SV = 35> <Delay = 2.55>
ST_44 : Operation 214 [1/1] (2.55ns)   --->   "%sub_ln944 = sub nsw i32 36, %l" [firmware/myproject_axi.cpp:23]   --->   Operation 214 'sub' 'sub_ln944' <Predicate = (!icmp_ln21 & !icmp_ln935)> <Delay = 2.55> <Core = "AddSub">   --->   Core 14 'AddSub' <Latency = 0> <II = 1> <Delay = 2.71> <FuncUnit> <Opcode : 'add' 'sub'> <InPorts = 2> <OutPorts = 1>
ST_44 : Operation 215 [1/1] (0.00ns)   --->   "%trunc_ln947 = trunc i32 %sub_ln944 to i6" [firmware/myproject_axi.cpp:23]   --->   Operation 215 'trunc' 'trunc_ln947' <Predicate = (!icmp_ln21 & !icmp_ln935)> <Delay = 0.00>

State 45 <SV = 36> <Delay = 2.55>
ST_45 : Operation 216 [1/1] (2.55ns)   --->   "%lsb_index = add nsw i32 -24, %sub_ln944" [firmware/myproject_axi.cpp:23]   --->   Operation 216 'add' 'lsb_index' <Predicate = (!icmp_ln21 & !icmp_ln935)> <Delay = 2.55> <Core = "AddSub">   --->   Core 14 'AddSub' <Latency = 0> <II = 1> <Delay = 2.71> <FuncUnit> <Opcode : 'add' 'sub'> <InPorts = 2> <OutPorts = 1>
ST_45 : Operation 217 [1/1] (0.00ns)   --->   "%tmp_9 = call i31 @_ssdm_op_PartSelect.i31.i32.i32.i32(i32 %lsb_index, i32 1, i32 31)" [firmware/myproject_axi.cpp:23]   --->   Operation 217 'partselect' 'tmp_9' <Predicate = (!icmp_ln21 & !icmp_ln935)> <Delay = 0.00>
ST_45 : Operation 218 [1/1] (1.82ns)   --->   "%sub_ln947 = sub i6 -3, %trunc_ln947" [firmware/myproject_axi.cpp:23]   --->   Operation 218 'sub' 'sub_ln947' <Predicate = (!icmp_ln21 & !icmp_ln935)> <Delay = 1.82> <Core = "AddSub">   --->   Core 14 'AddSub' <Latency = 0> <II = 1> <Delay = 2.71> <FuncUnit> <Opcode : 'add' 'sub'> <InPorts = 2> <OutPorts = 1>
ST_45 : Operation 219 [1/1] (2.55ns)   --->   "%add_ln954 = add nsw i32 -25, %sub_ln944" [firmware/myproject_axi.cpp:23]   --->   Operation 219 'add' 'add_ln954' <Predicate = (!icmp_ln21 & !icmp_ln935)> <Delay = 2.55> <Core = "AddSub">   --->   Core 14 'AddSub' <Latency = 0> <II = 1> <Delay = 2.71> <FuncUnit> <Opcode : 'add' 'sub'> <InPorts = 2> <OutPorts = 1>
ST_45 : Operation 220 [1/1] (2.55ns)   --->   "%sub_ln954 = sub i32 25, %sub_ln944" [firmware/myproject_axi.cpp:23]   --->   Operation 220 'sub' 'sub_ln954' <Predicate = (!icmp_ln21 & !icmp_ln935)> <Delay = 2.55> <Core = "AddSub">   --->   Core 14 'AddSub' <Latency = 0> <II = 1> <Delay = 2.71> <FuncUnit> <Opcode : 'add' 'sub'> <InPorts = 2> <OutPorts = 1>

State 46 <SV = 37> <Delay = 3.91>
ST_46 : Operation 221 [1/1] (2.47ns)   --->   "%icmp_ln947 = icmp sgt i31 %tmp_9, 0" [firmware/myproject_axi.cpp:23]   --->   Operation 221 'icmp' 'icmp_ln947' <Predicate = (!icmp_ln21 & !icmp_ln935)> <Delay = 2.47> <Core = "Cmp">   --->   Core 25 'Cmp' <Latency = 0> <II = 1> <Delay = 1.30> <FuncUnit> <Opcode : 'icmp'> <InPorts = 2> <OutPorts = 1>
ST_46 : Operation 222 [1/1] (0.00ns) (grouped into LUT with out node icmp_ln947_1)   --->   "%zext_ln947 = zext i6 %sub_ln947 to i36" [firmware/myproject_axi.cpp:23]   --->   Operation 222 'zext' 'zext_ln947' <Predicate = (!icmp_ln21 & !icmp_ln935)> <Delay = 0.00>
ST_46 : Operation 223 [1/1] (0.00ns) (grouped into LUT with out node icmp_ln947_1)   --->   "%lshr_ln947 = lshr i36 -1, %zext_ln947" [firmware/myproject_axi.cpp:23]   --->   Operation 223 'lshr' 'lshr_ln947' <Predicate = (!icmp_ln21 & !icmp_ln935)> <Delay = 0.00> <Core = "Shift">   --->   Core 28 'Shift' <Latency = 0> <II = 1> <Delay = 2.94> <FuncUnit> <Opcode : 'shl' 'lshr' 'ashr'> <InPorts = 2> <OutPorts = 1>
ST_46 : Operation 224 [1/1] (0.00ns) (grouped into LUT with out node icmp_ln947_1)   --->   "%p_Result_6 = and i36 %tmp_V_4, %lshr_ln947" [firmware/myproject_axi.cpp:23]   --->   Operation 224 'and' 'p_Result_6' <Predicate = (!icmp_ln21 & !icmp_ln935)> <Delay = 0.00> <Core = "LogicGate">   --->   Core 27 'LogicGate' <Latency = 0> <II = 1> <Delay = 0.97> <FuncUnit> <Opcode : 'and' 'or' 'xor'> <InPorts = 2> <OutPorts = 1>
ST_46 : Operation 225 [1/1] (2.94ns) (out node of the LUT)   --->   "%icmp_ln947_1 = icmp ne i36 %p_Result_6, 0" [firmware/myproject_axi.cpp:23]   --->   Operation 225 'icmp' 'icmp_ln947_1' <Predicate = (!icmp_ln21 & !icmp_ln935)> <Delay = 2.94> <Core = "Cmp">   --->   Core 25 'Cmp' <Latency = 0> <II = 1> <Delay = 1.30> <FuncUnit> <Opcode : 'icmp'> <InPorts = 2> <OutPorts = 1>
ST_46 : Operation 226 [1/1] (0.00ns) (grouped into LUT with out node or_ln)   --->   "%a = and i1 %icmp_ln947, %icmp_ln947_1" [firmware/myproject_axi.cpp:23]   --->   Operation 226 'and' 'a' <Predicate = (!icmp_ln21 & !icmp_ln935)> <Delay = 0.00> <Core = "LogicGate">   --->   Core 27 'LogicGate' <Latency = 0> <II = 1> <Delay = 0.97> <FuncUnit> <Opcode : 'and' 'or' 'xor'> <InPorts = 2> <OutPorts = 1>
ST_46 : Operation 227 [1/1] (0.00ns) (grouped into LUT with out node or_ln)   --->   "%tmp_10 = call i1 @_ssdm_op_BitSelect.i1.i32.i32(i32 %lsb_index, i32 31)" [firmware/myproject_axi.cpp:23]   --->   Operation 227 'bitselect' 'tmp_10' <Predicate = (!icmp_ln21 & !icmp_ln935)> <Delay = 0.00>
ST_46 : Operation 228 [1/1] (0.00ns) (grouped into LUT with out node or_ln)   --->   "%xor_ln949 = xor i1 %tmp_10, true" [firmware/myproject_axi.cpp:23]   --->   Operation 228 'xor' 'xor_ln949' <Predicate = (!icmp_ln21 & !icmp_ln935)> <Delay = 0.00> <Core = "LogicGate">   --->   Core 27 'LogicGate' <Latency = 0> <II = 1> <Delay = 0.97> <FuncUnit> <Opcode : 'and' 'or' 'xor'> <InPorts = 2> <OutPorts = 1>
ST_46 : Operation 229 [1/1] (0.00ns) (grouped into LUT with out node or_ln)   --->   "%p_Result_5 = call i1 @_ssdm_op_BitSelect.i1.i36.i32(i36 %tmp_V_4, i32 %lsb_index)" [firmware/myproject_axi.cpp:23]   --->   Operation 229 'bitselect' 'p_Result_5' <Predicate = (!icmp_ln21 & !icmp_ln935)> <Delay = 0.00>
ST_46 : Operation 230 [1/1] (0.00ns) (grouped into LUT with out node or_ln)   --->   "%and_ln949 = and i1 %p_Result_5, %xor_ln949" [firmware/myproject_axi.cpp:23]   --->   Operation 230 'and' 'and_ln949' <Predicate = (!icmp_ln21 & !icmp_ln935)> <Delay = 0.00> <Core = "LogicGate">   --->   Core 27 'LogicGate' <Latency = 0> <II = 1> <Delay = 0.97> <FuncUnit> <Opcode : 'and' 'or' 'xor'> <InPorts = 2> <OutPorts = 1>
ST_46 : Operation 231 [1/1] (0.00ns) (grouped into LUT with out node or_ln)   --->   "%or_ln949 = or i1 %and_ln949, %a" [firmware/myproject_axi.cpp:23]   --->   Operation 231 'or' 'or_ln949' <Predicate = (!icmp_ln21 & !icmp_ln935)> <Delay = 0.00> <Core = "LogicGate">   --->   Core 27 'LogicGate' <Latency = 0> <II = 1> <Delay = 0.97> <FuncUnit> <Opcode : 'and' 'or' 'xor'> <InPorts = 2> <OutPorts = 1>
ST_46 : Operation 232 [1/1] (0.97ns) (out node of the LUT)   --->   "%or_ln = call i32 @_ssdm_op_BitConcatenate.i32.i31.i1(i31 0, i1 %or_ln949)" [firmware/myproject_axi.cpp:23]   --->   Operation 232 'bitconcatenate' 'or_ln' <Predicate = (!icmp_ln21 & !icmp_ln935)> <Delay = 0.97>
ST_46 : Operation 233 [1/1] (2.47ns)   --->   "%icmp_ln954 = icmp sgt i32 %lsb_index, 0" [firmware/myproject_axi.cpp:23]   --->   Operation 233 'icmp' 'icmp_ln954' <Predicate = (!icmp_ln21 & !icmp_ln935)> <Delay = 2.47> <Core = "Cmp">   --->   Core 25 'Cmp' <Latency = 0> <II = 1> <Delay = 1.30> <FuncUnit> <Opcode : 'icmp'> <InPorts = 2> <OutPorts = 1>
ST_46 : Operation 234 [1/1] (0.00ns)   --->   "%zext_ln954 = zext i32 %add_ln954 to i36" [firmware/myproject_axi.cpp:23]   --->   Operation 234 'zext' 'zext_ln954' <Predicate = (!icmp_ln21 & !icmp_ln935)> <Delay = 0.00>
ST_46 : Operation 235 [2/2] (3.73ns)   --->   "%lshr_ln954 = lshr i36 %tmp_V_4, %zext_ln954" [firmware/myproject_axi.cpp:23]   --->   Operation 235 'lshr' 'lshr_ln954' <Predicate = (!icmp_ln21 & !icmp_ln935)> <Delay = 3.73> <Core = "ShiftnS">   --->   Core 29 'ShiftnS' <Latency = 1> <II = 1> <Delay = 3.73> <FuncUnit> <Opcode : 'shl' 'lshr' 'ashr'> <InPorts = 2> <OutPorts = 1>
ST_46 : Operation 236 [1/1] (0.00ns)   --->   "%zext_ln954_1 = zext i32 %sub_ln954 to i36" [firmware/myproject_axi.cpp:23]   --->   Operation 236 'zext' 'zext_ln954_1' <Predicate = (!icmp_ln21 & !icmp_ln935)> <Delay = 0.00>
ST_46 : Operation 237 [2/2] (3.73ns)   --->   "%shl_ln954 = shl i36 %tmp_V_4, %zext_ln954_1" [firmware/myproject_axi.cpp:23]   --->   Operation 237 'shl' 'shl_ln954' <Predicate = (!icmp_ln21 & !icmp_ln935)> <Delay = 3.73> <Core = "ShiftnS">   --->   Core 29 'ShiftnS' <Latency = 1> <II = 1> <Delay = 3.73> <FuncUnit> <Opcode : 'shl' 'lshr' 'ashr'> <InPorts = 2> <OutPorts = 1>

State 47 <SV = 38> <Delay = 3.73>
ST_47 : Operation 238 [1/2] (3.73ns)   --->   "%lshr_ln954 = lshr i36 %tmp_V_4, %zext_ln954" [firmware/myproject_axi.cpp:23]   --->   Operation 238 'lshr' 'lshr_ln954' <Predicate = (!icmp_ln21 & !icmp_ln935)> <Delay = 3.73> <Core = "ShiftnS">   --->   Core 29 'ShiftnS' <Latency = 1> <II = 1> <Delay = 3.73> <FuncUnit> <Opcode : 'shl' 'lshr' 'ashr'> <InPorts = 2> <OutPorts = 1>
ST_47 : Operation 239 [1/2] (3.73ns)   --->   "%shl_ln954 = shl i36 %tmp_V_4, %zext_ln954_1" [firmware/myproject_axi.cpp:23]   --->   Operation 239 'shl' 'shl_ln954' <Predicate = (!icmp_ln21 & !icmp_ln935)> <Delay = 3.73> <Core = "ShiftnS">   --->   Core 29 'ShiftnS' <Latency = 1> <II = 1> <Delay = 3.73> <FuncUnit> <Opcode : 'shl' 'lshr' 'ashr'> <InPorts = 2> <OutPorts = 1>

State 48 <SV = 39> <Delay = 3.96>
ST_48 : Operation 240 [1/1] (0.00ns) (grouped into LUT with out node m)   --->   "%select_ln954 = select i1 %icmp_ln954, i36 %lshr_ln954, i36 %shl_ln954" [firmware/myproject_axi.cpp:23]   --->   Operation 240 'select' 'select_ln954' <Predicate = (!icmp_ln21 & !icmp_ln935)> <Delay = 0.00> <Core = "Sel">   --->   Core 26 'Sel' <Latency = 0> <II = 1> <Delay = 0.69> <FuncUnit> <Opcode : 'select'> <InPorts = 3> <OutPorts = 1>
ST_48 : Operation 241 [1/1] (0.00ns) (grouped into LUT with out node m)   --->   "%zext_ln954_2 = zext i36 %select_ln954 to i37" [firmware/myproject_axi.cpp:23]   --->   Operation 241 'zext' 'zext_ln954_2' <Predicate = (!icmp_ln21 & !icmp_ln935)> <Delay = 0.00>
ST_48 : Operation 242 [1/1] (0.00ns) (grouped into LUT with out node m)   --->   "%zext_ln961 = zext i32 %or_ln to i37" [firmware/myproject_axi.cpp:23]   --->   Operation 242 'zext' 'zext_ln961' <Predicate = (!icmp_ln21 & !icmp_ln935)> <Delay = 0.00>
ST_48 : Operation 243 [1/1] (2.71ns) (out node of the LUT)   --->   "%m = add i37 %zext_ln961, %zext_ln954_2" [firmware/myproject_axi.cpp:23]   --->   Operation 243 'add' 'm' <Predicate = (!icmp_ln21 & !icmp_ln935)> <Delay = 2.71> <Core = "AddSub">   --->   Core 14 'AddSub' <Latency = 0> <II = 1> <Delay = 2.71> <FuncUnit> <Opcode : 'add' 'sub'> <InPorts = 2> <OutPorts = 1>
ST_48 : Operation 244 [1/1] (0.00ns)   --->   "%m_3 = call i36 @_ssdm_op_PartSelect.i36.i37.i32.i32(i37 %m, i32 1, i32 36)" [firmware/myproject_axi.cpp:23]   --->   Operation 244 'partselect' 'm_3' <Predicate = (!icmp_ln21 & !icmp_ln935)> <Delay = 0.00>
ST_48 : Operation 245 [1/1] (0.00ns)   --->   "%tmp_11 = call i1 @_ssdm_op_BitSelect.i1.i37.i32(i37 %m, i32 25)" [firmware/myproject_axi.cpp:23]   --->   Operation 245 'bitselect' 'tmp_11' <Predicate = (!icmp_ln21 & !icmp_ln935)> <Delay = 0.00>
ST_48 : Operation 246 [1/1] (1.24ns)   --->   "%select_ln964 = select i1 %tmp_11, i8 127, i8 126" [firmware/myproject_axi.cpp:23]   --->   Operation 246 'select' 'select_ln964' <Predicate = (!icmp_ln21 & !icmp_ln935)> <Delay = 1.24> <Core = "Sel">   --->   Core 26 'Sel' <Latency = 0> <II = 1> <Delay = 0.69> <FuncUnit> <Opcode : 'select'> <InPorts = 3> <OutPorts = 1>

State 49 <SV = 40> <Delay = 4.36>
ST_49 : Operation 247 [1/1] (0.00ns)   --->   "%zext_ln962 = zext i36 %m_3 to i64" [firmware/myproject_axi.cpp:23]   --->   Operation 247 'zext' 'zext_ln962' <Predicate = (!icmp_ln21 & !icmp_ln935)> <Delay = 0.00>
ST_49 : Operation 248 [1/1] (0.00ns) (grouped into TernaryAdder)   --->   "%sub_ln964 = sub i8 16, %trunc_ln943" [firmware/myproject_axi.cpp:23]   --->   Operation 248 'sub' 'sub_ln964' <Predicate = (!icmp_ln21 & !icmp_ln935)> <Delay = 0.00> <Core = "TAddSub">   --->   Core 83 'TAddSub' <Latency = 0> <II = 1> <Delay = 1.83> <IPBlock> <Opcode : 'add' 'sub'> <InPorts = 3> <OutPorts = 1> <Sync> <CReg>
ST_49 : Operation 249 [1/1] (3.66ns) (root node of TernaryAdder)   --->   "%add_ln964 = add i8 %sub_ln964, %select_ln964" [firmware/myproject_axi.cpp:23]   --->   Operation 249 'add' 'add_ln964' <Predicate = (!icmp_ln21 & !icmp_ln935)> <Delay = 3.66> <Core = "TAddSub">   --->   Core 83 'TAddSub' <Latency = 0> <II = 1> <Delay = 1.83> <IPBlock> <Opcode : 'add' 'sub'> <InPorts = 3> <OutPorts = 1> <Sync> <CReg>
ST_49 : Operation 250 [1/1] (0.00ns)   --->   "%tmp_3 = call i9 @_ssdm_op_BitConcatenate.i9.i1.i8(i1 %p_Result_10, i8 %add_ln964)" [firmware/myproject_axi.cpp:23]   --->   Operation 250 'bitconcatenate' 'tmp_3' <Predicate = (!icmp_ln21 & !icmp_ln935)> <Delay = 0.00>
ST_49 : Operation 251 [1/1] (0.00ns)   --->   "%p_Result_12 = call i64 @_ssdm_op_PartSet.i64.i64.i9.i32.i32(i64 %zext_ln962, i9 %tmp_3, i32 23, i32 31)" [firmware/myproject_axi.cpp:23]   --->   Operation 251 'partset' 'p_Result_12' <Predicate = (!icmp_ln21 & !icmp_ln935)> <Delay = 0.00>
ST_49 : Operation 252 [1/1] (0.00ns)   --->   "%trunc_ln738 = trunc i64 %p_Result_12 to i32" [firmware/myproject_axi.cpp:23]   --->   Operation 252 'trunc' 'trunc_ln738' <Predicate = (!icmp_ln21 & !icmp_ln935)> <Delay = 0.00>
ST_49 : Operation 253 [1/1] (0.00ns)   --->   "%bitcast_ln739 = bitcast i32 %trunc_ln738 to float" [firmware/myproject_axi.cpp:23]   --->   Operation 253 'bitcast' 'bitcast_ln739' <Predicate = (!icmp_ln21 & !icmp_ln935)> <Delay = 0.00>
ST_49 : Operation 254 [1/1] (0.69ns)   --->   "%select_ln935 = select i1 %icmp_ln935, float 0.000000e+00, float %bitcast_ln739" [firmware/myproject_axi.cpp:23]   --->   Operation 254 'select' 'select_ln935' <Predicate = (!icmp_ln21)> <Delay = 0.69> <Core = "Sel">   --->   Core 26 'Sel' <Latency = 0> <II = 1> <Delay = 0.69> <FuncUnit> <Opcode : 'select'> <InPorts = 3> <OutPorts = 1>
ST_49 : Operation 255 [2/2] (0.00ns)   --->   "call void @_ssdm_op_Write.axis.volatile.floatP.i1P(float* %out_data, i1* %out_last_V, float %select_ln935, i1 %and_ln24)" [firmware/myproject_axi.cpp:3]   --->   Operation 255 'write' <Predicate = (!icmp_ln21)> <Delay = 0.00> <Core = "AXI4Stream">   --->   Core 5 'AXI4Stream' <Latency = 0> <II = 1> <Delay = 1.00> <Adapter> <Opcode : >

State 50 <SV = 41> <Delay = 0.00>
ST_50 : Operation 256 [1/1] (0.00ns)   --->   "%tmp_2 = call i32 (...)* @_ssdm_op_SpecRegionBegin([12 x i8]* @p_str5)" [firmware/myproject_axi.cpp:21]   --->   Operation 256 'specregionbegin' 'tmp_2' <Predicate = (!icmp_ln21)> <Delay = 0.00>
ST_50 : Operation 257 [1/1] (0.00ns)   --->   "call void (...)* @_ssdm_op_SpecPipeline(i32 -1, i32 1, i32 1, i32 0, [1 x i8]* @p_str2) nounwind" [firmware/myproject_axi.cpp:22]   --->   Operation 257 'specpipeline' <Predicate = (!icmp_ln21)> <Delay = 0.00>
ST_50 : Operation 258 [1/2] (0.00ns)   --->   "call void @_ssdm_op_Write.axis.volatile.floatP.i1P(float* %out_data, i1* %out_last_V, float %select_ln935, i1 %and_ln24)" [firmware/myproject_axi.cpp:3]   --->   Operation 258 'write' <Predicate = (!icmp_ln21)> <Delay = 0.00> <Core = "AXI4Stream">   --->   Core 5 'AXI4Stream' <Latency = 0> <II = 1> <Delay = 1.00> <Adapter> <Opcode : >
ST_50 : Operation 259 [1/1] (0.00ns)   --->   "%empty_45 = call i32 (...)* @_ssdm_op_SpecRegionEnd([12 x i8]* @p_str5, i32 %tmp_2)" [firmware/myproject_axi.cpp:25]   --->   Operation 259 'specregionend' 'empty_45' <Predicate = (!icmp_ln21)> <Delay = 0.00>
ST_50 : Operation 260 [1/1] (0.00ns)   --->   "br label %1" [firmware/myproject_axi.cpp:21]   --->   Operation 260 'br' <Predicate = (!icmp_ln21)> <Delay = 0.00>

State 51 <SV = 33> <Delay = 0.00>
ST_51 : Operation 261 [1/1] (0.00ns)   --->   "ret void" [firmware/myproject_axi.cpp:26]   --->   Operation 261 'ret' <Predicate = true> <Delay = 0.00>


============================================================
+ Verbose Summary: Timing violations
============================================================
Target clock period: 5ns, clock uncertainty: 0.625ns.

 <State 1>: 1.77ns
The critical path consists of the following:
	multiplexor before 'phi' operation ('is_last') with incoming values : ('is_last', firmware/myproject_axi.cpp:16) [16]  (1.77 ns)

 <State 2>: 3.7ns
The critical path consists of the following:
	axis read on port 'in_data' (firmware/myproject_axi.cpp:3) [25]  (0 ns)
	'fpext' operation ('d', firmware/myproject_axi.cpp:15) [28]  (3.7 ns)

 <State 3>: 3.7ns
The critical path consists of the following:
	'fpext' operation ('d', firmware/myproject_axi.cpp:15) [28]  (3.7 ns)

 <State 4>: 3.7ns
The critical path consists of the following:
	'fpext' operation ('d', firmware/myproject_axi.cpp:15) [28]  (3.7 ns)

 <State 5>: 4.23ns
The critical path consists of the following:
	'sub' operation ('F2', firmware/myproject_axi.cpp:15) [40]  (1.55 ns)
	'icmp' operation ('icmp_ln581', firmware/myproject_axi.cpp:15) [41]  (1.99 ns)
	'select' operation ('sh_amt', firmware/myproject_axi.cpp:15) [44]  (0.697 ns)

 <State 6>: 3.96ns
The critical path consists of the following:
	'icmp' operation ('icmp_ln585', firmware/myproject_axi.cpp:15) [48]  (1.99 ns)
	'xor' operation ('xor_ln585', firmware/myproject_axi.cpp:15) [64]  (0 ns)
	'and' operation ('and_ln585', firmware/myproject_axi.cpp:15) [65]  (0.978 ns)
	'select' operation ('select_ln603_1', firmware/myproject_axi.cpp:15) [72]  (0.993 ns)

 <State 7>: 3.88ns
The critical path consists of the following:
	'ashr' operation ('ashr_ln586', firmware/myproject_axi.cpp:15) [52]  (3.88 ns)

 <State 8>: 3.99ns
The critical path consists of the following:
	'select' operation ('select_ln603', firmware/myproject_axi.cpp:15) [70]  (0 ns)
	'select' operation ('select_ln603_2', firmware/myproject_axi.cpp:15) [74]  (3.99 ns)

 <State 9>: 3.99ns
The critical path consists of the following:
	'select' operation ('select_ln603_3', firmware/myproject_axi.cpp:15) [76]  (0 ns)
	'shl' operation ('shl_ln203', firmware/myproject_axi.cpp:15) [90]  (3.99 ns)

 <State 10>: 1.52ns
The critical path consists of the following:
	'load' operation ('in_local_V_load', firmware/myproject_axi.cpp:15) on local variable 'in_local.V', firmware/myproject_axi.cpp:10 [77]  (0 ns)
	'and' operation ('and_ln203_1', firmware/myproject_axi.cpp:15) [97]  (0 ns)
	'or' operation ('in_local.V', firmware/myproject_axi.cpp:15) [99]  (1.52 ns)

 <State 11>: 4.1ns
The critical path consists of the following:
	'call' operation ('call_ret') to 'myproject' [105]  (4.1 ns)

 <State 12>: 4.33ns
The critical path consists of the following:
	'call' operation ('call_ret') to 'myproject' [105]  (4.33 ns)

 <State 13>: 4.33ns
The critical path consists of the following:
	'call' operation ('call_ret') to 'myproject' [105]  (4.33 ns)

 <State 14>: 4.33ns
The critical path consists of the following:
	'call' operation ('call_ret') to 'myproject' [105]  (4.33 ns)

 <State 15>: 4.33ns
The critical path consists of the following:
	'call' operation ('call_ret') to 'myproject' [105]  (4.33 ns)

 <State 16>: 4.33ns
The critical path consists of the following:
	'call' operation ('call_ret') to 'myproject' [105]  (4.33 ns)

 <State 17>: 4.33ns
The critical path consists of the following:
	'call' operation ('call_ret') to 'myproject' [105]  (4.33 ns)

 <State 18>: 4.33ns
The critical path consists of the following:
	'call' operation ('call_ret') to 'myproject' [105]  (4.33 ns)

 <State 19>: 4.33ns
The critical path consists of the following:
	'call' operation ('call_ret') to 'myproject' [105]  (4.33 ns)

 <State 20>: 4.33ns
The critical path consists of the following:
	'call' operation ('call_ret') to 'myproject' [105]  (4.33 ns)

 <State 21>: 4.33ns
The critical path consists of the following:
	'call' operation ('call_ret') to 'myproject' [105]  (4.33 ns)

 <State 22>: 4.33ns
The critical path consists of the following:
	'call' operation ('call_ret') to 'myproject' [105]  (4.33 ns)

 <State 23>: 4.33ns
The critical path consists of the following:
	'call' operation ('call_ret') to 'myproject' [105]  (4.33 ns)

 <State 24>: 4.33ns
The critical path consists of the following:
	'call' operation ('call_ret') to 'myproject' [105]  (4.33 ns)

 <State 25>: 4.33ns
The critical path consists of the following:
	'call' operation ('call_ret') to 'myproject' [105]  (4.33 ns)

 <State 26>: 4.33ns
The critical path consists of the following:
	'call' operation ('call_ret') to 'myproject' [105]  (4.33 ns)

 <State 27>: 4.33ns
The critical path consists of the following:
	'call' operation ('call_ret') to 'myproject' [105]  (4.33 ns)

 <State 28>: 4.33ns
The critical path consists of the following:
	'call' operation ('call_ret') to 'myproject' [105]  (4.33 ns)

 <State 29>: 4.33ns
The critical path consists of the following:
	'call' operation ('call_ret') to 'myproject' [105]  (4.33 ns)

 <State 30>: 4.33ns
The critical path consists of the following:
	'call' operation ('call_ret') to 'myproject' [105]  (4.33 ns)

 <State 31>: 4.33ns
The critical path consists of the following:
	'call' operation ('call_ret') to 'myproject' [105]  (4.33 ns)

 <State 32>: 4.33ns
The critical path consists of the following:
	'call' operation ('call_ret') to 'myproject' [105]  (4.33 ns)

 <State 33>: 4.33ns
The critical path consists of the following:
	'call' operation ('call_ret') to 'myproject' [105]  (4.33 ns)

 <State 34>: 4.33ns
The critical path consists of the following:
	'call' operation ('call_ret') to 'myproject' [105]  (4.33 ns)

 <State 35>: 4.33ns
The critical path consists of the following:
	'call' operation ('call_ret') to 'myproject' [105]  (4.33 ns)

 <State 36>: 4.33ns
The critical path consists of the following:
	'call' operation ('call_ret') to 'myproject' [105]  (4.33 ns)

 <State 37>: 4.33ns
The critical path consists of the following:
	'call' operation ('call_ret') to 'myproject' [105]  (4.33 ns)

 <State 38>: 4.33ns
The critical path consists of the following:
	'call' operation ('call_ret') to 'myproject' [105]  (4.33 ns)

 <State 39>: 4.33ns
The critical path consists of the following:
	'call' operation ('call_ret') to 'myproject' [105]  (4.33 ns)

 <State 40>: 3.9ns
The critical path consists of the following:
	'call' operation ('call_ret') to 'myproject' [105]  (3.9 ns)

 <State 41>: 2.42ns
The critical path consists of the following:
	'phi' operation ('i') with incoming values : ('i', firmware/myproject_axi.cpp:21) [122]  (0 ns)
	'mux' operation ('tmp.V', firmware/myproject_axi.cpp:23) [130]  (2.42 ns)

 <State 42>: 3.84ns
The critical path consists of the following:
	'sub' operation ('tmp.V', firmware/myproject_axi.cpp:23) [133]  (2.71 ns)
	'select' operation ('tmp.V', firmware/myproject_axi.cpp:23) [134]  (1.13 ns)

 <State 43>: 4.06ns
The critical path consists of the following:
	'cttz' operation ('tmp', firmware/myproject_axi.cpp:23) [137]  (4.06 ns)

 <State 44>: 2.55ns
The critical path consists of the following:
	'sub' operation ('sub_ln944', firmware/myproject_axi.cpp:23) [139]  (2.55 ns)

 <State 45>: 2.55ns
The critical path consists of the following:
	'add' operation ('lsb_index', firmware/myproject_axi.cpp:23) [140]  (2.55 ns)

 <State 46>: 3.92ns
The critical path consists of the following:
	'lshr' operation ('lshr_ln947', firmware/myproject_axi.cpp:23) [146]  (0 ns)
	'and' operation ('__Result__', firmware/myproject_axi.cpp:23) [147]  (0 ns)
	'icmp' operation ('icmp_ln947_1', firmware/myproject_axi.cpp:23) [148]  (2.94 ns)
	'and' operation ('a', firmware/myproject_axi.cpp:23) [149]  (0 ns)
	'or' operation ('or_ln949', firmware/myproject_axi.cpp:23) [154]  (0 ns)
	blocking operation 0.978 ns on control path)

 <State 47>: 3.74ns
The critical path consists of the following:
	'lshr' operation ('lshr_ln954', firmware/myproject_axi.cpp:23) [159]  (3.74 ns)

 <State 48>: 3.96ns
The critical path consists of the following:
	'select' operation ('select_ln954', firmware/myproject_axi.cpp:23) [163]  (0 ns)
	'add' operation ('m', firmware/myproject_axi.cpp:23) [166]  (2.71 ns)
	'select' operation ('select_ln964', firmware/myproject_axi.cpp:23) [170]  (1.25 ns)

 <State 49>: 4.37ns
The critical path consists of the following:
	'sub' operation ('sub_ln964', firmware/myproject_axi.cpp:23) [172]  (0 ns)
	'add' operation ('add_ln964', firmware/myproject_axi.cpp:23) [173]  (3.67 ns)
	'select' operation ('select_ln935', firmware/myproject_axi.cpp:23) [178]  (0.698 ns)

 <State 50>: 0ns
The critical path consists of the following:

 <State 51>: 0ns
The critical path consists of the following:


============================================================
+ Verbose Summary: Binding
============================================================
N/A
* FSMD analyzer results:
  - Output states:
 - Input state : 
  - Chain level:
	State 1
	State 2
	State 3
	State 4
	State 5
	State 6
	State 7
	State 8
	State 9
	State 10
	State 11
	State 12
	State 13
	State 14
	State 15
	State 16
	State 17
	State 18
	State 19
	State 20
	State 21
	State 22
	State 23
	State 24
	State 25
	State 26
	State 27
	State 28
	State 29
	State 30
	State 31
	State 32
	State 33
	State 34
	State 35
	State 36
	State 37
	State 38
	State 39
	State 40
	State 41
	State 42
	State 43
	State 44
	State 45
	State 46
	State 47
	State 48
	State 49
	State 50
	State 51


============================================================
+ Verbose Summary: Datapath Resource usage 
============================================================
N/A
