

================================================================
== Vivado HLS Report for 'myproject'
================================================================
* Date:           Wed May 27 10:11:49 2026

* Version:        2020.1 (Build 2897737 on Wed May 27 20:21:37 MDT 2020)
* Project:        myproject_prj
* Solution:       solution1
* Product family: zynq
* Target device:  xc7z020-clg400-1


================================================================
== Performance Estimates
================================================================
+ Timing: 
    * Summary: 
    +--------+---------+----------+------------+
    |  Clock |  Target | Estimated| Uncertainty|
    +--------+---------+----------+------------+
    |ap_clk  | 5.00 ns | 4.332 ns |   0.62 ns  |
    +--------+---------+----------+------------+

+ Latency: 
    * Summary: 
    +---------+---------+----------+----------+-----+-----+----------+
    |  Latency (cycles) |  Latency (absolute) |  Interval | Pipeline |
    |   min   |   max   |    min   |    max   | min | max |   Type   |
    +---------+---------+----------+----------+-----+-----+----------+
    |       29|       29| 0.145 us | 0.145 us |    4|    4| function |
    +---------+---------+----------+----------+-----+-----+----------+

    + Detail: 
        * Instance: 
        +---------------------------------------------------------------------------------+-----------------------------------------------------------------------+---------+---------+-----------+-----------+-----+-----+----------+
        |                                                                                 |                                                                       |  Latency (cycles) |   Latency (absolute)  |  Interval | Pipeline |
        |                                     Instance                                    |                                 Module                                |   min   |   max   |    min    |    max    | min | max |   Type   |
        +---------------------------------------------------------------------------------+-----------------------------------------------------------------------+---------+---------+-----------+-----------+-----+-----+----------+
        |grp_dense_latency_ap_fixed_ap_fixed_37_17_5_3_0_config2_0_0_0_0_0_0_0_0_0_fu_38  |dense_latency_ap_fixed_ap_fixed_37_17_5_3_0_config2_0_0_0_0_0_0_0_0_0  |        6|        6| 30.000 ns | 30.000 ns |    4|    4| function |
        |grp_dense_latency_ap_fixed_ap_fixed_config8_0_0_0_0_0_0_0_0_0_0_0_0_0_0_0_fu_44  |dense_latency_ap_fixed_ap_fixed_config8_0_0_0_0_0_0_0_0_0_0_0_0_0_0_0  |        6|        6| 30.000 ns | 30.000 ns |    4|    4| function |
        |grp_dense_latency_ap_fixed_ap_fixed_36_16_5_3_0_config4_0_0_0_0_0_fu_56          |dense_latency_ap_fixed_ap_fixed_36_16_5_3_0_config4_0_0_0_0_0          |        6|        6| 30.000 ns | 30.000 ns |    4|    4| function |
        |grp_dense_latency_ap_fixed_ap_fixed_35_15_5_3_0_config6_0_0_0_0_0_0_0_0_0_fu_68  |dense_latency_ap_fixed_ap_fixed_35_15_5_3_0_config6_0_0_0_0_0_0_0_0_0  |        5|        5| 25.000 ns | 25.000 ns |    4|    4| function |
        |call_ret1_relu_ap_fixed_37_17_5_3_0_ap_fixed_16_6_5_3_0_relu_config3_s_fu_76     |relu_ap_fixed_37_17_5_3_0_ap_fixed_16_6_5_3_0_relu_config3_s           |        0|        0|    0 ns   |    0 ns   |    1|    1| function |
        |call_ret5_relu_ap_fixed_35_15_5_3_0_ap_fixed_16_6_5_3_0_relu_config7_s_fu_88     |relu_ap_fixed_35_15_5_3_0_ap_fixed_16_6_5_3_0_relu_config7_s           |        0|        0|    0 ns   |    0 ns   |    1|    1| function |
        |call_ret3_relu_ap_fixed_36_16_5_3_0_ap_fixed_16_6_5_3_0_relu_config5_s_fu_100    |relu_ap_fixed_36_16_5_3_0_ap_fixed_16_6_5_3_0_relu_config5_s           |        0|        0|    0 ns   |    0 ns   |    1|    1| function |
        +---------------------------------------------------------------------------------+-----------------------------------------------------------------------+---------+---------+-----------+-----------+-----+-----+----------+

        * Loop: 
        N/A

============================================================
+ Verbose Summary: Synthesis Manager
============================================================
InlineROM: 1
ExposeGlobal: 0
============================================================
+ Verbose Summary: CDFG Model
============================================================
IsTopModel: 0
ResetActiveHigh: 1
IsCombinational: 0
IsDatapathOnly: 0
HasWiredReturn: 1
HasMFsm: 2
HasVarLatency: 0
IsPipeline: 1
IsRtlPipelined: 1
IsInstanceOverlapped: 0
IsDontTouch: 0
HasImplIP: 0
IsGatedGlobalClock: 0

+ Individual pipeline summary: 
  * Pipeline-0: initiation interval (II) = 4, depth = 30


============================================================
+ Verbose Summary: Schedule
============================================================
* Number of FSM states : 30
* Pipeline : 1
  Pipeline-0 : II = 4, D = 30, States = { 1 2 3 4 5 6 7 8 9 10 11 12 13 14 15 16 17 18 19 20 21 22 23 24 25 26 27 28 29 30 }
* Dataflow Pipeline: 0

* FSM state transitions: 
1 --> 2 
2 --> 3 
3 --> 4 
4 --> 5 
5 --> 6 
6 --> 7 
7 --> 8 
8 --> 9 
9 --> 10 
10 --> 11 
11 --> 12 
12 --> 13 
13 --> 14 
14 --> 15 
15 --> 16 
16 --> 17 
17 --> 18 
18 --> 19 
19 --> 20 
20 --> 21 
21 --> 22 
22 --> 23 
23 --> 24 
24 --> 25 
25 --> 26 
26 --> 27 
27 --> 28 
28 --> 29 
29 --> 30 
30 --> 

* FSM state operations: 

State 1 <SV = 0> <Delay = 4.09>
ST_1 : Operation 31 [1/1] (0.00ns)   --->   "%input_1_V_read = call i224 @_ssdm_op_Read.ap_vld.i224P(i224* %input_1_V)"   --->   Operation 31 'read' 'input_1_V_read' <Predicate = true> <Delay = 0.00>
ST_1 : Operation 32 [7/7] (4.09ns)   --->   "%call_ret = call fastcc { i37, i37, i37, i37, i37, i37, i37, i37 } @"dense_latency<ap_fixed,ap_fixed<37,17,5,3,0>,config2>.0.0.0.0.0.0.0.0.0"(i224 %input_1_V_read)"   --->   Operation 32 'call' 'call_ret' <Predicate = true> <Delay = 4.09> <CoreType = "Generic">   --->   Core 0 '' <Latency = 0> <II = 1> <Delay = 1.00> <Generic> <Opcode : >

State 2 <SV = 1> <Delay = 4.33>
ST_2 : Operation 33 [6/7] (4.33ns)   --->   "%call_ret = call fastcc { i37, i37, i37, i37, i37, i37, i37, i37 } @"dense_latency<ap_fixed,ap_fixed<37,17,5,3,0>,config2>.0.0.0.0.0.0.0.0.0"(i224 %input_1_V_read)"   --->   Operation 33 'call' 'call_ret' <Predicate = true> <Delay = 4.33> <CoreType = "Generic">   --->   Core 0 '' <Latency = 0> <II = 1> <Delay = 1.00> <Generic> <Opcode : >

State 3 <SV = 2> <Delay = 4.33>
ST_3 : Operation 34 [5/7] (4.33ns)   --->   "%call_ret = call fastcc { i37, i37, i37, i37, i37, i37, i37, i37 } @"dense_latency<ap_fixed,ap_fixed<37,17,5,3,0>,config2>.0.0.0.0.0.0.0.0.0"(i224 %input_1_V_read)"   --->   Operation 34 'call' 'call_ret' <Predicate = true> <Delay = 4.33> <CoreType = "Generic">   --->   Core 0 '' <Latency = 0> <II = 1> <Delay = 1.00> <Generic> <Opcode : >

State 4 <SV = 3> <Delay = 4.33>
ST_4 : Operation 35 [4/7] (4.33ns)   --->   "%call_ret = call fastcc { i37, i37, i37, i37, i37, i37, i37, i37 } @"dense_latency<ap_fixed,ap_fixed<37,17,5,3,0>,config2>.0.0.0.0.0.0.0.0.0"(i224 %input_1_V_read)"   --->   Operation 35 'call' 'call_ret' <Predicate = true> <Delay = 4.33> <CoreType = "Generic">   --->   Core 0 '' <Latency = 0> <II = 1> <Delay = 1.00> <Generic> <Opcode : >

State 5 <SV = 4> <Delay = 4.33>
ST_5 : Operation 36 [3/7] (4.33ns)   --->   "%call_ret = call fastcc { i37, i37, i37, i37, i37, i37, i37, i37 } @"dense_latency<ap_fixed,ap_fixed<37,17,5,3,0>,config2>.0.0.0.0.0.0.0.0.0"(i224 %input_1_V_read)"   --->   Operation 36 'call' 'call_ret' <Predicate = true> <Delay = 4.33> <CoreType = "Generic">   --->   Core 0 '' <Latency = 0> <II = 1> <Delay = 1.00> <Generic> <Opcode : >

State 6 <SV = 5> <Delay = 4.33>
ST_6 : Operation 37 [2/7] (4.33ns)   --->   "%call_ret = call fastcc { i37, i37, i37, i37, i37, i37, i37, i37 } @"dense_latency<ap_fixed,ap_fixed<37,17,5,3,0>,config2>.0.0.0.0.0.0.0.0.0"(i224 %input_1_V_read)"   --->   Operation 37 'call' 'call_ret' <Predicate = true> <Delay = 4.33> <CoreType = "Generic">   --->   Core 0 '' <Latency = 0> <II = 1> <Delay = 1.00> <Generic> <Opcode : >

State 7 <SV = 6> <Delay = 3.90>
ST_7 : Operation 38 [1/7] (3.90ns)   --->   "%call_ret = call fastcc { i37, i37, i37, i37, i37, i37, i37, i37 } @"dense_latency<ap_fixed,ap_fixed<37,17,5,3,0>,config2>.0.0.0.0.0.0.0.0.0"(i224 %input_1_V_read)"   --->   Operation 38 'call' 'call_ret' <Predicate = true> <Delay = 3.90> <CoreType = "Generic">   --->   Core 0 '' <Latency = 0> <II = 1> <Delay = 1.00> <Generic> <Opcode : >
ST_7 : Operation 39 [1/1] (0.00ns)   --->   "%layer2_out_0_V = extractvalue { i37, i37, i37, i37, i37, i37, i37, i37 } %call_ret, 0"   --->   Operation 39 'extractvalue' 'layer2_out_0_V' <Predicate = true> <Delay = 0.00>
ST_7 : Operation 40 [1/1] (0.00ns)   --->   "%layer2_out_1_V = extractvalue { i37, i37, i37, i37, i37, i37, i37, i37 } %call_ret, 1"   --->   Operation 40 'extractvalue' 'layer2_out_1_V' <Predicate = true> <Delay = 0.00>
ST_7 : Operation 41 [1/1] (0.00ns)   --->   "%layer2_out_2_V = extractvalue { i37, i37, i37, i37, i37, i37, i37, i37 } %call_ret, 2"   --->   Operation 41 'extractvalue' 'layer2_out_2_V' <Predicate = true> <Delay = 0.00>
ST_7 : Operation 42 [1/1] (0.00ns)   --->   "%layer2_out_3_V = extractvalue { i37, i37, i37, i37, i37, i37, i37, i37 } %call_ret, 3"   --->   Operation 42 'extractvalue' 'layer2_out_3_V' <Predicate = true> <Delay = 0.00>
ST_7 : Operation 43 [1/1] (0.00ns)   --->   "%layer2_out_4_V = extractvalue { i37, i37, i37, i37, i37, i37, i37, i37 } %call_ret, 4"   --->   Operation 43 'extractvalue' 'layer2_out_4_V' <Predicate = true> <Delay = 0.00>
ST_7 : Operation 44 [1/1] (0.00ns)   --->   "%layer2_out_5_V = extractvalue { i37, i37, i37, i37, i37, i37, i37, i37 } %call_ret, 5"   --->   Operation 44 'extractvalue' 'layer2_out_5_V' <Predicate = true> <Delay = 0.00>
ST_7 : Operation 45 [1/1] (0.00ns)   --->   "%layer2_out_6_V = extractvalue { i37, i37, i37, i37, i37, i37, i37, i37 } %call_ret, 6"   --->   Operation 45 'extractvalue' 'layer2_out_6_V' <Predicate = true> <Delay = 0.00>
ST_7 : Operation 46 [1/1] (0.00ns)   --->   "%layer2_out_7_V = extractvalue { i37, i37, i37, i37, i37, i37, i37, i37 } %call_ret, 7"   --->   Operation 46 'extractvalue' 'layer2_out_7_V' <Predicate = true> <Delay = 0.00>

State 8 <SV = 7> <Delay = 3.31>
ST_8 : Operation 47 [1/1] (3.31ns)   --->   "%call_ret1 = call fastcc { i16, i16, i16, i16, i16, i16, i16, i16 } @"relu<ap_fixed<37, 17, 5, 3, 0>, ap_fixed<16, 6, 5, 3, 0>, relu_config3>"(i37 %layer2_out_0_V, i37 %layer2_out_1_V, i37 %layer2_out_2_V, i37 %layer2_out_3_V, i37 %layer2_out_4_V, i37 %layer2_out_5_V, i37 %layer2_out_6_V, i37 %layer2_out_7_V)" [firmware/myproject.cpp:58]   --->   Operation 47 'call' 'call_ret1' <Predicate = true> <Delay = 3.31> <CoreType = "Generic">   --->   Core 0 '' <Latency = 0> <II = 1> <Delay = 1.00> <Generic> <Opcode : >
ST_8 : Operation 48 [1/1] (0.00ns)   --->   "%layer3_out_0_V = extractvalue { i16, i16, i16, i16, i16, i16, i16, i16 } %call_ret1, 0" [firmware/myproject.cpp:58]   --->   Operation 48 'extractvalue' 'layer3_out_0_V' <Predicate = true> <Delay = 0.00>
ST_8 : Operation 49 [1/1] (0.00ns)   --->   "%layer3_out_1_V = extractvalue { i16, i16, i16, i16, i16, i16, i16, i16 } %call_ret1, 1" [firmware/myproject.cpp:58]   --->   Operation 49 'extractvalue' 'layer3_out_1_V' <Predicate = true> <Delay = 0.00>
ST_8 : Operation 50 [1/1] (0.00ns)   --->   "%layer3_out_2_V = extractvalue { i16, i16, i16, i16, i16, i16, i16, i16 } %call_ret1, 2" [firmware/myproject.cpp:58]   --->   Operation 50 'extractvalue' 'layer3_out_2_V' <Predicate = true> <Delay = 0.00>
ST_8 : Operation 51 [1/1] (0.00ns)   --->   "%layer3_out_3_V = extractvalue { i16, i16, i16, i16, i16, i16, i16, i16 } %call_ret1, 3" [firmware/myproject.cpp:58]   --->   Operation 51 'extractvalue' 'layer3_out_3_V' <Predicate = true> <Delay = 0.00>
ST_8 : Operation 52 [1/1] (0.00ns)   --->   "%layer3_out_4_V = extractvalue { i16, i16, i16, i16, i16, i16, i16, i16 } %call_ret1, 4" [firmware/myproject.cpp:58]   --->   Operation 52 'extractvalue' 'layer3_out_4_V' <Predicate = true> <Delay = 0.00>
ST_8 : Operation 53 [1/1] (0.00ns)   --->   "%layer3_out_5_V = extractvalue { i16, i16, i16, i16, i16, i16, i16, i16 } %call_ret1, 5" [firmware/myproject.cpp:58]   --->   Operation 53 'extractvalue' 'layer3_out_5_V' <Predicate = true> <Delay = 0.00>
ST_8 : Operation 54 [1/1] (0.00ns)   --->   "%layer3_out_6_V = extractvalue { i16, i16, i16, i16, i16, i16, i16, i16 } %call_ret1, 6" [firmware/myproject.cpp:58]   --->   Operation 54 'extractvalue' 'layer3_out_6_V' <Predicate = true> <Delay = 0.00>
ST_8 : Operation 55 [1/1] (0.00ns)   --->   "%layer3_out_7_V = extractvalue { i16, i16, i16, i16, i16, i16, i16, i16 } %call_ret1, 7" [firmware/myproject.cpp:58]   --->   Operation 55 'extractvalue' 'layer3_out_7_V' <Predicate = true> <Delay = 0.00>

State 9 <SV = 8> <Delay = 3.34>
ST_9 : Operation 56 [7/7] (3.34ns)   --->   "%call_ret2 = call fastcc { i36, i36, i36, i36 } @"dense_latency<ap_fixed,ap_fixed<36,16,5,3,0>,config4>.0.0.0.0.0"(i16 %layer3_out_0_V, i16 %layer3_out_1_V, i16 %layer3_out_2_V, i16 %layer3_out_3_V, i16 %layer3_out_4_V, i16 %layer3_out_5_V, i16 %layer3_out_6_V, i16 %layer3_out_7_V)" [firmware/nnet_utils/nnet_dense.h:54->firmware/nnet_utils/nnet_dense.h:45->firmware/myproject.cpp:60]   --->   Operation 56 'call' 'call_ret2' <Predicate = true> <Delay = 3.34> <CoreType = "Generic">   --->   Core 0 '' <Latency = 0> <II = 1> <Delay = 1.00> <Generic> <Opcode : >

State 10 <SV = 9> <Delay = 3.90>
ST_10 : Operation 57 [6/7] (3.90ns)   --->   "%call_ret2 = call fastcc { i36, i36, i36, i36 } @"dense_latency<ap_fixed,ap_fixed<36,16,5,3,0>,config4>.0.0.0.0.0"(i16 %layer3_out_0_V, i16 %layer3_out_1_V, i16 %layer3_out_2_V, i16 %layer3_out_3_V, i16 %layer3_out_4_V, i16 %layer3_out_5_V, i16 %layer3_out_6_V, i16 %layer3_out_7_V)" [firmware/nnet_utils/nnet_dense.h:54->firmware/nnet_utils/nnet_dense.h:45->firmware/myproject.cpp:60]   --->   Operation 57 'call' 'call_ret2' <Predicate = true> <Delay = 3.90> <CoreType = "Generic">   --->   Core 0 '' <Latency = 0> <II = 1> <Delay = 1.00> <Generic> <Opcode : >

State 11 <SV = 10> <Delay = 3.90>
ST_11 : Operation 58 [5/7] (3.90ns)   --->   "%call_ret2 = call fastcc { i36, i36, i36, i36 } @"dense_latency<ap_fixed,ap_fixed<36,16,5,3,0>,config4>.0.0.0.0.0"(i16 %layer3_out_0_V, i16 %layer3_out_1_V, i16 %layer3_out_2_V, i16 %layer3_out_3_V, i16 %layer3_out_4_V, i16 %layer3_out_5_V, i16 %layer3_out_6_V, i16 %layer3_out_7_V)" [firmware/nnet_utils/nnet_dense.h:54->firmware/nnet_utils/nnet_dense.h:45->firmware/myproject.cpp:60]   --->   Operation 58 'call' 'call_ret2' <Predicate = true> <Delay = 3.90> <CoreType = "Generic">   --->   Core 0 '' <Latency = 0> <II = 1> <Delay = 1.00> <Generic> <Opcode : >

State 12 <SV = 11> <Delay = 3.90>
ST_12 : Operation 59 [4/7] (3.90ns)   --->   "%call_ret2 = call fastcc { i36, i36, i36, i36 } @"dense_latency<ap_fixed,ap_fixed<36,16,5,3,0>,config4>.0.0.0.0.0"(i16 %layer3_out_0_V, i16 %layer3_out_1_V, i16 %layer3_out_2_V, i16 %layer3_out_3_V, i16 %layer3_out_4_V, i16 %layer3_out_5_V, i16 %layer3_out_6_V, i16 %layer3_out_7_V)" [firmware/nnet_utils/nnet_dense.h:54->firmware/nnet_utils/nnet_dense.h:45->firmware/myproject.cpp:60]   --->   Operation 59 'call' 'call_ret2' <Predicate = true> <Delay = 3.90> <CoreType = "Generic">   --->   Core 0 '' <Latency = 0> <II = 1> <Delay = 1.00> <Generic> <Opcode : >

State 13 <SV = 12> <Delay = 3.90>
ST_13 : Operation 60 [3/7] (3.90ns)   --->   "%call_ret2 = call fastcc { i36, i36, i36, i36 } @"dense_latency<ap_fixed,ap_fixed<36,16,5,3,0>,config4>.0.0.0.0.0"(i16 %layer3_out_0_V, i16 %layer3_out_1_V, i16 %layer3_out_2_V, i16 %layer3_out_3_V, i16 %layer3_out_4_V, i16 %layer3_out_5_V, i16 %layer3_out_6_V, i16 %layer3_out_7_V)" [firmware/nnet_utils/nnet_dense.h:54->firmware/nnet_utils/nnet_dense.h:45->firmware/myproject.cpp:60]   --->   Operation 60 'call' 'call_ret2' <Predicate = true> <Delay = 3.90> <CoreType = "Generic">   --->   Core 0 '' <Latency = 0> <II = 1> <Delay = 1.00> <Generic> <Opcode : >

State 14 <SV = 13> <Delay = 3.90>
ST_14 : Operation 61 [2/7] (3.90ns)   --->   "%call_ret2 = call fastcc { i36, i36, i36, i36 } @"dense_latency<ap_fixed,ap_fixed<36,16,5,3,0>,config4>.0.0.0.0.0"(i16 %layer3_out_0_V, i16 %layer3_out_1_V, i16 %layer3_out_2_V, i16 %layer3_out_3_V, i16 %layer3_out_4_V, i16 %layer3_out_5_V, i16 %layer3_out_6_V, i16 %layer3_out_7_V)" [firmware/nnet_utils/nnet_dense.h:54->firmware/nnet_utils/nnet_dense.h:45->firmware/myproject.cpp:60]   --->   Operation 61 'call' 'call_ret2' <Predicate = true> <Delay = 3.90> <CoreType = "Generic">   --->   Core 0 '' <Latency = 0> <II = 1> <Delay = 1.00> <Generic> <Opcode : >

State 15 <SV = 14> <Delay = 3.90>
ST_15 : Operation 62 [1/7] (3.90ns)   --->   "%call_ret2 = call fastcc { i36, i36, i36, i36 } @"dense_latency<ap_fixed,ap_fixed<36,16,5,3,0>,config4>.0.0.0.0.0"(i16 %layer3_out_0_V, i16 %layer3_out_1_V, i16 %layer3_out_2_V, i16 %layer3_out_3_V, i16 %layer3_out_4_V, i16 %layer3_out_5_V, i16 %layer3_out_6_V, i16 %layer3_out_7_V)" [firmware/nnet_utils/nnet_dense.h:54->firmware/nnet_utils/nnet_dense.h:45->firmware/myproject.cpp:60]   --->   Operation 62 'call' 'call_ret2' <Predicate = true> <Delay = 3.90> <CoreType = "Generic">   --->   Core 0 '' <Latency = 0> <II = 1> <Delay = 1.00> <Generic> <Opcode : >
ST_15 : Operation 63 [1/1] (0.00ns)   --->   "%layer4_out_0_V = extractvalue { i36, i36, i36, i36 } %call_ret2, 0" [firmware/nnet_utils/nnet_dense.h:54->firmware/nnet_utils/nnet_dense.h:45->firmware/myproject.cpp:60]   --->   Operation 63 'extractvalue' 'layer4_out_0_V' <Predicate = true> <Delay = 0.00>
ST_15 : Operation 64 [1/1] (0.00ns)   --->   "%layer4_out_1_V = extractvalue { i36, i36, i36, i36 } %call_ret2, 1" [firmware/nnet_utils/nnet_dense.h:54->firmware/nnet_utils/nnet_dense.h:45->firmware/myproject.cpp:60]   --->   Operation 64 'extractvalue' 'layer4_out_1_V' <Predicate = true> <Delay = 0.00>
ST_15 : Operation 65 [1/1] (0.00ns)   --->   "%layer4_out_2_V = extractvalue { i36, i36, i36, i36 } %call_ret2, 2" [firmware/nnet_utils/nnet_dense.h:54->firmware/nnet_utils/nnet_dense.h:45->firmware/myproject.cpp:60]   --->   Operation 65 'extractvalue' 'layer4_out_2_V' <Predicate = true> <Delay = 0.00>
ST_15 : Operation 66 [1/1] (0.00ns)   --->   "%layer4_out_3_V = extractvalue { i36, i36, i36, i36 } %call_ret2, 3" [firmware/nnet_utils/nnet_dense.h:54->firmware/nnet_utils/nnet_dense.h:45->firmware/myproject.cpp:60]   --->   Operation 66 'extractvalue' 'layer4_out_3_V' <Predicate = true> <Delay = 0.00>

State 16 <SV = 15> <Delay = 3.30>
ST_16 : Operation 67 [1/1] (3.30ns)   --->   "%call_ret3 = call fastcc { i16, i16, i16, i16 } @"relu<ap_fixed<36, 16, 5, 3, 0>, ap_fixed<16, 6, 5, 3, 0>, relu_config5>"(i36 %layer4_out_0_V, i36 %layer4_out_1_V, i36 %layer4_out_2_V, i36 %layer4_out_3_V)" [firmware/myproject.cpp:62]   --->   Operation 67 'call' 'call_ret3' <Predicate = true> <Delay = 3.30> <CoreType = "Generic">   --->   Core 0 '' <Latency = 0> <II = 1> <Delay = 1.00> <Generic> <Opcode : >
ST_16 : Operation 68 [1/1] (0.00ns)   --->   "%layer5_out_0_V = extractvalue { i16, i16, i16, i16 } %call_ret3, 0" [firmware/myproject.cpp:62]   --->   Operation 68 'extractvalue' 'layer5_out_0_V' <Predicate = true> <Delay = 0.00>
ST_16 : Operation 69 [1/1] (0.00ns)   --->   "%layer5_out_1_V = extractvalue { i16, i16, i16, i16 } %call_ret3, 1" [firmware/myproject.cpp:62]   --->   Operation 69 'extractvalue' 'layer5_out_1_V' <Predicate = true> <Delay = 0.00>
ST_16 : Operation 70 [1/1] (0.00ns)   --->   "%layer5_out_2_V = extractvalue { i16, i16, i16, i16 } %call_ret3, 2" [firmware/myproject.cpp:62]   --->   Operation 70 'extractvalue' 'layer5_out_2_V' <Predicate = true> <Delay = 0.00>
ST_16 : Operation 71 [1/1] (0.00ns)   --->   "%layer5_out_3_V = extractvalue { i16, i16, i16, i16 } %call_ret3, 3" [firmware/myproject.cpp:62]   --->   Operation 71 'extractvalue' 'layer5_out_3_V' <Predicate = true> <Delay = 0.00>

State 17 <SV = 16> <Delay = 3.34>
ST_17 : Operation 72 [6/6] (3.34ns)   --->   "%call_ret4 = call fastcc { i35, i35, i35, i35, i35, i35, i35, i35 } @"dense_latency<ap_fixed,ap_fixed<35,15,5,3,0>,config6>.0.0.0.0.0.0.0.0.0"(i16 %layer5_out_0_V, i16 %layer5_out_1_V, i16 %layer5_out_2_V, i16 %layer5_out_3_V)" [firmware/nnet_utils/nnet_dense.h:54->firmware/nnet_utils/nnet_dense.h:45->firmware/myproject.cpp:64]   --->   Operation 72 'call' 'call_ret4' <Predicate = true> <Delay = 3.34> <CoreType = "Generic">   --->   Core 0 '' <Latency = 0> <II = 1> <Delay = 1.00> <Generic> <Opcode : >

State 18 <SV = 17> <Delay = 4.16>
ST_18 : Operation 73 [5/6] (4.16ns)   --->   "%call_ret4 = call fastcc { i35, i35, i35, i35, i35, i35, i35, i35 } @"dense_latency<ap_fixed,ap_fixed<35,15,5,3,0>,config6>.0.0.0.0.0.0.0.0.0"(i16 %layer5_out_0_V, i16 %layer5_out_1_V, i16 %layer5_out_2_V, i16 %layer5_out_3_V)" [firmware/nnet_utils/nnet_dense.h:54->firmware/nnet_utils/nnet_dense.h:45->firmware/myproject.cpp:64]   --->   Operation 73 'call' 'call_ret4' <Predicate = true> <Delay = 4.16> <CoreType = "Generic">   --->   Core 0 '' <Latency = 0> <II = 1> <Delay = 1.00> <Generic> <Opcode : >

State 19 <SV = 18> <Delay = 4.16>
ST_19 : Operation 74 [4/6] (4.16ns)   --->   "%call_ret4 = call fastcc { i35, i35, i35, i35, i35, i35, i35, i35 } @"dense_latency<ap_fixed,ap_fixed<35,15,5,3,0>,config6>.0.0.0.0.0.0.0.0.0"(i16 %layer5_out_0_V, i16 %layer5_out_1_V, i16 %layer5_out_2_V, i16 %layer5_out_3_V)" [firmware/nnet_utils/nnet_dense.h:54->firmware/nnet_utils/nnet_dense.h:45->firmware/myproject.cpp:64]   --->   Operation 74 'call' 'call_ret4' <Predicate = true> <Delay = 4.16> <CoreType = "Generic">   --->   Core 0 '' <Latency = 0> <II = 1> <Delay = 1.00> <Generic> <Opcode : >

State 20 <SV = 19> <Delay = 4.16>
ST_20 : Operation 75 [3/6] (4.16ns)   --->   "%call_ret4 = call fastcc { i35, i35, i35, i35, i35, i35, i35, i35 } @"dense_latency<ap_fixed,ap_fixed<35,15,5,3,0>,config6>.0.0.0.0.0.0.0.0.0"(i16 %layer5_out_0_V, i16 %layer5_out_1_V, i16 %layer5_out_2_V, i16 %layer5_out_3_V)" [firmware/nnet_utils/nnet_dense.h:54->firmware/nnet_utils/nnet_dense.h:45->firmware/myproject.cpp:64]   --->   Operation 75 'call' 'call_ret4' <Predicate = true> <Delay = 4.16> <CoreType = "Generic">   --->   Core 0 '' <Latency = 0> <II = 1> <Delay = 1.00> <Generic> <Opcode : >

State 21 <SV = 20> <Delay = 4.16>
ST_21 : Operation 76 [2/6] (4.16ns)   --->   "%call_ret4 = call fastcc { i35, i35, i35, i35, i35, i35, i35, i35 } @"dense_latency<ap_fixed,ap_fixed<35,15,5,3,0>,config6>.0.0.0.0.0.0.0.0.0"(i16 %layer5_out_0_V, i16 %layer5_out_1_V, i16 %layer5_out_2_V, i16 %layer5_out_3_V)" [firmware/nnet_utils/nnet_dense.h:54->firmware/nnet_utils/nnet_dense.h:45->firmware/myproject.cpp:64]   --->   Operation 76 'call' 'call_ret4' <Predicate = true> <Delay = 4.16> <CoreType = "Generic">   --->   Core 0 '' <Latency = 0> <II = 1> <Delay = 1.00> <Generic> <Opcode : >

State 22 <SV = 21> <Delay = 3.90>
ST_22 : Operation 77 [1/6] (3.90ns)   --->   "%call_ret4 = call fastcc { i35, i35, i35, i35, i35, i35, i35, i35 } @"dense_latency<ap_fixed,ap_fixed<35,15,5,3,0>,config6>.0.0.0.0.0.0.0.0.0"(i16 %layer5_out_0_V, i16 %layer5_out_1_V, i16 %layer5_out_2_V, i16 %layer5_out_3_V)" [firmware/nnet_utils/nnet_dense.h:54->firmware/nnet_utils/nnet_dense.h:45->firmware/myproject.cpp:64]   --->   Operation 77 'call' 'call_ret4' <Predicate = true> <Delay = 3.90> <CoreType = "Generic">   --->   Core 0 '' <Latency = 0> <II = 1> <Delay = 1.00> <Generic> <Opcode : >
ST_22 : Operation 78 [1/1] (0.00ns)   --->   "%layer6_out_0_V = extractvalue { i35, i35, i35, i35, i35, i35, i35, i35 } %call_ret4, 0" [firmware/nnet_utils/nnet_dense.h:54->firmware/nnet_utils/nnet_dense.h:45->firmware/myproject.cpp:64]   --->   Operation 78 'extractvalue' 'layer6_out_0_V' <Predicate = true> <Delay = 0.00>
ST_22 : Operation 79 [1/1] (0.00ns)   --->   "%layer6_out_1_V = extractvalue { i35, i35, i35, i35, i35, i35, i35, i35 } %call_ret4, 1" [firmware/nnet_utils/nnet_dense.h:54->firmware/nnet_utils/nnet_dense.h:45->firmware/myproject.cpp:64]   --->   Operation 79 'extractvalue' 'layer6_out_1_V' <Predicate = true> <Delay = 0.00>
ST_22 : Operation 80 [1/1] (0.00ns)   --->   "%layer6_out_2_V = extractvalue { i35, i35, i35, i35, i35, i35, i35, i35 } %call_ret4, 2" [firmware/nnet_utils/nnet_dense.h:54->firmware/nnet_utils/nnet_dense.h:45->firmware/myproject.cpp:64]   --->   Operation 80 'extractvalue' 'layer6_out_2_V' <Predicate = true> <Delay = 0.00>
ST_22 : Operation 81 [1/1] (0.00ns)   --->   "%layer6_out_3_V = extractvalue { i35, i35, i35, i35, i35, i35, i35, i35 } %call_ret4, 3" [firmware/nnet_utils/nnet_dense.h:54->firmware/nnet_utils/nnet_dense.h:45->firmware/myproject.cpp:64]   --->   Operation 81 'extractvalue' 'layer6_out_3_V' <Predicate = true> <Delay = 0.00>
ST_22 : Operation 82 [1/1] (0.00ns)   --->   "%layer6_out_4_V = extractvalue { i35, i35, i35, i35, i35, i35, i35, i35 } %call_ret4, 4" [firmware/nnet_utils/nnet_dense.h:54->firmware/nnet_utils/nnet_dense.h:45->firmware/myproject.cpp:64]   --->   Operation 82 'extractvalue' 'layer6_out_4_V' <Predicate = true> <Delay = 0.00>
ST_22 : Operation 83 [1/1] (0.00ns)   --->   "%layer6_out_5_V = extractvalue { i35, i35, i35, i35, i35, i35, i35, i35 } %call_ret4, 5" [firmware/nnet_utils/nnet_dense.h:54->firmware/nnet_utils/nnet_dense.h:45->firmware/myproject.cpp:64]   --->   Operation 83 'extractvalue' 'layer6_out_5_V' <Predicate = true> <Delay = 0.00>
ST_22 : Operation 84 [1/1] (0.00ns)   --->   "%layer6_out_6_V = extractvalue { i35, i35, i35, i35, i35, i35, i35, i35 } %call_ret4, 6" [firmware/nnet_utils/nnet_dense.h:54->firmware/nnet_utils/nnet_dense.h:45->firmware/myproject.cpp:64]   --->   Operation 84 'extractvalue' 'layer6_out_6_V' <Predicate = true> <Delay = 0.00>
ST_22 : Operation 85 [1/1] (0.00ns)   --->   "%layer6_out_7_V = extractvalue { i35, i35, i35, i35, i35, i35, i35, i35 } %call_ret4, 7" [firmware/nnet_utils/nnet_dense.h:54->firmware/nnet_utils/nnet_dense.h:45->firmware/myproject.cpp:64]   --->   Operation 85 'extractvalue' 'layer6_out_7_V' <Predicate = true> <Delay = 0.00>

State 23 <SV = 22> <Delay = 3.30>
ST_23 : Operation 86 [1/1] (3.30ns)   --->   "%call_ret5 = call fastcc { i16, i16, i16, i16, i16, i16, i16, i16 } @"relu<ap_fixed<35, 15, 5, 3, 0>, ap_fixed<16, 6, 5, 3, 0>, relu_config7>"(i35 %layer6_out_0_V, i35 %layer6_out_1_V, i35 %layer6_out_2_V, i35 %layer6_out_3_V, i35 %layer6_out_4_V, i35 %layer6_out_5_V, i35 %layer6_out_6_V, i35 %layer6_out_7_V)" [firmware/myproject.cpp:66]   --->   Operation 86 'call' 'call_ret5' <Predicate = true> <Delay = 3.30> <CoreType = "Generic">   --->   Core 0 '' <Latency = 0> <II = 1> <Delay = 1.00> <Generic> <Opcode : >
ST_23 : Operation 87 [1/1] (0.00ns)   --->   "%layer7_out_0_V = extractvalue { i16, i16, i16, i16, i16, i16, i16, i16 } %call_ret5, 0" [firmware/myproject.cpp:66]   --->   Operation 87 'extractvalue' 'layer7_out_0_V' <Predicate = true> <Delay = 0.00>
ST_23 : Operation 88 [1/1] (0.00ns)   --->   "%layer7_out_1_V = extractvalue { i16, i16, i16, i16, i16, i16, i16, i16 } %call_ret5, 1" [firmware/myproject.cpp:66]   --->   Operation 88 'extractvalue' 'layer7_out_1_V' <Predicate = true> <Delay = 0.00>
ST_23 : Operation 89 [1/1] (0.00ns)   --->   "%layer7_out_2_V = extractvalue { i16, i16, i16, i16, i16, i16, i16, i16 } %call_ret5, 2" [firmware/myproject.cpp:66]   --->   Operation 89 'extractvalue' 'layer7_out_2_V' <Predicate = true> <Delay = 0.00>
ST_23 : Operation 90 [1/1] (0.00ns)   --->   "%layer7_out_3_V = extractvalue { i16, i16, i16, i16, i16, i16, i16, i16 } %call_ret5, 3" [firmware/myproject.cpp:66]   --->   Operation 90 'extractvalue' 'layer7_out_3_V' <Predicate = true> <Delay = 0.00>
ST_23 : Operation 91 [1/1] (0.00ns)   --->   "%layer7_out_4_V = extractvalue { i16, i16, i16, i16, i16, i16, i16, i16 } %call_ret5, 4" [firmware/myproject.cpp:66]   --->   Operation 91 'extractvalue' 'layer7_out_4_V' <Predicate = true> <Delay = 0.00>
ST_23 : Operation 92 [1/1] (0.00ns)   --->   "%layer7_out_5_V = extractvalue { i16, i16, i16, i16, i16, i16, i16, i16 } %call_ret5, 5" [firmware/myproject.cpp:66]   --->   Operation 92 'extractvalue' 'layer7_out_5_V' <Predicate = true> <Delay = 0.00>
ST_23 : Operation 93 [1/1] (0.00ns)   --->   "%layer7_out_6_V = extractvalue { i16, i16, i16, i16, i16, i16, i16, i16 } %call_ret5, 6" [firmware/myproject.cpp:66]   --->   Operation 93 'extractvalue' 'layer7_out_6_V' <Predicate = true> <Delay = 0.00>
ST_23 : Operation 94 [1/1] (0.00ns)   --->   "%layer7_out_7_V = extractvalue { i16, i16, i16, i16, i16, i16, i16, i16 } %call_ret5, 7" [firmware/myproject.cpp:66]   --->   Operation 94 'extractvalue' 'layer7_out_7_V' <Predicate = true> <Delay = 0.00>

State 24 <SV = 23> <Delay = 4.16>
ST_24 : Operation 95 [7/7] (4.16ns)   --->   "%call_ret6 = call fastcc { i36, i36, i36, i36, i36, i36, i36, i36, i36, i36, i36, i36, i36, i36 } @"dense_latency<ap_fixed,ap_fixed,config8>.0.0.0.0.0.0.0.0.0.0.0.0.0.0.0"(i16 %layer7_out_0_V, i16 %layer7_out_1_V, i16 %layer7_out_2_V, i16 %layer7_out_3_V, i16 %layer7_out_4_V, i16 %layer7_out_5_V, i16 %layer7_out_6_V, i16 %layer7_out_7_V)" [firmware/nnet_utils/nnet_dense.h:54->firmware/nnet_utils/nnet_dense.h:45->firmware/myproject.cpp:68]   --->   Operation 95 'call' 'call_ret6' <Predicate = true> <Delay = 4.16> <CoreType = "Generic">   --->   Core 0 '' <Latency = 0> <II = 1> <Delay = 1.00> <Generic> <Opcode : >

State 25 <SV = 24> <Delay = 4.16>
ST_25 : Operation 96 [6/7] (4.16ns)   --->   "%call_ret6 = call fastcc { i36, i36, i36, i36, i36, i36, i36, i36, i36, i36, i36, i36, i36, i36 } @"dense_latency<ap_fixed,ap_fixed,config8>.0.0.0.0.0.0.0.0.0.0.0.0.0.0.0"(i16 %layer7_out_0_V, i16 %layer7_out_1_V, i16 %layer7_out_2_V, i16 %layer7_out_3_V, i16 %layer7_out_4_V, i16 %layer7_out_5_V, i16 %layer7_out_6_V, i16 %layer7_out_7_V)" [firmware/nnet_utils/nnet_dense.h:54->firmware/nnet_utils/nnet_dense.h:45->firmware/myproject.cpp:68]   --->   Operation 96 'call' 'call_ret6' <Predicate = true> <Delay = 4.16> <CoreType = "Generic">   --->   Core 0 '' <Latency = 0> <II = 1> <Delay = 1.00> <Generic> <Opcode : >

State 26 <SV = 25> <Delay = 4.16>
ST_26 : Operation 97 [5/7] (4.16ns)   --->   "%call_ret6 = call fastcc { i36, i36, i36, i36, i36, i36, i36, i36, i36, i36, i36, i36, i36, i36 } @"dense_latency<ap_fixed,ap_fixed,config8>.0.0.0.0.0.0.0.0.0.0.0.0.0.0.0"(i16 %layer7_out_0_V, i16 %layer7_out_1_V, i16 %layer7_out_2_V, i16 %layer7_out_3_V, i16 %layer7_out_4_V, i16 %layer7_out_5_V, i16 %layer7_out_6_V, i16 %layer7_out_7_V)" [firmware/nnet_utils/nnet_dense.h:54->firmware/nnet_utils/nnet_dense.h:45->firmware/myproject.cpp:68]   --->   Operation 97 'call' 'call_ret6' <Predicate = true> <Delay = 4.16> <CoreType = "Generic">   --->   Core 0 '' <Latency = 0> <II = 1> <Delay = 1.00> <Generic> <Opcode : >

State 27 <SV = 26> <Delay = 4.16>
ST_27 : Operation 98 [4/7] (4.16ns)   --->   "%call_ret6 = call fastcc { i36, i36, i36, i36, i36, i36, i36, i36, i36, i36, i36, i36, i36, i36 } @"dense_latency<ap_fixed,ap_fixed,config8>.0.0.0.0.0.0.0.0.0.0.0.0.0.0.0"(i16 %layer7_out_0_V, i16 %layer7_out_1_V, i16 %layer7_out_2_V, i16 %layer7_out_3_V, i16 %layer7_out_4_V, i16 %layer7_out_5_V, i16 %layer7_out_6_V, i16 %layer7_out_7_V)" [firmware/nnet_utils/nnet_dense.h:54->firmware/nnet_utils/nnet_dense.h:45->firmware/myproject.cpp:68]   --->   Operation 98 'call' 'call_ret6' <Predicate = true> <Delay = 4.16> <CoreType = "Generic">   --->   Core 0 '' <Latency = 0> <II = 1> <Delay = 1.00> <Generic> <Opcode : >

State 28 <SV = 27> <Delay = 4.16>
ST_28 : Operation 99 [3/7] (4.16ns)   --->   "%call_ret6 = call fastcc { i36, i36, i36, i36, i36, i36, i36, i36, i36, i36, i36, i36, i36, i36 } @"dense_latency<ap_fixed,ap_fixed,config8>.0.0.0.0.0.0.0.0.0.0.0.0.0.0.0"(i16 %layer7_out_0_V, i16 %layer7_out_1_V, i16 %layer7_out_2_V, i16 %layer7_out_3_V, i16 %layer7_out_4_V, i16 %layer7_out_5_V, i16 %layer7_out_6_V, i16 %layer7_out_7_V)" [firmware/nnet_utils/nnet_dense.h:54->firmware/nnet_utils/nnet_dense.h:45->firmware/myproject.cpp:68]   --->   Operation 99 'call' 'call_ret6' <Predicate = true> <Delay = 4.16> <CoreType = "Generic">   --->   Core 0 '' <Latency = 0> <II = 1> <Delay = 1.00> <Generic> <Opcode : >

State 29 <SV = 28> <Delay = 4.16>
ST_29 : Operation 100 [2/7] (4.16ns)   --->   "%call_ret6 = call fastcc { i36, i36, i36, i36, i36, i36, i36, i36, i36, i36, i36, i36, i36, i36 } @"dense_latency<ap_fixed,ap_fixed,config8>.0.0.0.0.0.0.0.0.0.0.0.0.0.0.0"(i16 %layer7_out_0_V, i16 %layer7_out_1_V, i16 %layer7_out_2_V, i16 %layer7_out_3_V, i16 %layer7_out_4_V, i16 %layer7_out_5_V, i16 %layer7_out_6_V, i16 %layer7_out_7_V)" [firmware/nnet_utils/nnet_dense.h:54->firmware/nnet_utils/nnet_dense.h:45->firmware/myproject.cpp:68]   --->   Operation 100 'call' 'call_ret6' <Predicate = true> <Delay = 4.16> <CoreType = "Generic">   --->   Core 0 '' <Latency = 0> <II = 1> <Delay = 1.00> <Generic> <Opcode : >

State 30 <SV = 29> <Delay = 3.90>
ST_30 : Operation 101 [1/1] (0.00ns)   --->   "call void (...)* @_ssdm_op_SpecInterface(i224* %input_1_V, [7 x i8]* @p_str10, i32 0, i32 0, [1 x i8]* @p_str9, i32 0, i32 0, [1 x i8]* @p_str9, [1 x i8]* @p_str9, [1 x i8]* @p_str9, i32 0, i32 0, i32 0, i32 0, [1 x i8]* @p_str9, [1 x i8]* @p_str9) nounwind"   --->   Operation 101 'specinterface' <Predicate = true> <Delay = 0.00>
ST_30 : Operation 102 [1/1] (0.00ns)   --->   "call void (...)* @_ssdm_op_SpecInterface(i32 0, [7 x i8]* @p_str10, i32 0, i32 0, [1 x i8]* @p_str9, i32 0, i32 0, [1 x i8]* @p_str9, [1 x i8]* @p_str9, [1 x i8]* @p_str9, i32 0, i32 0, i32 0, i32 0, [1 x i8]* @p_str9, [1 x i8]* @p_str9)"   --->   Operation 102 'specinterface' <Predicate = true> <Delay = 0.00>
ST_30 : Operation 103 [1/1] (0.00ns)   --->   "call void (...)* @_ssdm_op_SpecPipeline(i32 -1, i32 1, i32 1, i32 0, [1 x i8]* @p_str9) nounwind" [firmware/myproject.cpp:16]   --->   Operation 103 'specpipeline' <Predicate = true> <Delay = 0.00>
ST_30 : Operation 104 [1/7] (3.90ns)   --->   "%call_ret6 = call fastcc { i36, i36, i36, i36, i36, i36, i36, i36, i36, i36, i36, i36, i36, i36 } @"dense_latency<ap_fixed,ap_fixed,config8>.0.0.0.0.0.0.0.0.0.0.0.0.0.0.0"(i16 %layer7_out_0_V, i16 %layer7_out_1_V, i16 %layer7_out_2_V, i16 %layer7_out_3_V, i16 %layer7_out_4_V, i16 %layer7_out_5_V, i16 %layer7_out_6_V, i16 %layer7_out_7_V)" [firmware/nnet_utils/nnet_dense.h:54->firmware/nnet_utils/nnet_dense.h:45->firmware/myproject.cpp:68]   --->   Operation 104 'call' 'call_ret6' <Predicate = true> <Delay = 3.90> <CoreType = "Generic">   --->   Core 0 '' <Latency = 0> <II = 1> <Delay = 1.00> <Generic> <Opcode : >
ST_30 : Operation 105 [1/1] (0.00ns)   --->   "ret { i36, i36, i36, i36, i36, i36, i36, i36, i36, i36, i36, i36, i36, i36 } %call_ret6" [firmware/myproject.cpp:70]   --->   Operation 105 'ret' <Predicate = true> <Delay = 0.00>


============================================================
+ Verbose Summary: Binding
============================================================
STG Binding: 
---------------- STG Properties BEGIN ----------------
- Is combinational: 0
- Is one-state seq: 0
- Is datapath-only: 0
- Is pipelined: 1
- Is top level: 0
Port [ Return ] is wired: 1; IO mode=ap_ctrl_hs:ce=0
Port [ input_1_V]:  wired=1; compound=0; hidden=0; nouse=0; global=0; static=0; extern=0; dir=0; type=0; pingpong=0; private_global=0; IO mode=ap_vld:ce=0
---------------- STG Properties END ------------------

---------------- Datapath Model BEGIN ----------------

<LifeTime>
<method=bitvector/>
input_1_V_read    (read         ) [ 0000000000000000000000000000000]
call_ret          (call         ) [ 0000000000000000000000000000000]
layer2_out_0_V    (extractvalue ) [ 0000100010000000000000000000000]
layer2_out_1_V    (extractvalue ) [ 0000100010000000000000000000000]
layer2_out_2_V    (extractvalue ) [ 0000100010000000000000000000000]
layer2_out_3_V    (extractvalue ) [ 0000100010000000000000000000000]
layer2_out_4_V    (extractvalue ) [ 0000100010000000000000000000000]
layer2_out_5_V    (extractvalue ) [ 0000100010000000000000000000000]
layer2_out_6_V    (extractvalue ) [ 0000100010000000000000000000000]
layer2_out_7_V    (extractvalue ) [ 0000100010000000000000000000000]
call_ret1         (call         ) [ 0000000000000000000000000000000]
layer3_out_0_V    (extractvalue ) [ 0100000001000000000000000000000]
layer3_out_1_V    (extractvalue ) [ 0110000001100000000000000000000]
layer3_out_2_V    (extractvalue ) [ 0110000001100000000000000000000]
layer3_out_3_V    (extractvalue ) [ 0111000001110000000000000000000]
layer3_out_4_V    (extractvalue ) [ 0111000001110000000000000000000]
layer3_out_5_V    (extractvalue ) [ 0111100001111000000000000000000]
layer3_out_6_V    (extractvalue ) [ 0100000001000000000000000000000]
layer3_out_7_V    (extractvalue ) [ 0100000001000000000000000000000]
call_ret2         (call         ) [ 0000000000000000000000000000000]
layer4_out_0_V    (extractvalue ) [ 0000100000000000100000000000000]
layer4_out_1_V    (extractvalue ) [ 0000100000000000100000000000000]
layer4_out_2_V    (extractvalue ) [ 0000100000000000100000000000000]
layer4_out_3_V    (extractvalue ) [ 0000100000000000100000000000000]
call_ret3         (call         ) [ 0000000000000000000000000000000]
layer5_out_0_V    (extractvalue ) [ 0111000000000000011100000000000]
layer5_out_1_V    (extractvalue ) [ 0111000000000000011100000000000]
layer5_out_2_V    (extractvalue ) [ 0100000000000000010000000000000]
layer5_out_3_V    (extractvalue ) [ 0110000000000000011000000000000]
call_ret4         (call         ) [ 0000000000000000000000000000000]
layer6_out_0_V    (extractvalue ) [ 0001000000000000000000010000000]
layer6_out_1_V    (extractvalue ) [ 0001000000000000000000010000000]
layer6_out_2_V    (extractvalue ) [ 0001000000000000000000010000000]
layer6_out_3_V    (extractvalue ) [ 0001000000000000000000010000000]
layer6_out_4_V    (extractvalue ) [ 0001000000000000000000010000000]
layer6_out_5_V    (extractvalue ) [ 0001000000000000000000010000000]
layer6_out_6_V    (extractvalue ) [ 0001000000000000000000010000000]
layer6_out_7_V    (extractvalue ) [ 0001000000000000000000010000000]
call_ret5         (call         ) [ 0000000000000000000000000000000]
layer7_out_0_V    (extractvalue ) [ 0000100000000000000000001000000]
layer7_out_1_V    (extractvalue ) [ 0000100000000000000000001000000]
layer7_out_2_V    (extractvalue ) [ 0000100000000000000000001000000]
layer7_out_3_V    (extractvalue ) [ 0000100000000000000000001000000]
layer7_out_4_V    (extractvalue ) [ 0100100000000000000000001100000]
layer7_out_5_V    (extractvalue ) [ 0110100000000000000000001110000]
layer7_out_6_V    (extractvalue ) [ 0110100000000000000000001110000]
layer7_out_7_V    (extractvalue ) [ 0110100000000000000000001110000]
specinterface_ln0 (specinterface) [ 0000000000000000000000000000000]
specinterface_ln0 (specinterface) [ 0000000000000000000000000000000]
specpipeline_ln16 (specpipeline ) [ 0000000000000000000000000000000]
call_ret6         (call         ) [ 0000000000000000000000000000000]
ret_ln70          (ret          ) [ 0000000000000000000000000000000]
</LifeTime>

<model>

<comp_list>
<comp id="0" class="1000" name="input_1_V">
<pin_list>
<pin id="1" dir="1" index="0" bw="1" slack="0"/>
</pin_list>
<bind>
<StgValue><ssdm name="input_1_V"/></StgValue>
</bind>
</comp>

<comp id="2" class="1001" name="const_2">
<pin_list>
<pin id="3" dir="1" index="0" bw="1" slack="0"/>
</pin_list>
<bind>
<StgValue><ssdm name="_ssdm_op_Read.ap_vld.i224P"/></StgValue>
</bind>
</comp>

<comp id="4" class="1001" name="const_4">
<pin_list>
<pin id="5" dir="1" index="0" bw="1" slack="0"/>
</pin_list>
<bind>
<StgValue><ssdm name="dense_latency<ap_fixed,ap_fixed<37,17,5,3,0>,config2>.0.0.0.0.0.0.0.0.0"/></StgValue>
</bind>
</comp>

<comp id="6" class="1001" name="const_6">
<pin_list>
<pin id="7" dir="1" index="0" bw="1" slack="0"/>
</pin_list>
<bind>
<StgValue><ssdm name="relu<ap_fixed<37, 17, 5, 3, 0>, ap_fixed<16, 6, 5, 3, 0>, relu_config3>"/></StgValue>
</bind>
</comp>

<comp id="8" class="1001" name="const_8">
<pin_list>
<pin id="9" dir="1" index="0" bw="1" slack="0"/>
</pin_list>
<bind>
<StgValue><ssdm name="dense_latency<ap_fixed,ap_fixed<36,16,5,3,0>,config4>.0.0.0.0.0"/></StgValue>
</bind>
</comp>

<comp id="10" class="1001" name="const_10">
<pin_list>
<pin id="11" dir="1" index="0" bw="1" slack="0"/>
</pin_list>
<bind>
<StgValue><ssdm name="relu<ap_fixed<36, 16, 5, 3, 0>, ap_fixed<16, 6, 5, 3, 0>, relu_config5>"/></StgValue>
</bind>
</comp>

<comp id="12" class="1001" name="const_12">
<pin_list>
<pin id="13" dir="1" index="0" bw="1" slack="0"/>
</pin_list>
<bind>
<StgValue><ssdm name="dense_latency<ap_fixed,ap_fixed<35,15,5,3,0>,config6>.0.0.0.0.0.0.0.0.0"/></StgValue>
</bind>
</comp>

<comp id="14" class="1001" name="const_14">
<pin_list>
<pin id="15" dir="1" index="0" bw="1" slack="0"/>
</pin_list>
<bind>
<StgValue><ssdm name="relu<ap_fixed<35, 15, 5, 3, 0>, ap_fixed<16, 6, 5, 3, 0>, relu_config7>"/></StgValue>
</bind>
</comp>

<comp id="16" class="1001" name="const_16">
<pin_list>
<pin id="17" dir="1" index="0" bw="1" slack="0"/>
</pin_list>
<bind>
<StgValue><ssdm name="dense_latency<ap_fixed,ap_fixed,config8>.0.0.0.0.0.0.0.0.0.0.0.0.0.0.0"/></StgValue>
</bind>
</comp>

<comp id="18" class="1001" name="const_18">
<pin_list>
<pin id="19" dir="1" index="0" bw="1" slack="2147483647"/>
</pin_list>
<bind>
<StgValue><ssdm name="_ssdm_op_SpecInterface"/></StgValue>
</bind>
</comp>

<comp id="20" class="1001" name="const_20">
<pin_list>
<pin id="21" dir="1" index="0" bw="1" slack="2147483647"/>
</pin_list>
<bind>
<StgValue><ssdm name="p_str10"/></StgValue>
</bind>
</comp>

<comp id="22" class="1001" name="const_22">
<pin_list>
<pin id="23" dir="1" index="0" bw="1" slack="2147483647"/>
</pin_list>
<bind>
<StgValue><ssdm name=""/></StgValue>
</bind>
</comp>

<comp id="24" class="1001" name="const_24">
<pin_list>
<pin id="25" dir="1" index="0" bw="1" slack="2147483647"/>
</pin_list>
<bind>
<StgValue><ssdm name="p_str9"/></StgValue>
</bind>
</comp>

<comp id="26" class="1001" name="const_26">
<pin_list>
<pin id="27" dir="1" index="0" bw="1" slack="2147483647"/>
</pin_list>
<bind>
<StgValue><ssdm name="_ssdm_op_SpecPipeline"/></StgValue>
</bind>
</comp>

<comp id="28" class="1001" name="const_28">
<pin_list>
<pin id="29" dir="1" index="0" bw="1" slack="2147483647"/>
</pin_list>
<bind>
<StgValue><ssdm name=""/></StgValue>
</bind>
</comp>

<comp id="30" class="1001" name="const_30">
<pin_list>
<pin id="31" dir="1" index="0" bw="1" slack="2147483647"/>
</pin_list>
<bind>
<StgValue><ssdm name=""/></StgValue>
</bind>
</comp>

<comp id="32" class="1004" name="input_1_V_read_read_fu_32">
<pin_list>
<pin id="33" dir="0" index="0" bw="224" slack="0"/>
<pin id="34" dir="0" index="1" bw="224" slack="0"/>
<pin id="35" dir="1" index="2" bw="224" slack="0"/>
</pin_list>
<bind>
<opcode="read(1150) " fcode="read"/>
<opset="input_1_V_read/1 "/>
</bind>
</comp>

<comp id="38" class="1004" name="grp_dense_latency_ap_fixed_ap_fixed_37_17_5_3_0_config2_0_0_0_0_0_0_0_0_0_fu_38">
<pin_list>
<pin id="39" dir="0" index="0" bw="296" slack="0"/>
<pin id="40" dir="0" index="1" bw="224" slack="0"/>
<pin id="41" dir="1" index="2" bw="296" slack="0"/>
</pin_list>
<bind>
<opcode="call(48) " fcode="call"/>
<opset="call_ret/1 "/>
</bind>
</comp>

<comp id="44" class="1004" name="grp_dense_latency_ap_fixed_ap_fixed_config8_0_0_0_0_0_0_0_0_0_0_0_0_0_0_0_fu_44">
<pin_list>
<pin id="45" dir="0" index="0" bw="504" slack="0"/>
<pin id="46" dir="0" index="1" bw="16" slack="1"/>
<pin id="47" dir="0" index="2" bw="16" slack="1"/>
<pin id="48" dir="0" index="3" bw="16" slack="1"/>
<pin id="49" dir="0" index="4" bw="16" slack="1"/>
<pin id="50" dir="0" index="5" bw="16" slack="1"/>
<pin id="51" dir="0" index="6" bw="16" slack="1"/>
<pin id="52" dir="0" index="7" bw="16" slack="1"/>
<pin id="53" dir="0" index="8" bw="16" slack="1"/>
<pin id="54" dir="1" index="9" bw="504" slack="2147483647"/>
</pin_list>
<bind>
<opcode="call(48) " fcode="call"/>
<opset="call_ret6/24 "/>
</bind>
</comp>

<comp id="56" class="1004" name="grp_dense_latency_ap_fixed_ap_fixed_36_16_5_3_0_config4_0_0_0_0_0_fu_56">
<pin_list>
<pin id="57" dir="0" index="0" bw="144" slack="0"/>
<pin id="58" dir="0" index="1" bw="16" slack="1"/>
<pin id="59" dir="0" index="2" bw="16" slack="1"/>
<pin id="60" dir="0" index="3" bw="16" slack="1"/>
<pin id="61" dir="0" index="4" bw="16" slack="1"/>
<pin id="62" dir="0" index="5" bw="16" slack="1"/>
<pin id="63" dir="0" index="6" bw="16" slack="1"/>
<pin id="64" dir="0" index="7" bw="16" slack="1"/>
<pin id="65" dir="0" index="8" bw="16" slack="1"/>
<pin id="66" dir="1" index="9" bw="144" slack="0"/>
</pin_list>
<bind>
<opcode="call(48) " fcode="call"/>
<opset="call_ret2/9 "/>
</bind>
</comp>

<comp id="68" class="1004" name="grp_dense_latency_ap_fixed_ap_fixed_35_15_5_3_0_config6_0_0_0_0_0_0_0_0_0_fu_68">
<pin_list>
<pin id="69" dir="0" index="0" bw="280" slack="0"/>
<pin id="70" dir="0" index="1" bw="16" slack="1"/>
<pin id="71" dir="0" index="2" bw="16" slack="1"/>
<pin id="72" dir="0" index="3" bw="16" slack="1"/>
<pin id="73" dir="0" index="4" bw="16" slack="1"/>
<pin id="74" dir="1" index="5" bw="280" slack="0"/>
</pin_list>
<bind>
<opcode="call(48) " fcode="call"/>
<opset="call_ret4/17 "/>
</bind>
</comp>

<comp id="76" class="1004" name="call_ret1_relu_ap_fixed_37_17_5_3_0_ap_fixed_16_6_5_3_0_relu_config3_s_fu_76">
<pin_list>
<pin id="77" dir="0" index="0" bw="128" slack="0"/>
<pin id="78" dir="0" index="1" bw="37" slack="1"/>
<pin id="79" dir="0" index="2" bw="37" slack="1"/>
<pin id="80" dir="0" index="3" bw="37" slack="1"/>
<pin id="81" dir="0" index="4" bw="37" slack="1"/>
<pin id="82" dir="0" index="5" bw="37" slack="1"/>
<pin id="83" dir="0" index="6" bw="37" slack="1"/>
<pin id="84" dir="0" index="7" bw="37" slack="1"/>
<pin id="85" dir="0" index="8" bw="37" slack="1"/>
<pin id="86" dir="1" index="9" bw="128" slack="0"/>
</pin_list>
<bind>
<opcode="call(48) " fcode="call"/>
<opset="call_ret1/8 "/>
</bind>
</comp>

<comp id="88" class="1004" name="call_ret5_relu_ap_fixed_35_15_5_3_0_ap_fixed_16_6_5_3_0_relu_config7_s_fu_88">
<pin_list>
<pin id="89" dir="0" index="0" bw="128" slack="0"/>
<pin id="90" dir="0" index="1" bw="35" slack="1"/>
<pin id="91" dir="0" index="2" bw="35" slack="1"/>
<pin id="92" dir="0" index="3" bw="35" slack="1"/>
<pin id="93" dir="0" index="4" bw="35" slack="1"/>
<pin id="94" dir="0" index="5" bw="35" slack="1"/>
<pin id="95" dir="0" index="6" bw="35" slack="1"/>
<pin id="96" dir="0" index="7" bw="35" slack="1"/>
<pin id="97" dir="0" index="8" bw="35" slack="1"/>
<pin id="98" dir="1" index="9" bw="128" slack="0"/>
</pin_list>
<bind>
<opcode="call(48) " fcode="call"/>
<opset="call_ret5/23 "/>
</bind>
</comp>

<comp id="100" class="1004" name="call_ret3_relu_ap_fixed_36_16_5_3_0_ap_fixed_16_6_5_3_0_relu_config5_s_fu_100">
<pin_list>
<pin id="101" dir="0" index="0" bw="64" slack="0"/>
<pin id="102" dir="0" index="1" bw="36" slack="1"/>
<pin id="103" dir="0" index="2" bw="36" slack="1"/>
<pin id="104" dir="0" index="3" bw="36" slack="1"/>
<pin id="105" dir="0" index="4" bw="36" slack="1"/>
<pin id="106" dir="1" index="5" bw="64" slack="0"/>
</pin_list>
<bind>
<opcode="call(48) " fcode="call"/>
<opset="call_ret3/16 "/>
</bind>
</comp>

<comp id="108" class="1004" name="layer2_out_0_V_fu_108">
<pin_list>
<pin id="109" dir="0" index="0" bw="296" slack="0"/>
<pin id="110" dir="1" index="1" bw="37" slack="1"/>
</pin_list>
<bind>
<opcode="extractvalue(56) " fcode="extractvalue"/>
<opset="layer2_out_0_V/7 "/>
</bind>
</comp>

<comp id="112" class="1004" name="layer2_out_1_V_fu_112">
<pin_list>
<pin id="113" dir="0" index="0" bw="296" slack="0"/>
<pin id="114" dir="1" index="1" bw="37" slack="1"/>
</pin_list>
<bind>
<opcode="extractvalue(56) " fcode="extractvalue"/>
<opset="layer2_out_1_V/7 "/>
</bind>
</comp>

<comp id="116" class="1004" name="layer2_out_2_V_fu_116">
<pin_list>
<pin id="117" dir="0" index="0" bw="296" slack="0"/>
<pin id="118" dir="1" index="1" bw="37" slack="1"/>
</pin_list>
<bind>
<opcode="extractvalue(56) " fcode="extractvalue"/>
<opset="layer2_out_2_V/7 "/>
</bind>
</comp>

<comp id="120" class="1004" name="layer2_out_3_V_fu_120">
<pin_list>
<pin id="121" dir="0" index="0" bw="296" slack="0"/>
<pin id="122" dir="1" index="1" bw="37" slack="1"/>
</pin_list>
<bind>
<opcode="extractvalue(56) " fcode="extractvalue"/>
<opset="layer2_out_3_V/7 "/>
</bind>
</comp>

<comp id="124" class="1004" name="layer2_out_4_V_fu_124">
<pin_list>
<pin id="125" dir="0" index="0" bw="296" slack="0"/>
<pin id="126" dir="1" index="1" bw="37" slack="1"/>
</pin_list>
<bind>
<opcode="extractvalue(56) " fcode="extractvalue"/>
<opset="layer2_out_4_V/7 "/>
</bind>
</comp>

<comp id="128" class="1004" name="layer2_out_5_V_fu_128">
<pin_list>
<pin id="129" dir="0" index="0" bw="296" slack="0"/>
<pin id="130" dir="1" index="1" bw="37" slack="1"/>
</pin_list>
<bind>
<opcode="extractvalue(56) " fcode="extractvalue"/>
<opset="layer2_out_5_V/7 "/>
</bind>
</comp>

<comp id="132" class="1004" name="layer2_out_6_V_fu_132">
<pin_list>
<pin id="133" dir="0" index="0" bw="296" slack="0"/>
<pin id="134" dir="1" index="1" bw="37" slack="1"/>
</pin_list>
<bind>
<opcode="extractvalue(56) " fcode="extractvalue"/>
<opset="layer2_out_6_V/7 "/>
</bind>
</comp>

<comp id="136" class="1004" name="layer2_out_7_V_fu_136">
<pin_list>
<pin id="137" dir="0" index="0" bw="296" slack="0"/>
<pin id="138" dir="1" index="1" bw="37" slack="1"/>
</pin_list>
<bind>
<opcode="extractvalue(56) " fcode="extractvalue"/>
<opset="layer2_out_7_V/7 "/>
</bind>
</comp>

<comp id="140" class="1004" name="layer3_out_0_V_fu_140">
<pin_list>
<pin id="141" dir="0" index="0" bw="128" slack="0"/>
<pin id="142" dir="1" index="1" bw="16" slack="1"/>
</pin_list>
<bind>
<opcode="extractvalue(56) " fcode="extractvalue"/>
<opset="layer3_out_0_V/8 "/>
</bind>
</comp>

<comp id="144" class="1004" name="layer3_out_1_V_fu_144">
<pin_list>
<pin id="145" dir="0" index="0" bw="128" slack="0"/>
<pin id="146" dir="1" index="1" bw="16" slack="1"/>
</pin_list>
<bind>
<opcode="extractvalue(56) " fcode="extractvalue"/>
<opset="layer3_out_1_V/8 "/>
</bind>
</comp>

<comp id="148" class="1004" name="layer3_out_2_V_fu_148">
<pin_list>
<pin id="149" dir="0" index="0" bw="128" slack="0"/>
<pin id="150" dir="1" index="1" bw="16" slack="1"/>
</pin_list>
<bind>
<opcode="extractvalue(56) " fcode="extractvalue"/>
<opset="layer3_out_2_V/8 "/>
</bind>
</comp>

<comp id="152" class="1004" name="layer3_out_3_V_fu_152">
<pin_list>
<pin id="153" dir="0" index="0" bw="128" slack="0"/>
<pin id="154" dir="1" index="1" bw="16" slack="1"/>
</pin_list>
<bind>
<opcode="extractvalue(56) " fcode="extractvalue"/>
<opset="layer3_out_3_V/8 "/>
</bind>
</comp>

<comp id="156" class="1004" name="layer3_out_4_V_fu_156">
<pin_list>
<pin id="157" dir="0" index="0" bw="128" slack="0"/>
<pin id="158" dir="1" index="1" bw="16" slack="1"/>
</pin_list>
<bind>
<opcode="extractvalue(56) " fcode="extractvalue"/>
<opset="layer3_out_4_V/8 "/>
</bind>
</comp>

<comp id="160" class="1004" name="layer3_out_5_V_fu_160">
<pin_list>
<pin id="161" dir="0" index="0" bw="128" slack="0"/>
<pin id="162" dir="1" index="1" bw="16" slack="1"/>
</pin_list>
<bind>
<opcode="extractvalue(56) " fcode="extractvalue"/>
<opset="layer3_out_5_V/8 "/>
</bind>
</comp>

<comp id="164" class="1004" name="layer3_out_6_V_fu_164">
<pin_list>
<pin id="165" dir="0" index="0" bw="128" slack="0"/>
<pin id="166" dir="1" index="1" bw="16" slack="1"/>
</pin_list>
<bind>
<opcode="extractvalue(56) " fcode="extractvalue"/>
<opset="layer3_out_6_V/8 "/>
</bind>
</comp>

<comp id="168" class="1004" name="layer3_out_7_V_fu_168">
<pin_list>
<pin id="169" dir="0" index="0" bw="128" slack="0"/>
<pin id="170" dir="1" index="1" bw="16" slack="1"/>
</pin_list>
<bind>
<opcode="extractvalue(56) " fcode="extractvalue"/>
<opset="layer3_out_7_V/8 "/>
</bind>
</comp>

<comp id="172" class="1004" name="layer4_out_0_V_fu_172">
<pin_list>
<pin id="173" dir="0" index="0" bw="144" slack="0"/>
<pin id="174" dir="1" index="1" bw="36" slack="1"/>
</pin_list>
<bind>
<opcode="extractvalue(56) " fcode="extractvalue"/>
<opset="layer4_out_0_V/15 "/>
</bind>
</comp>

<comp id="176" class="1004" name="layer4_out_1_V_fu_176">
<pin_list>
<pin id="177" dir="0" index="0" bw="144" slack="0"/>
<pin id="178" dir="1" index="1" bw="36" slack="1"/>
</pin_list>
<bind>
<opcode="extractvalue(56) " fcode="extractvalue"/>
<opset="layer4_out_1_V/15 "/>
</bind>
</comp>

<comp id="180" class="1004" name="layer4_out_2_V_fu_180">
<pin_list>
<pin id="181" dir="0" index="0" bw="144" slack="0"/>
<pin id="182" dir="1" index="1" bw="36" slack="1"/>
</pin_list>
<bind>
<opcode="extractvalue(56) " fcode="extractvalue"/>
<opset="layer4_out_2_V/15 "/>
</bind>
</comp>

<comp id="184" class="1004" name="layer4_out_3_V_fu_184">
<pin_list>
<pin id="185" dir="0" index="0" bw="144" slack="0"/>
<pin id="186" dir="1" index="1" bw="36" slack="1"/>
</pin_list>
<bind>
<opcode="extractvalue(56) " fcode="extractvalue"/>
<opset="layer4_out_3_V/15 "/>
</bind>
</comp>

<comp id="188" class="1004" name="layer5_out_0_V_fu_188">
<pin_list>
<pin id="189" dir="0" index="0" bw="64" slack="0"/>
<pin id="190" dir="1" index="1" bw="16" slack="1"/>
</pin_list>
<bind>
<opcode="extractvalue(56) " fcode="extractvalue"/>
<opset="layer5_out_0_V/16 "/>
</bind>
</comp>

<comp id="192" class="1004" name="layer5_out_1_V_fu_192">
<pin_list>
<pin id="193" dir="0" index="0" bw="64" slack="0"/>
<pin id="194" dir="1" index="1" bw="16" slack="1"/>
</pin_list>
<bind>
<opcode="extractvalue(56) " fcode="extractvalue"/>
<opset="layer5_out_1_V/16 "/>
</bind>
</comp>

<comp id="196" class="1004" name="layer5_out_2_V_fu_196">
<pin_list>
<pin id="197" dir="0" index="0" bw="64" slack="0"/>
<pin id="198" dir="1" index="1" bw="16" slack="1"/>
</pin_list>
<bind>
<opcode="extractvalue(56) " fcode="extractvalue"/>
<opset="layer5_out_2_V/16 "/>
</bind>
</comp>

<comp id="200" class="1004" name="layer5_out_3_V_fu_200">
<pin_list>
<pin id="201" dir="0" index="0" bw="64" slack="0"/>
<pin id="202" dir="1" index="1" bw="16" slack="1"/>
</pin_list>
<bind>
<opcode="extractvalue(56) " fcode="extractvalue"/>
<opset="layer5_out_3_V/16 "/>
</bind>
</comp>

<comp id="204" class="1004" name="layer6_out_0_V_fu_204">
<pin_list>
<pin id="205" dir="0" index="0" bw="280" slack="0"/>
<pin id="206" dir="1" index="1" bw="35" slack="1"/>
</pin_list>
<bind>
<opcode="extractvalue(56) " fcode="extractvalue"/>
<opset="layer6_out_0_V/22 "/>
</bind>
</comp>

<comp id="208" class="1004" name="layer6_out_1_V_fu_208">
<pin_list>
<pin id="209" dir="0" index="0" bw="280" slack="0"/>
<pin id="210" dir="1" index="1" bw="35" slack="1"/>
</pin_list>
<bind>
<opcode="extractvalue(56) " fcode="extractvalue"/>
<opset="layer6_out_1_V/22 "/>
</bind>
</comp>

<comp id="212" class="1004" name="layer6_out_2_V_fu_212">
<pin_list>
<pin id="213" dir="0" index="0" bw="280" slack="0"/>
<pin id="214" dir="1" index="1" bw="35" slack="1"/>
</pin_list>
<bind>
<opcode="extractvalue(56) " fcode="extractvalue"/>
<opset="layer6_out_2_V/22 "/>
</bind>
</comp>

<comp id="216" class="1004" name="layer6_out_3_V_fu_216">
<pin_list>
<pin id="217" dir="0" index="0" bw="280" slack="0"/>
<pin id="218" dir="1" index="1" bw="35" slack="1"/>
</pin_list>
<bind>
<opcode="extractvalue(56) " fcode="extractvalue"/>
<opset="layer6_out_3_V/22 "/>
</bind>
</comp>

<comp id="220" class="1004" name="layer6_out_4_V_fu_220">
<pin_list>
<pin id="221" dir="0" index="0" bw="280" slack="0"/>
<pin id="222" dir="1" index="1" bw="35" slack="1"/>
</pin_list>
<bind>
<opcode="extractvalue(56) " fcode="extractvalue"/>
<opset="layer6_out_4_V/22 "/>
</bind>
</comp>

<comp id="224" class="1004" name="layer6_out_5_V_fu_224">
<pin_list>
<pin id="225" dir="0" index="0" bw="280" slack="0"/>
<pin id="226" dir="1" index="1" bw="35" slack="1"/>
</pin_list>
<bind>
<opcode="extractvalue(56) " fcode="extractvalue"/>
<opset="layer6_out_5_V/22 "/>
</bind>
</comp>

<comp id="228" class="1004" name="layer6_out_6_V_fu_228">
<pin_list>
<pin id="229" dir="0" index="0" bw="280" slack="0"/>
<pin id="230" dir="1" index="1" bw="35" slack="1"/>
</pin_list>
<bind>
<opcode="extractvalue(56) " fcode="extractvalue"/>
<opset="layer6_out_6_V/22 "/>
</bind>
</comp>

<comp id="232" class="1004" name="layer6_out_7_V_fu_232">
<pin_list>
<pin id="233" dir="0" index="0" bw="280" slack="0"/>
<pin id="234" dir="1" index="1" bw="35" slack="1"/>
</pin_list>
<bind>
<opcode="extractvalue(56) " fcode="extractvalue"/>
<opset="layer6_out_7_V/22 "/>
</bind>
</comp>

<comp id="236" class="1004" name="layer7_out_0_V_fu_236">
<pin_list>
<pin id="237" dir="0" index="0" bw="128" slack="0"/>
<pin id="238" dir="1" index="1" bw="16" slack="1"/>
</pin_list>
<bind>
<opcode="extractvalue(56) " fcode="extractvalue"/>
<opset="layer7_out_0_V/23 "/>
</bind>
</comp>

<comp id="240" class="1004" name="layer7_out_1_V_fu_240">
<pin_list>
<pin id="241" dir="0" index="0" bw="128" slack="0"/>
<pin id="242" dir="1" index="1" bw="16" slack="1"/>
</pin_list>
<bind>
<opcode="extractvalue(56) " fcode="extractvalue"/>
<opset="layer7_out_1_V/23 "/>
</bind>
</comp>

<comp id="244" class="1004" name="layer7_out_2_V_fu_244">
<pin_list>
<pin id="245" dir="0" index="0" bw="128" slack="0"/>
<pin id="246" dir="1" index="1" bw="16" slack="1"/>
</pin_list>
<bind>
<opcode="extractvalue(56) " fcode="extractvalue"/>
<opset="layer7_out_2_V/23 "/>
</bind>
</comp>

<comp id="248" class="1004" name="layer7_out_3_V_fu_248">
<pin_list>
<pin id="249" dir="0" index="0" bw="128" slack="0"/>
<pin id="250" dir="1" index="1" bw="16" slack="1"/>
</pin_list>
<bind>
<opcode="extractvalue(56) " fcode="extractvalue"/>
<opset="layer7_out_3_V/23 "/>
</bind>
</comp>

<comp id="252" class="1004" name="layer7_out_4_V_fu_252">
<pin_list>
<pin id="253" dir="0" index="0" bw="128" slack="0"/>
<pin id="254" dir="1" index="1" bw="16" slack="1"/>
</pin_list>
<bind>
<opcode="extractvalue(56) " fcode="extractvalue"/>
<opset="layer7_out_4_V/23 "/>
</bind>
</comp>

<comp id="256" class="1004" name="layer7_out_5_V_fu_256">
<pin_list>
<pin id="257" dir="0" index="0" bw="128" slack="0"/>
<pin id="258" dir="1" index="1" bw="16" slack="1"/>
</pin_list>
<bind>
<opcode="extractvalue(56) " fcode="extractvalue"/>
<opset="layer7_out_5_V/23 "/>
</bind>
</comp>

<comp id="260" class="1004" name="layer7_out_6_V_fu_260">
<pin_list>
<pin id="261" dir="0" index="0" bw="128" slack="0"/>
<pin id="262" dir="1" index="1" bw="16" slack="1"/>
</pin_list>
<bind>
<opcode="extractvalue(56) " fcode="extractvalue"/>
<opset="layer7_out_6_V/23 "/>
</bind>
</comp>

<comp id="264" class="1004" name="layer7_out_7_V_fu_264">
<pin_list>
<pin id="265" dir="0" index="0" bw="128" slack="0"/>
<pin id="266" dir="1" index="1" bw="16" slack="1"/>
</pin_list>
<bind>
<opcode="extractvalue(56) " fcode="extractvalue"/>
<opset="layer7_out_7_V/23 "/>
</bind>
</comp>

<comp id="268" class="1005" name="layer2_out_0_V_reg_268">
<pin_list>
<pin id="269" dir="0" index="0" bw="37" slack="1"/>
<pin id="270" dir="1" index="1" bw="37" slack="1"/>
</pin_list>
<bind>
<opset="layer2_out_0_V "/>
</bind>
</comp>

<comp id="273" class="1005" name="layer2_out_1_V_reg_273">
<pin_list>
<pin id="274" dir="0" index="0" bw="37" slack="1"/>
<pin id="275" dir="1" index="1" bw="37" slack="1"/>
</pin_list>
<bind>
<opset="layer2_out_1_V "/>
</bind>
</comp>

<comp id="278" class="1005" name="layer2_out_2_V_reg_278">
<pin_list>
<pin id="279" dir="0" index="0" bw="37" slack="1"/>
<pin id="280" dir="1" index="1" bw="37" slack="1"/>
</pin_list>
<bind>
<opset="layer2_out_2_V "/>
</bind>
</comp>

<comp id="283" class="1005" name="layer2_out_3_V_reg_283">
<pin_list>
<pin id="284" dir="0" index="0" bw="37" slack="1"/>
<pin id="285" dir="1" index="1" bw="37" slack="1"/>
</pin_list>
<bind>
<opset="layer2_out_3_V "/>
</bind>
</comp>

<comp id="288" class="1005" name="layer2_out_4_V_reg_288">
<pin_list>
<pin id="289" dir="0" index="0" bw="37" slack="1"/>
<pin id="290" dir="1" index="1" bw="37" slack="1"/>
</pin_list>
<bind>
<opset="layer2_out_4_V "/>
</bind>
</comp>

<comp id="293" class="1005" name="layer2_out_5_V_reg_293">
<pin_list>
<pin id="294" dir="0" index="0" bw="37" slack="1"/>
<pin id="295" dir="1" index="1" bw="37" slack="1"/>
</pin_list>
<bind>
<opset="layer2_out_5_V "/>
</bind>
</comp>

<comp id="298" class="1005" name="layer2_out_6_V_reg_298">
<pin_list>
<pin id="299" dir="0" index="0" bw="37" slack="1"/>
<pin id="300" dir="1" index="1" bw="37" slack="1"/>
</pin_list>
<bind>
<opset="layer2_out_6_V "/>
</bind>
</comp>

<comp id="303" class="1005" name="layer2_out_7_V_reg_303">
<pin_list>
<pin id="304" dir="0" index="0" bw="37" slack="1"/>
<pin id="305" dir="1" index="1" bw="37" slack="1"/>
</pin_list>
<bind>
<opset="layer2_out_7_V "/>
</bind>
</comp>

<comp id="308" class="1005" name="layer3_out_0_V_reg_308">
<pin_list>
<pin id="309" dir="0" index="0" bw="16" slack="1"/>
<pin id="310" dir="1" index="1" bw="16" slack="1"/>
</pin_list>
<bind>
<opset="layer3_out_0_V "/>
</bind>
</comp>

<comp id="313" class="1005" name="layer3_out_1_V_reg_313">
<pin_list>
<pin id="314" dir="0" index="0" bw="16" slack="1"/>
<pin id="315" dir="1" index="1" bw="16" slack="1"/>
</pin_list>
<bind>
<opset="layer3_out_1_V "/>
</bind>
</comp>

<comp id="318" class="1005" name="layer3_out_2_V_reg_318">
<pin_list>
<pin id="319" dir="0" index="0" bw="16" slack="1"/>
<pin id="320" dir="1" index="1" bw="16" slack="1"/>
</pin_list>
<bind>
<opset="layer3_out_2_V "/>
</bind>
</comp>

<comp id="323" class="1005" name="layer3_out_3_V_reg_323">
<pin_list>
<pin id="324" dir="0" index="0" bw="16" slack="1"/>
<pin id="325" dir="1" index="1" bw="16" slack="1"/>
</pin_list>
<bind>
<opset="layer3_out_3_V "/>
</bind>
</comp>

<comp id="328" class="1005" name="layer3_out_4_V_reg_328">
<pin_list>
<pin id="329" dir="0" index="0" bw="16" slack="1"/>
<pin id="330" dir="1" index="1" bw="16" slack="1"/>
</pin_list>
<bind>
<opset="layer3_out_4_V "/>
</bind>
</comp>

<comp id="333" class="1005" name="layer3_out_5_V_reg_333">
<pin_list>
<pin id="334" dir="0" index="0" bw="16" slack="1"/>
<pin id="335" dir="1" index="1" bw="16" slack="1"/>
</pin_list>
<bind>
<opset="layer3_out_5_V "/>
</bind>
</comp>

<comp id="338" class="1005" name="layer3_out_6_V_reg_338">
<pin_list>
<pin id="339" dir="0" index="0" bw="16" slack="1"/>
<pin id="340" dir="1" index="1" bw="16" slack="1"/>
</pin_list>
<bind>
<opset="layer3_out_6_V "/>
</bind>
</comp>

<comp id="343" class="1005" name="layer3_out_7_V_reg_343">
<pin_list>
<pin id="344" dir="0" index="0" bw="16" slack="1"/>
<pin id="345" dir="1" index="1" bw="16" slack="1"/>
</pin_list>
<bind>
<opset="layer3_out_7_V "/>
</bind>
</comp>

<comp id="348" class="1005" name="layer4_out_0_V_reg_348">
<pin_list>
<pin id="349" dir="0" index="0" bw="36" slack="1"/>
<pin id="350" dir="1" index="1" bw="36" slack="1"/>
</pin_list>
<bind>
<opset="layer4_out_0_V "/>
</bind>
</comp>

<comp id="353" class="1005" name="layer4_out_1_V_reg_353">
<pin_list>
<pin id="354" dir="0" index="0" bw="36" slack="1"/>
<pin id="355" dir="1" index="1" bw="36" slack="1"/>
</pin_list>
<bind>
<opset="layer4_out_1_V "/>
</bind>
</comp>

<comp id="358" class="1005" name="layer4_out_2_V_reg_358">
<pin_list>
<pin id="359" dir="0" index="0" bw="36" slack="1"/>
<pin id="360" dir="1" index="1" bw="36" slack="1"/>
</pin_list>
<bind>
<opset="layer4_out_2_V "/>
</bind>
</comp>

<comp id="363" class="1005" name="layer4_out_3_V_reg_363">
<pin_list>
<pin id="364" dir="0" index="0" bw="36" slack="1"/>
<pin id="365" dir="1" index="1" bw="36" slack="1"/>
</pin_list>
<bind>
<opset="layer4_out_3_V "/>
</bind>
</comp>

<comp id="368" class="1005" name="layer5_out_0_V_reg_368">
<pin_list>
<pin id="369" dir="0" index="0" bw="16" slack="1"/>
<pin id="370" dir="1" index="1" bw="16" slack="1"/>
</pin_list>
<bind>
<opset="layer5_out_0_V "/>
</bind>
</comp>

<comp id="373" class="1005" name="layer5_out_1_V_reg_373">
<pin_list>
<pin id="374" dir="0" index="0" bw="16" slack="1"/>
<pin id="375" dir="1" index="1" bw="16" slack="1"/>
</pin_list>
<bind>
<opset="layer5_out_1_V "/>
</bind>
</comp>

<comp id="378" class="1005" name="layer5_out_2_V_reg_378">
<pin_list>
<pin id="379" dir="0" index="0" bw="16" slack="1"/>
<pin id="380" dir="1" index="1" bw="16" slack="1"/>
</pin_list>
<bind>
<opset="layer5_out_2_V "/>
</bind>
</comp>

<comp id="383" class="1005" name="layer5_out_3_V_reg_383">
<pin_list>
<pin id="384" dir="0" index="0" bw="16" slack="1"/>
<pin id="385" dir="1" index="1" bw="16" slack="1"/>
</pin_list>
<bind>
<opset="layer5_out_3_V "/>
</bind>
</comp>

<comp id="388" class="1005" name="layer6_out_0_V_reg_388">
<pin_list>
<pin id="389" dir="0" index="0" bw="35" slack="1"/>
<pin id="390" dir="1" index="1" bw="35" slack="1"/>
</pin_list>
<bind>
<opset="layer6_out_0_V "/>
</bind>
</comp>

<comp id="393" class="1005" name="layer6_out_1_V_reg_393">
<pin_list>
<pin id="394" dir="0" index="0" bw="35" slack="1"/>
<pin id="395" dir="1" index="1" bw="35" slack="1"/>
</pin_list>
<bind>
<opset="layer6_out_1_V "/>
</bind>
</comp>

<comp id="398" class="1005" name="layer6_out_2_V_reg_398">
<pin_list>
<pin id="399" dir="0" index="0" bw="35" slack="1"/>
<pin id="400" dir="1" index="1" bw="35" slack="1"/>
</pin_list>
<bind>
<opset="layer6_out_2_V "/>
</bind>
</comp>

<comp id="403" class="1005" name="layer6_out_3_V_reg_403">
<pin_list>
<pin id="404" dir="0" index="0" bw="35" slack="1"/>
<pin id="405" dir="1" index="1" bw="35" slack="1"/>
</pin_list>
<bind>
<opset="layer6_out_3_V "/>
</bind>
</comp>

<comp id="408" class="1005" name="layer6_out_4_V_reg_408">
<pin_list>
<pin id="409" dir="0" index="0" bw="35" slack="1"/>
<pin id="410" dir="1" index="1" bw="35" slack="1"/>
</pin_list>
<bind>
<opset="layer6_out_4_V "/>
</bind>
</comp>

<comp id="413" class="1005" name="layer6_out_5_V_reg_413">
<pin_list>
<pin id="414" dir="0" index="0" bw="35" slack="1"/>
<pin id="415" dir="1" index="1" bw="35" slack="1"/>
</pin_list>
<bind>
<opset="layer6_out_5_V "/>
</bind>
</comp>

<comp id="418" class="1005" name="layer6_out_6_V_reg_418">
<pin_list>
<pin id="419" dir="0" index="0" bw="35" slack="1"/>
<pin id="420" dir="1" index="1" bw="35" slack="1"/>
</pin_list>
<bind>
<opset="layer6_out_6_V "/>
</bind>
</comp>

<comp id="423" class="1005" name="layer6_out_7_V_reg_423">
<pin_list>
<pin id="424" dir="0" index="0" bw="35" slack="1"/>
<pin id="425" dir="1" index="1" bw="35" slack="1"/>
</pin_list>
<bind>
<opset="layer6_out_7_V "/>
</bind>
</comp>

<comp id="428" class="1005" name="layer7_out_0_V_reg_428">
<pin_list>
<pin id="429" dir="0" index="0" bw="16" slack="1"/>
<pin id="430" dir="1" index="1" bw="16" slack="1"/>
</pin_list>
<bind>
<opset="layer7_out_0_V "/>
</bind>
</comp>

<comp id="433" class="1005" name="layer7_out_1_V_reg_433">
<pin_list>
<pin id="434" dir="0" index="0" bw="16" slack="1"/>
<pin id="435" dir="1" index="1" bw="16" slack="1"/>
</pin_list>
<bind>
<opset="layer7_out_1_V "/>
</bind>
</comp>

<comp id="438" class="1005" name="layer7_out_2_V_reg_438">
<pin_list>
<pin id="439" dir="0" index="0" bw="16" slack="1"/>
<pin id="440" dir="1" index="1" bw="16" slack="1"/>
</pin_list>
<bind>
<opset="layer7_out_2_V "/>
</bind>
</comp>

<comp id="443" class="1005" name="layer7_out_3_V_reg_443">
<pin_list>
<pin id="444" dir="0" index="0" bw="16" slack="1"/>
<pin id="445" dir="1" index="1" bw="16" slack="1"/>
</pin_list>
<bind>
<opset="layer7_out_3_V "/>
</bind>
</comp>

<comp id="448" class="1005" name="layer7_out_4_V_reg_448">
<pin_list>
<pin id="449" dir="0" index="0" bw="16" slack="1"/>
<pin id="450" dir="1" index="1" bw="16" slack="1"/>
</pin_list>
<bind>
<opset="layer7_out_4_V "/>
</bind>
</comp>

<comp id="453" class="1005" name="layer7_out_5_V_reg_453">
<pin_list>
<pin id="454" dir="0" index="0" bw="16" slack="1"/>
<pin id="455" dir="1" index="1" bw="16" slack="1"/>
</pin_list>
<bind>
<opset="layer7_out_5_V "/>
</bind>
</comp>

<comp id="458" class="1005" name="layer7_out_6_V_reg_458">
<pin_list>
<pin id="459" dir="0" index="0" bw="16" slack="1"/>
<pin id="460" dir="1" index="1" bw="16" slack="1"/>
</pin_list>
<bind>
<opset="layer7_out_6_V "/>
</bind>
</comp>

<comp id="463" class="1005" name="layer7_out_7_V_reg_463">
<pin_list>
<pin id="464" dir="0" index="0" bw="16" slack="1"/>
<pin id="465" dir="1" index="1" bw="16" slack="1"/>
</pin_list>
<bind>
<opset="layer7_out_7_V "/>
</bind>
</comp>

</comp_list>

<net_list>
<net id="36"><net_src comp="2" pin="0"/><net_sink comp="32" pin=0"/></net>

<net id="37"><net_src comp="0" pin="0"/><net_sink comp="32" pin=1"/></net>

<net id="42"><net_src comp="4" pin="0"/><net_sink comp="38" pin=0"/></net>

<net id="43"><net_src comp="32" pin="2"/><net_sink comp="38" pin=1"/></net>

<net id="55"><net_src comp="16" pin="0"/><net_sink comp="44" pin=0"/></net>

<net id="67"><net_src comp="8" pin="0"/><net_sink comp="56" pin=0"/></net>

<net id="75"><net_src comp="12" pin="0"/><net_sink comp="68" pin=0"/></net>

<net id="87"><net_src comp="6" pin="0"/><net_sink comp="76" pin=0"/></net>

<net id="99"><net_src comp="14" pin="0"/><net_sink comp="88" pin=0"/></net>

<net id="107"><net_src comp="10" pin="0"/><net_sink comp="100" pin=0"/></net>

<net id="111"><net_src comp="38" pin="2"/><net_sink comp="108" pin=0"/></net>

<net id="115"><net_src comp="38" pin="2"/><net_sink comp="112" pin=0"/></net>

<net id="119"><net_src comp="38" pin="2"/><net_sink comp="116" pin=0"/></net>

<net id="123"><net_src comp="38" pin="2"/><net_sink comp="120" pin=0"/></net>

<net id="127"><net_src comp="38" pin="2"/><net_sink comp="124" pin=0"/></net>

<net id="131"><net_src comp="38" pin="2"/><net_sink comp="128" pin=0"/></net>

<net id="135"><net_src comp="38" pin="2"/><net_sink comp="132" pin=0"/></net>

<net id="139"><net_src comp="38" pin="2"/><net_sink comp="136" pin=0"/></net>

<net id="143"><net_src comp="76" pin="9"/><net_sink comp="140" pin=0"/></net>

<net id="147"><net_src comp="76" pin="9"/><net_sink comp="144" pin=0"/></net>

<net id="151"><net_src comp="76" pin="9"/><net_sink comp="148" pin=0"/></net>

<net id="155"><net_src comp="76" pin="9"/><net_sink comp="152" pin=0"/></net>

<net id="159"><net_src comp="76" pin="9"/><net_sink comp="156" pin=0"/></net>

<net id="163"><net_src comp="76" pin="9"/><net_sink comp="160" pin=0"/></net>

<net id="167"><net_src comp="76" pin="9"/><net_sink comp="164" pin=0"/></net>

<net id="171"><net_src comp="76" pin="9"/><net_sink comp="168" pin=0"/></net>

<net id="175"><net_src comp="56" pin="9"/><net_sink comp="172" pin=0"/></net>

<net id="179"><net_src comp="56" pin="9"/><net_sink comp="176" pin=0"/></net>

<net id="183"><net_src comp="56" pin="9"/><net_sink comp="180" pin=0"/></net>

<net id="187"><net_src comp="56" pin="9"/><net_sink comp="184" pin=0"/></net>

<net id="191"><net_src comp="100" pin="5"/><net_sink comp="188" pin=0"/></net>

<net id="195"><net_src comp="100" pin="5"/><net_sink comp="192" pin=0"/></net>

<net id="199"><net_src comp="100" pin="5"/><net_sink comp="196" pin=0"/></net>

<net id="203"><net_src comp="100" pin="5"/><net_sink comp="200" pin=0"/></net>

<net id="207"><net_src comp="68" pin="5"/><net_sink comp="204" pin=0"/></net>

<net id="211"><net_src comp="68" pin="5"/><net_sink comp="208" pin=0"/></net>

<net id="215"><net_src comp="68" pin="5"/><net_sink comp="212" pin=0"/></net>

<net id="219"><net_src comp="68" pin="5"/><net_sink comp="216" pin=0"/></net>

<net id="223"><net_src comp="68" pin="5"/><net_sink comp="220" pin=0"/></net>

<net id="227"><net_src comp="68" pin="5"/><net_sink comp="224" pin=0"/></net>

<net id="231"><net_src comp="68" pin="5"/><net_sink comp="228" pin=0"/></net>

<net id="235"><net_src comp="68" pin="5"/><net_sink comp="232" pin=0"/></net>

<net id="239"><net_src comp="88" pin="9"/><net_sink comp="236" pin=0"/></net>

<net id="243"><net_src comp="88" pin="9"/><net_sink comp="240" pin=0"/></net>

<net id="247"><net_src comp="88" pin="9"/><net_sink comp="244" pin=0"/></net>

<net id="251"><net_src comp="88" pin="9"/><net_sink comp="248" pin=0"/></net>

<net id="255"><net_src comp="88" pin="9"/><net_sink comp="252" pin=0"/></net>

<net id="259"><net_src comp="88" pin="9"/><net_sink comp="256" pin=0"/></net>

<net id="263"><net_src comp="88" pin="9"/><net_sink comp="260" pin=0"/></net>

<net id="267"><net_src comp="88" pin="9"/><net_sink comp="264" pin=0"/></net>

<net id="271"><net_src comp="108" pin="1"/><net_sink comp="268" pin=0"/></net>

<net id="272"><net_src comp="268" pin="1"/><net_sink comp="76" pin=1"/></net>

<net id="276"><net_src comp="112" pin="1"/><net_sink comp="273" pin=0"/></net>

<net id="277"><net_src comp="273" pin="1"/><net_sink comp="76" pin=2"/></net>

<net id="281"><net_src comp="116" pin="1"/><net_sink comp="278" pin=0"/></net>

<net id="282"><net_src comp="278" pin="1"/><net_sink comp="76" pin=3"/></net>

<net id="286"><net_src comp="120" pin="1"/><net_sink comp="283" pin=0"/></net>

<net id="287"><net_src comp="283" pin="1"/><net_sink comp="76" pin=4"/></net>

<net id="291"><net_src comp="124" pin="1"/><net_sink comp="288" pin=0"/></net>

<net id="292"><net_src comp="288" pin="1"/><net_sink comp="76" pin=5"/></net>

<net id="296"><net_src comp="128" pin="1"/><net_sink comp="293" pin=0"/></net>

<net id="297"><net_src comp="293" pin="1"/><net_sink comp="76" pin=6"/></net>

<net id="301"><net_src comp="132" pin="1"/><net_sink comp="298" pin=0"/></net>

<net id="302"><net_src comp="298" pin="1"/><net_sink comp="76" pin=7"/></net>

<net id="306"><net_src comp="136" pin="1"/><net_sink comp="303" pin=0"/></net>

<net id="307"><net_src comp="303" pin="1"/><net_sink comp="76" pin=8"/></net>

<net id="311"><net_src comp="140" pin="1"/><net_sink comp="308" pin=0"/></net>

<net id="312"><net_src comp="308" pin="1"/><net_sink comp="56" pin=1"/></net>

<net id="316"><net_src comp="144" pin="1"/><net_sink comp="313" pin=0"/></net>

<net id="317"><net_src comp="313" pin="1"/><net_sink comp="56" pin=2"/></net>

<net id="321"><net_src comp="148" pin="1"/><net_sink comp="318" pin=0"/></net>

<net id="322"><net_src comp="318" pin="1"/><net_sink comp="56" pin=3"/></net>

<net id="326"><net_src comp="152" pin="1"/><net_sink comp="323" pin=0"/></net>

<net id="327"><net_src comp="323" pin="1"/><net_sink comp="56" pin=4"/></net>

<net id="331"><net_src comp="156" pin="1"/><net_sink comp="328" pin=0"/></net>

<net id="332"><net_src comp="328" pin="1"/><net_sink comp="56" pin=5"/></net>

<net id="336"><net_src comp="160" pin="1"/><net_sink comp="333" pin=0"/></net>

<net id="337"><net_src comp="333" pin="1"/><net_sink comp="56" pin=6"/></net>

<net id="341"><net_src comp="164" pin="1"/><net_sink comp="338" pin=0"/></net>

<net id="342"><net_src comp="338" pin="1"/><net_sink comp="56" pin=7"/></net>

<net id="346"><net_src comp="168" pin="1"/><net_sink comp="343" pin=0"/></net>

<net id="347"><net_src comp="343" pin="1"/><net_sink comp="56" pin=8"/></net>

<net id="351"><net_src comp="172" pin="1"/><net_sink comp="348" pin=0"/></net>

<net id="352"><net_src comp="348" pin="1"/><net_sink comp="100" pin=1"/></net>

<net id="356"><net_src comp="176" pin="1"/><net_sink comp="353" pin=0"/></net>

<net id="357"><net_src comp="353" pin="1"/><net_sink comp="100" pin=2"/></net>

<net id="361"><net_src comp="180" pin="1"/><net_sink comp="358" pin=0"/></net>

<net id="362"><net_src comp="358" pin="1"/><net_sink comp="100" pin=3"/></net>

<net id="366"><net_src comp="184" pin="1"/><net_sink comp="363" pin=0"/></net>

<net id="367"><net_src comp="363" pin="1"/><net_sink comp="100" pin=4"/></net>

<net id="371"><net_src comp="188" pin="1"/><net_sink comp="368" pin=0"/></net>

<net id="372"><net_src comp="368" pin="1"/><net_sink comp="68" pin=1"/></net>

<net id="376"><net_src comp="192" pin="1"/><net_sink comp="373" pin=0"/></net>

<net id="377"><net_src comp="373" pin="1"/><net_sink comp="68" pin=2"/></net>

<net id="381"><net_src comp="196" pin="1"/><net_sink comp="378" pin=0"/></net>

<net id="382"><net_src comp="378" pin="1"/><net_sink comp="68" pin=3"/></net>

<net id="386"><net_src comp="200" pin="1"/><net_sink comp="383" pin=0"/></net>

<net id="387"><net_src comp="383" pin="1"/><net_sink comp="68" pin=4"/></net>

<net id="391"><net_src comp="204" pin="1"/><net_sink comp="388" pin=0"/></net>

<net id="392"><net_src comp="388" pin="1"/><net_sink comp="88" pin=1"/></net>

<net id="396"><net_src comp="208" pin="1"/><net_sink comp="393" pin=0"/></net>

<net id="397"><net_src comp="393" pin="1"/><net_sink comp="88" pin=2"/></net>

<net id="401"><net_src comp="212" pin="1"/><net_sink comp="398" pin=0"/></net>

<net id="402"><net_src comp="398" pin="1"/><net_sink comp="88" pin=3"/></net>

<net id="406"><net_src comp="216" pin="1"/><net_sink comp="403" pin=0"/></net>

<net id="407"><net_src comp="403" pin="1"/><net_sink comp="88" pin=4"/></net>

<net id="411"><net_src comp="220" pin="1"/><net_sink comp="408" pin=0"/></net>

<net id="412"><net_src comp="408" pin="1"/><net_sink comp="88" pin=5"/></net>

<net id="416"><net_src comp="224" pin="1"/><net_sink comp="413" pin=0"/></net>

<net id="417"><net_src comp="413" pin="1"/><net_sink comp="88" pin=6"/></net>

<net id="421"><net_src comp="228" pin="1"/><net_sink comp="418" pin=0"/></net>

<net id="422"><net_src comp="418" pin="1"/><net_sink comp="88" pin=7"/></net>

<net id="426"><net_src comp="232" pin="1"/><net_sink comp="423" pin=0"/></net>

<net id="427"><net_src comp="423" pin="1"/><net_sink comp="88" pin=8"/></net>

<net id="431"><net_src comp="236" pin="1"/><net_sink comp="428" pin=0"/></net>

<net id="432"><net_src comp="428" pin="1"/><net_sink comp="44" pin=1"/></net>

<net id="436"><net_src comp="240" pin="1"/><net_sink comp="433" pin=0"/></net>

<net id="437"><net_src comp="433" pin="1"/><net_sink comp="44" pin=2"/></net>

<net id="441"><net_src comp="244" pin="1"/><net_sink comp="438" pin=0"/></net>

<net id="442"><net_src comp="438" pin="1"/><net_sink comp="44" pin=3"/></net>

<net id="446"><net_src comp="248" pin="1"/><net_sink comp="443" pin=0"/></net>

<net id="447"><net_src comp="443" pin="1"/><net_sink comp="44" pin=4"/></net>

<net id="451"><net_src comp="252" pin="1"/><net_sink comp="448" pin=0"/></net>

<net id="452"><net_src comp="448" pin="1"/><net_sink comp="44" pin=5"/></net>

<net id="456"><net_src comp="256" pin="1"/><net_sink comp="453" pin=0"/></net>

<net id="457"><net_src comp="453" pin="1"/><net_sink comp="44" pin=6"/></net>

<net id="461"><net_src comp="260" pin="1"/><net_sink comp="458" pin=0"/></net>

<net id="462"><net_src comp="458" pin="1"/><net_sink comp="44" pin=7"/></net>

<net id="466"><net_src comp="264" pin="1"/><net_sink comp="463" pin=0"/></net>

<net id="467"><net_src comp="463" pin="1"/><net_sink comp="44" pin=8"/></net>

</net_list>

</model> 
---------------- Datapath Model END ------------------

* FSMD analyzer results:
  - Output states:
 - Input state : 
	Port: myproject : input_1_V | {1 }
  - Chain level:
	State 1
	State 2
	State 3
	State 4
	State 5
	State 6
	State 7
		layer2_out_0_V : 1
		layer2_out_1_V : 1
		layer2_out_2_V : 1
		layer2_out_3_V : 1
		layer2_out_4_V : 1
		layer2_out_5_V : 1
		layer2_out_6_V : 1
		layer2_out_7_V : 1
	State 8
		layer3_out_0_V : 1
		layer3_out_1_V : 1
		layer3_out_2_V : 1
		layer3_out_3_V : 1
		layer3_out_4_V : 1
		layer3_out_5_V : 1
		layer3_out_6_V : 1
		layer3_out_7_V : 1
	State 9
	State 10
	State 11
	State 12
	State 13
	State 14
	State 15
		layer4_out_0_V : 1
		layer4_out_1_V : 1
		layer4_out_2_V : 1
		layer4_out_3_V : 1
	State 16
		layer5_out_0_V : 1
		layer5_out_1_V : 1
		layer5_out_2_V : 1
		layer5_out_3_V : 1
	State 17
	State 18
	State 19
	State 20
	State 21
	State 22
		layer6_out_0_V : 1
		layer6_out_1_V : 1
		layer6_out_2_V : 1
		layer6_out_3_V : 1
		layer6_out_4_V : 1
		layer6_out_5_V : 1
		layer6_out_6_V : 1
		layer6_out_7_V : 1
	State 23
		layer7_out_0_V : 1
		layer7_out_1_V : 1
		layer7_out_2_V : 1
		layer7_out_3_V : 1
		layer7_out_4_V : 1
		layer7_out_5_V : 1
		layer7_out_6_V : 1
		layer7_out_7_V : 1
	State 24
	State 25
	State 26
	State 27
	State 28
	State 29
	State 30
		ret_ln70 : 1


============================================================
+ Verbose Summary: Datapath Resource usage 
============================================================

* Functional unit list:
|----------|---------------------------------------------------------------------------------|---------|---------|---------|---------|
| Operation|                                 Functional Unit                                 |  DSP48E |  Delay  |    FF   |   LUT   |
|----------|---------------------------------------------------------------------------------|---------|---------|---------|---------|
|          | grp_dense_latency_ap_fixed_ap_fixed_37_17_5_3_0_config2_0_0_0_0_0_0_0_0_0_fu_38 |    28   | 105.779 |   5355  |   3550  |
|          | grp_dense_latency_ap_fixed_ap_fixed_config8_0_0_0_0_0_0_0_0_0_0_0_0_0_0_0_fu_44 |    28   | 105.969 |   4784  |   3571  |
|          |     grp_dense_latency_ap_fixed_ap_fixed_36_16_5_3_0_config4_0_0_0_0_0_fu_56     |    8    | 30.4194 |   1478  |   995   |
|   call   | grp_dense_latency_ap_fixed_ap_fixed_35_15_5_3_0_config6_0_0_0_0_0_0_0_0_0_fu_68 |    8    | 30.6097 |   1388  |   989   |
|          |   call_ret1_relu_ap_fixed_37_17_5_3_0_ap_fixed_16_6_5_3_0_relu_config3_s_fu_76  |    0    |    0    |    0    |   296   |
|          |   call_ret5_relu_ap_fixed_35_15_5_3_0_ap_fixed_16_6_5_3_0_relu_config7_s_fu_88  |    0    |    0    |    0    |   296   |
|          |  call_ret3_relu_ap_fixed_36_16_5_3_0_ap_fixed_16_6_5_3_0_relu_config5_s_fu_100  |    0    |    0    |    0    |   148   |
|----------|---------------------------------------------------------------------------------|---------|---------|---------|---------|
|   read   |                            input_1_V_read_read_fu_32                            |    0    |    0    |    0    |    0    |
|----------|---------------------------------------------------------------------------------|---------|---------|---------|---------|
|          |                              layer2_out_0_V_fu_108                              |    0    |    0    |    0    |    0    |
|          |                              layer2_out_1_V_fu_112                              |    0    |    0    |    0    |    0    |
|          |                              layer2_out_2_V_fu_116                              |    0    |    0    |    0    |    0    |
|          |                              layer2_out_3_V_fu_120                              |    0    |    0    |    0    |    0    |
|          |                              layer2_out_4_V_fu_124                              |    0    |    0    |    0    |    0    |
|          |                              layer2_out_5_V_fu_128                              |    0    |    0    |    0    |    0    |
|          |                              layer2_out_6_V_fu_132                              |    0    |    0    |    0    |    0    |
|          |                              layer2_out_7_V_fu_136                              |    0    |    0    |    0    |    0    |
|          |                              layer3_out_0_V_fu_140                              |    0    |    0    |    0    |    0    |
|          |                              layer3_out_1_V_fu_144                              |    0    |    0    |    0    |    0    |
|          |                              layer3_out_2_V_fu_148                              |    0    |    0    |    0    |    0    |
|          |                              layer3_out_3_V_fu_152                              |    0    |    0    |    0    |    0    |
|          |                              layer3_out_4_V_fu_156                              |    0    |    0    |    0    |    0    |
|          |                              layer3_out_5_V_fu_160                              |    0    |    0    |    0    |    0    |
|          |                              layer3_out_6_V_fu_164                              |    0    |    0    |    0    |    0    |
|          |                              layer3_out_7_V_fu_168                              |    0    |    0    |    0    |    0    |
|          |                              layer4_out_0_V_fu_172                              |    0    |    0    |    0    |    0    |
|          |                              layer4_out_1_V_fu_176                              |    0    |    0    |    0    |    0    |
|          |                              layer4_out_2_V_fu_180                              |    0    |    0    |    0    |    0    |
|extractvalue|                              layer4_out_3_V_fu_184                              |    0    |    0    |    0    |    0    |
|          |                              layer5_out_0_V_fu_188                              |    0    |    0    |    0    |    0    |
|          |                              layer5_out_1_V_fu_192                              |    0    |    0    |    0    |    0    |
|          |                              layer5_out_2_V_fu_196                              |    0    |    0    |    0    |    0    |
|          |                              layer5_out_3_V_fu_200                              |    0    |    0    |    0    |    0    |
|          |                              layer6_out_0_V_fu_204                              |    0    |    0    |    0    |    0    |
|          |                              layer6_out_1_V_fu_208                              |    0    |    0    |    0    |    0    |
|          |                              layer6_out_2_V_fu_212                              |    0    |    0    |    0    |    0    |
|          |                              layer6_out_3_V_fu_216                              |    0    |    0    |    0    |    0    |
|          |                              layer6_out_4_V_fu_220                              |    0    |    0    |    0    |    0    |
|          |                              layer6_out_5_V_fu_224                              |    0    |    0    |    0    |    0    |
|          |                              layer6_out_6_V_fu_228                              |    0    |    0    |    0    |    0    |
|          |                              layer6_out_7_V_fu_232                              |    0    |    0    |    0    |    0    |
|          |                              layer7_out_0_V_fu_236                              |    0    |    0    |    0    |    0    |
|          |                              layer7_out_1_V_fu_240                              |    0    |    0    |    0    |    0    |
|          |                              layer7_out_2_V_fu_244                              |    0    |    0    |    0    |    0    |
|          |                              layer7_out_3_V_fu_248                              |    0    |    0    |    0    |    0    |
|          |                              layer7_out_4_V_fu_252                              |    0    |    0    |    0    |    0    |
|          |                              layer7_out_5_V_fu_256                              |    0    |    0    |    0    |    0    |
|          |                              layer7_out_6_V_fu_260                              |    0    |    0    |    0    |    0    |
|          |                              layer7_out_7_V_fu_264                              |    0    |    0    |    0    |    0    |
|----------|---------------------------------------------------------------------------------|---------|---------|---------|---------|
|   Total  |                                                                                 |    72   | 272.778 |  13005  |   9845  |
|----------|---------------------------------------------------------------------------------|---------|---------|---------|---------|

Memories:
N/A

* Register list:
+----------------------+--------+
|                      |   FF   |
+----------------------+--------+
|layer2_out_0_V_reg_268|   37   |
|layer2_out_1_V_reg_273|   37   |
|layer2_out_2_V_reg_278|   37   |
|layer2_out_3_V_reg_283|   37   |
|layer2_out_4_V_reg_288|   37   |
|layer2_out_5_V_reg_293|   37   |
|layer2_out_6_V_reg_298|   37   |
|layer2_out_7_V_reg_303|   37   |
|layer3_out_0_V_reg_308|   16   |
|layer3_out_1_V_reg_313|   16   |
|layer3_out_2_V_reg_318|   16   |
|layer3_out_3_V_reg_323|   16   |
|layer3_out_4_V_reg_328|   16   |
|layer3_out_5_V_reg_333|   16   |
|layer3_out_6_V_reg_338|   16   |
|layer3_out_7_V_reg_343|   16   |
|layer4_out_0_V_reg_348|   36   |
|layer4_out_1_V_reg_353|   36   |
|layer4_out_2_V_reg_358|   36   |
|layer4_out_3_V_reg_363|   36   |
|layer5_out_0_V_reg_368|   16   |
|layer5_out_1_V_reg_373|   16   |
|layer5_out_2_V_reg_378|   16   |
|layer5_out_3_V_reg_383|   16   |
|layer6_out_0_V_reg_388|   35   |
|layer6_out_1_V_reg_393|   35   |
|layer6_out_2_V_reg_398|   35   |
|layer6_out_3_V_reg_403|   35   |
|layer6_out_4_V_reg_408|   35   |
|layer6_out_5_V_reg_413|   35   |
|layer6_out_6_V_reg_418|   35   |
|layer6_out_7_V_reg_423|   35   |
|layer7_out_0_V_reg_428|   16   |
|layer7_out_1_V_reg_433|   16   |
|layer7_out_2_V_reg_438|   16   |
|layer7_out_3_V_reg_443|   16   |
|layer7_out_4_V_reg_448|   16   |
|layer7_out_5_V_reg_453|   16   |
|layer7_out_6_V_reg_458|   16   |
|layer7_out_7_V_reg_463|   16   |
+----------------------+--------+
|         Total        |  1040  |
+----------------------+--------+

* Multiplexer (MUX) list: 
|--------|------|------|------|--------|
|  Comp  |  Pin | Size |  BW  | S x BW |
|--------|------|------|------|--------|
|  Total |      |      |      |    0   |
|--------|------|------|------|--------|



* Summary:
+-----------+--------+--------+--------+--------+
|           | DSP48E |  Delay |   FF   |   LUT  |
+-----------+--------+--------+--------+--------+
|  Function |   72   |   272  |  13005 |  9845  |
|   Memory  |    -   |    -   |    -   |    -   |
|Multiplexer|    -   |    -   |    -   |    -   |
|  Register |    -   |    -   |  1040  |    -   |
+-----------+--------+--------+--------+--------+
|   Total   |   72   |   272  |  14045 |  9845  |
+-----------+--------+--------+--------+--------+
