

================================================================
== Vivado HLS Report for 'myproject'
================================================================
* Date:           Wed May 27 10:11:47 2026

* Version:        2020.1 (Build 2897737 on Wed May 27 20:21:37 MDT 2020)
* Project:        myproject_prj
* Solution:       solution1
* Product family: zynq
* Target device:  xc7z020-clg400-1


================================================================
== Performance Estimates
================================================================
+ Timing: 
    * Summary: 
    +--------+---------+----------+------------+
    |  Clock |  Target | Estimated| Uncertainty|
    +--------+---------+----------+------------+
    |ap_clk  | 5.00 ns | 4.332 ns |   0.62 ns  |
    +--------+---------+----------+------------+

+ Latency: 
    * Summary: 
    +---------+---------+----------+----------+-----+-----+----------+
    |  Latency (cycles) |  Latency (absolute) |  Interval | Pipeline |
    |   min   |   max   |    min   |    max   | min | max |   Type   |
    +---------+---------+----------+----------+-----+-----+----------+
    |       29|       29| 0.145 us | 0.145 us |    4|    4| function |
    +---------+---------+----------+----------+-----+-----+----------+

    + Detail: 
        * Instance: 
        N/A

        * Loop: 
        N/A

============================================================
+ Verbose Summary: Synthesis Manager
============================================================
InlineROM: 1
ExposeGlobal: 0
============================================================
+ Verbose Summary: CDFG Model
============================================================
IsTopModel: 0
ResetActiveHigh: 1
IsCombinational: 0
IsDatapathOnly: 0
HasWiredReturn: 1
HasMFsm: 2
HasVarLatency: 0
IsPipeline: 1
IsRtlPipelined: 1
IsInstanceOverlapped: 0
IsDontTouch: 0
HasImplIP: 0
IsGatedGlobalClock: 0

+ Individual pipeline summary: 
  * Pipeline-0: initiation interval (II) = 4, depth = 30


============================================================
+ Verbose Summary: Schedule
============================================================
* Number of FSM states : 30
* Pipeline : 1
  Pipeline-0 : II = 4, D = 30, States = { 1 2 3 4 5 6 7 8 9 10 11 12 13 14 15 16 17 18 19 20 21 22 23 24 25 26 27 28 29 30 }
* Dataflow Pipeline: 0

* FSM state transitions: 
1 --> 2 
2 --> 3 
3 --> 4 
4 --> 5 
5 --> 6 
6 --> 7 
7 --> 8 
8 --> 9 
9 --> 10 
10 --> 11 
11 --> 12 
12 --> 13 
13 --> 14 
14 --> 15 
15 --> 16 
16 --> 17 
17 --> 18 
18 --> 19 
19 --> 20 
20 --> 21 
21 --> 22 
22 --> 23 
23 --> 24 
24 --> 25 
25 --> 26 
26 --> 27 
27 --> 28 
28 --> 29 
29 --> 30 
30 --> 

* FSM state operations: 

State 1 <SV = 0> <Delay = 4.09>
ST_1 : Operation 31 [1/1] (0.00ns)   --->   "%input_1_V_read = call i224 @_ssdm_op_Read.ap_vld.i224P(i224* %input_1_V)"   --->   Operation 31 'read' 'input_1_V_read' <Predicate = true> <Delay = 0.00>
ST_1 : Operation 32 [7/7] (4.09ns)   --->   "%call_ret = call fastcc { i37, i37, i37, i37, i37, i37, i37, i37 } @"dense_latency<ap_fixed,ap_fixed<37,17,5,3,0>,config2>.0.0.0.0.0.0.0.0.0"(i224 %input_1_V_read)"   --->   Operation 32 'call' 'call_ret' <Predicate = true> <Delay = 4.09> <CoreType = "Generic">   --->   Core 0 '' <Latency = 0> <II = 1> <Delay = 1.00> <Generic> <Opcode : >

State 2 <SV = 1> <Delay = 4.33>
ST_2 : Operation 33 [6/7] (4.33ns)   --->   "%call_ret = call fastcc { i37, i37, i37, i37, i37, i37, i37, i37 } @"dense_latency<ap_fixed,ap_fixed<37,17,5,3,0>,config2>.0.0.0.0.0.0.0.0.0"(i224 %input_1_V_read)"   --->   Operation 33 'call' 'call_ret' <Predicate = true> <Delay = 4.33> <CoreType = "Generic">   --->   Core 0 '' <Latency = 0> <II = 1> <Delay = 1.00> <Generic> <Opcode : >

State 3 <SV = 2> <Delay = 4.33>
ST_3 : Operation 34 [5/7] (4.33ns)   --->   "%call_ret = call fastcc { i37, i37, i37, i37, i37, i37, i37, i37 } @"dense_latency<ap_fixed,ap_fixed<37,17,5,3,0>,config2>.0.0.0.0.0.0.0.0.0"(i224 %input_1_V_read)"   --->   Operation 34 'call' 'call_ret' <Predicate = true> <Delay = 4.33> <CoreType = "Generic">   --->   Core 0 '' <Latency = 0> <II = 1> <Delay = 1.00> <Generic> <Opcode : >

State 4 <SV = 3> <Delay = 4.33>
ST_4 : Operation 35 [4/7] (4.33ns)   --->   "%call_ret = call fastcc { i37, i37, i37, i37, i37, i37, i37, i37 } @"dense_latency<ap_fixed,ap_fixed<37,17,5,3,0>,config2>.0.0.0.0.0.0.0.0.0"(i224 %input_1_V_read)"   --->   Operation 35 'call' 'call_ret' <Predicate = true> <Delay = 4.33> <CoreType = "Generic">   --->   Core 0 '' <Latency = 0> <II = 1> <Delay = 1.00> <Generic> <Opcode : >

State 5 <SV = 4> <Delay = 4.33>
ST_5 : Operation 36 [3/7] (4.33ns)   --->   "%call_ret = call fastcc { i37, i37, i37, i37, i37, i37, i37, i37 } @"dense_latency<ap_fixed,ap_fixed<37,17,5,3,0>,config2>.0.0.0.0.0.0.0.0.0"(i224 %input_1_V_read)"   --->   Operation 36 'call' 'call_ret' <Predicate = true> <Delay = 4.33> <CoreType = "Generic">   --->   Core 0 '' <Latency = 0> <II = 1> <Delay = 1.00> <Generic> <Opcode : >

State 6 <SV = 5> <Delay = 4.33>
ST_6 : Operation 37 [2/7] (4.33ns)   --->   "%call_ret = call fastcc { i37, i37, i37, i37, i37, i37, i37, i37 } @"dense_latency<ap_fixed,ap_fixed<37,17,5,3,0>,config2>.0.0.0.0.0.0.0.0.0"(i224 %input_1_V_read)"   --->   Operation 37 'call' 'call_ret' <Predicate = true> <Delay = 4.33> <CoreType = "Generic">   --->   Core 0 '' <Latency = 0> <II = 1> <Delay = 1.00> <Generic> <Opcode : >

State 7 <SV = 6> <Delay = 3.90>
ST_7 : Operation 38 [1/7] (3.90ns)   --->   "%call_ret = call fastcc { i37, i37, i37, i37, i37, i37, i37, i37 } @"dense_latency<ap_fixed,ap_fixed<37,17,5,3,0>,config2>.0.0.0.0.0.0.0.0.0"(i224 %input_1_V_read)"   --->   Operation 38 'call' 'call_ret' <Predicate = true> <Delay = 3.90> <CoreType = "Generic">   --->   Core 0 '' <Latency = 0> <II = 1> <Delay = 1.00> <Generic> <Opcode : >
ST_7 : Operation 39 [1/1] (0.00ns)   --->   "%layer2_out_0_V = extractvalue { i37, i37, i37, i37, i37, i37, i37, i37 } %call_ret, 0"   --->   Operation 39 'extractvalue' 'layer2_out_0_V' <Predicate = true> <Delay = 0.00>
ST_7 : Operation 40 [1/1] (0.00ns)   --->   "%layer2_out_1_V = extractvalue { i37, i37, i37, i37, i37, i37, i37, i37 } %call_ret, 1"   --->   Operation 40 'extractvalue' 'layer2_out_1_V' <Predicate = true> <Delay = 0.00>
ST_7 : Operation 41 [1/1] (0.00ns)   --->   "%layer2_out_2_V = extractvalue { i37, i37, i37, i37, i37, i37, i37, i37 } %call_ret, 2"   --->   Operation 41 'extractvalue' 'layer2_out_2_V' <Predicate = true> <Delay = 0.00>
ST_7 : Operation 42 [1/1] (0.00ns)   --->   "%layer2_out_3_V = extractvalue { i37, i37, i37, i37, i37, i37, i37, i37 } %call_ret, 3"   --->   Operation 42 'extractvalue' 'layer2_out_3_V' <Predicate = true> <Delay = 0.00>
ST_7 : Operation 43 [1/1] (0.00ns)   --->   "%layer2_out_4_V = extractvalue { i37, i37, i37, i37, i37, i37, i37, i37 } %call_ret, 4"   --->   Operation 43 'extractvalue' 'layer2_out_4_V' <Predicate = true> <Delay = 0.00>
ST_7 : Operation 44 [1/1] (0.00ns)   --->   "%layer2_out_5_V = extractvalue { i37, i37, i37, i37, i37, i37, i37, i37 } %call_ret, 5"   --->   Operation 44 'extractvalue' 'layer2_out_5_V' <Predicate = true> <Delay = 0.00>
ST_7 : Operation 45 [1/1] (0.00ns)   --->   "%layer2_out_6_V = extractvalue { i37, i37, i37, i37, i37, i37, i37, i37 } %call_ret, 6"   --->   Operation 45 'extractvalue' 'layer2_out_6_V' <Predicate = true> <Delay = 0.00>
ST_7 : Operation 46 [1/1] (0.00ns)   --->   "%layer2_out_7_V = extractvalue { i37, i37, i37, i37, i37, i37, i37, i37 } %call_ret, 7"   --->   Operation 46 'extractvalue' 'layer2_out_7_V' <Predicate = true> <Delay = 0.00>

State 8 <SV = 7> <Delay = 3.31>
ST_8 : Operation 47 [1/1] (3.31ns)   --->   "%call_ret1 = call fastcc { i16, i16, i16, i16, i16, i16, i16, i16 } @"relu<ap_fixed<37, 17, 5, 3, 0>, ap_fixed<16, 6, 5, 3, 0>, relu_config3>"(i37 %layer2_out_0_V, i37 %layer2_out_1_V, i37 %layer2_out_2_V, i37 %layer2_out_3_V, i37 %layer2_out_4_V, i37 %layer2_out_5_V, i37 %layer2_out_6_V, i37 %layer2_out_7_V)" [firmware/myproject.cpp:58]   --->   Operation 47 'call' 'call_ret1' <Predicate = true> <Delay = 3.31> <CoreType = "Generic">   --->   Core 0 '' <Latency = 0> <II = 1> <Delay = 1.00> <Generic> <Opcode : >
ST_8 : Operation 48 [1/1] (0.00ns)   --->   "%layer3_out_0_V = extractvalue { i16, i16, i16, i16, i16, i16, i16, i16 } %call_ret1, 0" [firmware/myproject.cpp:58]   --->   Operation 48 'extractvalue' 'layer3_out_0_V' <Predicate = true> <Delay = 0.00>
ST_8 : Operation 49 [1/1] (0.00ns)   --->   "%layer3_out_1_V = extractvalue { i16, i16, i16, i16, i16, i16, i16, i16 } %call_ret1, 1" [firmware/myproject.cpp:58]   --->   Operation 49 'extractvalue' 'layer3_out_1_V' <Predicate = true> <Delay = 0.00>
ST_8 : Operation 50 [1/1] (0.00ns)   --->   "%layer3_out_2_V = extractvalue { i16, i16, i16, i16, i16, i16, i16, i16 } %call_ret1, 2" [firmware/myproject.cpp:58]   --->   Operation 50 'extractvalue' 'layer3_out_2_V' <Predicate = true> <Delay = 0.00>
ST_8 : Operation 51 [1/1] (0.00ns)   --->   "%layer3_out_3_V = extractvalue { i16, i16, i16, i16, i16, i16, i16, i16 } %call_ret1, 3" [firmware/myproject.cpp:58]   --->   Operation 51 'extractvalue' 'layer3_out_3_V' <Predicate = true> <Delay = 0.00>
ST_8 : Operation 52 [1/1] (0.00ns)   --->   "%layer3_out_4_V = extractvalue { i16, i16, i16, i16, i16, i16, i16, i16 } %call_ret1, 4" [firmware/myproject.cpp:58]   --->   Operation 52 'extractvalue' 'layer3_out_4_V' <Predicate = true> <Delay = 0.00>
ST_8 : Operation 53 [1/1] (0.00ns)   --->   "%layer3_out_5_V = extractvalue { i16, i16, i16, i16, i16, i16, i16, i16 } %call_ret1, 5" [firmware/myproject.cpp:58]   --->   Operation 53 'extractvalue' 'layer3_out_5_V' <Predicate = true> <Delay = 0.00>
ST_8 : Operation 54 [1/1] (0.00ns)   --->   "%layer3_out_6_V = extractvalue { i16, i16, i16, i16, i16, i16, i16, i16 } %call_ret1, 6" [firmware/myproject.cpp:58]   --->   Operation 54 'extractvalue' 'layer3_out_6_V' <Predicate = true> <Delay = 0.00>
ST_8 : Operation 55 [1/1] (0.00ns)   --->   "%layer3_out_7_V = extractvalue { i16, i16, i16, i16, i16, i16, i16, i16 } %call_ret1, 7" [firmware/myproject.cpp:58]   --->   Operation 55 'extractvalue' 'layer3_out_7_V' <Predicate = true> <Delay = 0.00>

State 9 <SV = 8> <Delay = 3.34>
ST_9 : Operation 56 [7/7] (3.34ns)   --->   "%call_ret2 = call fastcc { i36, i36, i36, i36 } @"dense_latency<ap_fixed,ap_fixed<36,16,5,3,0>,config4>.0.0.0.0.0"(i16 %layer3_out_0_V, i16 %layer3_out_1_V, i16 %layer3_out_2_V, i16 %layer3_out_3_V, i16 %layer3_out_4_V, i16 %layer3_out_5_V, i16 %layer3_out_6_V, i16 %layer3_out_7_V)" [firmware/nnet_utils/nnet_dense.h:54->firmware/nnet_utils/nnet_dense.h:45->firmware/myproject.cpp:60]   --->   Operation 56 'call' 'call_ret2' <Predicate = true> <Delay = 3.34> <CoreType = "Generic">   --->   Core 0 '' <Latency = 0> <II = 1> <Delay = 1.00> <Generic> <Opcode : >

State 10 <SV = 9> <Delay = 3.90>
ST_10 : Operation 57 [6/7] (3.90ns)   --->   "%call_ret2 = call fastcc { i36, i36, i36, i36 } @"dense_latency<ap_fixed,ap_fixed<36,16,5,3,0>,config4>.0.0.0.0.0"(i16 %layer3_out_0_V, i16 %layer3_out_1_V, i16 %layer3_out_2_V, i16 %layer3_out_3_V, i16 %layer3_out_4_V, i16 %layer3_out_5_V, i16 %layer3_out_6_V, i16 %layer3_out_7_V)" [firmware/nnet_utils/nnet_dense.h:54->firmware/nnet_utils/nnet_dense.h:45->firmware/myproject.cpp:60]   --->   Operation 57 'call' 'call_ret2' <Predicate = true> <Delay = 3.90> <CoreType = "Generic">   --->   Core 0 '' <Latency = 0> <II = 1> <Delay = 1.00> <Generic> <Opcode : >

State 11 <SV = 10> <Delay = 3.90>
ST_11 : Operation 58 [5/7] (3.90ns)   --->   "%call_ret2 = call fastcc { i36, i36, i36, i36 } @"dense_latency<ap_fixed,ap_fixed<36,16,5,3,0>,config4>.0.0.0.0.0"(i16 %layer3_out_0_V, i16 %layer3_out_1_V, i16 %layer3_out_2_V, i16 %layer3_out_3_V, i16 %layer3_out_4_V, i16 %layer3_out_5_V, i16 %layer3_out_6_V, i16 %layer3_out_7_V)" [firmware/nnet_utils/nnet_dense.h:54->firmware/nnet_utils/nnet_dense.h:45->firmware/myproject.cpp:60]   --->   Operation 58 'call' 'call_ret2' <Predicate = true> <Delay = 3.90> <CoreType = "Generic">   --->   Core 0 '' <Latency = 0> <II = 1> <Delay = 1.00> <Generic> <Opcode : >

State 12 <SV = 11> <Delay = 3.90>
ST_12 : Operation 59 [4/7] (3.90ns)   --->   "%call_ret2 = call fastcc { i36, i36, i36, i36 } @"dense_latency<ap_fixed,ap_fixed<36,16,5,3,0>,config4>.0.0.0.0.0"(i16 %layer3_out_0_V, i16 %layer3_out_1_V, i16 %layer3_out_2_V, i16 %layer3_out_3_V, i16 %layer3_out_4_V, i16 %layer3_out_5_V, i16 %layer3_out_6_V, i16 %layer3_out_7_V)" [firmware/nnet_utils/nnet_dense.h:54->firmware/nnet_utils/nnet_dense.h:45->firmware/myproject.cpp:60]   --->   Operation 59 'call' 'call_ret2' <Predicate = true> <Delay = 3.90> <CoreType = "Generic">   --->   Core 0 '' <Latency = 0> <II = 1> <Delay = 1.00> <Generic> <Opcode : >

State 13 <SV = 12> <Delay = 3.90>
ST_13 : Operation 60 [3/7] (3.90ns)   --->   "%call_ret2 = call fastcc { i36, i36, i36, i36 } @"dense_latency<ap_fixed,ap_fixed<36,16,5,3,0>,config4>.0.0.0.0.0"(i16 %layer3_out_0_V, i16 %layer3_out_1_V, i16 %layer3_out_2_V, i16 %layer3_out_3_V, i16 %layer3_out_4_V, i16 %layer3_out_5_V, i16 %layer3_out_6_V, i16 %layer3_out_7_V)" [firmware/nnet_utils/nnet_dense.h:54->firmware/nnet_utils/nnet_dense.h:45->firmware/myproject.cpp:60]   --->   Operation 60 'call' 'call_ret2' <Predicate = true> <Delay = 3.90> <CoreType = "Generic">   --->   Core 0 '' <Latency = 0> <II = 1> <Delay = 1.00> <Generic> <Opcode : >

State 14 <SV = 13> <Delay = 3.90>
ST_14 : Operation 61 [2/7] (3.90ns)   --->   "%call_ret2 = call fastcc { i36, i36, i36, i36 } @"dense_latency<ap_fixed,ap_fixed<36,16,5,3,0>,config4>.0.0.0.0.0"(i16 %layer3_out_0_V, i16 %layer3_out_1_V, i16 %layer3_out_2_V, i16 %layer3_out_3_V, i16 %layer3_out_4_V, i16 %layer3_out_5_V, i16 %layer3_out_6_V, i16 %layer3_out_7_V)" [firmware/nnet_utils/nnet_dense.h:54->firmware/nnet_utils/nnet_dense.h:45->firmware/myproject.cpp:60]   --->   Operation 61 'call' 'call_ret2' <Predicate = true> <Delay = 3.90> <CoreType = "Generic">   --->   Core 0 '' <Latency = 0> <II = 1> <Delay = 1.00> <Generic> <Opcode : >

State 15 <SV = 14> <Delay = 3.90>
ST_15 : Operation 62 [1/7] (3.90ns)   --->   "%call_ret2 = call fastcc { i36, i36, i36, i36 } @"dense_latency<ap_fixed,ap_fixed<36,16,5,3,0>,config4>.0.0.0.0.0"(i16 %layer3_out_0_V, i16 %layer3_out_1_V, i16 %layer3_out_2_V, i16 %layer3_out_3_V, i16 %layer3_out_4_V, i16 %layer3_out_5_V, i16 %layer3_out_6_V, i16 %layer3_out_7_V)" [firmware/nnet_utils/nnet_dense.h:54->firmware/nnet_utils/nnet_dense.h:45->firmware/myproject.cpp:60]   --->   Operation 62 'call' 'call_ret2' <Predicate = true> <Delay = 3.90> <CoreType = "Generic">   --->   Core 0 '' <Latency = 0> <II = 1> <Delay = 1.00> <Generic> <Opcode : >
ST_15 : Operation 63 [1/1] (0.00ns)   --->   "%layer4_out_0_V = extractvalue { i36, i36, i36, i36 } %call_ret2, 0" [firmware/nnet_utils/nnet_dense.h:54->firmware/nnet_utils/nnet_dense.h:45->firmware/myproject.cpp:60]   --->   Operation 63 'extractvalue' 'layer4_out_0_V' <Predicate = true> <Delay = 0.00>
ST_15 : Operation 64 [1/1] (0.00ns)   --->   "%layer4_out_1_V = extractvalue { i36, i36, i36, i36 } %call_ret2, 1" [firmware/nnet_utils/nnet_dense.h:54->firmware/nnet_utils/nnet_dense.h:45->firmware/myproject.cpp:60]   --->   Operation 64 'extractvalue' 'layer4_out_1_V' <Predicate = true> <Delay = 0.00>
ST_15 : Operation 65 [1/1] (0.00ns)   --->   "%layer4_out_2_V = extractvalue { i36, i36, i36, i36 } %call_ret2, 2" [firmware/nnet_utils/nnet_dense.h:54->firmware/nnet_utils/nnet_dense.h:45->firmware/myproject.cpp:60]   --->   Operation 65 'extractvalue' 'layer4_out_2_V' <Predicate = true> <Delay = 0.00>
ST_15 : Operation 66 [1/1] (0.00ns)   --->   "%layer4_out_3_V = extractvalue { i36, i36, i36, i36 } %call_ret2, 3" [firmware/nnet_utils/nnet_dense.h:54->firmware/nnet_utils/nnet_dense.h:45->firmware/myproject.cpp:60]   --->   Operation 66 'extractvalue' 'layer4_out_3_V' <Predicate = true> <Delay = 0.00>

State 16 <SV = 15> <Delay = 3.30>
ST_16 : Operation 67 [1/1] (3.30ns)   --->   "%call_ret3 = call fastcc { i16, i16, i16, i16 } @"relu<ap_fixed<36, 16, 5, 3, 0>, ap_fixed<16, 6, 5, 3, 0>, relu_config5>"(i36 %layer4_out_0_V, i36 %layer4_out_1_V, i36 %layer4_out_2_V, i36 %layer4_out_3_V)" [firmware/myproject.cpp:62]   --->   Operation 67 'call' 'call_ret3' <Predicate = true> <Delay = 3.30> <CoreType = "Generic">   --->   Core 0 '' <Latency = 0> <II = 1> <Delay = 1.00> <Generic> <Opcode : >
ST_16 : Operation 68 [1/1] (0.00ns)   --->   "%layer5_out_0_V = extractvalue { i16, i16, i16, i16 } %call_ret3, 0" [firmware/myproject.cpp:62]   --->   Operation 68 'extractvalue' 'layer5_out_0_V' <Predicate = true> <Delay = 0.00>
ST_16 : Operation 69 [1/1] (0.00ns)   --->   "%layer5_out_1_V = extractvalue { i16, i16, i16, i16 } %call_ret3, 1" [firmware/myproject.cpp:62]   --->   Operation 69 'extractvalue' 'layer5_out_1_V' <Predicate = true> <Delay = 0.00>
ST_16 : Operation 70 [1/1] (0.00ns)   --->   "%layer5_out_2_V = extractvalue { i16, i16, i16, i16 } %call_ret3, 2" [firmware/myproject.cpp:62]   --->   Operation 70 'extractvalue' 'layer5_out_2_V' <Predicate = true> <Delay = 0.00>
ST_16 : Operation 71 [1/1] (0.00ns)   --->   "%layer5_out_3_V = extractvalue { i16, i16, i16, i16 } %call_ret3, 3" [firmware/myproject.cpp:62]   --->   Operation 71 'extractvalue' 'layer5_out_3_V' <Predicate = true> <Delay = 0.00>

State 17 <SV = 16> <Delay = 3.34>
ST_17 : Operation 72 [6/6] (3.34ns)   --->   "%call_ret4 = call fastcc { i35, i35, i35, i35, i35, i35, i35, i35 } @"dense_latency<ap_fixed,ap_fixed<35,15,5,3,0>,config6>.0.0.0.0.0.0.0.0.0"(i16 %layer5_out_0_V, i16 %layer5_out_1_V, i16 %layer5_out_2_V, i16 %layer5_out_3_V)" [firmware/nnet_utils/nnet_dense.h:54->firmware/nnet_utils/nnet_dense.h:45->firmware/myproject.cpp:64]   --->   Operation 72 'call' 'call_ret4' <Predicate = true> <Delay = 3.34> <CoreType = "Generic">   --->   Core 0 '' <Latency = 0> <II = 1> <Delay = 1.00> <Generic> <Opcode : >

State 18 <SV = 17> <Delay = 4.16>
ST_18 : Operation 73 [5/6] (4.16ns)   --->   "%call_ret4 = call fastcc { i35, i35, i35, i35, i35, i35, i35, i35 } @"dense_latency<ap_fixed,ap_fixed<35,15,5,3,0>,config6>.0.0.0.0.0.0.0.0.0"(i16 %layer5_out_0_V, i16 %layer5_out_1_V, i16 %layer5_out_2_V, i16 %layer5_out_3_V)" [firmware/nnet_utils/nnet_dense.h:54->firmware/nnet_utils/nnet_dense.h:45->firmware/myproject.cpp:64]   --->   Operation 73 'call' 'call_ret4' <Predicate = true> <Delay = 4.16> <CoreType = "Generic">   --->   Core 0 '' <Latency = 0> <II = 1> <Delay = 1.00> <Generic> <Opcode : >

State 19 <SV = 18> <Delay = 4.16>
ST_19 : Operation 74 [4/6] (4.16ns)   --->   "%call_ret4 = call fastcc { i35, i35, i35, i35, i35, i35, i35, i35 } @"dense_latency<ap_fixed,ap_fixed<35,15,5,3,0>,config6>.0.0.0.0.0.0.0.0.0"(i16 %layer5_out_0_V, i16 %layer5_out_1_V, i16 %layer5_out_2_V, i16 %layer5_out_3_V)" [firmware/nnet_utils/nnet_dense.h:54->firmware/nnet_utils/nnet_dense.h:45->firmware/myproject.cpp:64]   --->   Operation 74 'call' 'call_ret4' <Predicate = true> <Delay = 4.16> <CoreType = "Generic">   --->   Core 0 '' <Latency = 0> <II = 1> <Delay = 1.00> <Generic> <Opcode : >

State 20 <SV = 19> <Delay = 4.16>
ST_20 : Operation 75 [3/6] (4.16ns)   --->   "%call_ret4 = call fastcc { i35, i35, i35, i35, i35, i35, i35, i35 } @"dense_latency<ap_fixed,ap_fixed<35,15,5,3,0>,config6>.0.0.0.0.0.0.0.0.0"(i16 %layer5_out_0_V, i16 %layer5_out_1_V, i16 %layer5_out_2_V, i16 %layer5_out_3_V)" [firmware/nnet_utils/nnet_dense.h:54->firmware/nnet_utils/nnet_dense.h:45->firmware/myproject.cpp:64]   --->   Operation 75 'call' 'call_ret4' <Predicate = true> <Delay = 4.16> <CoreType = "Generic">   --->   Core 0 '' <Latency = 0> <II = 1> <Delay = 1.00> <Generic> <Opcode : >

State 21 <SV = 20> <Delay = 4.16>
ST_21 : Operation 76 [2/6] (4.16ns)   --->   "%call_ret4 = call fastcc { i35, i35, i35, i35, i35, i35, i35, i35 } @"dense_latency<ap_fixed,ap_fixed<35,15,5,3,0>,config6>.0.0.0.0.0.0.0.0.0"(i16 %layer5_out_0_V, i16 %layer5_out_1_V, i16 %layer5_out_2_V, i16 %layer5_out_3_V)" [firmware/nnet_utils/nnet_dense.h:54->firmware/nnet_utils/nnet_dense.h:45->firmware/myproject.cpp:64]   --->   Operation 76 'call' 'call_ret4' <Predicate = true> <Delay = 4.16> <CoreType = "Generic">   --->   Core 0 '' <Latency = 0> <II = 1> <Delay = 1.00> <Generic> <Opcode : >

State 22 <SV = 21> <Delay = 3.90>
ST_22 : Operation 77 [1/6] (3.90ns)   --->   "%call_ret4 = call fastcc { i35, i35, i35, i35, i35, i35, i35, i35 } @"dense_latency<ap_fixed,ap_fixed<35,15,5,3,0>,config6>.0.0.0.0.0.0.0.0.0"(i16 %layer5_out_0_V, i16 %layer5_out_1_V, i16 %layer5_out_2_V, i16 %layer5_out_3_V)" [firmware/nnet_utils/nnet_dense.h:54->firmware/nnet_utils/nnet_dense.h:45->firmware/myproject.cpp:64]   --->   Operation 77 'call' 'call_ret4' <Predicate = true> <Delay = 3.90> <CoreType = "Generic">   --->   Core 0 '' <Latency = 0> <II = 1> <Delay = 1.00> <Generic> <Opcode : >
ST_22 : Operation 78 [1/1] (0.00ns)   --->   "%layer6_out_0_V = extractvalue { i35, i35, i35, i35, i35, i35, i35, i35 } %call_ret4, 0" [firmware/nnet_utils/nnet_dense.h:54->firmware/nnet_utils/nnet_dense.h:45->firmware/myproject.cpp:64]   --->   Operation 78 'extractvalue' 'layer6_out_0_V' <Predicate = true> <Delay = 0.00>
ST_22 : Operation 79 [1/1] (0.00ns)   --->   "%layer6_out_1_V = extractvalue { i35, i35, i35, i35, i35, i35, i35, i35 } %call_ret4, 1" [firmware/nnet_utils/nnet_dense.h:54->firmware/nnet_utils/nnet_dense.h:45->firmware/myproject.cpp:64]   --->   Operation 79 'extractvalue' 'layer6_out_1_V' <Predicate = true> <Delay = 0.00>
ST_22 : Operation 80 [1/1] (0.00ns)   --->   "%layer6_out_2_V = extractvalue { i35, i35, i35, i35, i35, i35, i35, i35 } %call_ret4, 2" [firmware/nnet_utils/nnet_dense.h:54->firmware/nnet_utils/nnet_dense.h:45->firmware/myproject.cpp:64]   --->   Operation 80 'extractvalue' 'layer6_out_2_V' <Predicate = true> <Delay = 0.00>
ST_22 : Operation 81 [1/1] (0.00ns)   --->   "%layer6_out_3_V = extractvalue { i35, i35, i35, i35, i35, i35, i35, i35 } %call_ret4, 3" [firmware/nnet_utils/nnet_dense.h:54->firmware/nnet_utils/nnet_dense.h:45->firmware/myproject.cpp:64]   --->   Operation 81 'extractvalue' 'layer6_out_3_V' <Predicate = true> <Delay = 0.00>
ST_22 : Operation 82 [1/1] (0.00ns)   --->   "%layer6_out_4_V = extractvalue { i35, i35, i35, i35, i35, i35, i35, i35 } %call_ret4, 4" [firmware/nnet_utils/nnet_dense.h:54->firmware/nnet_utils/nnet_dense.h:45->firmware/myproject.cpp:64]   --->   Operation 82 'extractvalue' 'layer6_out_4_V' <Predicate = true> <Delay = 0.00>
ST_22 : Operation 83 [1/1] (0.00ns)   --->   "%layer6_out_5_V = extractvalue { i35, i35, i35, i35, i35, i35, i35, i35 } %call_ret4, 5" [firmware/nnet_utils/nnet_dense.h:54->firmware/nnet_utils/nnet_dense.h:45->firmware/myproject.cpp:64]   --->   Operation 83 'extractvalue' 'layer6_out_5_V' <Predicate = true> <Delay = 0.00>
ST_22 : Operation 84 [1/1] (0.00ns)   --->   "%layer6_out_6_V = extractvalue { i35, i35, i35, i35, i35, i35, i35, i35 } %call_ret4, 6" [firmware/nnet_utils/nnet_dense.h:54->firmware/nnet_utils/nnet_dense.h:45->firmware/myproject.cpp:64]   --->   Operation 84 'extractvalue' 'layer6_out_6_V' <Predicate = true> <Delay = 0.00>
ST_22 : Operation 85 [1/1] (0.00ns)   --->   "%layer6_out_7_V = extractvalue { i35, i35, i35, i35, i35, i35, i35, i35 } %call_ret4, 7" [firmware/nnet_utils/nnet_dense.h:54->firmware/nnet_utils/nnet_dense.h:45->firmware/myproject.cpp:64]   --->   Operation 85 'extractvalue' 'layer6_out_7_V' <Predicate = true> <Delay = 0.00>

State 23 <SV = 22> <Delay = 3.30>
ST_23 : Operation 86 [1/1] (3.30ns)   --->   "%call_ret5 = call fastcc { i16, i16, i16, i16, i16, i16, i16, i16 } @"relu<ap_fixed<35, 15, 5, 3, 0>, ap_fixed<16, 6, 5, 3, 0>, relu_config7>"(i35 %layer6_out_0_V, i35 %layer6_out_1_V, i35 %layer6_out_2_V, i35 %layer6_out_3_V, i35 %layer6_out_4_V, i35 %layer6_out_5_V, i35 %layer6_out_6_V, i35 %layer6_out_7_V)" [firmware/myproject.cpp:66]   --->   Operation 86 'call' 'call_ret5' <Predicate = true> <Delay = 3.30> <CoreType = "Generic">   --->   Core 0 '' <Latency = 0> <II = 1> <Delay = 1.00> <Generic> <Opcode : >
ST_23 : Operation 87 [1/1] (0.00ns)   --->   "%layer7_out_0_V = extractvalue { i16, i16, i16, i16, i16, i16, i16, i16 } %call_ret5, 0" [firmware/myproject.cpp:66]   --->   Operation 87 'extractvalue' 'layer7_out_0_V' <Predicate = true> <Delay = 0.00>
ST_23 : Operation 88 [1/1] (0.00ns)   --->   "%layer7_out_1_V = extractvalue { i16, i16, i16, i16, i16, i16, i16, i16 } %call_ret5, 1" [firmware/myproject.cpp:66]   --->   Operation 88 'extractvalue' 'layer7_out_1_V' <Predicate = true> <Delay = 0.00>
ST_23 : Operation 89 [1/1] (0.00ns)   --->   "%layer7_out_2_V = extractvalue { i16, i16, i16, i16, i16, i16, i16, i16 } %call_ret5, 2" [firmware/myproject.cpp:66]   --->   Operation 89 'extractvalue' 'layer7_out_2_V' <Predicate = true> <Delay = 0.00>
ST_23 : Operation 90 [1/1] (0.00ns)   --->   "%layer7_out_3_V = extractvalue { i16, i16, i16, i16, i16, i16, i16, i16 } %call_ret5, 3" [firmware/myproject.cpp:66]   --->   Operation 90 'extractvalue' 'layer7_out_3_V' <Predicate = true> <Delay = 0.00>
ST_23 : Operation 91 [1/1] (0.00ns)   --->   "%layer7_out_4_V = extractvalue { i16, i16, i16, i16, i16, i16, i16, i16 } %call_ret5, 4" [firmware/myproject.cpp:66]   --->   Operation 91 'extractvalue' 'layer7_out_4_V' <Predicate = true> <Delay = 0.00>
ST_23 : Operation 92 [1/1] (0.00ns)   --->   "%layer7_out_5_V = extractvalue { i16, i16, i16, i16, i16, i16, i16, i16 } %call_ret5, 5" [firmware/myproject.cpp:66]   --->   Operation 92 'extractvalue' 'layer7_out_5_V' <Predicate = true> <Delay = 0.00>
ST_23 : Operation 93 [1/1] (0.00ns)   --->   "%layer7_out_6_V = extractvalue { i16, i16, i16, i16, i16, i16, i16, i16 } %call_ret5, 6" [firmware/myproject.cpp:66]   --->   Operation 93 'extractvalue' 'layer7_out_6_V' <Predicate = true> <Delay = 0.00>
ST_23 : Operation 94 [1/1] (0.00ns)   --->   "%layer7_out_7_V = extractvalue { i16, i16, i16, i16, i16, i16, i16, i16 } %call_ret5, 7" [firmware/myproject.cpp:66]   --->   Operation 94 'extractvalue' 'layer7_out_7_V' <Predicate = true> <Delay = 0.00>

State 24 <SV = 23> <Delay = 4.16>
ST_24 : Operation 95 [7/7] (4.16ns)   --->   "%call_ret6 = call fastcc { i36, i36, i36, i36, i36, i36, i36, i36, i36, i36, i36, i36, i36, i36 } @"dense_latency<ap_fixed,ap_fixed,config8>.0.0.0.0.0.0.0.0.0.0.0.0.0.0.0"(i16 %layer7_out_0_V, i16 %layer7_out_1_V, i16 %layer7_out_2_V, i16 %layer7_out_3_V, i16 %layer7_out_4_V, i16 %layer7_out_5_V, i16 %layer7_out_6_V, i16 %layer7_out_7_V)" [firmware/nnet_utils/nnet_dense.h:54->firmware/nnet_utils/nnet_dense.h:45->firmware/myproject.cpp:68]   --->   Operation 95 'call' 'call_ret6' <Predicate = true> <Delay = 4.16> <CoreType = "Generic">   --->   Core 0 '' <Latency = 0> <II = 1> <Delay = 1.00> <Generic> <Opcode : >

State 25 <SV = 24> <Delay = 4.16>
ST_25 : Operation 96 [6/7] (4.16ns)   --->   "%call_ret6 = call fastcc { i36, i36, i36, i36, i36, i36, i36, i36, i36, i36, i36, i36, i36, i36 } @"dense_latency<ap_fixed,ap_fixed,config8>.0.0.0.0.0.0.0.0.0.0.0.0.0.0.0"(i16 %layer7_out_0_V, i16 %layer7_out_1_V, i16 %layer7_out_2_V, i16 %layer7_out_3_V, i16 %layer7_out_4_V, i16 %layer7_out_5_V, i16 %layer7_out_6_V, i16 %layer7_out_7_V)" [firmware/nnet_utils/nnet_dense.h:54->firmware/nnet_utils/nnet_dense.h:45->firmware/myproject.cpp:68]   --->   Operation 96 'call' 'call_ret6' <Predicate = true> <Delay = 4.16> <CoreType = "Generic">   --->   Core 0 '' <Latency = 0> <II = 1> <Delay = 1.00> <Generic> <Opcode : >

State 26 <SV = 25> <Delay = 4.16>
ST_26 : Operation 97 [5/7] (4.16ns)   --->   "%call_ret6 = call fastcc { i36, i36, i36, i36, i36, i36, i36, i36, i36, i36, i36, i36, i36, i36 } @"dense_latency<ap_fixed,ap_fixed,config8>.0.0.0.0.0.0.0.0.0.0.0.0.0.0.0"(i16 %layer7_out_0_V, i16 %layer7_out_1_V, i16 %layer7_out_2_V, i16 %layer7_out_3_V, i16 %layer7_out_4_V, i16 %layer7_out_5_V, i16 %layer7_out_6_V, i16 %layer7_out_7_V)" [firmware/nnet_utils/nnet_dense.h:54->firmware/nnet_utils/nnet_dense.h:45->firmware/myproject.cpp:68]   --->   Operation 97 'call' 'call_ret6' <Predicate = true> <Delay = 4.16> <CoreType = "Generic">   --->   Core 0 '' <Latency = 0> <II = 1> <Delay = 1.00> <Generic> <Opcode : >

State 27 <SV = 26> <Delay = 4.16>
ST_27 : Operation 98 [4/7] (4.16ns)   --->   "%call_ret6 = call fastcc { i36, i36, i36, i36, i36, i36, i36, i36, i36, i36, i36, i36, i36, i36 } @"dense_latency<ap_fixed,ap_fixed,config8>.0.0.0.0.0.0.0.0.0.0.0.0.0.0.0"(i16 %layer7_out_0_V, i16 %layer7_out_1_V, i16 %layer7_out_2_V, i16 %layer7_out_3_V, i16 %layer7_out_4_V, i16 %layer7_out_5_V, i16 %layer7_out_6_V, i16 %layer7_out_7_V)" [firmware/nnet_utils/nnet_dense.h:54->firmware/nnet_utils/nnet_dense.h:45->firmware/myproject.cpp:68]   --->   Operation 98 'call' 'call_ret6' <Predicate = true> <Delay = 4.16> <CoreType = "Generic">   --->   Core 0 '' <Latency = 0> <II = 1> <Delay = 1.00> <Generic> <Opcode : >

State 28 <SV = 27> <Delay = 4.16>
ST_28 : Operation 99 [3/7] (4.16ns)   --->   "%call_ret6 = call fastcc { i36, i36, i36, i36, i36, i36, i36, i36, i36, i36, i36, i36, i36, i36 } @"dense_latency<ap_fixed,ap_fixed,config8>.0.0.0.0.0.0.0.0.0.0.0.0.0.0.0"(i16 %layer7_out_0_V, i16 %layer7_out_1_V, i16 %layer7_out_2_V, i16 %layer7_out_3_V, i16 %layer7_out_4_V, i16 %layer7_out_5_V, i16 %layer7_out_6_V, i16 %layer7_out_7_V)" [firmware/nnet_utils/nnet_dense.h:54->firmware/nnet_utils/nnet_dense.h:45->firmware/myproject.cpp:68]   --->   Operation 99 'call' 'call_ret6' <Predicate = true> <Delay = 4.16> <CoreType = "Generic">   --->   Core 0 '' <Latency = 0> <II = 1> <Delay = 1.00> <Generic> <Opcode : >

State 29 <SV = 28> <Delay = 4.16>
ST_29 : Operation 100 [2/7] (4.16ns)   --->   "%call_ret6 = call fastcc { i36, i36, i36, i36, i36, i36, i36, i36, i36, i36, i36, i36, i36, i36 } @"dense_latency<ap_fixed,ap_fixed,config8>.0.0.0.0.0.0.0.0.0.0.0.0.0.0.0"(i16 %layer7_out_0_V, i16 %layer7_out_1_V, i16 %layer7_out_2_V, i16 %layer7_out_3_V, i16 %layer7_out_4_V, i16 %layer7_out_5_V, i16 %layer7_out_6_V, i16 %layer7_out_7_V)" [firmware/nnet_utils/nnet_dense.h:54->firmware/nnet_utils/nnet_dense.h:45->firmware/myproject.cpp:68]   --->   Operation 100 'call' 'call_ret6' <Predicate = true> <Delay = 4.16> <CoreType = "Generic">   --->   Core 0 '' <Latency = 0> <II = 1> <Delay = 1.00> <Generic> <Opcode : >

State 30 <SV = 29> <Delay = 3.90>
ST_30 : Operation 101 [1/1] (0.00ns)   --->   "call void (...)* @_ssdm_op_SpecInterface(i224* %input_1_V, [7 x i8]* @p_str10, i32 0, i32 0, [1 x i8]* @p_str9, i32 0, i32 0, [1 x i8]* @p_str9, [1 x i8]* @p_str9, [1 x i8]* @p_str9, i32 0, i32 0, i32 0, i32 0, [1 x i8]* @p_str9, [1 x i8]* @p_str9) nounwind"   --->   Operation 101 'specinterface' <Predicate = true> <Delay = 0.00>
ST_30 : Operation 102 [1/1] (0.00ns)   --->   "call void (...)* @_ssdm_op_SpecInterface(i32 0, [7 x i8]* @p_str10, i32 0, i32 0, [1 x i8]* @p_str9, i32 0, i32 0, [1 x i8]* @p_str9, [1 x i8]* @p_str9, [1 x i8]* @p_str9, i32 0, i32 0, i32 0, i32 0, [1 x i8]* @p_str9, [1 x i8]* @p_str9)"   --->   Operation 102 'specinterface' <Predicate = true> <Delay = 0.00>
ST_30 : Operation 103 [1/1] (0.00ns)   --->   "call void (...)* @_ssdm_op_SpecPipeline(i32 -1, i32 1, i32 1, i32 0, [1 x i8]* @p_str9) nounwind" [firmware/myproject.cpp:16]   --->   Operation 103 'specpipeline' <Predicate = true> <Delay = 0.00>
ST_30 : Operation 104 [1/7] (3.90ns)   --->   "%call_ret6 = call fastcc { i36, i36, i36, i36, i36, i36, i36, i36, i36, i36, i36, i36, i36, i36 } @"dense_latency<ap_fixed,ap_fixed,config8>.0.0.0.0.0.0.0.0.0.0.0.0.0.0.0"(i16 %layer7_out_0_V, i16 %layer7_out_1_V, i16 %layer7_out_2_V, i16 %layer7_out_3_V, i16 %layer7_out_4_V, i16 %layer7_out_5_V, i16 %layer7_out_6_V, i16 %layer7_out_7_V)" [firmware/nnet_utils/nnet_dense.h:54->firmware/nnet_utils/nnet_dense.h:45->firmware/myproject.cpp:68]   --->   Operation 104 'call' 'call_ret6' <Predicate = true> <Delay = 3.90> <CoreType = "Generic">   --->   Core 0 '' <Latency = 0> <II = 1> <Delay = 1.00> <Generic> <Opcode : >
ST_30 : Operation 105 [1/1] (0.00ns)   --->   "ret { i36, i36, i36, i36, i36, i36, i36, i36, i36, i36, i36, i36, i36, i36 } %call_ret6" [firmware/myproject.cpp:70]   --->   Operation 105 'ret' <Predicate = true> <Delay = 0.00>


============================================================
+ Verbose Summary: Timing violations
============================================================
Target clock period: 5ns, clock uncertainty: 0.625ns.

 <State 1>: 4.1ns
The critical path consists of the following:
	wire read on port 'input_1_V' [5]  (0 ns)
	'call' operation ('call_ret') to 'dense_latency<ap_fixed,ap_fixed<37,17,5,3,0>,config2>.0.0.0.0.0.0.0.0.0' [6]  (4.1 ns)

 <State 2>: 4.33ns
The critical path consists of the following:
	'call' operation ('call_ret') to 'dense_latency<ap_fixed,ap_fixed<37,17,5,3,0>,config2>.0.0.0.0.0.0.0.0.0' [6]  (4.33 ns)

 <State 3>: 4.33ns
The critical path consists of the following:
	'call' operation ('call_ret') to 'dense_latency<ap_fixed,ap_fixed<37,17,5,3,0>,config2>.0.0.0.0.0.0.0.0.0' [6]  (4.33 ns)

 <State 4>: 4.33ns
The critical path consists of the following:
	'call' operation ('call_ret') to 'dense_latency<ap_fixed,ap_fixed<37,17,5,3,0>,config2>.0.0.0.0.0.0.0.0.0' [6]  (4.33 ns)

 <State 5>: 4.33ns
The critical path consists of the following:
	'call' operation ('call_ret') to 'dense_latency<ap_fixed,ap_fixed<37,17,5,3,0>,config2>.0.0.0.0.0.0.0.0.0' [6]  (4.33 ns)

 <State 6>: 4.33ns
The critical path consists of the following:
	'call' operation ('call_ret') to 'dense_latency<ap_fixed,ap_fixed<37,17,5,3,0>,config2>.0.0.0.0.0.0.0.0.0' [6]  (4.33 ns)

 <State 7>: 3.9ns
The critical path consists of the following:
	'call' operation ('call_ret') to 'dense_latency<ap_fixed,ap_fixed<37,17,5,3,0>,config2>.0.0.0.0.0.0.0.0.0' [6]  (3.9 ns)

 <State 8>: 3.32ns
The critical path consists of the following:
	'call' operation ('call_ret1', firmware/myproject.cpp:58) to 'relu<ap_fixed<37, 17, 5, 3, 0>, ap_fixed<16, 6, 5, 3, 0>, relu_config3>' [15]  (3.32 ns)

 <State 9>: 3.35ns
The critical path consists of the following:
	'call' operation ('call_ret2', firmware/nnet_utils/nnet_dense.h:54->firmware/nnet_utils/nnet_dense.h:45->firmware/myproject.cpp:60) to 'dense_latency<ap_fixed,ap_fixed<36,16,5,3,0>,config4>.0.0.0.0.0' [24]  (3.35 ns)

 <State 10>: 3.9ns
The critical path consists of the following:
	'call' operation ('call_ret2', firmware/nnet_utils/nnet_dense.h:54->firmware/nnet_utils/nnet_dense.h:45->firmware/myproject.cpp:60) to 'dense_latency<ap_fixed,ap_fixed<36,16,5,3,0>,config4>.0.0.0.0.0' [24]  (3.9 ns)

 <State 11>: 3.9ns
The critical path consists of the following:
	'call' operation ('call_ret2', firmware/nnet_utils/nnet_dense.h:54->firmware/nnet_utils/nnet_dense.h:45->firmware/myproject.cpp:60) to 'dense_latency<ap_fixed,ap_fixed<36,16,5,3,0>,config4>.0.0.0.0.0' [24]  (3.9 ns)

 <State 12>: 3.9ns
The critical path consists of the following:
	'call' operation ('call_ret2', firmware/nnet_utils/nnet_dense.h:54->firmware/nnet_utils/nnet_dense.h:45->firmware/myproject.cpp:60) to 'dense_latency<ap_fixed,ap_fixed<36,16,5,3,0>,config4>.0.0.0.0.0' [24]  (3.9 ns)

 <State 13>: 3.9ns
The critical path consists of the following:
	'call' operation ('call_ret2', firmware/nnet_utils/nnet_dense.h:54->firmware/nnet_utils/nnet_dense.h:45->firmware/myproject.cpp:60) to 'dense_latency<ap_fixed,ap_fixed<36,16,5,3,0>,config4>.0.0.0.0.0' [24]  (3.9 ns)

 <State 14>: 3.9ns
The critical path consists of the following:
	'call' operation ('call_ret2', firmware/nnet_utils/nnet_dense.h:54->firmware/nnet_utils/nnet_dense.h:45->firmware/myproject.cpp:60) to 'dense_latency<ap_fixed,ap_fixed<36,16,5,3,0>,config4>.0.0.0.0.0' [24]  (3.9 ns)

 <State 15>: 3.9ns
The critical path consists of the following:
	'call' operation ('call_ret2', firmware/nnet_utils/nnet_dense.h:54->firmware/nnet_utils/nnet_dense.h:45->firmware/myproject.cpp:60) to 'dense_latency<ap_fixed,ap_fixed<36,16,5,3,0>,config4>.0.0.0.0.0' [24]  (3.9 ns)

 <State 16>: 3.31ns
The critical path consists of the following:
	'call' operation ('call_ret3', firmware/myproject.cpp:62) to 'relu<ap_fixed<36, 16, 5, 3, 0>, ap_fixed<16, 6, 5, 3, 0>, relu_config5>' [29]  (3.31 ns)

 <State 17>: 3.35ns
The critical path consists of the following:
	'call' operation ('call_ret4', firmware/nnet_utils/nnet_dense.h:54->firmware/nnet_utils/nnet_dense.h:45->firmware/myproject.cpp:64) to 'dense_latency<ap_fixed,ap_fixed<35,15,5,3,0>,config6>.0.0.0.0.0.0.0.0.0' [34]  (3.35 ns)

 <State 18>: 4.17ns
The critical path consists of the following:
	'call' operation ('call_ret4', firmware/nnet_utils/nnet_dense.h:54->firmware/nnet_utils/nnet_dense.h:45->firmware/myproject.cpp:64) to 'dense_latency<ap_fixed,ap_fixed<35,15,5,3,0>,config6>.0.0.0.0.0.0.0.0.0' [34]  (4.17 ns)

 <State 19>: 4.17ns
The critical path consists of the following:
	'call' operation ('call_ret4', firmware/nnet_utils/nnet_dense.h:54->firmware/nnet_utils/nnet_dense.h:45->firmware/myproject.cpp:64) to 'dense_latency<ap_fixed,ap_fixed<35,15,5,3,0>,config6>.0.0.0.0.0.0.0.0.0' [34]  (4.17 ns)

 <State 20>: 4.17ns
The critical path consists of the following:
	'call' operation ('call_ret4', firmware/nnet_utils/nnet_dense.h:54->firmware/nnet_utils/nnet_dense.h:45->firmware/myproject.cpp:64) to 'dense_latency<ap_fixed,ap_fixed<35,15,5,3,0>,config6>.0.0.0.0.0.0.0.0.0' [34]  (4.17 ns)

 <State 21>: 4.17ns
The critical path consists of the following:
	'call' operation ('call_ret4', firmware/nnet_utils/nnet_dense.h:54->firmware/nnet_utils/nnet_dense.h:45->firmware/myproject.cpp:64) to 'dense_latency<ap_fixed,ap_fixed<35,15,5,3,0>,config6>.0.0.0.0.0.0.0.0.0' [34]  (4.17 ns)

 <State 22>: 3.9ns
The critical path consists of the following:
	'call' operation ('call_ret4', firmware/nnet_utils/nnet_dense.h:54->firmware/nnet_utils/nnet_dense.h:45->firmware/myproject.cpp:64) to 'dense_latency<ap_fixed,ap_fixed<35,15,5,3,0>,config6>.0.0.0.0.0.0.0.0.0' [34]  (3.9 ns)

 <State 23>: 3.3ns
The critical path consists of the following:
	'call' operation ('call_ret5', firmware/myproject.cpp:66) to 'relu<ap_fixed<35, 15, 5, 3, 0>, ap_fixed<16, 6, 5, 3, 0>, relu_config7>' [43]  (3.3 ns)

 <State 24>: 4.17ns
The critical path consists of the following:
	'call' operation ('call_ret6', firmware/nnet_utils/nnet_dense.h:54->firmware/nnet_utils/nnet_dense.h:45->firmware/myproject.cpp:68) to 'dense_latency<ap_fixed,ap_fixed,config8>.0.0.0.0.0.0.0.0.0.0.0.0.0.0.0' [52]  (4.17 ns)

 <State 25>: 4.17ns
The critical path consists of the following:
	'call' operation ('call_ret6', firmware/nnet_utils/nnet_dense.h:54->firmware/nnet_utils/nnet_dense.h:45->firmware/myproject.cpp:68) to 'dense_latency<ap_fixed,ap_fixed,config8>.0.0.0.0.0.0.0.0.0.0.0.0.0.0.0' [52]  (4.17 ns)

 <State 26>: 4.17ns
The critical path consists of the following:
	'call' operation ('call_ret6', firmware/nnet_utils/nnet_dense.h:54->firmware/nnet_utils/nnet_dense.h:45->firmware/myproject.cpp:68) to 'dense_latency<ap_fixed,ap_fixed,config8>.0.0.0.0.0.0.0.0.0.0.0.0.0.0.0' [52]  (4.17 ns)

 <State 27>: 4.17ns
The critical path consists of the following:
	'call' operation ('call_ret6', firmware/nnet_utils/nnet_dense.h:54->firmware/nnet_utils/nnet_dense.h:45->firmware/myproject.cpp:68) to 'dense_latency<ap_fixed,ap_fixed,config8>.0.0.0.0.0.0.0.0.0.0.0.0.0.0.0' [52]  (4.17 ns)

 <State 28>: 4.17ns
The critical path consists of the following:
	'call' operation ('call_ret6', firmware/nnet_utils/nnet_dense.h:54->firmware/nnet_utils/nnet_dense.h:45->firmware/myproject.cpp:68) to 'dense_latency<ap_fixed,ap_fixed,config8>.0.0.0.0.0.0.0.0.0.0.0.0.0.0.0' [52]  (4.17 ns)

 <State 29>: 4.17ns
The critical path consists of the following:
	'call' operation ('call_ret6', firmware/nnet_utils/nnet_dense.h:54->firmware/nnet_utils/nnet_dense.h:45->firmware/myproject.cpp:68) to 'dense_latency<ap_fixed,ap_fixed,config8>.0.0.0.0.0.0.0.0.0.0.0.0.0.0.0' [52]  (4.17 ns)

 <State 30>: 3.9ns
The critical path consists of the following:
	'call' operation ('call_ret6', firmware/nnet_utils/nnet_dense.h:54->firmware/nnet_utils/nnet_dense.h:45->firmware/myproject.cpp:68) to 'dense_latency<ap_fixed,ap_fixed,config8>.0.0.0.0.0.0.0.0.0.0.0.0.0.0.0' [52]  (3.9 ns)


============================================================
+ Verbose Summary: Binding
============================================================
N/A
* FSMD analyzer results:
  - Output states:
 - Input state : 
  - Chain level:
	State 1
	State 2
	State 3
	State 4
	State 5
	State 6
	State 7
	State 8
	State 9
	State 10
	State 11
	State 12
	State 13
	State 14
	State 15
	State 16
	State 17
	State 18
	State 19
	State 20
	State 21
	State 22
	State 23
	State 24
	State 25
	State 26
	State 27
	State 28
	State 29
	State 30


============================================================
+ Verbose Summary: Datapath Resource usage 
============================================================
N/A
