

================================================================
== Vivado HLS Report for 'relu_ap_fixed_36_16_5_3_0_ap_fixed_16_6_5_3_0_relu_config5_s'
================================================================
* Date:           Wed May 27 10:11:41 2026

* Version:        2020.1 (Build 2897737 on Wed May 27 20:21:37 MDT 2020)
* Project:        myproject_prj
* Solution:       solution1
* Product family: zynq
* Target device:  xc7z020-clg400-1


================================================================
== Performance Estimates
================================================================
+ Timing: 
    * Summary: 
    +--------+---------+----------+------------+
    |  Clock |  Target | Estimated| Uncertainty|
    +--------+---------+----------+------------+
    |ap_clk  | 5.00 ns | 3.308 ns |   0.62 ns  |
    +--------+---------+----------+------------+

+ Latency: 
    * Summary: 
    +---------+---------+----------+----------+-----+-----+----------+
    |  Latency (cycles) |  Latency (absolute) |  Interval | Pipeline |
    |   min   |   max   |    min   |    max   | min | max |   Type   |
    +---------+---------+----------+----------+-----+-----+----------+
    |        0|        0|   0 ns   |   0 ns   |    1|    1| function |
    +---------+---------+----------+----------+-----+-----+----------+

    + Detail: 
        * Instance: 
        N/A

        * Loop: 
        N/A

============================================================
+ Verbose Summary: Synthesis Manager
============================================================
InlineROM: 1
ExposeGlobal: 0
============================================================
+ Verbose Summary: CDFG Model
============================================================
IsTopModel: 0
ResetActiveHigh: 1
IsCombinational: 0
IsDatapathOnly: 0
HasWiredReturn: 1
HasMFsm: 2
HasVarLatency: 0
IsPipeline: 1
IsRtlPipelined: 0
IsInstanceOverlapped: 0
IsDontTouch: 0
HasImplIP: 0
IsGatedGlobalClock: 0

+ Individual pipeline summary: 
  * Pipeline-0: initiation interval (II) = 1, depth = 1


============================================================
+ Verbose Summary: Schedule
============================================================
* Number of FSM states : 1
* Pipeline : 1
  Pipeline-0 : II = 1, D = 1, States = { 1 }
* Dataflow Pipeline: 0

* FSM state transitions: 
1 --> 

* FSM state operations: 

State 1 <SV = 0> <Delay = 3.30>
ST_1 : Operation 2 [1/1] (0.00ns)   --->   "%data_3_V_read_2 = call i36 @_ssdm_op_Read.ap_auto.i36(i36 %data_3_V_read)" [firmware/nnet_utils/nnet_activation.h:39]   --->   Operation 2 'read' 'data_3_V_read_2' <Predicate = true> <Delay = 0.00>
ST_1 : Operation 3 [1/1] (0.00ns)   --->   "%data_2_V_read_2 = call i36 @_ssdm_op_Read.ap_auto.i36(i36 %data_2_V_read)" [firmware/nnet_utils/nnet_activation.h:39]   --->   Operation 3 'read' 'data_2_V_read_2' <Predicate = true> <Delay = 0.00>
ST_1 : Operation 4 [1/1] (0.00ns)   --->   "%data_1_V_read_2 = call i36 @_ssdm_op_Read.ap_auto.i36(i36 %data_1_V_read)" [firmware/nnet_utils/nnet_activation.h:39]   --->   Operation 4 'read' 'data_1_V_read_2' <Predicate = true> <Delay = 0.00>
ST_1 : Operation 5 [1/1] (0.00ns)   --->   "%data_0_V_read_2 = call i36 @_ssdm_op_Read.ap_auto.i36(i36 %data_0_V_read)" [firmware/nnet_utils/nnet_activation.h:39]   --->   Operation 5 'read' 'data_0_V_read_2' <Predicate = true> <Delay = 0.00>
ST_1 : Operation 6 [1/1] (0.00ns)   --->   "call void (...)* @_ssdm_op_SpecPipeline(i32 -1, i32 1, i32 1, i32 0, [1 x i8]* @p_str9) nounwind" [firmware/nnet_utils/nnet_activation.h:40]   --->   Operation 6 'specpipeline' <Predicate = true> <Delay = 0.00>
ST_1 : Operation 7 [1/1] (2.50ns)   --->   "%icmp_ln1494 = icmp sgt i36 %data_0_V_read_2, 0" [firmware/nnet_utils/nnet_activation.h:45]   --->   Operation 7 'icmp' 'icmp_ln1494' <Predicate = true> <Delay = 2.50> <Core = "Cmp">   --->   Core 25 'Cmp' <Latency = 0> <II = 1> <Delay = 2.50> <FuncUnit> <Opcode : 'icmp'> <InPorts = 2> <OutPorts = 1>
ST_1 : Operation 8 [1/1] (0.00ns)   --->   "%trunc_ln = call i16 @_ssdm_op_PartSelect.i16.i36.i32.i32(i36 %data_0_V_read_2, i32 10, i32 25)" [firmware/nnet_utils/nnet_activation.h:46]   --->   Operation 8 'partselect' 'trunc_ln' <Predicate = (icmp_ln1494)> <Delay = 0.00>
ST_1 : Operation 9 [1/1] (0.80ns)   --->   "%select_ln1494 = select i1 %icmp_ln1494, i16 %trunc_ln, i16 0" [firmware/nnet_utils/nnet_activation.h:45]   --->   Operation 9 'select' 'select_ln1494' <Predicate = true> <Delay = 0.80> <Core = "Sel">   --->   Core 26 'Sel' <Latency = 0> <II = 1> <Delay = 0.80> <FuncUnit> <Opcode : 'select'> <InPorts = 3> <OutPorts = 1>
ST_1 : Operation 10 [1/1] (2.50ns)   --->   "%icmp_ln1494_1 = icmp sgt i36 %data_1_V_read_2, 0" [firmware/nnet_utils/nnet_activation.h:45]   --->   Operation 10 'icmp' 'icmp_ln1494_1' <Predicate = true> <Delay = 2.50> <Core = "Cmp">   --->   Core 25 'Cmp' <Latency = 0> <II = 1> <Delay = 2.50> <FuncUnit> <Opcode : 'icmp'> <InPorts = 2> <OutPorts = 1>
ST_1 : Operation 11 [1/1] (0.00ns)   --->   "%trunc_ln708_1 = call i16 @_ssdm_op_PartSelect.i16.i36.i32.i32(i36 %data_1_V_read_2, i32 10, i32 25)" [firmware/nnet_utils/nnet_activation.h:46]   --->   Operation 11 'partselect' 'trunc_ln708_1' <Predicate = (icmp_ln1494_1)> <Delay = 0.00>
ST_1 : Operation 12 [1/1] (0.80ns)   --->   "%select_ln1494_8 = select i1 %icmp_ln1494_1, i16 %trunc_ln708_1, i16 0" [firmware/nnet_utils/nnet_activation.h:45]   --->   Operation 12 'select' 'select_ln1494_8' <Predicate = true> <Delay = 0.80> <Core = "Sel">   --->   Core 26 'Sel' <Latency = 0> <II = 1> <Delay = 0.80> <FuncUnit> <Opcode : 'select'> <InPorts = 3> <OutPorts = 1>
ST_1 : Operation 13 [1/1] (2.50ns)   --->   "%icmp_ln1494_2 = icmp sgt i36 %data_2_V_read_2, 0" [firmware/nnet_utils/nnet_activation.h:45]   --->   Operation 13 'icmp' 'icmp_ln1494_2' <Predicate = true> <Delay = 2.50> <Core = "Cmp">   --->   Core 25 'Cmp' <Latency = 0> <II = 1> <Delay = 2.50> <FuncUnit> <Opcode : 'icmp'> <InPorts = 2> <OutPorts = 1>
ST_1 : Operation 14 [1/1] (0.00ns)   --->   "%trunc_ln708_2 = call i16 @_ssdm_op_PartSelect.i16.i36.i32.i32(i36 %data_2_V_read_2, i32 10, i32 25)" [firmware/nnet_utils/nnet_activation.h:46]   --->   Operation 14 'partselect' 'trunc_ln708_2' <Predicate = (icmp_ln1494_2)> <Delay = 0.00>
ST_1 : Operation 15 [1/1] (0.80ns)   --->   "%select_ln1494_9 = select i1 %icmp_ln1494_2, i16 %trunc_ln708_2, i16 0" [firmware/nnet_utils/nnet_activation.h:45]   --->   Operation 15 'select' 'select_ln1494_9' <Predicate = true> <Delay = 0.80> <Core = "Sel">   --->   Core 26 'Sel' <Latency = 0> <II = 1> <Delay = 0.80> <FuncUnit> <Opcode : 'select'> <InPorts = 3> <OutPorts = 1>
ST_1 : Operation 16 [1/1] (2.50ns)   --->   "%icmp_ln1494_3 = icmp sgt i36 %data_3_V_read_2, 0" [firmware/nnet_utils/nnet_activation.h:45]   --->   Operation 16 'icmp' 'icmp_ln1494_3' <Predicate = true> <Delay = 2.50> <Core = "Cmp">   --->   Core 25 'Cmp' <Latency = 0> <II = 1> <Delay = 2.50> <FuncUnit> <Opcode : 'icmp'> <InPorts = 2> <OutPorts = 1>
ST_1 : Operation 17 [1/1] (0.00ns)   --->   "%trunc_ln708_3 = call i16 @_ssdm_op_PartSelect.i16.i36.i32.i32(i36 %data_3_V_read_2, i32 10, i32 25)" [firmware/nnet_utils/nnet_activation.h:46]   --->   Operation 17 'partselect' 'trunc_ln708_3' <Predicate = (icmp_ln1494_3)> <Delay = 0.00>
ST_1 : Operation 18 [1/1] (0.80ns)   --->   "%select_ln1494_10 = select i1 %icmp_ln1494_3, i16 %trunc_ln708_3, i16 0" [firmware/nnet_utils/nnet_activation.h:45]   --->   Operation 18 'select' 'select_ln1494_10' <Predicate = true> <Delay = 0.80> <Core = "Sel">   --->   Core 26 'Sel' <Latency = 0> <II = 1> <Delay = 0.80> <FuncUnit> <Opcode : 'select'> <InPorts = 3> <OutPorts = 1>
ST_1 : Operation 19 [1/1] (0.00ns)   --->   "%mrv = insertvalue { i16, i16, i16, i16 } undef, i16 %select_ln1494, 0" [firmware/nnet_utils/nnet_activation.h:50]   --->   Operation 19 'insertvalue' 'mrv' <Predicate = true> <Delay = 0.00>
ST_1 : Operation 20 [1/1] (0.00ns)   --->   "%mrv_1 = insertvalue { i16, i16, i16, i16 } %mrv, i16 %select_ln1494_8, 1" [firmware/nnet_utils/nnet_activation.h:50]   --->   Operation 20 'insertvalue' 'mrv_1' <Predicate = true> <Delay = 0.00>
ST_1 : Operation 21 [1/1] (0.00ns)   --->   "%mrv_2 = insertvalue { i16, i16, i16, i16 } %mrv_1, i16 %select_ln1494_9, 2" [firmware/nnet_utils/nnet_activation.h:50]   --->   Operation 21 'insertvalue' 'mrv_2' <Predicate = true> <Delay = 0.00>
ST_1 : Operation 22 [1/1] (0.00ns)   --->   "%mrv_3 = insertvalue { i16, i16, i16, i16 } %mrv_2, i16 %select_ln1494_10, 3" [firmware/nnet_utils/nnet_activation.h:50]   --->   Operation 22 'insertvalue' 'mrv_3' <Predicate = true> <Delay = 0.00>
ST_1 : Operation 23 [1/1] (0.00ns)   --->   "ret { i16, i16, i16, i16 } %mrv_3" [firmware/nnet_utils/nnet_activation.h:50]   --->   Operation 23 'ret' <Predicate = true> <Delay = 0.00>


============================================================
+ Verbose Summary: Binding
============================================================
STG Binding: 
---------------- STG Properties BEGIN ----------------
- Is combinational: 1
- Is one-state seq: 0
- Is datapath-only: 0
- Is pipelined: 1
- Is top level: 0
Port [ Return ] is wired: 1; IO mode=ap_ctrl_hs:ce=0
Port [ data_0_V_read]:  wired=1; compound=0; hidden=0; nouse=0; global=0; static=0; extern=0; dir=0; type=0; pingpong=0; private_global=0; IO mode=ap_none:ce=0
Port [ data_1_V_read]:  wired=1; compound=0; hidden=0; nouse=0; global=0; static=0; extern=0; dir=0; type=0; pingpong=0; private_global=0; IO mode=ap_none:ce=0
Port [ data_2_V_read]:  wired=1; compound=0; hidden=0; nouse=0; global=0; static=0; extern=0; dir=0; type=0; pingpong=0; private_global=0; IO mode=ap_none:ce=0
Port [ data_3_V_read]:  wired=1; compound=0; hidden=0; nouse=0; global=0; static=0; extern=0; dir=0; type=0; pingpong=0; private_global=0; IO mode=ap_none:ce=0
---------------- STG Properties END ------------------

---------------- Datapath Model BEGIN ----------------

<LifeTime>
<method=bitvector/>
data_3_V_read_2   (read        ) [ 00]
data_2_V_read_2   (read        ) [ 00]
data_1_V_read_2   (read        ) [ 00]
data_0_V_read_2   (read        ) [ 00]
specpipeline_ln40 (specpipeline) [ 00]
icmp_ln1494       (icmp        ) [ 01]
trunc_ln          (partselect  ) [ 00]
select_ln1494     (select      ) [ 00]
icmp_ln1494_1     (icmp        ) [ 01]
trunc_ln708_1     (partselect  ) [ 00]
select_ln1494_8   (select      ) [ 00]
icmp_ln1494_2     (icmp        ) [ 01]
trunc_ln708_2     (partselect  ) [ 00]
select_ln1494_9   (select      ) [ 00]
icmp_ln1494_3     (icmp        ) [ 01]
trunc_ln708_3     (partselect  ) [ 00]
select_ln1494_10  (select      ) [ 00]
mrv               (insertvalue ) [ 00]
mrv_1             (insertvalue ) [ 00]
mrv_2             (insertvalue ) [ 00]
mrv_3             (insertvalue ) [ 00]
ret_ln50          (ret         ) [ 00]
</LifeTime>

<model>

<comp_list>
<comp id="0" class="1000" name="data_0_V_read">
<pin_list>
<pin id="1" dir="1" index="0" bw="1" slack="0"/>
</pin_list>
<bind>
<StgValue><ssdm name="data_0_V_read"/></StgValue>
</bind>
</comp>

<comp id="2" class="1000" name="data_1_V_read">
<pin_list>
<pin id="3" dir="1" index="0" bw="1" slack="0"/>
</pin_list>
<bind>
<StgValue><ssdm name="data_1_V_read"/></StgValue>
</bind>
</comp>

<comp id="4" class="1000" name="data_2_V_read">
<pin_list>
<pin id="5" dir="1" index="0" bw="1" slack="0"/>
</pin_list>
<bind>
<StgValue><ssdm name="data_2_V_read"/></StgValue>
</bind>
</comp>

<comp id="6" class="1000" name="data_3_V_read">
<pin_list>
<pin id="7" dir="1" index="0" bw="1" slack="0"/>
</pin_list>
<bind>
<StgValue><ssdm name="data_3_V_read"/></StgValue>
</bind>
</comp>

<comp id="8" class="1001" name="const_8">
<pin_list>
<pin id="9" dir="1" index="0" bw="1" slack="0"/>
</pin_list>
<bind>
<StgValue><ssdm name="_ssdm_op_Read.ap_auto.i36"/></StgValue>
</bind>
</comp>

<comp id="10" class="1001" name="const_10">
<pin_list>
<pin id="11" dir="1" index="0" bw="1" slack="2147483647"/>
</pin_list>
<bind>
<StgValue><ssdm name="_ssdm_op_SpecPipeline"/></StgValue>
</bind>
</comp>

<comp id="12" class="1001" name="const_12">
<pin_list>
<pin id="13" dir="1" index="0" bw="1" slack="2147483647"/>
</pin_list>
<bind>
<StgValue><ssdm name=""/></StgValue>
</bind>
</comp>

<comp id="14" class="1001" name="const_14">
<pin_list>
<pin id="15" dir="1" index="0" bw="1" slack="2147483647"/>
</pin_list>
<bind>
<StgValue><ssdm name=""/></StgValue>
</bind>
</comp>

<comp id="16" class="1001" name="const_16">
<pin_list>
<pin id="17" dir="1" index="0" bw="1" slack="2147483647"/>
</pin_list>
<bind>
<StgValue><ssdm name=""/></StgValue>
</bind>
</comp>

<comp id="18" class="1001" name="const_18">
<pin_list>
<pin id="19" dir="1" index="0" bw="1" slack="2147483647"/>
</pin_list>
<bind>
<StgValue><ssdm name="p_str9"/></StgValue>
</bind>
</comp>

<comp id="20" class="1001" name="const_20">
<pin_list>
<pin id="21" dir="1" index="0" bw="1" slack="0"/>
</pin_list>
<bind>
<StgValue><ssdm name=""/></StgValue>
</bind>
</comp>

<comp id="22" class="1001" name="const_22">
<pin_list>
<pin id="23" dir="1" index="0" bw="1" slack="0"/>
</pin_list>
<bind>
<StgValue><ssdm name="_ssdm_op_PartSelect.i16.i36.i32.i32"/></StgValue>
</bind>
</comp>

<comp id="24" class="1001" name="const_24">
<pin_list>
<pin id="25" dir="1" index="0" bw="1" slack="0"/>
</pin_list>
<bind>
<StgValue><ssdm name=""/></StgValue>
</bind>
</comp>

<comp id="26" class="1001" name="const_26">
<pin_list>
<pin id="27" dir="1" index="0" bw="1" slack="0"/>
</pin_list>
<bind>
<StgValue><ssdm name=""/></StgValue>
</bind>
</comp>

<comp id="28" class="1001" name="const_28">
<pin_list>
<pin id="29" dir="1" index="0" bw="1" slack="0"/>
</pin_list>
<bind>
<StgValue><ssdm name=""/></StgValue>
</bind>
</comp>

<comp id="30" class="1001" name="const_30">
<pin_list>
<pin id="31" dir="1" index="0" bw="1" slack="0"/>
</pin_list>
<bind>
<StgValue><ssdm name=""/></StgValue>
</bind>
</comp>

<comp id="32" class="1004" name="data_3_V_read_2_read_fu_32">
<pin_list>
<pin id="33" dir="0" index="0" bw="36" slack="0"/>
<pin id="34" dir="0" index="1" bw="36" slack="0"/>
<pin id="35" dir="1" index="2" bw="36" slack="0"/>
</pin_list>
<bind>
<opcode="read(1150) " fcode="read"/>
<opset="data_3_V_read_2/1 "/>
</bind>
</comp>

<comp id="38" class="1004" name="data_2_V_read_2_read_fu_38">
<pin_list>
<pin id="39" dir="0" index="0" bw="36" slack="0"/>
<pin id="40" dir="0" index="1" bw="36" slack="0"/>
<pin id="41" dir="1" index="2" bw="36" slack="0"/>
</pin_list>
<bind>
<opcode="read(1150) " fcode="read"/>
<opset="data_2_V_read_2/1 "/>
</bind>
</comp>

<comp id="44" class="1004" name="data_1_V_read_2_read_fu_44">
<pin_list>
<pin id="45" dir="0" index="0" bw="36" slack="0"/>
<pin id="46" dir="0" index="1" bw="36" slack="0"/>
<pin id="47" dir="1" index="2" bw="36" slack="0"/>
</pin_list>
<bind>
<opcode="read(1150) " fcode="read"/>
<opset="data_1_V_read_2/1 "/>
</bind>
</comp>

<comp id="50" class="1004" name="data_0_V_read_2_read_fu_50">
<pin_list>
<pin id="51" dir="0" index="0" bw="36" slack="0"/>
<pin id="52" dir="0" index="1" bw="36" slack="0"/>
<pin id="53" dir="1" index="2" bw="36" slack="0"/>
</pin_list>
<bind>
<opcode="read(1150) " fcode="read"/>
<opset="data_0_V_read_2/1 "/>
</bind>
</comp>

<comp id="56" class="1004" name="icmp_ln1494_fu_56">
<pin_list>
<pin id="57" dir="0" index="0" bw="36" slack="0"/>
<pin id="58" dir="0" index="1" bw="1" slack="0"/>
<pin id="59" dir="1" index="2" bw="1" slack="0"/>
</pin_list>
<bind>
<opcode="icmp(45) " fcode="icmp"/>
<opset="icmp_ln1494/1 "/>
</bind>
</comp>

<comp id="62" class="1004" name="trunc_ln_fu_62">
<pin_list>
<pin id="63" dir="0" index="0" bw="16" slack="0"/>
<pin id="64" dir="0" index="1" bw="36" slack="0"/>
<pin id="65" dir="0" index="2" bw="5" slack="0"/>
<pin id="66" dir="0" index="3" bw="6" slack="0"/>
<pin id="67" dir="1" index="4" bw="16" slack="0"/>
</pin_list>
<bind>
<opcode="partselect(1002) " fcode="partselect"/>
<opset="trunc_ln/1 "/>
</bind>
</comp>

<comp id="72" class="1004" name="select_ln1494_fu_72">
<pin_list>
<pin id="73" dir="0" index="0" bw="1" slack="0"/>
<pin id="74" dir="0" index="1" bw="16" slack="0"/>
<pin id="75" dir="0" index="2" bw="1" slack="0"/>
<pin id="76" dir="1" index="3" bw="16" slack="0"/>
</pin_list>
<bind>
<opcode="select(49) " fcode="select"/>
<opset="select_ln1494/1 "/>
</bind>
</comp>

<comp id="80" class="1004" name="icmp_ln1494_1_fu_80">
<pin_list>
<pin id="81" dir="0" index="0" bw="36" slack="0"/>
<pin id="82" dir="0" index="1" bw="1" slack="0"/>
<pin id="83" dir="1" index="2" bw="1" slack="0"/>
</pin_list>
<bind>
<opcode="icmp(45) " fcode="icmp"/>
<opset="icmp_ln1494_1/1 "/>
</bind>
</comp>

<comp id="86" class="1004" name="trunc_ln708_1_fu_86">
<pin_list>
<pin id="87" dir="0" index="0" bw="16" slack="0"/>
<pin id="88" dir="0" index="1" bw="36" slack="0"/>
<pin id="89" dir="0" index="2" bw="5" slack="0"/>
<pin id="90" dir="0" index="3" bw="6" slack="0"/>
<pin id="91" dir="1" index="4" bw="16" slack="0"/>
</pin_list>
<bind>
<opcode="partselect(1002) " fcode="partselect"/>
<opset="trunc_ln708_1/1 "/>
</bind>
</comp>

<comp id="96" class="1004" name="select_ln1494_8_fu_96">
<pin_list>
<pin id="97" dir="0" index="0" bw="1" slack="0"/>
<pin id="98" dir="0" index="1" bw="16" slack="0"/>
<pin id="99" dir="0" index="2" bw="1" slack="0"/>
<pin id="100" dir="1" index="3" bw="16" slack="0"/>
</pin_list>
<bind>
<opcode="select(49) " fcode="select"/>
<opset="select_ln1494_8/1 "/>
</bind>
</comp>

<comp id="104" class="1004" name="icmp_ln1494_2_fu_104">
<pin_list>
<pin id="105" dir="0" index="0" bw="36" slack="0"/>
<pin id="106" dir="0" index="1" bw="1" slack="0"/>
<pin id="107" dir="1" index="2" bw="1" slack="0"/>
</pin_list>
<bind>
<opcode="icmp(45) " fcode="icmp"/>
<opset="icmp_ln1494_2/1 "/>
</bind>
</comp>

<comp id="110" class="1004" name="trunc_ln708_2_fu_110">
<pin_list>
<pin id="111" dir="0" index="0" bw="16" slack="0"/>
<pin id="112" dir="0" index="1" bw="36" slack="0"/>
<pin id="113" dir="0" index="2" bw="5" slack="0"/>
<pin id="114" dir="0" index="3" bw="6" slack="0"/>
<pin id="115" dir="1" index="4" bw="16" slack="0"/>
</pin_list>
<bind>
<opcode="partselect(1002) " fcode="partselect"/>
<opset="trunc_ln708_2/1 "/>
</bind>
</comp>

<comp id="120" class="1004" name="select_ln1494_9_fu_120">
<pin_list>
<pin id="121" dir="0" index="0" bw="1" slack="0"/>
<pin id="122" dir="0" index="1" bw="16" slack="0"/>
<pin id="123" dir="0" index="2" bw="1" slack="0"/>
<pin id="124" dir="1" index="3" bw="16" slack="0"/>
</pin_list>
<bind>
<opcode="select(49) " fcode="select"/>
<opset="select_ln1494_9/1 "/>
</bind>
</comp>

<comp id="128" class="1004" name="icmp_ln1494_3_fu_128">
<pin_list>
<pin id="129" dir="0" index="0" bw="36" slack="0"/>
<pin id="130" dir="0" index="1" bw="1" slack="0"/>
<pin id="131" dir="1" index="2" bw="1" slack="0"/>
</pin_list>
<bind>
<opcode="icmp(45) " fcode="icmp"/>
<opset="icmp_ln1494_3/1 "/>
</bind>
</comp>

<comp id="134" class="1004" name="trunc_ln708_3_fu_134">
<pin_list>
<pin id="135" dir="0" index="0" bw="16" slack="0"/>
<pin id="136" dir="0" index="1" bw="36" slack="0"/>
<pin id="137" dir="0" index="2" bw="5" slack="0"/>
<pin id="138" dir="0" index="3" bw="6" slack="0"/>
<pin id="139" dir="1" index="4" bw="16" slack="0"/>
</pin_list>
<bind>
<opcode="partselect(1002) " fcode="partselect"/>
<opset="trunc_ln708_3/1 "/>
</bind>
</comp>

<comp id="144" class="1004" name="select_ln1494_10_fu_144">
<pin_list>
<pin id="145" dir="0" index="0" bw="1" slack="0"/>
<pin id="146" dir="0" index="1" bw="16" slack="0"/>
<pin id="147" dir="0" index="2" bw="1" slack="0"/>
<pin id="148" dir="1" index="3" bw="16" slack="0"/>
</pin_list>
<bind>
<opcode="select(49) " fcode="select"/>
<opset="select_ln1494_10/1 "/>
</bind>
</comp>

<comp id="152" class="1004" name="mrv_fu_152">
<pin_list>
<pin id="153" dir="0" index="0" bw="64" slack="0"/>
<pin id="154" dir="0" index="1" bw="16" slack="0"/>
<pin id="155" dir="1" index="2" bw="64" slack="0"/>
</pin_list>
<bind>
<opcode="insertvalue(57) " fcode="insertvalue"/>
<opset="mrv/1 "/>
</bind>
</comp>

<comp id="158" class="1004" name="mrv_1_fu_158">
<pin_list>
<pin id="159" dir="0" index="0" bw="64" slack="0"/>
<pin id="160" dir="0" index="1" bw="16" slack="0"/>
<pin id="161" dir="1" index="2" bw="64" slack="0"/>
</pin_list>
<bind>
<opcode="insertvalue(57) " fcode="insertvalue"/>
<opset="mrv_1/1 "/>
</bind>
</comp>

<comp id="164" class="1004" name="mrv_2_fu_164">
<pin_list>
<pin id="165" dir="0" index="0" bw="64" slack="0"/>
<pin id="166" dir="0" index="1" bw="16" slack="0"/>
<pin id="167" dir="1" index="2" bw="64" slack="0"/>
</pin_list>
<bind>
<opcode="insertvalue(57) " fcode="insertvalue"/>
<opset="mrv_2/1 "/>
</bind>
</comp>

<comp id="170" class="1004" name="mrv_3_fu_170">
<pin_list>
<pin id="171" dir="0" index="0" bw="64" slack="0"/>
<pin id="172" dir="0" index="1" bw="16" slack="0"/>
<pin id="173" dir="1" index="2" bw="64" slack="2147483647"/>
</pin_list>
<bind>
<opcode="insertvalue(57) " fcode="insertvalue"/>
<opset="mrv_3/1 "/>
</bind>
</comp>

</comp_list>

<net_list>
<net id="36"><net_src comp="8" pin="0"/><net_sink comp="32" pin=0"/></net>

<net id="37"><net_src comp="6" pin="0"/><net_sink comp="32" pin=1"/></net>

<net id="42"><net_src comp="8" pin="0"/><net_sink comp="38" pin=0"/></net>

<net id="43"><net_src comp="4" pin="0"/><net_sink comp="38" pin=1"/></net>

<net id="48"><net_src comp="8" pin="0"/><net_sink comp="44" pin=0"/></net>

<net id="49"><net_src comp="2" pin="0"/><net_sink comp="44" pin=1"/></net>

<net id="54"><net_src comp="8" pin="0"/><net_sink comp="50" pin=0"/></net>

<net id="55"><net_src comp="0" pin="0"/><net_sink comp="50" pin=1"/></net>

<net id="60"><net_src comp="50" pin="2"/><net_sink comp="56" pin=0"/></net>

<net id="61"><net_src comp="20" pin="0"/><net_sink comp="56" pin=1"/></net>

<net id="68"><net_src comp="22" pin="0"/><net_sink comp="62" pin=0"/></net>

<net id="69"><net_src comp="50" pin="2"/><net_sink comp="62" pin=1"/></net>

<net id="70"><net_src comp="24" pin="0"/><net_sink comp="62" pin=2"/></net>

<net id="71"><net_src comp="26" pin="0"/><net_sink comp="62" pin=3"/></net>

<net id="77"><net_src comp="56" pin="2"/><net_sink comp="72" pin=0"/></net>

<net id="78"><net_src comp="62" pin="4"/><net_sink comp="72" pin=1"/></net>

<net id="79"><net_src comp="28" pin="0"/><net_sink comp="72" pin=2"/></net>

<net id="84"><net_src comp="44" pin="2"/><net_sink comp="80" pin=0"/></net>

<net id="85"><net_src comp="20" pin="0"/><net_sink comp="80" pin=1"/></net>

<net id="92"><net_src comp="22" pin="0"/><net_sink comp="86" pin=0"/></net>

<net id="93"><net_src comp="44" pin="2"/><net_sink comp="86" pin=1"/></net>

<net id="94"><net_src comp="24" pin="0"/><net_sink comp="86" pin=2"/></net>

<net id="95"><net_src comp="26" pin="0"/><net_sink comp="86" pin=3"/></net>

<net id="101"><net_src comp="80" pin="2"/><net_sink comp="96" pin=0"/></net>

<net id="102"><net_src comp="86" pin="4"/><net_sink comp="96" pin=1"/></net>

<net id="103"><net_src comp="28" pin="0"/><net_sink comp="96" pin=2"/></net>

<net id="108"><net_src comp="38" pin="2"/><net_sink comp="104" pin=0"/></net>

<net id="109"><net_src comp="20" pin="0"/><net_sink comp="104" pin=1"/></net>

<net id="116"><net_src comp="22" pin="0"/><net_sink comp="110" pin=0"/></net>

<net id="117"><net_src comp="38" pin="2"/><net_sink comp="110" pin=1"/></net>

<net id="118"><net_src comp="24" pin="0"/><net_sink comp="110" pin=2"/></net>

<net id="119"><net_src comp="26" pin="0"/><net_sink comp="110" pin=3"/></net>

<net id="125"><net_src comp="104" pin="2"/><net_sink comp="120" pin=0"/></net>

<net id="126"><net_src comp="110" pin="4"/><net_sink comp="120" pin=1"/></net>

<net id="127"><net_src comp="28" pin="0"/><net_sink comp="120" pin=2"/></net>

<net id="132"><net_src comp="32" pin="2"/><net_sink comp="128" pin=0"/></net>

<net id="133"><net_src comp="20" pin="0"/><net_sink comp="128" pin=1"/></net>

<net id="140"><net_src comp="22" pin="0"/><net_sink comp="134" pin=0"/></net>

<net id="141"><net_src comp="32" pin="2"/><net_sink comp="134" pin=1"/></net>

<net id="142"><net_src comp="24" pin="0"/><net_sink comp="134" pin=2"/></net>

<net id="143"><net_src comp="26" pin="0"/><net_sink comp="134" pin=3"/></net>

<net id="149"><net_src comp="128" pin="2"/><net_sink comp="144" pin=0"/></net>

<net id="150"><net_src comp="134" pin="4"/><net_sink comp="144" pin=1"/></net>

<net id="151"><net_src comp="28" pin="0"/><net_sink comp="144" pin=2"/></net>

<net id="156"><net_src comp="30" pin="0"/><net_sink comp="152" pin=0"/></net>

<net id="157"><net_src comp="72" pin="3"/><net_sink comp="152" pin=1"/></net>

<net id="162"><net_src comp="152" pin="2"/><net_sink comp="158" pin=0"/></net>

<net id="163"><net_src comp="96" pin="3"/><net_sink comp="158" pin=1"/></net>

<net id="168"><net_src comp="158" pin="2"/><net_sink comp="164" pin=0"/></net>

<net id="169"><net_src comp="120" pin="3"/><net_sink comp="164" pin=1"/></net>

<net id="174"><net_src comp="164" pin="2"/><net_sink comp="170" pin=0"/></net>

<net id="175"><net_src comp="144" pin="3"/><net_sink comp="170" pin=1"/></net>

</net_list>

</model> 
---------------- Datapath Model END ------------------

* FSMD analyzer results:
  - Output states:
 - Input state : 
	Port: relu<ap_fixed<36, 16, 5, 3, 0>, ap_fixed<16, 6, 5, 3, 0>, relu_config5> : data_0_V_read | {1 }
	Port: relu<ap_fixed<36, 16, 5, 3, 0>, ap_fixed<16, 6, 5, 3, 0>, relu_config5> : data_1_V_read | {1 }
	Port: relu<ap_fixed<36, 16, 5, 3, 0>, ap_fixed<16, 6, 5, 3, 0>, relu_config5> : data_2_V_read | {1 }
	Port: relu<ap_fixed<36, 16, 5, 3, 0>, ap_fixed<16, 6, 5, 3, 0>, relu_config5> : data_3_V_read | {1 }
  - Chain level:
	State 1
		select_ln1494 : 1
		select_ln1494_8 : 1
		select_ln1494_9 : 1
		select_ln1494_10 : 1
		mrv : 2
		mrv_1 : 3
		mrv_2 : 4
		mrv_3 : 5
		ret_ln50 : 6


============================================================
+ Verbose Summary: Datapath Resource usage 
============================================================

* Functional unit list:
|----------|----------------------------|---------|---------|
| Operation|       Functional Unit      |    FF   |   LUT   |
|----------|----------------------------|---------|---------|
|          |      icmp_ln1494_fu_56     |    0    |    21   |
|   icmp   |     icmp_ln1494_1_fu_80    |    0    |    21   |
|          |    icmp_ln1494_2_fu_104    |    0    |    21   |
|          |    icmp_ln1494_3_fu_128    |    0    |    21   |
|----------|----------------------------|---------|---------|
|          |     select_ln1494_fu_72    |    0    |    16   |
|  select  |    select_ln1494_8_fu_96   |    0    |    16   |
|          |   select_ln1494_9_fu_120   |    0    |    16   |
|          |   select_ln1494_10_fu_144  |    0    |    16   |
|----------|----------------------------|---------|---------|
|          | data_3_V_read_2_read_fu_32 |    0    |    0    |
|   read   | data_2_V_read_2_read_fu_38 |    0    |    0    |
|          | data_1_V_read_2_read_fu_44 |    0    |    0    |
|          | data_0_V_read_2_read_fu_50 |    0    |    0    |
|----------|----------------------------|---------|---------|
|          |       trunc_ln_fu_62       |    0    |    0    |
|partselect|     trunc_ln708_1_fu_86    |    0    |    0    |
|          |    trunc_ln708_2_fu_110    |    0    |    0    |
|          |    trunc_ln708_3_fu_134    |    0    |    0    |
|----------|----------------------------|---------|---------|
|          |         mrv_fu_152         |    0    |    0    |
|insertvalue|        mrv_1_fu_158        |    0    |    0    |
|          |        mrv_2_fu_164        |    0    |    0    |
|          |        mrv_3_fu_170        |    0    |    0    |
|----------|----------------------------|---------|---------|
|   Total  |                            |    0    |   148   |
|----------|----------------------------|---------|---------|

Memories:
N/A

* Register list:
N/A

* Multiplexer (MUX) list: 
|--------|------|------|------|--------|
|  Comp  |  Pin | Size |  BW  | S x BW |
|--------|------|------|------|--------|
|  Total |      |      |      |    0   |
|--------|------|------|------|--------|



* Summary:
+-----------+--------+--------+
|           |   FF   |   LUT  |
+-----------+--------+--------+
|  Function |    0   |   148  |
|   Memory  |    -   |    -   |
|Multiplexer|    -   |    -   |
|  Register |    -   |    -   |
+-----------+--------+--------+
|   Total   |    0   |   148  |
+-----------+--------+--------+
