

================================================================
== Vivado HLS Report for 'relu_ap_fixed_35_15_5_3_0_ap_fixed_16_6_5_3_0_relu_config7_s'
================================================================
* Date:           Wed May 27 10:11:56 2026

* Version:        2020.1 (Build 2897737 on Wed May 27 20:21:37 MDT 2020)
* Project:        myproject_prj
* Solution:       solution1
* Product family: zynq
* Target device:  xc7z020-clg400-1


================================================================
== Performance Estimates
================================================================
+ Timing: 
    * Summary: 
    +--------+---------+----------+------------+
    |  Clock |  Target | Estimated| Uncertainty|
    +--------+---------+----------+------------+
    |ap_clk  | 5.00 ns | 3.300 ns |   0.62 ns  |
    +--------+---------+----------+------------+

+ Latency: 
    * Summary: 
    +---------+---------+----------+----------+-----+-----+----------+
    |  Latency (cycles) |  Latency (absolute) |  Interval | Pipeline |
    |   min   |   max   |    min   |    max   | min | max |   Type   |
    +---------+---------+----------+----------+-----+-----+----------+
    |        0|        0|   0 ns   |   0 ns   |    1|    1| function |
    +---------+---------+----------+----------+-----+-----+----------+

    + Detail: 
        * Instance: 
        N/A

        * Loop: 
        N/A



================================================================
== Utilization Estimates
================================================================
* Summary: 
+-----------------+---------+-------+--------+-------+-----+
|       Name      | BRAM_18K| DSP48E|   FF   |  LUT  | URAM|
+-----------------+---------+-------+--------+-------+-----+
|DSP              |        -|      -|       -|      -|    -|
|Expression       |        -|      -|       0|    296|    -|
|FIFO             |        -|      -|       -|      -|    -|
|Instance         |        -|      -|       -|      -|    -|
|Memory           |        -|      -|       -|      -|    -|
|Multiplexer      |        -|      -|       -|      -|    -|
|Register         |        -|      -|       -|      -|    -|
+-----------------+---------+-------+--------+-------+-----+
|Total            |        0|      0|       0|    296|    0|
+-----------------+---------+-------+--------+-------+-----+
|Available        |      280|    220|  106400|  53200|    0|
+-----------------+---------+-------+--------+-------+-----+
|Utilization (%)  |        0|      0|       0|   ~0  |    0|
+-----------------+---------+-------+--------+-------+-----+

+ Detail: 
    * Instance: 
    N/A

    * DSP48E: 
    N/A

    * Memory: 
    N/A

    * FIFO: 
    N/A

    * Expression: 
    +----------------------------+----------+-------+---+----+------------+------------+
    |        Variable Name       | Operation| DSP48E| FF| LUT| Bitwidth P0| Bitwidth P1|
    +----------------------------+----------+-------+---+----+------------+------------+
    |icmp_ln1494_1_fu_112_p2     |   icmp   |      0|  0|  21|          35|           1|
    |icmp_ln1494_2_fu_136_p2     |   icmp   |      0|  0|  21|          35|           1|
    |icmp_ln1494_3_fu_160_p2     |   icmp   |      0|  0|  21|          35|           1|
    |icmp_ln1494_4_fu_184_p2     |   icmp   |      0|  0|  21|          35|           1|
    |icmp_ln1494_5_fu_208_p2     |   icmp   |      0|  0|  21|          35|           1|
    |icmp_ln1494_6_fu_232_p2     |   icmp   |      0|  0|  21|          35|           1|
    |icmp_ln1494_7_fu_256_p2     |   icmp   |      0|  0|  21|          35|           1|
    |icmp_ln1494_fu_88_p2        |   icmp   |      0|  0|  21|          35|           1|
    |select_ln1494_11_fu_128_p3  |  select  |      0|  0|  16|           1|          16|
    |select_ln1494_12_fu_152_p3  |  select  |      0|  0|  16|           1|          16|
    |select_ln1494_13_fu_176_p3  |  select  |      0|  0|  16|           1|          16|
    |select_ln1494_14_fu_200_p3  |  select  |      0|  0|  16|           1|          16|
    |select_ln1494_15_fu_224_p3  |  select  |      0|  0|  16|           1|          16|
    |select_ln1494_16_fu_248_p3  |  select  |      0|  0|  16|           1|          16|
    |select_ln1494_17_fu_272_p3  |  select  |      0|  0|  16|           1|          16|
    |select_ln1494_fu_104_p3     |  select  |      0|  0|  16|           1|          16|
    +----------------------------+----------+-------+---+----+------------+------------+
    |Total                       |          |      0|  0| 296|         288|         136|
    +----------------------------+----------+-------+---+----+------------+------------+

    * Multiplexer: 
    N/A

    * Register: 
    N/A



================================================================
== Interface
================================================================
* Summary: 
+---------------+-----+-----+------------+-------------------------------------------------------------------------+--------------+
|   RTL Ports   | Dir | Bits|  Protocol  |                              Source Object                              |    C Type    |
+---------------+-----+-----+------------+-------------------------------------------------------------------------+--------------+
|ap_ready       | out |    1| ap_ctrl_hs | relu<ap_fixed<35, 15, 5, 3, 0>, ap_fixed<16, 6, 5, 3, 0>, relu_config7> | return value |
|ap_return_0    | out |   16| ap_ctrl_hs | relu<ap_fixed<35, 15, 5, 3, 0>, ap_fixed<16, 6, 5, 3, 0>, relu_config7> | return value |
|ap_return_1    | out |   16| ap_ctrl_hs | relu<ap_fixed<35, 15, 5, 3, 0>, ap_fixed<16, 6, 5, 3, 0>, relu_config7> | return value |
|ap_return_2    | out |   16| ap_ctrl_hs | relu<ap_fixed<35, 15, 5, 3, 0>, ap_fixed<16, 6, 5, 3, 0>, relu_config7> | return value |
|ap_return_3    | out |   16| ap_ctrl_hs | relu<ap_fixed<35, 15, 5, 3, 0>, ap_fixed<16, 6, 5, 3, 0>, relu_config7> | return value |
|ap_return_4    | out |   16| ap_ctrl_hs | relu<ap_fixed<35, 15, 5, 3, 0>, ap_fixed<16, 6, 5, 3, 0>, relu_config7> | return value |
|ap_return_5    | out |   16| ap_ctrl_hs | relu<ap_fixed<35, 15, 5, 3, 0>, ap_fixed<16, 6, 5, 3, 0>, relu_config7> | return value |
|ap_return_6    | out |   16| ap_ctrl_hs | relu<ap_fixed<35, 15, 5, 3, 0>, ap_fixed<16, 6, 5, 3, 0>, relu_config7> | return value |
|ap_return_7    | out |   16| ap_ctrl_hs | relu<ap_fixed<35, 15, 5, 3, 0>, ap_fixed<16, 6, 5, 3, 0>, relu_config7> | return value |
|data_0_V_read  |  in |   35|   ap_none  |                              data_0_V_read                              |    scalar    |
|data_1_V_read  |  in |   35|   ap_none  |                              data_1_V_read                              |    scalar    |
|data_2_V_read  |  in |   35|   ap_none  |                              data_2_V_read                              |    scalar    |
|data_3_V_read  |  in |   35|   ap_none  |                              data_3_V_read                              |    scalar    |
|data_4_V_read  |  in |   35|   ap_none  |                              data_4_V_read                              |    scalar    |
|data_5_V_read  |  in |   35|   ap_none  |                              data_5_V_read                              |    scalar    |
|data_6_V_read  |  in |   35|   ap_none  |                              data_6_V_read                              |    scalar    |
|data_7_V_read  |  in |   35|   ap_none  |                              data_7_V_read                              |    scalar    |
+---------------+-----+-----+------------+-------------------------------------------------------------------------+--------------+

============================================================
+ Verbose Summary: Synthesis Manager
============================================================
InlineROM: 1
ExposeGlobal: 0
============================================================
+ Verbose Summary: CDFG Model
============================================================
IsTopModel: 0
ResetActiveHigh: 1
IsCombinational: 1
IsDatapathOnly: 2
HasWiredReturn: 1
HasMFsm: 2
HasVarLatency: 0
IsPipeline: 1
IsRtlPipelined: 0
IsInstanceOverlapped: 0
IsDontTouch: 0
HasImplIP: 0
IsGatedGlobalClock: 0

+ Individual pipeline summary: 
  * Pipeline-0: initiation interval (II) = 1, depth = 1


============================================================
+ Verbose Summary: Schedule
============================================================
* Number of FSM states : 1
* Pipeline : 1
  Pipeline-0 : II = 1, D = 1, States = { 1 }
* Dataflow Pipeline: 0

* FSM state transitions: 
1 --> 

* FSM state operations: 

State 1 <SV = 0> <Delay = 3.30>
ST_1 : Operation 2 [1/1] (0.00ns)   --->   "%data_7_V_read_2 = call i35 @_ssdm_op_Read.ap_auto.i35(i35 %data_7_V_read)" [firmware/nnet_utils/nnet_activation.h:39]   --->   Operation 2 'read' 'data_7_V_read_2' <Predicate = true> <Delay = 0.00>
ST_1 : Operation 3 [1/1] (0.00ns)   --->   "%data_6_V_read_2 = call i35 @_ssdm_op_Read.ap_auto.i35(i35 %data_6_V_read)" [firmware/nnet_utils/nnet_activation.h:39]   --->   Operation 3 'read' 'data_6_V_read_2' <Predicate = true> <Delay = 0.00>
ST_1 : Operation 4 [1/1] (0.00ns)   --->   "%data_5_V_read_2 = call i35 @_ssdm_op_Read.ap_auto.i35(i35 %data_5_V_read)" [firmware/nnet_utils/nnet_activation.h:39]   --->   Operation 4 'read' 'data_5_V_read_2' <Predicate = true> <Delay = 0.00>
ST_1 : Operation 5 [1/1] (0.00ns)   --->   "%data_4_V_read_2 = call i35 @_ssdm_op_Read.ap_auto.i35(i35 %data_4_V_read)" [firmware/nnet_utils/nnet_activation.h:39]   --->   Operation 5 'read' 'data_4_V_read_2' <Predicate = true> <Delay = 0.00>
ST_1 : Operation 6 [1/1] (0.00ns)   --->   "%data_3_V_read_3 = call i35 @_ssdm_op_Read.ap_auto.i35(i35 %data_3_V_read)" [firmware/nnet_utils/nnet_activation.h:39]   --->   Operation 6 'read' 'data_3_V_read_3' <Predicate = true> <Delay = 0.00>
ST_1 : Operation 7 [1/1] (0.00ns)   --->   "%data_2_V_read_3 = call i35 @_ssdm_op_Read.ap_auto.i35(i35 %data_2_V_read)" [firmware/nnet_utils/nnet_activation.h:39]   --->   Operation 7 'read' 'data_2_V_read_3' <Predicate = true> <Delay = 0.00>
ST_1 : Operation 8 [1/1] (0.00ns)   --->   "%data_1_V_read_3 = call i35 @_ssdm_op_Read.ap_auto.i35(i35 %data_1_V_read)" [firmware/nnet_utils/nnet_activation.h:39]   --->   Operation 8 'read' 'data_1_V_read_3' <Predicate = true> <Delay = 0.00>
ST_1 : Operation 9 [1/1] (0.00ns)   --->   "%data_0_V_read_3 = call i35 @_ssdm_op_Read.ap_auto.i35(i35 %data_0_V_read)" [firmware/nnet_utils/nnet_activation.h:39]   --->   Operation 9 'read' 'data_0_V_read_3' <Predicate = true> <Delay = 0.00>
ST_1 : Operation 10 [1/1] (0.00ns)   --->   "call void (...)* @_ssdm_op_SpecPipeline(i32 -1, i32 1, i32 1, i32 0, [1 x i8]* @p_str9) nounwind" [firmware/nnet_utils/nnet_activation.h:40]   --->   Operation 10 'specpipeline' <Predicate = true> <Delay = 0.00>
ST_1 : Operation 11 [1/1] (2.49ns)   --->   "%icmp_ln1494 = icmp sgt i35 %data_0_V_read_3, 0" [firmware/nnet_utils/nnet_activation.h:45]   --->   Operation 11 'icmp' 'icmp_ln1494' <Predicate = true> <Delay = 2.49> <Core = "Cmp">   --->   Core 25 'Cmp' <Latency = 0> <II = 1> <Delay = 2.49> <FuncUnit> <Opcode : 'icmp'> <InPorts = 2> <OutPorts = 1>
ST_1 : Operation 12 [1/1] (0.00ns)   --->   "%trunc_ln = call i16 @_ssdm_op_PartSelect.i16.i35.i32.i32(i35 %data_0_V_read_3, i32 10, i32 25)" [firmware/nnet_utils/nnet_activation.h:46]   --->   Operation 12 'partselect' 'trunc_ln' <Predicate = (icmp_ln1494)> <Delay = 0.00>
ST_1 : Operation 13 [1/1] (0.80ns)   --->   "%select_ln1494 = select i1 %icmp_ln1494, i16 %trunc_ln, i16 0" [firmware/nnet_utils/nnet_activation.h:45]   --->   Operation 13 'select' 'select_ln1494' <Predicate = true> <Delay = 0.80> <Core = "Sel">   --->   Core 26 'Sel' <Latency = 0> <II = 1> <Delay = 0.80> <FuncUnit> <Opcode : 'select'> <InPorts = 3> <OutPorts = 1>
ST_1 : Operation 14 [1/1] (2.49ns)   --->   "%icmp_ln1494_1 = icmp sgt i35 %data_1_V_read_3, 0" [firmware/nnet_utils/nnet_activation.h:45]   --->   Operation 14 'icmp' 'icmp_ln1494_1' <Predicate = true> <Delay = 2.49> <Core = "Cmp">   --->   Core 25 'Cmp' <Latency = 0> <II = 1> <Delay = 2.49> <FuncUnit> <Opcode : 'icmp'> <InPorts = 2> <OutPorts = 1>
ST_1 : Operation 15 [1/1] (0.00ns)   --->   "%trunc_ln708_1 = call i16 @_ssdm_op_PartSelect.i16.i35.i32.i32(i35 %data_1_V_read_3, i32 10, i32 25)" [firmware/nnet_utils/nnet_activation.h:46]   --->   Operation 15 'partselect' 'trunc_ln708_1' <Predicate = (icmp_ln1494_1)> <Delay = 0.00>
ST_1 : Operation 16 [1/1] (0.80ns)   --->   "%select_ln1494_11 = select i1 %icmp_ln1494_1, i16 %trunc_ln708_1, i16 0" [firmware/nnet_utils/nnet_activation.h:45]   --->   Operation 16 'select' 'select_ln1494_11' <Predicate = true> <Delay = 0.80> <Core = "Sel">   --->   Core 26 'Sel' <Latency = 0> <II = 1> <Delay = 0.80> <FuncUnit> <Opcode : 'select'> <InPorts = 3> <OutPorts = 1>
ST_1 : Operation 17 [1/1] (2.49ns)   --->   "%icmp_ln1494_2 = icmp sgt i35 %data_2_V_read_3, 0" [firmware/nnet_utils/nnet_activation.h:45]   --->   Operation 17 'icmp' 'icmp_ln1494_2' <Predicate = true> <Delay = 2.49> <Core = "Cmp">   --->   Core 25 'Cmp' <Latency = 0> <II = 1> <Delay = 2.49> <FuncUnit> <Opcode : 'icmp'> <InPorts = 2> <OutPorts = 1>
ST_1 : Operation 18 [1/1] (0.00ns)   --->   "%trunc_ln708_2 = call i16 @_ssdm_op_PartSelect.i16.i35.i32.i32(i35 %data_2_V_read_3, i32 10, i32 25)" [firmware/nnet_utils/nnet_activation.h:46]   --->   Operation 18 'partselect' 'trunc_ln708_2' <Predicate = (icmp_ln1494_2)> <Delay = 0.00>
ST_1 : Operation 19 [1/1] (0.80ns)   --->   "%select_ln1494_12 = select i1 %icmp_ln1494_2, i16 %trunc_ln708_2, i16 0" [firmware/nnet_utils/nnet_activation.h:45]   --->   Operation 19 'select' 'select_ln1494_12' <Predicate = true> <Delay = 0.80> <Core = "Sel">   --->   Core 26 'Sel' <Latency = 0> <II = 1> <Delay = 0.80> <FuncUnit> <Opcode : 'select'> <InPorts = 3> <OutPorts = 1>
ST_1 : Operation 20 [1/1] (2.49ns)   --->   "%icmp_ln1494_3 = icmp sgt i35 %data_3_V_read_3, 0" [firmware/nnet_utils/nnet_activation.h:45]   --->   Operation 20 'icmp' 'icmp_ln1494_3' <Predicate = true> <Delay = 2.49> <Core = "Cmp">   --->   Core 25 'Cmp' <Latency = 0> <II = 1> <Delay = 2.49> <FuncUnit> <Opcode : 'icmp'> <InPorts = 2> <OutPorts = 1>
ST_1 : Operation 21 [1/1] (0.00ns)   --->   "%trunc_ln708_3 = call i16 @_ssdm_op_PartSelect.i16.i35.i32.i32(i35 %data_3_V_read_3, i32 10, i32 25)" [firmware/nnet_utils/nnet_activation.h:46]   --->   Operation 21 'partselect' 'trunc_ln708_3' <Predicate = (icmp_ln1494_3)> <Delay = 0.00>
ST_1 : Operation 22 [1/1] (0.80ns)   --->   "%select_ln1494_13 = select i1 %icmp_ln1494_3, i16 %trunc_ln708_3, i16 0" [firmware/nnet_utils/nnet_activation.h:45]   --->   Operation 22 'select' 'select_ln1494_13' <Predicate = true> <Delay = 0.80> <Core = "Sel">   --->   Core 26 'Sel' <Latency = 0> <II = 1> <Delay = 0.80> <FuncUnit> <Opcode : 'select'> <InPorts = 3> <OutPorts = 1>
ST_1 : Operation 23 [1/1] (2.49ns)   --->   "%icmp_ln1494_4 = icmp sgt i35 %data_4_V_read_2, 0" [firmware/nnet_utils/nnet_activation.h:45]   --->   Operation 23 'icmp' 'icmp_ln1494_4' <Predicate = true> <Delay = 2.49> <Core = "Cmp">   --->   Core 25 'Cmp' <Latency = 0> <II = 1> <Delay = 2.49> <FuncUnit> <Opcode : 'icmp'> <InPorts = 2> <OutPorts = 1>
ST_1 : Operation 24 [1/1] (0.00ns)   --->   "%trunc_ln708_4 = call i16 @_ssdm_op_PartSelect.i16.i35.i32.i32(i35 %data_4_V_read_2, i32 10, i32 25)" [firmware/nnet_utils/nnet_activation.h:46]   --->   Operation 24 'partselect' 'trunc_ln708_4' <Predicate = (icmp_ln1494_4)> <Delay = 0.00>
ST_1 : Operation 25 [1/1] (0.80ns)   --->   "%select_ln1494_14 = select i1 %icmp_ln1494_4, i16 %trunc_ln708_4, i16 0" [firmware/nnet_utils/nnet_activation.h:45]   --->   Operation 25 'select' 'select_ln1494_14' <Predicate = true> <Delay = 0.80> <Core = "Sel">   --->   Core 26 'Sel' <Latency = 0> <II = 1> <Delay = 0.80> <FuncUnit> <Opcode : 'select'> <InPorts = 3> <OutPorts = 1>
ST_1 : Operation 26 [1/1] (2.49ns)   --->   "%icmp_ln1494_5 = icmp sgt i35 %data_5_V_read_2, 0" [firmware/nnet_utils/nnet_activation.h:45]   --->   Operation 26 'icmp' 'icmp_ln1494_5' <Predicate = true> <Delay = 2.49> <Core = "Cmp">   --->   Core 25 'Cmp' <Latency = 0> <II = 1> <Delay = 2.49> <FuncUnit> <Opcode : 'icmp'> <InPorts = 2> <OutPorts = 1>
ST_1 : Operation 27 [1/1] (0.00ns)   --->   "%trunc_ln708_5 = call i16 @_ssdm_op_PartSelect.i16.i35.i32.i32(i35 %data_5_V_read_2, i32 10, i32 25)" [firmware/nnet_utils/nnet_activation.h:46]   --->   Operation 27 'partselect' 'trunc_ln708_5' <Predicate = (icmp_ln1494_5)> <Delay = 0.00>
ST_1 : Operation 28 [1/1] (0.80ns)   --->   "%select_ln1494_15 = select i1 %icmp_ln1494_5, i16 %trunc_ln708_5, i16 0" [firmware/nnet_utils/nnet_activation.h:45]   --->   Operation 28 'select' 'select_ln1494_15' <Predicate = true> <Delay = 0.80> <Core = "Sel">   --->   Core 26 'Sel' <Latency = 0> <II = 1> <Delay = 0.80> <FuncUnit> <Opcode : 'select'> <InPorts = 3> <OutPorts = 1>
ST_1 : Operation 29 [1/1] (2.49ns)   --->   "%icmp_ln1494_6 = icmp sgt i35 %data_6_V_read_2, 0" [firmware/nnet_utils/nnet_activation.h:45]   --->   Operation 29 'icmp' 'icmp_ln1494_6' <Predicate = true> <Delay = 2.49> <Core = "Cmp">   --->   Core 25 'Cmp' <Latency = 0> <II = 1> <Delay = 2.49> <FuncUnit> <Opcode : 'icmp'> <InPorts = 2> <OutPorts = 1>
ST_1 : Operation 30 [1/1] (0.00ns)   --->   "%trunc_ln708_6 = call i16 @_ssdm_op_PartSelect.i16.i35.i32.i32(i35 %data_6_V_read_2, i32 10, i32 25)" [firmware/nnet_utils/nnet_activation.h:46]   --->   Operation 30 'partselect' 'trunc_ln708_6' <Predicate = (icmp_ln1494_6)> <Delay = 0.00>
ST_1 : Operation 31 [1/1] (0.80ns)   --->   "%select_ln1494_16 = select i1 %icmp_ln1494_6, i16 %trunc_ln708_6, i16 0" [firmware/nnet_utils/nnet_activation.h:45]   --->   Operation 31 'select' 'select_ln1494_16' <Predicate = true> <Delay = 0.80> <Core = "Sel">   --->   Core 26 'Sel' <Latency = 0> <II = 1> <Delay = 0.80> <FuncUnit> <Opcode : 'select'> <InPorts = 3> <OutPorts = 1>
ST_1 : Operation 32 [1/1] (2.49ns)   --->   "%icmp_ln1494_7 = icmp sgt i35 %data_7_V_read_2, 0" [firmware/nnet_utils/nnet_activation.h:45]   --->   Operation 32 'icmp' 'icmp_ln1494_7' <Predicate = true> <Delay = 2.49> <Core = "Cmp">   --->   Core 25 'Cmp' <Latency = 0> <II = 1> <Delay = 2.49> <FuncUnit> <Opcode : 'icmp'> <InPorts = 2> <OutPorts = 1>
ST_1 : Operation 33 [1/1] (0.00ns)   --->   "%trunc_ln708_7 = call i16 @_ssdm_op_PartSelect.i16.i35.i32.i32(i35 %data_7_V_read_2, i32 10, i32 25)" [firmware/nnet_utils/nnet_activation.h:46]   --->   Operation 33 'partselect' 'trunc_ln708_7' <Predicate = (icmp_ln1494_7)> <Delay = 0.00>
ST_1 : Operation 34 [1/1] (0.80ns)   --->   "%select_ln1494_17 = select i1 %icmp_ln1494_7, i16 %trunc_ln708_7, i16 0" [firmware/nnet_utils/nnet_activation.h:45]   --->   Operation 34 'select' 'select_ln1494_17' <Predicate = true> <Delay = 0.80> <Core = "Sel">   --->   Core 26 'Sel' <Latency = 0> <II = 1> <Delay = 0.80> <FuncUnit> <Opcode : 'select'> <InPorts = 3> <OutPorts = 1>
ST_1 : Operation 35 [1/1] (0.00ns)   --->   "%mrv = insertvalue { i16, i16, i16, i16, i16, i16, i16, i16 } undef, i16 %select_ln1494, 0" [firmware/nnet_utils/nnet_activation.h:50]   --->   Operation 35 'insertvalue' 'mrv' <Predicate = true> <Delay = 0.00>
ST_1 : Operation 36 [1/1] (0.00ns)   --->   "%mrv_1 = insertvalue { i16, i16, i16, i16, i16, i16, i16, i16 } %mrv, i16 %select_ln1494_11, 1" [firmware/nnet_utils/nnet_activation.h:50]   --->   Operation 36 'insertvalue' 'mrv_1' <Predicate = true> <Delay = 0.00>
ST_1 : Operation 37 [1/1] (0.00ns)   --->   "%mrv_2 = insertvalue { i16, i16, i16, i16, i16, i16, i16, i16 } %mrv_1, i16 %select_ln1494_12, 2" [firmware/nnet_utils/nnet_activation.h:50]   --->   Operation 37 'insertvalue' 'mrv_2' <Predicate = true> <Delay = 0.00>
ST_1 : Operation 38 [1/1] (0.00ns)   --->   "%mrv_3 = insertvalue { i16, i16, i16, i16, i16, i16, i16, i16 } %mrv_2, i16 %select_ln1494_13, 3" [firmware/nnet_utils/nnet_activation.h:50]   --->   Operation 38 'insertvalue' 'mrv_3' <Predicate = true> <Delay = 0.00>
ST_1 : Operation 39 [1/1] (0.00ns)   --->   "%mrv_4 = insertvalue { i16, i16, i16, i16, i16, i16, i16, i16 } %mrv_3, i16 %select_ln1494_14, 4" [firmware/nnet_utils/nnet_activation.h:50]   --->   Operation 39 'insertvalue' 'mrv_4' <Predicate = true> <Delay = 0.00>
ST_1 : Operation 40 [1/1] (0.00ns)   --->   "%mrv_5 = insertvalue { i16, i16, i16, i16, i16, i16, i16, i16 } %mrv_4, i16 %select_ln1494_15, 5" [firmware/nnet_utils/nnet_activation.h:50]   --->   Operation 40 'insertvalue' 'mrv_5' <Predicate = true> <Delay = 0.00>
ST_1 : Operation 41 [1/1] (0.00ns)   --->   "%mrv_6 = insertvalue { i16, i16, i16, i16, i16, i16, i16, i16 } %mrv_5, i16 %select_ln1494_16, 6" [firmware/nnet_utils/nnet_activation.h:50]   --->   Operation 41 'insertvalue' 'mrv_6' <Predicate = true> <Delay = 0.00>
ST_1 : Operation 42 [1/1] (0.00ns)   --->   "%mrv_7 = insertvalue { i16, i16, i16, i16, i16, i16, i16, i16 } %mrv_6, i16 %select_ln1494_17, 7" [firmware/nnet_utils/nnet_activation.h:50]   --->   Operation 42 'insertvalue' 'mrv_7' <Predicate = true> <Delay = 0.00>
ST_1 : Operation 43 [1/1] (0.00ns)   --->   "ret { i16, i16, i16, i16, i16, i16, i16, i16 } %mrv_7" [firmware/nnet_utils/nnet_activation.h:50]   --->   Operation 43 'ret' <Predicate = true> <Delay = 0.00>


============================================================
+ Verbose Summary: Binding
============================================================
STG Binding: 
---------------- STG Properties BEGIN ----------------
- Is combinational: 1
- Is one-state seq: 0
- Is datapath-only: 0
- Is pipelined: 1
- Is top level: 0
Port [ Return ] is wired: 1; IO mode=ap_ctrl_hs:ce=0
Port [ data_0_V_read]:  wired=1; compound=0; hidden=0; nouse=0; global=0; static=0; extern=0; dir=0; type=0; pingpong=0; private_global=0; IO mode=ap_none:ce=0
Port [ data_1_V_read]:  wired=1; compound=0; hidden=0; nouse=0; global=0; static=0; extern=0; dir=0; type=0; pingpong=0; private_global=0; IO mode=ap_none:ce=0
Port [ data_2_V_read]:  wired=1; compound=0; hidden=0; nouse=0; global=0; static=0; extern=0; dir=0; type=0; pingpong=0; private_global=0; IO mode=ap_none:ce=0
Port [ data_3_V_read]:  wired=1; compound=0; hidden=0; nouse=0; global=0; static=0; extern=0; dir=0; type=0; pingpong=0; private_global=0; IO mode=ap_none:ce=0
Port [ data_4_V_read]:  wired=1; compound=0; hidden=0; nouse=0; global=0; static=0; extern=0; dir=0; type=0; pingpong=0; private_global=0; IO mode=ap_none:ce=0
Port [ data_5_V_read]:  wired=1; compound=0; hidden=0; nouse=0; global=0; static=0; extern=0; dir=0; type=0; pingpong=0; private_global=0; IO mode=ap_none:ce=0
Port [ data_6_V_read]:  wired=1; compound=0; hidden=0; nouse=0; global=0; static=0; extern=0; dir=0; type=0; pingpong=0; private_global=0; IO mode=ap_none:ce=0
Port [ data_7_V_read]:  wired=1; compound=0; hidden=0; nouse=0; global=0; static=0; extern=0; dir=0; type=0; pingpong=0; private_global=0; IO mode=ap_none:ce=0
---------------- STG Properties END ------------------

---------------- Datapath Model BEGIN ----------------

<LifeTime>
<method=bitvector/>
data_7_V_read_2   (read        ) [ 00]
data_6_V_read_2   (read        ) [ 00]
data_5_V_read_2   (read        ) [ 00]
data_4_V_read_2   (read        ) [ 00]
data_3_V_read_3   (read        ) [ 00]
data_2_V_read_3   (read        ) [ 00]
data_1_V_read_3   (read        ) [ 00]
data_0_V_read_3   (read        ) [ 00]
specpipeline_ln40 (specpipeline) [ 00]
icmp_ln1494       (icmp        ) [ 01]
trunc_ln          (partselect  ) [ 00]
select_ln1494     (select      ) [ 00]
icmp_ln1494_1     (icmp        ) [ 01]
trunc_ln708_1     (partselect  ) [ 00]
select_ln1494_11  (select      ) [ 00]
icmp_ln1494_2     (icmp        ) [ 01]
trunc_ln708_2     (partselect  ) [ 00]
select_ln1494_12  (select      ) [ 00]
icmp_ln1494_3     (icmp        ) [ 01]
trunc_ln708_3     (partselect  ) [ 00]
select_ln1494_13  (select      ) [ 00]
icmp_ln1494_4     (icmp        ) [ 01]
trunc_ln708_4     (partselect  ) [ 00]
select_ln1494_14  (select      ) [ 00]
icmp_ln1494_5     (icmp        ) [ 01]
trunc_ln708_5     (partselect  ) [ 00]
select_ln1494_15  (select      ) [ 00]
icmp_ln1494_6     (icmp        ) [ 01]
trunc_ln708_6     (partselect  ) [ 00]
select_ln1494_16  (select      ) [ 00]
icmp_ln1494_7     (icmp        ) [ 01]
trunc_ln708_7     (partselect  ) [ 00]
select_ln1494_17  (select      ) [ 00]
mrv               (insertvalue ) [ 00]
mrv_1             (insertvalue ) [ 00]
mrv_2             (insertvalue ) [ 00]
mrv_3             (insertvalue ) [ 00]
mrv_4             (insertvalue ) [ 00]
mrv_5             (insertvalue ) [ 00]
mrv_6             (insertvalue ) [ 00]
mrv_7             (insertvalue ) [ 00]
ret_ln50          (ret         ) [ 00]
</LifeTime>

<model>

<comp_list>
<comp id="0" class="1000" name="data_0_V_read">
<pin_list>
<pin id="1" dir="1" index="0" bw="1" slack="0"/>
</pin_list>
<bind>
<StgValue><ssdm name="data_0_V_read"/></StgValue>
</bind>
</comp>

<comp id="2" class="1000" name="data_1_V_read">
<pin_list>
<pin id="3" dir="1" index="0" bw="1" slack="0"/>
</pin_list>
<bind>
<StgValue><ssdm name="data_1_V_read"/></StgValue>
</bind>
</comp>

<comp id="4" class="1000" name="data_2_V_read">
<pin_list>
<pin id="5" dir="1" index="0" bw="1" slack="0"/>
</pin_list>
<bind>
<StgValue><ssdm name="data_2_V_read"/></StgValue>
</bind>
</comp>

<comp id="6" class="1000" name="data_3_V_read">
<pin_list>
<pin id="7" dir="1" index="0" bw="1" slack="0"/>
</pin_list>
<bind>
<StgValue><ssdm name="data_3_V_read"/></StgValue>
</bind>
</comp>

<comp id="8" class="1000" name="data_4_V_read">
<pin_list>
<pin id="9" dir="1" index="0" bw="1" slack="0"/>
</pin_list>
<bind>
<StgValue><ssdm name="data_4_V_read"/></StgValue>
</bind>
</comp>

<comp id="10" class="1000" name="data_5_V_read">
<pin_list>
<pin id="11" dir="1" index="0" bw="1" slack="0"/>
</pin_list>
<bind>
<StgValue><ssdm name="data_5_V_read"/></StgValue>
</bind>
</comp>

<comp id="12" class="1000" name="data_6_V_read">
<pin_list>
<pin id="13" dir="1" index="0" bw="1" slack="0"/>
</pin_list>
<bind>
<StgValue><ssdm name="data_6_V_read"/></StgValue>
</bind>
</comp>

<comp id="14" class="1000" name="data_7_V_read">
<pin_list>
<pin id="15" dir="1" index="0" bw="1" slack="0"/>
</pin_list>
<bind>
<StgValue><ssdm name="data_7_V_read"/></StgValue>
</bind>
</comp>

<comp id="16" class="1001" name="const_16">
<pin_list>
<pin id="17" dir="1" index="0" bw="1" slack="0"/>
</pin_list>
<bind>
<StgValue><ssdm name="_ssdm_op_Read.ap_auto.i35"/></StgValue>
</bind>
</comp>

<comp id="18" class="1001" name="const_18">
<pin_list>
<pin id="19" dir="1" index="0" bw="1" slack="2147483647"/>
</pin_list>
<bind>
<StgValue><ssdm name="_ssdm_op_SpecPipeline"/></StgValue>
</bind>
</comp>

<comp id="20" class="1001" name="const_20">
<pin_list>
<pin id="21" dir="1" index="0" bw="1" slack="2147483647"/>
</pin_list>
<bind>
<StgValue><ssdm name=""/></StgValue>
</bind>
</comp>

<comp id="22" class="1001" name="const_22">
<pin_list>
<pin id="23" dir="1" index="0" bw="1" slack="2147483647"/>
</pin_list>
<bind>
<StgValue><ssdm name=""/></StgValue>
</bind>
</comp>

<comp id="24" class="1001" name="const_24">
<pin_list>
<pin id="25" dir="1" index="0" bw="1" slack="2147483647"/>
</pin_list>
<bind>
<StgValue><ssdm name=""/></StgValue>
</bind>
</comp>

<comp id="26" class="1001" name="const_26">
<pin_list>
<pin id="27" dir="1" index="0" bw="1" slack="2147483647"/>
</pin_list>
<bind>
<StgValue><ssdm name="p_str9"/></StgValue>
</bind>
</comp>

<comp id="28" class="1001" name="const_28">
<pin_list>
<pin id="29" dir="1" index="0" bw="1" slack="0"/>
</pin_list>
<bind>
<StgValue><ssdm name=""/></StgValue>
</bind>
</comp>

<comp id="30" class="1001" name="const_30">
<pin_list>
<pin id="31" dir="1" index="0" bw="1" slack="0"/>
</pin_list>
<bind>
<StgValue><ssdm name="_ssdm_op_PartSelect.i16.i35.i32.i32"/></StgValue>
</bind>
</comp>

<comp id="32" class="1001" name="const_32">
<pin_list>
<pin id="33" dir="1" index="0" bw="1" slack="0"/>
</pin_list>
<bind>
<StgValue><ssdm name=""/></StgValue>
</bind>
</comp>

<comp id="34" class="1001" name="const_34">
<pin_list>
<pin id="35" dir="1" index="0" bw="1" slack="0"/>
</pin_list>
<bind>
<StgValue><ssdm name=""/></StgValue>
</bind>
</comp>

<comp id="36" class="1001" name="const_36">
<pin_list>
<pin id="37" dir="1" index="0" bw="1" slack="0"/>
</pin_list>
<bind>
<StgValue><ssdm name=""/></StgValue>
</bind>
</comp>

<comp id="38" class="1001" name="const_38">
<pin_list>
<pin id="39" dir="1" index="0" bw="1" slack="0"/>
</pin_list>
<bind>
<StgValue><ssdm name=""/></StgValue>
</bind>
</comp>

<comp id="40" class="1004" name="data_7_V_read_2_read_fu_40">
<pin_list>
<pin id="41" dir="0" index="0" bw="35" slack="0"/>
<pin id="42" dir="0" index="1" bw="35" slack="0"/>
<pin id="43" dir="1" index="2" bw="35" slack="0"/>
</pin_list>
<bind>
<opcode="read(1150) " fcode="read"/>
<opset="data_7_V_read_2/1 "/>
</bind>
</comp>

<comp id="46" class="1004" name="data_6_V_read_2_read_fu_46">
<pin_list>
<pin id="47" dir="0" index="0" bw="35" slack="0"/>
<pin id="48" dir="0" index="1" bw="35" slack="0"/>
<pin id="49" dir="1" index="2" bw="35" slack="0"/>
</pin_list>
<bind>
<opcode="read(1150) " fcode="read"/>
<opset="data_6_V_read_2/1 "/>
</bind>
</comp>

<comp id="52" class="1004" name="data_5_V_read_2_read_fu_52">
<pin_list>
<pin id="53" dir="0" index="0" bw="35" slack="0"/>
<pin id="54" dir="0" index="1" bw="35" slack="0"/>
<pin id="55" dir="1" index="2" bw="35" slack="0"/>
</pin_list>
<bind>
<opcode="read(1150) " fcode="read"/>
<opset="data_5_V_read_2/1 "/>
</bind>
</comp>

<comp id="58" class="1004" name="data_4_V_read_2_read_fu_58">
<pin_list>
<pin id="59" dir="0" index="0" bw="35" slack="0"/>
<pin id="60" dir="0" index="1" bw="35" slack="0"/>
<pin id="61" dir="1" index="2" bw="35" slack="0"/>
</pin_list>
<bind>
<opcode="read(1150) " fcode="read"/>
<opset="data_4_V_read_2/1 "/>
</bind>
</comp>

<comp id="64" class="1004" name="data_3_V_read_3_read_fu_64">
<pin_list>
<pin id="65" dir="0" index="0" bw="35" slack="0"/>
<pin id="66" dir="0" index="1" bw="35" slack="0"/>
<pin id="67" dir="1" index="2" bw="35" slack="0"/>
</pin_list>
<bind>
<opcode="read(1150) " fcode="read"/>
<opset="data_3_V_read_3/1 "/>
</bind>
</comp>

<comp id="70" class="1004" name="data_2_V_read_3_read_fu_70">
<pin_list>
<pin id="71" dir="0" index="0" bw="35" slack="0"/>
<pin id="72" dir="0" index="1" bw="35" slack="0"/>
<pin id="73" dir="1" index="2" bw="35" slack="0"/>
</pin_list>
<bind>
<opcode="read(1150) " fcode="read"/>
<opset="data_2_V_read_3/1 "/>
</bind>
</comp>

<comp id="76" class="1004" name="data_1_V_read_3_read_fu_76">
<pin_list>
<pin id="77" dir="0" index="0" bw="35" slack="0"/>
<pin id="78" dir="0" index="1" bw="35" slack="0"/>
<pin id="79" dir="1" index="2" bw="35" slack="0"/>
</pin_list>
<bind>
<opcode="read(1150) " fcode="read"/>
<opset="data_1_V_read_3/1 "/>
</bind>
</comp>

<comp id="82" class="1004" name="data_0_V_read_3_read_fu_82">
<pin_list>
<pin id="83" dir="0" index="0" bw="35" slack="0"/>
<pin id="84" dir="0" index="1" bw="35" slack="0"/>
<pin id="85" dir="1" index="2" bw="35" slack="0"/>
</pin_list>
<bind>
<opcode="read(1150) " fcode="read"/>
<opset="data_0_V_read_3/1 "/>
</bind>
</comp>

<comp id="88" class="1004" name="icmp_ln1494_fu_88">
<pin_list>
<pin id="89" dir="0" index="0" bw="35" slack="0"/>
<pin id="90" dir="0" index="1" bw="35" slack="0"/>
<pin id="91" dir="1" index="2" bw="1" slack="0"/>
</pin_list>
<bind>
<opcode="icmp(45) " fcode="icmp"/>
<opset="icmp_ln1494/1 "/>
</bind>
</comp>

<comp id="94" class="1004" name="trunc_ln_fu_94">
<pin_list>
<pin id="95" dir="0" index="0" bw="16" slack="0"/>
<pin id="96" dir="0" index="1" bw="35" slack="0"/>
<pin id="97" dir="0" index="2" bw="5" slack="0"/>
<pin id="98" dir="0" index="3" bw="6" slack="0"/>
<pin id="99" dir="1" index="4" bw="16" slack="0"/>
</pin_list>
<bind>
<opcode="partselect(1002) " fcode="partselect"/>
<opset="trunc_ln/1 "/>
</bind>
</comp>

<comp id="104" class="1004" name="select_ln1494_fu_104">
<pin_list>
<pin id="105" dir="0" index="0" bw="1" slack="0"/>
<pin id="106" dir="0" index="1" bw="16" slack="0"/>
<pin id="107" dir="0" index="2" bw="16" slack="0"/>
<pin id="108" dir="1" index="3" bw="16" slack="0"/>
</pin_list>
<bind>
<opcode="select(49) " fcode="select"/>
<opset="select_ln1494/1 "/>
</bind>
</comp>

<comp id="112" class="1004" name="icmp_ln1494_1_fu_112">
<pin_list>
<pin id="113" dir="0" index="0" bw="35" slack="0"/>
<pin id="114" dir="0" index="1" bw="35" slack="0"/>
<pin id="115" dir="1" index="2" bw="1" slack="0"/>
</pin_list>
<bind>
<opcode="icmp(45) " fcode="icmp"/>
<opset="icmp_ln1494_1/1 "/>
</bind>
</comp>

<comp id="118" class="1004" name="trunc_ln708_1_fu_118">
<pin_list>
<pin id="119" dir="0" index="0" bw="16" slack="0"/>
<pin id="120" dir="0" index="1" bw="35" slack="0"/>
<pin id="121" dir="0" index="2" bw="5" slack="0"/>
<pin id="122" dir="0" index="3" bw="6" slack="0"/>
<pin id="123" dir="1" index="4" bw="16" slack="0"/>
</pin_list>
<bind>
<opcode="partselect(1002) " fcode="partselect"/>
<opset="trunc_ln708_1/1 "/>
</bind>
</comp>

<comp id="128" class="1004" name="select_ln1494_11_fu_128">
<pin_list>
<pin id="129" dir="0" index="0" bw="1" slack="0"/>
<pin id="130" dir="0" index="1" bw="16" slack="0"/>
<pin id="131" dir="0" index="2" bw="16" slack="0"/>
<pin id="132" dir="1" index="3" bw="16" slack="0"/>
</pin_list>
<bind>
<opcode="select(49) " fcode="select"/>
<opset="select_ln1494_11/1 "/>
</bind>
</comp>

<comp id="136" class="1004" name="icmp_ln1494_2_fu_136">
<pin_list>
<pin id="137" dir="0" index="0" bw="35" slack="0"/>
<pin id="138" dir="0" index="1" bw="35" slack="0"/>
<pin id="139" dir="1" index="2" bw="1" slack="0"/>
</pin_list>
<bind>
<opcode="icmp(45) " fcode="icmp"/>
<opset="icmp_ln1494_2/1 "/>
</bind>
</comp>

<comp id="142" class="1004" name="trunc_ln708_2_fu_142">
<pin_list>
<pin id="143" dir="0" index="0" bw="16" slack="0"/>
<pin id="144" dir="0" index="1" bw="35" slack="0"/>
<pin id="145" dir="0" index="2" bw="5" slack="0"/>
<pin id="146" dir="0" index="3" bw="6" slack="0"/>
<pin id="147" dir="1" index="4" bw="16" slack="0"/>
</pin_list>
<bind>
<opcode="partselect(1002) " fcode="partselect"/>
<opset="trunc_ln708_2/1 "/>
</bind>
</comp>

<comp id="152" class="1004" name="select_ln1494_12_fu_152">
<pin_list>
<pin id="153" dir="0" index="0" bw="1" slack="0"/>
<pin id="154" dir="0" index="1" bw="16" slack="0"/>
<pin id="155" dir="0" index="2" bw="16" slack="0"/>
<pin id="156" dir="1" index="3" bw="16" slack="0"/>
</pin_list>
<bind>
<opcode="select(49) " fcode="select"/>
<opset="select_ln1494_12/1 "/>
</bind>
</comp>

<comp id="160" class="1004" name="icmp_ln1494_3_fu_160">
<pin_list>
<pin id="161" dir="0" index="0" bw="35" slack="0"/>
<pin id="162" dir="0" index="1" bw="35" slack="0"/>
<pin id="163" dir="1" index="2" bw="1" slack="0"/>
</pin_list>
<bind>
<opcode="icmp(45) " fcode="icmp"/>
<opset="icmp_ln1494_3/1 "/>
</bind>
</comp>

<comp id="166" class="1004" name="trunc_ln708_3_fu_166">
<pin_list>
<pin id="167" dir="0" index="0" bw="16" slack="0"/>
<pin id="168" dir="0" index="1" bw="35" slack="0"/>
<pin id="169" dir="0" index="2" bw="5" slack="0"/>
<pin id="170" dir="0" index="3" bw="6" slack="0"/>
<pin id="171" dir="1" index="4" bw="16" slack="0"/>
</pin_list>
<bind>
<opcode="partselect(1002) " fcode="partselect"/>
<opset="trunc_ln708_3/1 "/>
</bind>
</comp>

<comp id="176" class="1004" name="select_ln1494_13_fu_176">
<pin_list>
<pin id="177" dir="0" index="0" bw="1" slack="0"/>
<pin id="178" dir="0" index="1" bw="16" slack="0"/>
<pin id="179" dir="0" index="2" bw="16" slack="0"/>
<pin id="180" dir="1" index="3" bw="16" slack="0"/>
</pin_list>
<bind>
<opcode="select(49) " fcode="select"/>
<opset="select_ln1494_13/1 "/>
</bind>
</comp>

<comp id="184" class="1004" name="icmp_ln1494_4_fu_184">
<pin_list>
<pin id="185" dir="0" index="0" bw="35" slack="0"/>
<pin id="186" dir="0" index="1" bw="35" slack="0"/>
<pin id="187" dir="1" index="2" bw="1" slack="0"/>
</pin_list>
<bind>
<opcode="icmp(45) " fcode="icmp"/>
<opset="icmp_ln1494_4/1 "/>
</bind>
</comp>

<comp id="190" class="1004" name="trunc_ln708_4_fu_190">
<pin_list>
<pin id="191" dir="0" index="0" bw="16" slack="0"/>
<pin id="192" dir="0" index="1" bw="35" slack="0"/>
<pin id="193" dir="0" index="2" bw="5" slack="0"/>
<pin id="194" dir="0" index="3" bw="6" slack="0"/>
<pin id="195" dir="1" index="4" bw="16" slack="0"/>
</pin_list>
<bind>
<opcode="partselect(1002) " fcode="partselect"/>
<opset="trunc_ln708_4/1 "/>
</bind>
</comp>

<comp id="200" class="1004" name="select_ln1494_14_fu_200">
<pin_list>
<pin id="201" dir="0" index="0" bw="1" slack="0"/>
<pin id="202" dir="0" index="1" bw="16" slack="0"/>
<pin id="203" dir="0" index="2" bw="16" slack="0"/>
<pin id="204" dir="1" index="3" bw="16" slack="0"/>
</pin_list>
<bind>
<opcode="select(49) " fcode="select"/>
<opset="select_ln1494_14/1 "/>
</bind>
</comp>

<comp id="208" class="1004" name="icmp_ln1494_5_fu_208">
<pin_list>
<pin id="209" dir="0" index="0" bw="35" slack="0"/>
<pin id="210" dir="0" index="1" bw="35" slack="0"/>
<pin id="211" dir="1" index="2" bw="1" slack="0"/>
</pin_list>
<bind>
<opcode="icmp(45) " fcode="icmp"/>
<opset="icmp_ln1494_5/1 "/>
</bind>
</comp>

<comp id="214" class="1004" name="trunc_ln708_5_fu_214">
<pin_list>
<pin id="215" dir="0" index="0" bw="16" slack="0"/>
<pin id="216" dir="0" index="1" bw="35" slack="0"/>
<pin id="217" dir="0" index="2" bw="5" slack="0"/>
<pin id="218" dir="0" index="3" bw="6" slack="0"/>
<pin id="219" dir="1" index="4" bw="16" slack="0"/>
</pin_list>
<bind>
<opcode="partselect(1002) " fcode="partselect"/>
<opset="trunc_ln708_5/1 "/>
</bind>
</comp>

<comp id="224" class="1004" name="select_ln1494_15_fu_224">
<pin_list>
<pin id="225" dir="0" index="0" bw="1" slack="0"/>
<pin id="226" dir="0" index="1" bw="16" slack="0"/>
<pin id="227" dir="0" index="2" bw="16" slack="0"/>
<pin id="228" dir="1" index="3" bw="16" slack="0"/>
</pin_list>
<bind>
<opcode="select(49) " fcode="select"/>
<opset="select_ln1494_15/1 "/>
</bind>
</comp>

<comp id="232" class="1004" name="icmp_ln1494_6_fu_232">
<pin_list>
<pin id="233" dir="0" index="0" bw="35" slack="0"/>
<pin id="234" dir="0" index="1" bw="35" slack="0"/>
<pin id="235" dir="1" index="2" bw="1" slack="0"/>
</pin_list>
<bind>
<opcode="icmp(45) " fcode="icmp"/>
<opset="icmp_ln1494_6/1 "/>
</bind>
</comp>

<comp id="238" class="1004" name="trunc_ln708_6_fu_238">
<pin_list>
<pin id="239" dir="0" index="0" bw="16" slack="0"/>
<pin id="240" dir="0" index="1" bw="35" slack="0"/>
<pin id="241" dir="0" index="2" bw="5" slack="0"/>
<pin id="242" dir="0" index="3" bw="6" slack="0"/>
<pin id="243" dir="1" index="4" bw="16" slack="0"/>
</pin_list>
<bind>
<opcode="partselect(1002) " fcode="partselect"/>
<opset="trunc_ln708_6/1 "/>
</bind>
</comp>

<comp id="248" class="1004" name="select_ln1494_16_fu_248">
<pin_list>
<pin id="249" dir="0" index="0" bw="1" slack="0"/>
<pin id="250" dir="0" index="1" bw="16" slack="0"/>
<pin id="251" dir="0" index="2" bw="16" slack="0"/>
<pin id="252" dir="1" index="3" bw="16" slack="0"/>
</pin_list>
<bind>
<opcode="select(49) " fcode="select"/>
<opset="select_ln1494_16/1 "/>
</bind>
</comp>

<comp id="256" class="1004" name="icmp_ln1494_7_fu_256">
<pin_list>
<pin id="257" dir="0" index="0" bw="35" slack="0"/>
<pin id="258" dir="0" index="1" bw="35" slack="0"/>
<pin id="259" dir="1" index="2" bw="1" slack="0"/>
</pin_list>
<bind>
<opcode="icmp(45) " fcode="icmp"/>
<opset="icmp_ln1494_7/1 "/>
</bind>
</comp>

<comp id="262" class="1004" name="trunc_ln708_7_fu_262">
<pin_list>
<pin id="263" dir="0" index="0" bw="16" slack="0"/>
<pin id="264" dir="0" index="1" bw="35" slack="0"/>
<pin id="265" dir="0" index="2" bw="5" slack="0"/>
<pin id="266" dir="0" index="3" bw="6" slack="0"/>
<pin id="267" dir="1" index="4" bw="16" slack="0"/>
</pin_list>
<bind>
<opcode="partselect(1002) " fcode="partselect"/>
<opset="trunc_ln708_7/1 "/>
</bind>
</comp>

<comp id="272" class="1004" name="select_ln1494_17_fu_272">
<pin_list>
<pin id="273" dir="0" index="0" bw="1" slack="0"/>
<pin id="274" dir="0" index="1" bw="16" slack="0"/>
<pin id="275" dir="0" index="2" bw="16" slack="0"/>
<pin id="276" dir="1" index="3" bw="16" slack="0"/>
</pin_list>
<bind>
<opcode="select(49) " fcode="select"/>
<opset="select_ln1494_17/1 "/>
</bind>
</comp>

<comp id="280" class="1004" name="mrv_fu_280">
<pin_list>
<pin id="281" dir="0" index="0" bw="128" slack="0"/>
<pin id="282" dir="0" index="1" bw="16" slack="0"/>
<pin id="283" dir="1" index="2" bw="128" slack="0"/>
</pin_list>
<bind>
<opcode="insertvalue(57) " fcode="insertvalue"/>
<opset="mrv/1 "/>
</bind>
</comp>

<comp id="286" class="1004" name="mrv_1_fu_286">
<pin_list>
<pin id="287" dir="0" index="0" bw="128" slack="0"/>
<pin id="288" dir="0" index="1" bw="16" slack="0"/>
<pin id="289" dir="1" index="2" bw="128" slack="0"/>
</pin_list>
<bind>
<opcode="insertvalue(57) " fcode="insertvalue"/>
<opset="mrv_1/1 "/>
</bind>
</comp>

<comp id="292" class="1004" name="mrv_2_fu_292">
<pin_list>
<pin id="293" dir="0" index="0" bw="128" slack="0"/>
<pin id="294" dir="0" index="1" bw="16" slack="0"/>
<pin id="295" dir="1" index="2" bw="128" slack="0"/>
</pin_list>
<bind>
<opcode="insertvalue(57) " fcode="insertvalue"/>
<opset="mrv_2/1 "/>
</bind>
</comp>

<comp id="298" class="1004" name="mrv_3_fu_298">
<pin_list>
<pin id="299" dir="0" index="0" bw="128" slack="0"/>
<pin id="300" dir="0" index="1" bw="16" slack="0"/>
<pin id="301" dir="1" index="2" bw="128" slack="0"/>
</pin_list>
<bind>
<opcode="insertvalue(57) " fcode="insertvalue"/>
<opset="mrv_3/1 "/>
</bind>
</comp>

<comp id="304" class="1004" name="mrv_4_fu_304">
<pin_list>
<pin id="305" dir="0" index="0" bw="128" slack="0"/>
<pin id="306" dir="0" index="1" bw="16" slack="0"/>
<pin id="307" dir="1" index="2" bw="128" slack="0"/>
</pin_list>
<bind>
<opcode="insertvalue(57) " fcode="insertvalue"/>
<opset="mrv_4/1 "/>
</bind>
</comp>

<comp id="310" class="1004" name="mrv_5_fu_310">
<pin_list>
<pin id="311" dir="0" index="0" bw="128" slack="0"/>
<pin id="312" dir="0" index="1" bw="16" slack="0"/>
<pin id="313" dir="1" index="2" bw="128" slack="0"/>
</pin_list>
<bind>
<opcode="insertvalue(57) " fcode="insertvalue"/>
<opset="mrv_5/1 "/>
</bind>
</comp>

<comp id="316" class="1004" name="mrv_6_fu_316">
<pin_list>
<pin id="317" dir="0" index="0" bw="128" slack="0"/>
<pin id="318" dir="0" index="1" bw="16" slack="0"/>
<pin id="319" dir="1" index="2" bw="128" slack="0"/>
</pin_list>
<bind>
<opcode="insertvalue(57) " fcode="insertvalue"/>
<opset="mrv_6/1 "/>
</bind>
</comp>

<comp id="322" class="1004" name="mrv_7_fu_322">
<pin_list>
<pin id="323" dir="0" index="0" bw="128" slack="0"/>
<pin id="324" dir="0" index="1" bw="16" slack="0"/>
<pin id="325" dir="1" index="2" bw="128" slack="2147483647"/>
</pin_list>
<bind>
<opcode="insertvalue(57) " fcode="insertvalue"/>
<opset="mrv_7/1 "/>
</bind>
</comp>

</comp_list>

<net_list>
<net id="44"><net_src comp="16" pin="0"/><net_sink comp="40" pin=0"/></net>

<net id="45"><net_src comp="14" pin="0"/><net_sink comp="40" pin=1"/></net>

<net id="50"><net_src comp="16" pin="0"/><net_sink comp="46" pin=0"/></net>

<net id="51"><net_src comp="12" pin="0"/><net_sink comp="46" pin=1"/></net>

<net id="56"><net_src comp="16" pin="0"/><net_sink comp="52" pin=0"/></net>

<net id="57"><net_src comp="10" pin="0"/><net_sink comp="52" pin=1"/></net>

<net id="62"><net_src comp="16" pin="0"/><net_sink comp="58" pin=0"/></net>

<net id="63"><net_src comp="8" pin="0"/><net_sink comp="58" pin=1"/></net>

<net id="68"><net_src comp="16" pin="0"/><net_sink comp="64" pin=0"/></net>

<net id="69"><net_src comp="6" pin="0"/><net_sink comp="64" pin=1"/></net>

<net id="74"><net_src comp="16" pin="0"/><net_sink comp="70" pin=0"/></net>

<net id="75"><net_src comp="4" pin="0"/><net_sink comp="70" pin=1"/></net>

<net id="80"><net_src comp="16" pin="0"/><net_sink comp="76" pin=0"/></net>

<net id="81"><net_src comp="2" pin="0"/><net_sink comp="76" pin=1"/></net>

<net id="86"><net_src comp="16" pin="0"/><net_sink comp="82" pin=0"/></net>

<net id="87"><net_src comp="0" pin="0"/><net_sink comp="82" pin=1"/></net>

<net id="92"><net_src comp="82" pin="2"/><net_sink comp="88" pin=0"/></net>

<net id="93"><net_src comp="28" pin="0"/><net_sink comp="88" pin=1"/></net>

<net id="100"><net_src comp="30" pin="0"/><net_sink comp="94" pin=0"/></net>

<net id="101"><net_src comp="82" pin="2"/><net_sink comp="94" pin=1"/></net>

<net id="102"><net_src comp="32" pin="0"/><net_sink comp="94" pin=2"/></net>

<net id="103"><net_src comp="34" pin="0"/><net_sink comp="94" pin=3"/></net>

<net id="109"><net_src comp="88" pin="2"/><net_sink comp="104" pin=0"/></net>

<net id="110"><net_src comp="94" pin="4"/><net_sink comp="104" pin=1"/></net>

<net id="111"><net_src comp="36" pin="0"/><net_sink comp="104" pin=2"/></net>

<net id="116"><net_src comp="76" pin="2"/><net_sink comp="112" pin=0"/></net>

<net id="117"><net_src comp="28" pin="0"/><net_sink comp="112" pin=1"/></net>

<net id="124"><net_src comp="30" pin="0"/><net_sink comp="118" pin=0"/></net>

<net id="125"><net_src comp="76" pin="2"/><net_sink comp="118" pin=1"/></net>

<net id="126"><net_src comp="32" pin="0"/><net_sink comp="118" pin=2"/></net>

<net id="127"><net_src comp="34" pin="0"/><net_sink comp="118" pin=3"/></net>

<net id="133"><net_src comp="112" pin="2"/><net_sink comp="128" pin=0"/></net>

<net id="134"><net_src comp="118" pin="4"/><net_sink comp="128" pin=1"/></net>

<net id="135"><net_src comp="36" pin="0"/><net_sink comp="128" pin=2"/></net>

<net id="140"><net_src comp="70" pin="2"/><net_sink comp="136" pin=0"/></net>

<net id="141"><net_src comp="28" pin="0"/><net_sink comp="136" pin=1"/></net>

<net id="148"><net_src comp="30" pin="0"/><net_sink comp="142" pin=0"/></net>

<net id="149"><net_src comp="70" pin="2"/><net_sink comp="142" pin=1"/></net>

<net id="150"><net_src comp="32" pin="0"/><net_sink comp="142" pin=2"/></net>

<net id="151"><net_src comp="34" pin="0"/><net_sink comp="142" pin=3"/></net>

<net id="157"><net_src comp="136" pin="2"/><net_sink comp="152" pin=0"/></net>

<net id="158"><net_src comp="142" pin="4"/><net_sink comp="152" pin=1"/></net>

<net id="159"><net_src comp="36" pin="0"/><net_sink comp="152" pin=2"/></net>

<net id="164"><net_src comp="64" pin="2"/><net_sink comp="160" pin=0"/></net>

<net id="165"><net_src comp="28" pin="0"/><net_sink comp="160" pin=1"/></net>

<net id="172"><net_src comp="30" pin="0"/><net_sink comp="166" pin=0"/></net>

<net id="173"><net_src comp="64" pin="2"/><net_sink comp="166" pin=1"/></net>

<net id="174"><net_src comp="32" pin="0"/><net_sink comp="166" pin=2"/></net>

<net id="175"><net_src comp="34" pin="0"/><net_sink comp="166" pin=3"/></net>

<net id="181"><net_src comp="160" pin="2"/><net_sink comp="176" pin=0"/></net>

<net id="182"><net_src comp="166" pin="4"/><net_sink comp="176" pin=1"/></net>

<net id="183"><net_src comp="36" pin="0"/><net_sink comp="176" pin=2"/></net>

<net id="188"><net_src comp="58" pin="2"/><net_sink comp="184" pin=0"/></net>

<net id="189"><net_src comp="28" pin="0"/><net_sink comp="184" pin=1"/></net>

<net id="196"><net_src comp="30" pin="0"/><net_sink comp="190" pin=0"/></net>

<net id="197"><net_src comp="58" pin="2"/><net_sink comp="190" pin=1"/></net>

<net id="198"><net_src comp="32" pin="0"/><net_sink comp="190" pin=2"/></net>

<net id="199"><net_src comp="34" pin="0"/><net_sink comp="190" pin=3"/></net>

<net id="205"><net_src comp="184" pin="2"/><net_sink comp="200" pin=0"/></net>

<net id="206"><net_src comp="190" pin="4"/><net_sink comp="200" pin=1"/></net>

<net id="207"><net_src comp="36" pin="0"/><net_sink comp="200" pin=2"/></net>

<net id="212"><net_src comp="52" pin="2"/><net_sink comp="208" pin=0"/></net>

<net id="213"><net_src comp="28" pin="0"/><net_sink comp="208" pin=1"/></net>

<net id="220"><net_src comp="30" pin="0"/><net_sink comp="214" pin=0"/></net>

<net id="221"><net_src comp="52" pin="2"/><net_sink comp="214" pin=1"/></net>

<net id="222"><net_src comp="32" pin="0"/><net_sink comp="214" pin=2"/></net>

<net id="223"><net_src comp="34" pin="0"/><net_sink comp="214" pin=3"/></net>

<net id="229"><net_src comp="208" pin="2"/><net_sink comp="224" pin=0"/></net>

<net id="230"><net_src comp="214" pin="4"/><net_sink comp="224" pin=1"/></net>

<net id="231"><net_src comp="36" pin="0"/><net_sink comp="224" pin=2"/></net>

<net id="236"><net_src comp="46" pin="2"/><net_sink comp="232" pin=0"/></net>

<net id="237"><net_src comp="28" pin="0"/><net_sink comp="232" pin=1"/></net>

<net id="244"><net_src comp="30" pin="0"/><net_sink comp="238" pin=0"/></net>

<net id="245"><net_src comp="46" pin="2"/><net_sink comp="238" pin=1"/></net>

<net id="246"><net_src comp="32" pin="0"/><net_sink comp="238" pin=2"/></net>

<net id="247"><net_src comp="34" pin="0"/><net_sink comp="238" pin=3"/></net>

<net id="253"><net_src comp="232" pin="2"/><net_sink comp="248" pin=0"/></net>

<net id="254"><net_src comp="238" pin="4"/><net_sink comp="248" pin=1"/></net>

<net id="255"><net_src comp="36" pin="0"/><net_sink comp="248" pin=2"/></net>

<net id="260"><net_src comp="40" pin="2"/><net_sink comp="256" pin=0"/></net>

<net id="261"><net_src comp="28" pin="0"/><net_sink comp="256" pin=1"/></net>

<net id="268"><net_src comp="30" pin="0"/><net_sink comp="262" pin=0"/></net>

<net id="269"><net_src comp="40" pin="2"/><net_sink comp="262" pin=1"/></net>

<net id="270"><net_src comp="32" pin="0"/><net_sink comp="262" pin=2"/></net>

<net id="271"><net_src comp="34" pin="0"/><net_sink comp="262" pin=3"/></net>

<net id="277"><net_src comp="256" pin="2"/><net_sink comp="272" pin=0"/></net>

<net id="278"><net_src comp="262" pin="4"/><net_sink comp="272" pin=1"/></net>

<net id="279"><net_src comp="36" pin="0"/><net_sink comp="272" pin=2"/></net>

<net id="284"><net_src comp="38" pin="0"/><net_sink comp="280" pin=0"/></net>

<net id="285"><net_src comp="104" pin="3"/><net_sink comp="280" pin=1"/></net>

<net id="290"><net_src comp="280" pin="2"/><net_sink comp="286" pin=0"/></net>

<net id="291"><net_src comp="128" pin="3"/><net_sink comp="286" pin=1"/></net>

<net id="296"><net_src comp="286" pin="2"/><net_sink comp="292" pin=0"/></net>

<net id="297"><net_src comp="152" pin="3"/><net_sink comp="292" pin=1"/></net>

<net id="302"><net_src comp="292" pin="2"/><net_sink comp="298" pin=0"/></net>

<net id="303"><net_src comp="176" pin="3"/><net_sink comp="298" pin=1"/></net>

<net id="308"><net_src comp="298" pin="2"/><net_sink comp="304" pin=0"/></net>

<net id="309"><net_src comp="200" pin="3"/><net_sink comp="304" pin=1"/></net>

<net id="314"><net_src comp="304" pin="2"/><net_sink comp="310" pin=0"/></net>

<net id="315"><net_src comp="224" pin="3"/><net_sink comp="310" pin=1"/></net>

<net id="320"><net_src comp="310" pin="2"/><net_sink comp="316" pin=0"/></net>

<net id="321"><net_src comp="248" pin="3"/><net_sink comp="316" pin=1"/></net>

<net id="326"><net_src comp="316" pin="2"/><net_sink comp="322" pin=0"/></net>

<net id="327"><net_src comp="272" pin="3"/><net_sink comp="322" pin=1"/></net>

</net_list>

</model> 
---------------- Datapath Model END ------------------

* FSMD analyzer results:
  - Output states:
 - Input state : 
	Port: relu<ap_fixed<35, 15, 5, 3, 0>, ap_fixed<16, 6, 5, 3, 0>, relu_config7> : data_0_V_read | {1 }
	Port: relu<ap_fixed<35, 15, 5, 3, 0>, ap_fixed<16, 6, 5, 3, 0>, relu_config7> : data_1_V_read | {1 }
	Port: relu<ap_fixed<35, 15, 5, 3, 0>, ap_fixed<16, 6, 5, 3, 0>, relu_config7> : data_2_V_read | {1 }
	Port: relu<ap_fixed<35, 15, 5, 3, 0>, ap_fixed<16, 6, 5, 3, 0>, relu_config7> : data_3_V_read | {1 }
	Port: relu<ap_fixed<35, 15, 5, 3, 0>, ap_fixed<16, 6, 5, 3, 0>, relu_config7> : data_4_V_read | {1 }
	Port: relu<ap_fixed<35, 15, 5, 3, 0>, ap_fixed<16, 6, 5, 3, 0>, relu_config7> : data_5_V_read | {1 }
	Port: relu<ap_fixed<35, 15, 5, 3, 0>, ap_fixed<16, 6, 5, 3, 0>, relu_config7> : data_6_V_read | {1 }
	Port: relu<ap_fixed<35, 15, 5, 3, 0>, ap_fixed<16, 6, 5, 3, 0>, relu_config7> : data_7_V_read | {1 }
  - Chain level:
	State 1
		select_ln1494 : 1
		select_ln1494_11 : 1
		select_ln1494_12 : 1
		select_ln1494_13 : 1
		select_ln1494_14 : 1
		select_ln1494_15 : 1
		select_ln1494_16 : 1
		select_ln1494_17 : 1
		mrv : 2
		mrv_1 : 3
		mrv_2 : 4
		mrv_3 : 5
		mrv_4 : 6
		mrv_5 : 7
		mrv_6 : 8
		mrv_7 : 9
		ret_ln50 : 10


============================================================
+ Verbose Summary: Datapath Resource usage 
============================================================

* Functional unit list:
|----------|----------------------------|---------|---------|
| Operation|       Functional Unit      |    FF   |   LUT   |
|----------|----------------------------|---------|---------|
|          |      icmp_ln1494_fu_88     |    0    |    21   |
|          |    icmp_ln1494_1_fu_112    |    0    |    21   |
|          |    icmp_ln1494_2_fu_136    |    0    |    21   |
|   icmp   |    icmp_ln1494_3_fu_160    |    0    |    21   |
|          |    icmp_ln1494_4_fu_184    |    0    |    21   |
|          |    icmp_ln1494_5_fu_208    |    0    |    21   |
|          |    icmp_ln1494_6_fu_232    |    0    |    21   |
|          |    icmp_ln1494_7_fu_256    |    0    |    21   |
|----------|----------------------------|---------|---------|
|          |    select_ln1494_fu_104    |    0    |    16   |
|          |   select_ln1494_11_fu_128  |    0    |    16   |
|          |   select_ln1494_12_fu_152  |    0    |    16   |
|  select  |   select_ln1494_13_fu_176  |    0    |    16   |
|          |   select_ln1494_14_fu_200  |    0    |    16   |
|          |   select_ln1494_15_fu_224  |    0    |    16   |
|          |   select_ln1494_16_fu_248  |    0    |    16   |
|          |   select_ln1494_17_fu_272  |    0    |    16   |
|----------|----------------------------|---------|---------|
|          | data_7_V_read_2_read_fu_40 |    0    |    0    |
|          | data_6_V_read_2_read_fu_46 |    0    |    0    |
|          | data_5_V_read_2_read_fu_52 |    0    |    0    |
|   read   | data_4_V_read_2_read_fu_58 |    0    |    0    |
|          | data_3_V_read_3_read_fu_64 |    0    |    0    |
|          | data_2_V_read_3_read_fu_70 |    0    |    0    |
|          | data_1_V_read_3_read_fu_76 |    0    |    0    |
|          | data_0_V_read_3_read_fu_82 |    0    |    0    |
|----------|----------------------------|---------|---------|
|          |       trunc_ln_fu_94       |    0    |    0    |
|          |    trunc_ln708_1_fu_118    |    0    |    0    |
|          |    trunc_ln708_2_fu_142    |    0    |    0    |
|partselect|    trunc_ln708_3_fu_166    |    0    |    0    |
|          |    trunc_ln708_4_fu_190    |    0    |    0    |
|          |    trunc_ln708_5_fu_214    |    0    |    0    |
|          |    trunc_ln708_6_fu_238    |    0    |    0    |
|          |    trunc_ln708_7_fu_262    |    0    |    0    |
|----------|----------------------------|---------|---------|
|          |         mrv_fu_280         |    0    |    0    |
|          |        mrv_1_fu_286        |    0    |    0    |
|          |        mrv_2_fu_292        |    0    |    0    |
|insertvalue|        mrv_3_fu_298        |    0    |    0    |
|          |        mrv_4_fu_304        |    0    |    0    |
|          |        mrv_5_fu_310        |    0    |    0    |
|          |        mrv_6_fu_316        |    0    |    0    |
|          |        mrv_7_fu_322        |    0    |    0    |
|----------|----------------------------|---------|---------|
|   Total  |                            |    0    |   296   |
|----------|----------------------------|---------|---------|

Memories:
N/A

* Register list:
N/A

* Multiplexer (MUX) list: 
|--------|------|------|------|--------|
|  Comp  |  Pin | Size |  BW  | S x BW |
|--------|------|------|------|--------|
|  Total |      |      |      |    0   |
|--------|------|------|------|--------|



* Summary:
+-----------+--------+--------+
|           |   FF   |   LUT  |
+-----------+--------+--------+
|  Function |    0   |   296  |
|   Memory  |    -   |    -   |
|Multiplexer|    -   |    -   |
|  Register |    -   |    -   |
+-----------+--------+--------+
|   Total   |    0   |   296  |
+-----------+--------+--------+
