

================================================================
== Vivado HLS Report for 'relu_ap_fixed_36_16_5_3_0_ap_fixed_16_6_5_3_0_relu_config5_s'
================================================================
* Date:           Wed May 27 10:11:41 2026

* Version:        2020.1 (Build 2897737 on Wed May 27 20:21:37 MDT 2020)
* Project:        myproject_prj
* Solution:       solution1
* Product family: zynq
* Target device:  xc7z020-clg400-1


================================================================
== Performance Estimates
================================================================
+ Timing: 
    * Summary: 
    +--------+---------+----------+------------+
    |  Clock |  Target | Estimated| Uncertainty|
    +--------+---------+----------+------------+
    |ap_clk  | 5.00 ns | 3.308 ns |   0.62 ns  |
    +--------+---------+----------+------------+

+ Latency: 
    * Summary: 
    +---------+---------+----------+----------+-----+-----+----------+
    |  Latency (cycles) |  Latency (absolute) |  Interval | Pipeline |
    |   min   |   max   |    min   |    max   | min | max |   Type   |
    +---------+---------+----------+----------+-----+-----+----------+
    |        0|        0|   0 ns   |   0 ns   |    1|    1| function |
    +---------+---------+----------+----------+-----+-----+----------+

    + Detail: 
        * Instance: 
        N/A

        * Loop: 
        N/A

============================================================
+ Verbose Summary: Synthesis Manager
============================================================
InlineROM: 1
ExposeGlobal: 0
============================================================
+ Verbose Summary: CDFG Model
============================================================
IsTopModel: 0
ResetActiveHigh: 1
IsCombinational: 0
IsDatapathOnly: 0
HasWiredReturn: 1
HasMFsm: 2
HasVarLatency: 0
IsPipeline: 1
IsRtlPipelined: 0
IsInstanceOverlapped: 0
IsDontTouch: 0
HasImplIP: 0
IsGatedGlobalClock: 0

+ Individual pipeline summary: 
  * Pipeline-0: initiation interval (II) = 1, depth = 1


============================================================
+ Verbose Summary: Schedule
============================================================
* Number of FSM states : 1
* Pipeline : 1
  Pipeline-0 : II = 1, D = 1, States = { 1 }
* Dataflow Pipeline: 0

* FSM state transitions: 
1 --> 

* FSM state operations: 

State 1 <SV = 0> <Delay = 3.30>
ST_1 : Operation 2 [1/1] (0.00ns)   --->   "%data_3_V_read_2 = call i36 @_ssdm_op_Read.ap_auto.i36(i36 %data_3_V_read)" [firmware/nnet_utils/nnet_activation.h:39]   --->   Operation 2 'read' 'data_3_V_read_2' <Predicate = true> <Delay = 0.00>
ST_1 : Operation 3 [1/1] (0.00ns)   --->   "%data_2_V_read_2 = call i36 @_ssdm_op_Read.ap_auto.i36(i36 %data_2_V_read)" [firmware/nnet_utils/nnet_activation.h:39]   --->   Operation 3 'read' 'data_2_V_read_2' <Predicate = true> <Delay = 0.00>
ST_1 : Operation 4 [1/1] (0.00ns)   --->   "%data_1_V_read_2 = call i36 @_ssdm_op_Read.ap_auto.i36(i36 %data_1_V_read)" [firmware/nnet_utils/nnet_activation.h:39]   --->   Operation 4 'read' 'data_1_V_read_2' <Predicate = true> <Delay = 0.00>
ST_1 : Operation 5 [1/1] (0.00ns)   --->   "%data_0_V_read_2 = call i36 @_ssdm_op_Read.ap_auto.i36(i36 %data_0_V_read)" [firmware/nnet_utils/nnet_activation.h:39]   --->   Operation 5 'read' 'data_0_V_read_2' <Predicate = true> <Delay = 0.00>
ST_1 : Operation 6 [1/1] (0.00ns)   --->   "call void (...)* @_ssdm_op_SpecPipeline(i32 -1, i32 1, i32 1, i32 0, [1 x i8]* @p_str9) nounwind" [firmware/nnet_utils/nnet_activation.h:40]   --->   Operation 6 'specpipeline' <Predicate = true> <Delay = 0.00>
ST_1 : Operation 7 [1/1] (2.50ns)   --->   "%icmp_ln1494 = icmp sgt i36 %data_0_V_read_2, 0" [firmware/nnet_utils/nnet_activation.h:45]   --->   Operation 7 'icmp' 'icmp_ln1494' <Predicate = true> <Delay = 2.50> <Core = "Cmp">   --->   Core 25 'Cmp' <Latency = 0> <II = 1> <Delay = 2.50> <FuncUnit> <Opcode : 'icmp'> <InPorts = 2> <OutPorts = 1>
ST_1 : Operation 8 [1/1] (0.00ns)   --->   "%trunc_ln = call i16 @_ssdm_op_PartSelect.i16.i36.i32.i32(i36 %data_0_V_read_2, i32 10, i32 25)" [firmware/nnet_utils/nnet_activation.h:46]   --->   Operation 8 'partselect' 'trunc_ln' <Predicate = (icmp_ln1494)> <Delay = 0.00>
ST_1 : Operation 9 [1/1] (0.80ns)   --->   "%select_ln1494 = select i1 %icmp_ln1494, i16 %trunc_ln, i16 0" [firmware/nnet_utils/nnet_activation.h:45]   --->   Operation 9 'select' 'select_ln1494' <Predicate = true> <Delay = 0.80> <Core = "Sel">   --->   Core 26 'Sel' <Latency = 0> <II = 1> <Delay = 0.80> <FuncUnit> <Opcode : 'select'> <InPorts = 3> <OutPorts = 1>
ST_1 : Operation 10 [1/1] (2.50ns)   --->   "%icmp_ln1494_1 = icmp sgt i36 %data_1_V_read_2, 0" [firmware/nnet_utils/nnet_activation.h:45]   --->   Operation 10 'icmp' 'icmp_ln1494_1' <Predicate = true> <Delay = 2.50> <Core = "Cmp">   --->   Core 25 'Cmp' <Latency = 0> <II = 1> <Delay = 2.50> <FuncUnit> <Opcode : 'icmp'> <InPorts = 2> <OutPorts = 1>
ST_1 : Operation 11 [1/1] (0.00ns)   --->   "%trunc_ln708_1 = call i16 @_ssdm_op_PartSelect.i16.i36.i32.i32(i36 %data_1_V_read_2, i32 10, i32 25)" [firmware/nnet_utils/nnet_activation.h:46]   --->   Operation 11 'partselect' 'trunc_ln708_1' <Predicate = (icmp_ln1494_1)> <Delay = 0.00>
ST_1 : Operation 12 [1/1] (0.80ns)   --->   "%select_ln1494_8 = select i1 %icmp_ln1494_1, i16 %trunc_ln708_1, i16 0" [firmware/nnet_utils/nnet_activation.h:45]   --->   Operation 12 'select' 'select_ln1494_8' <Predicate = true> <Delay = 0.80> <Core = "Sel">   --->   Core 26 'Sel' <Latency = 0> <II = 1> <Delay = 0.80> <FuncUnit> <Opcode : 'select'> <InPorts = 3> <OutPorts = 1>
ST_1 : Operation 13 [1/1] (2.50ns)   --->   "%icmp_ln1494_2 = icmp sgt i36 %data_2_V_read_2, 0" [firmware/nnet_utils/nnet_activation.h:45]   --->   Operation 13 'icmp' 'icmp_ln1494_2' <Predicate = true> <Delay = 2.50> <Core = "Cmp">   --->   Core 25 'Cmp' <Latency = 0> <II = 1> <Delay = 2.50> <FuncUnit> <Opcode : 'icmp'> <InPorts = 2> <OutPorts = 1>
ST_1 : Operation 14 [1/1] (0.00ns)   --->   "%trunc_ln708_2 = call i16 @_ssdm_op_PartSelect.i16.i36.i32.i32(i36 %data_2_V_read_2, i32 10, i32 25)" [firmware/nnet_utils/nnet_activation.h:46]   --->   Operation 14 'partselect' 'trunc_ln708_2' <Predicate = (icmp_ln1494_2)> <Delay = 0.00>
ST_1 : Operation 15 [1/1] (0.80ns)   --->   "%select_ln1494_9 = select i1 %icmp_ln1494_2, i16 %trunc_ln708_2, i16 0" [firmware/nnet_utils/nnet_activation.h:45]   --->   Operation 15 'select' 'select_ln1494_9' <Predicate = true> <Delay = 0.80> <Core = "Sel">   --->   Core 26 'Sel' <Latency = 0> <II = 1> <Delay = 0.80> <FuncUnit> <Opcode : 'select'> <InPorts = 3> <OutPorts = 1>
ST_1 : Operation 16 [1/1] (2.50ns)   --->   "%icmp_ln1494_3 = icmp sgt i36 %data_3_V_read_2, 0" [firmware/nnet_utils/nnet_activation.h:45]   --->   Operation 16 'icmp' 'icmp_ln1494_3' <Predicate = true> <Delay = 2.50> <Core = "Cmp">   --->   Core 25 'Cmp' <Latency = 0> <II = 1> <Delay = 2.50> <FuncUnit> <Opcode : 'icmp'> <InPorts = 2> <OutPorts = 1>
ST_1 : Operation 17 [1/1] (0.00ns)   --->   "%trunc_ln708_3 = call i16 @_ssdm_op_PartSelect.i16.i36.i32.i32(i36 %data_3_V_read_2, i32 10, i32 25)" [firmware/nnet_utils/nnet_activation.h:46]   --->   Operation 17 'partselect' 'trunc_ln708_3' <Predicate = (icmp_ln1494_3)> <Delay = 0.00>
ST_1 : Operation 18 [1/1] (0.80ns)   --->   "%select_ln1494_10 = select i1 %icmp_ln1494_3, i16 %trunc_ln708_3, i16 0" [firmware/nnet_utils/nnet_activation.h:45]   --->   Operation 18 'select' 'select_ln1494_10' <Predicate = true> <Delay = 0.80> <Core = "Sel">   --->   Core 26 'Sel' <Latency = 0> <II = 1> <Delay = 0.80> <FuncUnit> <Opcode : 'select'> <InPorts = 3> <OutPorts = 1>
ST_1 : Operation 19 [1/1] (0.00ns)   --->   "%mrv = insertvalue { i16, i16, i16, i16 } undef, i16 %select_ln1494, 0" [firmware/nnet_utils/nnet_activation.h:50]   --->   Operation 19 'insertvalue' 'mrv' <Predicate = true> <Delay = 0.00>
ST_1 : Operation 20 [1/1] (0.00ns)   --->   "%mrv_1 = insertvalue { i16, i16, i16, i16 } %mrv, i16 %select_ln1494_8, 1" [firmware/nnet_utils/nnet_activation.h:50]   --->   Operation 20 'insertvalue' 'mrv_1' <Predicate = true> <Delay = 0.00>
ST_1 : Operation 21 [1/1] (0.00ns)   --->   "%mrv_2 = insertvalue { i16, i16, i16, i16 } %mrv_1, i16 %select_ln1494_9, 2" [firmware/nnet_utils/nnet_activation.h:50]   --->   Operation 21 'insertvalue' 'mrv_2' <Predicate = true> <Delay = 0.00>
ST_1 : Operation 22 [1/1] (0.00ns)   --->   "%mrv_3 = insertvalue { i16, i16, i16, i16 } %mrv_2, i16 %select_ln1494_10, 3" [firmware/nnet_utils/nnet_activation.h:50]   --->   Operation 22 'insertvalue' 'mrv_3' <Predicate = true> <Delay = 0.00>
ST_1 : Operation 23 [1/1] (0.00ns)   --->   "ret { i16, i16, i16, i16 } %mrv_3" [firmware/nnet_utils/nnet_activation.h:50]   --->   Operation 23 'ret' <Predicate = true> <Delay = 0.00>


============================================================
+ Verbose Summary: Timing violations
============================================================
Target clock period: 5ns, clock uncertainty: 0.625ns.

 <State 1>: 3.31ns
The critical path consists of the following:
	wire read on port 'data_3_V_read' (firmware/nnet_utils/nnet_activation.h:39) [5]  (0 ns)
	'icmp' operation ('icmp_ln1494_3', firmware/nnet_utils/nnet_activation.h:45) [19]  (2.5 ns)
	'select' operation ('res[3].V', firmware/nnet_utils/nnet_activation.h:45) [21]  (0.805 ns)


============================================================
+ Verbose Summary: Binding
============================================================
N/A
* FSMD analyzer results:
  - Output states:
 - Input state : 
  - Chain level:
	State 1


============================================================
+ Verbose Summary: Datapath Resource usage 
============================================================
N/A
