

================================================================
== Vivado HLS Report for 'dense_resource_rf_leq_nin_0_0_0_0_0_0_0_0_0_0_0_0_0_0_0'
================================================================
* Date:           Wed May 20 11:13:21 2026

* Version:        2020.1 (Build 2897737 on Wed May 27 20:21:37 MDT 2020)
* Project:        myproject_prj
* Solution:       solution1
* Product family: zynq
* Target device:  xc7z020-clg400-1


================================================================
== Performance Estimates
================================================================
+ Timing: 
    * Summary: 
    +--------+---------+----------+------------+
    |  Clock |  Target | Estimated| Uncertainty|
    +--------+---------+----------+------------+
    |ap_clk  | 5.00 ns | 4.170 ns |   0.62 ns  |
    +--------+---------+----------+------------+

+ Latency: 
    * Summary: 
    +---------+---------+-----------+-----------+-----+-----+---------+
    |  Latency (cycles) |   Latency (absolute)  |  Interval | Pipeline|
    |   min   |   max   |    min    |    max    | min | max |   Type  |
    +---------+---------+-----------+-----------+-----+-----+---------+
    |        3|        3| 15.000 ns | 15.000 ns |    3|    3|   none  |
    +---------+---------+-----------+-----------+-----+-----+---------+

    + Detail: 
        * Instance: 
        N/A

        * Loop: 
        N/A



================================================================
== Utilization Estimates
================================================================
* Summary: 
+-----------------+---------+-------+--------+-------+-----+
|       Name      | BRAM_18K| DSP48E|   FF   |  LUT  | URAM|
+-----------------+---------+-------+--------+-------+-----+
|DSP              |        -|      -|       -|      -|    -|
|Expression       |        -|      0|       0|   3923|    -|
|FIFO             |        -|      -|       -|      -|    -|
|Instance         |        -|      -|       -|      -|    -|
|Memory           |        -|      -|       -|      -|    -|
|Multiplexer      |        -|      -|       -|     36|    -|
|Register         |        -|      -|    1515|      -|    -|
+-----------------+---------+-------+--------+-------+-----+
|Total            |        0|      0|    1515|   3959|    0|
+-----------------+---------+-------+--------+-------+-----+
|Available        |      280|    220|  106400|  53200|    0|
+-----------------+---------+-------+--------+-------+-----+
|Utilization (%)  |        0|      0|       1|      7|    0|
+-----------------+---------+-------+--------+-------+-----+

+ Detail: 
    * Instance: 
    N/A

    * DSP48E: 
    N/A

    * Memory: 
    N/A

    * FIFO: 
    N/A

    * Expression: 
    +---------------------------+----------+-------+---+----+------------+------------+
    |       Variable Name       | Operation| DSP48E| FF| LUT| Bitwidth P0| Bitwidth P1|
    +---------------------------+----------+-------+---+----+------------+------------+
    |mul_ln1118_10_fu_981_p2    |     *    |      0|  0|  41|           8|           6|
    |mul_ln1118_11_fu_1058_p2   |     *    |      0|  0|  41|           8|           6|
    |mul_ln1118_14_fu_1438_p2   |     *    |      0|  0|  41|           8|           6|
    |mul_ln1118_15_fu_1470_p2   |     *    |      0|  0|  41|           8|           6|
    |mul_ln1118_16_fu_1669_p2   |     *    |      0|  0|  41|           8|           7|
    |mul_ln1118_17_fu_1713_p2   |     *    |      0|  0|  41|           8|           6|
    |mul_ln1118_18_fu_2163_p2   |     *    |      0|  0|  41|           8|           5|
    |mul_ln1118_19_fu_2260_p2   |     *    |      0|  0|  41|           8|           5|
    |mul_ln1118_20_fu_2424_p2   |     *    |      0|  0|  41|           8|           7|
    |mul_ln1118_21_fu_2440_p2   |     *    |      0|  0|  41|           8|           6|
    |mul_ln1118_22_fu_478_p2    |     *    |      0|  0|  41|           8|           5|
    |mul_ln1118_9_fu_354_p2     |     *    |      0|  0|  41|           8|           6|
    |mul_ln1118_fu_1365_p2      |     *    |      0|  0|  41|           8|           7|
    |mul_ln708_10_fu_2729_p2    |     *    |      0|  0|  41|           8|           4|
    |mul_ln708_2_fu_773_p2      |     *    |      0|  0|  41|           8|           6|
    |mul_ln708_3_fu_933_p2      |     *    |      0|  0|  41|           8|           5|
    |mul_ln708_4_fu_1130_p2     |     *    |      0|  0|  41|           8|           6|
    |mul_ln708_5_fu_398_p2      |     *    |      0|  0|  41|           8|           5|
    |mul_ln708_6_fu_414_p2      |     *    |      0|  0|  41|           8|           4|
    |mul_ln708_7_fu_1801_p2     |     *    |      0|  0|  41|           8|           5|
    |mul_ln708_8_fu_2078_p2     |     *    |      0|  0|  41|           8|           5|
    |mul_ln708_9_fu_446_p2      |     *    |      0|  0|  41|           8|           4|
    |mul_ln708_fu_514_p2        |     *    |      0|  0|  41|           8|           5|
    |acc_10_V_fu_3672_p2        |     +    |      0|  0|  14|          16|          16|
    |acc_11_V_fu_3684_p2        |     +    |      0|  0|  21|          15|          15|
    |acc_12_V_fu_3696_p2        |     +    |      0|  0|  23|          16|          16|
    |acc_13_V_fu_3708_p2        |     +    |      0|  0|  23|          16|          16|
    |acc_1_V_fu_3537_p2         |     +    |      0|  0|  23|          16|          16|
    |acc_2_V_fu_3549_p2         |     +    |      0|  0|  23|          16|          16|
    |acc_3_V_fu_3561_p2         |     +    |      0|  0|  23|          16|          16|
    |acc_4_V_fu_3573_p2         |     +    |      0|  0|  23|          16|          16|
    |acc_5_V_fu_3594_p2         |     +    |      0|  0|  14|          16|          16|
    |acc_6_V_fu_3606_p2         |     +    |      0|  0|  23|          16|          16|
    |acc_7_V_fu_3618_p2         |     +    |      0|  0|  21|          15|          15|
    |acc_8_V_fu_3630_p2         |     +    |      0|  0|  21|          15|          15|
    |acc_9_V_fu_3651_p2         |     +    |      0|  0|  14|          15|          15|
    |add_ln1118_10_fu_2578_p2   |     +    |      0|  0|  12|          12|          12|
    |add_ln1118_11_fu_2698_p2   |     +    |      0|  0|  19|          14|          14|
    |add_ln1118_12_fu_2827_p2   |     +    |      0|  0|  12|          12|          12|
    |add_ln1118_5_fu_695_p2     |     +    |      0|  0|  17|          13|          13|
    |add_ln1118_6_fu_914_p2     |     +    |      0|  0|  13|          11|          11|
    |add_ln1118_7_fu_1329_p2    |     +    |      0|  0|  17|          13|          13|
    |add_ln1118_8_fu_1697_p2    |     +    |      0|  0|  19|          14|          14|
    |add_ln1118_9_fu_1905_p2    |     +    |      0|  0|  12|          12|          12|
    |add_ln1118_fu_655_p2       |     +    |      0|  0|  12|          12|          12|
    |add_ln703_100_fu_3288_p2   |     +    |      0|  0|  19|          14|          14|
    |add_ln703_101_fu_2406_p2   |     +    |      0|  0|  17|          13|          13|
    |add_ln703_102_fu_3642_p2   |     +    |      0|  0|  14|          15|          15|
    |add_ln703_103_fu_2412_p2   |     +    |      0|  0|  12|          12|          12|
    |add_ln703_104_fu_2418_p2   |     +    |      0|  0|  13|          11|           7|
    |add_ln703_105_fu_3300_p2   |     +    |      0|  0|  17|          13|          13|
    |add_ln703_106_fu_3310_p2   |     +    |      0|  0|  19|          14|          14|
    |add_ln703_108_fu_3331_p2   |     +    |      0|  0|  21|          15|          15|
    |add_ln703_109_fu_3337_p2   |     +    |      0|  0|  19|          14|          14|
    |add_ln703_110_fu_3663_p2   |     +    |      0|  0|  14|          16|          16|
    |add_ln703_111_fu_2516_p2   |     +    |      0|  0|  17|          13|          13|
    |add_ln703_112_fu_2522_p2   |     +    |      0|  0|  13|          11|           9|
    |add_ln703_113_fu_2531_p2   |     +    |      0|  0|  12|          12|          12|
    |add_ln703_114_fu_3349_p2   |     +    |      0|  0|  19|          14|          14|
    |add_ln703_116_fu_3364_p2   |     +    |      0|  0|  17|          13|          13|
    |add_ln703_117_fu_3374_p2   |     +    |      0|  0|  19|          14|          14|
    |add_ln703_118_fu_3380_p2   |     +    |      0|  0|  14|          12|          12|
    |add_ln703_119_fu_2572_p2   |     +    |      0|  0|  13|          11|          11|
    |add_ln703_120_fu_3389_p2   |     +    |      0|  0|  14|          12|          12|
    |add_ln703_122_fu_3407_p2   |     +    |      0|  0|  14|          14|          14|
    |add_ln703_123_fu_2717_p2   |     +    |      0|  0|  12|          12|          12|
    |add_ln703_124_fu_3416_p2   |     +    |      0|  0|  14|          14|          14|
    |add_ln703_125_fu_3422_p2   |     +    |      0|  0|  14|          15|          15|
    |add_ln703_126_fu_2723_p2   |     +    |      0|  0|  17|          13|           9|
    |add_ln703_127_fu_3431_p2   |     +    |      0|  0|  14|          15|          15|
    |add_ln703_129_fu_2843_p2   |     +    |      0|  0|  17|          13|          13|
    |add_ln703_130_fu_3452_p2   |     +    |      0|  0|  14|          14|          14|
    |add_ln703_131_fu_3458_p2   |     +    |      0|  0|  14|          14|          14|
    |add_ln703_132_fu_3464_p2   |     +    |      0|  0|  19|          14|          14|
    |add_ln703_133_fu_2849_p2   |     +    |      0|  0|  13|          11|          10|
    |add_ln703_134_fu_3477_p2   |     +    |      0|  0|  12|          12|          12|
    |add_ln703_135_fu_3487_p2   |     +    |      0|  0|  21|          15|          15|
    |add_ln703_30_fu_832_p2     |     +    |      0|  0|  12|          12|          12|
    |add_ln703_31_fu_2864_p2    |     +    |      0|  0|  19|          14|          14|
    |add_ln703_32_fu_838_p2     |     +    |      0|  0|  17|          13|          13|
    |add_ln703_33_fu_2870_p2    |     +    |      0|  0|  17|          13|          10|
    |add_ln703_34_fu_2879_p2    |     +    |      0|  0|  19|          14|          14|
    |add_ln703_35_fu_3502_p2    |     +    |      0|  0|  21|          15|          15|
    |add_ln703_37_fu_2900_p2    |     +    |      0|  0|  14|          15|          15|
    |add_ln703_38_fu_1052_p2    |     +    |      0|  0|  19|          14|          14|
    |add_ln703_39_fu_2909_p2    |     +    |      0|  0|  14|          15|          15|
    |add_ln703_40_fu_2915_p2    |     +    |      0|  0|  19|          14|          14|
    |add_ln703_41_fu_2921_p2    |     +    |      0|  0|  12|          12|           8|
    |add_ln703_42_fu_2930_p2    |     +    |      0|  0|  19|          14|          14|
    |add_ln703_43_fu_3527_p2    |     +    |      0|  0|  21|          15|          15|
    |add_ln703_45_fu_2959_p2    |     +    |      0|  0|  14|          15|          15|
    |add_ln703_46_fu_1239_p2    |     +    |      0|  0|  17|          13|          13|
    |add_ln703_47_fu_2968_p2    |     +    |      0|  0|  14|          15|          15|
    |add_ln703_48_fu_2974_p2    |     +    |      0|  0|  12|          12|          12|
    |add_ln703_49_fu_1245_p2    |     +    |      0|  0|  13|          11|           9|
    |add_ln703_50_fu_2987_p2    |     +    |      0|  0|  17|          13|          13|
    |add_ln703_51_fu_2996_p2    |     +    |      0|  0|  21|          15|          15|
    |add_ln703_53_fu_1397_p2    |     +    |      0|  0|  19|          14|          14|
    |add_ln703_54_fu_1403_p2    |     +    |      0|  0|  19|          14|          14|
    |add_ln703_55_fu_3014_p2    |     +    |      0|  0|  21|          15|          15|
    |add_ln703_56_fu_3020_p2    |     +    |      0|  0|  14|          15|          15|
    |add_ln703_57_fu_1409_p2    |     +    |      0|  0|  12|          12|           8|
    |add_ln703_58_fu_1418_p2    |     +    |      0|  0|  17|          13|          13|
    |add_ln703_59_fu_3029_p2    |     +    |      0|  0|  14|          15|          15|
    |add_ln703_61_fu_3053_p2    |     +    |      0|  0|  19|          14|          14|
    |add_ln703_62_fu_3063_p2    |     +    |      0|  0|  19|          14|          14|
    |add_ln703_63_fu_3073_p2    |     +    |      0|  0|  21|          15|          15|
    |add_ln703_64_fu_3079_p2    |     +    |      0|  0|  14|          14|          14|
    |add_ln703_65_fu_1602_p2    |     +    |      0|  0|  14|          11|           7|
    |add_ln703_66_fu_1607_p2    |     +    |      0|  0|  14|          11|          11|
    |add_ln703_67_fu_3088_p2    |     +    |      0|  0|  14|          14|          14|
    |add_ln703_69_fu_1779_p2    |     +    |      0|  0|  19|          14|          14|
    |add_ln703_70_fu_3106_p2    |     +    |      0|  0|  21|          15|          15|
    |add_ln703_71_fu_3585_p2    |     +    |      0|  0|  14|          16|          16|
    |add_ln703_72_fu_3112_p2    |     +    |      0|  0|  14|          14|          14|
    |add_ln703_73_fu_1785_p2    |     +    |      0|  0|  13|          11|           8|
    |add_ln703_74_fu_1795_p2    |     +    |      0|  0|  12|          12|          12|
    |add_ln703_75_fu_3121_p2    |     +    |      0|  0|  14|          14|          14|
    |add_ln703_77_fu_1937_p2    |     +    |      0|  0|  19|          14|          14|
    |add_ln703_78_fu_3148_p2    |     +    |      0|  0|  19|          14|          14|
    |add_ln703_79_fu_3158_p2    |     +    |      0|  0|  21|          15|          15|
    |add_ln703_80_fu_3164_p2    |     +    |      0|  0|  19|          14|          14|
    |add_ln703_81_fu_1943_p2    |     +    |      0|  0|  14|          10|           9|
    |add_ln703_82_fu_3177_p2    |     +    |      0|  0|  17|          13|          13|
    |add_ln703_83_fu_3187_p2    |     +    |      0|  0|  21|          15|          15|
    |add_ln703_85_fu_3199_p2    |     +    |      0|  0|  17|          13|          13|
    |add_ln703_86_fu_2125_p2    |     +    |      0|  0|  17|          13|          13|
    |add_ln703_87_fu_3212_p2    |     +    |      0|  0|  19|          14|          14|
    |add_ln703_88_fu_2131_p2    |     +    |      0|  0|  12|          12|          12|
    |add_ln703_89_fu_3221_p2    |     +    |      0|  0|  12|          12|           9|
    |add_ln703_90_fu_3230_p2    |     +    |      0|  0|  19|          14|          14|
    |add_ln703_92_fu_3242_p2    |     +    |      0|  0|  17|          13|          13|
    |add_ln703_93_fu_2238_p2    |     +    |      0|  0|  13|          11|          11|
    |add_ln703_94_fu_3255_p2    |     +    |      0|  0|  19|          14|          14|
    |add_ln703_95_fu_3261_p2    |     +    |      0|  0|  17|          13|          13|
    |add_ln703_96_fu_2244_p2    |     +    |      0|  0|  13|          11|           9|
    |add_ln703_97_fu_2254_p2    |     +    |      0|  0|  17|          13|          13|
    |add_ln703_98_fu_3273_p2    |     +    |      0|  0|  19|          14|          14|
    |add_ln703_fu_826_p2        |     +    |      0|  0|  12|          12|          12|
    |p_Val2_s_fu_3512_p2        |     +    |      0|  0|  23|          16|          16|
    |sub_ln1118_100_fu_592_p2   |     -    |      0|  0|  12|          12|          12|
    |sub_ln1118_101_fu_737_p2   |     -    |      0|  0|  17|          13|          13|
    |sub_ln1118_102_fu_1146_p2  |     -    |      0|  0|  17|          13|          13|
    |sub_ln1118_103_fu_1262_p2  |     -    |      0|  0|  13|          11|          11|
    |sub_ln1118_104_fu_1817_p2  |     -    |      0|  0|  13|          11|          11|
    |sub_ln1118_105_fu_2058_p2  |     -    |      0|  0|  13|          11|          11|
    |sub_ln1118_106_fu_2219_p2  |     -    |      0|  0|  17|          13|          13|
    |sub_ln1118_107_fu_2368_p2  |     -    |      0|  0|  12|          12|          12|
    |sub_ln1118_108_fu_2785_p2  |     -    |      0|  0|  13|          11|          11|
    |sub_ln1118_10_fu_882_p2    |     -    |      0|  0|  21|          15|          15|
    |sub_ln1118_11_fu_961_p2    |     -    |      0|  0|  13|           1|          11|
    |sub_ln1118_12_fu_1009_p2   |     -    |      0|  0|  12|           1|          12|
    |sub_ln1118_13_fu_1036_p2   |     -    |      0|  0|  19|          14|          14|
    |sub_ln1118_14_fu_1085_p2   |     -    |      0|  0|  19|           1|          14|
    |sub_ln1118_15_fu_1114_p2   |     -    |      0|  0|  21|          15|          15|
    |sub_ln1118_16_fu_1177_p2   |     -    |      0|  0|  12|           1|          12|
    |sub_ln1118_17_fu_1213_p2   |     -    |      0|  0|  13|           1|          11|
    |sub_ln1118_18_fu_1223_p2   |     -    |      0|  0|  12|          12|          12|
    |sub_ln1118_19_fu_1294_p2   |     -    |      0|  0|  19|          14|          14|
    |sub_ln1118_20_fu_382_p2    |     -    |      0|  0|  13|          11|          11|
    |sub_ln1118_21_fu_1381_p2   |     -    |      0|  0|  13|          11|          11|
    |sub_ln1118_22_fu_1454_p2   |     -    |      0|  0|  17|          13|          13|
    |sub_ln1118_23_fu_1501_p2   |     -    |      0|  0|  13|          11|          11|
    |sub_ln1118_24_fu_1545_p2   |     -    |      0|  0|  17|          13|          13|
    |sub_ln1118_25_fu_1561_p2   |     -    |      0|  0|  17|           1|          13|
    |sub_ln1118_26_fu_1586_p2   |     -    |      0|  0|  19|          14|          14|
    |sub_ln1118_27_fu_1629_p2   |     -    |      0|  0|  12|          12|          12|
    |sub_ln1118_28_fu_1649_p2   |     -    |      0|  0|  19|          14|          14|
    |sub_ln1118_29_fu_1740_p2   |     -    |      0|  0|  12|          12|          12|
    |sub_ln1118_30_fu_1756_p2   |     -    |      0|  0|  12|          12|          12|
    |sub_ln1118_31_fu_430_p2    |     -    |      0|  0|  13|          11|          11|
    |sub_ln1118_32_fu_1837_p2   |     -    |      0|  0|  19|          14|          14|
    |sub_ln1118_33_fu_1873_p2   |     -    |      0|  0|  19|          14|          14|
    |sub_ln1118_34_fu_1889_p2   |     -    |      0|  0|  17|          13|          13|
    |sub_ln1118_35_fu_1921_p2   |     -    |      0|  0|  19|          14|          14|
    |sub_ln1118_36_fu_1949_p2   |     -    |      0|  0|  13|           1|          11|
    |sub_ln1118_37_fu_1959_p2   |     -    |      0|  0|  12|          12|          12|
    |sub_ln1118_38_fu_1986_p2   |     -    |      0|  0|  17|          13|          13|
    |sub_ln1118_39_fu_2018_p2   |     -    |      0|  0|  17|          13|          13|
    |sub_ln1118_40_fu_2038_p2   |     -    |      0|  0|  17|          13|          13|
    |sub_ln1118_41_fu_2105_p2   |     -    |      0|  0|  12|          12|          12|
    |sub_ln1118_42_fu_2137_p2   |     -    |      0|  0|  12|           1|          12|
    |sub_ln1118_43_fu_2147_p2   |     -    |      0|  0|  17|          13|          13|
    |sub_ln1118_44_fu_2179_p2   |     -    |      0|  0|  14|           1|          10|
    |sub_ln1118_45_fu_2199_p2   |     -    |      0|  0|  13|          11|          11|
    |sub_ln1118_46_fu_2280_p2   |     -    |      0|  0|  19|          14|          14|
    |sub_ln1118_47_fu_2296_p2   |     -    |      0|  0|  17|          13|          13|
    |sub_ln1118_48_fu_2316_p2   |     -    |      0|  0|  12|          12|          12|
    |sub_ln1118_49_fu_2348_p2   |     -    |      0|  0|  12|           1|          12|
    |sub_ln1118_50_fu_2387_p2   |     -    |      0|  0|  13|           1|          11|
    |sub_ln1118_51_fu_2460_p2   |     -    |      0|  0|  19|          14|          14|
    |sub_ln1118_52_fu_2476_p2   |     -    |      0|  0|  17|           1|          13|
    |sub_ln1118_53_fu_2486_p2   |     -    |      0|  0|  19|          14|          14|
    |sub_ln1118_54_fu_462_p2    |     -    |      0|  0|  13|           1|          11|
    |sub_ln1118_55_fu_2540_p2   |     -    |      0|  0|  12|          12|          12|
    |sub_ln1118_56_fu_2556_p2   |     -    |      0|  0|  15|           1|           9|
    |sub_ln1118_57_fu_2606_p2   |     -    |      0|  0|  17|           1|          13|
    |sub_ln1118_58_fu_2616_p2   |     -    |      0|  0|  19|          14|          14|
    |sub_ln1118_59_fu_2632_p2   |     -    |      0|  0|  12|          12|          12|
    |sub_ln1118_60_fu_2651_p2   |     -    |      0|  0|  12|          12|          12|
    |sub_ln1118_61_fu_2671_p2   |     -    |      0|  0|  12|          12|          12|
    |sub_ln1118_62_fu_2745_p2   |     -    |      0|  0|  12|           1|          12|
    |sub_ln1118_63_fu_2765_p2   |     -    |      0|  0|  17|           1|          13|
    |sub_ln1118_64_fu_2801_p2   |     -    |      0|  0|  17|           1|          13|
    |sub_ln1118_65_fu_2811_p2   |     -    |      0|  0|  19|          14|          14|
    |sub_ln1118_99_fu_558_p2    |     -    |      0|  0|  12|          12|          12|
    |sub_ln1118_9_fu_856_p2     |     -    |      0|  0|  19|           1|          14|
    |sub_ln1118_fu_806_p2       |     -    |      0|  0|  17|          13|          13|
    |ap_block_state1            |    or    |      0|  0|   2|           1|           1|
    +---------------------------+----------+-------+---+----+------------+------------+
    |Total                      |          |      0|  0|3923|        2418|        2532|
    +---------------------------+----------+-------+---+----+------------+------------+

    * Multiplexer: 
    +-----------+----+-----------+-----+-----------+
    |    Name   | LUT| Input Size| Bits| Total Bits|
    +-----------+----+-----------+-----+-----------+
    |ap_NS_fsm  |  27|          5|    1|          5|
    |ap_done    |   9|          2|    1|          2|
    +-----------+----+-----------+-----+-----------+
    |Total      |  36|          7|    2|          7|
    +-----------+----+-----------+-----+-----------+

    * Register: 
    +-------------------------+----+----+-----+-----------+
    |           Name          | FF | LUT| Bits| Const Bits|
    +-------------------------+----+----+-----+-----------+
    |add_ln703_100_reg_4499   |  14|   0|   14|          0|
    |add_ln703_101_reg_4283   |  13|   0|   13|          0|
    |add_ln703_103_reg_4288   |  12|   0|   12|          0|
    |add_ln703_104_reg_4293   |  10|   0|   11|          1|
    |add_ln703_106_reg_4504   |  14|   0|   14|          0|
    |add_ln703_108_reg_4509   |  15|   0|   15|          0|
    |add_ln703_109_reg_4514   |  14|   0|   14|          0|
    |add_ln703_111_reg_4319   |  11|   0|   13|          2|
    |add_ln703_113_reg_4324   |  12|   0|   12|          0|
    |add_ln703_114_reg_4519   |  14|   0|   14|          0|
    |add_ln703_117_reg_4524   |  14|   0|   14|          0|
    |add_ln703_119_reg_4339   |  11|   0|   11|          0|
    |add_ln703_120_reg_4529   |  12|   0|   12|          0|
    |add_ln703_123_reg_4364   |  12|   0|   12|          0|
    |add_ln703_124_reg_4534   |  14|   0|   14|          0|
    |add_ln703_126_reg_4369   |  13|   0|   13|          0|
    |add_ln703_127_reg_4539   |  15|   0|   15|          0|
    |add_ln703_129_reg_4394   |  11|   0|   13|          2|
    |add_ln703_131_reg_4544   |  14|   0|   14|          0|
    |add_ln703_133_reg_4399   |   9|   0|   11|          2|
    |add_ln703_135_reg_4549   |  15|   0|   15|          0|
    |add_ln703_30_reg_4020    |  12|   0|   12|          0|
    |add_ln703_31_reg_4404    |  14|   0|   14|          0|
    |add_ln703_32_reg_4025    |  13|   0|   13|          0|
    |add_ln703_34_reg_4409    |  14|   0|   14|          0|
    |add_ln703_38_reg_4060    |  14|   0|   14|          0|
    |add_ln703_39_reg_4414    |  15|   0|   15|          0|
    |add_ln703_40_reg_4419    |  14|   0|   14|          0|
    |add_ln703_42_reg_4424    |  14|   0|   14|          0|
    |add_ln703_46_reg_4091    |  13|   0|   13|          0|
    |add_ln703_47_reg_4429    |  15|   0|   15|          0|
    |add_ln703_49_reg_4096    |   9|   0|   11|          2|
    |add_ln703_51_reg_4434    |  15|   0|   15|          0|
    |add_ln703_53_reg_4111    |  14|   0|   14|          0|
    |add_ln703_54_reg_4116    |  14|   0|   14|          0|
    |add_ln703_55_reg_4439    |  15|   0|   15|          0|
    |add_ln703_58_reg_4121    |  13|   0|   13|          0|
    |add_ln703_59_reg_4444    |  15|   0|   15|          0|
    |add_ln703_63_reg_4449    |  15|   0|   15|          0|
    |add_ln703_66_reg_4156    |  11|   0|   11|          0|
    |add_ln703_67_reg_4454    |  14|   0|   14|          0|
    |add_ln703_69_reg_4181    |  14|   0|   14|          0|
    |add_ln703_70_reg_4459    |  15|   0|   15|          0|
    |add_ln703_74_reg_4186    |  12|   0|   12|          0|
    |add_ln703_75_reg_4464    |  14|   0|   14|          0|
    |add_ln703_77_reg_4217    |  14|   0|   14|          0|
    |add_ln703_79_reg_4469    |  15|   0|   15|          0|
    |add_ln703_81_reg_4222    |   9|   0|   10|          1|
    |add_ln703_83_reg_4474    |  15|   0|   15|          0|
    |add_ln703_86_reg_4242    |  13|   0|   13|          0|
    |add_ln703_87_reg_4479    |  14|   0|   14|          0|
    |add_ln703_88_reg_4247    |  12|   0|   12|          0|
    |add_ln703_90_reg_4484    |  14|   0|   14|          0|
    |add_ln703_93_reg_4262    |  11|   0|   11|          0|
    |add_ln703_94_reg_4489    |  14|   0|   14|          0|
    |add_ln703_97_reg_4267    |  13|   0|   13|          0|
    |add_ln703_98_reg_4494    |  14|   0|   14|          0|
    |add_ln703_reg_4015       |  12|   0|   12|          0|
    |ap_CS_fsm                |   4|   0|    4|          0|
    |ap_done_reg              |   1|   0|    1|          0|
    |lshr_ln708_2_reg_4191    |  12|   0|   12|          0|
    |lshr_ln708_3_reg_4374    |  11|   0|   11|          0|
    |lshr_ln_reg_4005         |  12|   0|   12|          0|
    |sext_ln1118_92_reg_4080  |  13|   0|   13|          0|
    |shl_ln1118_17_reg_3943   |   8|   0|   10|          2|
    |sub_ln1118_54_reg_3985   |   9|   0|   11|          2|
    |tmp_207_reg_4030         |  12|   0|   14|          2|
    |tmp_208_reg_4035         |  10|   0|   10|          0|
    |tmp_209_reg_3955         |  13|   0|   13|          0|
    |tmp_211_reg_4045         |  13|   0|   13|          0|
    |tmp_212_reg_4050         |   9|   0|   11|          2|
    |tmp_213_reg_4055         |  12|   0|   13|          1|
    |tmp_214_reg_4065         |  13|   0|   13|          0|
    |tmp_215_reg_4070         |  14|   0|   14|          0|
    |tmp_218_reg_4085         |  11|   0|   11|          0|
    |tmp_221_reg_3960         |  10|   0|   10|          0|
    |tmp_223_reg_4101         |  14|   0|   14|          0|
    |tmp_224_reg_4106         |  10|   0|   10|          0|
    |tmp_225_reg_4126         |  13|   0|   13|          0|
    |tmp_226_reg_4131         |  12|   0|   12|          0|
    |tmp_227_reg_4136         |  13|   0|   13|          0|
    |tmp_228_reg_4141         |  10|   0|   10|          0|
    |tmp_229_reg_4146         |  12|   0|   12|          0|
    |tmp_230_reg_4151         |  13|   0|   13|          0|
    |tmp_233_reg_4161         |  14|   0|   14|          0|
    |tmp_234_reg_4166         |  11|   0|   13|          2|
    |tmp_235_reg_4171         |  13|   0|   13|          0|
    |tmp_236_reg_4176         |  11|   0|   11|          0|
    |tmp_238_reg_3975         |  10|   0|   10|          0|
    |tmp_241_reg_4196         |  13|   0|   13|          0|
    |tmp_242_reg_4201         |  12|   0|   12|          0|
    |tmp_243_reg_4206         |  11|   0|   11|          0|
    |tmp_244_reg_4212         |  12|   0|   13|          1|
    |tmp_245_reg_4227         |  11|   0|   11|          0|
    |tmp_246_reg_4232         |  12|   0|   12|          0|
    |tmp_251_reg_4252         |  12|   0|   12|          0|
    |tmp_252_reg_4257         |  12|   0|   12|          0|
    |tmp_256_reg_4272         |  12|   0|   12|          0|
    |tmp_257_reg_4278         |  11|   0|   13|          2|
    |tmp_263_reg_4298         |  14|   0|   14|          0|
    |tmp_264_reg_4303         |  13|   0|   13|          0|
    |tmp_265_reg_4309         |  11|   0|   13|          2|
    |tmp_266_reg_4314         |  13|   0|   13|          0|
    |tmp_268_reg_3990         |   9|   0|   10|          1|
    |tmp_269_reg_4329         |  11|   0|   11|          0|
    |tmp_270_reg_4334         |   8|   0|    8|          0|
    |tmp_271_reg_4344         |  11|   0|   11|          0|
    |tmp_272_reg_4349         |  12|   0|   13|          1|
    |tmp_275_reg_4354         |  11|   0|   11|          0|
    |tmp_276_reg_4359         |  13|   0|   13|          0|
    |tmp_277_reg_3995         |  12|   0|   12|          0|
    |tmp_280_reg_4379         |  10|   0|   10|          0|
    |tmp_281_reg_4384         |  12|   0|   13|          1|
    |tmp_282_reg_4389         |  11|   0|   11|          0|
    |trunc_ln1116_1_reg_4010  |  13|   0|   13|          0|
    |trunc_ln1118_2_reg_4075  |  13|   0|   13|          0|
    |trunc_ln1118_3_reg_3970  |  11|   0|   11|          0|
    |trunc_ln1118_4_reg_4237  |  12|   0|   12|          0|
    |trunc_ln1118_5_reg_3980  |  11|   0|   11|          0|
    |trunc_ln3_reg_4040       |  12|   0|   12|          0|
    |trunc_ln4_reg_3965       |  12|   0|   12|          0|
    |zext_ln1118_55_reg_3926  |   8|   0|   12|          4|
    |zext_ln1118_79_reg_3932  |   8|   0|   12|          4|
    |zext_ln1118_86_reg_3938  |   8|   0|   13|          5|
    |zext_ln1118_89_reg_3949  |   8|   0|   11|          3|
    +-------------------------+----+----+-----+-----------+
    |Total                    |1515|   0| 1560|         45|
    +-------------------------+----+----+-----+-----------+



================================================================
== Interface
================================================================
* Summary: 
+-----------------+-----+-----+------------+---------------------------------------------------------+--------------+
|    RTL Ports    | Dir | Bits|  Protocol  |                      Source Object                      |    C Type    |
+-----------------+-----+-----+------------+---------------------------------------------------------+--------------+
|ap_clk           |  in |    1| ap_ctrl_hs | dense_resource_rf_leq_nin.0.0.0.0.0.0.0.0.0.0.0.0.0.0.0 | return value |
|ap_rst           |  in |    1| ap_ctrl_hs | dense_resource_rf_leq_nin.0.0.0.0.0.0.0.0.0.0.0.0.0.0.0 | return value |
|ap_start         |  in |    1| ap_ctrl_hs | dense_resource_rf_leq_nin.0.0.0.0.0.0.0.0.0.0.0.0.0.0.0 | return value |
|ap_done          | out |    1| ap_ctrl_hs | dense_resource_rf_leq_nin.0.0.0.0.0.0.0.0.0.0.0.0.0.0.0 | return value |
|ap_continue      |  in |    1| ap_ctrl_hs | dense_resource_rf_leq_nin.0.0.0.0.0.0.0.0.0.0.0.0.0.0.0 | return value |
|ap_idle          | out |    1| ap_ctrl_hs | dense_resource_rf_leq_nin.0.0.0.0.0.0.0.0.0.0.0.0.0.0.0 | return value |
|ap_ready         | out |    1| ap_ctrl_hs | dense_resource_rf_leq_nin.0.0.0.0.0.0.0.0.0.0.0.0.0.0.0 | return value |
|p_read           |  in |    8|   ap_none  |                          p_read                         |    scalar    |
|p_read1          |  in |    8|   ap_none  |                         p_read1                         |    scalar    |
|p_read2          |  in |    8|   ap_none  |                         p_read2                         |    scalar    |
|p_read3          |  in |    8|   ap_none  |                         p_read3                         |    scalar    |
|p_read4          |  in |    8|   ap_none  |                         p_read4                         |    scalar    |
|p_read5          |  in |    8|   ap_none  |                         p_read5                         |    scalar    |
|p_read6          |  in |    8|   ap_none  |                         p_read6                         |    scalar    |
|p_read7          |  in |    8|   ap_none  |                         p_read7                         |    scalar    |
|res_0_V          | out |   20|   ap_vld   |                         res_0_V                         |    pointer   |
|res_0_V_ap_vld   | out |    1|   ap_vld   |                         res_0_V                         |    pointer   |
|res_1_V          | out |   20|   ap_vld   |                         res_1_V                         |    pointer   |
|res_1_V_ap_vld   | out |    1|   ap_vld   |                         res_1_V                         |    pointer   |
|res_2_V          | out |   20|   ap_vld   |                         res_2_V                         |    pointer   |
|res_2_V_ap_vld   | out |    1|   ap_vld   |                         res_2_V                         |    pointer   |
|res_3_V          | out |   20|   ap_vld   |                         res_3_V                         |    pointer   |
|res_3_V_ap_vld   | out |    1|   ap_vld   |                         res_3_V                         |    pointer   |
|res_4_V          | out |   20|   ap_vld   |                         res_4_V                         |    pointer   |
|res_4_V_ap_vld   | out |    1|   ap_vld   |                         res_4_V                         |    pointer   |
|res_5_V          | out |   20|   ap_vld   |                         res_5_V                         |    pointer   |
|res_5_V_ap_vld   | out |    1|   ap_vld   |                         res_5_V                         |    pointer   |
|res_6_V          | out |   20|   ap_vld   |                         res_6_V                         |    pointer   |
|res_6_V_ap_vld   | out |    1|   ap_vld   |                         res_6_V                         |    pointer   |
|res_7_V          | out |   20|   ap_vld   |                         res_7_V                         |    pointer   |
|res_7_V_ap_vld   | out |    1|   ap_vld   |                         res_7_V                         |    pointer   |
|res_8_V          | out |   20|   ap_vld   |                         res_8_V                         |    pointer   |
|res_8_V_ap_vld   | out |    1|   ap_vld   |                         res_8_V                         |    pointer   |
|res_9_V          | out |   20|   ap_vld   |                         res_9_V                         |    pointer   |
|res_9_V_ap_vld   | out |    1|   ap_vld   |                         res_9_V                         |    pointer   |
|res_10_V         | out |   20|   ap_vld   |                         res_10_V                        |    pointer   |
|res_10_V_ap_vld  | out |    1|   ap_vld   |                         res_10_V                        |    pointer   |
|res_11_V         | out |   20|   ap_vld   |                         res_11_V                        |    pointer   |
|res_11_V_ap_vld  | out |    1|   ap_vld   |                         res_11_V                        |    pointer   |
|res_12_V         | out |   20|   ap_vld   |                         res_12_V                        |    pointer   |
|res_12_V_ap_vld  | out |    1|   ap_vld   |                         res_12_V                        |    pointer   |
|res_13_V         | out |   20|   ap_vld   |                         res_13_V                        |    pointer   |
|res_13_V_ap_vld  | out |    1|   ap_vld   |                         res_13_V                        |    pointer   |
+-----------------+-----+-----+------------+---------------------------------------------------------+--------------+

