

================================================================
== Vivado HLS Report for 'dense_resource_rf_leq_nin_ap_ufixed_ap_fixed_config14_0_0_0_0_0_0_0_0_0'
================================================================
* Date:           Wed May 20 11:13:19 2026

* Version:        2020.1 (Build 2897737 on Wed May 27 20:21:37 MDT 2020)
* Project:        myproject_prj
* Solution:       solution1
* Product family: zynq
* Target device:  xc7z020-clg400-1


================================================================
== Performance Estimates
================================================================
+ Timing: 
    * Summary: 
    +--------+---------+----------+------------+
    |  Clock |  Target | Estimated| Uncertainty|
    +--------+---------+----------+------------+
    |ap_clk  | 5.00 ns | 4.170 ns |   0.62 ns  |
    +--------+---------+----------+------------+

+ Latency: 
    * Summary: 
    +---------+---------+-----------+-----------+-----+-----+---------+
    |  Latency (cycles) |   Latency (absolute)  |  Interval | Pipeline|
    |   min   |   max   |    min    |    max    | min | max |   Type  |
    +---------+---------+-----------+-----------+-----+-----+---------+
    |        2|        2| 10.000 ns | 10.000 ns |    2|    2|   none  |
    +---------+---------+-----------+-----------+-----+-----+---------+

    + Detail: 
        * Instance: 
        N/A

        * Loop: 
        N/A



================================================================
== Utilization Estimates
================================================================
* Summary: 
+-----------------+---------+-------+--------+-------+-----+
|       Name      | BRAM_18K| DSP48E|   FF   |  LUT  | URAM|
+-----------------+---------+-------+--------+-------+-----+
|DSP              |        -|      -|       -|      -|    -|
|Expression       |        -|      0|       0|   1210|    -|
|FIFO             |        -|      -|       -|      -|    -|
|Instance         |        -|      -|       -|      -|    -|
|Memory           |        -|      -|       -|      -|    -|
|Multiplexer      |        -|      -|       -|     30|    -|
|Register         |        -|      -|     371|      -|    -|
+-----------------+---------+-------+--------+-------+-----+
|Total            |        0|      0|     371|   1240|    0|
+-----------------+---------+-------+--------+-------+-----+
|Available        |      280|    220|  106400|  53200|    0|
+-----------------+---------+-------+--------+-------+-----+
|Utilization (%)  |        0|      0|   ~0   |      2|    0|
+-----------------+---------+-------+--------+-------+-----+

+ Detail: 
    * Instance: 
    N/A

    * DSP48E: 
    N/A

    * Memory: 
    N/A

    * FIFO: 
    N/A

    * Expression: 
    +-------------------------+----------+-------+---+----+------------+------------+
    |      Variable Name      | Operation| DSP48E| FF| LUT| Bitwidth P0| Bitwidth P1|
    +-------------------------+----------+-------+---+----+------------+------------+
    |mul_ln1118_3_fu_386_p2   |     *    |      0|  0|  41|           8|           6|
    |mul_ln1118_4_fu_470_p2   |     *    |      0|  0|  41|           8|           6|
    |mul_ln1118_5_fu_486_p2   |     *    |      0|  0|  41|           8|           6|
    |mul_ln1118_fu_370_p2     |     *    |      0|  0|  41|           8|           5|
    |mul_ln708_2_fu_424_p2    |     *    |      0|  0|  41|           8|           5|
    |mul_ln708_3_fu_184_p2    |     *    |      0|  0|  41|           8|           5|
    |mul_ln708_4_fu_216_p2    |     *    |      0|  0|  41|           8|           5|
    |mul_ln708_5_fu_232_p2    |     *    |      0|  0|  41|           8|           5|
    |mul_ln708_6_fu_893_p2    |     *    |      0|  0|  41|           8|           6|
    |mul_ln708_fu_260_p2      |     *    |      0|  0|  41|           8|           4|
    |acc_1_V_fu_981_p2        |     +    |      0|  0|  21|          15|          15|
    |acc_2_V_fu_999_p2        |     +    |      0|  0|  14|          14|          14|
    |acc_3_V_fu_1024_p2       |     +    |      0|  0|  21|          15|          15|
    |acc_4_V_fu_1045_p2       |     +    |      0|  0|  14|          15|          15|
    |acc_5_V_fu_1066_p2       |     +    |      0|  0|  14|          15|          15|
    |acc_6_V_fu_1087_p2       |     +    |      0|  0|  14|          15|          15|
    |acc_7_V_fu_1112_p2       |     +    |      0|  0|  23|          16|          16|
    |add_ln1118_5_fu_200_p2   |     +    |      0|  0|  13|          11|          11|
    |add_ln1118_6_fu_870_p2   |     +    |      0|  0|  19|          14|          14|
    |add_ln1118_fu_345_p2     |     +    |      0|  0|  17|          13|          13|
    |add_ln703_31_fu_364_p2   |     +    |      0|  0|  12|          12|          12|
    |add_ln703_33_fu_961_p2   |     +    |      0|  0|  19|          14|          14|
    |add_ln703_34_fu_971_p2   |     +    |      0|  0|  17|          13|          13|
    |add_ln703_36_fu_990_p2   |     +    |      0|  0|  14|          14|          14|
    |add_ln703_37_fu_454_p2   |     +    |      0|  0|  12|          12|           8|
    |add_ln703_38_fu_464_p2   |     +    |      0|  0|  17|          13|          13|
    |add_ln703_40_fu_1011_p2  |     +    |      0|  0|  19|          14|          14|
    |add_ln703_41_fu_505_p2   |     +    |      0|  0|  12|          12|           9|
    |add_ln703_42_fu_514_p2   |     +    |      0|  0|  17|          13|          13|
    |add_ln703_44_fu_619_p2   |     +    |      0|  0|  17|          13|          13|
    |add_ln703_45_fu_625_p2   |     +    |      0|  0|  12|          12|           9|
    |add_ln703_46_fu_1039_p2  |     +    |      0|  0|  14|          15|          15|
    |add_ln703_48_fu_1057_p2  |     +    |      0|  0|  14|          15|          15|
    |add_ln703_49_fu_720_p2   |     +    |      0|  0|  14|          10|          10|
    |add_ln703_50_fu_729_p2   |     +    |      0|  0|  17|          13|          13|
    |add_ln703_52_fu_1078_p2  |     +    |      0|  0|  14|          15|          15|
    |add_ln703_53_fu_823_p2   |     +    |      0|  0|  12|          12|           8|
    |add_ln703_54_fu_832_p2   |     +    |      0|  0|  19|          14|          14|
    |add_ln703_56_fu_909_p2   |     +    |      0|  0|  21|          15|          15|
    |add_ln703_57_fu_915_p2   |     +    |      0|  0|  15|           9|           9|
    |add_ln703_58_fu_1102_p2  |     +    |      0|  0|  19|          14|          14|
    |add_ln703_fu_927_p2      |     +    |      0|  0|  19|          14|          14|
    |p_Val2_s_fu_940_p2       |     +    |      0|  0|  21|          15|          15|
    |sub_ln1118_13_fu_402_p2  |     -    |      0|  0|  17|          13|          13|
    |sub_ln1118_14_fu_158_p2  |     -    |      0|  0|  13|           1|          11|
    |sub_ln1118_15_fu_532_p2  |     -    |      0|  0|  12|          12|          12|
    |sub_ln1118_16_fu_563_p2  |     -    |      0|  0|  17|          13|          13|
    |sub_ln1118_17_fu_593_p2  |     -    |      0|  0|  19|           1|          14|
    |sub_ln1118_18_fu_603_p2  |     -    |      0|  0|  21|          15|          15|
    |sub_ln1118_19_fu_658_p2  |     -    |      0|  0|  21|          15|          15|
    |sub_ln1118_20_fu_685_p2  |     -    |      0|  0|  17|          13|          13|
    |sub_ln1118_21_fu_701_p2  |     -    |      0|  0|  17|          13|          13|
    |sub_ln1118_22_fu_735_p2  |     -    |      0|  0|  17|           1|          13|
    |sub_ln1118_23_fu_751_p2  |     -    |      0|  0|  19|           1|          14|
    |sub_ln1118_24_fu_776_p2  |     -    |      0|  0|  21|          15|          15|
    |sub_ln1118_25_fu_803_p2  |     -    |      0|  0|  17|          13|          13|
    |sub_ln1118_26_fu_850_p2  |     -    |      0|  0|  14|           1|          10|
    |sub_ln1118_fu_301_p2     |     -    |      0|  0|  19|          14|          14|
    |ap_block_state1          |    or    |      0|  0|   2|           1|           1|
    +-------------------------+----------+-------+---+----+------------+------------+
    |Total                    |          |      0|  0|1210|         668|         684|
    +-------------------------+----------+-------+---+----+------------+------------+

    * Multiplexer: 
    +-----------+----+-----------+-----+-----------+
    |    Name   | LUT| Input Size| Bits| Total Bits|
    +-----------+----+-----------+-----+-----------+
    |ap_NS_fsm  |  21|          4|    1|          4|
    |ap_done    |   9|          2|    1|          2|
    +-----------+----+-----------+-----+-----------+
    |Total      |  30|          6|    2|          6|
    +-----------+----+-----------+-----+-----------+

    * Register: 
    +-------------------------+----+----+-----+-----------+
    |           Name          | FF | LUT| Bits| Const Bits|
    +-------------------------+----+----+-----+-----------+
    |add_ln703_31_reg_1343    |  12|   0|   12|          0|
    |add_ln703_38_reg_1368    |  13|   0|   13|          0|
    |add_ln703_42_reg_1383    |  13|   0|   13|          0|
    |add_ln703_44_reg_1393    |  13|   0|   13|          0|
    |add_ln703_45_reg_1398    |  12|   0|   12|          0|
    |add_ln703_50_reg_1413    |  13|   0|   13|          0|
    |add_ln703_54_reg_1428    |  14|   0|   14|          0|
    |add_ln703_56_reg_1438    |  15|   0|   15|          0|
    |add_ln703_57_reg_1443    |   9|   0|    9|          0|
    |ap_CS_fsm                |   3|   0|    3|          0|
    |ap_done_reg              |   1|   0|    1|          0|
    |lshr_ln708_5_reg_1307    |   7|   0|    7|          0|
    |lshr_ln708_6_reg_1317    |  10|   0|   10|          0|
    |lshr_ln708_8_reg_1433    |  13|   0|   13|          0|
    |shl_ln1118_13_reg_1295   |   8|   0|   10|          2|
    |tmp_154_reg_1333         |  11|   0|   11|          0|
    |tmp_155_reg_1338         |  11|   0|   13|          2|
    |tmp_156_reg_1348         |  12|   0|   12|          0|
    |tmp_157_reg_1353         |  13|   0|   13|          0|
    |tmp_158_reg_1358         |  11|   0|   12|          1|
    |tmp_159_reg_1301         |   9|   0|   10|          1|
    |tmp_160_reg_1363         |  12|   0|   12|          0|
    |tmp_161_reg_1373         |  13|   0|   13|          0|
    |tmp_162_reg_1378         |  13|   0|   13|          0|
    |tmp_165_reg_1388         |  13|   0|   14|          1|
    |tmp_166_reg_1403         |  11|   0|   14|          3|
    |tmp_167_reg_1408         |  11|   0|   12|          1|
    |tmp_169_reg_1418         |   9|   0|   12|          3|
    |tmp_170_reg_1423         |  14|   0|   14|          0|
    |trunc_ln1118_6_reg_1323  |  12|   0|   12|          0|
    |trunc_ln1118_7_reg_1328  |  12|   0|   12|          0|
    |trunc_ln1_reg_1312       |  12|   0|   12|          0|
    |zext_ln1118_37_reg_1285  |   8|   0|   13|          5|
    |zext_ln1118_42_reg_1290  |   8|   0|   13|          5|
    +-------------------------+----+----+-----+-----------+
    |Total                    | 371|   0|  395|         24|
    +-------------------------+----+----+-----+-----------+



================================================================
== Interface
================================================================
* Summary: 
+-------------+-----+-----+------------+--------------------------------------------------------------------------+--------------+
|  RTL Ports  | Dir | Bits|  Protocol  |                               Source Object                              |    C Type    |
+-------------+-----+-----+------------+--------------------------------------------------------------------------+--------------+
|ap_clk       |  in |    1| ap_ctrl_hs | dense_resource_rf_leq_nin<ap_ufixed,ap_fixed,config14>.0.0.0.0.0.0.0.0.0 | return value |
|ap_rst       |  in |    1| ap_ctrl_hs | dense_resource_rf_leq_nin<ap_ufixed,ap_fixed,config14>.0.0.0.0.0.0.0.0.0 | return value |
|ap_start     |  in |    1| ap_ctrl_hs | dense_resource_rf_leq_nin<ap_ufixed,ap_fixed,config14>.0.0.0.0.0.0.0.0.0 | return value |
|ap_done      | out |    1| ap_ctrl_hs | dense_resource_rf_leq_nin<ap_ufixed,ap_fixed,config14>.0.0.0.0.0.0.0.0.0 | return value |
|ap_continue  |  in |    1| ap_ctrl_hs | dense_resource_rf_leq_nin<ap_ufixed,ap_fixed,config14>.0.0.0.0.0.0.0.0.0 | return value |
|ap_idle      | out |    1| ap_ctrl_hs | dense_resource_rf_leq_nin<ap_ufixed,ap_fixed,config14>.0.0.0.0.0.0.0.0.0 | return value |
|ap_ready     | out |    1| ap_ctrl_hs | dense_resource_rf_leq_nin<ap_ufixed,ap_fixed,config14>.0.0.0.0.0.0.0.0.0 | return value |
|ap_return_0  | out |   17| ap_ctrl_hs | dense_resource_rf_leq_nin<ap_ufixed,ap_fixed,config14>.0.0.0.0.0.0.0.0.0 | return value |
|ap_return_1  | out |   17| ap_ctrl_hs | dense_resource_rf_leq_nin<ap_ufixed,ap_fixed,config14>.0.0.0.0.0.0.0.0.0 | return value |
|ap_return_2  | out |   17| ap_ctrl_hs | dense_resource_rf_leq_nin<ap_ufixed,ap_fixed,config14>.0.0.0.0.0.0.0.0.0 | return value |
|ap_return_3  | out |   17| ap_ctrl_hs | dense_resource_rf_leq_nin<ap_ufixed,ap_fixed,config14>.0.0.0.0.0.0.0.0.0 | return value |
|ap_return_4  | out |   17| ap_ctrl_hs | dense_resource_rf_leq_nin<ap_ufixed,ap_fixed,config14>.0.0.0.0.0.0.0.0.0 | return value |
|ap_return_5  | out |   17| ap_ctrl_hs | dense_resource_rf_leq_nin<ap_ufixed,ap_fixed,config14>.0.0.0.0.0.0.0.0.0 | return value |
|ap_return_6  | out |   17| ap_ctrl_hs | dense_resource_rf_leq_nin<ap_ufixed,ap_fixed,config14>.0.0.0.0.0.0.0.0.0 | return value |
|ap_return_7  | out |   17| ap_ctrl_hs | dense_resource_rf_leq_nin<ap_ufixed,ap_fixed,config14>.0.0.0.0.0.0.0.0.0 | return value |
|p_read       |  in |    8|   ap_none  |                                  p_read                                  |    scalar    |
|p_read1      |  in |    8|   ap_none  |                                  p_read1                                 |    scalar    |
|p_read2      |  in |    8|   ap_none  |                                  p_read2                                 |    scalar    |
|p_read3      |  in |    8|   ap_none  |                                  p_read3                                 |    scalar    |
+-------------+-----+-----+------------+--------------------------------------------------------------------------+--------------+

