

================================================================
== Vivado HLS Report for 'dense_resource_rf_leq_nin_ap_ufixed_ap_fixed_config5_0_0_0_0_0'
================================================================
* Date:           Wed May 20 11:13:15 2026

* Version:        2020.1 (Build 2897737 on Wed May 27 20:21:37 MDT 2020)
* Project:        myproject_prj
* Solution:       solution1
* Product family: zynq
* Target device:  xc7z020-clg400-1


================================================================
== Performance Estimates
================================================================
+ Timing: 
    * Summary: 
    +--------+---------+----------+------------+
    |  Clock |  Target | Estimated| Uncertainty|
    +--------+---------+----------+------------+
    |ap_clk  | 5.00 ns | 4.170 ns |   0.62 ns  |
    +--------+---------+----------+------------+

+ Latency: 
    * Summary: 
    +---------+---------+-----------+-----------+-----+-----+---------+
    |  Latency (cycles) |   Latency (absolute)  |  Interval | Pipeline|
    |   min   |   max   |    min    |    max    | min | max |   Type  |
    +---------+---------+-----------+-----------+-----+-----+---------+
    |        2|        2| 10.000 ns | 10.000 ns |    2|    2|   none  |
    +---------+---------+-----------+-----------+-----+-----+---------+

    + Detail: 
        * Instance: 
        N/A

        * Loop: 
        N/A



================================================================
== Utilization Estimates
================================================================
* Summary: 
+-----------------+---------+-------+--------+-------+-----+
|       Name      | BRAM_18K| DSP48E|   FF   |  LUT  | URAM|
+-----------------+---------+-------+--------+-------+-----+
|DSP              |        -|      -|       -|      -|    -|
|Expression       |        -|      0|       0|    927|    -|
|FIFO             |        -|      -|       -|      -|    -|
|Instance         |        -|      -|       -|      -|    -|
|Memory           |        -|      -|       -|      -|    -|
|Multiplexer      |        -|      -|       -|     30|    -|
|Register         |        -|      -|     333|      -|    -|
+-----------------+---------+-------+--------+-------+-----+
|Total            |        0|      0|     333|    957|    0|
+-----------------+---------+-------+--------+-------+-----+
|Available        |      280|    220|  106400|  53200|    0|
+-----------------+---------+-------+--------+-------+-----+
|Utilization (%)  |        0|      0|   ~0   |      1|    0|
+-----------------+---------+-------+--------+-------+-----+

+ Detail: 
    * Instance: 
    N/A

    * DSP48E: 
    N/A

    * Memory: 
    N/A

    * FIFO: 
    N/A

    * Expression: 
    +-------------------------+----------+-------+---+----+------------+------------+
    |      Variable Name      | Operation| DSP48E| FF| LUT| Bitwidth P0| Bitwidth P1|
    +-------------------------+----------+-------+---+----+------------+------------+
    |mul_ln1118_1_fu_398_p2   |     *    |      0|  0|  41|           8|           5|
    |mul_ln1118_2_fu_414_p2   |     *    |      0|  0|  41|           8|           6|
    |mul_ln1118_fu_370_p2     |     *    |      0|  0|  41|           8|           6|
    |mul_ln708_1_fu_486_p2    |     *    |      0|  0|  41|           8|           5|
    |mul_ln708_fu_154_p2      |     *    |      0|  0|  41|           8|           5|
    |acc_1_V_fu_1090_p2       |     +    |      0|  0|  14|          15|          15|
    |acc_2_V_fu_1111_p2       |     +    |      0|  0|  14|          14|          14|
    |acc_3_V_fu_1057_p2       |     +    |      0|  0|  21|          15|          15|
    |add_ln1118_1_fu_462_p2   |     +    |      0|  0|  12|          12|          12|
    |add_ln1118_2_fu_502_p2   |     +    |      0|  0|  13|          11|          11|
    |add_ln1118_3_fu_722_p2   |     +    |      0|  0|  12|          12|          12|
    |add_ln1118_4_fu_842_p2   |     +    |      0|  0|  12|          12|          12|
    |add_ln1118_fu_258_p2     |     +    |      0|  0|  17|          13|          13|
    |add_ln703_10_fu_1081_p2  |     +    |      0|  0|  14|          15|          15|
    |add_ln703_11_fu_560_p2   |     +    |      0|  0|  12|          12|          12|
    |add_ln703_12_fu_566_p2   |     +    |      0|  0|  14|          10|           9|
    |add_ln703_13_fu_981_p2   |     +    |      0|  0|  12|          12|          12|
    |add_ln703_14_fu_990_p2   |     +    |      0|  0|  19|          14|          14|
    |add_ln703_16_fu_1013_p2  |     +    |      0|  0|  12|          12|          12|
    |add_ln703_17_fu_738_p2   |     +    |      0|  0|  17|          13|          13|
    |add_ln703_18_fu_1102_p2  |     +    |      0|  0|  14|          14|          14|
    |add_ln703_19_fu_744_p2   |     +    |      0|  0|  13|          11|          11|
    |add_ln703_1_fu_386_p2    |     +    |      0|  0|  17|          13|          13|
    |add_ln703_20_fu_1022_p2  |     +    |      0|  0|  14|          10|           9|
    |add_ln703_21_fu_1032_p2  |     +    |      0|  0|  17|          13|          13|
    |add_ln703_23_fu_866_p2   |     +    |      0|  0|  17|          13|          13|
    |add_ln703_24_fu_872_p2   |     +    |      0|  0|  17|          13|          13|
    |add_ln703_25_fu_1044_p2  |     +    |      0|  0|  19|          14|          14|
    |add_ln703_26_fu_878_p2   |     +    |      0|  0|  14|          10|          10|
    |add_ln703_27_fu_888_p2   |     +    |      0|  0|  14|          10|           9|
    |add_ln703_28_fu_898_p2   |     +    |      0|  0|  13|          11|          11|
    |add_ln703_2_fu_928_p2    |     +    |      0|  0|  14|          14|          14|
    |add_ln703_3_fu_934_p2    |     +    |      0|  0|  19|          14|          14|
    |add_ln703_4_fu_392_p2    |     +    |      0|  0|  12|          12|           9|
    |add_ln703_5_fu_947_p2    |     +    |      0|  0|  17|          13|          13|
    |add_ln703_6_fu_957_p2    |     +    |      0|  0|  21|          15|          15|
    |add_ln703_8_fu_969_p2    |     +    |      0|  0|  19|          14|          14|
    |add_ln703_9_fu_554_p2    |     +    |      0|  0|  17|          13|          13|
    |add_ln703_fu_919_p2      |     +    |      0|  0|  14|          14|          14|
    |p_Val2_s_fu_1069_p2      |     +    |      0|  0|  23|          16|          16|
    |sub_ln1118_10_fu_642_p2  |     -    |      0|  0|  17|          13|          13|
    |sub_ln1118_11_fu_762_p2  |     -    |      0|  0|  12|          12|          12|
    |sub_ln1118_12_fu_794_p2  |     -    |      0|  0|  17|          13|          13|
    |sub_ln1118_1_fu_306_p2   |     -    |      0|  0|  17|          13|          13|
    |sub_ln1118_2_fu_342_p2   |     -    |      0|  0|  13|          11|          11|
    |sub_ln1118_3_fu_534_p2   |     -    |      0|  0|  13|          11|          11|
    |sub_ln1118_4_fu_576_p2   |     -    |      0|  0|  13|           1|          11|
    |sub_ln1118_5_fu_586_p2   |     -    |      0|  0|  12|          12|          12|
    |sub_ln1118_6_fu_614_p2   |     -    |      0|  0|  12|          12|          12|
    |sub_ln1118_7_fu_678_p2   |     -    |      0|  0|  12|           1|          12|
    |sub_ln1118_8_fu_822_p2   |     -    |      0|  0|  17|          13|          13|
    |sub_ln1118_9_fu_442_p2   |     -    |      0|  0|  13|          11|          11|
    |sub_ln1118_fu_218_p2     |     -    |      0|  0|  12|          12|          12|
    |ap_block_state1          |    or    |      0|  0|   2|           1|           1|
    +-------------------------+----------+-------+---+----+------------+------------+
    |Total                    |          |      0|  0| 927|         625|         627|
    +-------------------------+----------+-------+---+----+------------+------------+

    * Multiplexer: 
    +-----------+----+-----------+-----+-----------+
    |    Name   | LUT| Input Size| Bits| Total Bits|
    +-----------+----+-----------+-----+-----------+
    |ap_NS_fsm  |  21|          4|    1|          4|
    |ap_done    |   9|          2|    1|          2|
    +-----------+----+-----------+-----+-----------+
    |Total      |  30|          6|    2|          6|
    +-----------+----+-----------+-----+-----------+

    * Register: 
    +-----------------------+----+----+-----+-----------+
    |          Name         | FF | LUT| Bits| Const Bits|
    +-----------------------+----+----+-----+-----------+
    |acc_3_V_reg_1319       |  15|   0|   15|          0|
    |add_ln703_11_reg_1244  |  12|   0|   12|          0|
    |add_ln703_12_reg_1249  |  10|   0|   10|          0|
    |add_ln703_14_reg_1304  |  14|   0|   14|          0|
    |add_ln703_16_reg_1309  |  12|   0|   12|          0|
    |add_ln703_17_reg_1264  |  13|   0|   13|          0|
    |add_ln703_19_reg_1269  |  11|   0|   11|          0|
    |add_ln703_1_reg_1214   |  13|   0|   13|          0|
    |add_ln703_21_reg_1314  |  13|   0|   13|          0|
    |add_ln703_23_reg_1274  |  13|   0|   13|          0|
    |add_ln703_24_reg_1279  |  13|   0|   13|          0|
    |add_ln703_28_reg_1284  |  10|   0|   11|          1|
    |add_ln703_2_reg_1289   |  14|   0|   14|          0|
    |add_ln703_4_reg_1219   |   9|   0|   12|          3|
    |add_ln703_6_reg_1294   |  15|   0|   15|          0|
    |add_ln703_8_reg_1299   |  14|   0|   14|          0|
    |add_ln703_9_reg_1239   |  13|   0|   13|          0|
    |ap_CS_fsm              |   3|   0|    3|          0|
    |ap_done_reg            |   1|   0|    1|          0|
    |lshr_ln_reg_1194       |  12|   0|   12|          0|
    |shl_ln_reg_1189        |   8|   0|   10|          2|
    |tmp_132_reg_1199       |  11|   0|   11|          0|
    |tmp_133_reg_1204       |  12|   0|   12|          0|
    |tmp_136_reg_1209       |  13|   0|   13|          0|
    |tmp_137_reg_1224       |  12|   0|   12|          0|
    |tmp_138_reg_1229       |  13|   0|   13|          0|
    |tmp_143_reg_1254       |  11|   0|   11|          0|
    |tmp_144_reg_1259       |  11|   0|   11|          0|
    |trunc_ln_reg_1234      |  12|   0|   12|          0|
    +-----------------------+----+----+-----+-----------+
    |Total                  | 333|   0|  339|          6|
    +-----------------------+----+----+-----+-----------+



================================================================
== Interface
================================================================
* Summary: 
+-------------+-----+-----+------------+-----------------------------------------------------------------+--------------+
|  RTL Ports  | Dir | Bits|  Protocol  |                          Source Object                          |    C Type    |
+-------------+-----+-----+------------+-----------------------------------------------------------------+--------------+
|ap_clk       |  in |    1| ap_ctrl_hs | dense_resource_rf_leq_nin<ap_ufixed,ap_fixed,config5>.0.0.0.0.0 | return value |
|ap_rst       |  in |    1| ap_ctrl_hs | dense_resource_rf_leq_nin<ap_ufixed,ap_fixed,config5>.0.0.0.0.0 | return value |
|ap_start     |  in |    1| ap_ctrl_hs | dense_resource_rf_leq_nin<ap_ufixed,ap_fixed,config5>.0.0.0.0.0 | return value |
|ap_done      | out |    1| ap_ctrl_hs | dense_resource_rf_leq_nin<ap_ufixed,ap_fixed,config5>.0.0.0.0.0 | return value |
|ap_continue  |  in |    1| ap_ctrl_hs | dense_resource_rf_leq_nin<ap_ufixed,ap_fixed,config5>.0.0.0.0.0 | return value |
|ap_idle      | out |    1| ap_ctrl_hs | dense_resource_rf_leq_nin<ap_ufixed,ap_fixed,config5>.0.0.0.0.0 | return value |
|ap_ready     | out |    1| ap_ctrl_hs | dense_resource_rf_leq_nin<ap_ufixed,ap_fixed,config5>.0.0.0.0.0 | return value |
|ap_return_0  | out |   17| ap_ctrl_hs | dense_resource_rf_leq_nin<ap_ufixed,ap_fixed,config5>.0.0.0.0.0 | return value |
|ap_return_1  | out |   17| ap_ctrl_hs | dense_resource_rf_leq_nin<ap_ufixed,ap_fixed,config5>.0.0.0.0.0 | return value |
|ap_return_2  | out |   17| ap_ctrl_hs | dense_resource_rf_leq_nin<ap_ufixed,ap_fixed,config5>.0.0.0.0.0 | return value |
|ap_return_3  | out |   17| ap_ctrl_hs | dense_resource_rf_leq_nin<ap_ufixed,ap_fixed,config5>.0.0.0.0.0 | return value |
|p_read       |  in |    8|   ap_none  |                              p_read                             |    scalar    |
|p_read1      |  in |    8|   ap_none  |                             p_read1                             |    scalar    |
|p_read2      |  in |    8|   ap_none  |                             p_read2                             |    scalar    |
|p_read3      |  in |    8|   ap_none  |                             p_read3                             |    scalar    |
|p_read4      |  in |    8|   ap_none  |                             p_read4                             |    scalar    |
|p_read5      |  in |    8|   ap_none  |                             p_read5                             |    scalar    |
|p_read6      |  in |    8|   ap_none  |                             p_read6                             |    scalar    |
|p_read7      |  in |    8|   ap_none  |                             p_read7                             |    scalar    |
+-------------+-----+-----+------------+-----------------------------------------------------------------+--------------+

