

================================================================
== Vivado HLS Report for 'dense_resource_rf_leq_nin_ap_ufixed_ap_fixed_19_8_5_3_0_config8_0_0_0_0'
================================================================
* Date:           Wed May 20 11:13:16 2026

* Version:        2020.1 (Build 2897737 on Wed May 27 20:21:37 MDT 2020)
* Project:        myproject_prj
* Solution:       solution1
* Product family: zynq
* Target device:  xc7z020-clg400-1


================================================================
== Performance Estimates
================================================================
+ Timing: 
    * Summary: 
    +--------+---------+----------+------------+
    |  Clock |  Target | Estimated| Uncertainty|
    +--------+---------+----------+------------+
    |ap_clk  | 5.00 ns | 4.170 ns |   0.62 ns  |
    +--------+---------+----------+------------+

+ Latency: 
    * Summary: 
    +---------+---------+-----------+-----------+-----+-----+---------+
    |  Latency (cycles) |   Latency (absolute)  |  Interval | Pipeline|
    |   min   |   max   |    min    |    max    | min | max |   Type  |
    +---------+---------+-----------+-----------+-----+-----+---------+
    |        2|        2| 10.000 ns | 10.000 ns |    2|    2|   none  |
    +---------+---------+-----------+-----------+-----+-----+---------+

    + Detail: 
        * Instance: 
        N/A

        * Loop: 
        N/A



================================================================
== Utilization Estimates
================================================================
* Summary: 
+-----------------+---------+-------+--------+-------+-----+
|       Name      | BRAM_18K| DSP48E|   FF   |  LUT  | URAM|
+-----------------+---------+-------+--------+-------+-----+
|DSP              |        -|      -|       -|      -|    -|
|Expression       |        -|      0|       0|    477|    -|
|FIFO             |        -|      -|       -|      -|    -|
|Instance         |        -|      -|       -|      -|    -|
|Memory           |        -|      -|       -|      -|    -|
|Multiplexer      |        -|      -|       -|     30|    -|
|Register         |        -|      -|     129|      -|    -|
+-----------------+---------+-------+--------+-------+-----+
|Total            |        0|      0|     129|    507|    0|
+-----------------+---------+-------+--------+-------+-----+
|Available        |      280|    220|  106400|  53200|    0|
+-----------------+---------+-------+--------+-------+-----+
|Utilization (%)  |        0|      0|   ~0   |   ~0  |    0|
+-----------------+---------+-------+--------+-------+-----+

+ Detail: 
    * Instance: 
    N/A

    * DSP48E: 
    N/A

    * Memory: 
    N/A

    * FIFO: 
    N/A

    * Expression: 
    +------------------------+----------+-------+---+----+------------+------------+
    |      Variable Name     | Operation| DSP48E| FF| LUT| Bitwidth P0| Bitwidth P1|
    +------------------------+----------+-------+---+----+------------+------------+
    |mul_ln1118_1_fu_298_p2  |     *    |      0|  0|  41|           8|           6|
    |mul_ln1118_2_fu_384_p2  |     *    |      0|  0|  41|           8|           7|
    |mul_ln1118_fu_251_p2    |     *    |      0|  0|  41|           8|           6|
    |mul_ln708_1_fu_106_p2   |     *    |      0|  0|  41|           8|           6|
    |mul_ln708_fu_270_p2     |     *    |      0|  0|  41|           8|           4|
    |acc_1_V_fu_455_p2       |     +    |      0|  0|  21|          15|          15|
    |acc_2_V_fu_480_p2       |     +    |      0|  0|  23|          16|          16|
    |add_ln1118_fu_332_p2    |     +    |      0|  0|  17|          13|          13|
    |add_ln703_1_fu_245_p2   |     +    |      0|  0|  19|          14|          14|
    |add_ln703_3_fu_432_p2   |     +    |      0|  0|  19|          14|          14|
    |add_ln703_4_fu_314_p2   |     +    |      0|  0|  12|          12|           9|
    |add_ln703_5_fu_445_p2   |     +    |      0|  0|  17|          13|          13|
    |add_ln703_7_fu_400_p2   |     +    |      0|  0|  19|          14|          14|
    |add_ln703_8_fu_406_p2   |     +    |      0|  0|  17|          13|           8|
    |add_ln703_9_fu_470_p2   |     +    |      0|  0|  21|          15|          15|
    |add_ln703_fu_239_p2     |     +    |      0|  0|  13|          11|          11|
    |p_Val2_s_fu_417_p2      |     +    |      0|  0|  21|          15|          15|
    |sub_ln1118_1_fu_199_p2  |     -    |      0|  0|  19|          14|          14|
    |sub_ln1118_2_fu_364_p2  |     -    |      0|  0|  19|          14|          14|
    |sub_ln1118_fu_155_p2    |     -    |      0|  0|  13|           1|          11|
    |ap_block_state1         |    or    |      0|  0|   2|           1|           1|
    +------------------------+----------+-------+---+----+------------+------------+
    |Total                   |          |      0|  0| 477|         235|         226|
    +------------------------+----------+-------+---+----+------------+------------+

    * Multiplexer: 
    +-----------+----+-----------+-----+-----------+
    |    Name   | LUT| Input Size| Bits| Total Bits|
    +-----------+----+-----------+-----+-----------+
    |ap_NS_fsm  |  21|          4|    1|          4|
    |ap_done    |   9|          2|    1|          2|
    +-----------+----+-----------+-----+-----------+
    |Total      |  30|          6|    2|          6|
    +-----------+----+-----------+-----+-----------+

    * Register: 
    +----------------------+----+----+-----+-----------+
    |         Name         | FF | LUT| Bits| Const Bits|
    +----------------------+----+----+-----+-----------+
    |add_ln703_1_reg_552   |  14|   0|   14|          0|
    |add_ln703_4_reg_572   |   9|   0|   12|          3|
    |add_ln703_7_reg_582   |  14|   0|   14|          0|
    |add_ln703_8_reg_587   |  13|   0|   13|          0|
    |add_ln703_reg_547     |  11|   0|   11|          0|
    |ap_CS_fsm             |   3|   0|    3|          0|
    |ap_done_reg           |   1|   0|    1|          0|
    |lshr_ln708_s_reg_562  |  11|   0|   11|          0|
    |tmp_125_reg_557       |  13|   0|   13|          0|
    |tmp_126_reg_567       |  13|   0|   13|          0|
    |tmp_129_reg_577       |  14|   0|   14|          0|
    |trunc_ln_reg_542      |  13|   0|   13|          0|
    +----------------------+----+----+-----+-----------+
    |Total                 | 129|   0|  132|          3|
    +----------------------+----+----+-----+-----------+



================================================================
== Interface
================================================================
* Summary: 
+-------------+-----+-----+------------+---------------------------------------------------------------------------+--------------+
|  RTL Ports  | Dir | Bits|  Protocol  |                               Source Object                               |    C Type    |
+-------------+-----+-----+------------+---------------------------------------------------------------------------+--------------+
|ap_clk       |  in |    1| ap_ctrl_hs | dense_resource_rf_leq_nin<ap_ufixed,ap_fixed<19,8,5,3,0>,config8>.0.0.0.0 | return value |
|ap_rst       |  in |    1| ap_ctrl_hs | dense_resource_rf_leq_nin<ap_ufixed,ap_fixed<19,8,5,3,0>,config8>.0.0.0.0 | return value |
|ap_start     |  in |    1| ap_ctrl_hs | dense_resource_rf_leq_nin<ap_ufixed,ap_fixed<19,8,5,3,0>,config8>.0.0.0.0 | return value |
|ap_done      | out |    1| ap_ctrl_hs | dense_resource_rf_leq_nin<ap_ufixed,ap_fixed<19,8,5,3,0>,config8>.0.0.0.0 | return value |
|ap_continue  |  in |    1| ap_ctrl_hs | dense_resource_rf_leq_nin<ap_ufixed,ap_fixed<19,8,5,3,0>,config8>.0.0.0.0 | return value |
|ap_idle      | out |    1| ap_ctrl_hs | dense_resource_rf_leq_nin<ap_ufixed,ap_fixed<19,8,5,3,0>,config8>.0.0.0.0 | return value |
|ap_ready     | out |    1| ap_ctrl_hs | dense_resource_rf_leq_nin<ap_ufixed,ap_fixed<19,8,5,3,0>,config8>.0.0.0.0 | return value |
|ap_return_0  | out |   17| ap_ctrl_hs | dense_resource_rf_leq_nin<ap_ufixed,ap_fixed<19,8,5,3,0>,config8>.0.0.0.0 | return value |
|ap_return_1  | out |   17| ap_ctrl_hs | dense_resource_rf_leq_nin<ap_ufixed,ap_fixed<19,8,5,3,0>,config8>.0.0.0.0 | return value |
|ap_return_2  | out |   17| ap_ctrl_hs | dense_resource_rf_leq_nin<ap_ufixed,ap_fixed<19,8,5,3,0>,config8>.0.0.0.0 | return value |
|p_read       |  in |    8|   ap_none  |                                   p_read                                  |    scalar    |
|p_read1      |  in |    8|   ap_none  |                                  p_read1                                  |    scalar    |
|p_read2      |  in |    8|   ap_none  |                                  p_read2                                  |    scalar    |
|p_read3      |  in |    8|   ap_none  |                                  p_read3                                  |    scalar    |
+-------------+-----+-----+------------+---------------------------------------------------------------------------+--------------+

