
*** Running vivado
    with args -log design_1_auto_us_1.vds -m64 -product Vivado -mode batch -messageDb vivado.pb -notrace -source design_1_auto_us_1.tcl


****** Vivado v2020.1 (64-bit)
  **** SW Build 2902540 on Wed May 27 19:54:35 MDT 2020
  **** IP Build 2902112 on Wed May 27 22:43:36 MDT 2020
    ** Copyright 1986-2020 Xilinx, Inc. All Rights Reserved.

source design_1_auto_us_1.tcl -notrace
create_project: Time (s): cpu = 00:00:00.71 ; elapsed = 00:00:05 . Memory (MB): peak = 2066.367 ; gain = 0.000 ; free physical = 2214 ; free virtual = 2667
INFO: [IP_Flow 19-234] Refreshing IP repositories
INFO: [IP_Flow 19-1700] Loaded user IP repository '/home/moi/stage/notebooks/hls4ml_output/rf4/myproject_prj'.
INFO: [IP_Flow 19-2313] Loaded Vivado IP repository '/tools/Xilinx/Vivado/2020.1/data/ip'.
update_ip_catalog: Time (s): cpu = 00:00:04 ; elapsed = 00:00:41 . Memory (MB): peak = 2066.367 ; gain = 0.000 ; free physical = 1592 ; free virtual = 2493
Command: synth_design -top design_1_auto_us_1 -part xc7z020clg400-1 -mode out_of_context
Starting synth_design
Attempting to get a license for feature 'Synthesis' and/or device 'xc7z020'
INFO: [Common 17-349] Got license for feature 'Synthesis' and/or device 'xc7z020'
INFO: [Device 21-403] Loading part xc7z020clg400-1
INFO: [Synth 8-7079] Multithreading enabled for synth_design using a maximum of 4 processes.
INFO: [Synth 8-7078] Launching helper process for spawning children vivado processes
INFO: [Synth 8-7075] Helper process launched with PID 3621
rdi::get_data_dir: Time (s): cpu = 00:00:00 ; elapsed = 00:00:09 . Memory (MB): peak = 2066.367 ; gain = 0.000 ; free physical = 65 ; free virtual = 155
---------------------------------------------------------------------------------
Starting RTL Elaboration : Time (s): cpu = 00:00:14 ; elapsed = 00:17:21 . Memory (MB): peak = 2066.367 ; gain = 0.000 ; free physical = 61 ; free virtual = 84
---------------------------------------------------------------------------------
