
****** Vivado(TM) HLS - High-Level Synthesis from C, C++ and SystemC v2020.1 (64-bit)
  **** SW Build 2902540 on Wed May 27 19:54:35 MDT 2020
  **** IP Build 2902112 on Wed May 27 22:43:36 MDT 2020
    ** Copyright 1986-2020 Xilinx, Inc. All Rights Reserved.

source /tools/Xilinx/Vivado/2020.1/scripts/vivado_hls/hls.tcl -notrace
INFO: [HLS 200-10] Running '/tools/Xilinx/Vivado/2020.1/bin/unwrapped/lnx64.o/vivado_hls'
INFO: [HLS 200-10] For user 'moi' on host 'petit-PC-portable.localdomain' (Linux_x86_64 version 6.6.114.1-microsoft-standard-WSL2) on Mon Jun 01 10:26:12 CEST 2026
INFO: [HLS 200-10] On os Ubuntu 22.04.5 LTS
INFO: [HLS 200-10] In directory '/home/moi/stage/notebooks/hls4ml_dse_rf64'
Sourcing Tcl script 'build_prj.tcl'
INFO: [HLS 200-10] Opening project '/home/moi/stage/notebooks/hls4ml_dse_rf64/myproject_prj'.
INFO: [HLS 200-10] Adding design file 'firmware/myproject.cpp' to the project
INFO: [HLS 200-10] Adding test bench file 'myproject_test.cpp' to the project
INFO: [HLS 200-10] Adding test bench file 'firmware/weights' to the project
INFO: [HLS 200-10] Adding test bench file 'tb_data' to the project
INFO: [HLS 200-10] Opening solution '/home/moi/stage/notebooks/hls4ml_dse_rf64/myproject_prj/solution1'.
INFO: [SYN 201-201] Setting up clock 'default' with a period of 5ns.
INFO: [SYN 201-201] Setting up clock 'default' with an uncertainty of 0.625ns.
INFO: [HLS 200-10] Setting target device to 'xc7z020-clg400-1'
INFO: [XFORM 203-101] Allowed max sub elements number after partition is 4096.
INFO: [XFORM 203-1161] The maximum of name length is set into 80.
INFO: [XFORM 203-101] Allowed max sub elements number after partition is 4096.
INFO: [XFORM 203-1161] The maximum of name length is set into 80.
***** C/RTL SYNTHESIS *****
INFO: [SCHED 204-61] Option 'relax_ii_for_timing' is enabled, will increase II to preserve clock frequency constraints.
INFO: [HLS 200-10] Analyzing design file 'firmware/myproject.cpp' ... 
WARNING: [HLS 214-113] Either use an argument of the function or declare the variable inside the dataflow loop body: firmware/myproject.cpp:72:68
WARNING: [HLS 214-113] Either use an argument of the function or declare the variable inside the dataflow loop body: firmware/myproject.cpp:72:72
WARNING: [HLS 214-113] Either use an argument of the function or declare the variable inside the dataflow loop body: firmware/myproject.cpp:76:75
WARNING: [HLS 214-113] Either use an argument of the function or declare the variable inside the dataflow loop body: firmware/myproject.cpp:76:79
WARNING: [HLS 214-113] Either use an argument of the function or declare the variable inside the dataflow loop body: firmware/myproject.cpp:80:81
WARNING: [HLS 214-113] Either use an argument of the function or declare the variable inside the dataflow loop body: firmware/myproject.cpp:80:85
WARNING: [HLS 214-113] Either use an argument of the function or declare the variable inside the dataflow loop body: firmware/myproject.cpp:84:79
WARNING: [HLS 214-113] Either use an argument of the function or declare the variable inside the dataflow loop body: firmware/myproject.cpp:84:84
WARNING: [HLS 214-113] Either use an argument of the function or declare the variable inside the dataflow loop body: firmware/myproject.cpp:88:79
WARNING: [HLS 214-113] Either use an argument of the function or declare the variable inside the dataflow loop body: firmware/myproject.cpp:88:84
WARNING: [HLS 214-113] Either use an argument of the function or declare the variable inside the dataflow loop body: firmware/myproject.cpp:92:74
WARNING: [HLS 214-113] Either use an argument of the function or declare the variable inside the dataflow loop body: firmware/myproject.cpp:92:79
WARNING: [HLS 200-471] Dataflow form checks found 12 issue(s) in file firmware/myproject.cpp
INFO: [HLS 200-111] Finished Linking Time (s): cpu = 00:00:26 ; elapsed = 00:00:27 . Memory (MB): peak = 1498.758 ; gain = 1097.754 ; free physical = 1529 ; free virtual = 4053
INFO: [HLS 200-111] Finished Checking Pragmas Time (s): cpu = 00:00:26 ; elapsed = 00:00:27 . Memory (MB): peak = 1498.758 ; gain = 1097.754 ; free physical = 1538 ; free virtual = 4062
INFO: [HLS 200-10] Starting code transformations ...
INFO: [HLS 200-489] Unrolling loop 'MultLoop' (firmware/nnet_utils/nnet_dense_resource.h:142) in function 'void nnet::dense_resource_rf_gt_nin_rem0<ap_ufixed<8, 2, (ap_q_mode)4, (ap_o_mode)0, 0>, ap_fixed<19, 8, (ap_q_mode)5, (ap_o_mode)3, 0>, config14>(FORWARD_REFERENCE*, FORWARD_REFERENCE*, FORWARD_REFERENCE::weight_t*, FORWARD_REFERENCE::bias_t*)' completely with a factor of 1.
INFO: [HLS 200-489] Unrolling loop 'MultLoop' (firmware/nnet_utils/nnet_dense_resource.h:142) in function 'void nnet::dense_resource_rf_gt_nin_rem0<ap_ufixed<8, 2, (ap_q_mode)4, (ap_o_mode)0, 0>, ap_fixed<19, 8, (ap_q_mode)5, (ap_o_mode)3, 0>, config11>(FORWARD_REFERENCE*, FORWARD_REFERENCE*, FORWARD_REFERENCE::weight_t*, FORWARD_REFERENCE::bias_t*)' completely with a factor of 1.
INFO: [HLS 200-489] Unrolling loop 'MultLoop' (firmware/nnet_utils/nnet_dense_resource.h:142) in function 'void nnet::dense_resource_rf_gt_nin_rem0<ap_ufixed<8, 2, (ap_q_mode)4, (ap_o_mode)0, 0>, ap_fixed<19, 8, (ap_q_mode)5, (ap_o_mode)3, 0>, config8>(FORWARD_REFERENCE*, FORWARD_REFERENCE*, FORWARD_REFERENCE::weight_t*, FORWARD_REFERENCE::bias_t*)' completely with a factor of 1.
INFO: [HLS 200-489] Unrolling loop 'MultLoop' (firmware/nnet_utils/nnet_dense_resource.h:142) in function 'void nnet::dense_resource_rf_gt_nin_rem0<ap_ufixed<8, 2, (ap_q_mode)4, (ap_o_mode)0, 0>, ap_fixed<20, 9, (ap_q_mode)5, (ap_o_mode)3, 0>, config5>(FORWARD_REFERENCE*, FORWARD_REFERENCE*, FORWARD_REFERENCE::weight_t*, FORWARD_REFERENCE::bias_t*)' completely with a factor of 1.
INFO: [XFORM 203-603] Inlining function 'nnet::product::mult<ap_fixed<16, 6, (ap_q_mode)5, (ap_o_mode)3, 0>, ap_fixed<8, 3, (ap_q_mode)5, (ap_o_mode)3, 0> >::product' into 'nnet::dense_resource_rf_gt_nin_rem0<ap_fixed<16, 6, (ap_q_mode)5, (ap_o_mode)3, 0>, ap_fixed<29, 14, (ap_q_mode)5, (ap_o_mode)3, 0>, config2>' (firmware/nnet_utils/nnet_dense_resource.h:145).
INFO: [XFORM 203-603] Inlining function 'nnet::DenseResource_rf_gt_nin_rem0<ap_fixed<16, 6, (ap_q_mode)5, (ap_o_mode)3, 0>, ap_fixed<29, 14, (ap_q_mode)5, (ap_o_mode)3, 0>, config2>::dense' into 'nnet::dense<ap_fixed<16, 6, (ap_q_mode)5, (ap_o_mode)3, 0>, ap_fixed<29, 14, (ap_q_mode)5, (ap_o_mode)3, 0>, config2>' (firmware/nnet_utils/nnet_dense.h:45).
INFO: [XFORM 203-603] Inlining function 'nnet::dense<ap_fixed<16, 6, (ap_q_mode)5, (ap_o_mode)3, 0>, ap_fixed<29, 14, (ap_q_mode)5, (ap_o_mode)3, 0>, config2>' into 'myproject' (firmware/myproject.cpp:72).
INFO: [XFORM 203-603] Inlining function 'nnet::product::mult<ap_ufixed<8, 2, (ap_q_mode)4, (ap_o_mode)0, 0>, ap_fixed<8, 3, (ap_q_mode)5, (ap_o_mode)3, 0> >::product' into 'nnet::dense_resource_rf_gt_nin_rem0<ap_ufixed<8, 2, (ap_q_mode)4, (ap_o_mode)0, 0>, ap_fixed<20, 9, (ap_q_mode)5, (ap_o_mode)3, 0>, config5>' (firmware/nnet_utils/nnet_dense_resource.h:145).
INFO: [XFORM 203-603] Inlining function 'nnet::product::mult<ap_ufixed<8, 2, (ap_q_mode)4, (ap_o_mode)0, 0>, ap_fixed<8, 3, (ap_q_mode)5, (ap_o_mode)3, 0> >::product' into 'nnet::dense_resource_rf_gt_nin_rem0<ap_ufixed<8, 2, (ap_q_mode)4, (ap_o_mode)0, 0>, ap_fixed<19, 8, (ap_q_mode)5, (ap_o_mode)3, 0>, config8>' (firmware/nnet_utils/nnet_dense_resource.h:145).
INFO: [XFORM 203-603] Inlining function 'nnet::product::mult<ap_ufixed<8, 2, (ap_q_mode)4, (ap_o_mode)0, 0>, ap_fixed<8, 3, (ap_q_mode)5, (ap_o_mode)3, 0> >::product' into 'nnet::dense_resource_rf_gt_nin_rem0<ap_ufixed<8, 2, (ap_q_mode)4, (ap_o_mode)0, 0>, ap_fixed<19, 8, (ap_q_mode)5, (ap_o_mode)3, 0>, config11>' (firmware/nnet_utils/nnet_dense_resource.h:145).
INFO: [XFORM 203-603] Inlining function 'nnet::product::mult<ap_ufixed<8, 2, (ap_q_mode)4, (ap_o_mode)0, 0>, ap_fixed<8, 3, (ap_q_mode)5, (ap_o_mode)3, 0> >::product' into 'nnet::dense_resource_rf_gt_nin_rem0<ap_ufixed<8, 2, (ap_q_mode)4, (ap_o_mode)0, 0>, ap_fixed<19, 8, (ap_q_mode)5, (ap_o_mode)3, 0>, config14>' (firmware/nnet_utils/nnet_dense_resource.h:145).
INFO: [XFORM 203-603] Inlining function 'nnet::product::mult<ap_ufixed<8, 2, (ap_q_mode)4, (ap_o_mode)0, 0>, ap_fixed<8, 3, (ap_q_mode)5, (ap_o_mode)3, 0> >::product' into 'nnet::dense_resource_rf_gt_nin_rem0<ap_ufixed<8, 2, (ap_q_mode)4, (ap_o_mode)0, 0>, ap_fixed<20, 9, (ap_q_mode)5, (ap_o_mode)3, 0>, config17>' (firmware/nnet_utils/nnet_dense_resource.h:145).
INFO: [XFORM 203-603] Inlining function 'nnet::DenseResource_rf_gt_nin_rem0<ap_ufixed<8, 2, (ap_q_mode)4, (ap_o_mode)0, 0>, ap_fixed<20, 9, (ap_q_mode)5, (ap_o_mode)3, 0>, config5>::dense' into 'nnet::dense<ap_ufixed<8, 2, (ap_q_mode)4, (ap_o_mode)0, 0>, ap_fixed<20, 9, (ap_q_mode)5, (ap_o_mode)3, 0>, config5>' (firmware/nnet_utils/nnet_dense.h:45).
INFO: [XFORM 203-603] Inlining function 'nnet::dense<ap_ufixed<8, 2, (ap_q_mode)4, (ap_o_mode)0, 0>, ap_fixed<20, 9, (ap_q_mode)5, (ap_o_mode)3, 0>, config5>' into 'myproject' (firmware/myproject.cpp:76).
INFO: [XFORM 203-603] Inlining function 'nnet::DenseResource_rf_gt_nin_rem0<ap_ufixed<8, 2, (ap_q_mode)4, (ap_o_mode)0, 0>, ap_fixed<19, 8, (ap_q_mode)5, (ap_o_mode)3, 0>, config8>::dense' into 'nnet::dense<ap_ufixed<8, 2, (ap_q_mode)4, (ap_o_mode)0, 0>, ap_fixed<19, 8, (ap_q_mode)5, (ap_o_mode)3, 0>, config8>' (firmware/nnet_utils/nnet_dense.h:45).
INFO: [XFORM 203-603] Inlining function 'nnet::dense<ap_ufixed<8, 2, (ap_q_mode)4, (ap_o_mode)0, 0>, ap_fixed<19, 8, (ap_q_mode)5, (ap_o_mode)3, 0>, config8>' into 'myproject' (firmware/myproject.cpp:80).
INFO: [XFORM 203-603] Inlining function 'nnet::DenseResource_rf_gt_nin_rem0<ap_ufixed<8, 2, (ap_q_mode)4, (ap_o_mode)0, 0>, ap_fixed<19, 8, (ap_q_mode)5, (ap_o_mode)3, 0>, config11>::dense' into 'nnet::dense<ap_ufixed<8, 2, (ap_q_mode)4, (ap_o_mode)0, 0>, ap_fixed<19, 8, (ap_q_mode)5, (ap_o_mode)3, 0>, config11>' (firmware/nnet_utils/nnet_dense.h:45).
INFO: [XFORM 203-603] Inlining function 'nnet::dense<ap_ufixed<8, 2, (ap_q_mode)4, (ap_o_mode)0, 0>, ap_fixed<19, 8, (ap_q_mode)5, (ap_o_mode)3, 0>, config11>' into 'myproject' (firmware/myproject.cpp:84).
INFO: [XFORM 203-603] Inlining function 'nnet::DenseResource_rf_gt_nin_rem0<ap_ufixed<8, 2, (ap_q_mode)4, (ap_o_mode)0, 0>, ap_fixed<19, 8, (ap_q_mode)5, (ap_o_mode)3, 0>, config14>::dense' into 'nnet::dense<ap_ufixed<8, 2, (ap_q_mode)4, (ap_o_mode)0, 0>, ap_fixed<19, 8, (ap_q_mode)5, (ap_o_mode)3, 0>, config14>' (firmware/nnet_utils/nnet_dense.h:45).
INFO: [XFORM 203-603] Inlining function 'nnet::dense<ap_ufixed<8, 2, (ap_q_mode)4, (ap_o_mode)0, 0>, ap_fixed<19, 8, (ap_q_mode)5, (ap_o_mode)3, 0>, config14>' into 'myproject' (firmware/myproject.cpp:88).
INFO: [XFORM 203-603] Inlining function 'nnet::DenseResource_rf_gt_nin_rem0<ap_ufixed<8, 2, (ap_q_mode)4, (ap_o_mode)0, 0>, ap_fixed<20, 9, (ap_q_mode)5, (ap_o_mode)3, 0>, config17>::dense' into 'nnet::dense<ap_ufixed<8, 2, (ap_q_mode)4, (ap_o_mode)0, 0>, ap_fixed<20, 9, (ap_q_mode)5, (ap_o_mode)3, 0>, config17>' (firmware/nnet_utils/nnet_dense.h:45).
INFO: [XFORM 203-603] Inlining function 'nnet::dense<ap_ufixed<8, 2, (ap_q_mode)4, (ap_o_mode)0, 0>, ap_fixed<20, 9, (ap_q_mode)5, (ap_o_mode)3, 0>, config17>' into 'myproject' (firmware/myproject.cpp:92).
INFO: [HLS 200-111] Finished Standard Transforms Time (s): cpu = 00:00:27 ; elapsed = 00:00:29 . Memory (MB): peak = 1498.758 ; gain = 1097.754 ; free physical = 1509 ; free virtual = 4038
INFO: [HLS 200-10] Checking synthesizability ...
INFO: [XFORM 203-602] Inlining function 'nnet::cast<ap_fixed<16, 6, (ap_q_mode)5, (ap_o_mode)3, 0>, ap_fixed<29, 14, (ap_q_mode)5, (ap_o_mode)3, 0>, config2>' into 'nnet::dense_resource_rf_gt_nin_rem0<ap_fixed<16, 6, (ap_q_mode)5, (ap_o_mode)3, 0>, ap_fixed<29, 14, (ap_q_mode)5, (ap_o_mode)3, 0>, config2>' (firmware/nnet_utils/nnet_dense_resource.h:164) automatically.
INFO: [XFORM 203-602] Inlining function 'nnet::cast<ap_ufixed<8, 2, (ap_q_mode)4, (ap_o_mode)0, 0>, ap_fixed<20, 9, (ap_q_mode)5, (ap_o_mode)3, 0>, config5>' into 'nnet::dense_resource_rf_gt_nin_rem0<ap_ufixed<8, 2, (ap_q_mode)4, (ap_o_mode)0, 0>, ap_fixed<20, 9, (ap_q_mode)5, (ap_o_mode)3, 0>, config5>' (firmware/nnet_utils/nnet_dense_resource.h:164) automatically.
INFO: [XFORM 203-602] Inlining function 'nnet::cast<ap_ufixed<8, 2, (ap_q_mode)4, (ap_o_mode)0, 0>, ap_fixed<19, 8, (ap_q_mode)5, (ap_o_mode)3, 0>, config8>' into 'nnet::dense_resource_rf_gt_nin_rem0<ap_ufixed<8, 2, (ap_q_mode)4, (ap_o_mode)0, 0>, ap_fixed<19, 8, (ap_q_mode)5, (ap_o_mode)3, 0>, config8>' (firmware/nnet_utils/nnet_dense_resource.h:164) automatically.
INFO: [XFORM 203-602] Inlining function 'nnet::cast<ap_ufixed<8, 2, (ap_q_mode)4, (ap_o_mode)0, 0>, ap_fixed<19, 8, (ap_q_mode)5, (ap_o_mode)3, 0>, config11>' into 'nnet::dense_resource_rf_gt_nin_rem0<ap_ufixed<8, 2, (ap_q_mode)4, (ap_o_mode)0, 0>, ap_fixed<19, 8, (ap_q_mode)5, (ap_o_mode)3, 0>, config11>' (firmware/nnet_utils/nnet_dense_resource.h:164) automatically.
INFO: [XFORM 203-602] Inlining function 'nnet::cast<ap_ufixed<8, 2, (ap_q_mode)4, (ap_o_mode)0, 0>, ap_fixed<19, 8, (ap_q_mode)5, (ap_o_mode)3, 0>, config14>' into 'nnet::dense_resource_rf_gt_nin_rem0<ap_ufixed<8, 2, (ap_q_mode)4, (ap_o_mode)0, 0>, ap_fixed<19, 8, (ap_q_mode)5, (ap_o_mode)3, 0>, config14>' (firmware/nnet_utils/nnet_dense_resource.h:164) automatically.
INFO: [XFORM 203-602] Inlining function 'nnet::cast<ap_ufixed<8, 2, (ap_q_mode)4, (ap_o_mode)0, 0>, ap_fixed<20, 9, (ap_q_mode)5, (ap_o_mode)3, 0>, config17>' into 'nnet::dense_resource_rf_gt_nin_rem0<ap_ufixed<8, 2, (ap_q_mode)4, (ap_o_mode)0, 0>, ap_fixed<20, 9, (ap_q_mode)5, (ap_o_mode)3, 0>, config17>' (firmware/nnet_utils/nnet_dense_resource.h:164) automatically.
INFO: [HLS 200-111] Finished Checking Synthesizability Time (s): cpu = 00:00:28 ; elapsed = 00:00:29 . Memory (MB): peak = 1498.758 ; gain = 1097.754 ; free physical = 1495 ; free virtual = 4025
INFO: [XFORM 203-502] Unrolling all sub-loops inside loop 'ReuseLoop' (firmware/nnet_utils/nnet_dense_resource.h:135) in function 'nnet::dense_resource_rf_gt_nin_rem0<ap_ufixed<8, 2, (ap_q_mode)4, (ap_o_mode)0, 0>, ap_fixed<20, 9, (ap_q_mode)5, (ap_o_mode)3, 0>, config17>' for pipelining.
INFO: [XFORM 203-502] Unrolling all loops for pipelining in function 'nnet::relu<ap_fixed<19, 8, (ap_q_mode)5, (ap_o_mode)3, 0>, ap_ufixed<8, 2, (ap_q_mode)4, (ap_o_mode)0, 0>, relu_config16>' (firmware/nnet_utils/nnet_activation.h:40:13).
INFO: [XFORM 203-502] Unrolling all loops for pipelining in function 'nnet::relu<ap_fixed<19, 8, (ap_q_mode)5, (ap_o_mode)3, 0>, ap_ufixed<8, 2, (ap_q_mode)4, (ap_o_mode)0, 0>, relu_config13>' (firmware/nnet_utils/nnet_activation.h:40:13).
INFO: [XFORM 203-502] Unrolling all loops for pipelining in function 'nnet::relu<ap_fixed<19, 8, (ap_q_mode)5, (ap_o_mode)3, 0>, ap_ufixed<8, 2, (ap_q_mode)4, (ap_o_mode)0, 0>, relu_config10>' (firmware/nnet_utils/nnet_activation.h:40:13).
INFO: [XFORM 203-502] Unrolling all loops for pipelining in function 'nnet::relu<ap_fixed<20, 9, (ap_q_mode)5, (ap_o_mode)3, 0>, ap_ufixed<8, 2, (ap_q_mode)4, (ap_o_mode)0, 0>, relu_config7>' (firmware/nnet_utils/nnet_activation.h:40:13).
INFO: [XFORM 203-502] Unrolling all loops for pipelining in function 'nnet::relu<ap_fixed<29, 14, (ap_q_mode)5, (ap_o_mode)3, 0>, ap_ufixed<8, 2, (ap_q_mode)4, (ap_o_mode)0, 0>, relu_config4>' (firmware/nnet_utils/nnet_activation.h:40:13).
INFO: [XFORM 203-502] Unrolling all sub-loops inside loop 'ReuseLoop' (firmware/nnet_utils/nnet_dense_resource.h:135) in function 'nnet::dense_resource_rf_gt_nin_rem0<ap_fixed<16, 6, (ap_q_mode)5, (ap_o_mode)3, 0>, ap_fixed<29, 14, (ap_q_mode)5, (ap_o_mode)3, 0>, config2>' for pipelining.
INFO: [HLS 200-489] Unrolling loop 'InitAccum' (firmware/nnet_utils/nnet_dense_resource.h:114) in function 'nnet::dense_resource_rf_gt_nin_rem0<ap_ufixed<8, 2, (ap_q_mode)4, (ap_o_mode)0, 0>, ap_fixed<20, 9, (ap_q_mode)5, (ap_o_mode)3, 0>, config17>' completely with a factor of 14.
INFO: [HLS 200-489] Unrolling loop 'MultLoop' (firmware/nnet_utils/nnet_dense_resource.h:142) in function 'nnet::dense_resource_rf_gt_nin_rem0<ap_ufixed<8, 2, (ap_q_mode)4, (ap_o_mode)0, 0>, ap_fixed<20, 9, (ap_q_mode)5, (ap_o_mode)3, 0>, config17>' completely with a factor of 2.
INFO: [HLS 200-489] Unrolling loop 'Result' (firmware/nnet_utils/nnet_dense_resource.h:162) in function 'nnet::dense_resource_rf_gt_nin_rem0<ap_ufixed<8, 2, (ap_q_mode)4, (ap_o_mode)0, 0>, ap_fixed<20, 9, (ap_q_mode)5, (ap_o_mode)3, 0>, config17>' completely with a factor of 14.
INFO: [HLS 200-489] Unrolling loop 'Loop-1' (firmware/nnet_utils/nnet_activation.h:43) in function 'nnet::relu<ap_fixed<19, 8, (ap_q_mode)5, (ap_o_mode)3, 0>, ap_ufixed<8, 2, (ap_q_mode)4, (ap_o_mode)0, 0>, relu_config16>' completely with a factor of 8.
INFO: [HLS 200-489] Unrolling loop 'InitAccum' (firmware/nnet_utils/nnet_dense_resource.h:114) in function 'nnet::dense_resource_rf_gt_nin_rem0<ap_ufixed<8, 2, (ap_q_mode)4, (ap_o_mode)0, 0>, ap_fixed<19, 8, (ap_q_mode)5, (ap_o_mode)3, 0>, config14>' completely with a factor of 8.
INFO: [HLS 200-489] Unrolling loop 'Result' (firmware/nnet_utils/nnet_dense_resource.h:162) in function 'nnet::dense_resource_rf_gt_nin_rem0<ap_ufixed<8, 2, (ap_q_mode)4, (ap_o_mode)0, 0>, ap_fixed<19, 8, (ap_q_mode)5, (ap_o_mode)3, 0>, config14>' completely with a factor of 8.
INFO: [HLS 200-489] Unrolling loop 'Loop-1' (firmware/nnet_utils/nnet_activation.h:43) in function 'nnet::relu<ap_fixed<19, 8, (ap_q_mode)5, (ap_o_mode)3, 0>, ap_ufixed<8, 2, (ap_q_mode)4, (ap_o_mode)0, 0>, relu_config13>' completely with a factor of 4.
INFO: [HLS 200-489] Unrolling loop 'InitAccum' (firmware/nnet_utils/nnet_dense_resource.h:114) in function 'nnet::dense_resource_rf_gt_nin_rem0<ap_ufixed<8, 2, (ap_q_mode)4, (ap_o_mode)0, 0>, ap_fixed<19, 8, (ap_q_mode)5, (ap_o_mode)3, 0>, config11>' completely with a factor of 4.
INFO: [HLS 200-489] Unrolling loop 'Result' (firmware/nnet_utils/nnet_dense_resource.h:162) in function 'nnet::dense_resource_rf_gt_nin_rem0<ap_ufixed<8, 2, (ap_q_mode)4, (ap_o_mode)0, 0>, ap_fixed<19, 8, (ap_q_mode)5, (ap_o_mode)3, 0>, config11>' completely with a factor of 4.
INFO: [HLS 200-489] Unrolling loop 'Loop-1' (firmware/nnet_utils/nnet_activation.h:43) in function 'nnet::relu<ap_fixed<19, 8, (ap_q_mode)5, (ap_o_mode)3, 0>, ap_ufixed<8, 2, (ap_q_mode)4, (ap_o_mode)0, 0>, relu_config10>' completely with a factor of 3.
INFO: [HLS 200-489] Unrolling loop 'InitAccum' (firmware/nnet_utils/nnet_dense_resource.h:114) in function 'nnet::dense_resource_rf_gt_nin_rem0<ap_ufixed<8, 2, (ap_q_mode)4, (ap_o_mode)0, 0>, ap_fixed<19, 8, (ap_q_mode)5, (ap_o_mode)3, 0>, config8>' completely with a factor of 3.
INFO: [HLS 200-489] Unrolling loop 'Result' (firmware/nnet_utils/nnet_dense_resource.h:162) in function 'nnet::dense_resource_rf_gt_nin_rem0<ap_ufixed<8, 2, (ap_q_mode)4, (ap_o_mode)0, 0>, ap_fixed<19, 8, (ap_q_mode)5, (ap_o_mode)3, 0>, config8>' completely with a factor of 3.
INFO: [HLS 200-489] Unrolling loop 'Loop-1' (firmware/nnet_utils/nnet_activation.h:43) in function 'nnet::relu<ap_fixed<20, 9, (ap_q_mode)5, (ap_o_mode)3, 0>, ap_ufixed<8, 2, (ap_q_mode)4, (ap_o_mode)0, 0>, relu_config7>' completely with a factor of 4.
INFO: [HLS 200-489] Unrolling loop 'InitAccum' (firmware/nnet_utils/nnet_dense_resource.h:114) in function 'nnet::dense_resource_rf_gt_nin_rem0<ap_ufixed<8, 2, (ap_q_mode)4, (ap_o_mode)0, 0>, ap_fixed<20, 9, (ap_q_mode)5, (ap_o_mode)3, 0>, config5>' completely with a factor of 4.
INFO: [HLS 200-489] Unrolling loop 'Result' (firmware/nnet_utils/nnet_dense_resource.h:162) in function 'nnet::dense_resource_rf_gt_nin_rem0<ap_ufixed<8, 2, (ap_q_mode)4, (ap_o_mode)0, 0>, ap_fixed<20, 9, (ap_q_mode)5, (ap_o_mode)3, 0>, config5>' completely with a factor of 4.
INFO: [HLS 200-489] Unrolling loop 'Loop-1' (firmware/nnet_utils/nnet_activation.h:43) in function 'nnet::relu<ap_fixed<29, 14, (ap_q_mode)5, (ap_o_mode)3, 0>, ap_ufixed<8, 2, (ap_q_mode)4, (ap_o_mode)0, 0>, relu_config4>' completely with a factor of 8.
INFO: [HLS 200-489] Unrolling loop 'InitAccum' (firmware/nnet_utils/nnet_dense_resource.h:114) in function 'nnet::dense_resource_rf_gt_nin_rem0<ap_fixed<16, 6, (ap_q_mode)5, (ap_o_mode)3, 0>, ap_fixed<29, 14, (ap_q_mode)5, (ap_o_mode)3, 0>, config2>' completely with a factor of 8.
INFO: [HLS 200-489] Unrolling loop 'MultLoop' (firmware/nnet_utils/nnet_dense_resource.h:142) in function 'nnet::dense_resource_rf_gt_nin_rem0<ap_fixed<16, 6, (ap_q_mode)5, (ap_o_mode)3, 0>, ap_fixed<29, 14, (ap_q_mode)5, (ap_o_mode)3, 0>, config2>' completely with a factor of 2.
INFO: [HLS 200-489] Unrolling loop 'Result' (firmware/nnet_utils/nnet_dense_resource.h:162) in function 'nnet::dense_resource_rf_gt_nin_rem0<ap_fixed<16, 6, (ap_q_mode)5, (ap_o_mode)3, 0>, ap_fixed<29, 14, (ap_q_mode)5, (ap_o_mode)3, 0>, config2>' completely with a factor of 8.
WARNING: [XFORM 203-135] Cannot reshape array 'w14.V' : incorrect reshape factor 1.
WARNING: [XFORM 203-135] Cannot reshape array 'w11.V' : incorrect reshape factor 1.
WARNING: [XFORM 203-135] Cannot reshape array 'w8.V' : incorrect reshape factor 1.
WARNING: [XFORM 203-135] Cannot reshape array 'w5.V' : incorrect reshape factor 1.
WARNING: [XFORM 203-135] Cannot reshape array 'w14.V' : incorrect reshape factor 1.
WARNING: [XFORM 203-135] Cannot reshape array 'w11.V' : incorrect reshape factor 1.
WARNING: [XFORM 203-135] Cannot reshape array 'w8.V' : incorrect reshape factor 1.
WARNING: [XFORM 203-135] Cannot reshape array 'w5.V' : incorrect reshape factor 1.
INFO: [XFORM 203-131] Reshaping array 'input_4.V' (firmware/myproject.cpp:8) in dimension 1 completely.
INFO: [XFORM 203-131] Reshaping array 'w17.V'  in dimension 1 with a block factor of 2.
INFO: [XFORM 203-131] Reshaping array 'w2.V'  in dimension 1 with a block factor of 2.
INFO: [XFORM 203-101] Partitioning array 'layer17_out.V' (firmware/myproject.cpp:9) in dimension 1 completely.
INFO: [XFORM 203-101] Partitioning array 'layer2_out.V' (firmware/myproject.cpp:42) in dimension 1 completely.
INFO: [XFORM 203-101] Partitioning array 'layer4_out.V' (firmware/myproject.cpp:45) in dimension 1 completely.
INFO: [XFORM 203-101] Partitioning array 'layer5_out.V' (firmware/myproject.cpp:48) in dimension 1 completely.
INFO: [XFORM 203-101] Partitioning array 'layer7_out.V' (firmware/myproject.cpp:51) in dimension 1 completely.
INFO: [XFORM 203-101] Partitioning array 'layer8_out.V' (firmware/myproject.cpp:54) in dimension 1 completely.
INFO: [XFORM 203-101] Partitioning array 'layer10_out.V' (firmware/myproject.cpp:57) in dimension 1 completely.
INFO: [XFORM 203-101] Partitioning array 'layer11_out.V' (firmware/myproject.cpp:60) in dimension 1 completely.
INFO: [XFORM 203-101] Partitioning array 'layer13_out.V' (firmware/myproject.cpp:63) in dimension 1 completely.
INFO: [XFORM 203-101] Partitioning array 'layer14_out.V' (firmware/myproject.cpp:66) in dimension 1 completely.
INFO: [XFORM 203-101] Partitioning array 'layer16_out.V' (firmware/myproject.cpp:69) in dimension 1 completely.
INFO: [XFORM 203-101] Partitioning array 'b2.V'  in dimension 1 completely.
INFO: [XFORM 203-101] Partitioning array 'acc.V' (firmware/nnet_utils/nnet_dense_resource.h:110) in dimension 1 completely.
INFO: [XFORM 203-101] Partitioning array 'b17.V'  in dimension 1 completely.
INFO: [XFORM 203-101] Partitioning array 'acc.V' (firmware/nnet_utils/nnet_dense_resource.h:110) in dimension 1 completely.
INFO: [XFORM 203-101] Partitioning array 'b14.V'  in dimension 1 completely.
INFO: [XFORM 203-101] Partitioning array 'acc.V' (firmware/nnet_utils/nnet_dense_resource.h:110) in dimension 1 completely.
INFO: [XFORM 203-101] Partitioning array 'b11.V'  in dimension 1 completely.
INFO: [XFORM 203-101] Partitioning array 'acc.V' (firmware/nnet_utils/nnet_dense_resource.h:110) in dimension 1 completely.
INFO: [XFORM 203-101] Partitioning array 'b8.V'  in dimension 1 completely.
INFO: [XFORM 203-101] Partitioning array 'acc.V' (firmware/nnet_utils/nnet_dense_resource.h:110) in dimension 1 completely.
INFO: [XFORM 203-101] Partitioning array 'b5.V'  in dimension 1 completely.
INFO: [XFORM 203-101] Partitioning array 'acc.V' (firmware/nnet_utils/nnet_dense_resource.h:110) in dimension 1 completely.
INFO: [XFORM 203-602] Inlining function 'nnet::cast<ap_fixed<16, 6, (ap_q_mode)5, (ap_o_mode)3, 0>, ap_fixed<29, 14, (ap_q_mode)5, (ap_o_mode)3, 0>, config2>' into 'nnet::dense_resource_rf_gt_nin_rem0<ap_fixed<16, 6, (ap_q_mode)5, (ap_o_mode)3, 0>, ap_fixed<29, 14, (ap_q_mode)5, (ap_o_mode)3, 0>, config2>' (firmware/nnet_utils/nnet_dense_resource.h:164) automatically.
INFO: [XFORM 203-602] Inlining function 'nnet::cast<ap_ufixed<8, 2, (ap_q_mode)4, (ap_o_mode)0, 0>, ap_fixed<20, 9, (ap_q_mode)5, (ap_o_mode)3, 0>, config5>' into 'nnet::dense_resource_rf_gt_nin_rem0<ap_ufixed<8, 2, (ap_q_mode)4, (ap_o_mode)0, 0>, ap_fixed<20, 9, (ap_q_mode)5, (ap_o_mode)3, 0>, config5>' (firmware/nnet_utils/nnet_dense_resource.h:164) automatically.
INFO: [XFORM 203-602] Inlining function 'nnet::cast<ap_ufixed<8, 2, (ap_q_mode)4, (ap_o_mode)0, 0>, ap_fixed<19, 8, (ap_q_mode)5, (ap_o_mode)3, 0>, config8>' into 'nnet::dense_resource_rf_gt_nin_rem0<ap_ufixed<8, 2, (ap_q_mode)4, (ap_o_mode)0, 0>, ap_fixed<19, 8, (ap_q_mode)5, (ap_o_mode)3, 0>, config8>' (firmware/nnet_utils/nnet_dense_resource.h:164) automatically.
INFO: [XFORM 203-602] Inlining function 'nnet::cast<ap_ufixed<8, 2, (ap_q_mode)4, (ap_o_mode)0, 0>, ap_fixed<19, 8, (ap_q_mode)5, (ap_o_mode)3, 0>, config11>' into 'nnet::dense_resource_rf_gt_nin_rem0<ap_ufixed<8, 2, (ap_q_mode)4, (ap_o_mode)0, 0>, ap_fixed<19, 8, (ap_q_mode)5, (ap_o_mode)3, 0>, config11>' (firmware/nnet_utils/nnet_dense_resource.h:164) automatically.
INFO: [XFORM 203-602] Inlining function 'nnet::cast<ap_ufixed<8, 2, (ap_q_mode)4, (ap_o_mode)0, 0>, ap_fixed<19, 8, (ap_q_mode)5, (ap_o_mode)3, 0>, config14>' into 'nnet::dense_resource_rf_gt_nin_rem0<ap_ufixed<8, 2, (ap_q_mode)4, (ap_o_mode)0, 0>, ap_fixed<19, 8, (ap_q_mode)5, (ap_o_mode)3, 0>, config14>' (firmware/nnet_utils/nnet_dense_resource.h:164) automatically.
INFO: [XFORM 203-602] Inlining function 'nnet::cast<ap_ufixed<8, 2, (ap_q_mode)4, (ap_o_mode)0, 0>, ap_fixed<20, 9, (ap_q_mode)5, (ap_o_mode)3, 0>, config17>' into 'nnet::dense_resource_rf_gt_nin_rem0<ap_ufixed<8, 2, (ap_q_mode)4, (ap_o_mode)0, 0>, ap_fixed<20, 9, (ap_q_mode)5, (ap_o_mode)3, 0>, config17>' (firmware/nnet_utils/nnet_dense_resource.h:164) automatically.
INFO: [XFORM 203-622] Instantiating function 'nnet::dense_resource_rf_gt_nin_rem0<ap_ufixed<8, 2, (ap_q_mode)4, (ap_o_mode)0, 0>, ap_fixed<20, 9, (ap_q_mode)5, (ap_o_mode)3, 0>, config17>'(firmware/nnet_utils/nnet_dense_resource.h:73:17) to 'nnet::dense_resource_rf_gt_nin_rem0<ap_ufixed<8, 2, (ap_q_mode)4, (ap_o_mode)0, 0>, ap_fixed<20, 9, (ap_q_mode)5, (ap_o_mode)3, 0>, config17>.0' by setting 'weights.V' to 'w17.V'.
INFO: [XFORM 203-622] Instantiating function 'nnet::dense_resource_rf_gt_nin_rem0<ap_ufixed<8, 2, (ap_q_mode)4, (ap_o_mode)0, 0>, ap_fixed<20, 9, (ap_q_mode)5, (ap_o_mode)3, 0>, config17>.0'(firmware/nnet_utils/nnet_dense_resource.h:73:17) to 'nnet::dense_resource_rf_gt_nin_rem0<ap_ufixed<8, 2, (ap_q_mode)4, (ap_o_mode)0, 0>, ap_fixed<20, 9, (ap_q_mode)5, (ap_o_mode)3, 0>, config17>.0.0' by setting 'biases[0].V' to 'b17.V.0'.
INFO: [XFORM 203-622] Instantiating function 'nnet::dense_resource_rf_gt_nin_rem0<ap_ufixed<8, 2, (ap_q_mode)4, (ap_o_mode)0, 0>, ap_fixed<20, 9, (ap_q_mode)5, (ap_o_mode)3, 0>, config17>.0.0'(firmware/nnet_utils/nnet_dense_resource.h:73:17) to 'nnet::dense_resource_rf_gt_nin_rem0<ap_ufixed<8, 2, (ap_q_mode)4, (ap_o_mode)0, 0>, ap_fixed<20, 9, (ap_q_mode)5, (ap_o_mode)3, 0>, config17>.0.0.0' by setting 'biases[1].V' to 'b17.V.1'.
INFO: [XFORM 203-622] Instantiating function 'nnet::dense_resource_rf_gt_nin_rem0<ap_ufixed<8, 2, (ap_q_mode)4, (ap_o_mode)0, 0>, ap_fixed<20, 9, (ap_q_mode)5, (ap_o_mode)3, 0>, config17>.0.0.0'(firmware/nnet_utils/nnet_dense_resource.h:73:17) to 'nnet::dense_resource_rf_gt_nin_rem0<ap_ufixed<8, 2, (ap_q_mode)4, (ap_o_mode)0, 0>, ap_fixed<20, 9, (ap_q_mode)5, (ap_o_mode)3, 0>, config17>.0.0.0.0' by setting 'biases[2].V' to 'b17.V.2'.
INFO: [XFORM 203-622] Instantiating function 'nnet::dense_resource_rf_gt_nin_rem0<ap_ufixed<8, 2, (ap_q_mode)4, (ap_o_mode)0, 0>, ap_fixed<20, 9, (ap_q_mode)5, (ap_o_mode)3, 0>, config17>.0.0.0.0'(firmware/nnet_utils/nnet_dense_resource.h:73:17) to 'nnet::dense_resource_rf_gt_nin_rem0<ap_ufixed<8, 2, (ap_q_mode)4, (ap_o_mode)0, 0>, ap_fixed<20, 9, (ap_q_mode)5, (ap_o_mode)3, 0>, config17>.0.0.0.0.0' by setting 'biases[3].V' to 'b17.V.3'.
INFO: [XFORM 203-622] Instantiating function 'nnet::dense_resource_rf_gt_nin_rem0<ap_ufixed<8, 2, (ap_q_mode)4, (ap_o_mode)0, 0>, ap_fixed<20, 9, (ap_q_mode)5, (ap_o_mode)3, 0>, config17>.0.0.0.0.0'(firmware/nnet_utils/nnet_dense_resource.h:73:17) to 'nnet::dense_resource_rf_gt_nin_rem0<ap_ufixed<8, 2, (ap_q_mode)4, (ap_o_mode)0, 0>, ap_fixed<20, 9, (ap_q_mode)5, (ap_o_mode)3, 0>, config17>.0.0.0.0.0.0' by setting 'biases[4].V' to 'b17.V.4'.
INFO: [XFORM 203-622] Instantiating function 'nnet::dense_resource_rf_gt_nin_rem0<ap_ufixed<8, 2, (ap_q_mode)4, (ap_o_mode)0, 0>, ap_fixed<20, 9, (ap_q_mode)5, (ap_o_mode)3, 0>, config17>.0.0.0.0.0.0'(firmware/nnet_utils/nnet_dense_resource.h:73:17) to 'nnet::dense_resource_rf_gt_nin_rem0<ap_ufixed<8, 2, (ap_q_mode)4, (ap_o_mode)0, 0>, ap_fixed<20, 9, (ap_q_mode)5, (ap_o_mode)3, 0>, config17>.0.0.0.0.0.0.0' by setting 'biases[5].V' to 'b17.V.5'.
INFO: [XFORM 203-622] Instantiating function 'nnet::dense_resource_rf_gt_nin_rem0<ap_ufixed<8, 2, (ap_q_mode)4, (ap_o_mode)0, 0>, ap_fixed<20, 9, (ap_q_mode)5, (ap_o_mode)3, 0>, config17>.0.0.0.0.0.0.0'(firmware/nnet_utils/nnet_dense_resource.h:73:17) to 'nnet::dense_resource_rf_gt_nin_rem0<ap_ufixed<8, 2, (ap_q_mode)4, (ap_o_mode)0, 0>, ap_fixed<20, 9, (ap_q_mode)5, (ap_o_mode)3, 0>, config17>.0.0.0.0.0.0.0.0' by setting 'biases[6].V' to 'b17.V.6'.
INFO: [XFORM 203-622] Instantiating function 'nnet::dense_resource_rf_gt_nin_rem0<ap_ufixed<8, 2, (ap_q_mode)4, (ap_o_mode)0, 0>, ap_fixed<20, 9, (ap_q_mode)5, (ap_o_mode)3, 0>, config17>.0.0.0.0.0.0.0.0'(firmware/nnet_utils/nnet_dense_resource.h:73:17) to 'nnet::dense_resource_rf_gt_nin_rem0<ap_ufixed<8, 2, (ap_q_mode)4, (ap_o_mode)0, 0>, ap_fixed<20, 9, (ap_q_mode)5, (ap_o_mode)3, 0>, config17>.0.0.0.0.0.0.0.0.0' by setting 'biases[7].V' to 'b17.V.7'.
INFO: [XFORM 203-622] Instantiating function 'nnet::dense_resource_rf_gt_nin_rem0<ap_ufixed<8, 2, (ap_q_mode)4, (ap_o_mode)0, 0>, ap_fixed<20, 9, (ap_q_mode)5, (ap_o_mode)3, 0>, config17>.0.0.0.0.0.0.0.0.0'(firmware/nnet_utils/nnet_dense_resource.h:73:17) to 'nnet::dense_resource_rf_gt_nin_rem0<ap_ufixed<8, 2, (ap_q_mode)4, (ap_o_mode)0, 0>, ap_fixed<20, 9, (ap_q_mode)5, (ap_o_mode)3, 0>, config17>.0.0.0.0.0.0.0.0.0.0' by setting 'biases[8].V' to 'b17.V.8'.
INFO: [XFORM 203-622] Instantiating function 'nnet::dense_resource_rf_gt_nin_rem0<ap_ufixed<8, 2, (ap_q_mode)4, (ap_o_mode)0, 0>, ap_fixed<20, 9, (ap_q_mode)5, (ap_o_mode)3, 0>, config17>.0.0.0.0.0.0.0.0.0.0'(firmware/nnet_utils/nnet_dense_resource.h:73:17) to 'nnet::dense_resource_rf_gt_nin_rem0<ap_ufixed<8, 2, (ap_q_mode)4, (ap_o_mode)0, 0>, ap_fixed<20, 9, (ap_q_mode)5, (ap_o_mode)3, 0>, config17>.0.0.0.0.0.0.0.0.0.0.0' by setting 'biases[9].V' to 'b17.V.9'.
INFO: [XFORM 203-622] Instantiating function 'nnet::dense_resource_rf_gt_nin_rem0<ap_ufixed<8, 2, (ap_q_mode)4, (ap_o_mode)0, 0>, ap_fixed<20, 9, (ap_q_mode)5, (ap_o_mode)3, 0>, config17>.0.0.0.0.0.0.0.0.0.0.0'(firmware/nnet_utils/nnet_dense_resource.h:73:17) to 'nnet::dense_resource_rf_gt_nin_rem0<ap_ufixed<8, 2, (ap_q_mode)4, (ap_o_mode)0, 0>, ap_fixed<20, 9, (ap_q_mode)5, (ap_o_mode)3, 0>, config17>.0.0.0.0.0.0.0.0.0.0.0.0' by setting 'biases[10].V' to 'b17.V.10'.
INFO: [XFORM 203-622] Instantiating function 'nnet::dense_resource_rf_gt_nin_rem0<ap_ufixed<8, 2, (ap_q_mode)4, (ap_o_mode)0, 0>, ap_fixed<20, 9, (ap_q_mode)5, (ap_o_mode)3, 0>, config17>.0.0.0.0.0.0.0.0.0.0.0.0'(firmware/nnet_utils/nnet_dense_resource.h:73:17) to 'nnet::dense_resource_rf_gt_nin_rem0<ap_ufixed<8, 2, (ap_q_mode)4, (ap_o_mode)0, 0>, ap_fixed<20, 9, (ap_q_mode)5, (ap_o_mode)3, 0>, config17>.0.0.0.0.0.0.0.0.0.0.0.0.0' by setting 'biases[11].V' to 'b17.V.11'.
INFO: [XFORM 203-622] Instantiating function 'nnet::dense_resource_rf_gt_nin_rem0<ap_ufixed<8, 2, (ap_q_mode)4, (ap_o_mode)0, 0>, ap_fixed<20, 9, (ap_q_mode)5, (ap_o_mode)3, 0>, config17>.0.0.0.0.0.0.0.0.0.0.0.0.0'(firmware/nnet_utils/nnet_dense_resource.h:73:17) to 'nnet::dense_resource_rf_gt_nin_rem0<ap_ufixed<8, 2, (ap_q_mode)4, (ap_o_mode)0, 0>, ap_fixed<20, 9, (ap_q_mode)5, (ap_o_mode)3, 0>, config17>.0.0.0.0.0.0.0.0.0.0.0.0.0.0' by setting 'biases[12].V' to 'b17.V.12'.
INFO: [XFORM 203-622] Instantiating function 'nnet::dense_resource_rf_gt_nin_rem0<ap_ufixed<8, 2, (ap_q_mode)4, (ap_o_mode)0, 0>, ap_fixed<20, 9, (ap_q_mode)5, (ap_o_mode)3, 0>, config17>.0.0.0.0.0.0.0.0.0.0.0.0.0.0'(firmware/nnet_utils/nnet_dense_resource.h:73:17) to 'nnet::dense_resource_rf_gt_nin_rem0<ap_ufixed<8, 2, (ap_q_mode)4, (ap_o_mode)0, 0>, ap_fixed<20, 9, (ap_q_mode)5, (ap_o_mode)3, 0>, config17>.0.0.0.0.0.0.0.0.0.0.0.0.0.0.0' by setting 'biases[13].V' to 'b17.V.13'.
INFO: [XFORM 203-622] Instantiating function 'nnet::dense_resource_rf_gt_nin_rem0<ap_ufixed<8, 2, (ap_q_mode)4, (ap_o_mode)0, 0>, ap_fixed<19, 8, (ap_q_mode)5, (ap_o_mode)3, 0>, config14>'(firmware/nnet_utils/nnet_dense_resource.h:73:37) to 'nnet::dense_resource_rf_gt_nin_rem0<ap_ufixed<8, 2, (ap_q_mode)4, (ap_o_mode)0, 0>, ap_fixed<19, 8, (ap_q_mode)5, (ap_o_mode)3, 0>, config14>.0' at call site (firmware/nnet_utils/nnet_dense.h:76->firmware/nnet_utils/nnet_dense.h:45->firmware/myproject.cpp:88) by setting 'weights.V' to 'w14.V'.
INFO: [XFORM 203-622] Instantiating function 'nnet::dense_resource_rf_gt_nin_rem0<ap_ufixed<8, 2, (ap_q_mode)4, (ap_o_mode)0, 0>, ap_fixed<19, 8, (ap_q_mode)5, (ap_o_mode)3, 0>, config14>.0'(firmware/nnet_utils/nnet_dense_resource.h:73:37) to 'nnet::dense_resource_rf_gt_nin_rem0<ap_ufixed<8, 2, (ap_q_mode)4, (ap_o_mode)0, 0>, ap_fixed<19, 8, (ap_q_mode)5, (ap_o_mode)3, 0>, config14>.0.0' at call site (firmware/nnet_utils/nnet_dense.h:76->firmware/nnet_utils/nnet_dense.h:45->firmware/myproject.cpp:88) by setting 'biases[0].V' to 'b14.V.0'.
INFO: [XFORM 203-622] Instantiating function 'nnet::dense_resource_rf_gt_nin_rem0<ap_ufixed<8, 2, (ap_q_mode)4, (ap_o_mode)0, 0>, ap_fixed<19, 8, (ap_q_mode)5, (ap_o_mode)3, 0>, config14>.0.0'(firmware/nnet_utils/nnet_dense_resource.h:73:37) to 'nnet::dense_resource_rf_gt_nin_rem0<ap_ufixed<8, 2, (ap_q_mode)4, (ap_o_mode)0, 0>, ap_fixed<19, 8, (ap_q_mode)5, (ap_o_mode)3, 0>, config14>.0.0.0' at call site (firmware/nnet_utils/nnet_dense.h:76->firmware/nnet_utils/nnet_dense.h:45->firmware/myproject.cpp:88) by setting 'biases[1].V' to 'b14.V.1'.
INFO: [XFORM 203-622] Instantiating function 'nnet::dense_resource_rf_gt_nin_rem0<ap_ufixed<8, 2, (ap_q_mode)4, (ap_o_mode)0, 0>, ap_fixed<19, 8, (ap_q_mode)5, (ap_o_mode)3, 0>, config14>.0.0.0'(firmware/nnet_utils/nnet_dense_resource.h:73:37) to 'nnet::dense_resource_rf_gt_nin_rem0<ap_ufixed<8, 2, (ap_q_mode)4, (ap_o_mode)0, 0>, ap_fixed<19, 8, (ap_q_mode)5, (ap_o_mode)3, 0>, config14>.0.0.0.0' at call site (firmware/nnet_utils/nnet_dense.h:76->firmware/nnet_utils/nnet_dense.h:45->firmware/myproject.cpp:88) by setting 'biases[2].V' to 'b14.V.2'.
INFO: [XFORM 203-622] Instantiating function 'nnet::dense_resource_rf_gt_nin_rem0<ap_ufixed<8, 2, (ap_q_mode)4, (ap_o_mode)0, 0>, ap_fixed<19, 8, (ap_q_mode)5, (ap_o_mode)3, 0>, config14>.0.0.0.0'(firmware/nnet_utils/nnet_dense_resource.h:73:37) to 'nnet::dense_resource_rf_gt_nin_rem0<ap_ufixed<8, 2, (ap_q_mode)4, (ap_o_mode)0, 0>, ap_fixed<19, 8, (ap_q_mode)5, (ap_o_mode)3, 0>, config14>.0.0.0.0.0' at call site (firmware/nnet_utils/nnet_dense.h:76->firmware/nnet_utils/nnet_dense.h:45->firmware/myproject.cpp:88) by setting 'biases[3].V' to 'b14.V.3'.
INFO: [XFORM 203-622] Instantiating function 'nnet::dense_resource_rf_gt_nin_rem0<ap_ufixed<8, 2, (ap_q_mode)4, (ap_o_mode)0, 0>, ap_fixed<19, 8, (ap_q_mode)5, (ap_o_mode)3, 0>, config14>.0.0.0.0.0'(firmware/nnet_utils/nnet_dense_resource.h:73:37) to 'nnet::dense_resource_rf_gt_nin_rem0<ap_ufixed<8, 2, (ap_q_mode)4, (ap_o_mode)0, 0>, ap_fixed<19, 8, (ap_q_mode)5, (ap_o_mode)3, 0>, config14>.0.0.0.0.0.0' at call site (firmware/nnet_utils/nnet_dense.h:76->firmware/nnet_utils/nnet_dense.h:45->firmware/myproject.cpp:88) by setting 'biases[4].V' to 'b14.V.4'.
INFO: [XFORM 203-622] Instantiating function 'nnet::dense_resource_rf_gt_nin_rem0<ap_ufixed<8, 2, (ap_q_mode)4, (ap_o_mode)0, 0>, ap_fixed<19, 8, (ap_q_mode)5, (ap_o_mode)3, 0>, config14>.0.0.0.0.0.0'(firmware/nnet_utils/nnet_dense_resource.h:73:37) to 'nnet::dense_resource_rf_gt_nin_rem0<ap_ufixed<8, 2, (ap_q_mode)4, (ap_o_mode)0, 0>, ap_fixed<19, 8, (ap_q_mode)5, (ap_o_mode)3, 0>, config14>.0.0.0.0.0.0.0' at call site (firmware/nnet_utils/nnet_dense.h:76->firmware/nnet_utils/nnet_dense.h:45->firmware/myproject.cpp:88) by setting 'biases[5].V' to 'b14.V.5'.
INFO: [XFORM 203-622] Instantiating function 'nnet::dense_resource_rf_gt_nin_rem0<ap_ufixed<8, 2, (ap_q_mode)4, (ap_o_mode)0, 0>, ap_fixed<19, 8, (ap_q_mode)5, (ap_o_mode)3, 0>, config14>.0.0.0.0.0.0.0'(firmware/nnet_utils/nnet_dense_resource.h:73:37) to 'nnet::dense_resource_rf_gt_nin_rem0<ap_ufixed<8, 2, (ap_q_mode)4, (ap_o_mode)0, 0>, ap_fixed<19, 8, (ap_q_mode)5, (ap_o_mode)3, 0>, config14>.0.0.0.0.0.0.0.0' at call site (firmware/nnet_utils/nnet_dense.h:76->firmware/nnet_utils/nnet_dense.h:45->firmware/myproject.cpp:88) by setting 'biases[6].V' to 'b14.V.6'.
INFO: [XFORM 203-622] Instantiating function 'nnet::dense_resource_rf_gt_nin_rem0<ap_ufixed<8, 2, (ap_q_mode)4, (ap_o_mode)0, 0>, ap_fixed<19, 8, (ap_q_mode)5, (ap_o_mode)3, 0>, config14>.0.0.0.0.0.0.0.0'(firmware/nnet_utils/nnet_dense_resource.h:73:37) to 'nnet::dense_resource_rf_gt_nin_rem0<ap_ufixed<8, 2, (ap_q_mode)4, (ap_o_mode)0, 0>, ap_fixed<19, 8, (ap_q_mode)5, (ap_o_mode)3, 0>, config14>.0.0.0.0.0.0.0.0.0' at call site (firmware/nnet_utils/nnet_dense.h:76->firmware/nnet_utils/nnet_dense.h:45->firmware/myproject.cpp:88) by setting 'biases[7].V' to 'b14.V.7'.
INFO: [XFORM 203-622] Instantiating function 'nnet::dense_resource_rf_gt_nin_rem0<ap_ufixed<8, 2, (ap_q_mode)4, (ap_o_mode)0, 0>, ap_fixed<19, 8, (ap_q_mode)5, (ap_o_mode)3, 0>, config11>'(firmware/nnet_utils/nnet_dense_resource.h:73:37) to 'nnet::dense_resource_rf_gt_nin_rem0<ap_ufixed<8, 2, (ap_q_mode)4, (ap_o_mode)0, 0>, ap_fixed<19, 8, (ap_q_mode)5, (ap_o_mode)3, 0>, config11>.0' at call site (firmware/nnet_utils/nnet_dense.h:76->firmware/nnet_utils/nnet_dense.h:45->firmware/myproject.cpp:84) by setting 'weights.V' to 'w11.V'.
INFO: [XFORM 203-622] Instantiating function 'nnet::dense_resource_rf_gt_nin_rem0<ap_ufixed<8, 2, (ap_q_mode)4, (ap_o_mode)0, 0>, ap_fixed<19, 8, (ap_q_mode)5, (ap_o_mode)3, 0>, config11>.0'(firmware/nnet_utils/nnet_dense_resource.h:73:37) to 'nnet::dense_resource_rf_gt_nin_rem0<ap_ufixed<8, 2, (ap_q_mode)4, (ap_o_mode)0, 0>, ap_fixed<19, 8, (ap_q_mode)5, (ap_o_mode)3, 0>, config11>.0.0' at call site (firmware/nnet_utils/nnet_dense.h:76->firmware/nnet_utils/nnet_dense.h:45->firmware/myproject.cpp:84) by setting 'biases[0].V' to 'b11.V.0'.
INFO: [XFORM 203-622] Instantiating function 'nnet::dense_resource_rf_gt_nin_rem0<ap_ufixed<8, 2, (ap_q_mode)4, (ap_o_mode)0, 0>, ap_fixed<19, 8, (ap_q_mode)5, (ap_o_mode)3, 0>, config11>.0.0'(firmware/nnet_utils/nnet_dense_resource.h:73:37) to 'nnet::dense_resource_rf_gt_nin_rem0<ap_ufixed<8, 2, (ap_q_mode)4, (ap_o_mode)0, 0>, ap_fixed<19, 8, (ap_q_mode)5, (ap_o_mode)3, 0>, config11>.0.0.0' at call site (firmware/nnet_utils/nnet_dense.h:76->firmware/nnet_utils/nnet_dense.h:45->firmware/myproject.cpp:84) by setting 'biases[1].V' to 'b11.V.1'.
INFO: [XFORM 203-622] Instantiating function 'nnet::dense_resource_rf_gt_nin_rem0<ap_ufixed<8, 2, (ap_q_mode)4, (ap_o_mode)0, 0>, ap_fixed<19, 8, (ap_q_mode)5, (ap_o_mode)3, 0>, config11>.0.0.0'(firmware/nnet_utils/nnet_dense_resource.h:73:37) to 'nnet::dense_resource_rf_gt_nin_rem0<ap_ufixed<8, 2, (ap_q_mode)4, (ap_o_mode)0, 0>, ap_fixed<19, 8, (ap_q_mode)5, (ap_o_mode)3, 0>, config11>.0.0.0.0' at call site (firmware/nnet_utils/nnet_dense.h:76->firmware/nnet_utils/nnet_dense.h:45->firmware/myproject.cpp:84) by setting 'biases[2].V' to 'b11.V.2'.
INFO: [XFORM 203-622] Instantiating function 'nnet::dense_resource_rf_gt_nin_rem0<ap_ufixed<8, 2, (ap_q_mode)4, (ap_o_mode)0, 0>, ap_fixed<19, 8, (ap_q_mode)5, (ap_o_mode)3, 0>, config11>.0.0.0.0'(firmware/nnet_utils/nnet_dense_resource.h:73:37) to 'nnet::dense_resource_rf_gt_nin_rem0<ap_ufixed<8, 2, (ap_q_mode)4, (ap_o_mode)0, 0>, ap_fixed<19, 8, (ap_q_mode)5, (ap_o_mode)3, 0>, config11>.0.0.0.0.0' at call site (firmware/nnet_utils/nnet_dense.h:76->firmware/nnet_utils/nnet_dense.h:45->firmware/myproject.cpp:84) by setting 'biases[3].V' to 'b11.V.3'.
INFO: [XFORM 203-622] Instantiating function 'nnet::dense_resource_rf_gt_nin_rem0<ap_ufixed<8, 2, (ap_q_mode)4, (ap_o_mode)0, 0>, ap_fixed<19, 8, (ap_q_mode)5, (ap_o_mode)3, 0>, config8>'(firmware/nnet_utils/nnet_dense_resource.h:73:37) to 'nnet::dense_resource_rf_gt_nin_rem0<ap_ufixed<8, 2, (ap_q_mode)4, (ap_o_mode)0, 0>, ap_fixed<19, 8, (ap_q_mode)5, (ap_o_mode)3, 0>, config8>.0' at call site (firmware/nnet_utils/nnet_dense.h:76->firmware/nnet_utils/nnet_dense.h:45->firmware/myproject.cpp:80) by setting 'weights.V' to 'w8.V'.
INFO: [XFORM 203-622] Instantiating function 'nnet::dense_resource_rf_gt_nin_rem0<ap_ufixed<8, 2, (ap_q_mode)4, (ap_o_mode)0, 0>, ap_fixed<19, 8, (ap_q_mode)5, (ap_o_mode)3, 0>, config8>.0'(firmware/nnet_utils/nnet_dense_resource.h:73:37) to 'nnet::dense_resource_rf_gt_nin_rem0<ap_ufixed<8, 2, (ap_q_mode)4, (ap_o_mode)0, 0>, ap_fixed<19, 8, (ap_q_mode)5, (ap_o_mode)3, 0>, config8>.0.0' at call site (firmware/nnet_utils/nnet_dense.h:76->firmware/nnet_utils/nnet_dense.h:45->firmware/myproject.cpp:80) by setting 'biases[0].V' to 'b8.V.0'.
INFO: [XFORM 203-622] Instantiating function 'nnet::dense_resource_rf_gt_nin_rem0<ap_ufixed<8, 2, (ap_q_mode)4, (ap_o_mode)0, 0>, ap_fixed<19, 8, (ap_q_mode)5, (ap_o_mode)3, 0>, config8>.0.0'(firmware/nnet_utils/nnet_dense_resource.h:73:37) to 'nnet::dense_resource_rf_gt_nin_rem0<ap_ufixed<8, 2, (ap_q_mode)4, (ap_o_mode)0, 0>, ap_fixed<19, 8, (ap_q_mode)5, (ap_o_mode)3, 0>, config8>.0.0.0' at call site (firmware/nnet_utils/nnet_dense.h:76->firmware/nnet_utils/nnet_dense.h:45->firmware/myproject.cpp:80) by setting 'biases[1].V' to 'b8.V.1'.
INFO: [XFORM 203-622] Instantiating function 'nnet::dense_resource_rf_gt_nin_rem0<ap_ufixed<8, 2, (ap_q_mode)4, (ap_o_mode)0, 0>, ap_fixed<19, 8, (ap_q_mode)5, (ap_o_mode)3, 0>, config8>.0.0.0'(firmware/nnet_utils/nnet_dense_resource.h:73:37) to 'nnet::dense_resource_rf_gt_nin_rem0<ap_ufixed<8, 2, (ap_q_mode)4, (ap_o_mode)0, 0>, ap_fixed<19, 8, (ap_q_mode)5, (ap_o_mode)3, 0>, config8>.0.0.0.0' at call site (firmware/nnet_utils/nnet_dense.h:76->firmware/nnet_utils/nnet_dense.h:45->firmware/myproject.cpp:80) by setting 'biases[2].V' to 'b8.V.2'.
INFO: [XFORM 203-622] Instantiating function 'nnet::dense_resource_rf_gt_nin_rem0<ap_ufixed<8, 2, (ap_q_mode)4, (ap_o_mode)0, 0>, ap_fixed<20, 9, (ap_q_mode)5, (ap_o_mode)3, 0>, config5>'(firmware/nnet_utils/nnet_dense_resource.h:73:37) to 'nnet::dense_resource_rf_gt_nin_rem0<ap_ufixed<8, 2, (ap_q_mode)4, (ap_o_mode)0, 0>, ap_fixed<20, 9, (ap_q_mode)5, (ap_o_mode)3, 0>, config5>.0' at call site (firmware/nnet_utils/nnet_dense.h:76->firmware/nnet_utils/nnet_dense.h:45->firmware/myproject.cpp:76) by setting 'weights.V' to 'w5.V'.
INFO: [XFORM 203-622] Instantiating function 'nnet::dense_resource_rf_gt_nin_rem0<ap_ufixed<8, 2, (ap_q_mode)4, (ap_o_mode)0, 0>, ap_fixed<20, 9, (ap_q_mode)5, (ap_o_mode)3, 0>, config5>.0'(firmware/nnet_utils/nnet_dense_resource.h:73:37) to 'nnet::dense_resource_rf_gt_nin_rem0<ap_ufixed<8, 2, (ap_q_mode)4, (ap_o_mode)0, 0>, ap_fixed<20, 9, (ap_q_mode)5, (ap_o_mode)3, 0>, config5>.0.0' at call site (firmware/nnet_utils/nnet_dense.h:76->firmware/nnet_utils/nnet_dense.h:45->firmware/myproject.cpp:76) by setting 'biases[0].V' to 'b5.V.0'.
INFO: [XFORM 203-622] Instantiating function 'nnet::dense_resource_rf_gt_nin_rem0<ap_ufixed<8, 2, (ap_q_mode)4, (ap_o_mode)0, 0>, ap_fixed<20, 9, (ap_q_mode)5, (ap_o_mode)3, 0>, config5>.0.0'(firmware/nnet_utils/nnet_dense_resource.h:73:37) to 'nnet::dense_resource_rf_gt_nin_rem0<ap_ufixed<8, 2, (ap_q_mode)4, (ap_o_mode)0, 0>, ap_fixed<20, 9, (ap_q_mode)5, (ap_o_mode)3, 0>, config5>.0.0.0' at call site (firmware/nnet_utils/nnet_dense.h:76->firmware/nnet_utils/nnet_dense.h:45->firmware/myproject.cpp:76) by setting 'biases[1].V' to 'b5.V.1'.
INFO: [XFORM 203-622] Instantiating function 'nnet::dense_resource_rf_gt_nin_rem0<ap_ufixed<8, 2, (ap_q_mode)4, (ap_o_mode)0, 0>, ap_fixed<20, 9, (ap_q_mode)5, (ap_o_mode)3, 0>, config5>.0.0.0'(firmware/nnet_utils/nnet_dense_resource.h:73:37) to 'nnet::dense_resource_rf_gt_nin_rem0<ap_ufixed<8, 2, (ap_q_mode)4, (ap_o_mode)0, 0>, ap_fixed<20, 9, (ap_q_mode)5, (ap_o_mode)3, 0>, config5>.0.0.0.0' at call site (firmware/nnet_utils/nnet_dense.h:76->firmware/nnet_utils/nnet_dense.h:45->firmware/myproject.cpp:76) by setting 'biases[2].V' to 'b5.V.2'.
INFO: [XFORM 203-622] Instantiating function 'nnet::dense_resource_rf_gt_nin_rem0<ap_ufixed<8, 2, (ap_q_mode)4, (ap_o_mode)0, 0>, ap_fixed<20, 9, (ap_q_mode)5, (ap_o_mode)3, 0>, config5>.0.0.0.0'(firmware/nnet_utils/nnet_dense_resource.h:73:37) to 'nnet::dense_resource_rf_gt_nin_rem0<ap_ufixed<8, 2, (ap_q_mode)4, (ap_o_mode)0, 0>, ap_fixed<20, 9, (ap_q_mode)5, (ap_o_mode)3, 0>, config5>.0.0.0.0.0' at call site (firmware/nnet_utils/nnet_dense.h:76->firmware/nnet_utils/nnet_dense.h:45->firmware/myproject.cpp:76) by setting 'biases[3].V' to 'b5.V.3'.
INFO: [XFORM 203-622] Instantiating function 'nnet::dense_resource_rf_gt_nin_rem0<ap_fixed<16, 6, (ap_q_mode)5, (ap_o_mode)3, 0>, ap_fixed<29, 14, (ap_q_mode)5, (ap_o_mode)3, 0>, config2>'(firmware/nnet_utils/nnet_dense_resource.h:73:17) to 'nnet::dense_resource_rf_gt_nin_rem0<ap_fixed<16, 6, (ap_q_mode)5, (ap_o_mode)3, 0>, ap_fixed<29, 14, (ap_q_mode)5, (ap_o_mode)3, 0>, config2>.0' by setting 'weights.V' to 'w2.V'.
INFO: [XFORM 203-622] Instantiating function 'nnet::dense_resource_rf_gt_nin_rem0<ap_fixed<16, 6, (ap_q_mode)5, (ap_o_mode)3, 0>, ap_fixed<29, 14, (ap_q_mode)5, (ap_o_mode)3, 0>, config2>.0'(firmware/nnet_utils/nnet_dense_resource.h:73:17) to 'nnet::dense_resource_rf_gt_nin_rem0<ap_fixed<16, 6, (ap_q_mode)5, (ap_o_mode)3, 0>, ap_fixed<29, 14, (ap_q_mode)5, (ap_o_mode)3, 0>, config2>.0.0' by setting 'biases[0].V' to 'b2.V.0'.
INFO: [XFORM 203-622] Instantiating function 'nnet::dense_resource_rf_gt_nin_rem0<ap_fixed<16, 6, (ap_q_mode)5, (ap_o_mode)3, 0>, ap_fixed<29, 14, (ap_q_mode)5, (ap_o_mode)3, 0>, config2>.0.0'(firmware/nnet_utils/nnet_dense_resource.h:73:17) to 'nnet::dense_resource_rf_gt_nin_rem0<ap_fixed<16, 6, (ap_q_mode)5, (ap_o_mode)3, 0>, ap_fixed<29, 14, (ap_q_mode)5, (ap_o_mode)3, 0>, config2>.0.0.0' by setting 'biases[1].V' to 'b2.V.1'.
INFO: [XFORM 203-622] Instantiating function 'nnet::dense_resource_rf_gt_nin_rem0<ap_fixed<16, 6, (ap_q_mode)5, (ap_o_mode)3, 0>, ap_fixed<29, 14, (ap_q_mode)5, (ap_o_mode)3, 0>, config2>.0.0.0'(firmware/nnet_utils/nnet_dense_resource.h:73:17) to 'nnet::dense_resource_rf_gt_nin_rem0<ap_fixed<16, 6, (ap_q_mode)5, (ap_o_mode)3, 0>, ap_fixed<29, 14, (ap_q_mode)5, (ap_o_mode)3, 0>, config2>.0.0.0.0' by setting 'biases[2].V' to 'b2.V.2'.
INFO: [XFORM 203-622] Instantiating function 'nnet::dense_resource_rf_gt_nin_rem0<ap_fixed<16, 6, (ap_q_mode)5, (ap_o_mode)3, 0>, ap_fixed<29, 14, (ap_q_mode)5, (ap_o_mode)3, 0>, config2>.0.0.0.0'(firmware/nnet_utils/nnet_dense_resource.h:73:17) to 'nnet::dense_resource_rf_gt_nin_rem0<ap_fixed<16, 6, (ap_q_mode)5, (ap_o_mode)3, 0>, ap_fixed<29, 14, (ap_q_mode)5, (ap_o_mode)3, 0>, config2>.0.0.0.0.0' by setting 'biases[3].V' to 'b2.V.3'.
INFO: [XFORM 203-622] Instantiating function 'nnet::dense_resource_rf_gt_nin_rem0<ap_fixed<16, 6, (ap_q_mode)5, (ap_o_mode)3, 0>, ap_fixed<29, 14, (ap_q_mode)5, (ap_o_mode)3, 0>, config2>.0.0.0.0.0'(firmware/nnet_utils/nnet_dense_resource.h:73:17) to 'nnet::dense_resource_rf_gt_nin_rem0<ap_fixed<16, 6, (ap_q_mode)5, (ap_o_mode)3, 0>, ap_fixed<29, 14, (ap_q_mode)5, (ap_o_mode)3, 0>, config2>.0.0.0.0.0.0' by setting 'biases[4].V' to 'b2.V.4'.
INFO: [XFORM 203-622] Instantiating function 'nnet::dense_resource_rf_gt_nin_rem0<ap_fixed<16, 6, (ap_q_mode)5, (ap_o_mode)3, 0>, ap_fixed<29, 14, (ap_q_mode)5, (ap_o_mode)3, 0>, config2>.0.0.0.0.0.0'(firmware/nnet_utils/nnet_dense_resource.h:73:17) to 'nnet::dense_resource_rf_gt_nin_rem0<ap_fixed<16, 6, (ap_q_mode)5, (ap_o_mode)3, 0>, ap_fixed<29, 14, (ap_q_mode)5, (ap_o_mode)3, 0>, config2>.0.0.0.0.0.0.0' by setting 'biases[5].V' to 'b2.V.5'.
INFO: [XFORM 203-622] Instantiating function 'nnet::dense_resource_rf_gt_nin_rem0<ap_fixed<16, 6, (ap_q_mode)5, (ap_o_mode)3, 0>, ap_fixed<29, 14, (ap_q_mode)5, (ap_o_mode)3, 0>, config2>.0.0.0.0.0.0.0'(firmware/nnet_utils/nnet_dense_resource.h:73:17) to 'nnet::dense_resource_rf_gt_nin_rem0<ap_fixed<16, 6, (ap_q_mode)5, (ap_o_mode)3, 0>, ap_fixed<29, 14, (ap_q_mode)5, (ap_o_mode)3, 0>, config2>.0.0.0.0.0.0.0.0' by setting 'biases[6].V' to 'b2.V.6'.
INFO: [XFORM 203-622] Instantiating function 'nnet::dense_resource_rf_gt_nin_rem0<ap_fixed<16, 6, (ap_q_mode)5, (ap_o_mode)3, 0>, ap_fixed<29, 14, (ap_q_mode)5, (ap_o_mode)3, 0>, config2>.0.0.0.0.0.0.0.0'(firmware/nnet_utils/nnet_dense_resource.h:73:17) to 'nnet::dense_resource_rf_gt_nin_rem0<ap_fixed<16, 6, (ap_q_mode)5, (ap_o_mode)3, 0>, ap_fixed<29, 14, (ap_q_mode)5, (ap_o_mode)3, 0>, config2>.0.0.0.0.0.0.0.0.0' by setting 'biases[7].V' to 'b2.V.7'.
INFO: [XFORM 203-712] Applying dataflow to function 'myproject', detected/extracted 11 process function(s): 
	 'nnet::dense_resource_rf_gt_nin_rem0<ap_fixed<16, 6, (ap_q_mode)5, (ap_o_mode)3, 0>, ap_fixed<29, 14, (ap_q_mode)5, (ap_o_mode)3, 0>, config2>.0.0.0.0.0.0.0.0.0'
	 'nnet::relu<ap_fixed<29, 14, (ap_q_mode)5, (ap_o_mode)3, 0>, ap_ufixed<8, 2, (ap_q_mode)4, (ap_o_mode)0, 0>, relu_config4>'
	 'nnet::dense_resource_rf_gt_nin_rem0<ap_ufixed<8, 2, (ap_q_mode)4, (ap_o_mode)0, 0>, ap_fixed<20, 9, (ap_q_mode)5, (ap_o_mode)3, 0>, config5>.0.0.0.0.0'
	 'nnet::relu<ap_fixed<20, 9, (ap_q_mode)5, (ap_o_mode)3, 0>, ap_ufixed<8, 2, (ap_q_mode)4, (ap_o_mode)0, 0>, relu_config7>'
	 'nnet::dense_resource_rf_gt_nin_rem0<ap_ufixed<8, 2, (ap_q_mode)4, (ap_o_mode)0, 0>, ap_fixed<19, 8, (ap_q_mode)5, (ap_o_mode)3, 0>, config8>.0.0.0.0'
	 'nnet::relu<ap_fixed<19, 8, (ap_q_mode)5, (ap_o_mode)3, 0>, ap_ufixed<8, 2, (ap_q_mode)4, (ap_o_mode)0, 0>, relu_config10>'
	 'nnet::dense_resource_rf_gt_nin_rem0<ap_ufixed<8, 2, (ap_q_mode)4, (ap_o_mode)0, 0>, ap_fixed<19, 8, (ap_q_mode)5, (ap_o_mode)3, 0>, config11>.0.0.0.0.0'
	 'nnet::relu<ap_fixed<19, 8, (ap_q_mode)5, (ap_o_mode)3, 0>, ap_ufixed<8, 2, (ap_q_mode)4, (ap_o_mode)0, 0>, relu_config13>'
	 'nnet::dense_resource_rf_gt_nin_rem0<ap_ufixed<8, 2, (ap_q_mode)4, (ap_o_mode)0, 0>, ap_fixed<19, 8, (ap_q_mode)5, (ap_o_mode)3, 0>, config14>.0.0.0.0.0.0.0.0.0'
	 'nnet::relu<ap_fixed<19, 8, (ap_q_mode)5, (ap_o_mode)3, 0>, ap_ufixed<8, 2, (ap_q_mode)4, (ap_o_mode)0, 0>, relu_config16>'
	 'nnet::dense_resource_rf_gt_nin_rem0<ap_ufixed<8, 2, (ap_q_mode)4, (ap_o_mode)0, 0>, ap_fixed<20, 9, (ap_q_mode)5, (ap_o_mode)3, 0>, config17>.0.0.0.0.0.0.0.0.0.0.0.0.0.0.0'.
INFO: [XFORM 203-401] Performing if-conversion on hyperblock from (firmware/nnet_utils/nnet_activation.h:39:74) to (firmware/nnet_utils/nnet_activation.h:50:1) in function 'nnet::relu<ap_fixed<29, 14, (ap_q_mode)5, (ap_o_mode)3, 0>, ap_ufixed<8, 2, (ap_q_mode)4, (ap_o_mode)0, 0>, relu_config4>'... converting 17 basic blocks.
INFO: [XFORM 203-401] Performing if-conversion on hyperblock from (firmware/nnet_utils/nnet_activation.h:39:74) to (firmware/nnet_utils/nnet_activation.h:50:1) in function 'nnet::relu<ap_fixed<20, 9, (ap_q_mode)5, (ap_o_mode)3, 0>, ap_ufixed<8, 2, (ap_q_mode)4, (ap_o_mode)0, 0>, relu_config7>'... converting 9 basic blocks.
INFO: [XFORM 203-401] Performing if-conversion on hyperblock from (firmware/nnet_utils/nnet_activation.h:39:74) to (firmware/nnet_utils/nnet_activation.h:50:1) in function 'nnet::relu<ap_fixed<19, 8, (ap_q_mode)5, (ap_o_mode)3, 0>, ap_ufixed<8, 2, (ap_q_mode)4, (ap_o_mode)0, 0>, relu_config16>'... converting 17 basic blocks.
INFO: [XFORM 203-401] Performing if-conversion on hyperblock from (firmware/nnet_utils/nnet_activation.h:39:74) to (firmware/nnet_utils/nnet_activation.h:50:1) in function 'nnet::relu<ap_fixed<19, 8, (ap_q_mode)5, (ap_o_mode)3, 0>, ap_ufixed<8, 2, (ap_q_mode)4, (ap_o_mode)0, 0>, relu_config13>'... converting 9 basic blocks.
INFO: [XFORM 203-401] Performing if-conversion on hyperblock from (firmware/nnet_utils/nnet_activation.h:39:74) to (firmware/nnet_utils/nnet_activation.h:50:1) in function 'nnet::relu<ap_fixed<19, 8, (ap_q_mode)5, (ap_o_mode)3, 0>, ap_ufixed<8, 2, (ap_q_mode)4, (ap_o_mode)0, 0>, relu_config10>'... converting 7 basic blocks.
INFO: [HLS 200-111] Finished Pre-synthesis Time (s): cpu = 00:00:30 ; elapsed = 00:00:32 . Memory (MB): peak = 1498.758 ; gain = 1097.754 ; free physical = 1457 ; free virtual = 3990
WARNING: [XFORM 203-631] Renaming function 'nnet::relu<ap_fixed<29, 14, (ap_q_mode)5, (ap_o_mode)3, 0>, ap_ufixed<8, 2, (ap_q_mode)4, (ap_o_mode)0, 0>, relu_config4>' to 'relu<ap_fixed<29, 14, 5, 3, 0>, ap_ufixed<8, 2, 4, 0, 0>, relu_config4>' (firmware/nnet_utils/nnet_activation.h:39)
WARNING: [XFORM 203-631] Renaming function 'nnet::relu<ap_fixed<20, 9, (ap_q_mode)5, (ap_o_mode)3, 0>, ap_ufixed<8, 2, (ap_q_mode)4, (ap_o_mode)0, 0>, relu_config7>' to 'relu<ap_fixed<20, 9, 5, 3, 0>, ap_ufixed<8, 2, 4, 0, 0>, relu_config7>' (firmware/nnet_utils/nnet_activation.h:39)
WARNING: [XFORM 203-631] Renaming function 'nnet::relu<ap_fixed<19, 8, (ap_q_mode)5, (ap_o_mode)3, 0>, ap_ufixed<8, 2, (ap_q_mode)4, (ap_o_mode)0, 0>, relu_config16>' to 'relu<ap_fixed<19, 8, 5, 3, 0>, ap_ufixed<8, 2, 4, 0, 0>, relu_config16>' (firmware/nnet_utils/nnet_activation.h:39)
WARNING: [XFORM 203-631] Renaming function 'nnet::relu<ap_fixed<19, 8, (ap_q_mode)5, (ap_o_mode)3, 0>, ap_ufixed<8, 2, (ap_q_mode)4, (ap_o_mode)0, 0>, relu_config13>' to 'relu<ap_fixed<19, 8, 5, 3, 0>, ap_ufixed<8, 2, 4, 0, 0>, relu_config13>' (firmware/nnet_utils/nnet_activation.h:39)
WARNING: [XFORM 203-631] Renaming function 'nnet::relu<ap_fixed<19, 8, (ap_q_mode)5, (ap_o_mode)3, 0>, ap_ufixed<8, 2, (ap_q_mode)4, (ap_o_mode)0, 0>, relu_config10>' to 'relu<ap_fixed<19, 8, 5, 3, 0>, ap_ufixed<8, 2, 4, 0, 0>, relu_config10>' (firmware/nnet_utils/nnet_activation.h:39)
WARNING: [XFORM 203-631] Renaming function 'nnet::dense_resource_rf_gt_nin_rem0<ap_ufixed<8, 2, (ap_q_mode)4, (ap_o_mode)0, 0>, ap_fixed<20, 9, (ap_q_mode)5, (ap_o_mode)3, 0>, config5>.0.0.0.0.0' to 'dense_resource_rf_gt_nin_rem0<ap_ufixed,ap_fixed,config5>.0.0.0.0.0' (firmware/nnet_utils/nnet_dense_resource.h:73:17)
WARNING: [XFORM 203-631] Renaming function 'nnet::dense_resource_rf_gt_nin_rem0<ap_ufixed<8, 2, (ap_q_mode)4, (ap_o_mode)0, 0>, ap_fixed<20, 9, (ap_q_mode)5, (ap_o_mode)3, 0>, config17>.0.0.0.0.0.0.0.0.0.0.0.0.0.0.0' to 'dense_resource_rf_gt_nin_rem0.0.0.0.0.0.0.0.0.0.0.0.0.0.0.0' (firmware/nnet_utils/nnet_dense_resource.h:73:17)
WARNING: [XFORM 203-631] Renaming function 'nnet::dense_resource_rf_gt_nin_rem0<ap_ufixed<8, 2, (ap_q_mode)4, (ap_o_mode)0, 0>, ap_fixed<19, 8, (ap_q_mode)5, (ap_o_mode)3, 0>, config8>.0.0.0.0' to 'dense_resource_rf_gt_nin_rem0<ap_ufixed,ap_fixed,config8>.0.0.0.0' (firmware/nnet_utils/nnet_dense_resource.h:73:17)
WARNING: [XFORM 203-631] Renaming function 'nnet::dense_resource_rf_gt_nin_rem0<ap_ufixed<8, 2, (ap_q_mode)4, (ap_o_mode)0, 0>, ap_fixed<19, 8, (ap_q_mode)5, (ap_o_mode)3, 0>, config14>.0.0.0.0.0.0.0.0.0' to 'dense_resource_rf_gt_nin_rem0<ap_ufixed,ap_fixed,config14>.0.0.0.0.0.0.0.0.0' (firmware/nnet_utils/nnet_dense_resource.h:73:17)
WARNING: [XFORM 203-631] Renaming function 'nnet::dense_resource_rf_gt_nin_rem0<ap_ufixed<8, 2, (ap_q_mode)4, (ap_o_mode)0, 0>, ap_fixed<19, 8, (ap_q_mode)5, (ap_o_mode)3, 0>, config11>.0.0.0.0.0' to 'dense_resource_rf_gt_nin_rem0<ap_ufixed,ap_fixed,config11>.0.0.0.0.0' (firmware/nnet_utils/nnet_dense_resource.h:73:17)
WARNING: [XFORM 203-631] Renaming function 'nnet::dense_resource_rf_gt_nin_rem0<ap_fixed<16, 6, (ap_q_mode)5, (ap_o_mode)3, 0>, ap_fixed<29, 14, (ap_q_mode)5, (ap_o_mode)3, 0>, config2>.0.0.0.0.0.0.0.0.0' to 'dense_resource_rf_gt_nin_rem0<ap_fixed,ap_fixed,config2>.0.0.0.0.0.0.0.0.0' (firmware/nnet_utils/nnet_dense_resource.h:73:17)
INFO: [XFORM 203-531] Rewinding loop 'ReuseLoop' (firmware/nnet_utils/nnet_dense_resource.h:135) in function 'dense_resource_rf_gt_nin_rem0<ap_ufixed,ap_fixed,config8>.0.0.0.0'.
INFO: [XFORM 203-531] Rewinding loop 'ReuseLoop' (firmware/nnet_utils/nnet_dense_resource.h:135) in function 'dense_resource_rf_gt_nin_rem0<ap_ufixed,ap_fixed,config5>.0.0.0.0.0'.
INFO: [XFORM 203-531] Rewinding loop 'ReuseLoop' (firmware/nnet_utils/nnet_dense_resource.h:135) in function 'dense_resource_rf_gt_nin_rem0<ap_ufixed,ap_fixed,config14>.0.0.0.0.0.0.0.0.0'.
INFO: [XFORM 203-531] Rewinding loop 'ReuseLoop' (firmware/nnet_utils/nnet_dense_resource.h:135) in function 'dense_resource_rf_gt_nin_rem0<ap_ufixed,ap_fixed,config11>.0.0.0.0.0'.
INFO: [XFORM 203-531] Rewinding loop 'ReuseLoop' (firmware/nnet_utils/nnet_dense_resource.h:135) in function 'dense_resource_rf_gt_nin_rem0<ap_fixed,ap_fixed,config2>.0.0.0.0.0.0.0.0.0'.
INFO: [XFORM 203-531] Rewinding loop 'ReuseLoop' (firmware/nnet_utils/nnet_dense_resource.h:135) in function 'dense_resource_rf_gt_nin_rem0.0.0.0.0.0.0.0.0.0.0.0.0.0.0.0'.
WARNING: [XFORM 203-561] Ignored multiple trip count directives for loop 'ReuseLoop' in function 'dense_resource_rf_gt_nin_rem0<ap_ufixed,ap_fixed,config8>.0.0.0.0'.
WARNING: [XFORM 203-561] Ignored multiple trip count directives for loop 'ReuseLoop' in function 'dense_resource_rf_gt_nin_rem0<ap_ufixed,ap_fixed,config5>.0.0.0.0.0'.
WARNING: [XFORM 203-561] Ignored multiple trip count directives for loop 'ReuseLoop' in function 'dense_resource_rf_gt_nin_rem0<ap_ufixed,ap_fixed,config14>.0.0.0.0.0.0.0.0.0'.
WARNING: [XFORM 203-561] Ignored multiple trip count directives for loop 'ReuseLoop' in function 'dense_resource_rf_gt_nin_rem0<ap_ufixed,ap_fixed,config11>.0.0.0.0.0'.
WARNING: [XFORM 203-561] Ignored multiple trip count directives for loop 'ReuseLoop' in function 'dense_resource_rf_gt_nin_rem0<ap_fixed,ap_fixed,config2>.0.0.0.0.0.0.0.0.0'.
WARNING: [XFORM 203-561] Ignored multiple trip count directives for loop 'ReuseLoop' in function 'dense_resource_rf_gt_nin_rem0.0.0.0.0.0.0.0.0.0.0.0.0.0.0.0'.
INFO: [HLS 200-111] Finished Architecture Synthesis Time (s): cpu = 00:00:32 ; elapsed = 00:00:34 . Memory (MB): peak = 1498.758 ; gain = 1097.754 ; free physical = 1358 ; free virtual = 3892
INFO: [HLS 200-10] Starting hardware synthesis ...
INFO: [HLS 200-10] Synthesizing 'myproject' ...
WARNING: [SYN 201-103] Legalizing function name 'dense_resource_rf_gt_nin_rem0<ap_fixed,ap_fixed,config2>.0.0.0.0.0.0.0.0.0' to 'dense_resource_rf_gt_nin_rem0_ap_fixed_ap_fixed_config2_0_0_0_0_0_0_0_0_0'.
WARNING: [SYN 201-103] Legalizing function name 'relu<ap_fixed<29, 14, 5, 3, 0>, ap_ufixed<8, 2, 4, 0, 0>, relu_config4>' to 'relu_ap_fixed_29_14_5_3_0_ap_ufixed_8_2_4_0_0_relu_config4_s'.
WARNING: [SYN 201-103] Legalizing function name 'dense_resource_rf_gt_nin_rem0<ap_ufixed,ap_fixed,config5>.0.0.0.0.0' to 'dense_resource_rf_gt_nin_rem0_ap_ufixed_ap_fixed_config5_0_0_0_0_0'.
WARNING: [SYN 201-103] Legalizing function name 'relu<ap_fixed<20, 9, 5, 3, 0>, ap_ufixed<8, 2, 4, 0, 0>, relu_config7>' to 'relu_ap_fixed_20_9_5_3_0_ap_ufixed_8_2_4_0_0_relu_config7_s'.
WARNING: [SYN 201-103] Legalizing function name 'dense_resource_rf_gt_nin_rem0<ap_ufixed,ap_fixed,config8>.0.0.0.0' to 'dense_resource_rf_gt_nin_rem0_ap_ufixed_ap_fixed_config8_0_0_0_0'.
WARNING: [SYN 201-103] Legalizing function name 'relu<ap_fixed<19, 8, 5, 3, 0>, ap_ufixed<8, 2, 4, 0, 0>, relu_config10>' to 'relu_ap_fixed_19_8_5_3_0_ap_ufixed_8_2_4_0_0_relu_config10_s'.
WARNING: [SYN 201-103] Legalizing function name 'dense_resource_rf_gt_nin_rem0<ap_ufixed,ap_fixed,config11>.0.0.0.0.0' to 'dense_resource_rf_gt_nin_rem0_ap_ufixed_ap_fixed_config11_0_0_0_0_0'.
WARNING: [SYN 201-103] Legalizing function name 'relu<ap_fixed<19, 8, 5, 3, 0>, ap_ufixed<8, 2, 4, 0, 0>, relu_config13>' to 'relu_ap_fixed_19_8_5_3_0_ap_ufixed_8_2_4_0_0_relu_config13_s'.
WARNING: [SYN 201-103] Legalizing function name 'dense_resource_rf_gt_nin_rem0<ap_ufixed,ap_fixed,config14>.0.0.0.0.0.0.0.0.0' to 'dense_resource_rf_gt_nin_rem0_ap_ufixed_ap_fixed_config14_0_0_0_0_0_0_0_0_0'.
WARNING: [SYN 201-103] Legalizing function name 'relu<ap_fixed<19, 8, 5, 3, 0>, ap_ufixed<8, 2, 4, 0, 0>, relu_config16>' to 'relu_ap_fixed_19_8_5_3_0_ap_ufixed_8_2_4_0_0_relu_config16_s'.
WARNING: [SYN 201-103] Legalizing function name 'dense_resource_rf_gt_nin_rem0.0.0.0.0.0.0.0.0.0.0.0.0.0.0.0' to 'dense_resource_rf_gt_nin_rem0_0_0_0_0_0_0_0_0_0_0_0_0_0_0_0'.
INFO: [HLS 200-10] ----------------------------------------------------------------
INFO: [HLS 200-42] -- Implementing module 'dense_resource_rf_gt_nin_rem0_ap_fixed_ap_fixed_config2_0_0_0_0_0_0_0_0_0' 
INFO: [HLS 200-10] ----------------------------------------------------------------
INFO: [SCHED 204-11] Starting scheduling ...
INFO: [SCHED 204-61] Pipelining loop 'ReuseLoop'.
INFO: [SCHED 204-61] Pipelining result : Target II = 1, Final II = 1, Depth = 14.
WARNING: [SCHED 204-21] Estimated clock period (6.325ns) exceeds the target (target clock period: 5ns, clock uncertainty: 0.625ns, effective delay budget: 4.375ns).
WARNING: [SCHED 204-21] The critical path in module 'dense_resource_rf_gt_nin_rem0_ap_fixed_ap_fixed_config2_0_0_0_0_0_0_0_0_0' consists of the following:
	'phi' operation ('__Val2__') with incoming values : ('acc[4].V', firmware/nnet_utils/nnet_dense_resource.h:145) [16]  (0 ns)
	'mux' operation ('phi_ln1265_2', firmware/nnet_utils/nnet_dense_resource.h:145) [81]  (2.48 ns)
	'add' operation ('acc[4].V', firmware/nnet_utils/nnet_dense_resource.h:145) [82]  (2.08 ns)
	multiplexor before 'phi' operation ('acc[7].V') with incoming values : ('acc[4].V', firmware/nnet_utils/nnet_dense_resource.h:145) [91]  (1.77 ns)
	'phi' operation ('acc[7].V') with incoming values : ('acc[4].V', firmware/nnet_utils/nnet_dense_resource.h:145) [91]  (0 ns)
INFO: [SCHED 204-11] Finished scheduling.
INFO: [HLS 200-111]  Elapsed time: 34.22 seconds; current allocated memory: 259.224 MB.
INFO: [BIND 205-100] Starting micro-architecture generation ...
INFO: [BIND 205-101] Performing variable lifetime analysis.
INFO: [BIND 205-101] Exploring resource sharing.
INFO: [BIND 205-101] Binding ...
INFO: [BIND 205-100] Finished micro-architecture generation.
INFO: [HLS 200-111]  Elapsed time: 0.18 seconds; current allocated memory: 259.856 MB.
INFO: [HLS 200-10] ----------------------------------------------------------------
INFO: [HLS 200-42] -- Implementing module 'relu_ap_fixed_29_14_5_3_0_ap_ufixed_8_2_4_0_0_relu_config4_s' 
INFO: [HLS 200-10] ----------------------------------------------------------------
INFO: [SCHED 204-11] Starting scheduling ...
INFO: [SCHED 204-61] Pipelining function 'relu<ap_fixed<29, 14, 5, 3, 0>, ap_ufixed<8, 2, 4, 0, 0>, relu_config4>'.
INFO: [SCHED 204-61] Pipelining result : Target II = 1, Final II = 1, Depth = 2.
INFO: [SCHED 204-11] Finished scheduling.
INFO: [HLS 200-111]  Elapsed time: 0.25 seconds; current allocated memory: 260.525 MB.
INFO: [BIND 205-100] Starting micro-architecture generation ...
INFO: [BIND 205-101] Performing variable lifetime analysis.
INFO: [BIND 205-101] Exploring resource sharing.
INFO: [BIND 205-101] Binding ...
INFO: [BIND 205-100] Finished micro-architecture generation.
INFO: [HLS 200-111]  Elapsed time: 0.23 seconds; current allocated memory: 261.345 MB.
INFO: [HLS 200-10] ----------------------------------------------------------------
INFO: [HLS 200-42] -- Implementing module 'dense_resource_rf_gt_nin_rem0_ap_ufixed_ap_fixed_config5_0_0_0_0_0' 
INFO: [HLS 200-10] ----------------------------------------------------------------
INFO: [SCHED 204-11] Starting scheduling ...
INFO: [SCHED 204-61] Pipelining loop 'ReuseLoop'.
INFO: [SCHED 204-61] Pipelining result : Target II = 1, Final II = 1, Depth = 5.
WARNING: [SCHED 204-21] Estimated clock period (5.804ns) exceeds the target (target clock period: 5ns, clock uncertainty: 0.625ns, effective delay budget: 4.375ns).
WARNING: [SCHED 204-21] The critical path in module 'dense_resource_rf_gt_nin_rem0_ap_ufixed_ap_fixed_config5_0_0_0_0_0' consists of the following:
	multiplexor before 'phi' operation ('acc[3].V') with incoming values : ('acc[0].V', firmware/nnet_utils/nnet_dense_resource.h:145) [83]  (1.77 ns)
	'phi' operation ('acc[3].V') with incoming values : ('acc[0].V', firmware/nnet_utils/nnet_dense_resource.h:145) [83]  (0 ns)
	'phi' operation ('acc_3_V_01', firmware/nnet_utils/nnet_dense_resource.h:145) with incoming values : ('acc[0].V', firmware/nnet_utils/nnet_dense_resource.h:145) [34]  (0 ns)
	'mux' operation ('tmp_35', firmware/nnet_utils/nnet_dense_resource.h:145) [72]  (1.96 ns)
	'add' operation ('acc[0].V', firmware/nnet_utils/nnet_dense_resource.h:145) [73]  (2.08 ns)
INFO: [SCHED 204-11] Finished scheduling.
INFO: [HLS 200-111]  Elapsed time: 0.66 seconds; current allocated memory: 261.748 MB.
INFO: [BIND 205-100] Starting micro-architecture generation ...
INFO: [BIND 205-101] Performing variable lifetime analysis.
INFO: [BIND 205-101] Exploring resource sharing.
INFO: [BIND 205-101] Binding ...
INFO: [BIND 205-100] Finished micro-architecture generation.
INFO: [HLS 200-111]  Elapsed time: 0.1 seconds; current allocated memory: 262.341 MB.
INFO: [HLS 200-10] ----------------------------------------------------------------
INFO: [HLS 200-42] -- Implementing module 'relu_ap_fixed_20_9_5_3_0_ap_ufixed_8_2_4_0_0_relu_config7_s' 
INFO: [HLS 200-10] ----------------------------------------------------------------
INFO: [SCHED 204-11] Starting scheduling ...
INFO: [SCHED 204-61] Pipelining function 'relu<ap_fixed<20, 9, 5, 3, 0>, ap_ufixed<8, 2, 4, 0, 0>, relu_config7>'.
INFO: [SCHED 204-61] Pipelining result : Target II = 1, Final II = 1, Depth = 2.
INFO: [SCHED 204-11] Finished scheduling.
INFO: [HLS 200-111]  Elapsed time: 0.19 seconds; current allocated memory: 262.624 MB.
INFO: [BIND 205-100] Starting micro-architecture generation ...
INFO: [BIND 205-101] Performing variable lifetime analysis.
INFO: [BIND 205-101] Exploring resource sharing.
INFO: [BIND 205-101] Binding ...
INFO: [BIND 205-100] Finished micro-architecture generation.
INFO: [HLS 200-111]  Elapsed time: 0.1 seconds; current allocated memory: 263.026 MB.
INFO: [HLS 200-10] ----------------------------------------------------------------
INFO: [HLS 200-42] -- Implementing module 'dense_resource_rf_gt_nin_rem0_ap_ufixed_ap_fixed_config8_0_0_0_0' 
INFO: [HLS 200-10] ----------------------------------------------------------------
INFO: [SCHED 204-11] Starting scheduling ...
INFO: [SCHED 204-61] Pipelining loop 'ReuseLoop'.
INFO: [SCHED 204-61] Pipelining result : Target II = 1, Final II = 1, Depth = 5.
WARNING: [SCHED 204-21] Estimated clock period (5.7175ns) exceeds the target (target clock period: 5ns, clock uncertainty: 0.625ns, effective delay budget: 4.375ns).
WARNING: [SCHED 204-21] The critical path in module 'dense_resource_rf_gt_nin_rem0_ap_ufixed_ap_fixed_config8_0_0_0_0' consists of the following:
	'select' operation ('select_ln154', firmware/nnet_utils/nnet_dense_resource.h:154) [72]  (0.698 ns)
	'phi' operation ('in_index_010', firmware/nnet_utils/nnet_dense_resource.h:154) with incoming values : ('select_ln154', firmware/nnet_utils/nnet_dense_resource.h:154) [18]  (0 ns)
	'add' operation ('in_index', firmware/nnet_utils/nnet_dense_resource.h:153) [69]  (2.55 ns)
	'icmp' operation ('icmp_ln154', firmware/nnet_utils/nnet_dense_resource.h:154) [71]  (2.47 ns)
INFO: [SCHED 204-11] Finished scheduling.
INFO: [HLS 200-111]  Elapsed time: 0.27 seconds; current allocated memory: 263.282 MB.
INFO: [BIND 205-100] Starting micro-architecture generation ...
INFO: [BIND 205-101] Performing variable lifetime analysis.
INFO: [BIND 205-101] Exploring resource sharing.
INFO: [BIND 205-101] Binding ...
INFO: [BIND 205-100] Finished micro-architecture generation.
INFO: [HLS 200-111]  Elapsed time: 0.14 seconds; current allocated memory: 263.716 MB.
INFO: [HLS 200-10] ----------------------------------------------------------------
INFO: [HLS 200-42] -- Implementing module 'relu_ap_fixed_19_8_5_3_0_ap_ufixed_8_2_4_0_0_relu_config10_s' 
INFO: [HLS 200-10] ----------------------------------------------------------------
INFO: [SCHED 204-11] Starting scheduling ...
INFO: [SCHED 204-61] Pipelining function 'relu<ap_fixed<19, 8, 5, 3, 0>, ap_ufixed<8, 2, 4, 0, 0>, relu_config10>'.
INFO: [SCHED 204-61] Pipelining result : Target II = 1, Final II = 1, Depth = 2.
INFO: [SCHED 204-11] Finished scheduling.
INFO: [HLS 200-111]  Elapsed time: 0.29 seconds; current allocated memory: 263.941 MB.
INFO: [BIND 205-100] Starting micro-architecture generation ...
INFO: [BIND 205-101] Performing variable lifetime analysis.
INFO: [BIND 205-101] Exploring resource sharing.
INFO: [BIND 205-101] Binding ...
INFO: [BIND 205-100] Finished micro-architecture generation.
INFO: [HLS 200-111]  Elapsed time: 0.28 seconds; current allocated memory: 264.227 MB.
INFO: [HLS 200-10] ----------------------------------------------------------------
INFO: [HLS 200-42] -- Implementing module 'dense_resource_rf_gt_nin_rem0_ap_ufixed_ap_fixed_config11_0_0_0_0_0' 
INFO: [HLS 200-10] ----------------------------------------------------------------
INFO: [SCHED 204-11] Starting scheduling ...
INFO: [SCHED 204-61] Pipelining loop 'ReuseLoop'.
INFO: [SCHED 204-61] Pipelining result : Target II = 1, Final II = 1, Depth = 5.
WARNING: [SCHED 204-21] Estimated clock period (5.804ns) exceeds the target (target clock period: 5ns, clock uncertainty: 0.625ns, effective delay budget: 4.375ns).
WARNING: [SCHED 204-21] The critical path in module 'dense_resource_rf_gt_nin_rem0_ap_ufixed_ap_fixed_config11_0_0_0_0_0' consists of the following:
	multiplexor before 'phi' operation ('acc[3].V') with incoming values : ('acc[0].V', firmware/nnet_utils/nnet_dense_resource.h:145) [63]  (1.77 ns)
	'phi' operation ('acc[3].V') with incoming values : ('acc[0].V', firmware/nnet_utils/nnet_dense_resource.h:145) [63]  (0 ns)
	'phi' operation ('acc_3_V_01', firmware/nnet_utils/nnet_dense_resource.h:145) with incoming values : ('acc[0].V', firmware/nnet_utils/nnet_dense_resource.h:145) [24]  (0 ns)
	'mux' operation ('tmp_39', firmware/nnet_utils/nnet_dense_resource.h:145) [52]  (1.96 ns)
	'add' operation ('acc[0].V', firmware/nnet_utils/nnet_dense_resource.h:145) [53]  (2.08 ns)
INFO: [SCHED 204-11] Finished scheduling.
INFO: [HLS 200-111]  Elapsed time: 0.35 seconds; current allocated memory: 264.509 MB.
INFO: [BIND 205-100] Starting micro-architecture generation ...
INFO: [BIND 205-101] Performing variable lifetime analysis.
INFO: [BIND 205-101] Exploring resource sharing.
INFO: [BIND 205-101] Binding ...
INFO: [BIND 205-100] Finished micro-architecture generation.
INFO: [HLS 200-111]  Elapsed time: 0.29 seconds; current allocated memory: 264.951 MB.
INFO: [HLS 200-10] ----------------------------------------------------------------
INFO: [HLS 200-42] -- Implementing module 'relu_ap_fixed_19_8_5_3_0_ap_ufixed_8_2_4_0_0_relu_config13_s' 
INFO: [HLS 200-10] ----------------------------------------------------------------
INFO: [SCHED 204-11] Starting scheduling ...
INFO: [SCHED 204-61] Pipelining function 'relu<ap_fixed<19, 8, 5, 3, 0>, ap_ufixed<8, 2, 4, 0, 0>, relu_config13>'.
INFO: [SCHED 204-61] Pipelining result : Target II = 1, Final II = 1, Depth = 2.
INFO: [SCHED 204-11] Finished scheduling.
INFO: [HLS 200-111]  Elapsed time: 0.19 seconds; current allocated memory: 265.233 MB.
INFO: [BIND 205-100] Starting micro-architecture generation ...
INFO: [BIND 205-101] Performing variable lifetime analysis.
INFO: [BIND 205-101] Exploring resource sharing.
INFO: [BIND 205-101] Binding ...
INFO: [BIND 205-100] Finished micro-architecture generation.
INFO: [HLS 200-111]  Elapsed time: 0.17 seconds; current allocated memory: 265.636 MB.
INFO: [HLS 200-10] ----------------------------------------------------------------
INFO: [HLS 200-42] -- Implementing module 'dense_resource_rf_gt_nin_rem0_ap_ufixed_ap_fixed_config14_0_0_0_0_0_0_0_0_0' 
INFO: [HLS 200-10] ----------------------------------------------------------------
INFO: [SCHED 204-11] Starting scheduling ...
INFO: [SCHED 204-61] Pipelining loop 'ReuseLoop'.
INFO: [SCHED 204-61] Pipelining result : Target II = 1, Final II = 1, Depth = 4.
WARNING: [SCHED 204-21] Estimated clock period (6.325ns) exceeds the target (target clock period: 5ns, clock uncertainty: 0.625ns, effective delay budget: 4.375ns).
WARNING: [SCHED 204-21] The critical path in module 'dense_resource_rf_gt_nin_rem0_ap_ufixed_ap_fixed_config14_0_0_0_0_0_0_0_0_0' consists of the following:
	'phi' operation ('acc_0_V_08', firmware/nnet_utils/nnet_dense_resource.h:145) with incoming values : ('acc[0].V', firmware/nnet_utils/nnet_dense_resource.h:145) [27]  (0 ns)
	'mux' operation ('tmp_37', firmware/nnet_utils/nnet_dense_resource.h:145) [64]  (2.48 ns)
	'add' operation ('acc[0].V', firmware/nnet_utils/nnet_dense_resource.h:145) [65]  (2.08 ns)
	multiplexor before 'phi' operation ('acc[7].V') with incoming values : ('acc[0].V', firmware/nnet_utils/nnet_dense_resource.h:145) [83]  (1.77 ns)
	'phi' operation ('acc[7].V') with incoming values : ('acc[0].V', firmware/nnet_utils/nnet_dense_resource.h:145) [83]  (0 ns)
INFO: [SCHED 204-11] Finished scheduling.
INFO: [HLS 200-111]  Elapsed time: 0.68 seconds; current allocated memory: 266.012 MB.
INFO: [BIND 205-100] Starting micro-architecture generation ...
INFO: [BIND 205-101] Performing variable lifetime analysis.
INFO: [BIND 205-101] Exploring resource sharing.
INFO: [BIND 205-101] Binding ...
INFO: [BIND 205-100] Finished micro-architecture generation.
INFO: [HLS 200-111]  Elapsed time: 0.37 seconds; current allocated memory: 266.732 MB.
INFO: [HLS 200-10] ----------------------------------------------------------------
INFO: [HLS 200-42] -- Implementing module 'relu_ap_fixed_19_8_5_3_0_ap_ufixed_8_2_4_0_0_relu_config16_s' 
INFO: [HLS 200-10] ----------------------------------------------------------------
INFO: [SCHED 204-11] Starting scheduling ...
INFO: [SCHED 204-61] Pipelining function 'relu<ap_fixed<19, 8, 5, 3, 0>, ap_ufixed<8, 2, 4, 0, 0>, relu_config16>'.
INFO: [SCHED 204-61] Pipelining result : Target II = 1, Final II = 1, Depth = 2.
INFO: [SCHED 204-11] Finished scheduling.
INFO: [HLS 200-111]  Elapsed time: 0.24 seconds; current allocated memory: 267.254 MB.
INFO: [BIND 205-100] Starting micro-architecture generation ...
INFO: [BIND 205-101] Performing variable lifetime analysis.
INFO: [BIND 205-101] Exploring resource sharing.
INFO: [BIND 205-101] Binding ...
INFO: [BIND 205-100] Finished micro-architecture generation.
INFO: [HLS 200-111]  Elapsed time: 0.18 seconds; current allocated memory: 267.988 MB.
INFO: [HLS 200-10] ----------------------------------------------------------------
INFO: [HLS 200-42] -- Implementing module 'dense_resource_rf_gt_nin_rem0_0_0_0_0_0_0_0_0_0_0_0_0_0_0_0' 
INFO: [HLS 200-10] ----------------------------------------------------------------
INFO: [SCHED 204-11] Starting scheduling ...
INFO: [SCHED 204-61] Pipelining loop 'ReuseLoop'.
INFO: [SCHED 204-61] Pipelining result : Target II = 1, Final II = 1, Depth = 5.
WARNING: [SCHED 204-21] Estimated clock period (6.325ns) exceeds the target (target clock period: 5ns, clock uncertainty: 0.625ns, effective delay budget: 4.375ns).
WARNING: [SCHED 204-21] The critical path in module 'dense_resource_rf_gt_nin_rem0_0_0_0_0_0_0_0_0_0_0_0_0_0_0_0' consists of the following:
	'phi' operation ('__Val2__') with incoming values : ('acc[0].V', firmware/nnet_utils/nnet_dense_resource.h:145) [41]  (0 ns)
	'mux' operation ('phi_ln', firmware/nnet_utils/nnet_dense_resource.h:145) [96]  (2.48 ns)
	'add' operation ('acc[0].V', firmware/nnet_utils/nnet_dense_resource.h:145) [97]  (2.08 ns)
	multiplexor before 'phi' operation ('acc[0].V') with incoming values : ('acc[0].V', firmware/nnet_utils/nnet_dense_resource.h:145) [118]  (1.77 ns)
	'phi' operation ('acc[0].V') with incoming values : ('acc[0].V', firmware/nnet_utils/nnet_dense_resource.h:145) [118]  (0 ns)
INFO: [SCHED 204-11] Finished scheduling.
INFO: [HLS 200-111]  Elapsed time: 0.71 seconds; current allocated memory: 268.572 MB.
INFO: [BIND 205-100] Starting micro-architecture generation ...
INFO: [BIND 205-101] Performing variable lifetime analysis.
INFO: [BIND 205-101] Exploring resource sharing.
INFO: [BIND 205-101] Binding ...
INFO: [BIND 205-100] Finished micro-architecture generation.
INFO: [HLS 200-111]  Elapsed time: 0.15 seconds; current allocated memory: 269.501 MB.
INFO: [HLS 200-10] ----------------------------------------------------------------
INFO: [HLS 200-42] -- Implementing module 'myproject' 
INFO: [HLS 200-10] ----------------------------------------------------------------
INFO: [SCHED 204-11] Starting scheduling ...
WARNING: [SCHED 204-21] Estimated clock period (6.325ns) exceeds the target (target clock period: 5ns, clock uncertainty: 0.625ns, effective delay budget: 4.375ns).
WARNING: [SCHED 204-21] The critical path in module 'myproject' consists of the following:
	'call' operation ('call_ret1') to 'dense_resource_rf_gt_nin_rem0<ap_fixed,ap_fixed,config2>.0.0.0.0.0.0.0.0.0' [59]  (6.33 ns)
INFO: [SCHED 204-11] Finished scheduling.
INFO: [HLS 200-111]  Elapsed time: 0.21 seconds; current allocated memory: 269.783 MB.
INFO: [BIND 205-100] Starting micro-architecture generation ...
INFO: [BIND 205-101] Performing variable lifetime analysis.
INFO: [BIND 205-101] Exploring resource sharing.
INFO: [BIND 205-101] Binding ...
INFO: [BIND 205-100] Finished micro-architecture generation.
INFO: [HLS 200-111]  Elapsed time: 1.36 seconds; current allocated memory: 270.974 MB.
INFO: [HLS 200-10] ----------------------------------------------------------------
INFO: [HLS 200-10] -- Generating RTL for module 'dense_resource_rf_gt_nin_rem0_ap_fixed_ap_fixed_config2_0_0_0_0_0_0_0_0_0' 
INFO: [HLS 200-10] ----------------------------------------------------------------
INFO: [SYN 201-210] Renamed object name 'dense_resource_rf_gt_nin_rem0_ap_fixed_ap_fixed_config2_0_0_0_0_0_0_0_0_0_outidx5' to 'dense_resource_rf_gt_nin_rem0_ap_fixed_ap_fixed_config2_0_0_0_0_0_0_0_0_0_outbkb' due to the length limit 80
INFO: [RTGEN 206-100] Generating core module 'myproject_lshr_224ns_8ns_224_6_1': 1 instance(s).
INFO: [RTGEN 206-100] Generating core module 'myproject_mul_mul_16s_6s_21_3_1': 1 instance(s).
INFO: [RTGEN 206-100] Generating core module 'myproject_mul_mul_8s_16s_21_3_1': 1 instance(s).
INFO: [RTGEN 206-100] Generating core module 'myproject_mux_42_16_1_1': 1 instance(s).
INFO: [RTGEN 206-100] Generating core module 'myproject_mux_83_16_1_1': 1 instance(s).
INFO: [RTGEN 206-100] Finished creating RTL model for 'dense_resource_rf_gt_nin_rem0_ap_fixed_ap_fixed_config2_0_0_0_0_0_0_0_0_0'.
INFO: [HLS 200-111]  Elapsed time: 0.93 seconds; current allocated memory: 272.596 MB.
INFO: [HLS 200-10] ----------------------------------------------------------------
INFO: [HLS 200-10] -- Generating RTL for module 'relu_ap_fixed_29_14_5_3_0_ap_ufixed_8_2_4_0_0_relu_config4_s' 
INFO: [HLS 200-10] ----------------------------------------------------------------
INFO: [RTGEN 206-100] Finished creating RTL model for 'relu_ap_fixed_29_14_5_3_0_ap_ufixed_8_2_4_0_0_relu_config4_s'.
INFO: [HLS 200-111]  Elapsed time: 0.5 seconds; current allocated memory: 276.108 MB.
INFO: [HLS 200-10] ----------------------------------------------------------------
INFO: [HLS 200-10] -- Generating RTL for module 'dense_resource_rf_gt_nin_rem0_ap_ufixed_ap_fixed_config5_0_0_0_0_0' 
INFO: [HLS 200-10] ----------------------------------------------------------------
INFO: [RTGEN 206-100] Generating core module 'myproject_mux_42_16_1_1': 1 instance(s).
INFO: [RTGEN 206-100] Generating core module 'myproject_mux_83_8_1_1': 1 instance(s).
INFO: [RTGEN 206-100] Finished creating RTL model for 'dense_resource_rf_gt_nin_rem0_ap_ufixed_ap_fixed_config5_0_0_0_0_0'.
INFO: [HLS 200-111]  Elapsed time: 0.73 seconds; current allocated memory: 280.087 MB.
INFO: [HLS 200-10] ----------------------------------------------------------------
INFO: [HLS 200-10] -- Generating RTL for module 'relu_ap_fixed_20_9_5_3_0_ap_ufixed_8_2_4_0_0_relu_config7_s' 
INFO: [HLS 200-10] ----------------------------------------------------------------
INFO: [RTGEN 206-100] Finished creating RTL model for 'relu_ap_fixed_20_9_5_3_0_ap_ufixed_8_2_4_0_0_relu_config7_s'.
INFO: [HLS 200-111]  Elapsed time: 0.39 seconds; current allocated memory: 282.622 MB.
INFO: [HLS 200-10] ----------------------------------------------------------------
INFO: [HLS 200-10] -- Generating RTL for module 'dense_resource_rf_gt_nin_rem0_ap_ufixed_ap_fixed_config8_0_0_0_0' 
INFO: [HLS 200-10] ----------------------------------------------------------------
INFO: [RTGEN 206-100] Generating core module 'myproject_mux_32_16_1_1': 1 instance(s).
INFO: [RTGEN 206-100] Generating core module 'myproject_mux_42_8_1_1': 1 instance(s).
INFO: [RTGEN 206-100] Finished creating RTL model for 'dense_resource_rf_gt_nin_rem0_ap_ufixed_ap_fixed_config8_0_0_0_0'.
INFO: [HLS 200-111]  Elapsed time: 0.45 seconds; current allocated memory: 284.840 MB.
INFO: [HLS 200-10] ----------------------------------------------------------------
INFO: [HLS 200-10] -- Generating RTL for module 'relu_ap_fixed_19_8_5_3_0_ap_ufixed_8_2_4_0_0_relu_config10_s' 
INFO: [HLS 200-10] ----------------------------------------------------------------
INFO: [RTGEN 206-100] Finished creating RTL model for 'relu_ap_fixed_19_8_5_3_0_ap_ufixed_8_2_4_0_0_relu_config10_s'.
INFO: [HLS 200-111]  Elapsed time: 0.63 seconds; current allocated memory: 286.786 MB.
INFO: [HLS 200-10] ----------------------------------------------------------------
INFO: [HLS 200-10] -- Generating RTL for module 'dense_resource_rf_gt_nin_rem0_ap_ufixed_ap_fixed_config11_0_0_0_0_0' 
INFO: [HLS 200-10] ----------------------------------------------------------------
INFO: [RTGEN 206-100] Generating core module 'myproject_mux_32_8_1_1': 1 instance(s).
INFO: [RTGEN 206-100] Generating core module 'myproject_mux_42_16_1_1': 1 instance(s).
INFO: [RTGEN 206-100] Finished creating RTL model for 'dense_resource_rf_gt_nin_rem0_ap_ufixed_ap_fixed_config11_0_0_0_0_0'.
INFO: [HLS 200-111]  Elapsed time: 0.45 seconds; current allocated memory: 288.660 MB.
INFO: [HLS 200-10] ----------------------------------------------------------------
INFO: [HLS 200-10] -- Generating RTL for module 'relu_ap_fixed_19_8_5_3_0_ap_ufixed_8_2_4_0_0_relu_config13_s' 
INFO: [HLS 200-10] ----------------------------------------------------------------
INFO: [RTGEN 206-100] Finished creating RTL model for 'relu_ap_fixed_19_8_5_3_0_ap_ufixed_8_2_4_0_0_relu_config13_s'.
INFO: [HLS 200-111]  Elapsed time: 0.43 seconds; current allocated memory: 290.790 MB.
INFO: [HLS 200-10] ----------------------------------------------------------------
INFO: [HLS 200-10] -- Generating RTL for module 'dense_resource_rf_gt_nin_rem0_ap_ufixed_ap_fixed_config14_0_0_0_0_0_0_0_0_0' 
INFO: [HLS 200-10] ----------------------------------------------------------------
INFO: [SYN 201-210] Renamed object name 'dense_resource_rf_gt_nin_rem0_ap_ufixed_ap_fixed_config14_0_0_0_0_0_0_0_0_0_outidx1' to 'dense_resource_rf_gt_nin_rem0_ap_ufixed_ap_fixed_config14_0_0_0_0_0_0_0_0_0_ocud' due to the length limit 80
INFO: [SYN 201-210] Renamed object name 'dense_resource_rf_gt_nin_rem0_ap_ufixed_ap_fixed_config14_0_0_0_0_0_0_0_0_0_w14_V' to 'dense_resource_rf_gt_nin_rem0_ap_ufixed_ap_fixed_config14_0_0_0_0_0_0_0_0_0_wdEe' due to the length limit 80
INFO: [RTGEN 206-100] Generating core module 'myproject_mux_42_8_1_1': 1 instance(s).
INFO: [RTGEN 206-100] Generating core module 'myproject_mux_83_16_1_1': 1 instance(s).
INFO: [RTGEN 206-100] Finished creating RTL model for 'dense_resource_rf_gt_nin_rem0_ap_ufixed_ap_fixed_config14_0_0_0_0_0_0_0_0_0'.
INFO: [HLS 200-111]  Elapsed time: 0.58 seconds; current allocated memory: 293.452 MB.
INFO: [HLS 200-10] ----------------------------------------------------------------
INFO: [HLS 200-10] -- Generating RTL for module 'relu_ap_fixed_19_8_5_3_0_ap_ufixed_8_2_4_0_0_relu_config16_s' 
INFO: [HLS 200-10] ----------------------------------------------------------------
INFO: [RTGEN 206-100] Finished creating RTL model for 'relu_ap_fixed_19_8_5_3_0_ap_ufixed_8_2_4_0_0_relu_config16_s'.
INFO: [HLS 200-111]  Elapsed time: 0.44 seconds; current allocated memory: 297.111 MB.
INFO: [HLS 200-10] ----------------------------------------------------------------
INFO: [HLS 200-10] -- Generating RTL for module 'dense_resource_rf_gt_nin_rem0_0_0_0_0_0_0_0_0_0_0_0_0_0_0_0' 
INFO: [HLS 200-10] ----------------------------------------------------------------
INFO: [RTGEN 206-100] Generating core module 'myproject_mux_164_16_1_1': 1 instance(s).
INFO: [RTGEN 206-100] Generating core module 'myproject_mux_83_16_1_1': 1 instance(s).
INFO: [RTGEN 206-100] Generating core module 'myproject_mux_83_8_1_1': 1 instance(s).
INFO: [RTGEN 206-100] Finished creating RTL model for 'dense_resource_rf_gt_nin_rem0_0_0_0_0_0_0_0_0_0_0_0_0_0_0_0'.
INFO: [HLS 200-111]  Elapsed time: 0.87 seconds; current allocated memory: 301.432 MB.
INFO: [HLS 200-10] ----------------------------------------------------------------
INFO: [HLS 200-10] -- Generating RTL for module 'myproject' 
INFO: [HLS 200-10] ----------------------------------------------------------------
INFO: [RTGEN 206-500] Setting interface mode on port 'myproject/input_4_V' to 'ap_vld'.
INFO: [RTGEN 206-500] Setting interface mode on port 'myproject/layer17_out_0_V' to 'ap_vld'.
INFO: [RTGEN 206-500] Setting interface mode on port 'myproject/layer17_out_1_V' to 'ap_vld'.
INFO: [RTGEN 206-500] Setting interface mode on port 'myproject/layer17_out_2_V' to 'ap_vld'.
INFO: [RTGEN 206-500] Setting interface mode on port 'myproject/layer17_out_3_V' to 'ap_vld'.
INFO: [RTGEN 206-500] Setting interface mode on port 'myproject/layer17_out_4_V' to 'ap_vld'.
INFO: [RTGEN 206-500] Setting interface mode on port 'myproject/layer17_out_5_V' to 'ap_vld'.
INFO: [RTGEN 206-500] Setting interface mode on port 'myproject/layer17_out_6_V' to 'ap_vld'.
INFO: [RTGEN 206-500] Setting interface mode on port 'myproject/layer17_out_7_V' to 'ap_vld'.
INFO: [RTGEN 206-500] Setting interface mode on port 'myproject/layer17_out_8_V' to 'ap_vld'.
INFO: [RTGEN 206-500] Setting interface mode on port 'myproject/layer17_out_9_V' to 'ap_vld'.
INFO: [RTGEN 206-500] Setting interface mode on port 'myproject/layer17_out_10_V' to 'ap_vld'.
INFO: [RTGEN 206-500] Setting interface mode on port 'myproject/layer17_out_11_V' to 'ap_vld'.
INFO: [RTGEN 206-500] Setting interface mode on port 'myproject/layer17_out_12_V' to 'ap_vld'.
INFO: [RTGEN 206-500] Setting interface mode on port 'myproject/layer17_out_13_V' to 'ap_vld'.
INFO: [RTGEN 206-500] Setting interface mode on function 'myproject' to 'ap_ctrl_hs'.
INFO: [RTGEN 206-100] Finished creating RTL model for 'myproject'.
INFO: [HLS 200-111]  Elapsed time: 0.77 seconds; current allocated memory: 306.874 MB.
INFO: [HLS 200-790] **** Loop Constraint Status: All loop constraints were satisfied.
INFO: [HLS 200-789] **** Estimated Fmax: 158.10 MHz
INFO: [RTMG 210-286] Generating pipelined shifter : 'myproject_lshr_224ns_8ns_224_6_1'
INFO: [RTMG 210-279] Implementing memory 'dense_resource_rf_gt_nin_rem0_ap_fixed_ap_fixed_config2_0_0_0_0_0_0_0_0_0_outbkb_rom' using distributed ROMs.
INFO: [RTMG 210-279] Implementing memory 'dense_resource_rf_gt_nin_rem0_ap_fixed_ap_fixed_config2_0_0_0_0_0_0_0_0_0_w2_V_rom' using block ROMs.
INFO: [RTMG 210-279] Implementing memory 'dense_resource_rf_gt_nin_rem0_ap_ufixed_ap_fixed_config5_0_0_0_0_0_outidx4_rom' using distributed ROMs.
INFO: [RTMG 210-279] Implementing memory 'dense_resource_rf_gt_nin_rem0_ap_ufixed_ap_fixed_config5_0_0_0_0_0_w5_V_rom' using block ROMs.
INFO: [RTMG 210-279] Implementing memory 'dense_resource_rf_gt_nin_rem0_ap_ufixed_ap_fixed_config8_0_0_0_0_outidx3_rom' using distributed ROMs.
INFO: [RTMG 210-279] Implementing memory 'dense_resource_rf_gt_nin_rem0_ap_ufixed_ap_fixed_config8_0_0_0_0_w8_V_rom' using block ROMs.
INFO: [RTMG 210-279] Implementing memory 'dense_resource_rf_gt_nin_rem0_ap_ufixed_ap_fixed_config11_0_0_0_0_0_outidx2_rom' using distributed ROMs.
INFO: [RTMG 210-279] Implementing memory 'dense_resource_rf_gt_nin_rem0_ap_ufixed_ap_fixed_config11_0_0_0_0_0_w11_V_rom' using block ROMs.
INFO: [RTMG 210-279] Implementing memory 'dense_resource_rf_gt_nin_rem0_ap_ufixed_ap_fixed_config14_0_0_0_0_0_0_0_0_0_ocud_rom' using distributed ROMs.
INFO: [RTMG 210-279] Implementing memory 'dense_resource_rf_gt_nin_rem0_ap_ufixed_ap_fixed_config14_0_0_0_0_0_0_0_0_0_wdEe_rom' using block ROMs.
INFO: [RTMG 210-279] Implementing memory 'dense_resource_rf_gt_nin_rem0_0_0_0_0_0_0_0_0_0_0_0_0_0_0_0_outidx_rom' using distributed ROMs.
INFO: [RTMG 210-279] Implementing memory 'dense_resource_rf_gt_nin_rem0_0_0_0_0_0_0_0_0_0_0_0_0_0_0_0_w17_V_rom' using block ROMs.
INFO: [RTMG 210-285] Implementing FIFO 'layer2_out_0_V_U(fifo_w21_d2_A)' using Shift Registers.
INFO: [RTMG 210-285] Implementing FIFO 'layer2_out_1_V_U(fifo_w21_d2_A)' using Shift Registers.
INFO: [RTMG 210-285] Implementing FIFO 'layer2_out_2_V_U(fifo_w21_d2_A)' using Shift Registers.
INFO: [RTMG 210-285] Implementing FIFO 'layer2_out_3_V_U(fifo_w21_d2_A)' using Shift Registers.
INFO: [RTMG 210-285] Implementing FIFO 'layer2_out_4_V_U(fifo_w21_d2_A)' using Shift Registers.
INFO: [RTMG 210-285] Implementing FIFO 'layer2_out_5_V_U(fifo_w21_d2_A)' using Shift Registers.
INFO: [RTMG 210-285] Implementing FIFO 'layer2_out_6_V_U(fifo_w21_d2_A)' using Shift Registers.
INFO: [RTMG 210-285] Implementing FIFO 'layer2_out_7_V_U(fifo_w21_d2_A)' using Shift Registers.
INFO: [RTMG 210-285] Implementing FIFO 'layer4_out_0_V_U(fifo_w8_d2_A)' using Shift Registers.
INFO: [RTMG 210-285] Implementing FIFO 'layer4_out_1_V_U(fifo_w8_d2_A)' using Shift Registers.
INFO: [RTMG 210-285] Implementing FIFO 'layer4_out_2_V_U(fifo_w8_d2_A)' using Shift Registers.
INFO: [RTMG 210-285] Implementing FIFO 'layer4_out_3_V_U(fifo_w8_d2_A)' using Shift Registers.
INFO: [RTMG 210-285] Implementing FIFO 'layer4_out_4_V_U(fifo_w8_d2_A)' using Shift Registers.
INFO: [RTMG 210-285] Implementing FIFO 'layer4_out_5_V_U(fifo_w8_d2_A)' using Shift Registers.
INFO: [RTMG 210-285] Implementing FIFO 'layer4_out_6_V_U(fifo_w8_d2_A)' using Shift Registers.
INFO: [RTMG 210-285] Implementing FIFO 'layer4_out_7_V_U(fifo_w8_d2_A)' using Shift Registers.
INFO: [RTMG 210-285] Implementing FIFO 'layer5_out_0_V_U(fifo_w17_d2_A)' using Shift Registers.
INFO: [RTMG 210-285] Implementing FIFO 'layer5_out_1_V_U(fifo_w17_d2_A)' using Shift Registers.
INFO: [RTMG 210-285] Implementing FIFO 'layer5_out_2_V_U(fifo_w17_d2_A)' using Shift Registers.
INFO: [RTMG 210-285] Implementing FIFO 'layer5_out_3_V_U(fifo_w17_d2_A)' using Shift Registers.
INFO: [RTMG 210-285] Implementing FIFO 'layer7_out_0_V_U(fifo_w8_d2_A)' using Shift Registers.
INFO: [RTMG 210-285] Implementing FIFO 'layer7_out_1_V_U(fifo_w8_d2_A)' using Shift Registers.
INFO: [RTMG 210-285] Implementing FIFO 'layer7_out_2_V_U(fifo_w8_d2_A)' using Shift Registers.
INFO: [RTMG 210-285] Implementing FIFO 'layer7_out_3_V_U(fifo_w8_d2_A)' using Shift Registers.
INFO: [RTMG 210-285] Implementing FIFO 'layer8_out_0_V_U(fifo_w17_d2_A)' using Shift Registers.
INFO: [RTMG 210-285] Implementing FIFO 'layer8_out_1_V_U(fifo_w17_d2_A)' using Shift Registers.
INFO: [RTMG 210-285] Implementing FIFO 'layer8_out_2_V_U(fifo_w17_d2_A)' using Shift Registers.
INFO: [RTMG 210-285] Implementing FIFO 'layer10_out_0_V_U(fifo_w8_d2_A)' using Shift Registers.
INFO: [RTMG 210-285] Implementing FIFO 'layer10_out_1_V_U(fifo_w8_d2_A)' using Shift Registers.
INFO: [RTMG 210-285] Implementing FIFO 'layer10_out_2_V_U(fifo_w8_d2_A)' using Shift Registers.
INFO: [RTMG 210-285] Implementing FIFO 'layer11_out_0_V_U(fifo_w17_d2_A)' using Shift Registers.
INFO: [RTMG 210-285] Implementing FIFO 'layer11_out_1_V_U(fifo_w17_d2_A)' using Shift Registers.
INFO: [RTMG 210-285] Implementing FIFO 'layer11_out_2_V_U(fifo_w17_d2_A)' using Shift Registers.
INFO: [RTMG 210-285] Implementing FIFO 'layer11_out_3_V_U(fifo_w17_d2_A)' using Shift Registers.
INFO: [RTMG 210-285] Implementing FIFO 'layer13_out_0_V_U(fifo_w8_d2_A)' using Shift Registers.
INFO: [RTMG 210-285] Implementing FIFO 'layer13_out_1_V_U(fifo_w8_d2_A)' using Shift Registers.
INFO: [RTMG 210-285] Implementing FIFO 'layer13_out_2_V_U(fifo_w8_d2_A)' using Shift Registers.
INFO: [RTMG 210-285] Implementing FIFO 'layer13_out_3_V_U(fifo_w8_d2_A)' using Shift Registers.
INFO: [RTMG 210-285] Implementing FIFO 'layer14_out_0_V_U(fifo_w17_d2_A)' using Shift Registers.
INFO: [RTMG 210-285] Implementing FIFO 'layer14_out_1_V_U(fifo_w17_d2_A)' using Shift Registers.
INFO: [RTMG 210-285] Implementing FIFO 'layer14_out_2_V_U(fifo_w17_d2_A)' using Shift Registers.
INFO: [RTMG 210-285] Implementing FIFO 'layer14_out_3_V_U(fifo_w17_d2_A)' using Shift Registers.
INFO: [RTMG 210-285] Implementing FIFO 'layer14_out_4_V_U(fifo_w17_d2_A)' using Shift Registers.
INFO: [RTMG 210-285] Implementing FIFO 'layer14_out_5_V_U(fifo_w17_d2_A)' using Shift Registers.
INFO: [RTMG 210-285] Implementing FIFO 'layer14_out_6_V_U(fifo_w17_d2_A)' using Shift Registers.
INFO: [RTMG 210-285] Implementing FIFO 'layer14_out_7_V_U(fifo_w17_d2_A)' using Shift Registers.
INFO: [RTMG 210-285] Implementing FIFO 'layer16_out_0_V_U(fifo_w8_d2_A)' using Shift Registers.
INFO: [RTMG 210-285] Implementing FIFO 'layer16_out_1_V_U(fifo_w8_d2_A)' using Shift Registers.
INFO: [RTMG 210-285] Implementing FIFO 'layer16_out_2_V_U(fifo_w8_d2_A)' using Shift Registers.
INFO: [RTMG 210-285] Implementing FIFO 'layer16_out_3_V_U(fifo_w8_d2_A)' using Shift Registers.
INFO: [RTMG 210-285] Implementing FIFO 'layer16_out_4_V_U(fifo_w8_d2_A)' using Shift Registers.
INFO: [RTMG 210-285] Implementing FIFO 'layer16_out_5_V_U(fifo_w8_d2_A)' using Shift Registers.
INFO: [RTMG 210-285] Implementing FIFO 'layer16_out_6_V_U(fifo_w8_d2_A)' using Shift Registers.
INFO: [RTMG 210-285] Implementing FIFO 'layer16_out_7_V_U(fifo_w8_d2_A)' using Shift Registers.
INFO: [HLS 200-111] Finished generating all RTL models Time (s): cpu = 00:00:48 ; elapsed = 00:00:55 . Memory (MB): peak = 1498.758 ; gain = 1097.754 ; free physical = 1262 ; free virtual = 3823
INFO: [VHDL 208-304] Generating VHDL RTL for myproject.
INFO: [VLOG 209-307] Generating Verilog RTL for myproject.
***** C/RTL SYNTHESIS COMPLETED IN 0h0m53s *****
INFO: [HLS 200-112] Total elapsed time: 55.44 seconds; peak allocated memory: 306.874 MB.
INFO: [Common 17-206] Exiting vivado_hls at Mon Jun  1 10:27:08 2026...
