

================================================================
== Vivado HLS Report for 'dense_resource_rf_leq_nin_ap_ufixed_ap_fixed_config11_0_0_0_0_0'
================================================================
* Date:           Wed May 20 10:34:13 2026

* Version:        2020.1 (Build 2897737 on Wed May 27 20:21:37 MDT 2020)
* Project:        myproject_prj
* Solution:       solution1
* Product family: zynq
* Target device:  xc7z020-clg400-1


================================================================
== Performance Estimates
================================================================
+ Timing: 
    * Summary: 
    +--------+---------+----------+------------+
    |  Clock |  Target | Estimated| Uncertainty|
    +--------+---------+----------+------------+
    |ap_clk  | 5.00 ns | 4.170 ns |   0.62 ns  |
    +--------+---------+----------+------------+

+ Latency: 
    * Summary: 
    +---------+---------+-----------+-----------+-----+-----+---------------------------------------------+
    |  Latency (cycles) |   Latency (absolute)  |  Interval |                   Pipeline                  |
    |   min   |   max   |    min    |    max    | min | max |                     Type                    |
    +---------+---------+-----------+-----------+-----+-----+---------------------------------------------+
    |        5|        6| 25.000 ns | 30.000 ns |    3|    3| loop rewind(delay=0 initiation interval(s)) |
    +---------+---------+-----------+-----------+-----+-----+---------------------------------------------+

    + Detail: 
        * Instance: 
        N/A

        * Loop: 
        +-------------+---------+---------+----------+-----------+-----------+------+----------+
        |             |  Latency (cycles) | Iteration|  Initiation Interval  | Trip |          |
        |  Loop Name  |   min   |   max   |  Latency |  achieved |   target  | Count| Pipelined|
        +-------------+---------+---------+----------+-----------+-----------+------+----------+
        |- ReuseLoop  |        5|        5|         4|          1|          1|     3|    yes   |
        +-------------+---------+---------+----------+-----------+-----------+------+----------+

============================================================
+ Verbose Summary: Synthesis Manager
============================================================
InlineROM: 1
ExposeGlobal: 0
============================================================
+ Verbose Summary: CDFG Model
============================================================
IsTopModel: 0
ResetActiveHigh: 1
IsCombinational: 2
IsDatapathOnly: 0
HasWiredReturn: 1
HasMFsm: 0
HasVarLatency: 1
IsPipeline: 0
IsRtlPipelined: 0
IsInstanceOverlapped: 0
IsDontTouch: 0
HasImplIP: 0
IsGatedGlobalClock: 0

+ Individual pipeline summary: 
  * Pipeline-0: initiation interval (II) = 1, depth = 4


============================================================
+ Verbose Summary: Schedule
============================================================
* Number of FSM states : 5
* Pipeline : 1
  Pipeline-0 : II = 1, D = 4, States = { 2 3 4 5 }
* Dataflow Pipeline: 0

* FSM state transitions: 
1 --> 2 
2 --> 3 
3 --> 4 
4 --> 5 
5 --> 2 

* FSM state operations: 

State 1 <SV = 0> <Delay = 1.76>
ST_1 : Operation 6 [1/1] (0.00ns)   --->   "%tmp = call i32 (...)* @_ssdm_op_SpecRegionBegin([12 x i8]* @p_str23)" [firmware/nnet_utils/nnet_dense_resource.h:32]   --->   Operation 6 'specregionbegin' 'tmp' <Predicate = true> <Delay = 0.00>
ST_1 : Operation 7 [1/1] (1.76ns)   --->   "br label %rewind_header" [firmware/nnet_utils/nnet_dense_resource.h:46]   --->   Operation 7 'br' <Predicate = true> <Delay = 1.76>

State 2 <SV = 1> <Delay = 3.25>
ST_2 : Operation 8 [1/1] (0.00ns)   --->   "%do_init = phi i1 [ true, %hls_label_3_begin ], [ false, %ReuseLoop ], [ true, %.preheader.0 ]"   --->   Operation 8 'phi' 'do_init' <Predicate = true> <Delay = 0.00>
ST_2 : Operation 9 [1/1] (0.00ns)   --->   "%w_index9 = phi i2 [ 0, %hls_label_3_begin ], [ %w_index, %ReuseLoop ], [ 0, %.preheader.0 ]"   --->   Operation 9 'phi' 'w_index9' <Predicate = true> <Delay = 0.00>
ST_2 : Operation 10 [1/1] (0.00ns)   --->   "%p_read212 = call i8 @_ssdm_op_Read.ap_auto.i8(i8 %p_read2)" [firmware/nnet_utils/nnet_dense_resource.h:13]   --->   Operation 10 'read' 'p_read212' <Predicate = (do_init)> <Delay = 0.00>
ST_2 : Operation 11 [1/1] (0.00ns)   --->   "%p_read111 = call i8 @_ssdm_op_Read.ap_auto.i8(i8 %p_read1)" [firmware/nnet_utils/nnet_dense_resource.h:13]   --->   Operation 11 'read' 'p_read111' <Predicate = (do_init)> <Delay = 0.00>
ST_2 : Operation 12 [1/1] (0.00ns)   --->   "%p_read_16 = call i8 @_ssdm_op_Read.ap_auto.i8(i8 %p_read)" [firmware/nnet_utils/nnet_dense_resource.h:13]   --->   Operation 12 'read' 'p_read_16' <Predicate = (do_init)> <Delay = 0.00>
ST_2 : Operation 13 [1/1] (1.76ns)   --->   "br label %ReuseLoop" [firmware/nnet_utils/nnet_dense_resource.h:46]   --->   Operation 13 'br' <Predicate = (do_init)> <Delay = 1.76>
ST_2 : Operation 14 [1/1] (0.00ns)   --->   "%zext_ln59 = zext i2 %w_index9 to i64" [firmware/nnet_utils/nnet_dense_resource.h:59]   --->   Operation 14 'zext' 'zext_ln59' <Predicate = true> <Delay = 0.00>
ST_2 : Operation 15 [1/1] (0.00ns)   --->   "%w11_V_addr = getelementptr [3 x i31]* @w11_V, i64 0, i64 %zext_ln59" [firmware/nnet_utils/nnet_dense_resource.h:59]   --->   Operation 15 'getelementptr' 'w11_V_addr' <Predicate = true> <Delay = 0.00>
ST_2 : Operation 16 [2/2] (3.25ns)   --->   "%w11_V_load = load i31* %w11_V_addr, align 4" [firmware/nnet_utils/nnet_dense_resource.h:59]   --->   Operation 16 'load' 'w11_V_load' <Predicate = true> <Delay = 3.25> <Core = "ROM_nP_BRAM">   --->   Core 55 'ROM_nP_BRAM' <Latency = 1> <II = 1> <Delay = 3.25> <Storage> <Opcode : 'load'> <Ports = 0> <Width = 31> <Depth = 3> <ROM>
ST_2 : Operation 17 [1/1] (1.56ns)   --->   "%w_index = add i2 1, %w_index9" [firmware/nnet_utils/nnet_dense_resource.h:46]   --->   Operation 17 'add' 'w_index' <Predicate = true> <Delay = 1.56> <Core = "AddSub">   --->   Core 14 'AddSub' <Latency = 0> <II = 1> <Delay = 2.07> <FuncUnit> <Opcode : 'add' 'sub'> <InPorts = 2> <OutPorts = 1>
ST_2 : Operation 18 [1/1] (0.95ns)   --->   "%icmp_ln46 = icmp eq i2 %w_index9, -2" [firmware/nnet_utils/nnet_dense_resource.h:46]   --->   Operation 18 'icmp' 'icmp_ln46' <Predicate = true> <Delay = 0.95> <Core = "Cmp">   --->   Core 25 'Cmp' <Latency = 0> <II = 1> <Delay = 0.95> <FuncUnit> <Opcode : 'icmp'> <InPorts = 2> <OutPorts = 1>
ST_2 : Operation 19 [1/1] (0.00ns)   --->   "br i1 %icmp_ln46, label %.preheader.0, label %rewind_header" [firmware/nnet_utils/nnet_dense_resource.h:46]   --->   Operation 19 'br' <Predicate = true> <Delay = 0.00>
ST_2 : Operation 20 [1/1] (0.00ns)   --->   "br label %rewind_header" [firmware/nnet_utils/nnet_dense_resource.h:84]   --->   Operation 20 'br' <Predicate = (icmp_ln46)> <Delay = 0.00>

State 3 <SV = 2> <Delay = 3.54>
ST_3 : Operation 21 [1/1] (0.00ns)   --->   "%p_read10_rewind = phi i8 [ undef, %hls_label_3_begin ], [ %p_read10_phi, %ReuseLoop ], [ undef, %.preheader.0 ]" [firmware/nnet_utils/nnet_dense_resource.h:13]   --->   Operation 21 'phi' 'p_read10_rewind' <Predicate = true> <Delay = 0.00>
ST_3 : Operation 22 [1/1] (0.00ns)   --->   "%p_read111_rewind = phi i8 [ undef, %hls_label_3_begin ], [ %p_read111_phi, %ReuseLoop ], [ undef, %.preheader.0 ]" [firmware/nnet_utils/nnet_dense_resource.h:13]   --->   Operation 22 'phi' 'p_read111_rewind' <Predicate = true> <Delay = 0.00>
ST_3 : Operation 23 [1/1] (0.00ns)   --->   "%p_read212_rewind = phi i8 [ undef, %hls_label_3_begin ], [ %p_read212_phi, %ReuseLoop ], [ undef, %.preheader.0 ]" [firmware/nnet_utils/nnet_dense_resource.h:13]   --->   Operation 23 'phi' 'p_read212_rewind' <Predicate = true> <Delay = 0.00>
ST_3 : Operation 24 [1/1] (1.76ns)   --->   "br i1 %do_init, label %hls_label_3_end, label %ReuseLoop"   --->   Operation 24 'br' <Predicate = true> <Delay = 1.76>
ST_3 : Operation 25 [1/1] (0.00ns)   --->   "%p_read10_phi = phi i8 [ %p_read_16, %hls_label_3_end ], [ %p_read10_rewind, %rewind_header ]" [firmware/nnet_utils/nnet_dense_resource.h:13]   --->   Operation 25 'phi' 'p_read10_phi' <Predicate = true> <Delay = 0.00>
ST_3 : Operation 26 [1/1] (0.00ns)   --->   "%p_read111_phi = phi i8 [ %p_read111, %hls_label_3_end ], [ %p_read111_rewind, %rewind_header ]" [firmware/nnet_utils/nnet_dense_resource.h:13]   --->   Operation 26 'phi' 'p_read111_phi' <Predicate = true> <Delay = 0.00>
ST_3 : Operation 27 [1/1] (0.00ns)   --->   "%p_read212_phi = phi i8 [ %p_read212, %hls_label_3_end ], [ %p_read212_rewind, %rewind_header ]" [firmware/nnet_utils/nnet_dense_resource.h:13]   --->   Operation 27 'phi' 'p_read212_phi' <Predicate = true> <Delay = 0.00>
ST_3 : Operation 28 [1/1] (1.77ns)   --->   "%tmp_40 = call i8 @_ssdm_op_Mux.ap_auto.3i8.i2(i8 %p_read10_phi, i8 %p_read111_phi, i8 %p_read212_phi, i2 %w_index9)" [firmware/nnet_utils/nnet_dense_resource.h:59]   --->   Operation 28 'mux' 'tmp_40' <Predicate = true> <Delay = 1.77> <Core = "MuxnS">   --->   Core 31 'MuxnS' <Latency = 0> <II = 1> <Delay = 1.77> <FuncUnit> <Opcode : 'mux'> <InPorts = 2> <OutPorts = 1>
ST_3 : Operation 29 [1/2] (3.25ns)   --->   "%w11_V_load = load i31* %w11_V_addr, align 4" [firmware/nnet_utils/nnet_dense_resource.h:59]   --->   Operation 29 'load' 'w11_V_load' <Predicate = true> <Delay = 3.25> <Core = "ROM_nP_BRAM">   --->   Core 55 'ROM_nP_BRAM' <Latency = 1> <II = 1> <Delay = 3.25> <Storage> <Opcode : 'load'> <Ports = 0> <Width = 31> <Depth = 3> <ROM>
ST_3 : Operation 30 [1/1] (0.00ns)   --->   "%trunc_ln59 = trunc i31 %w11_V_load to i8" [firmware/nnet_utils/nnet_dense_resource.h:59]   --->   Operation 30 'trunc' 'trunc_ln59' <Predicate = true> <Delay = 0.00>
ST_3 : Operation 31 [1/1] (0.00ns)   --->   "%tmp_38 = call i8 @_ssdm_op_PartSelect.i8.i31.i32.i32(i31 %w11_V_load, i32 8, i32 15)" [firmware/nnet_utils/nnet_dense_resource.h:59]   --->   Operation 31 'partselect' 'tmp_38' <Predicate = true> <Delay = 0.00>
ST_3 : Operation 32 [1/1] (0.00ns)   --->   "%tmp_39 = call i8 @_ssdm_op_PartSelect.i8.i31.i32.i32(i31 %w11_V_load, i32 16, i32 23)" [firmware/nnet_utils/nnet_dense_resource.h:59]   --->   Operation 32 'partselect' 'tmp_39' <Predicate = true> <Delay = 0.00>
ST_3 : Operation 33 [1/1] (0.00ns)   --->   "%tmp_41 = call i7 @_ssdm_op_PartSelect.i7.i31.i32.i32(i31 %w11_V_load, i32 24, i32 30)" [firmware/nnet_utils/nnet_dense_resource.h:59]   --->   Operation 33 'partselect' 'tmp_41' <Predicate = true> <Delay = 0.00>

State 4 <SV = 3> <Delay = 4.17>
ST_4 : Operation 34 [1/1] (0.00ns)   --->   "%zext_ln1116 = zext i8 %tmp_40 to i16" [firmware/nnet_utils/nnet_mult.h:73->firmware/nnet_utils/nnet_dense_resource.h:59]   --->   Operation 34 'zext' 'zext_ln1116' <Predicate = true> <Delay = 0.00>
ST_4 : Operation 35 [1/1] (0.00ns)   --->   "%sext_ln1118 = sext i8 %trunc_ln59 to i16" [firmware/nnet_utils/nnet_mult.h:73->firmware/nnet_utils/nnet_dense_resource.h:59]   --->   Operation 35 'sext' 'sext_ln1118' <Predicate = true> <Delay = 0.00>
ST_4 : Operation 36 [1/1] (4.17ns)   --->   "%mul_ln1118 = mul i16 %zext_ln1116, %sext_ln1118" [firmware/nnet_utils/nnet_mult.h:73->firmware/nnet_utils/nnet_dense_resource.h:59]   --->   Operation 36 'mul' 'mul_ln1118' <Predicate = true> <Delay = 4.17> <Core = "Mul">   --->   Core 16 'Mul' <Latency = 0> <II = 1> <Delay = 4.17> <FuncUnit> <Opcode : 'mul'> <InPorts = 2> <OutPorts = 1>
ST_4 : Operation 37 [1/1] (0.00ns)   --->   "%trunc_ln = call i15 @_ssdm_op_PartSelect.i15.i16.i32.i32(i16 %mul_ln1118, i32 1, i32 15)" [firmware/nnet_utils/nnet_dense_resource.h:59]   --->   Operation 37 'partselect' 'trunc_ln' <Predicate = true> <Delay = 0.00>
ST_4 : Operation 38 [1/1] (0.00ns)   --->   "%sext_ln1118_1 = sext i8 %tmp_38 to i16" [firmware/nnet_utils/nnet_mult.h:73->firmware/nnet_utils/nnet_dense_resource.h:59]   --->   Operation 38 'sext' 'sext_ln1118_1' <Predicate = true> <Delay = 0.00>
ST_4 : Operation 39 [1/1] (4.17ns)   --->   "%mul_ln1118_14 = mul i16 %zext_ln1116, %sext_ln1118_1" [firmware/nnet_utils/nnet_mult.h:73->firmware/nnet_utils/nnet_dense_resource.h:59]   --->   Operation 39 'mul' 'mul_ln1118_14' <Predicate = true> <Delay = 4.17> <Core = "Mul">   --->   Core 16 'Mul' <Latency = 0> <II = 1> <Delay = 4.17> <FuncUnit> <Opcode : 'mul'> <InPorts = 2> <OutPorts = 1>
ST_4 : Operation 40 [1/1] (0.00ns)   --->   "%trunc_ln708_s = call i15 @_ssdm_op_PartSelect.i15.i16.i32.i32(i16 %mul_ln1118_14, i32 1, i32 15)" [firmware/nnet_utils/nnet_dense_resource.h:59]   --->   Operation 40 'partselect' 'trunc_ln708_s' <Predicate = true> <Delay = 0.00>
ST_4 : Operation 41 [1/1] (0.00ns)   --->   "%sext_ln1118_2 = sext i8 %tmp_39 to i16" [firmware/nnet_utils/nnet_mult.h:73->firmware/nnet_utils/nnet_dense_resource.h:59]   --->   Operation 41 'sext' 'sext_ln1118_2' <Predicate = true> <Delay = 0.00>
ST_4 : Operation 42 [1/1] (4.17ns)   --->   "%mul_ln1118_15 = mul i16 %zext_ln1116, %sext_ln1118_2" [firmware/nnet_utils/nnet_mult.h:73->firmware/nnet_utils/nnet_dense_resource.h:59]   --->   Operation 42 'mul' 'mul_ln1118_15' <Predicate = true> <Delay = 4.17> <Core = "Mul">   --->   Core 16 'Mul' <Latency = 0> <II = 1> <Delay = 4.17> <FuncUnit> <Opcode : 'mul'> <InPorts = 2> <OutPorts = 1>
ST_4 : Operation 43 [1/1] (0.00ns)   --->   "%trunc_ln708_13 = call i15 @_ssdm_op_PartSelect.i15.i16.i32.i32(i16 %mul_ln1118_15, i32 1, i32 15)" [firmware/nnet_utils/nnet_dense_resource.h:59]   --->   Operation 43 'partselect' 'trunc_ln708_13' <Predicate = true> <Delay = 0.00>
ST_4 : Operation 44 [1/1] (0.00ns)   --->   "%zext_ln1118 = zext i8 %tmp_40 to i15" [firmware/nnet_utils/nnet_mult.h:73->firmware/nnet_utils/nnet_dense_resource.h:59]   --->   Operation 44 'zext' 'zext_ln1118' <Predicate = true> <Delay = 0.00>
ST_4 : Operation 45 [1/1] (0.00ns)   --->   "%sext_ln1118_8 = sext i7 %tmp_41 to i15" [firmware/nnet_utils/nnet_mult.h:73->firmware/nnet_utils/nnet_dense_resource.h:59]   --->   Operation 45 'sext' 'sext_ln1118_8' <Predicate = true> <Delay = 0.00>
ST_4 : Operation 46 [1/1] (4.17ns)   --->   "%mul_ln1118_16 = mul i15 %sext_ln1118_8, %zext_ln1118" [firmware/nnet_utils/nnet_mult.h:73->firmware/nnet_utils/nnet_dense_resource.h:59]   --->   Operation 46 'mul' 'mul_ln1118_16' <Predicate = true> <Delay = 4.17> <Core = "Mul">   --->   Core 16 'Mul' <Latency = 0> <II = 1> <Delay = 4.17> <FuncUnit> <Opcode : 'mul'> <InPorts = 2> <OutPorts = 1>
ST_4 : Operation 47 [1/1] (0.00ns)   --->   "%trunc_ln708_14 = call i14 @_ssdm_op_PartSelect.i14.i15.i32.i32(i15 %mul_ln1118_16, i32 1, i32 14)" [firmware/nnet_utils/nnet_dense_resource.h:59]   --->   Operation 47 'partselect' 'trunc_ln708_14' <Predicate = true> <Delay = 0.00>

State 5 <SV = 4> <Delay = 2.07>
ST_5 : Operation 48 [1/1] (0.00ns)   --->   "%p_Val2_8 = phi i16 [ 224, %hls_label_3_begin ], [ %acc_0_V, %ReuseLoop ], [ 224, %.preheader.0 ]"   --->   Operation 48 'phi' 'p_Val2_8' <Predicate = true> <Delay = 0.00>
ST_5 : Operation 49 [1/1] (0.00ns)   --->   "%p_Val2_116 = phi i16 [ -96, %hls_label_3_begin ], [ %acc_1_V, %ReuseLoop ], [ -96, %.preheader.0 ]"   --->   Operation 49 'phi' 'p_Val2_116' <Predicate = true> <Delay = 0.00>
ST_5 : Operation 50 [1/1] (0.00ns)   --->   "%p_Val2_124 = phi i16 [ 288, %hls_label_3_begin ], [ %acc_2_V, %ReuseLoop ], [ 288, %.preheader.0 ]"   --->   Operation 50 'phi' 'p_Val2_124' <Predicate = true> <Delay = 0.00>
ST_5 : Operation 51 [1/1] (0.00ns)   --->   "%p_Val2_132 = phi i16 [ -192, %hls_label_3_begin ], [ %acc_3_V, %ReuseLoop ], [ -192, %.preheader.0 ]"   --->   Operation 51 'phi' 'p_Val2_132' <Predicate = true> <Delay = 0.00>
ST_5 : Operation 52 [1/1] (0.00ns)   --->   "call void (...)* @_ssdm_op_SpecMemCore([3 x i31]* @w11_V, [1 x i8]* @p_str13, [12 x i8]* @p_str17, [1 x i8]* @p_str13, i32 -1, [1 x i8]* @p_str13, [1 x i8]* @p_str13, [1 x i8]* @p_str13, [1 x i8]* @p_str13, [1 x i8]* @p_str13)"   --->   Operation 52 'specmemcore' <Predicate = (do_init)> <Delay = 0.00>
ST_5 : Operation 53 [1/1] (0.00ns)   --->   "%empty_37 = call i32 (...)* @_ssdm_op_SpecRegionEnd([12 x i8]* @p_str23, i32 %tmp)" [firmware/nnet_utils/nnet_dense_resource.h:34]   --->   Operation 53 'specregionend' 'empty_37' <Predicate = (do_init)> <Delay = 0.00>
ST_5 : Operation 54 [1/1] (0.00ns)   --->   "call void (...)* @_ssdm_op_SpecLoopName([10 x i8]* @p_str19) nounwind" [firmware/nnet_utils/nnet_dense_resource.h:46]   --->   Operation 54 'specloopname' <Predicate = true> <Delay = 0.00>
ST_5 : Operation 55 [1/1] (0.00ns)   --->   "%tmp_s = call i32 (...)* @_ssdm_op_SpecRegionBegin([10 x i8]* @p_str19)" [firmware/nnet_utils/nnet_dense_resource.h:46]   --->   Operation 55 'specregionbegin' 'tmp_s' <Predicate = true> <Delay = 0.00>
ST_5 : Operation 56 [1/1] (0.00ns)   --->   "call void (...)* @_ssdm_op_SpecPipeline(i32 1, i32 1, i32 1, i32 0, [1 x i8]* @p_str13) nounwind" [firmware/nnet_utils/nnet_dense_resource.h:47]   --->   Operation 56 'specpipeline' <Predicate = true> <Delay = 0.00>
ST_5 : Operation 57 [1/1] (0.00ns)   --->   "%sext_ln708 = sext i15 %trunc_ln to i16" [firmware/nnet_utils/nnet_dense_resource.h:59]   --->   Operation 57 'sext' 'sext_ln708' <Predicate = true> <Delay = 0.00>
ST_5 : Operation 58 [1/1] (2.07ns)   --->   "%acc_0_V = add i16 %p_Val2_8, %sext_ln708" [firmware/nnet_utils/nnet_dense_resource.h:59]   --->   Operation 58 'add' 'acc_0_V' <Predicate = true> <Delay = 2.07> <Core = "AddSub">   --->   Core 14 'AddSub' <Latency = 0> <II = 1> <Delay = 2.07> <FuncUnit> <Opcode : 'add' 'sub'> <InPorts = 2> <OutPorts = 1>
ST_5 : Operation 59 [1/1] (0.00ns)   --->   "%sext_ln708_14 = sext i15 %trunc_ln708_s to i16" [firmware/nnet_utils/nnet_dense_resource.h:59]   --->   Operation 59 'sext' 'sext_ln708_14' <Predicate = true> <Delay = 0.00>
ST_5 : Operation 60 [1/1] (2.07ns)   --->   "%acc_1_V = add i16 %p_Val2_116, %sext_ln708_14" [firmware/nnet_utils/nnet_dense_resource.h:59]   --->   Operation 60 'add' 'acc_1_V' <Predicate = true> <Delay = 2.07> <Core = "AddSub">   --->   Core 14 'AddSub' <Latency = 0> <II = 1> <Delay = 2.07> <FuncUnit> <Opcode : 'add' 'sub'> <InPorts = 2> <OutPorts = 1>
ST_5 : Operation 61 [1/1] (0.00ns)   --->   "%sext_ln708_15 = sext i15 %trunc_ln708_13 to i16" [firmware/nnet_utils/nnet_dense_resource.h:59]   --->   Operation 61 'sext' 'sext_ln708_15' <Predicate = true> <Delay = 0.00>
ST_5 : Operation 62 [1/1] (2.07ns)   --->   "%acc_2_V = add i16 %p_Val2_124, %sext_ln708_15" [firmware/nnet_utils/nnet_dense_resource.h:59]   --->   Operation 62 'add' 'acc_2_V' <Predicate = true> <Delay = 2.07> <Core = "AddSub">   --->   Core 14 'AddSub' <Latency = 0> <II = 1> <Delay = 2.07> <FuncUnit> <Opcode : 'add' 'sub'> <InPorts = 2> <OutPorts = 1>
ST_5 : Operation 63 [1/1] (0.00ns)   --->   "%sext_ln708_16 = sext i14 %trunc_ln708_14 to i16" [firmware/nnet_utils/nnet_dense_resource.h:59]   --->   Operation 63 'sext' 'sext_ln708_16' <Predicate = true> <Delay = 0.00>
ST_5 : Operation 64 [1/1] (2.07ns)   --->   "%acc_3_V = add i16 %p_Val2_132, %sext_ln708_16" [firmware/nnet_utils/nnet_dense_resource.h:59]   --->   Operation 64 'add' 'acc_3_V' <Predicate = true> <Delay = 2.07> <Core = "AddSub">   --->   Core 14 'AddSub' <Latency = 0> <II = 1> <Delay = 2.07> <FuncUnit> <Opcode : 'add' 'sub'> <InPorts = 2> <OutPorts = 1>
ST_5 : Operation 65 [1/1] (0.00ns)   --->   "%empty = call i32 (...)* @_ssdm_op_SpecRegionEnd([10 x i8]* @p_str19, i32 %tmp_s)" [firmware/nnet_utils/nnet_dense_resource.h:76]   --->   Operation 65 'specregionend' 'empty' <Predicate = true> <Delay = 0.00>
ST_5 : Operation 66 [1/1] (0.00ns)   --->   "%empty_36 = call i32 (...)* @_ssdm_op_SpecLoopTripCount(i64 3, i64 3, i64 3)"   --->   Operation 66 'speclooptripcount' 'empty_36' <Predicate = true> <Delay = 0.00>
ST_5 : Operation 67 [1/1] (0.00ns)   --->   "%res_0_V_write_assign = call i17 @_ssdm_op_BitConcatenate.i17.i16.i1(i16 %acc_0_V, i1 false)" [firmware/nnet_utils/nnet_mult.h:111->firmware/nnet_utils/nnet_dense_resource.h:82]   --->   Operation 67 'bitconcatenate' 'res_0_V_write_assign' <Predicate = (icmp_ln46)> <Delay = 0.00>
ST_5 : Operation 68 [1/1] (0.00ns)   --->   "%res_1_V_write_assign = call i17 @_ssdm_op_BitConcatenate.i17.i16.i1(i16 %acc_1_V, i1 false)" [firmware/nnet_utils/nnet_mult.h:111->firmware/nnet_utils/nnet_dense_resource.h:82]   --->   Operation 68 'bitconcatenate' 'res_1_V_write_assign' <Predicate = (icmp_ln46)> <Delay = 0.00>
ST_5 : Operation 69 [1/1] (0.00ns)   --->   "%res_2_V_write_assign = call i17 @_ssdm_op_BitConcatenate.i17.i16.i1(i16 %acc_2_V, i1 false)" [firmware/nnet_utils/nnet_mult.h:111->firmware/nnet_utils/nnet_dense_resource.h:82]   --->   Operation 69 'bitconcatenate' 'res_2_V_write_assign' <Predicate = (icmp_ln46)> <Delay = 0.00>
ST_5 : Operation 70 [1/1] (0.00ns)   --->   "%res_3_V_write_assign = call i17 @_ssdm_op_BitConcatenate.i17.i16.i1(i16 %acc_3_V, i1 false)" [firmware/nnet_utils/nnet_mult.h:111->firmware/nnet_utils/nnet_dense_resource.h:82]   --->   Operation 70 'bitconcatenate' 'res_3_V_write_assign' <Predicate = (icmp_ln46)> <Delay = 0.00>
ST_5 : Operation 71 [1/1] (0.00ns)   --->   "%mrv = insertvalue { i17, i17, i17, i17 } undef, i17 %res_0_V_write_assign, 0" [firmware/nnet_utils/nnet_dense_resource.h:84]   --->   Operation 71 'insertvalue' 'mrv' <Predicate = (icmp_ln46)> <Delay = 0.00>
ST_5 : Operation 72 [1/1] (0.00ns)   --->   "%mrv_1 = insertvalue { i17, i17, i17, i17 } %mrv, i17 %res_1_V_write_assign, 1" [firmware/nnet_utils/nnet_dense_resource.h:84]   --->   Operation 72 'insertvalue' 'mrv_1' <Predicate = (icmp_ln46)> <Delay = 0.00>
ST_5 : Operation 73 [1/1] (0.00ns)   --->   "%mrv_2 = insertvalue { i17, i17, i17, i17 } %mrv_1, i17 %res_2_V_write_assign, 2" [firmware/nnet_utils/nnet_dense_resource.h:84]   --->   Operation 73 'insertvalue' 'mrv_2' <Predicate = (icmp_ln46)> <Delay = 0.00>
ST_5 : Operation 74 [1/1] (0.00ns)   --->   "%mrv_3 = insertvalue { i17, i17, i17, i17 } %mrv_2, i17 %res_3_V_write_assign, 3" [firmware/nnet_utils/nnet_dense_resource.h:84]   --->   Operation 74 'insertvalue' 'mrv_3' <Predicate = (icmp_ln46)> <Delay = 0.00>
ST_5 : Operation 75 [1/1] (0.00ns)   --->   "call void (...)* @_ssdm_op_Return({ i17, i17, i17, i17 } %mrv_3)" [firmware/nnet_utils/nnet_dense_resource.h:84]   --->   Operation 75 'return' <Predicate = (icmp_ln46)> <Delay = 0.00>


============================================================
+ Verbose Summary: Binding
============================================================
STG Binding: 
---------------- STG Properties BEGIN ----------------
- Is combinational: 0
- Is one-state seq: 0
- Is datapath-only: 0
- Is pipelined: 0
- Is top level: 0
Port [ Return ] is wired: 1; IO mode=ap_ctrl_hs:ce=0
Port [ p_read]:  wired=1; compound=0; hidden=0; nouse=0; global=0; static=0; extern=0; dir=0; type=0; pingpong=0; private_global=0; IO mode=ap_none:ce=0
Port [ p_read1]:  wired=1; compound=0; hidden=0; nouse=0; global=0; static=0; extern=0; dir=0; type=0; pingpong=0; private_global=0; IO mode=ap_none:ce=0
Port [ p_read2]:  wired=1; compound=0; hidden=0; nouse=0; global=0; static=0; extern=0; dir=0; type=0; pingpong=0; private_global=0; IO mode=ap_none:ce=0
Port [ w11_V]:  wired=0; compound=1; hidden=1; nouse=0; global=1; static=0; extern=0; dir=0; type=1; pingpong=0; private_global=1; linkage=0; visibility=0; MemPort=[1]; IO mode=ap_memory:ce=0
---------------- STG Properties END ------------------

---------------- Datapath Model BEGIN ----------------

<LifeTime>
<method=bitvector/>
tmp                  (specregionbegin  ) [ 001111]
br_ln46              (br               ) [ 011111]
do_init              (phi              ) [ 001111]
w_index9             (phi              ) [ 001111]
p_read212            (read             ) [ 001111]
p_read111            (read             ) [ 001111]
p_read_16            (read             ) [ 001111]
br_ln46              (br               ) [ 001111]
zext_ln59            (zext             ) [ 000000]
w11_V_addr           (getelementptr    ) [ 001100]
w_index              (add              ) [ 011111]
icmp_ln46            (icmp             ) [ 001111]
br_ln46              (br               ) [ 011111]
br_ln84              (br               ) [ 011111]
p_read10_rewind      (phi              ) [ 001100]
p_read111_rewind     (phi              ) [ 001100]
p_read212_rewind     (phi              ) [ 001100]
br_ln0               (br               ) [ 000000]
p_read10_phi         (phi              ) [ 011111]
p_read111_phi        (phi              ) [ 011111]
p_read212_phi        (phi              ) [ 011111]
tmp_40               (mux              ) [ 001010]
w11_V_load           (load             ) [ 000000]
trunc_ln59           (trunc            ) [ 001010]
tmp_38               (partselect       ) [ 001010]
tmp_39               (partselect       ) [ 001010]
tmp_41               (partselect       ) [ 001010]
zext_ln1116          (zext             ) [ 000000]
sext_ln1118          (sext             ) [ 000000]
mul_ln1118           (mul              ) [ 000000]
trunc_ln             (partselect       ) [ 001001]
sext_ln1118_1        (sext             ) [ 000000]
mul_ln1118_14        (mul              ) [ 000000]
trunc_ln708_s        (partselect       ) [ 001001]
sext_ln1118_2        (sext             ) [ 000000]
mul_ln1118_15        (mul              ) [ 000000]
trunc_ln708_13       (partselect       ) [ 001001]
zext_ln1118          (zext             ) [ 000000]
sext_ln1118_8        (sext             ) [ 000000]
mul_ln1118_16        (mul              ) [ 000000]
trunc_ln708_14       (partselect       ) [ 001001]
p_Val2_8             (phi              ) [ 001111]
p_Val2_116           (phi              ) [ 001111]
p_Val2_124           (phi              ) [ 001111]
p_Val2_132           (phi              ) [ 001111]
specmemcore_ln0      (specmemcore      ) [ 000000]
empty_37             (specregionend    ) [ 000000]
specloopname_ln46    (specloopname     ) [ 000000]
tmp_s                (specregionbegin  ) [ 000000]
specpipeline_ln47    (specpipeline     ) [ 000000]
sext_ln708           (sext             ) [ 000000]
acc_0_V              (add              ) [ 011111]
sext_ln708_14        (sext             ) [ 000000]
acc_1_V              (add              ) [ 011111]
sext_ln708_15        (sext             ) [ 000000]
acc_2_V              (add              ) [ 011111]
sext_ln708_16        (sext             ) [ 000000]
acc_3_V              (add              ) [ 011111]
empty                (specregionend    ) [ 000000]
empty_36             (speclooptripcount) [ 000000]
res_0_V_write_assign (bitconcatenate   ) [ 000000]
res_1_V_write_assign (bitconcatenate   ) [ 000000]
res_2_V_write_assign (bitconcatenate   ) [ 000000]
res_3_V_write_assign (bitconcatenate   ) [ 000000]
mrv                  (insertvalue      ) [ 000000]
mrv_1                (insertvalue      ) [ 000000]
mrv_2                (insertvalue      ) [ 000000]
mrv_3                (insertvalue      ) [ 000000]
return_ln84          (return           ) [ 000000]
</LifeTime>

<model>

<comp_list>
<comp id="0" class="1000" name="p_read">
<pin_list>
<pin id="1" dir="1" index="0" bw="1" slack="0"/>
</pin_list>
<bind>
<StgValue><ssdm name="p_read"/></StgValue>
</bind>
</comp>

<comp id="2" class="1000" name="p_read1">
<pin_list>
<pin id="3" dir="1" index="0" bw="1" slack="0"/>
</pin_list>
<bind>
<StgValue><ssdm name="p_read1"/></StgValue>
</bind>
</comp>

<comp id="4" class="1000" name="p_read2">
<pin_list>
<pin id="5" dir="1" index="0" bw="1" slack="0"/>
</pin_list>
<bind>
<StgValue><ssdm name="p_read2"/></StgValue>
</bind>
</comp>

<comp id="6" class="1000" name="w11_V">
<pin_list>
<pin id="7" dir="1" index="0" bw="1" slack="0"/>
</pin_list>
<bind>
<StgValue><ssdm name="w11_V"/><MemPortTyVec>1 </MemPortTyVec>
</StgValue>
</bind>
</comp>

<comp id="8" class="1001" name="const_8">
<pin_list>
<pin id="9" dir="1" index="0" bw="1" slack="2147483647"/>
</pin_list>
<bind>
<StgValue><ssdm name="_ssdm_op_SpecRegionBegin"/></StgValue>
</bind>
</comp>

<comp id="10" class="1001" name="const_10">
<pin_list>
<pin id="11" dir="1" index="0" bw="1" slack="2147483647"/>
</pin_list>
<bind>
<StgValue><ssdm name="p_str23"/></StgValue>
</bind>
</comp>

<comp id="12" class="1001" name="const_12">
<pin_list>
<pin id="13" dir="1" index="0" bw="1" slack="0"/>
</pin_list>
<bind>
<StgValue><ssdm name=""/></StgValue>
</bind>
</comp>

<comp id="14" class="1001" name="const_14">
<pin_list>
<pin id="15" dir="1" index="0" bw="1" slack="0"/>
</pin_list>
<bind>
<StgValue><ssdm name=""/></StgValue>
</bind>
</comp>

<comp id="16" class="1001" name="const_16">
<pin_list>
<pin id="17" dir="1" index="0" bw="1" slack="0"/>
</pin_list>
<bind>
<StgValue><ssdm name=""/></StgValue>
</bind>
</comp>

<comp id="18" class="1001" name="const_18">
<pin_list>
<pin id="19" dir="1" index="0" bw="1" slack="0"/>
</pin_list>
<bind>
<StgValue><ssdm name="_ssdm_op_Read.ap_auto.i8"/></StgValue>
</bind>
</comp>

<comp id="20" class="1001" name="const_20">
<pin_list>
<pin id="21" dir="1" index="0" bw="1" slack="0"/>
</pin_list>
<bind>
<StgValue><ssdm name=""/></StgValue>
</bind>
</comp>

<comp id="22" class="1001" name="const_22">
<pin_list>
<pin id="23" dir="1" index="0" bw="1" slack="0"/>
</pin_list>
<bind>
<StgValue><ssdm name=""/></StgValue>
</bind>
</comp>

<comp id="24" class="1001" name="const_24">
<pin_list>
<pin id="25" dir="1" index="0" bw="1" slack="0"/>
</pin_list>
<bind>
<StgValue><ssdm name=""/></StgValue>
</bind>
</comp>

<comp id="26" class="1001" name="const_26">
<pin_list>
<pin id="27" dir="1" index="0" bw="1" slack="1"/>
</pin_list>
<bind>
<StgValue><ssdm name=""/></StgValue>
</bind>
</comp>

<comp id="28" class="1001" name="const_28">
<pin_list>
<pin id="29" dir="1" index="0" bw="1" slack="0"/>
</pin_list>
<bind>
<StgValue><ssdm name="_ssdm_op_Mux.ap_auto.3i8.i2"/></StgValue>
</bind>
</comp>

<comp id="30" class="1001" name="const_30">
<pin_list>
<pin id="31" dir="1" index="0" bw="1" slack="0"/>
</pin_list>
<bind>
<StgValue><ssdm name="_ssdm_op_PartSelect.i8.i31.i32.i32"/></StgValue>
</bind>
</comp>

<comp id="32" class="1001" name="const_32">
<pin_list>
<pin id="33" dir="1" index="0" bw="1" slack="0"/>
</pin_list>
<bind>
<StgValue><ssdm name=""/></StgValue>
</bind>
</comp>

<comp id="34" class="1001" name="const_34">
<pin_list>
<pin id="35" dir="1" index="0" bw="1" slack="0"/>
</pin_list>
<bind>
<StgValue><ssdm name=""/></StgValue>
</bind>
</comp>

<comp id="36" class="1001" name="const_36">
<pin_list>
<pin id="37" dir="1" index="0" bw="1" slack="0"/>
</pin_list>
<bind>
<StgValue><ssdm name=""/></StgValue>
</bind>
</comp>

<comp id="38" class="1001" name="const_38">
<pin_list>
<pin id="39" dir="1" index="0" bw="1" slack="0"/>
</pin_list>
<bind>
<StgValue><ssdm name=""/></StgValue>
</bind>
</comp>

<comp id="40" class="1001" name="const_40">
<pin_list>
<pin id="41" dir="1" index="0" bw="1" slack="0"/>
</pin_list>
<bind>
<StgValue><ssdm name="_ssdm_op_PartSelect.i7.i31.i32.i32"/></StgValue>
</bind>
</comp>

<comp id="42" class="1001" name="const_42">
<pin_list>
<pin id="43" dir="1" index="0" bw="1" slack="0"/>
</pin_list>
<bind>
<StgValue><ssdm name=""/></StgValue>
</bind>
</comp>

<comp id="44" class="1001" name="const_44">
<pin_list>
<pin id="45" dir="1" index="0" bw="1" slack="0"/>
</pin_list>
<bind>
<StgValue><ssdm name=""/></StgValue>
</bind>
</comp>

<comp id="46" class="1001" name="const_46">
<pin_list>
<pin id="47" dir="1" index="0" bw="1" slack="0"/>
</pin_list>
<bind>
<StgValue><ssdm name="_ssdm_op_PartSelect.i15.i16.i32.i32"/></StgValue>
</bind>
</comp>

<comp id="48" class="1001" name="const_48">
<pin_list>
<pin id="49" dir="1" index="0" bw="1" slack="0"/>
</pin_list>
<bind>
<StgValue><ssdm name=""/></StgValue>
</bind>
</comp>

<comp id="50" class="1001" name="const_50">
<pin_list>
<pin id="51" dir="1" index="0" bw="1" slack="0"/>
</pin_list>
<bind>
<StgValue><ssdm name="_ssdm_op_PartSelect.i14.i15.i32.i32"/></StgValue>
</bind>
</comp>

<comp id="52" class="1001" name="const_52">
<pin_list>
<pin id="53" dir="1" index="0" bw="1" slack="0"/>
</pin_list>
<bind>
<StgValue><ssdm name=""/></StgValue>
</bind>
</comp>

<comp id="54" class="1001" name="const_54">
<pin_list>
<pin id="55" dir="1" index="0" bw="1" slack="3"/>
</pin_list>
<bind>
<StgValue><ssdm name=""/></StgValue>
</bind>
</comp>

<comp id="56" class="1001" name="const_56">
<pin_list>
<pin id="57" dir="1" index="0" bw="1" slack="3"/>
</pin_list>
<bind>
<StgValue><ssdm name=""/></StgValue>
</bind>
</comp>

<comp id="58" class="1001" name="const_58">
<pin_list>
<pin id="59" dir="1" index="0" bw="1" slack="3"/>
</pin_list>
<bind>
<StgValue><ssdm name=""/></StgValue>
</bind>
</comp>

<comp id="60" class="1001" name="const_60">
<pin_list>
<pin id="61" dir="1" index="0" bw="1" slack="3"/>
</pin_list>
<bind>
<StgValue><ssdm name=""/></StgValue>
</bind>
</comp>

<comp id="62" class="1001" name="const_62">
<pin_list>
<pin id="63" dir="1" index="0" bw="1" slack="2147483647"/>
</pin_list>
<bind>
<StgValue><ssdm name="_ssdm_op_SpecMemCore"/></StgValue>
</bind>
</comp>

<comp id="64" class="1001" name="const_64">
<pin_list>
<pin id="65" dir="1" index="0" bw="1" slack="2147483647"/>
</pin_list>
<bind>
<StgValue><ssdm name="p_str13"/></StgValue>
</bind>
</comp>

<comp id="66" class="1001" name="const_66">
<pin_list>
<pin id="67" dir="1" index="0" bw="1" slack="2147483647"/>
</pin_list>
<bind>
<StgValue><ssdm name="p_str17"/></StgValue>
</bind>
</comp>

<comp id="68" class="1001" name="const_68">
<pin_list>
<pin id="69" dir="1" index="0" bw="1" slack="2147483647"/>
</pin_list>
<bind>
<StgValue><ssdm name=""/></StgValue>
</bind>
</comp>

<comp id="70" class="1001" name="const_70">
<pin_list>
<pin id="71" dir="1" index="0" bw="1" slack="2147483647"/>
</pin_list>
<bind>
<StgValue><ssdm name="_ssdm_op_SpecRegionEnd"/></StgValue>
</bind>
</comp>

<comp id="72" class="1001" name="const_72">
<pin_list>
<pin id="73" dir="1" index="0" bw="1" slack="2147483647"/>
</pin_list>
<bind>
<StgValue><ssdm name="_ssdm_op_SpecLoopName"/></StgValue>
</bind>
</comp>

<comp id="74" class="1001" name="const_74">
<pin_list>
<pin id="75" dir="1" index="0" bw="1" slack="2147483647"/>
</pin_list>
<bind>
<StgValue><ssdm name="p_str19"/></StgValue>
</bind>
</comp>

<comp id="76" class="1001" name="const_76">
<pin_list>
<pin id="77" dir="1" index="0" bw="1" slack="2147483647"/>
</pin_list>
<bind>
<StgValue><ssdm name="_ssdm_op_SpecPipeline"/></StgValue>
</bind>
</comp>

<comp id="78" class="1001" name="const_78">
<pin_list>
<pin id="79" dir="1" index="0" bw="1" slack="2147483647"/>
</pin_list>
<bind>
<StgValue><ssdm name=""/></StgValue>
</bind>
</comp>

<comp id="80" class="1001" name="const_80">
<pin_list>
<pin id="81" dir="1" index="0" bw="1" slack="2147483647"/>
</pin_list>
<bind>
<StgValue><ssdm name="_ssdm_op_SpecLoopTripCount"/></StgValue>
</bind>
</comp>

<comp id="82" class="1001" name="const_82">
<pin_list>
<pin id="83" dir="1" index="0" bw="1" slack="2147483647"/>
</pin_list>
<bind>
<StgValue><ssdm name=""/></StgValue>
</bind>
</comp>

<comp id="84" class="1001" name="const_84">
<pin_list>
<pin id="85" dir="1" index="0" bw="1" slack="0"/>
</pin_list>
<bind>
<StgValue><ssdm name="_ssdm_op_BitConcatenate.i17.i16.i1"/></StgValue>
</bind>
</comp>

<comp id="86" class="1001" name="const_86">
<pin_list>
<pin id="87" dir="1" index="0" bw="1" slack="0"/>
</pin_list>
<bind>
<StgValue><ssdm name=""/></StgValue>
</bind>
</comp>

<comp id="88" class="1004" name="p_read212_read_fu_88">
<pin_list>
<pin id="89" dir="0" index="0" bw="8" slack="0"/>
<pin id="90" dir="0" index="1" bw="8" slack="0"/>
<pin id="91" dir="1" index="2" bw="8" slack="1"/>
</pin_list>
<bind>
<opcode="read(1150) " fcode="read"/>
<opset="p_read212/2 "/>
</bind>
</comp>

<comp id="94" class="1004" name="p_read111_read_fu_94">
<pin_list>
<pin id="95" dir="0" index="0" bw="8" slack="0"/>
<pin id="96" dir="0" index="1" bw="8" slack="0"/>
<pin id="97" dir="1" index="2" bw="8" slack="1"/>
</pin_list>
<bind>
<opcode="read(1150) " fcode="read"/>
<opset="p_read111/2 "/>
</bind>
</comp>

<comp id="100" class="1004" name="p_read_16_read_fu_100">
<pin_list>
<pin id="101" dir="0" index="0" bw="8" slack="0"/>
<pin id="102" dir="0" index="1" bw="8" slack="0"/>
<pin id="103" dir="1" index="2" bw="8" slack="1"/>
</pin_list>
<bind>
<opcode="read(1150) " fcode="read"/>
<opset="p_read_16/2 "/>
</bind>
</comp>

<comp id="106" class="1004" name="w11_V_addr_gep_fu_106">
<pin_list>
<pin id="107" dir="0" index="0" bw="31" slack="0"/>
<pin id="108" dir="0" index="1" bw="1" slack="0"/>
<pin id="109" dir="0" index="2" bw="2" slack="0"/>
<pin id="110" dir="1" index="3" bw="2" slack="0"/>
</pin_list>
<bind>
<opcode="getelementptr(29) " fcode="getelementptr"/>
<opset="w11_V_addr/2 "/>
</bind>
</comp>

<comp id="113" class="1004" name="grp_access_fu_113">
<pin_list>
<pin id="114" dir="0" index="0" bw="2" slack="0"/>
<pin id="115" dir="0" index="1" bw="31" slack="2147483647"/>
<pin id="116" dir="0" index="2" bw="0" slack="2147483647"/>
<pin id="117" dir="1" index="3" bw="31" slack="0"/>
</pin_list>
<bind>
<opcode="load(27) " fcode="load"/>
<opset="w11_V_load/2 "/>
</bind>
</comp>

<comp id="119" class="1005" name="do_init_reg_119">
<pin_list>
<pin id="120" dir="0" index="0" bw="1" slack="1"/>
<pin id="121" dir="1" index="1" bw="1" slack="1"/>
</pin_list>
<bind>
<opset="do_init (phireg) "/>
</bind>
</comp>

<comp id="123" class="1004" name="do_init_phi_fu_123">
<pin_list>
<pin id="124" dir="0" index="0" bw="1" slack="1"/>
<pin id="125" dir="0" index="1" bw="0" slack="2147483647"/>
<pin id="126" dir="0" index="2" bw="1" slack="0"/>
<pin id="127" dir="0" index="3" bw="0" slack="2147483647"/>
<pin id="128" dir="0" index="4" bw="1" slack="0"/>
<pin id="129" dir="0" index="5" bw="0" slack="2147483647"/>
<pin id="130" dir="1" index="6" bw="1" slack="1"/>
</pin_list>
<bind>
<opcode="phi(47) " fcode="phi"/>
<opset="do_init/2 "/>
</bind>
</comp>

<comp id="135" class="1005" name="w_index9_reg_135">
<pin_list>
<pin id="136" dir="0" index="0" bw="2" slack="1"/>
<pin id="137" dir="1" index="1" bw="2" slack="1"/>
</pin_list>
<bind>
<opset="w_index9 (phireg) "/>
</bind>
</comp>

<comp id="139" class="1004" name="w_index9_phi_fu_139">
<pin_list>
<pin id="140" dir="0" index="0" bw="1" slack="1"/>
<pin id="141" dir="0" index="1" bw="0" slack="2147483647"/>
<pin id="142" dir="0" index="2" bw="2" slack="0"/>
<pin id="143" dir="0" index="3" bw="0" slack="2147483647"/>
<pin id="144" dir="0" index="4" bw="1" slack="0"/>
<pin id="145" dir="0" index="5" bw="0" slack="2147483647"/>
<pin id="146" dir="1" index="6" bw="2" slack="0"/>
</pin_list>
<bind>
<opcode="phi(47) " fcode="phi"/>
<opset="w_index9/2 "/>
</bind>
</comp>

<comp id="150" class="1005" name="p_read10_rewind_reg_150">
<pin_list>
<pin id="151" dir="0" index="0" bw="8" slack="1"/>
<pin id="152" dir="1" index="1" bw="8" slack="1"/>
</pin_list>
<bind>
<opset="p_read10_rewind (phireg) "/>
</bind>
</comp>

<comp id="154" class="1004" name="p_read10_rewind_phi_fu_154">
<pin_list>
<pin id="155" dir="0" index="0" bw="1" slack="2"/>
<pin id="156" dir="0" index="1" bw="0" slack="2147483647"/>
<pin id="157" dir="0" index="2" bw="8" slack="0"/>
<pin id="158" dir="0" index="3" bw="0" slack="2147483647"/>
<pin id="159" dir="0" index="4" bw="1" slack="1"/>
<pin id="160" dir="0" index="5" bw="0" slack="2147483647"/>
<pin id="161" dir="1" index="6" bw="8" slack="0"/>
</pin_list>
<bind>
<opcode="phi(47) " fcode="phi"/>
<opset="p_read10_rewind/3 "/>
</bind>
</comp>

<comp id="164" class="1005" name="p_read111_rewind_reg_164">
<pin_list>
<pin id="165" dir="0" index="0" bw="8" slack="1"/>
<pin id="166" dir="1" index="1" bw="8" slack="1"/>
</pin_list>
<bind>
<opset="p_read111_rewind (phireg) "/>
</bind>
</comp>

<comp id="168" class="1004" name="p_read111_rewind_phi_fu_168">
<pin_list>
<pin id="169" dir="0" index="0" bw="1" slack="2"/>
<pin id="170" dir="0" index="1" bw="0" slack="2147483647"/>
<pin id="171" dir="0" index="2" bw="8" slack="0"/>
<pin id="172" dir="0" index="3" bw="0" slack="2147483647"/>
<pin id="173" dir="0" index="4" bw="1" slack="1"/>
<pin id="174" dir="0" index="5" bw="0" slack="2147483647"/>
<pin id="175" dir="1" index="6" bw="8" slack="0"/>
</pin_list>
<bind>
<opcode="phi(47) " fcode="phi"/>
<opset="p_read111_rewind/3 "/>
</bind>
</comp>

<comp id="178" class="1005" name="p_read212_rewind_reg_178">
<pin_list>
<pin id="179" dir="0" index="0" bw="8" slack="1"/>
<pin id="180" dir="1" index="1" bw="8" slack="1"/>
</pin_list>
<bind>
<opset="p_read212_rewind (phireg) "/>
</bind>
</comp>

<comp id="182" class="1004" name="p_read212_rewind_phi_fu_182">
<pin_list>
<pin id="183" dir="0" index="0" bw="1" slack="2"/>
<pin id="184" dir="0" index="1" bw="0" slack="2147483647"/>
<pin id="185" dir="0" index="2" bw="8" slack="0"/>
<pin id="186" dir="0" index="3" bw="0" slack="2147483647"/>
<pin id="187" dir="0" index="4" bw="1" slack="1"/>
<pin id="188" dir="0" index="5" bw="0" slack="2147483647"/>
<pin id="189" dir="1" index="6" bw="8" slack="0"/>
</pin_list>
<bind>
<opcode="phi(47) " fcode="phi"/>
<opset="p_read212_rewind/3 "/>
</bind>
</comp>

<comp id="192" class="1005" name="p_read10_phi_reg_192">
<pin_list>
<pin id="193" dir="0" index="0" bw="8" slack="0"/>
<pin id="194" dir="1" index="1" bw="8" slack="0"/>
</pin_list>
<bind>
<opset="p_read10_phi (phireg) "/>
</bind>
</comp>

<comp id="196" class="1004" name="p_read10_phi_phi_fu_196">
<pin_list>
<pin id="197" dir="0" index="0" bw="8" slack="1"/>
<pin id="198" dir="0" index="1" bw="0" slack="2147483647"/>
<pin id="199" dir="0" index="2" bw="8" slack="0"/>
<pin id="200" dir="0" index="3" bw="0" slack="2147483647"/>
<pin id="201" dir="1" index="4" bw="8" slack="0"/>
</pin_list>
<bind>
<opcode="phi(47) " fcode="phi"/>
<opset="p_read10_phi/3 "/>
</bind>
</comp>

<comp id="204" class="1005" name="p_read111_phi_reg_204">
<pin_list>
<pin id="205" dir="0" index="0" bw="8" slack="0"/>
<pin id="206" dir="1" index="1" bw="8" slack="0"/>
</pin_list>
<bind>
<opset="p_read111_phi (phireg) "/>
</bind>
</comp>

<comp id="208" class="1004" name="p_read111_phi_phi_fu_208">
<pin_list>
<pin id="209" dir="0" index="0" bw="8" slack="1"/>
<pin id="210" dir="0" index="1" bw="0" slack="2147483647"/>
<pin id="211" dir="0" index="2" bw="8" slack="0"/>
<pin id="212" dir="0" index="3" bw="0" slack="2147483647"/>
<pin id="213" dir="1" index="4" bw="8" slack="0"/>
</pin_list>
<bind>
<opcode="phi(47) " fcode="phi"/>
<opset="p_read111_phi/3 "/>
</bind>
</comp>

<comp id="216" class="1005" name="p_read212_phi_reg_216">
<pin_list>
<pin id="217" dir="0" index="0" bw="8" slack="0"/>
<pin id="218" dir="1" index="1" bw="8" slack="0"/>
</pin_list>
<bind>
<opset="p_read212_phi (phireg) "/>
</bind>
</comp>

<comp id="220" class="1004" name="p_read212_phi_phi_fu_220">
<pin_list>
<pin id="221" dir="0" index="0" bw="8" slack="1"/>
<pin id="222" dir="0" index="1" bw="0" slack="2147483647"/>
<pin id="223" dir="0" index="2" bw="8" slack="0"/>
<pin id="224" dir="0" index="3" bw="0" slack="2147483647"/>
<pin id="225" dir="1" index="4" bw="8" slack="0"/>
</pin_list>
<bind>
<opcode="phi(47) " fcode="phi"/>
<opset="p_read212_phi/3 "/>
</bind>
</comp>

<comp id="228" class="1005" name="p_Val2_8_reg_228">
<pin_list>
<pin id="229" dir="0" index="0" bw="16" slack="3"/>
<pin id="230" dir="1" index="1" bw="16" slack="3"/>
</pin_list>
<bind>
<opset="p_Val2_8 (phireg) "/>
</bind>
</comp>

<comp id="232" class="1004" name="p_Val2_8_phi_fu_232">
<pin_list>
<pin id="233" dir="0" index="0" bw="9" slack="4"/>
<pin id="234" dir="0" index="1" bw="0" slack="2147483647"/>
<pin id="235" dir="0" index="2" bw="16" slack="0"/>
<pin id="236" dir="0" index="3" bw="0" slack="2147483647"/>
<pin id="237" dir="0" index="4" bw="9" slack="3"/>
<pin id="238" dir="0" index="5" bw="0" slack="2147483647"/>
<pin id="239" dir="1" index="6" bw="16" slack="0"/>
</pin_list>
<bind>
<opcode="phi(47) " fcode="phi"/>
<opset="p_Val2_8/5 "/>
</bind>
</comp>

<comp id="242" class="1005" name="p_Val2_116_reg_242">
<pin_list>
<pin id="243" dir="0" index="0" bw="16" slack="3"/>
<pin id="244" dir="1" index="1" bw="16" slack="3"/>
</pin_list>
<bind>
<opset="p_Val2_116 (phireg) "/>
</bind>
</comp>

<comp id="246" class="1004" name="p_Val2_116_phi_fu_246">
<pin_list>
<pin id="247" dir="0" index="0" bw="8" slack="4"/>
<pin id="248" dir="0" index="1" bw="0" slack="2147483647"/>
<pin id="249" dir="0" index="2" bw="16" slack="0"/>
<pin id="250" dir="0" index="3" bw="0" slack="2147483647"/>
<pin id="251" dir="0" index="4" bw="8" slack="3"/>
<pin id="252" dir="0" index="5" bw="0" slack="2147483647"/>
<pin id="253" dir="1" index="6" bw="16" slack="0"/>
</pin_list>
<bind>
<opcode="phi(47) " fcode="phi"/>
<opset="p_Val2_116/5 "/>
</bind>
</comp>

<comp id="256" class="1005" name="p_Val2_124_reg_256">
<pin_list>
<pin id="257" dir="0" index="0" bw="16" slack="3"/>
<pin id="258" dir="1" index="1" bw="16" slack="3"/>
</pin_list>
<bind>
<opset="p_Val2_124 (phireg) "/>
</bind>
</comp>

<comp id="260" class="1004" name="p_Val2_124_phi_fu_260">
<pin_list>
<pin id="261" dir="0" index="0" bw="10" slack="4"/>
<pin id="262" dir="0" index="1" bw="0" slack="2147483647"/>
<pin id="263" dir="0" index="2" bw="16" slack="0"/>
<pin id="264" dir="0" index="3" bw="0" slack="2147483647"/>
<pin id="265" dir="0" index="4" bw="10" slack="3"/>
<pin id="266" dir="0" index="5" bw="0" slack="2147483647"/>
<pin id="267" dir="1" index="6" bw="16" slack="0"/>
</pin_list>
<bind>
<opcode="phi(47) " fcode="phi"/>
<opset="p_Val2_124/5 "/>
</bind>
</comp>

<comp id="270" class="1005" name="p_Val2_132_reg_270">
<pin_list>
<pin id="271" dir="0" index="0" bw="16" slack="3"/>
<pin id="272" dir="1" index="1" bw="16" slack="3"/>
</pin_list>
<bind>
<opset="p_Val2_132 (phireg) "/>
</bind>
</comp>

<comp id="274" class="1004" name="p_Val2_132_phi_fu_274">
<pin_list>
<pin id="275" dir="0" index="0" bw="9" slack="4"/>
<pin id="276" dir="0" index="1" bw="0" slack="2147483647"/>
<pin id="277" dir="0" index="2" bw="16" slack="0"/>
<pin id="278" dir="0" index="3" bw="0" slack="2147483647"/>
<pin id="279" dir="0" index="4" bw="9" slack="3"/>
<pin id="280" dir="0" index="5" bw="0" slack="2147483647"/>
<pin id="281" dir="1" index="6" bw="16" slack="0"/>
</pin_list>
<bind>
<opcode="phi(47) " fcode="phi"/>
<opset="p_Val2_132/5 "/>
</bind>
</comp>

<comp id="284" class="1004" name="zext_ln59_fu_284">
<pin_list>
<pin id="285" dir="0" index="0" bw="2" slack="0"/>
<pin id="286" dir="1" index="1" bw="64" slack="0"/>
</pin_list>
<bind>
<opcode="zext(34) " fcode="zext"/>
<opset="zext_ln59/2 "/>
</bind>
</comp>

<comp id="289" class="1004" name="w_index_fu_289">
<pin_list>
<pin id="290" dir="0" index="0" bw="1" slack="0"/>
<pin id="291" dir="0" index="1" bw="2" slack="0"/>
<pin id="292" dir="1" index="2" bw="2" slack="0"/>
</pin_list>
<bind>
<opcode="add(8) " fcode="add"/>
<opset="w_index/2 "/>
</bind>
</comp>

<comp id="295" class="1004" name="icmp_ln46_fu_295">
<pin_list>
<pin id="296" dir="0" index="0" bw="2" slack="0"/>
<pin id="297" dir="0" index="1" bw="2" slack="0"/>
<pin id="298" dir="1" index="2" bw="1" slack="1"/>
</pin_list>
<bind>
<opcode="icmp(45) " fcode="icmp"/>
<opset="icmp_ln46/2 "/>
</bind>
</comp>

<comp id="301" class="1004" name="tmp_40_fu_301">
<pin_list>
<pin id="302" dir="0" index="0" bw="8" slack="0"/>
<pin id="303" dir="0" index="1" bw="8" slack="0"/>
<pin id="304" dir="0" index="2" bw="8" slack="0"/>
<pin id="305" dir="0" index="3" bw="8" slack="0"/>
<pin id="306" dir="0" index="4" bw="2" slack="1"/>
<pin id="307" dir="1" index="5" bw="8" slack="1"/>
</pin_list>
<bind>
<opcode="mux(1196) " fcode="mux"/>
<opset="tmp_40/3 "/>
</bind>
</comp>

<comp id="313" class="1004" name="trunc_ln59_fu_313">
<pin_list>
<pin id="314" dir="0" index="0" bw="31" slack="0"/>
<pin id="315" dir="1" index="1" bw="8" slack="1"/>
</pin_list>
<bind>
<opcode="trunc(33) " fcode="trunc"/>
<opset="trunc_ln59/3 "/>
</bind>
</comp>

<comp id="317" class="1004" name="tmp_38_fu_317">
<pin_list>
<pin id="318" dir="0" index="0" bw="8" slack="0"/>
<pin id="319" dir="0" index="1" bw="31" slack="0"/>
<pin id="320" dir="0" index="2" bw="5" slack="0"/>
<pin id="321" dir="0" index="3" bw="5" slack="0"/>
<pin id="322" dir="1" index="4" bw="8" slack="1"/>
</pin_list>
<bind>
<opcode="partselect(1002) " fcode="partselect"/>
<opset="tmp_38/3 "/>
</bind>
</comp>

<comp id="327" class="1004" name="tmp_39_fu_327">
<pin_list>
<pin id="328" dir="0" index="0" bw="8" slack="0"/>
<pin id="329" dir="0" index="1" bw="31" slack="0"/>
<pin id="330" dir="0" index="2" bw="6" slack="0"/>
<pin id="331" dir="0" index="3" bw="6" slack="0"/>
<pin id="332" dir="1" index="4" bw="8" slack="1"/>
</pin_list>
<bind>
<opcode="partselect(1002) " fcode="partselect"/>
<opset="tmp_39/3 "/>
</bind>
</comp>

<comp id="337" class="1004" name="tmp_41_fu_337">
<pin_list>
<pin id="338" dir="0" index="0" bw="7" slack="0"/>
<pin id="339" dir="0" index="1" bw="31" slack="0"/>
<pin id="340" dir="0" index="2" bw="6" slack="0"/>
<pin id="341" dir="0" index="3" bw="6" slack="0"/>
<pin id="342" dir="1" index="4" bw="7" slack="1"/>
</pin_list>
<bind>
<opcode="partselect(1002) " fcode="partselect"/>
<opset="tmp_41/3 "/>
</bind>
</comp>

<comp id="347" class="1004" name="zext_ln1116_fu_347">
<pin_list>
<pin id="348" dir="0" index="0" bw="8" slack="1"/>
<pin id="349" dir="1" index="1" bw="16" slack="0"/>
</pin_list>
<bind>
<opcode="zext(34) " fcode="zext"/>
<opset="zext_ln1116/4 "/>
</bind>
</comp>

<comp id="350" class="1004" name="sext_ln1118_fu_350">
<pin_list>
<pin id="351" dir="0" index="0" bw="8" slack="1"/>
<pin id="352" dir="1" index="1" bw="16" slack="0"/>
</pin_list>
<bind>
<opcode="sext(35) " fcode="sext"/>
<opset="sext_ln1118/4 "/>
</bind>
</comp>

<comp id="353" class="1004" name="mul_ln1118_fu_353">
<pin_list>
<pin id="354" dir="0" index="0" bw="8" slack="0"/>
<pin id="355" dir="0" index="1" bw="8" slack="0"/>
<pin id="356" dir="1" index="2" bw="16" slack="0"/>
</pin_list>
<bind>
<opcode="mul(12) " fcode="mul"/>
<opset="mul_ln1118/4 "/>
</bind>
</comp>

<comp id="359" class="1004" name="trunc_ln_fu_359">
<pin_list>
<pin id="360" dir="0" index="0" bw="15" slack="0"/>
<pin id="361" dir="0" index="1" bw="16" slack="0"/>
<pin id="362" dir="0" index="2" bw="1" slack="0"/>
<pin id="363" dir="0" index="3" bw="5" slack="0"/>
<pin id="364" dir="1" index="4" bw="15" slack="1"/>
</pin_list>
<bind>
<opcode="partselect(1002) " fcode="partselect"/>
<opset="trunc_ln/4 "/>
</bind>
</comp>

<comp id="369" class="1004" name="sext_ln1118_1_fu_369">
<pin_list>
<pin id="370" dir="0" index="0" bw="8" slack="1"/>
<pin id="371" dir="1" index="1" bw="16" slack="0"/>
</pin_list>
<bind>
<opcode="sext(35) " fcode="sext"/>
<opset="sext_ln1118_1/4 "/>
</bind>
</comp>

<comp id="372" class="1004" name="mul_ln1118_14_fu_372">
<pin_list>
<pin id="373" dir="0" index="0" bw="8" slack="0"/>
<pin id="374" dir="0" index="1" bw="8" slack="0"/>
<pin id="375" dir="1" index="2" bw="16" slack="0"/>
</pin_list>
<bind>
<opcode="mul(12) " fcode="mul"/>
<opset="mul_ln1118_14/4 "/>
</bind>
</comp>

<comp id="378" class="1004" name="trunc_ln708_s_fu_378">
<pin_list>
<pin id="379" dir="0" index="0" bw="15" slack="0"/>
<pin id="380" dir="0" index="1" bw="16" slack="0"/>
<pin id="381" dir="0" index="2" bw="1" slack="0"/>
<pin id="382" dir="0" index="3" bw="5" slack="0"/>
<pin id="383" dir="1" index="4" bw="15" slack="1"/>
</pin_list>
<bind>
<opcode="partselect(1002) " fcode="partselect"/>
<opset="trunc_ln708_s/4 "/>
</bind>
</comp>

<comp id="388" class="1004" name="sext_ln1118_2_fu_388">
<pin_list>
<pin id="389" dir="0" index="0" bw="8" slack="1"/>
<pin id="390" dir="1" index="1" bw="16" slack="0"/>
</pin_list>
<bind>
<opcode="sext(35) " fcode="sext"/>
<opset="sext_ln1118_2/4 "/>
</bind>
</comp>

<comp id="391" class="1004" name="mul_ln1118_15_fu_391">
<pin_list>
<pin id="392" dir="0" index="0" bw="8" slack="0"/>
<pin id="393" dir="0" index="1" bw="8" slack="0"/>
<pin id="394" dir="1" index="2" bw="16" slack="0"/>
</pin_list>
<bind>
<opcode="mul(12) " fcode="mul"/>
<opset="mul_ln1118_15/4 "/>
</bind>
</comp>

<comp id="397" class="1004" name="trunc_ln708_13_fu_397">
<pin_list>
<pin id="398" dir="0" index="0" bw="15" slack="0"/>
<pin id="399" dir="0" index="1" bw="16" slack="0"/>
<pin id="400" dir="0" index="2" bw="1" slack="0"/>
<pin id="401" dir="0" index="3" bw="5" slack="0"/>
<pin id="402" dir="1" index="4" bw="15" slack="1"/>
</pin_list>
<bind>
<opcode="partselect(1002) " fcode="partselect"/>
<opset="trunc_ln708_13/4 "/>
</bind>
</comp>

<comp id="407" class="1004" name="zext_ln1118_fu_407">
<pin_list>
<pin id="408" dir="0" index="0" bw="8" slack="1"/>
<pin id="409" dir="1" index="1" bw="15" slack="0"/>
</pin_list>
<bind>
<opcode="zext(34) " fcode="zext"/>
<opset="zext_ln1118/4 "/>
</bind>
</comp>

<comp id="410" class="1004" name="sext_ln1118_8_fu_410">
<pin_list>
<pin id="411" dir="0" index="0" bw="7" slack="1"/>
<pin id="412" dir="1" index="1" bw="15" slack="0"/>
</pin_list>
<bind>
<opcode="sext(35) " fcode="sext"/>
<opset="sext_ln1118_8/4 "/>
</bind>
</comp>

<comp id="413" class="1004" name="mul_ln1118_16_fu_413">
<pin_list>
<pin id="414" dir="0" index="0" bw="7" slack="0"/>
<pin id="415" dir="0" index="1" bw="8" slack="0"/>
<pin id="416" dir="1" index="2" bw="15" slack="0"/>
</pin_list>
<bind>
<opcode="mul(12) " fcode="mul"/>
<opset="mul_ln1118_16/4 "/>
</bind>
</comp>

<comp id="419" class="1004" name="trunc_ln708_14_fu_419">
<pin_list>
<pin id="420" dir="0" index="0" bw="14" slack="0"/>
<pin id="421" dir="0" index="1" bw="15" slack="0"/>
<pin id="422" dir="0" index="2" bw="1" slack="0"/>
<pin id="423" dir="0" index="3" bw="5" slack="0"/>
<pin id="424" dir="1" index="4" bw="14" slack="1"/>
</pin_list>
<bind>
<opcode="partselect(1002) " fcode="partselect"/>
<opset="trunc_ln708_14/4 "/>
</bind>
</comp>

<comp id="429" class="1004" name="sext_ln708_fu_429">
<pin_list>
<pin id="430" dir="0" index="0" bw="15" slack="1"/>
<pin id="431" dir="1" index="1" bw="16" slack="0"/>
</pin_list>
<bind>
<opcode="sext(35) " fcode="sext"/>
<opset="sext_ln708/5 "/>
</bind>
</comp>

<comp id="432" class="1004" name="acc_0_V_fu_432">
<pin_list>
<pin id="433" dir="0" index="0" bw="16" slack="0"/>
<pin id="434" dir="0" index="1" bw="15" slack="0"/>
<pin id="435" dir="1" index="2" bw="16" slack="0"/>
</pin_list>
<bind>
<opcode="add(8) " fcode="add"/>
<opset="acc_0_V/5 "/>
</bind>
</comp>

<comp id="438" class="1004" name="sext_ln708_14_fu_438">
<pin_list>
<pin id="439" dir="0" index="0" bw="15" slack="1"/>
<pin id="440" dir="1" index="1" bw="16" slack="0"/>
</pin_list>
<bind>
<opcode="sext(35) " fcode="sext"/>
<opset="sext_ln708_14/5 "/>
</bind>
</comp>

<comp id="441" class="1004" name="acc_1_V_fu_441">
<pin_list>
<pin id="442" dir="0" index="0" bw="16" slack="0"/>
<pin id="443" dir="0" index="1" bw="15" slack="0"/>
<pin id="444" dir="1" index="2" bw="16" slack="0"/>
</pin_list>
<bind>
<opcode="add(8) " fcode="add"/>
<opset="acc_1_V/5 "/>
</bind>
</comp>

<comp id="447" class="1004" name="sext_ln708_15_fu_447">
<pin_list>
<pin id="448" dir="0" index="0" bw="15" slack="1"/>
<pin id="449" dir="1" index="1" bw="16" slack="0"/>
</pin_list>
<bind>
<opcode="sext(35) " fcode="sext"/>
<opset="sext_ln708_15/5 "/>
</bind>
</comp>

<comp id="450" class="1004" name="acc_2_V_fu_450">
<pin_list>
<pin id="451" dir="0" index="0" bw="16" slack="0"/>
<pin id="452" dir="0" index="1" bw="15" slack="0"/>
<pin id="453" dir="1" index="2" bw="16" slack="0"/>
</pin_list>
<bind>
<opcode="add(8) " fcode="add"/>
<opset="acc_2_V/5 "/>
</bind>
</comp>

<comp id="456" class="1004" name="sext_ln708_16_fu_456">
<pin_list>
<pin id="457" dir="0" index="0" bw="14" slack="1"/>
<pin id="458" dir="1" index="1" bw="16" slack="0"/>
</pin_list>
<bind>
<opcode="sext(35) " fcode="sext"/>
<opset="sext_ln708_16/5 "/>
</bind>
</comp>

<comp id="459" class="1004" name="acc_3_V_fu_459">
<pin_list>
<pin id="460" dir="0" index="0" bw="16" slack="0"/>
<pin id="461" dir="0" index="1" bw="14" slack="0"/>
<pin id="462" dir="1" index="2" bw="16" slack="0"/>
</pin_list>
<bind>
<opcode="add(8) " fcode="add"/>
<opset="acc_3_V/5 "/>
</bind>
</comp>

<comp id="465" class="1004" name="res_0_V_write_assign_fu_465">
<pin_list>
<pin id="466" dir="0" index="0" bw="17" slack="0"/>
<pin id="467" dir="0" index="1" bw="16" slack="0"/>
<pin id="468" dir="0" index="2" bw="1" slack="0"/>
<pin id="469" dir="1" index="3" bw="17" slack="0"/>
</pin_list>
<bind>
<opcode="bitconcatenate(1004) " fcode="bitconcatenate"/>
<opset="res_0_V_write_assign/5 "/>
</bind>
</comp>

<comp id="473" class="1004" name="res_1_V_write_assign_fu_473">
<pin_list>
<pin id="474" dir="0" index="0" bw="17" slack="0"/>
<pin id="475" dir="0" index="1" bw="16" slack="0"/>
<pin id="476" dir="0" index="2" bw="1" slack="0"/>
<pin id="477" dir="1" index="3" bw="17" slack="0"/>
</pin_list>
<bind>
<opcode="bitconcatenate(1004) " fcode="bitconcatenate"/>
<opset="res_1_V_write_assign/5 "/>
</bind>
</comp>

<comp id="481" class="1004" name="res_2_V_write_assign_fu_481">
<pin_list>
<pin id="482" dir="0" index="0" bw="17" slack="0"/>
<pin id="483" dir="0" index="1" bw="16" slack="0"/>
<pin id="484" dir="0" index="2" bw="1" slack="0"/>
<pin id="485" dir="1" index="3" bw="17" slack="0"/>
</pin_list>
<bind>
<opcode="bitconcatenate(1004) " fcode="bitconcatenate"/>
<opset="res_2_V_write_assign/5 "/>
</bind>
</comp>

<comp id="489" class="1004" name="res_3_V_write_assign_fu_489">
<pin_list>
<pin id="490" dir="0" index="0" bw="17" slack="0"/>
<pin id="491" dir="0" index="1" bw="16" slack="0"/>
<pin id="492" dir="0" index="2" bw="1" slack="0"/>
<pin id="493" dir="1" index="3" bw="17" slack="0"/>
</pin_list>
<bind>
<opcode="bitconcatenate(1004) " fcode="bitconcatenate"/>
<opset="res_3_V_write_assign/5 "/>
</bind>
</comp>

<comp id="497" class="1004" name="mrv_fu_497">
<pin_list>
<pin id="498" dir="0" index="0" bw="68" slack="0"/>
<pin id="499" dir="0" index="1" bw="17" slack="0"/>
<pin id="500" dir="1" index="2" bw="68" slack="0"/>
</pin_list>
<bind>
<opcode="insertvalue(57) " fcode="insertvalue"/>
<opset="mrv/5 "/>
</bind>
</comp>

<comp id="503" class="1004" name="mrv_1_fu_503">
<pin_list>
<pin id="504" dir="0" index="0" bw="68" slack="0"/>
<pin id="505" dir="0" index="1" bw="17" slack="0"/>
<pin id="506" dir="1" index="2" bw="68" slack="0"/>
</pin_list>
<bind>
<opcode="insertvalue(57) " fcode="insertvalue"/>
<opset="mrv_1/5 "/>
</bind>
</comp>

<comp id="509" class="1004" name="mrv_2_fu_509">
<pin_list>
<pin id="510" dir="0" index="0" bw="68" slack="0"/>
<pin id="511" dir="0" index="1" bw="17" slack="0"/>
<pin id="512" dir="1" index="2" bw="68" slack="0"/>
</pin_list>
<bind>
<opcode="insertvalue(57) " fcode="insertvalue"/>
<opset="mrv_2/5 "/>
</bind>
</comp>

<comp id="515" class="1004" name="mrv_3_fu_515">
<pin_list>
<pin id="516" dir="0" index="0" bw="68" slack="0"/>
<pin id="517" dir="0" index="1" bw="17" slack="0"/>
<pin id="518" dir="1" index="2" bw="68" slack="0"/>
</pin_list>
<bind>
<opcode="insertvalue(57) " fcode="insertvalue"/>
<opset="mrv_3/5 "/>
</bind>
</comp>

<comp id="521" class="1004" name="return_ln84_fu_521">
<pin_list>
<pin id="522" dir="0" index="0" bw="68" slack="0"/>
<pin id="523" dir="1" index="1" bw="0" slack="2147483647"/>
</pin_list>
<bind>
<opcode="return(1203) " fcode="return"/>
<opset="return_ln84/5 "/>
</bind>
</comp>

<comp id="525" class="1005" name="p_read212_reg_525">
<pin_list>
<pin id="526" dir="0" index="0" bw="8" slack="1"/>
<pin id="527" dir="1" index="1" bw="8" slack="1"/>
</pin_list>
<bind>
<opset="p_read212 "/>
</bind>
</comp>

<comp id="530" class="1005" name="p_read111_reg_530">
<pin_list>
<pin id="531" dir="0" index="0" bw="8" slack="1"/>
<pin id="532" dir="1" index="1" bw="8" slack="1"/>
</pin_list>
<bind>
<opset="p_read111 "/>
</bind>
</comp>

<comp id="535" class="1005" name="p_read_16_reg_535">
<pin_list>
<pin id="536" dir="0" index="0" bw="8" slack="1"/>
<pin id="537" dir="1" index="1" bw="8" slack="1"/>
</pin_list>
<bind>
<opset="p_read_16 "/>
</bind>
</comp>

<comp id="540" class="1005" name="w11_V_addr_reg_540">
<pin_list>
<pin id="541" dir="0" index="0" bw="2" slack="1"/>
<pin id="542" dir="1" index="1" bw="2" slack="1"/>
</pin_list>
<bind>
<opset="w11_V_addr "/>
</bind>
</comp>

<comp id="545" class="1005" name="w_index_reg_545">
<pin_list>
<pin id="546" dir="0" index="0" bw="2" slack="0"/>
<pin id="547" dir="1" index="1" bw="2" slack="0"/>
</pin_list>
<bind>
<opset="w_index "/>
</bind>
</comp>

<comp id="550" class="1005" name="icmp_ln46_reg_550">
<pin_list>
<pin id="551" dir="0" index="0" bw="1" slack="1"/>
<pin id="552" dir="1" index="1" bw="1" slack="2147483647"/>
</pin_list>
<bind>
<opset="icmp_ln46 "/>
</bind>
</comp>

<comp id="554" class="1005" name="tmp_40_reg_554">
<pin_list>
<pin id="555" dir="0" index="0" bw="8" slack="1"/>
<pin id="556" dir="1" index="1" bw="8" slack="1"/>
</pin_list>
<bind>
<opset="tmp_40 "/>
</bind>
</comp>

<comp id="560" class="1005" name="trunc_ln59_reg_560">
<pin_list>
<pin id="561" dir="0" index="0" bw="8" slack="1"/>
<pin id="562" dir="1" index="1" bw="8" slack="1"/>
</pin_list>
<bind>
<opset="trunc_ln59 "/>
</bind>
</comp>

<comp id="565" class="1005" name="tmp_38_reg_565">
<pin_list>
<pin id="566" dir="0" index="0" bw="8" slack="1"/>
<pin id="567" dir="1" index="1" bw="8" slack="1"/>
</pin_list>
<bind>
<opset="tmp_38 "/>
</bind>
</comp>

<comp id="570" class="1005" name="tmp_39_reg_570">
<pin_list>
<pin id="571" dir="0" index="0" bw="8" slack="1"/>
<pin id="572" dir="1" index="1" bw="8" slack="1"/>
</pin_list>
<bind>
<opset="tmp_39 "/>
</bind>
</comp>

<comp id="575" class="1005" name="tmp_41_reg_575">
<pin_list>
<pin id="576" dir="0" index="0" bw="7" slack="1"/>
<pin id="577" dir="1" index="1" bw="7" slack="1"/>
</pin_list>
<bind>
<opset="tmp_41 "/>
</bind>
</comp>

<comp id="580" class="1005" name="trunc_ln_reg_580">
<pin_list>
<pin id="581" dir="0" index="0" bw="15" slack="1"/>
<pin id="582" dir="1" index="1" bw="15" slack="1"/>
</pin_list>
<bind>
<opset="trunc_ln "/>
</bind>
</comp>

<comp id="585" class="1005" name="trunc_ln708_s_reg_585">
<pin_list>
<pin id="586" dir="0" index="0" bw="15" slack="1"/>
<pin id="587" dir="1" index="1" bw="15" slack="1"/>
</pin_list>
<bind>
<opset="trunc_ln708_s "/>
</bind>
</comp>

<comp id="590" class="1005" name="trunc_ln708_13_reg_590">
<pin_list>
<pin id="591" dir="0" index="0" bw="15" slack="1"/>
<pin id="592" dir="1" index="1" bw="15" slack="1"/>
</pin_list>
<bind>
<opset="trunc_ln708_13 "/>
</bind>
</comp>

<comp id="595" class="1005" name="trunc_ln708_14_reg_595">
<pin_list>
<pin id="596" dir="0" index="0" bw="14" slack="1"/>
<pin id="597" dir="1" index="1" bw="14" slack="1"/>
</pin_list>
<bind>
<opset="trunc_ln708_14 "/>
</bind>
</comp>

<comp id="600" class="1005" name="acc_0_V_reg_600">
<pin_list>
<pin id="601" dir="0" index="0" bw="16" slack="0"/>
<pin id="602" dir="1" index="1" bw="16" slack="0"/>
</pin_list>
<bind>
<opset="acc_0_V "/>
</bind>
</comp>

<comp id="605" class="1005" name="acc_1_V_reg_605">
<pin_list>
<pin id="606" dir="0" index="0" bw="16" slack="0"/>
<pin id="607" dir="1" index="1" bw="16" slack="0"/>
</pin_list>
<bind>
<opset="acc_1_V "/>
</bind>
</comp>

<comp id="610" class="1005" name="acc_2_V_reg_610">
<pin_list>
<pin id="611" dir="0" index="0" bw="16" slack="0"/>
<pin id="612" dir="1" index="1" bw="16" slack="0"/>
</pin_list>
<bind>
<opset="acc_2_V "/>
</bind>
</comp>

<comp id="615" class="1005" name="acc_3_V_reg_615">
<pin_list>
<pin id="616" dir="0" index="0" bw="16" slack="0"/>
<pin id="617" dir="1" index="1" bw="16" slack="0"/>
</pin_list>
<bind>
<opset="acc_3_V "/>
</bind>
</comp>

</comp_list>

<net_list>
<net id="92"><net_src comp="18" pin="0"/><net_sink comp="88" pin=0"/></net>

<net id="93"><net_src comp="4" pin="0"/><net_sink comp="88" pin=1"/></net>

<net id="98"><net_src comp="18" pin="0"/><net_sink comp="94" pin=0"/></net>

<net id="99"><net_src comp="2" pin="0"/><net_sink comp="94" pin=1"/></net>

<net id="104"><net_src comp="18" pin="0"/><net_sink comp="100" pin=0"/></net>

<net id="105"><net_src comp="0" pin="0"/><net_sink comp="100" pin=1"/></net>

<net id="111"><net_src comp="6" pin="0"/><net_sink comp="106" pin=0"/></net>

<net id="112"><net_src comp="20" pin="0"/><net_sink comp="106" pin=1"/></net>

<net id="118"><net_src comp="106" pin="3"/><net_sink comp="113" pin=0"/></net>

<net id="122"><net_src comp="12" pin="0"/><net_sink comp="119" pin=0"/></net>

<net id="131"><net_src comp="119" pin="1"/><net_sink comp="123" pin=0"/></net>

<net id="132"><net_src comp="14" pin="0"/><net_sink comp="123" pin=2"/></net>

<net id="133"><net_src comp="12" pin="0"/><net_sink comp="123" pin=4"/></net>

<net id="134"><net_src comp="123" pin="6"/><net_sink comp="119" pin=0"/></net>

<net id="138"><net_src comp="16" pin="0"/><net_sink comp="135" pin=0"/></net>

<net id="147"><net_src comp="135" pin="1"/><net_sink comp="139" pin=0"/></net>

<net id="148"><net_src comp="16" pin="0"/><net_sink comp="139" pin=4"/></net>

<net id="149"><net_src comp="139" pin="6"/><net_sink comp="135" pin=0"/></net>

<net id="153"><net_src comp="26" pin="0"/><net_sink comp="150" pin=0"/></net>

<net id="162"><net_src comp="150" pin="1"/><net_sink comp="154" pin=0"/></net>

<net id="163"><net_src comp="150" pin="1"/><net_sink comp="154" pin=4"/></net>

<net id="167"><net_src comp="26" pin="0"/><net_sink comp="164" pin=0"/></net>

<net id="176"><net_src comp="164" pin="1"/><net_sink comp="168" pin=0"/></net>

<net id="177"><net_src comp="164" pin="1"/><net_sink comp="168" pin=4"/></net>

<net id="181"><net_src comp="26" pin="0"/><net_sink comp="178" pin=0"/></net>

<net id="190"><net_src comp="178" pin="1"/><net_sink comp="182" pin=0"/></net>

<net id="191"><net_src comp="178" pin="1"/><net_sink comp="182" pin=4"/></net>

<net id="195"><net_src comp="192" pin="1"/><net_sink comp="154" pin=2"/></net>

<net id="202"><net_src comp="154" pin="6"/><net_sink comp="196" pin=2"/></net>

<net id="203"><net_src comp="196" pin="4"/><net_sink comp="192" pin=0"/></net>

<net id="207"><net_src comp="204" pin="1"/><net_sink comp="168" pin=2"/></net>

<net id="214"><net_src comp="168" pin="6"/><net_sink comp="208" pin=2"/></net>

<net id="215"><net_src comp="208" pin="4"/><net_sink comp="204" pin=0"/></net>

<net id="219"><net_src comp="216" pin="1"/><net_sink comp="182" pin=2"/></net>

<net id="226"><net_src comp="182" pin="6"/><net_sink comp="220" pin=2"/></net>

<net id="227"><net_src comp="220" pin="4"/><net_sink comp="216" pin=0"/></net>

<net id="231"><net_src comp="54" pin="0"/><net_sink comp="228" pin=0"/></net>

<net id="240"><net_src comp="228" pin="1"/><net_sink comp="232" pin=0"/></net>

<net id="241"><net_src comp="228" pin="1"/><net_sink comp="232" pin=4"/></net>

<net id="245"><net_src comp="56" pin="0"/><net_sink comp="242" pin=0"/></net>

<net id="254"><net_src comp="242" pin="1"/><net_sink comp="246" pin=0"/></net>

<net id="255"><net_src comp="242" pin="1"/><net_sink comp="246" pin=4"/></net>

<net id="259"><net_src comp="58" pin="0"/><net_sink comp="256" pin=0"/></net>

<net id="268"><net_src comp="256" pin="1"/><net_sink comp="260" pin=0"/></net>

<net id="269"><net_src comp="256" pin="1"/><net_sink comp="260" pin=4"/></net>

<net id="273"><net_src comp="60" pin="0"/><net_sink comp="270" pin=0"/></net>

<net id="282"><net_src comp="270" pin="1"/><net_sink comp="274" pin=0"/></net>

<net id="283"><net_src comp="270" pin="1"/><net_sink comp="274" pin=4"/></net>

<net id="287"><net_src comp="139" pin="6"/><net_sink comp="284" pin=0"/></net>

<net id="288"><net_src comp="284" pin="1"/><net_sink comp="106" pin=2"/></net>

<net id="293"><net_src comp="22" pin="0"/><net_sink comp="289" pin=0"/></net>

<net id="294"><net_src comp="139" pin="6"/><net_sink comp="289" pin=1"/></net>

<net id="299"><net_src comp="139" pin="6"/><net_sink comp="295" pin=0"/></net>

<net id="300"><net_src comp="24" pin="0"/><net_sink comp="295" pin=1"/></net>

<net id="308"><net_src comp="28" pin="0"/><net_sink comp="301" pin=0"/></net>

<net id="309"><net_src comp="196" pin="4"/><net_sink comp="301" pin=1"/></net>

<net id="310"><net_src comp="208" pin="4"/><net_sink comp="301" pin=2"/></net>

<net id="311"><net_src comp="220" pin="4"/><net_sink comp="301" pin=3"/></net>

<net id="312"><net_src comp="135" pin="1"/><net_sink comp="301" pin=4"/></net>

<net id="316"><net_src comp="113" pin="3"/><net_sink comp="313" pin=0"/></net>

<net id="323"><net_src comp="30" pin="0"/><net_sink comp="317" pin=0"/></net>

<net id="324"><net_src comp="113" pin="3"/><net_sink comp="317" pin=1"/></net>

<net id="325"><net_src comp="32" pin="0"/><net_sink comp="317" pin=2"/></net>

<net id="326"><net_src comp="34" pin="0"/><net_sink comp="317" pin=3"/></net>

<net id="333"><net_src comp="30" pin="0"/><net_sink comp="327" pin=0"/></net>

<net id="334"><net_src comp="113" pin="3"/><net_sink comp="327" pin=1"/></net>

<net id="335"><net_src comp="36" pin="0"/><net_sink comp="327" pin=2"/></net>

<net id="336"><net_src comp="38" pin="0"/><net_sink comp="327" pin=3"/></net>

<net id="343"><net_src comp="40" pin="0"/><net_sink comp="337" pin=0"/></net>

<net id="344"><net_src comp="113" pin="3"/><net_sink comp="337" pin=1"/></net>

<net id="345"><net_src comp="42" pin="0"/><net_sink comp="337" pin=2"/></net>

<net id="346"><net_src comp="44" pin="0"/><net_sink comp="337" pin=3"/></net>

<net id="357"><net_src comp="347" pin="1"/><net_sink comp="353" pin=0"/></net>

<net id="358"><net_src comp="350" pin="1"/><net_sink comp="353" pin=1"/></net>

<net id="365"><net_src comp="46" pin="0"/><net_sink comp="359" pin=0"/></net>

<net id="366"><net_src comp="353" pin="2"/><net_sink comp="359" pin=1"/></net>

<net id="367"><net_src comp="48" pin="0"/><net_sink comp="359" pin=2"/></net>

<net id="368"><net_src comp="34" pin="0"/><net_sink comp="359" pin=3"/></net>

<net id="376"><net_src comp="347" pin="1"/><net_sink comp="372" pin=0"/></net>

<net id="377"><net_src comp="369" pin="1"/><net_sink comp="372" pin=1"/></net>

<net id="384"><net_src comp="46" pin="0"/><net_sink comp="378" pin=0"/></net>

<net id="385"><net_src comp="372" pin="2"/><net_sink comp="378" pin=1"/></net>

<net id="386"><net_src comp="48" pin="0"/><net_sink comp="378" pin=2"/></net>

<net id="387"><net_src comp="34" pin="0"/><net_sink comp="378" pin=3"/></net>

<net id="395"><net_src comp="347" pin="1"/><net_sink comp="391" pin=0"/></net>

<net id="396"><net_src comp="388" pin="1"/><net_sink comp="391" pin=1"/></net>

<net id="403"><net_src comp="46" pin="0"/><net_sink comp="397" pin=0"/></net>

<net id="404"><net_src comp="391" pin="2"/><net_sink comp="397" pin=1"/></net>

<net id="405"><net_src comp="48" pin="0"/><net_sink comp="397" pin=2"/></net>

<net id="406"><net_src comp="34" pin="0"/><net_sink comp="397" pin=3"/></net>

<net id="417"><net_src comp="410" pin="1"/><net_sink comp="413" pin=0"/></net>

<net id="418"><net_src comp="407" pin="1"/><net_sink comp="413" pin=1"/></net>

<net id="425"><net_src comp="50" pin="0"/><net_sink comp="419" pin=0"/></net>

<net id="426"><net_src comp="413" pin="2"/><net_sink comp="419" pin=1"/></net>

<net id="427"><net_src comp="48" pin="0"/><net_sink comp="419" pin=2"/></net>

<net id="428"><net_src comp="52" pin="0"/><net_sink comp="419" pin=3"/></net>

<net id="436"><net_src comp="232" pin="6"/><net_sink comp="432" pin=0"/></net>

<net id="437"><net_src comp="429" pin="1"/><net_sink comp="432" pin=1"/></net>

<net id="445"><net_src comp="246" pin="6"/><net_sink comp="441" pin=0"/></net>

<net id="446"><net_src comp="438" pin="1"/><net_sink comp="441" pin=1"/></net>

<net id="454"><net_src comp="260" pin="6"/><net_sink comp="450" pin=0"/></net>

<net id="455"><net_src comp="447" pin="1"/><net_sink comp="450" pin=1"/></net>

<net id="463"><net_src comp="274" pin="6"/><net_sink comp="459" pin=0"/></net>

<net id="464"><net_src comp="456" pin="1"/><net_sink comp="459" pin=1"/></net>

<net id="470"><net_src comp="84" pin="0"/><net_sink comp="465" pin=0"/></net>

<net id="471"><net_src comp="432" pin="2"/><net_sink comp="465" pin=1"/></net>

<net id="472"><net_src comp="14" pin="0"/><net_sink comp="465" pin=2"/></net>

<net id="478"><net_src comp="84" pin="0"/><net_sink comp="473" pin=0"/></net>

<net id="479"><net_src comp="441" pin="2"/><net_sink comp="473" pin=1"/></net>

<net id="480"><net_src comp="14" pin="0"/><net_sink comp="473" pin=2"/></net>

<net id="486"><net_src comp="84" pin="0"/><net_sink comp="481" pin=0"/></net>

<net id="487"><net_src comp="450" pin="2"/><net_sink comp="481" pin=1"/></net>

<net id="488"><net_src comp="14" pin="0"/><net_sink comp="481" pin=2"/></net>

<net id="494"><net_src comp="84" pin="0"/><net_sink comp="489" pin=0"/></net>

<net id="495"><net_src comp="459" pin="2"/><net_sink comp="489" pin=1"/></net>

<net id="496"><net_src comp="14" pin="0"/><net_sink comp="489" pin=2"/></net>

<net id="501"><net_src comp="86" pin="0"/><net_sink comp="497" pin=0"/></net>

<net id="502"><net_src comp="465" pin="3"/><net_sink comp="497" pin=1"/></net>

<net id="507"><net_src comp="497" pin="2"/><net_sink comp="503" pin=0"/></net>

<net id="508"><net_src comp="473" pin="3"/><net_sink comp="503" pin=1"/></net>

<net id="513"><net_src comp="503" pin="2"/><net_sink comp="509" pin=0"/></net>

<net id="514"><net_src comp="481" pin="3"/><net_sink comp="509" pin=1"/></net>

<net id="519"><net_src comp="509" pin="2"/><net_sink comp="515" pin=0"/></net>

<net id="520"><net_src comp="489" pin="3"/><net_sink comp="515" pin=1"/></net>

<net id="524"><net_src comp="515" pin="2"/><net_sink comp="521" pin=0"/></net>

<net id="528"><net_src comp="88" pin="2"/><net_sink comp="525" pin=0"/></net>

<net id="529"><net_src comp="525" pin="1"/><net_sink comp="220" pin=0"/></net>

<net id="533"><net_src comp="94" pin="2"/><net_sink comp="530" pin=0"/></net>

<net id="534"><net_src comp="530" pin="1"/><net_sink comp="208" pin=0"/></net>

<net id="538"><net_src comp="100" pin="2"/><net_sink comp="535" pin=0"/></net>

<net id="539"><net_src comp="535" pin="1"/><net_sink comp="196" pin=0"/></net>

<net id="543"><net_src comp="106" pin="3"/><net_sink comp="540" pin=0"/></net>

<net id="544"><net_src comp="540" pin="1"/><net_sink comp="113" pin=0"/></net>

<net id="548"><net_src comp="289" pin="2"/><net_sink comp="545" pin=0"/></net>

<net id="549"><net_src comp="545" pin="1"/><net_sink comp="139" pin=2"/></net>

<net id="553"><net_src comp="295" pin="2"/><net_sink comp="550" pin=0"/></net>

<net id="557"><net_src comp="301" pin="5"/><net_sink comp="554" pin=0"/></net>

<net id="558"><net_src comp="554" pin="1"/><net_sink comp="347" pin=0"/></net>

<net id="559"><net_src comp="554" pin="1"/><net_sink comp="407" pin=0"/></net>

<net id="563"><net_src comp="313" pin="1"/><net_sink comp="560" pin=0"/></net>

<net id="564"><net_src comp="560" pin="1"/><net_sink comp="350" pin=0"/></net>

<net id="568"><net_src comp="317" pin="4"/><net_sink comp="565" pin=0"/></net>

<net id="569"><net_src comp="565" pin="1"/><net_sink comp="369" pin=0"/></net>

<net id="573"><net_src comp="327" pin="4"/><net_sink comp="570" pin=0"/></net>

<net id="574"><net_src comp="570" pin="1"/><net_sink comp="388" pin=0"/></net>

<net id="578"><net_src comp="337" pin="4"/><net_sink comp="575" pin=0"/></net>

<net id="579"><net_src comp="575" pin="1"/><net_sink comp="410" pin=0"/></net>

<net id="583"><net_src comp="359" pin="4"/><net_sink comp="580" pin=0"/></net>

<net id="584"><net_src comp="580" pin="1"/><net_sink comp="429" pin=0"/></net>

<net id="588"><net_src comp="378" pin="4"/><net_sink comp="585" pin=0"/></net>

<net id="589"><net_src comp="585" pin="1"/><net_sink comp="438" pin=0"/></net>

<net id="593"><net_src comp="397" pin="4"/><net_sink comp="590" pin=0"/></net>

<net id="594"><net_src comp="590" pin="1"/><net_sink comp="447" pin=0"/></net>

<net id="598"><net_src comp="419" pin="4"/><net_sink comp="595" pin=0"/></net>

<net id="599"><net_src comp="595" pin="1"/><net_sink comp="456" pin=0"/></net>

<net id="603"><net_src comp="432" pin="2"/><net_sink comp="600" pin=0"/></net>

<net id="604"><net_src comp="600" pin="1"/><net_sink comp="232" pin=2"/></net>

<net id="608"><net_src comp="441" pin="2"/><net_sink comp="605" pin=0"/></net>

<net id="609"><net_src comp="605" pin="1"/><net_sink comp="246" pin=2"/></net>

<net id="613"><net_src comp="450" pin="2"/><net_sink comp="610" pin=0"/></net>

<net id="614"><net_src comp="610" pin="1"/><net_sink comp="260" pin=2"/></net>

<net id="618"><net_src comp="459" pin="2"/><net_sink comp="615" pin=0"/></net>

<net id="619"><net_src comp="615" pin="1"/><net_sink comp="274" pin=2"/></net>

</net_list>

</model> 
---------------- Datapath Model END ------------------

* FSMD analyzer results:
  - Output states:
 - Input state : 
	Port: dense_resource_rf_leq_nin<ap_ufixed,ap_fixed,config11>.0.0.0.0.0 : p_read | {2 }
	Port: dense_resource_rf_leq_nin<ap_ufixed,ap_fixed,config11>.0.0.0.0.0 : p_read1 | {2 }
	Port: dense_resource_rf_leq_nin<ap_ufixed,ap_fixed,config11>.0.0.0.0.0 : p_read2 | {2 }
	Port: dense_resource_rf_leq_nin<ap_ufixed,ap_fixed,config11>.0.0.0.0.0 : w11_V | {2 3 }
  - Chain level:
	State 1
	State 2
		zext_ln59 : 1
		w11_V_addr : 2
		w11_V_load : 3
		w_index : 1
		icmp_ln46 : 1
		br_ln46 : 2
	State 3
		p_read10_phi : 1
		p_read111_phi : 1
		p_read212_phi : 1
		tmp_40 : 2
		trunc_ln59 : 1
		tmp_38 : 1
		tmp_39 : 1
		tmp_41 : 1
	State 4
		mul_ln1118 : 1
		trunc_ln : 2
		mul_ln1118_14 : 1
		trunc_ln708_s : 2
		mul_ln1118_15 : 1
		trunc_ln708_13 : 2
		mul_ln1118_16 : 1
		trunc_ln708_14 : 2
	State 5
		acc_0_V : 1
		acc_1_V : 1
		acc_2_V : 1
		acc_3_V : 1
		empty : 1
		res_0_V_write_assign : 2
		res_1_V_write_assign : 2
		res_2_V_write_assign : 2
		res_3_V_write_assign : 2
		mrv : 3
		mrv_1 : 4
		mrv_2 : 5
		mrv_3 : 6
		return_ln84 : 7


============================================================
+ Verbose Summary: Datapath Resource usage 
============================================================

* Functional unit list:
|----------|-----------------------------|---------|---------|---------|
| Operation|       Functional Unit       |  DSP48E |    FF   |   LUT   |
|----------|-----------------------------|---------|---------|---------|
|          |      mul_ln1118_fu_353      |    0    |    0    |    41   |
|    mul   |     mul_ln1118_14_fu_372    |    0    |    0    |    41   |
|          |     mul_ln1118_15_fu_391    |    0    |    0    |    41   |
|          |     mul_ln1118_16_fu_413    |    0    |    0    |    41   |
|----------|-----------------------------|---------|---------|---------|
|          |        w_index_fu_289       |    0    |    0    |    10   |
|          |        acc_0_V_fu_432       |    0    |    0    |    23   |
|    add   |        acc_1_V_fu_441       |    0    |    0    |    23   |
|          |        acc_2_V_fu_450       |    0    |    0    |    23   |
|          |        acc_3_V_fu_459       |    0    |    0    |    23   |
|----------|-----------------------------|---------|---------|---------|
|    mux   |        tmp_40_fu_301        |    0    |    0    |    15   |
|----------|-----------------------------|---------|---------|---------|
|   icmp   |       icmp_ln46_fu_295      |    0    |    0    |    8    |
|----------|-----------------------------|---------|---------|---------|
|          |     p_read212_read_fu_88    |    0    |    0    |    0    |
|   read   |     p_read111_read_fu_94    |    0    |    0    |    0    |
|          |    p_read_16_read_fu_100    |    0    |    0    |    0    |
|----------|-----------------------------|---------|---------|---------|
|          |       zext_ln59_fu_284      |    0    |    0    |    0    |
|   zext   |      zext_ln1116_fu_347     |    0    |    0    |    0    |
|          |      zext_ln1118_fu_407     |    0    |    0    |    0    |
|----------|-----------------------------|---------|---------|---------|
|   trunc  |      trunc_ln59_fu_313      |    0    |    0    |    0    |
|----------|-----------------------------|---------|---------|---------|
|          |        tmp_38_fu_317        |    0    |    0    |    0    |
|          |        tmp_39_fu_327        |    0    |    0    |    0    |
|          |        tmp_41_fu_337        |    0    |    0    |    0    |
|partselect|       trunc_ln_fu_359       |    0    |    0    |    0    |
|          |     trunc_ln708_s_fu_378    |    0    |    0    |    0    |
|          |    trunc_ln708_13_fu_397    |    0    |    0    |    0    |
|          |    trunc_ln708_14_fu_419    |    0    |    0    |    0    |
|----------|-----------------------------|---------|---------|---------|
|          |      sext_ln1118_fu_350     |    0    |    0    |    0    |
|          |     sext_ln1118_1_fu_369    |    0    |    0    |    0    |
|          |     sext_ln1118_2_fu_388    |    0    |    0    |    0    |
|   sext   |     sext_ln1118_8_fu_410    |    0    |    0    |    0    |
|          |      sext_ln708_fu_429      |    0    |    0    |    0    |
|          |     sext_ln708_14_fu_438    |    0    |    0    |    0    |
|          |     sext_ln708_15_fu_447    |    0    |    0    |    0    |
|          |     sext_ln708_16_fu_456    |    0    |    0    |    0    |
|----------|-----------------------------|---------|---------|---------|
|          | res_0_V_write_assign_fu_465 |    0    |    0    |    0    |
|bitconcatenate| res_1_V_write_assign_fu_473 |    0    |    0    |    0    |
|          | res_2_V_write_assign_fu_481 |    0    |    0    |    0    |
|          | res_3_V_write_assign_fu_489 |    0    |    0    |    0    |
|----------|-----------------------------|---------|---------|---------|
|          |          mrv_fu_497         |    0    |    0    |    0    |
|insertvalue|         mrv_1_fu_503        |    0    |    0    |    0    |
|          |         mrv_2_fu_509        |    0    |    0    |    0    |
|          |         mrv_3_fu_515        |    0    |    0    |    0    |
|----------|-----------------------------|---------|---------|---------|
|  return  |      return_ln84_fu_521     |    0    |    0    |    0    |
|----------|-----------------------------|---------|---------|---------|
|   Total  |                             |    0    |    0    |   289   |
|----------|-----------------------------|---------|---------|---------|

Memories:
N/A

* Register list:
+------------------------+--------+
|                        |   FF   |
+------------------------+--------+
|     acc_0_V_reg_600    |   16   |
|     acc_1_V_reg_605    |   16   |
|     acc_2_V_reg_610    |   16   |
|     acc_3_V_reg_615    |   16   |
|     do_init_reg_119    |    1   |
|    icmp_ln46_reg_550   |    1   |
|   p_Val2_116_reg_242   |   16   |
|   p_Val2_124_reg_256   |   16   |
|   p_Val2_132_reg_270   |   16   |
|    p_Val2_8_reg_228    |   16   |
|  p_read10_phi_reg_192  |    8   |
| p_read10_rewind_reg_150|    8   |
|  p_read111_phi_reg_204 |    8   |
|    p_read111_reg_530   |    8   |
|p_read111_rewind_reg_164|    8   |
|  p_read212_phi_reg_216 |    8   |
|    p_read212_reg_525   |    8   |
|p_read212_rewind_reg_178|    8   |
|    p_read_16_reg_535   |    8   |
|     tmp_38_reg_565     |    8   |
|     tmp_39_reg_570     |    8   |
|     tmp_40_reg_554     |    8   |
|     tmp_41_reg_575     |    7   |
|   trunc_ln59_reg_560   |    8   |
| trunc_ln708_13_reg_590 |   15   |
| trunc_ln708_14_reg_595 |   14   |
|  trunc_ln708_s_reg_585 |   15   |
|    trunc_ln_reg_580    |   15   |
|   w11_V_addr_reg_540   |    2   |
|    w_index9_reg_135    |    2   |
|     w_index_reg_545    |    2   |
+------------------------+--------+
|          Total         |   306  |
+------------------------+--------+

* Multiplexer (MUX) list: 
|-------------------|------|------|------|--------||---------||---------|
|        Comp       |  Pin | Size |  BW  | S x BW ||  Delay  ||   LUT   |
|-------------------|------|------|------|--------||---------||---------|
| grp_access_fu_113 |  p0  |   2  |   2  |    4   ||    9    |
|  do_init_reg_119  |  p0  |   2  |   1  |    2   ||    9    |
|  w_index9_reg_135 |  p0  |   2  |   2  |    4   ||    9    |
|-------------------|------|------|------|--------||---------||---------|
|       Total       |      |      |      |   10   ||  5.307  ||    27   |
|-------------------|------|------|------|--------||---------||---------|



* Summary:
+-----------+--------+--------+--------+--------+
|           | DSP48E |  Delay |   FF   |   LUT  |
+-----------+--------+--------+--------+--------+
|  Function |    0   |    -   |    0   |   289  |
|   Memory  |    -   |    -   |    -   |    -   |
|Multiplexer|    -   |    5   |    -   |   27   |
|  Register |    -   |    -   |   306  |    -   |
+-----------+--------+--------+--------+--------+
|   Total   |    0   |    5   |   306  |   316  |
+-----------+--------+--------+--------+--------+
