

================================================================
== Vivado HLS Report for 'dense_resource_rf_leq_nin_ap_ufixed_ap_fixed_config5_0_0_0_0_0'
================================================================
* Date:           Mon Jun  1 10:23:32 2026

* Version:        2020.1 (Build 2897737 on Wed May 27 20:21:37 MDT 2020)
* Project:        myproject_prj
* Solution:       solution1
* Product family: zynq
* Target device:  xc7z020-clg400-1


================================================================
== Performance Estimates
================================================================
+ Timing: 
    * Summary: 
    +--------+---------+----------+------------+
    |  Clock |  Target | Estimated| Uncertainty|
    +--------+---------+----------+------------+
    |ap_clk  | 5.00 ns | 4.170 ns |   0.62 ns  |
    +--------+---------+----------+------------+

+ Latency: 
    * Summary: 
    +---------+---------+-----------+-----------+-----+-----+---------+
    |  Latency (cycles) |   Latency (absolute)  |  Interval | Pipeline|
    |   min   |   max   |    min    |    max    | min | max |   Type  |
    +---------+---------+-----------+-----------+-----+-----+---------+
    |        2|        2| 10.000 ns | 10.000 ns |    2|    2|   none  |
    +---------+---------+-----------+-----------+-----+-----+---------+

    + Detail: 
        * Instance: 
        N/A

        * Loop: 
        N/A

============================================================
+ Verbose Summary: Synthesis Manager
============================================================
InlineROM: 1
ExposeGlobal: 0
============================================================
+ Verbose Summary: CDFG Model
============================================================
IsTopModel: 0
ResetActiveHigh: 1
IsCombinational: 2
IsDatapathOnly: 0
HasWiredReturn: 1
HasMFsm: 0
HasVarLatency: 1
IsPipeline: 0
IsRtlPipelined: 0
IsInstanceOverlapped: 0
IsDontTouch: 0
HasImplIP: 0
IsGatedGlobalClock: 0


============================================================
+ Verbose Summary: Schedule
============================================================
* Number of FSM states : 3
* Pipeline : 0
* Dataflow Pipeline: 0

* FSM state transitions: 
1 --> 2 
2 --> 3 
3 --> 

* FSM state operations: 

State 1 <SV = 0> <Delay = 4.17>
ST_1 : Operation 4 [1/1] (0.00ns)   --->   "%p_read_5 = call i8 @_ssdm_op_Read.ap_auto.i8(i8 %p_read7)" [firmware/nnet_utils/nnet_dense_resource.h:13]   --->   Operation 4 'read' 'p_read_5' <Predicate = true> <Delay = 0.00>
ST_1 : Operation 5 [1/1] (0.00ns)   --->   "%p_read_6 = call i8 @_ssdm_op_Read.ap_auto.i8(i8 %p_read6)" [firmware/nnet_utils/nnet_dense_resource.h:13]   --->   Operation 5 'read' 'p_read_6' <Predicate = true> <Delay = 0.00>
ST_1 : Operation 6 [1/1] (0.00ns)   --->   "%p_read_7 = call i8 @_ssdm_op_Read.ap_auto.i8(i8 %p_read5)" [firmware/nnet_utils/nnet_dense_resource.h:13]   --->   Operation 6 'read' 'p_read_7' <Predicate = true> <Delay = 0.00>
ST_1 : Operation 7 [1/1] (0.00ns)   --->   "%p_read_8 = call i8 @_ssdm_op_Read.ap_auto.i8(i8 %p_read4)" [firmware/nnet_utils/nnet_dense_resource.h:13]   --->   Operation 7 'read' 'p_read_8' <Predicate = true> <Delay = 0.00>
ST_1 : Operation 8 [1/1] (0.00ns)   --->   "%p_read_9 = call i8 @_ssdm_op_Read.ap_auto.i8(i8 %p_read3)" [firmware/nnet_utils/nnet_dense_resource.h:13]   --->   Operation 8 'read' 'p_read_9' <Predicate = true> <Delay = 0.00>
ST_1 : Operation 9 [1/1] (0.00ns)   --->   "%p_read_10 = call i8 @_ssdm_op_Read.ap_auto.i8(i8 %p_read2)" [firmware/nnet_utils/nnet_dense_resource.h:13]   --->   Operation 9 'read' 'p_read_10' <Predicate = true> <Delay = 0.00>
ST_1 : Operation 10 [1/1] (0.00ns)   --->   "%p_read19 = call i8 @_ssdm_op_Read.ap_auto.i8(i8 %p_read1)" [firmware/nnet_utils/nnet_dense_resource.h:13]   --->   Operation 10 'read' 'p_read19' <Predicate = true> <Delay = 0.00>
ST_1 : Operation 11 [1/1] (0.00ns)   --->   "%p_read_11 = call i8 @_ssdm_op_Read.ap_auto.i8(i8 %p_read)" [firmware/nnet_utils/nnet_dense_resource.h:13]   --->   Operation 11 'read' 'p_read_11' <Predicate = true> <Delay = 0.00>
ST_1 : Operation 12 [1/1] (0.00ns)   --->   "%zext_ln1118 = zext i8 %p_read_11 to i13" [firmware/nnet_utils/nnet_mult.h:73->firmware/nnet_utils/nnet_dense_resource.h:59]   --->   Operation 12 'zext' 'zext_ln1118' <Predicate = true> <Delay = 0.00>
ST_1 : Operation 13 [1/1] (0.00ns)   --->   "%zext_ln1118_1 = zext i8 %p_read_11 to i12" [firmware/nnet_utils/nnet_mult.h:73->firmware/nnet_utils/nnet_dense_resource.h:59]   --->   Operation 13 'zext' 'zext_ln1118_1' <Predicate = true> <Delay = 0.00>
ST_1 : Operation 14 [1/1] (0.00ns)   --->   "%shl_ln = call i10 @_ssdm_op_BitConcatenate.i10.i8.i2(i8 %p_read_11, i2 0)" [firmware/nnet_utils/nnet_dense_resource.h:59]   --->   Operation 14 'bitconcatenate' 'shl_ln' <Predicate = true> <Delay = 0.00>
ST_1 : Operation 15 [1/1] (0.00ns)   --->   "%zext_ln1118_3 = zext i8 %p_read19 to i13" [firmware/nnet_utils/nnet_mult.h:73->firmware/nnet_utils/nnet_dense_resource.h:59]   --->   Operation 15 'zext' 'zext_ln1118_3' <Predicate = true> <Delay = 0.00>
ST_1 : Operation 16 [1/1] (0.00ns)   --->   "%zext_ln1118_4 = zext i8 %p_read19 to i14" [firmware/nnet_utils/nnet_mult.h:73->firmware/nnet_utils/nnet_dense_resource.h:59]   --->   Operation 16 'zext' 'zext_ln1118_4' <Predicate = true> <Delay = 0.00>
ST_1 : Operation 17 [1/1] (4.17ns)   --->   "%mul_ln708 = mul i13 %zext_ln1118_3, 19" [firmware/nnet_utils/nnet_dense_resource.h:59]   --->   Operation 17 'mul' 'mul_ln708' <Predicate = true> <Delay = 4.17> <Core = "Mul">   --->   Core 16 'Mul' <Latency = 0> <II = 1> <Delay = 4.17> <FuncUnit> <Opcode : 'mul'> <InPorts = 2> <OutPorts = 1>
ST_1 : Operation 18 [1/1] (0.00ns)   --->   "%lshr_ln = call i12 @_ssdm_op_PartSelect.i12.i13.i32.i32(i13 %mul_ln708, i32 1, i32 12)" [firmware/nnet_utils/nnet_dense_resource.h:59]   --->   Operation 18 'partselect' 'lshr_ln' <Predicate = true> <Delay = 0.00>
ST_1 : Operation 19 [1/1] (0.00ns)   --->   "%zext_ln1118_6 = zext i8 %p_read_10 to i11" [firmware/nnet_utils/nnet_mult.h:73->firmware/nnet_utils/nnet_dense_resource.h:59]   --->   Operation 19 'zext' 'zext_ln1118_6' <Predicate = true> <Delay = 0.00>
ST_1 : Operation 20 [1/1] (0.00ns)   --->   "%shl_ln708_1 = call i11 @_ssdm_op_BitConcatenate.i11.i8.i3(i8 %p_read_10, i3 0)" [firmware/nnet_utils/nnet_dense_resource.h:59]   --->   Operation 20 'bitconcatenate' 'shl_ln708_1' <Predicate = true> <Delay = 0.00>
ST_1 : Operation 21 [1/1] (0.00ns)   --->   "%zext_ln1116 = zext i11 %shl_ln708_1 to i12" [firmware/nnet_utils/nnet_mult.h:73->firmware/nnet_utils/nnet_dense_resource.h:59]   --->   Operation 21 'zext' 'zext_ln1116' <Predicate = true> <Delay = 0.00>
ST_1 : Operation 22 [1/1] (0.00ns)   --->   "%zext_ln1118_7 = zext i8 %p_read_9 to i13" [firmware/nnet_utils/nnet_mult.h:73->firmware/nnet_utils/nnet_dense_resource.h:59]   --->   Operation 22 'zext' 'zext_ln1118_7' <Predicate = true> <Delay = 0.00>
ST_1 : Operation 23 [1/1] (0.00ns)   --->   "%zext_ln1118_8 = zext i8 %p_read_9 to i12" [firmware/nnet_utils/nnet_mult.h:73->firmware/nnet_utils/nnet_dense_resource.h:59]   --->   Operation 23 'zext' 'zext_ln1118_8' <Predicate = true> <Delay = 0.00>
ST_1 : Operation 24 [1/1] (0.00ns)   --->   "%shl_ln2 = call i11 @_ssdm_op_BitConcatenate.i11.i8.i3(i8 %p_read_9, i3 0)" [firmware/nnet_utils/nnet_mult.h:73->firmware/nnet_utils/nnet_dense_resource.h:59]   --->   Operation 24 'bitconcatenate' 'shl_ln2' <Predicate = true> <Delay = 0.00>
ST_1 : Operation 25 [1/1] (0.00ns)   --->   "%zext_ln1118_9 = zext i11 %shl_ln2 to i12" [firmware/nnet_utils/nnet_mult.h:73->firmware/nnet_utils/nnet_dense_resource.h:59]   --->   Operation 25 'zext' 'zext_ln1118_9' <Predicate = true> <Delay = 0.00>
ST_1 : Operation 26 [1/1] (0.00ns)   --->   "%shl_ln1118_1 = call i9 @_ssdm_op_BitConcatenate.i9.i8.i1(i8 %p_read_9, i1 false)" [firmware/nnet_utils/nnet_mult.h:73->firmware/nnet_utils/nnet_dense_resource.h:59]   --->   Operation 26 'bitconcatenate' 'shl_ln1118_1' <Predicate = true> <Delay = 0.00>
ST_1 : Operation 27 [1/1] (0.00ns)   --->   "%zext_ln1118_10 = zext i9 %shl_ln1118_1 to i12" [firmware/nnet_utils/nnet_mult.h:73->firmware/nnet_utils/nnet_dense_resource.h:59]   --->   Operation 27 'zext' 'zext_ln1118_10' <Predicate = true> <Delay = 0.00>
ST_1 : Operation 28 [1/1] (1.63ns)   --->   "%sub_ln1118 = sub i12 %zext_ln1118_10, %zext_ln1118_9" [firmware/nnet_utils/nnet_mult.h:73->firmware/nnet_utils/nnet_dense_resource.h:59]   --->   Operation 28 'sub' 'sub_ln1118' <Predicate = true> <Delay = 1.63> <Core = "AddSub">   --->   Core 14 'AddSub' <Latency = 0> <II = 1> <Delay = 1.81> <FuncUnit> <Opcode : 'add' 'sub'> <InPorts = 2> <OutPorts = 1>
ST_1 : Operation 29 [1/1] (0.00ns)   --->   "%tmp_132 = call i11 @_ssdm_op_PartSelect.i11.i12.i32.i32(i12 %sub_ln1118, i32 1, i32 11)" [firmware/nnet_utils/nnet_mult.h:73->firmware/nnet_utils/nnet_dense_resource.h:59]   --->   Operation 29 'partselect' 'tmp_132' <Predicate = true> <Delay = 0.00>
ST_1 : Operation 30 [1/1] (0.00ns)   --->   "%shl_ln1118_2 = call i12 @_ssdm_op_BitConcatenate.i12.i8.i4(i8 %p_read_8, i4 0)" [firmware/nnet_utils/nnet_mult.h:73->firmware/nnet_utils/nnet_dense_resource.h:59]   --->   Operation 30 'bitconcatenate' 'shl_ln1118_2' <Predicate = true> <Delay = 0.00>
ST_1 : Operation 31 [1/1] (0.00ns)   --->   "%zext_ln1118_11 = zext i12 %shl_ln1118_2 to i13" [firmware/nnet_utils/nnet_mult.h:73->firmware/nnet_utils/nnet_dense_resource.h:59]   --->   Operation 31 'zext' 'zext_ln1118_11' <Predicate = true> <Delay = 0.00>
ST_1 : Operation 32 [1/1] (0.00ns)   --->   "%shl_ln1118_3 = call i9 @_ssdm_op_BitConcatenate.i9.i8.i1(i8 %p_read_8, i1 false)" [firmware/nnet_utils/nnet_mult.h:73->firmware/nnet_utils/nnet_dense_resource.h:59]   --->   Operation 32 'bitconcatenate' 'shl_ln1118_3' <Predicate = true> <Delay = 0.00>
ST_1 : Operation 33 [1/1] (0.00ns)   --->   "%zext_ln1118_12 = zext i9 %shl_ln1118_3 to i13" [firmware/nnet_utils/nnet_mult.h:73->firmware/nnet_utils/nnet_dense_resource.h:59]   --->   Operation 33 'zext' 'zext_ln1118_12' <Predicate = true> <Delay = 0.00>
ST_1 : Operation 34 [1/1] (1.54ns)   --->   "%add_ln1118 = add i13 %zext_ln1118_11, %zext_ln1118_12" [firmware/nnet_utils/nnet_mult.h:73->firmware/nnet_utils/nnet_dense_resource.h:59]   --->   Operation 34 'add' 'add_ln1118' <Predicate = true> <Delay = 1.54> <Core = "AddSub">   --->   Core 14 'AddSub' <Latency = 0> <II = 1> <Delay = 1.81> <FuncUnit> <Opcode : 'add' 'sub'> <InPorts = 2> <OutPorts = 1>
ST_1 : Operation 35 [1/1] (0.00ns)   --->   "%tmp_133 = call i12 @_ssdm_op_PartSelect.i12.i13.i32.i32(i13 %add_ln1118, i32 1, i32 12)" [firmware/nnet_utils/nnet_mult.h:73->firmware/nnet_utils/nnet_dense_resource.h:59]   --->   Operation 35 'partselect' 'tmp_133' <Predicate = true> <Delay = 0.00>
ST_1 : Operation 36 [1/1] (0.00ns)   --->   "%zext_ln1118_13 = zext i8 %p_read_7 to i10" [firmware/nnet_utils/nnet_mult.h:73->firmware/nnet_utils/nnet_dense_resource.h:59]   --->   Operation 36 'zext' 'zext_ln1118_13' <Predicate = true> <Delay = 0.00>
ST_1 : Operation 37 [1/1] (0.00ns)   --->   "%zext_ln1118_14 = zext i8 %p_read_7 to i12" [firmware/nnet_utils/nnet_mult.h:73->firmware/nnet_utils/nnet_dense_resource.h:59]   --->   Operation 37 'zext' 'zext_ln1118_14' <Predicate = true> <Delay = 0.00>
ST_1 : Operation 38 [1/1] (0.00ns)   --->   "%shl_ln1118_4 = call i12 @_ssdm_op_BitConcatenate.i12.i8.i4(i8 %p_read_7, i4 0)" [firmware/nnet_utils/nnet_mult.h:73->firmware/nnet_utils/nnet_dense_resource.h:59]   --->   Operation 38 'bitconcatenate' 'shl_ln1118_4' <Predicate = true> <Delay = 0.00>
ST_1 : Operation 39 [1/1] (0.00ns)   --->   "%zext_ln1118_15 = zext i12 %shl_ln1118_4 to i13" [firmware/nnet_utils/nnet_mult.h:73->firmware/nnet_utils/nnet_dense_resource.h:59]   --->   Operation 39 'zext' 'zext_ln1118_15' <Predicate = true> <Delay = 0.00>
ST_1 : Operation 40 [1/1] (0.00ns)   --->   "%shl_ln1118_5 = call i10 @_ssdm_op_BitConcatenate.i10.i8.i2(i8 %p_read_7, i2 0)" [firmware/nnet_utils/nnet_mult.h:73->firmware/nnet_utils/nnet_dense_resource.h:59]   --->   Operation 40 'bitconcatenate' 'shl_ln1118_5' <Predicate = true> <Delay = 0.00>
ST_1 : Operation 41 [1/1] (0.00ns)   --->   "%zext_ln1118_16 = zext i10 %shl_ln1118_5 to i13" [firmware/nnet_utils/nnet_mult.h:73->firmware/nnet_utils/nnet_dense_resource.h:59]   --->   Operation 41 'zext' 'zext_ln1118_16' <Predicate = true> <Delay = 0.00>
ST_1 : Operation 42 [1/1] (1.54ns)   --->   "%sub_ln1118_1 = sub i13 %zext_ln1118_15, %zext_ln1118_16" [firmware/nnet_utils/nnet_mult.h:73->firmware/nnet_utils/nnet_dense_resource.h:59]   --->   Operation 42 'sub' 'sub_ln1118_1' <Predicate = true> <Delay = 1.54> <Core = "AddSub">   --->   Core 14 'AddSub' <Latency = 0> <II = 1> <Delay = 1.81> <FuncUnit> <Opcode : 'add' 'sub'> <InPorts = 2> <OutPorts = 1>
ST_1 : Operation 43 [1/1] (0.00ns)   --->   "%tmp_134 = call i12 @_ssdm_op_PartSelect.i12.i13.i32.i32(i13 %sub_ln1118_1, i32 1, i32 12)" [firmware/nnet_utils/nnet_mult.h:73->firmware/nnet_utils/nnet_dense_resource.h:59]   --->   Operation 43 'partselect' 'tmp_134' <Predicate = true> <Delay = 0.00>
ST_1 : Operation 44 [1/1] (0.00ns)   --->   "%sext_ln1118_4 = sext i12 %tmp_134 to i13" [firmware/nnet_utils/nnet_mult.h:73->firmware/nnet_utils/nnet_dense_resource.h:59]   --->   Operation 44 'sext' 'sext_ln1118_4' <Predicate = true> <Delay = 0.00>
ST_1 : Operation 45 [1/1] (0.00ns)   --->   "%zext_ln1118_17 = zext i8 %p_read_6 to i11" [firmware/nnet_utils/nnet_mult.h:73->firmware/nnet_utils/nnet_dense_resource.h:59]   --->   Operation 45 'zext' 'zext_ln1118_17' <Predicate = true> <Delay = 0.00>
ST_1 : Operation 46 [1/1] (0.00ns)   --->   "%shl_ln1118_6 = call i10 @_ssdm_op_BitConcatenate.i10.i8.i2(i8 %p_read_6, i2 0)" [firmware/nnet_utils/nnet_mult.h:73->firmware/nnet_utils/nnet_dense_resource.h:59]   --->   Operation 46 'bitconcatenate' 'shl_ln1118_6' <Predicate = true> <Delay = 0.00>
ST_1 : Operation 47 [1/1] (0.00ns)   --->   "%zext_ln1118_18 = zext i10 %shl_ln1118_6 to i11" [firmware/nnet_utils/nnet_mult.h:73->firmware/nnet_utils/nnet_dense_resource.h:59]   --->   Operation 47 'zext' 'zext_ln1118_18' <Predicate = true> <Delay = 0.00>
ST_1 : Operation 48 [1/1] (1.73ns)   --->   "%sub_ln1118_2 = sub i11 %zext_ln1118_18, %zext_ln1118_17" [firmware/nnet_utils/nnet_mult.h:73->firmware/nnet_utils/nnet_dense_resource.h:59]   --->   Operation 48 'sub' 'sub_ln1118_2' <Predicate = true> <Delay = 1.73> <Core = "AddSub">   --->   Core 14 'AddSub' <Latency = 0> <II = 1> <Delay = 1.81> <FuncUnit> <Opcode : 'add' 'sub'> <InPorts = 2> <OutPorts = 1>
ST_1 : Operation 49 [1/1] (0.00ns)   --->   "%tmp_135 = call i10 @_ssdm_op_PartSelect.i10.i11.i32.i32(i11 %sub_ln1118_2, i32 1, i32 10)" [firmware/nnet_utils/nnet_mult.h:73->firmware/nnet_utils/nnet_dense_resource.h:59]   --->   Operation 49 'partselect' 'tmp_135' <Predicate = true> <Delay = 0.00>
ST_1 : Operation 50 [1/1] (0.00ns)   --->   "%sext_ln1118_5 = sext i10 %tmp_135 to i13" [firmware/nnet_utils/nnet_mult.h:73->firmware/nnet_utils/nnet_dense_resource.h:59]   --->   Operation 50 'sext' 'sext_ln1118_5' <Predicate = true> <Delay = 0.00>
ST_1 : Operation 51 [1/1] (0.00ns)   --->   "%zext_ln1118_19 = zext i8 %p_read_5 to i14" [firmware/nnet_utils/nnet_mult.h:73->firmware/nnet_utils/nnet_dense_resource.h:59]   --->   Operation 51 'zext' 'zext_ln1118_19' <Predicate = true> <Delay = 0.00>
ST_1 : Operation 52 [1/1] (0.00ns)   --->   "%zext_ln1118_20 = zext i8 %p_read_5 to i11" [firmware/nnet_utils/nnet_mult.h:73->firmware/nnet_utils/nnet_dense_resource.h:59]   --->   Operation 52 'zext' 'zext_ln1118_20' <Predicate = true> <Delay = 0.00>
ST_1 : Operation 53 [1/1] (4.17ns)   --->   "%mul_ln1118 = mul i14 %zext_ln1118_19, -23" [firmware/nnet_utils/nnet_mult.h:73->firmware/nnet_utils/nnet_dense_resource.h:59]   --->   Operation 53 'mul' 'mul_ln1118' <Predicate = true> <Delay = 4.17> <Core = "Mul">   --->   Core 16 'Mul' <Latency = 0> <II = 1> <Delay = 4.17> <FuncUnit> <Opcode : 'mul'> <InPorts = 2> <OutPorts = 1>
ST_1 : Operation 54 [1/1] (0.00ns)   --->   "%tmp_136 = call i13 @_ssdm_op_PartSelect.i13.i14.i32.i32(i14 %mul_ln1118, i32 1, i32 13)" [firmware/nnet_utils/nnet_dense_resource.h:59]   --->   Operation 54 'partselect' 'tmp_136' <Predicate = true> <Delay = 0.00>
ST_1 : Operation 55 [1/1] (1.54ns)   --->   "%add_ln703_1 = add i13 %sext_ln1118_5, %sext_ln1118_4" [firmware/nnet_utils/nnet_dense_resource.h:59]   --->   Operation 55 'add' 'add_ln703_1' <Predicate = true> <Delay = 1.54> <Core = "AddSub">   --->   Core 14 'AddSub' <Latency = 0> <II = 1> <Delay = 1.81> <FuncUnit> <Opcode : 'add' 'sub'> <InPorts = 2> <OutPorts = 1>
ST_1 : Operation 56 [1/1] (1.63ns)   --->   "%add_ln703_4 = add i12 %zext_ln1116, 480" [firmware/nnet_utils/nnet_dense_resource.h:59]   --->   Operation 56 'add' 'add_ln703_4' <Predicate = true> <Delay = 1.63> <Core = "AddSub">   --->   Core 14 'AddSub' <Latency = 0> <II = 1> <Delay = 1.81> <FuncUnit> <Opcode : 'add' 'sub'> <InPorts = 2> <OutPorts = 1>
ST_1 : Operation 57 [1/1] (4.17ns)   --->   "%mul_ln1118_1 = mul i13 %zext_ln1118, -11" [firmware/nnet_utils/nnet_mult.h:73->firmware/nnet_utils/nnet_dense_resource.h:59]   --->   Operation 57 'mul' 'mul_ln1118_1' <Predicate = true> <Delay = 4.17> <Core = "Mul">   --->   Core 16 'Mul' <Latency = 0> <II = 1> <Delay = 4.17> <FuncUnit> <Opcode : 'mul'> <InPorts = 2> <OutPorts = 1>
ST_1 : Operation 58 [1/1] (0.00ns)   --->   "%tmp_137 = call i12 @_ssdm_op_PartSelect.i12.i13.i32.i32(i13 %mul_ln1118_1, i32 1, i32 12)" [firmware/nnet_utils/nnet_mult.h:73->firmware/nnet_utils/nnet_dense_resource.h:59]   --->   Operation 58 'partselect' 'tmp_137' <Predicate = true> <Delay = 0.00>
ST_1 : Operation 59 [1/1] (4.17ns)   --->   "%mul_ln1118_2 = mul i14 %zext_ln1118_4, -26" [firmware/nnet_utils/nnet_mult.h:73->firmware/nnet_utils/nnet_dense_resource.h:59]   --->   Operation 59 'mul' 'mul_ln1118_2' <Predicate = true> <Delay = 4.17> <Core = "Mul">   --->   Core 16 'Mul' <Latency = 0> <II = 1> <Delay = 4.17> <FuncUnit> <Opcode : 'mul'> <InPorts = 2> <OutPorts = 1>
ST_1 : Operation 60 [1/1] (0.00ns)   --->   "%tmp_138 = call i13 @_ssdm_op_PartSelect.i13.i14.i32.i32(i14 %mul_ln1118_2, i32 1, i32 13)" [firmware/nnet_utils/nnet_mult.h:73->firmware/nnet_utils/nnet_dense_resource.h:59]   --->   Operation 60 'partselect' 'tmp_138' <Predicate = true> <Delay = 0.00>
ST_1 : Operation 61 [1/1] (0.00ns)   --->   "%tmp = call i10 @_ssdm_op_BitConcatenate.i10.i8.i2(i8 %p_read_10, i2 0)" [firmware/nnet_utils/nnet_mult.h:73->firmware/nnet_utils/nnet_dense_resource.h:59]   --->   Operation 61 'bitconcatenate' 'tmp' <Predicate = true> <Delay = 0.00>
ST_1 : Operation 62 [1/1] (0.00ns)   --->   "%zext_ln1118_21 = zext i10 %tmp to i11" [firmware/nnet_utils/nnet_mult.h:73->firmware/nnet_utils/nnet_dense_resource.h:59]   --->   Operation 62 'zext' 'zext_ln1118_21' <Predicate = true> <Delay = 0.00>
ST_1 : Operation 63 [1/1] (1.73ns)   --->   "%sub_ln1118_9 = sub i11 %zext_ln1118_6, %zext_ln1118_21" [firmware/nnet_utils/nnet_mult.h:73->firmware/nnet_utils/nnet_dense_resource.h:59]   --->   Operation 63 'sub' 'sub_ln1118_9' <Predicate = true> <Delay = 1.73> <Core = "AddSub">   --->   Core 14 'AddSub' <Latency = 0> <II = 1> <Delay = 1.81> <FuncUnit> <Opcode : 'add' 'sub'> <InPorts = 2> <OutPorts = 1>
ST_1 : Operation 64 [1/1] (0.00ns)   --->   "%tmp_139 = call i10 @_ssdm_op_PartSelect.i10.i11.i32.i32(i11 %sub_ln1118_9, i32 1, i32 10)" [firmware/nnet_utils/nnet_mult.h:73->firmware/nnet_utils/nnet_dense_resource.h:59]   --->   Operation 64 'partselect' 'tmp_139' <Predicate = true> <Delay = 0.00>
ST_1 : Operation 65 [1/1] (0.00ns)   --->   "%sext_ln1118_8 = sext i10 %tmp_139 to i13" [firmware/nnet_utils/nnet_mult.h:73->firmware/nnet_utils/nnet_dense_resource.h:59]   --->   Operation 65 'sext' 'sext_ln1118_8' <Predicate = true> <Delay = 0.00>
ST_1 : Operation 66 [1/1] (1.63ns)   --->   "%add_ln1118_1 = add i12 %zext_ln1118_8, %zext_ln1118_9" [firmware/nnet_utils/nnet_mult.h:73->firmware/nnet_utils/nnet_dense_resource.h:59]   --->   Operation 66 'add' 'add_ln1118_1' <Predicate = true> <Delay = 1.63> <Core = "AddSub">   --->   Core 14 'AddSub' <Latency = 0> <II = 1> <Delay = 1.81> <FuncUnit> <Opcode : 'add' 'sub'> <InPorts = 2> <OutPorts = 1>
ST_1 : Operation 67 [1/1] (0.00ns)   --->   "%tmp_140 = call i11 @_ssdm_op_PartSelect.i11.i12.i32.i32(i12 %add_ln1118_1, i32 1, i32 11)" [firmware/nnet_utils/nnet_dense_resource.h:59]   --->   Operation 67 'partselect' 'tmp_140' <Predicate = true> <Delay = 0.00>
ST_1 : Operation 68 [1/1] (0.00ns)   --->   "%zext_ln708_5 = zext i11 %tmp_140 to i13" [firmware/nnet_utils/nnet_dense_resource.h:59]   --->   Operation 68 'zext' 'zext_ln708_5' <Predicate = true> <Delay = 0.00>
ST_1 : Operation 69 [1/1] (0.00ns)   --->   "%zext_ln708_6 = zext i8 %p_read_8 to i13" [firmware/nnet_utils/nnet_dense_resource.h:59]   --->   Operation 69 'zext' 'zext_ln708_6' <Predicate = true> <Delay = 0.00>
ST_1 : Operation 70 [1/1] (4.17ns)   --->   "%mul_ln708_1 = mul i13 %zext_ln708_6, 27" [firmware/nnet_utils/nnet_dense_resource.h:59]   --->   Operation 70 'mul' 'mul_ln708_1' <Predicate = true> <Delay = 4.17> <Core = "Mul">   --->   Core 16 'Mul' <Latency = 0> <II = 1> <Delay = 4.17> <FuncUnit> <Opcode : 'mul'> <InPorts = 2> <OutPorts = 1>
ST_1 : Operation 71 [1/1] (0.00ns)   --->   "%trunc_ln = call i12 @_ssdm_op_PartSelect.i12.i13.i32.i32(i13 %mul_ln708_1, i32 1, i32 12)" [firmware/nnet_utils/nnet_mult.h:73->firmware/nnet_utils/nnet_dense_resource.h:59]   --->   Operation 71 'partselect' 'trunc_ln' <Predicate = true> <Delay = 0.00>
ST_1 : Operation 72 [1/1] (1.73ns)   --->   "%add_ln1118_2 = add i11 %zext_ln1118_17, %zext_ln1118_18" [firmware/nnet_utils/nnet_mult.h:73->firmware/nnet_utils/nnet_dense_resource.h:59]   --->   Operation 72 'add' 'add_ln1118_2' <Predicate = true> <Delay = 1.73> <Core = "AddSub">   --->   Core 14 'AddSub' <Latency = 0> <II = 1> <Delay = 1.81> <FuncUnit> <Opcode : 'add' 'sub'> <InPorts = 2> <OutPorts = 1>
ST_1 : Operation 73 [1/1] (0.00ns)   --->   "%tmp_141 = call i10 @_ssdm_op_PartSelect.i10.i11.i32.i32(i11 %add_ln1118_2, i32 1, i32 10)" [firmware/nnet_utils/nnet_mult.h:73->firmware/nnet_utils/nnet_dense_resource.h:59]   --->   Operation 73 'partselect' 'tmp_141' <Predicate = true> <Delay = 0.00>
ST_1 : Operation 74 [1/1] (0.00ns)   --->   "%zext_ln1118_36 = zext i10 %tmp_141 to i12" [firmware/nnet_utils/nnet_mult.h:73->firmware/nnet_utils/nnet_dense_resource.h:59]   --->   Operation 74 'zext' 'zext_ln1118_36' <Predicate = true> <Delay = 0.00>
ST_1 : Operation 75 [1/1] (0.00ns)   --->   "%shl_ln1118_7 = call i10 @_ssdm_op_BitConcatenate.i10.i8.i2(i8 %p_read_5, i2 0)" [firmware/nnet_utils/nnet_mult.h:73->firmware/nnet_utils/nnet_dense_resource.h:59]   --->   Operation 75 'bitconcatenate' 'shl_ln1118_7' <Predicate = true> <Delay = 0.00>
ST_1 : Operation 76 [1/1] (0.00ns)   --->   "%zext_ln1118_22 = zext i10 %shl_ln1118_7 to i11" [firmware/nnet_utils/nnet_mult.h:73->firmware/nnet_utils/nnet_dense_resource.h:59]   --->   Operation 76 'zext' 'zext_ln1118_22' <Predicate = true> <Delay = 0.00>
ST_1 : Operation 77 [1/1] (1.73ns)   --->   "%sub_ln1118_3 = sub i11 %zext_ln1118_22, %zext_ln1118_20" [firmware/nnet_utils/nnet_mult.h:73->firmware/nnet_utils/nnet_dense_resource.h:59]   --->   Operation 77 'sub' 'sub_ln1118_3' <Predicate = true> <Delay = 1.73> <Core = "AddSub">   --->   Core 14 'AddSub' <Latency = 0> <II = 1> <Delay = 1.81> <FuncUnit> <Opcode : 'add' 'sub'> <InPorts = 2> <OutPorts = 1>
ST_1 : Operation 78 [1/1] (0.00ns)   --->   "%tmp_142 = call i10 @_ssdm_op_PartSelect.i10.i11.i32.i32(i11 %sub_ln1118_3, i32 1, i32 10)" [firmware/nnet_utils/nnet_dense_resource.h:59]   --->   Operation 78 'partselect' 'tmp_142' <Predicate = true> <Delay = 0.00>
ST_1 : Operation 79 [1/1] (0.00ns)   --->   "%sext_ln703_14 = sext i10 %tmp_142 to i12" [firmware/nnet_utils/nnet_dense_resource.h:59]   --->   Operation 79 'sext' 'sext_ln703_14' <Predicate = true> <Delay = 0.00>
ST_1 : Operation 80 [1/1] (1.63ns)   --->   "%add_ln703_9 = add i13 %zext_ln708_5, %sext_ln1118_8" [firmware/nnet_utils/nnet_dense_resource.h:59]   --->   Operation 80 'add' 'add_ln703_9' <Predicate = true> <Delay = 1.63> <Core = "AddSub">   --->   Core 14 'AddSub' <Latency = 0> <II = 1> <Delay = 1.81> <FuncUnit> <Opcode : 'add' 'sub'> <InPorts = 2> <OutPorts = 1>
ST_1 : Operation 81 [1/1] (1.73ns)   --->   "%add_ln703_11 = add i12 %sext_ln703_14, %zext_ln1118_36" [firmware/nnet_utils/nnet_dense_resource.h:59]   --->   Operation 81 'add' 'add_ln703_11' <Predicate = true> <Delay = 1.73> <Core = "AddSub">   --->   Core 14 'AddSub' <Latency = 0> <II = 1> <Delay = 1.81> <FuncUnit> <Opcode : 'add' 'sub'> <InPorts = 2> <OutPorts = 1>
ST_1 : Operation 82 [1/1] (1.73ns)   --->   "%add_ln703_12 = add i10 %zext_ln1118_13, 320" [firmware/nnet_utils/nnet_dense_resource.h:59]   --->   Operation 82 'add' 'add_ln703_12' <Predicate = true> <Delay = 1.73> <Core = "AddSub">   --->   Core 14 'AddSub' <Latency = 0> <II = 1> <Delay = 1.81> <FuncUnit> <Opcode : 'add' 'sub'> <InPorts = 2> <OutPorts = 1>
ST_1 : Operation 83 [1/1] (0.00ns)   --->   "%zext_ln1118_23 = zext i10 %shl_ln to i11" [firmware/nnet_utils/nnet_mult.h:73->firmware/nnet_utils/nnet_dense_resource.h:59]   --->   Operation 83 'zext' 'zext_ln1118_23' <Predicate = true> <Delay = 0.00>
ST_1 : Operation 84 [1/1] (1.73ns)   --->   "%sub_ln1118_4 = sub i11 0, %zext_ln1118_23" [firmware/nnet_utils/nnet_mult.h:73->firmware/nnet_utils/nnet_dense_resource.h:59]   --->   Operation 84 'sub' 'sub_ln1118_4' <Predicate = true> <Delay = 1.73> <Core = "AddSub">   --->   Core 14 'AddSub' <Latency = 0> <II = 1> <Delay = 1.81> <FuncUnit> <Opcode : 'add' 'sub'> <InPorts = 2> <OutPorts = 1>
ST_1 : Operation 85 [1/1] (0.00ns)   --->   "%sext_ln1118 = sext i11 %sub_ln1118_4 to i12" [firmware/nnet_utils/nnet_mult.h:73->firmware/nnet_utils/nnet_dense_resource.h:59]   --->   Operation 85 'sext' 'sext_ln1118' <Predicate = true> <Delay = 0.00>
ST_1 : Operation 86 [1/1] (1.63ns)   --->   "%sub_ln1118_5 = sub i12 %sext_ln1118, %zext_ln1118_1" [firmware/nnet_utils/nnet_mult.h:73->firmware/nnet_utils/nnet_dense_resource.h:59]   --->   Operation 86 'sub' 'sub_ln1118_5' <Predicate = true> <Delay = 1.63> <Core = "AddSub">   --->   Core 14 'AddSub' <Latency = 0> <II = 1> <Delay = 1.81> <FuncUnit> <Opcode : 'add' 'sub'> <InPorts = 2> <OutPorts = 1>
ST_1 : Operation 87 [1/1] (0.00ns)   --->   "%tmp_143 = call i11 @_ssdm_op_PartSelect.i11.i12.i32.i32(i12 %sub_ln1118_5, i32 1, i32 11)" [firmware/nnet_utils/nnet_mult.h:73->firmware/nnet_utils/nnet_dense_resource.h:59]   --->   Operation 87 'partselect' 'tmp_143' <Predicate = true> <Delay = 0.00>
ST_1 : Operation 88 [1/1] (0.00ns)   --->   "%shl_ln1118_s = call i9 @_ssdm_op_BitConcatenate.i9.i8.i1(i8 %p_read_10, i1 false)" [firmware/nnet_utils/nnet_mult.h:73->firmware/nnet_utils/nnet_dense_resource.h:59]   --->   Operation 88 'bitconcatenate' 'shl_ln1118_s' <Predicate = true> <Delay = 0.00>
ST_1 : Operation 89 [1/1] (0.00ns)   --->   "%zext_ln1118_24 = zext i9 %shl_ln1118_s to i12" [firmware/nnet_utils/nnet_mult.h:73->firmware/nnet_utils/nnet_dense_resource.h:59]   --->   Operation 89 'zext' 'zext_ln1118_24' <Predicate = true> <Delay = 0.00>
ST_1 : Operation 90 [1/1] (1.63ns)   --->   "%sub_ln1118_6 = sub i12 %zext_ln1118_24, %zext_ln1116" [firmware/nnet_utils/nnet_mult.h:73->firmware/nnet_utils/nnet_dense_resource.h:59]   --->   Operation 90 'sub' 'sub_ln1118_6' <Predicate = true> <Delay = 1.63> <Core = "AddSub">   --->   Core 14 'AddSub' <Latency = 0> <II = 1> <Delay = 1.81> <FuncUnit> <Opcode : 'add' 'sub'> <InPorts = 2> <OutPorts = 1>
ST_1 : Operation 91 [1/1] (0.00ns)   --->   "%tmp_144 = call i11 @_ssdm_op_PartSelect.i11.i12.i32.i32(i12 %sub_ln1118_6, i32 1, i32 11)" [firmware/nnet_utils/nnet_mult.h:73->firmware/nnet_utils/nnet_dense_resource.h:59]   --->   Operation 91 'partselect' 'tmp_144' <Predicate = true> <Delay = 0.00>
ST_1 : Operation 92 [1/1] (0.00ns)   --->   "%tmp_1 = call i12 @_ssdm_op_BitConcatenate.i12.i8.i4(i8 %p_read_9, i4 0)" [firmware/nnet_utils/nnet_mult.h:73->firmware/nnet_utils/nnet_dense_resource.h:59]   --->   Operation 92 'bitconcatenate' 'tmp_1' <Predicate = true> <Delay = 0.00>
ST_1 : Operation 93 [1/1] (0.00ns)   --->   "%zext_ln1118_25 = zext i12 %tmp_1 to i13" [firmware/nnet_utils/nnet_mult.h:73->firmware/nnet_utils/nnet_dense_resource.h:59]   --->   Operation 93 'zext' 'zext_ln1118_25' <Predicate = true> <Delay = 0.00>
ST_1 : Operation 94 [1/1] (1.54ns)   --->   "%sub_ln1118_10 = sub i13 %zext_ln1118_7, %zext_ln1118_25" [firmware/nnet_utils/nnet_mult.h:73->firmware/nnet_utils/nnet_dense_resource.h:59]   --->   Operation 94 'sub' 'sub_ln1118_10' <Predicate = true> <Delay = 1.54> <Core = "AddSub">   --->   Core 14 'AddSub' <Latency = 0> <II = 1> <Delay = 1.81> <FuncUnit> <Opcode : 'add' 'sub'> <InPorts = 2> <OutPorts = 1>
ST_1 : Operation 95 [1/1] (0.00ns)   --->   "%tmp_145 = call i12 @_ssdm_op_PartSelect.i12.i13.i32.i32(i13 %sub_ln1118_10, i32 1, i32 12)" [firmware/nnet_utils/nnet_mult.h:73->firmware/nnet_utils/nnet_dense_resource.h:59]   --->   Operation 95 'partselect' 'tmp_145' <Predicate = true> <Delay = 0.00>
ST_1 : Operation 96 [1/1] (0.00ns)   --->   "%sext_ln1118_11 = sext i12 %tmp_145 to i13" [firmware/nnet_utils/nnet_mult.h:73->firmware/nnet_utils/nnet_dense_resource.h:59]   --->   Operation 96 'sext' 'sext_ln1118_11' <Predicate = true> <Delay = 0.00>
ST_1 : Operation 97 [1/1] (0.00ns)   --->   "%zext_ln1118_26 = zext i9 %shl_ln1118_3 to i11" [firmware/nnet_utils/nnet_mult.h:73->firmware/nnet_utils/nnet_dense_resource.h:59]   --->   Operation 97 'zext' 'zext_ln1118_26' <Predicate = true> <Delay = 0.00>
ST_1 : Operation 98 [1/1] (0.00ns)   --->   "%shl_ln1118_8 = call i11 @_ssdm_op_BitConcatenate.i11.i8.i3(i8 %p_read_7, i3 0)" [firmware/nnet_utils/nnet_mult.h:73->firmware/nnet_utils/nnet_dense_resource.h:59]   --->   Operation 98 'bitconcatenate' 'shl_ln1118_8' <Predicate = true> <Delay = 0.00>
ST_1 : Operation 99 [1/1] (0.00ns)   --->   "%zext_ln1118_27 = zext i11 %shl_ln1118_8 to i12" [firmware/nnet_utils/nnet_mult.h:73->firmware/nnet_utils/nnet_dense_resource.h:59]   --->   Operation 99 'zext' 'zext_ln1118_27' <Predicate = true> <Delay = 0.00>
ST_1 : Operation 100 [1/1] (1.63ns)   --->   "%sub_ln1118_7 = sub i12 0, %zext_ln1118_27" [firmware/nnet_utils/nnet_mult.h:73->firmware/nnet_utils/nnet_dense_resource.h:59]   --->   Operation 100 'sub' 'sub_ln1118_7' <Predicate = true> <Delay = 1.63> <Core = "AddSub">   --->   Core 14 'AddSub' <Latency = 0> <II = 1> <Delay = 1.81> <FuncUnit> <Opcode : 'add' 'sub'> <InPorts = 2> <OutPorts = 1>
ST_1 : Operation 101 [1/1] (0.00ns)   --->   "%tmp_146 = call i11 @_ssdm_op_PartSelect.i11.i12.i32.i32(i12 %sub_ln1118_7, i32 1, i32 11)" [firmware/nnet_utils/nnet_mult.h:73->firmware/nnet_utils/nnet_dense_resource.h:59]   --->   Operation 101 'partselect' 'tmp_146' <Predicate = true> <Delay = 0.00>
ST_1 : Operation 102 [1/1] (0.00ns)   --->   "%sext_ln1118_12 = sext i11 %tmp_146 to i13" [firmware/nnet_utils/nnet_mult.h:73->firmware/nnet_utils/nnet_dense_resource.h:59]   --->   Operation 102 'sext' 'sext_ln1118_12' <Predicate = true> <Delay = 0.00>
ST_1 : Operation 103 [1/1] (0.00ns)   --->   "%shl_ln1118_9 = call i11 @_ssdm_op_BitConcatenate.i11.i8.i3(i8 %p_read_6, i3 0)" [firmware/nnet_utils/nnet_mult.h:73->firmware/nnet_utils/nnet_dense_resource.h:59]   --->   Operation 103 'bitconcatenate' 'shl_ln1118_9' <Predicate = true> <Delay = 0.00>
ST_1 : Operation 104 [1/1] (0.00ns)   --->   "%zext_ln1118_28 = zext i11 %shl_ln1118_9 to i12" [firmware/nnet_utils/nnet_mult.h:73->firmware/nnet_utils/nnet_dense_resource.h:59]   --->   Operation 104 'zext' 'zext_ln1118_28' <Predicate = true> <Delay = 0.00>
ST_1 : Operation 105 [1/1] (0.00ns)   --->   "%shl_ln1118_10 = call i9 @_ssdm_op_BitConcatenate.i9.i8.i1(i8 %p_read_6, i1 false)" [firmware/nnet_utils/nnet_mult.h:73->firmware/nnet_utils/nnet_dense_resource.h:59]   --->   Operation 105 'bitconcatenate' 'shl_ln1118_10' <Predicate = true> <Delay = 0.00>
ST_1 : Operation 106 [1/1] (0.00ns)   --->   "%zext_ln1118_29 = zext i9 %shl_ln1118_10 to i12" [firmware/nnet_utils/nnet_mult.h:73->firmware/nnet_utils/nnet_dense_resource.h:59]   --->   Operation 106 'zext' 'zext_ln1118_29' <Predicate = true> <Delay = 0.00>
ST_1 : Operation 107 [1/1] (1.63ns)   --->   "%add_ln1118_3 = add i12 %zext_ln1118_28, %zext_ln1118_29" [firmware/nnet_utils/nnet_mult.h:73->firmware/nnet_utils/nnet_dense_resource.h:59]   --->   Operation 107 'add' 'add_ln1118_3' <Predicate = true> <Delay = 1.63> <Core = "AddSub">   --->   Core 14 'AddSub' <Latency = 0> <II = 1> <Delay = 1.81> <FuncUnit> <Opcode : 'add' 'sub'> <InPorts = 2> <OutPorts = 1>
ST_1 : Operation 108 [1/1] (0.00ns)   --->   "%trunc_ln1118_1 = call i11 @_ssdm_op_PartSelect.i11.i12.i32.i32(i12 %add_ln1118_3, i32 1, i32 11)" [firmware/nnet_utils/nnet_mult.h:73->firmware/nnet_utils/nnet_dense_resource.h:59]   --->   Operation 108 'partselect' 'trunc_ln1118_1' <Predicate = true> <Delay = 0.00>
ST_1 : Operation 109 [1/1] (1.54ns)   --->   "%add_ln703_17 = add i13 %sext_ln1118_12, %sext_ln1118_11" [firmware/nnet_utils/nnet_dense_resource.h:59]   --->   Operation 109 'add' 'add_ln703_17' <Predicate = true> <Delay = 1.54> <Core = "AddSub">   --->   Core 14 'AddSub' <Latency = 0> <II = 1> <Delay = 1.81> <FuncUnit> <Opcode : 'add' 'sub'> <InPorts = 2> <OutPorts = 1>
ST_1 : Operation 110 [1/1] (1.63ns)   --->   "%add_ln703_19 = add i11 %zext_ln1118_26, %trunc_ln1118_1" [firmware/nnet_utils/nnet_dense_resource.h:59]   --->   Operation 110 'add' 'add_ln703_19' <Predicate = true> <Delay = 1.63> <Core = "AddSub">   --->   Core 14 'AddSub' <Latency = 0> <II = 1> <Delay = 1.81> <FuncUnit> <Opcode : 'add' 'sub'> <InPorts = 2> <OutPorts = 1>
ST_1 : Operation 111 [1/1] (0.00ns)   --->   "%tmp_2 = call i11 @_ssdm_op_BitConcatenate.i11.i8.i3(i8 %p_read_11, i3 0)" [firmware/nnet_utils/nnet_mult.h:73->firmware/nnet_utils/nnet_dense_resource.h:59]   --->   Operation 111 'bitconcatenate' 'tmp_2' <Predicate = true> <Delay = 0.00>
ST_1 : Operation 112 [1/1] (0.00ns)   --->   "%zext_ln1118_30 = zext i11 %tmp_2 to i12" [firmware/nnet_utils/nnet_mult.h:73->firmware/nnet_utils/nnet_dense_resource.h:59]   --->   Operation 112 'zext' 'zext_ln1118_30' <Predicate = true> <Delay = 0.00>
ST_1 : Operation 113 [1/1] (1.63ns)   --->   "%sub_ln1118_11 = sub i12 %zext_ln1118_1, %zext_ln1118_30" [firmware/nnet_utils/nnet_mult.h:73->firmware/nnet_utils/nnet_dense_resource.h:59]   --->   Operation 113 'sub' 'sub_ln1118_11' <Predicate = true> <Delay = 1.63> <Core = "AddSub">   --->   Core 14 'AddSub' <Latency = 0> <II = 1> <Delay = 1.81> <FuncUnit> <Opcode : 'add' 'sub'> <InPorts = 2> <OutPorts = 1>
ST_1 : Operation 114 [1/1] (0.00ns)   --->   "%tmp_147 = call i11 @_ssdm_op_PartSelect.i11.i12.i32.i32(i12 %sub_ln1118_11, i32 1, i32 11)" [firmware/nnet_utils/nnet_mult.h:73->firmware/nnet_utils/nnet_dense_resource.h:59]   --->   Operation 114 'partselect' 'tmp_147' <Predicate = true> <Delay = 0.00>
ST_1 : Operation 115 [1/1] (0.00ns)   --->   "%sext_ln1118_13 = sext i11 %tmp_147 to i13" [firmware/nnet_utils/nnet_mult.h:73->firmware/nnet_utils/nnet_dense_resource.h:59]   --->   Operation 115 'sext' 'sext_ln1118_13' <Predicate = true> <Delay = 0.00>
ST_1 : Operation 116 [1/1] (0.00ns)   --->   "%tmp_3 = call i12 @_ssdm_op_BitConcatenate.i12.i8.i4(i8 %p_read19, i4 0)" [firmware/nnet_utils/nnet_mult.h:73->firmware/nnet_utils/nnet_dense_resource.h:59]   --->   Operation 116 'bitconcatenate' 'tmp_3' <Predicate = true> <Delay = 0.00>
ST_1 : Operation 117 [1/1] (0.00ns)   --->   "%zext_ln1118_31 = zext i12 %tmp_3 to i13" [firmware/nnet_utils/nnet_mult.h:73->firmware/nnet_utils/nnet_dense_resource.h:59]   --->   Operation 117 'zext' 'zext_ln1118_31' <Predicate = true> <Delay = 0.00>
ST_1 : Operation 118 [1/1] (1.54ns)   --->   "%sub_ln1118_12 = sub i13 %zext_ln1118_3, %zext_ln1118_31" [firmware/nnet_utils/nnet_mult.h:73->firmware/nnet_utils/nnet_dense_resource.h:59]   --->   Operation 118 'sub' 'sub_ln1118_12' <Predicate = true> <Delay = 1.54> <Core = "AddSub">   --->   Core 14 'AddSub' <Latency = 0> <II = 1> <Delay = 1.81> <FuncUnit> <Opcode : 'add' 'sub'> <InPorts = 2> <OutPorts = 1>
ST_1 : Operation 119 [1/1] (0.00ns)   --->   "%tmp_148 = call i12 @_ssdm_op_PartSelect.i12.i13.i32.i32(i13 %sub_ln1118_12, i32 1, i32 12)" [firmware/nnet_utils/nnet_mult.h:73->firmware/nnet_utils/nnet_dense_resource.h:59]   --->   Operation 119 'partselect' 'tmp_148' <Predicate = true> <Delay = 0.00>
ST_1 : Operation 120 [1/1] (0.00ns)   --->   "%sext_ln1118_14 = sext i12 %tmp_148 to i13" [firmware/nnet_utils/nnet_mult.h:73->firmware/nnet_utils/nnet_dense_resource.h:59]   --->   Operation 120 'sext' 'sext_ln1118_14' <Predicate = true> <Delay = 0.00>
ST_1 : Operation 121 [1/1] (0.00ns)   --->   "%zext_ln1118_32 = zext i9 %shl_ln1118_s to i10" [firmware/nnet_utils/nnet_mult.h:73->firmware/nnet_utils/nnet_dense_resource.h:59]   --->   Operation 121 'zext' 'zext_ln1118_32' <Predicate = true> <Delay = 0.00>
ST_1 : Operation 122 [1/1] (0.00ns)   --->   "%zext_ln1118_33 = zext i9 %shl_ln1118_1 to i10" [firmware/nnet_utils/nnet_mult.h:73->firmware/nnet_utils/nnet_dense_resource.h:59]   --->   Operation 122 'zext' 'zext_ln1118_33' <Predicate = true> <Delay = 0.00>
ST_1 : Operation 123 [1/1] (1.54ns)   --->   "%sub_ln1118_8 = sub i13 %zext_ln1118_11, %zext_ln1118_12" [firmware/nnet_utils/nnet_mult.h:73->firmware/nnet_utils/nnet_dense_resource.h:59]   --->   Operation 123 'sub' 'sub_ln1118_8' <Predicate = true> <Delay = 1.54> <Core = "AddSub">   --->   Core 14 'AddSub' <Latency = 0> <II = 1> <Delay = 1.81> <FuncUnit> <Opcode : 'add' 'sub'> <InPorts = 2> <OutPorts = 1>
ST_1 : Operation 124 [1/1] (0.00ns)   --->   "%tmp_149 = call i12 @_ssdm_op_PartSelect.i12.i13.i32.i32(i13 %sub_ln1118_8, i32 1, i32 12)" [firmware/nnet_utils/nnet_mult.h:73->firmware/nnet_utils/nnet_dense_resource.h:59]   --->   Operation 124 'partselect' 'tmp_149' <Predicate = true> <Delay = 0.00>
ST_1 : Operation 125 [1/1] (0.00ns)   --->   "%sext_ln1118_15 = sext i12 %tmp_149 to i13" [firmware/nnet_utils/nnet_mult.h:73->firmware/nnet_utils/nnet_dense_resource.h:59]   --->   Operation 125 'sext' 'sext_ln1118_15' <Predicate = true> <Delay = 0.00>
ST_1 : Operation 126 [1/1] (1.63ns)   --->   "%add_ln1118_4 = add i12 %zext_ln1118_14, %zext_ln1118_27" [firmware/nnet_utils/nnet_mult.h:73->firmware/nnet_utils/nnet_dense_resource.h:59]   --->   Operation 126 'add' 'add_ln1118_4' <Predicate = true> <Delay = 1.63> <Core = "AddSub">   --->   Core 14 'AddSub' <Latency = 0> <II = 1> <Delay = 1.81> <FuncUnit> <Opcode : 'add' 'sub'> <InPorts = 2> <OutPorts = 1>
ST_1 : Operation 127 [1/1] (0.00ns)   --->   "%tmp_150 = call i11 @_ssdm_op_PartSelect.i11.i12.i32.i32(i12 %add_ln1118_4, i32 1, i32 11)" [firmware/nnet_utils/nnet_dense_resource.h:59]   --->   Operation 127 'partselect' 'tmp_150' <Predicate = true> <Delay = 0.00>
ST_1 : Operation 128 [1/1] (0.00ns)   --->   "%zext_ln703_10 = zext i11 %tmp_150 to i13" [firmware/nnet_utils/nnet_dense_resource.h:59]   --->   Operation 128 'zext' 'zext_ln703_10' <Predicate = true> <Delay = 0.00>
ST_1 : Operation 129 [1/1] (0.00ns)   --->   "%zext_ln703_6 = zext i9 %shl_ln1118_10 to i10" [firmware/nnet_utils/nnet_dense_resource.h:59]   --->   Operation 129 'zext' 'zext_ln703_6' <Predicate = true> <Delay = 0.00>
ST_1 : Operation 130 [1/1] (1.54ns)   --->   "%add_ln703_23 = add i13 %sext_ln1118_14, %sext_ln1118_13" [firmware/nnet_utils/nnet_dense_resource.h:59]   --->   Operation 130 'add' 'add_ln703_23' <Predicate = true> <Delay = 1.54> <Core = "AddSub">   --->   Core 14 'AddSub' <Latency = 0> <II = 1> <Delay = 1.81> <FuncUnit> <Opcode : 'add' 'sub'> <InPorts = 2> <OutPorts = 1>
ST_1 : Operation 131 [1/1] (1.54ns)   --->   "%add_ln703_24 = add i13 %zext_ln703_10, %sext_ln1118_15" [firmware/nnet_utils/nnet_dense_resource.h:59]   --->   Operation 131 'add' 'add_ln703_24' <Predicate = true> <Delay = 1.54> <Core = "AddSub">   --->   Core 14 'AddSub' <Latency = 0> <II = 1> <Delay = 1.81> <FuncUnit> <Opcode : 'add' 'sub'> <InPorts = 2> <OutPorts = 1>
ST_1 : Operation 132 [1/1] (1.82ns)   --->   "%add_ln703_26 = add i10 %zext_ln1118_33, %zext_ln1118_32" [firmware/nnet_utils/nnet_dense_resource.h:59]   --->   Operation 132 'add' 'add_ln703_26' <Predicate = true> <Delay = 1.82> <Core = "AddSub">   --->   Core 14 'AddSub' <Latency = 0> <II = 1> <Delay = 1.81> <FuncUnit> <Opcode : 'add' 'sub'> <InPorts = 2> <OutPorts = 1>
ST_1 : Operation 133 [1/1] (0.00ns)   --->   "%zext_ln703_7 = zext i10 %add_ln703_26 to i11" [firmware/nnet_utils/nnet_dense_resource.h:59]   --->   Operation 133 'zext' 'zext_ln703_7' <Predicate = true> <Delay = 0.00>
ST_1 : Operation 134 [1/1] (1.73ns)   --->   "%add_ln703_27 = add i10 %zext_ln703_6, 288" [firmware/nnet_utils/nnet_dense_resource.h:59]   --->   Operation 134 'add' 'add_ln703_27' <Predicate = true> <Delay = 1.73> <Core = "AddSub">   --->   Core 14 'AddSub' <Latency = 0> <II = 1> <Delay = 1.81> <FuncUnit> <Opcode : 'add' 'sub'> <InPorts = 2> <OutPorts = 1>
ST_1 : Operation 135 [1/1] (0.00ns)   --->   "%zext_ln703_8 = zext i10 %add_ln703_27 to i11" [firmware/nnet_utils/nnet_dense_resource.h:59]   --->   Operation 135 'zext' 'zext_ln703_8' <Predicate = true> <Delay = 0.00>
ST_1 : Operation 136 [1/1] (1.73ns)   --->   "%add_ln703_28 = add i11 %zext_ln703_7, %zext_ln703_8" [firmware/nnet_utils/nnet_dense_resource.h:59]   --->   Operation 136 'add' 'add_ln703_28' <Predicate = true> <Delay = 1.73> <Core = "AddSub">   --->   Core 14 'AddSub' <Latency = 0> <II = 1> <Delay = 1.81> <FuncUnit> <Opcode : 'add' 'sub'> <InPorts = 2> <OutPorts = 1>

State 2 <SV = 1> <Delay = 3.84>
ST_2 : Operation 137 [1/1] (0.00ns)   --->   "%zext_ln1118_34 = zext i10 %shl_ln to i14" [firmware/nnet_utils/nnet_mult.h:73->firmware/nnet_utils/nnet_dense_resource.h:59]   --->   Operation 137 'zext' 'zext_ln1118_34' <Predicate = true> <Delay = 0.00>
ST_2 : Operation 138 [1/1] (0.00ns)   --->   "%zext_ln708 = zext i12 %lshr_ln to i13" [firmware/nnet_utils/nnet_dense_resource.h:59]   --->   Operation 138 'zext' 'zext_ln708' <Predicate = true> <Delay = 0.00>
ST_2 : Operation 139 [1/1] (0.00ns)   --->   "%sext_ln1118_3 = sext i11 %tmp_132 to i14" [firmware/nnet_utils/nnet_mult.h:73->firmware/nnet_utils/nnet_dense_resource.h:59]   --->   Operation 139 'sext' 'sext_ln1118_3' <Predicate = true> <Delay = 0.00>
ST_2 : Operation 140 [1/1] (0.00ns)   --->   "%zext_ln1118_35 = zext i12 %tmp_133 to i14" [firmware/nnet_utils/nnet_mult.h:73->firmware/nnet_utils/nnet_dense_resource.h:59]   --->   Operation 140 'zext' 'zext_ln1118_35' <Predicate = true> <Delay = 0.00>
ST_2 : Operation 141 [1/1] (0.00ns)   --->   "%sext_ln703_9 = sext i13 %tmp_136 to i14" [firmware/nnet_utils/nnet_dense_resource.h:59]   --->   Operation 141 'sext' 'sext_ln703_9' <Predicate = true> <Delay = 0.00>
ST_2 : Operation 142 [1/1] (0.00ns) (grouped into TernaryAdder)   --->   "%add_ln703 = add i14 %zext_ln1118_35, %sext_ln1118_3" [firmware/nnet_utils/nnet_dense_resource.h:59]   --->   Operation 142 'add' 'add_ln703' <Predicate = true> <Delay = 0.00> <Core = "TAddSub">   --->   Core 83 'TAddSub' <Latency = 0> <II = 1> <Delay = 1.92> <IPBlock> <Opcode : 'add' 'sub'> <InPorts = 3> <OutPorts = 1> <Sync> <CReg>
ST_2 : Operation 143 [1/1] (0.00ns)   --->   "%sext_ln703_10 = sext i13 %add_ln703_1 to i14" [firmware/nnet_utils/nnet_dense_resource.h:59]   --->   Operation 143 'sext' 'sext_ln703_10' <Predicate = true> <Delay = 0.00>
ST_2 : Operation 144 [1/1] (3.84ns) (root node of TernaryAdder)   --->   "%add_ln703_2 = add i14 %add_ln703, %sext_ln703_10" [firmware/nnet_utils/nnet_dense_resource.h:59]   --->   Operation 144 'add' 'add_ln703_2' <Predicate = true> <Delay = 3.84> <Core = "TAddSub">   --->   Core 83 'TAddSub' <Latency = 0> <II = 1> <Delay = 1.92> <IPBlock> <Opcode : 'add' 'sub'> <InPorts = 3> <OutPorts = 1> <Sync> <CReg>
ST_2 : Operation 145 [1/1] (1.67ns)   --->   "%add_ln703_3 = add i14 %zext_ln1118_34, %sext_ln703_9" [firmware/nnet_utils/nnet_dense_resource.h:59]   --->   Operation 145 'add' 'add_ln703_3' <Predicate = true> <Delay = 1.67> <Core = "AddSub">   --->   Core 14 'AddSub' <Latency = 0> <II = 1> <Delay = 1.81> <FuncUnit> <Opcode : 'add' 'sub'> <InPorts = 2> <OutPorts = 1>
ST_2 : Operation 146 [1/1] (0.00ns)   --->   "%sext_ln703_12 = sext i14 %add_ln703_3 to i15" [firmware/nnet_utils/nnet_dense_resource.h:59]   --->   Operation 146 'sext' 'sext_ln703_12' <Predicate = true> <Delay = 0.00>
ST_2 : Operation 147 [1/1] (0.00ns)   --->   "%zext_ln703 = zext i12 %add_ln703_4 to i13" [firmware/nnet_utils/nnet_dense_resource.h:59]   --->   Operation 147 'zext' 'zext_ln703' <Predicate = true> <Delay = 0.00>
ST_2 : Operation 148 [1/1] (1.54ns)   --->   "%add_ln703_5 = add i13 %zext_ln708, %zext_ln703" [firmware/nnet_utils/nnet_dense_resource.h:59]   --->   Operation 148 'add' 'add_ln703_5' <Predicate = true> <Delay = 1.54> <Core = "AddSub">   --->   Core 14 'AddSub' <Latency = 0> <II = 1> <Delay = 1.81> <FuncUnit> <Opcode : 'add' 'sub'> <InPorts = 2> <OutPorts = 1>
ST_2 : Operation 149 [1/1] (0.00ns)   --->   "%zext_ln703_3 = zext i13 %add_ln703_5 to i15" [firmware/nnet_utils/nnet_dense_resource.h:59]   --->   Operation 149 'zext' 'zext_ln703_3' <Predicate = true> <Delay = 0.00>
ST_2 : Operation 150 [1/1] (1.81ns)   --->   "%add_ln703_6 = add i15 %sext_ln703_12, %zext_ln703_3" [firmware/nnet_utils/nnet_dense_resource.h:59]   --->   Operation 150 'add' 'add_ln703_6' <Predicate = true> <Delay = 1.81> <Core = "AddSub">   --->   Core 14 'AddSub' <Latency = 0> <II = 1> <Delay = 1.81> <FuncUnit> <Opcode : 'add' 'sub'> <InPorts = 2> <OutPorts = 1>
ST_2 : Operation 151 [1/1] (0.00ns)   --->   "%sext_ln1118_6 = sext i12 %tmp_137 to i14" [firmware/nnet_utils/nnet_mult.h:73->firmware/nnet_utils/nnet_dense_resource.h:59]   --->   Operation 151 'sext' 'sext_ln1118_6' <Predicate = true> <Delay = 0.00>
ST_2 : Operation 152 [1/1] (0.00ns)   --->   "%sext_ln1118_7 = sext i13 %tmp_138 to i14" [firmware/nnet_utils/nnet_mult.h:73->firmware/nnet_utils/nnet_dense_resource.h:59]   --->   Operation 152 'sext' 'sext_ln1118_7' <Predicate = true> <Delay = 0.00>
ST_2 : Operation 153 [1/1] (1.67ns)   --->   "%add_ln703_8 = add i14 %sext_ln1118_7, %sext_ln1118_6" [firmware/nnet_utils/nnet_dense_resource.h:59]   --->   Operation 153 'add' 'add_ln703_8' <Predicate = true> <Delay = 1.67> <Core = "AddSub">   --->   Core 14 'AddSub' <Latency = 0> <II = 1> <Delay = 1.81> <FuncUnit> <Opcode : 'add' 'sub'> <InPorts = 2> <OutPorts = 1>
ST_2 : Operation 154 [1/1] (0.00ns)   --->   "%sext_ln703_17 = sext i12 %add_ln703_11 to i14" [firmware/nnet_utils/nnet_dense_resource.h:59]   --->   Operation 154 'sext' 'sext_ln703_17' <Predicate = true> <Delay = 0.00>
ST_2 : Operation 155 [1/1] (0.00ns)   --->   "%zext_ln703_2 = zext i10 %add_ln703_12 to i12" [firmware/nnet_utils/nnet_dense_resource.h:59]   --->   Operation 155 'zext' 'zext_ln703_2' <Predicate = true> <Delay = 0.00>
ST_2 : Operation 156 [1/1] (1.54ns)   --->   "%add_ln703_13 = add i12 %trunc_ln, %zext_ln703_2" [firmware/nnet_utils/nnet_dense_resource.h:59]   --->   Operation 156 'add' 'add_ln703_13' <Predicate = true> <Delay = 1.54> <Core = "AddSub">   --->   Core 14 'AddSub' <Latency = 0> <II = 1> <Delay = 1.81> <FuncUnit> <Opcode : 'add' 'sub'> <InPorts = 2> <OutPorts = 1>
ST_2 : Operation 157 [1/1] (0.00ns)   --->   "%zext_ln703_9 = zext i12 %add_ln703_13 to i14" [firmware/nnet_utils/nnet_dense_resource.h:59]   --->   Operation 157 'zext' 'zext_ln703_9' <Predicate = true> <Delay = 0.00>
ST_2 : Operation 158 [1/1] (1.54ns)   --->   "%add_ln703_14 = add i14 %sext_ln703_17, %zext_ln703_9" [firmware/nnet_utils/nnet_dense_resource.h:59]   --->   Operation 158 'add' 'add_ln703_14' <Predicate = true> <Delay = 1.54> <Core = "AddSub">   --->   Core 14 'AddSub' <Latency = 0> <II = 1> <Delay = 1.81> <FuncUnit> <Opcode : 'add' 'sub'> <InPorts = 2> <OutPorts = 1>
ST_2 : Operation 159 [1/1] (0.00ns)   --->   "%sext_ln1118_9 = sext i11 %tmp_143 to i12" [firmware/nnet_utils/nnet_mult.h:73->firmware/nnet_utils/nnet_dense_resource.h:59]   --->   Operation 159 'sext' 'sext_ln1118_9' <Predicate = true> <Delay = 0.00>
ST_2 : Operation 160 [1/1] (0.00ns)   --->   "%sext_ln1118_10 = sext i11 %tmp_144 to i12" [firmware/nnet_utils/nnet_mult.h:73->firmware/nnet_utils/nnet_dense_resource.h:59]   --->   Operation 160 'sext' 'sext_ln1118_10' <Predicate = true> <Delay = 0.00>
ST_2 : Operation 161 [1/1] (0.00ns)   --->   "%shl_ln708_3 = call i9 @_ssdm_op_BitConcatenate.i9.i8.i1(i8 %p_read_5, i1 false)" [firmware/nnet_utils/nnet_dense_resource.h:59]   --->   Operation 161 'bitconcatenate' 'shl_ln708_3' <Predicate = true> <Delay = 0.00>
ST_2 : Operation 162 [1/1] (0.00ns)   --->   "%zext_ln703_4 = zext i9 %shl_ln708_3 to i10" [firmware/nnet_utils/nnet_dense_resource.h:59]   --->   Operation 162 'zext' 'zext_ln703_4' <Predicate = true> <Delay = 0.00>
ST_2 : Operation 163 [1/1] (1.63ns)   --->   "%add_ln703_16 = add i12 %sext_ln1118_10, %sext_ln1118_9" [firmware/nnet_utils/nnet_dense_resource.h:59]   --->   Operation 163 'add' 'add_ln703_16' <Predicate = true> <Delay = 1.63> <Core = "AddSub">   --->   Core 14 'AddSub' <Latency = 0> <II = 1> <Delay = 1.81> <FuncUnit> <Opcode : 'add' 'sub'> <InPorts = 2> <OutPorts = 1>
ST_2 : Operation 164 [1/1] (0.00ns)   --->   "%zext_ln703_5 = zext i11 %add_ln703_19 to i13" [firmware/nnet_utils/nnet_dense_resource.h:59]   --->   Operation 164 'zext' 'zext_ln703_5' <Predicate = true> <Delay = 0.00>
ST_2 : Operation 165 [1/1] (1.82ns)   --->   "%add_ln703_20 = add i10 %zext_ln703_4, -160" [firmware/nnet_utils/nnet_dense_resource.h:59]   --->   Operation 165 'add' 'add_ln703_20' <Predicate = true> <Delay = 1.82> <Core = "AddSub">   --->   Core 14 'AddSub' <Latency = 0> <II = 1> <Delay = 1.81> <FuncUnit> <Opcode : 'add' 'sub'> <InPorts = 2> <OutPorts = 1>
ST_2 : Operation 166 [1/1] (0.00ns)   --->   "%sext_ln703 = sext i10 %add_ln703_20 to i13" [firmware/nnet_utils/nnet_dense_resource.h:59]   --->   Operation 166 'sext' 'sext_ln703' <Predicate = true> <Delay = 0.00>
ST_2 : Operation 167 [1/1] (1.63ns)   --->   "%add_ln703_21 = add i13 %zext_ln703_5, %sext_ln703" [firmware/nnet_utils/nnet_dense_resource.h:59]   --->   Operation 167 'add' 'add_ln703_21' <Predicate = true> <Delay = 1.63> <Core = "AddSub">   --->   Core 14 'AddSub' <Latency = 0> <II = 1> <Delay = 1.81> <FuncUnit> <Opcode : 'add' 'sub'> <InPorts = 2> <OutPorts = 1>
ST_2 : Operation 168 [1/1] (0.00ns)   --->   "%sext_ln703_22 = sext i13 %add_ln703_23 to i14" [firmware/nnet_utils/nnet_dense_resource.h:59]   --->   Operation 168 'sext' 'sext_ln703_22' <Predicate = true> <Delay = 0.00>
ST_2 : Operation 169 [1/1] (0.00ns)   --->   "%sext_ln703_23 = sext i13 %add_ln703_24 to i14" [firmware/nnet_utils/nnet_dense_resource.h:59]   --->   Operation 169 'sext' 'sext_ln703_23' <Predicate = true> <Delay = 0.00>
ST_2 : Operation 170 [1/1] (1.67ns)   --->   "%add_ln703_25 = add i14 %sext_ln703_22, %sext_ln703_23" [firmware/nnet_utils/nnet_dense_resource.h:59]   --->   Operation 170 'add' 'add_ln703_25' <Predicate = true> <Delay = 1.67> <Core = "AddSub">   --->   Core 14 'AddSub' <Latency = 0> <II = 1> <Delay = 1.81> <FuncUnit> <Opcode : 'add' 'sub'> <InPorts = 2> <OutPorts = 1>
ST_2 : Operation 171 [1/1] (0.00ns)   --->   "%sext_ln703_24 = sext i14 %add_ln703_25 to i15" [firmware/nnet_utils/nnet_dense_resource.h:59]   --->   Operation 171 'sext' 'sext_ln703_24' <Predicate = true> <Delay = 0.00>
ST_2 : Operation 172 [1/1] (0.00ns)   --->   "%zext_ln703_11 = zext i11 %add_ln703_28 to i15" [firmware/nnet_utils/nnet_dense_resource.h:59]   --->   Operation 172 'zext' 'zext_ln703_11' <Predicate = true> <Delay = 0.00>
ST_2 : Operation 173 [1/1] (1.81ns)   --->   "%acc_3_V = add i15 %sext_ln703_24, %zext_ln703_11" [firmware/nnet_utils/nnet_dense_resource.h:59]   --->   Operation 173 'add' 'acc_3_V' <Predicate = true> <Delay = 1.81> <Core = "AddSub">   --->   Core 14 'AddSub' <Latency = 0> <II = 1> <Delay = 1.81> <FuncUnit> <Opcode : 'add' 'sub'> <InPorts = 2> <OutPorts = 1>

State 3 <SV = 2> <Delay = 3.87>
ST_3 : Operation 174 [1/1] (0.00ns)   --->   "%sext_ln703_11 = sext i14 %add_ln703_2 to i16" [firmware/nnet_utils/nnet_dense_resource.h:59]   --->   Operation 174 'sext' 'sext_ln703_11' <Predicate = true> <Delay = 0.00>
ST_3 : Operation 175 [1/1] (0.00ns)   --->   "%sext_ln703_13 = sext i15 %add_ln703_6 to i16" [firmware/nnet_utils/nnet_dense_resource.h:59]   --->   Operation 175 'sext' 'sext_ln703_13' <Predicate = true> <Delay = 0.00>
ST_3 : Operation 176 [1/1] (1.94ns)   --->   "%p_Val2_s = add i16 %sext_ln703_11, %sext_ln703_13" [firmware/nnet_utils/nnet_dense_resource.h:59]   --->   Operation 176 'add' 'p_Val2_s' <Predicate = true> <Delay = 1.94> <Core = "AddSub">   --->   Core 14 'AddSub' <Latency = 0> <II = 1> <Delay = 1.81> <FuncUnit> <Opcode : 'add' 'sub'> <InPorts = 2> <OutPorts = 1>
ST_3 : Operation 177 [1/1] (0.00ns)   --->   "%sext_ln703_15 = sext i14 %add_ln703_8 to i15" [firmware/nnet_utils/nnet_dense_resource.h:59]   --->   Operation 177 'sext' 'sext_ln703_15' <Predicate = true> <Delay = 0.00>
ST_3 : Operation 178 [1/1] (0.00ns)   --->   "%sext_ln703_16 = sext i13 %add_ln703_9 to i15" [firmware/nnet_utils/nnet_dense_resource.h:59]   --->   Operation 178 'sext' 'sext_ln703_16' <Predicate = true> <Delay = 0.00>
ST_3 : Operation 179 [1/1] (0.00ns) (grouped into TernaryAdder)   --->   "%add_ln703_10 = add i15 %sext_ln703_15, %sext_ln703_16" [firmware/nnet_utils/nnet_dense_resource.h:59]   --->   Operation 179 'add' 'add_ln703_10' <Predicate = true> <Delay = 0.00> <Core = "TAddSub">   --->   Core 83 'TAddSub' <Latency = 0> <II = 1> <Delay = 1.92> <IPBlock> <Opcode : 'add' 'sub'> <InPorts = 3> <OutPorts = 1> <Sync> <CReg>
ST_3 : Operation 180 [1/1] (0.00ns)   --->   "%sext_ln703_18 = sext i14 %add_ln703_14 to i15" [firmware/nnet_utils/nnet_dense_resource.h:59]   --->   Operation 180 'sext' 'sext_ln703_18' <Predicate = true> <Delay = 0.00>
ST_3 : Operation 181 [1/1] (3.87ns) (root node of TernaryAdder)   --->   "%acc_1_V = add i15 %add_ln703_10, %sext_ln703_18" [firmware/nnet_utils/nnet_dense_resource.h:59]   --->   Operation 181 'add' 'acc_1_V' <Predicate = true> <Delay = 3.87> <Core = "TAddSub">   --->   Core 83 'TAddSub' <Latency = 0> <II = 1> <Delay = 1.92> <IPBlock> <Opcode : 'add' 'sub'> <InPorts = 3> <OutPorts = 1> <Sync> <CReg>
ST_3 : Operation 182 [1/1] (0.00ns)   --->   "%sext_ln703_19 = sext i12 %add_ln703_16 to i14" [firmware/nnet_utils/nnet_dense_resource.h:59]   --->   Operation 182 'sext' 'sext_ln703_19' <Predicate = true> <Delay = 0.00>
ST_3 : Operation 183 [1/1] (0.00ns)   --->   "%sext_ln703_20 = sext i13 %add_ln703_17 to i14" [firmware/nnet_utils/nnet_dense_resource.h:59]   --->   Operation 183 'sext' 'sext_ln703_20' <Predicate = true> <Delay = 0.00>
ST_3 : Operation 184 [1/1] (0.00ns) (grouped into TernaryAdder)   --->   "%add_ln703_18 = add i14 %sext_ln703_19, %sext_ln703_20" [firmware/nnet_utils/nnet_dense_resource.h:59]   --->   Operation 184 'add' 'add_ln703_18' <Predicate = true> <Delay = 0.00> <Core = "TAddSub">   --->   Core 83 'TAddSub' <Latency = 0> <II = 1> <Delay = 1.92> <IPBlock> <Opcode : 'add' 'sub'> <InPorts = 3> <OutPorts = 1> <Sync> <CReg>
ST_3 : Operation 185 [1/1] (0.00ns)   --->   "%sext_ln703_21 = sext i13 %add_ln703_21 to i14" [firmware/nnet_utils/nnet_dense_resource.h:59]   --->   Operation 185 'sext' 'sext_ln703_21' <Predicate = true> <Delay = 0.00>
ST_3 : Operation 186 [1/1] (3.84ns) (root node of TernaryAdder)   --->   "%acc_2_V = add i14 %add_ln703_18, %sext_ln703_21" [firmware/nnet_utils/nnet_dense_resource.h:59]   --->   Operation 186 'add' 'acc_2_V' <Predicate = true> <Delay = 3.84> <Core = "TAddSub">   --->   Core 83 'TAddSub' <Latency = 0> <II = 1> <Delay = 1.92> <IPBlock> <Opcode : 'add' 'sub'> <InPorts = 3> <OutPorts = 1> <Sync> <CReg>
ST_3 : Operation 187 [1/1] (0.00ns)   --->   "%res_0_V_write_assign = call i17 @_ssdm_op_BitConcatenate.i17.i16.i1(i16 %p_Val2_s, i1 false)" [firmware/nnet_utils/nnet_mult.h:111->firmware/nnet_utils/nnet_dense_resource.h:82]   --->   Operation 187 'bitconcatenate' 'res_0_V_write_assign' <Predicate = true> <Delay = 0.00>
ST_3 : Operation 188 [1/1] (0.00ns)   --->   "%tmp_151 = call i16 @_ssdm_op_BitConcatenate.i16.i15.i1(i15 %acc_1_V, i1 false)" [firmware/nnet_utils/nnet_mult.h:111->firmware/nnet_utils/nnet_dense_resource.h:82]   --->   Operation 188 'bitconcatenate' 'tmp_151' <Predicate = true> <Delay = 0.00>
ST_3 : Operation 189 [1/1] (0.00ns)   --->   "%sext_ln728 = sext i16 %tmp_151 to i17" [firmware/nnet_utils/nnet_mult.h:111->firmware/nnet_utils/nnet_dense_resource.h:82]   --->   Operation 189 'sext' 'sext_ln728' <Predicate = true> <Delay = 0.00>
ST_3 : Operation 190 [1/1] (0.00ns)   --->   "%tmp_152 = call i15 @_ssdm_op_BitConcatenate.i15.i14.i1(i14 %acc_2_V, i1 false)" [firmware/nnet_utils/nnet_mult.h:111->firmware/nnet_utils/nnet_dense_resource.h:82]   --->   Operation 190 'bitconcatenate' 'tmp_152' <Predicate = true> <Delay = 0.00>
ST_3 : Operation 191 [1/1] (0.00ns)   --->   "%sext_ln728_2 = sext i15 %tmp_152 to i17" [firmware/nnet_utils/nnet_mult.h:111->firmware/nnet_utils/nnet_dense_resource.h:82]   --->   Operation 191 'sext' 'sext_ln728_2' <Predicate = true> <Delay = 0.00>
ST_3 : Operation 192 [1/1] (0.00ns)   --->   "%tmp_153 = call i16 @_ssdm_op_BitConcatenate.i16.i15.i1(i15 %acc_3_V, i1 false)" [firmware/nnet_utils/nnet_mult.h:111->firmware/nnet_utils/nnet_dense_resource.h:82]   --->   Operation 192 'bitconcatenate' 'tmp_153' <Predicate = true> <Delay = 0.00>
ST_3 : Operation 193 [1/1] (0.00ns)   --->   "%sext_ln728_3 = sext i16 %tmp_153 to i17" [firmware/nnet_utils/nnet_mult.h:111->firmware/nnet_utils/nnet_dense_resource.h:82]   --->   Operation 193 'sext' 'sext_ln728_3' <Predicate = true> <Delay = 0.00>
ST_3 : Operation 194 [1/1] (0.00ns)   --->   "%mrv = insertvalue { i17, i17, i17, i17 } undef, i17 %res_0_V_write_assign, 0" [firmware/nnet_utils/nnet_dense_resource.h:84]   --->   Operation 194 'insertvalue' 'mrv' <Predicate = true> <Delay = 0.00>
ST_3 : Operation 195 [1/1] (0.00ns)   --->   "%mrv_1 = insertvalue { i17, i17, i17, i17 } %mrv, i17 %sext_ln728, 1" [firmware/nnet_utils/nnet_dense_resource.h:84]   --->   Operation 195 'insertvalue' 'mrv_1' <Predicate = true> <Delay = 0.00>
ST_3 : Operation 196 [1/1] (0.00ns)   --->   "%mrv_2 = insertvalue { i17, i17, i17, i17 } %mrv_1, i17 %sext_ln728_2, 2" [firmware/nnet_utils/nnet_dense_resource.h:84]   --->   Operation 196 'insertvalue' 'mrv_2' <Predicate = true> <Delay = 0.00>
ST_3 : Operation 197 [1/1] (0.00ns)   --->   "%mrv_3 = insertvalue { i17, i17, i17, i17 } %mrv_2, i17 %sext_ln728_3, 3" [firmware/nnet_utils/nnet_dense_resource.h:84]   --->   Operation 197 'insertvalue' 'mrv_3' <Predicate = true> <Delay = 0.00>
ST_3 : Operation 198 [1/1] (0.00ns)   --->   "ret { i17, i17, i17, i17 } %mrv_3" [firmware/nnet_utils/nnet_dense_resource.h:84]   --->   Operation 198 'ret' <Predicate = true> <Delay = 0.00>


============================================================
+ Verbose Summary: Timing violations
============================================================
Target clock period: 5ns, clock uncertainty: 0.625ns.

 <State 1>: 4.17ns
The critical path consists of the following:
	wire read on port 'p_read7' (firmware/nnet_utils/nnet_dense_resource.h:13) [9]  (0 ns)
	'mul' operation ('mul_ln1118', firmware/nnet_utils/nnet_mult.h:73->firmware/nnet_utils/nnet_dense_resource.h:59) [62]  (4.17 ns)

 <State 2>: 3.84ns
The critical path consists of the following:
	'add' operation ('add_ln703', firmware/nnet_utils/nnet_dense_resource.h:59) [65]  (0 ns)
	'add' operation ('add_ln703_2', firmware/nnet_utils/nnet_dense_resource.h:59) [68]  (3.84 ns)

 <State 3>: 3.87ns
The critical path consists of the following:
	'add' operation ('add_ln703_10', firmware/nnet_utils/nnet_dense_resource.h:59) [108]  (0 ns)
	'add' operation ('acc[1].V', firmware/nnet_utils/nnet_dense_resource.h:59) [117]  (3.87 ns)


============================================================
+ Verbose Summary: Binding
============================================================
N/A
* FSMD analyzer results:
  - Output states:
 - Input state : 
  - Chain level:
	State 1
	State 2
	State 3


============================================================
+ Verbose Summary: Datapath Resource usage 
============================================================
N/A
