

================================================================
== Vivado HLS Report for 'dense_resource_rf_leq_nin_ap_ufixed_ap_fixed_config14_0_0_0_0_0_0_0_0_0'
================================================================
* Date:           Wed May 20 11:13:00 2026

* Version:        2020.1 (Build 2897737 on Wed May 27 20:21:37 MDT 2020)
* Project:        myproject_prj
* Solution:       solution1
* Product family: zynq
* Target device:  xc7z020-clg400-1


================================================================
== Performance Estimates
================================================================
+ Timing: 
    * Summary: 
    +--------+---------+----------+------------+
    |  Clock |  Target | Estimated| Uncertainty|
    +--------+---------+----------+------------+
    |ap_clk  | 5.00 ns | 4.170 ns |   0.62 ns  |
    +--------+---------+----------+------------+

+ Latency: 
    * Summary: 
    +---------+---------+-----------+-----------+-----+-----+---------+
    |  Latency (cycles) |   Latency (absolute)  |  Interval | Pipeline|
    |   min   |   max   |    min    |    max    | min | max |   Type  |
    +---------+---------+-----------+-----------+-----+-----+---------+
    |        2|        2| 10.000 ns | 10.000 ns |    2|    2|   none  |
    +---------+---------+-----------+-----------+-----+-----+---------+

    + Detail: 
        * Instance: 
        N/A

        * Loop: 
        N/A

============================================================
+ Verbose Summary: Synthesis Manager
============================================================
InlineROM: 1
ExposeGlobal: 0
============================================================
+ Verbose Summary: CDFG Model
============================================================
IsTopModel: 0
ResetActiveHigh: 1
IsCombinational: 2
IsDatapathOnly: 0
HasWiredReturn: 1
HasMFsm: 0
HasVarLatency: 1
IsPipeline: 0
IsRtlPipelined: 0
IsInstanceOverlapped: 0
IsDontTouch: 0
HasImplIP: 0
IsGatedGlobalClock: 0


============================================================
+ Verbose Summary: Schedule
============================================================
* Number of FSM states : 3
* Pipeline : 0
* Dataflow Pipeline: 0

* FSM state transitions: 
1 --> 2 
2 --> 3 
3 --> 

* FSM state operations: 

State 1 <SV = 0> <Delay = 4.17>
ST_1 : Operation 4 [1/1] (0.00ns)   --->   "%p_read37 = call i8 @_ssdm_op_Read.ap_auto.i8(i8 %p_read3)" [firmware/nnet_utils/nnet_dense_resource.h:13]   --->   Operation 4 'read' 'p_read37' <Predicate = true> <Delay = 0.00>
ST_1 : Operation 5 [1/1] (0.00ns)   --->   "%p_read26 = call i8 @_ssdm_op_Read.ap_auto.i8(i8 %p_read2)" [firmware/nnet_utils/nnet_dense_resource.h:13]   --->   Operation 5 'read' 'p_read26' <Predicate = true> <Delay = 0.00>
ST_1 : Operation 6 [1/1] (0.00ns)   --->   "%p_read15 = call i8 @_ssdm_op_Read.ap_auto.i8(i8 %p_read1)" [firmware/nnet_utils/nnet_dense_resource.h:13]   --->   Operation 6 'read' 'p_read15' <Predicate = true> <Delay = 0.00>
ST_1 : Operation 7 [1/1] (0.00ns)   --->   "%zext_ln1118_37 = zext i8 %p_read15 to i13" [firmware/nnet_utils/nnet_mult.h:73->firmware/nnet_utils/nnet_dense_resource.h:59]   --->   Operation 7 'zext' 'zext_ln1118_37' <Predicate = true> <Delay = 0.00>
ST_1 : Operation 8 [1/1] (0.00ns)   --->   "%zext_ln1118_42 = zext i8 %p_read26 to i13" [firmware/nnet_utils/nnet_mult.h:73->firmware/nnet_utils/nnet_dense_resource.h:59]   --->   Operation 8 'zext' 'zext_ln1118_42' <Predicate = true> <Delay = 0.00>
ST_1 : Operation 9 [1/1] (0.00ns)   --->   "%zext_ln703 = zext i8 %p_read37 to i11" [firmware/nnet_utils/nnet_dense_resource.h:59]   --->   Operation 9 'zext' 'zext_ln703' <Predicate = true> <Delay = 0.00>
ST_1 : Operation 10 [1/1] (0.00ns)   --->   "%shl_ln1118_13 = call i10 @_ssdm_op_BitConcatenate.i10.i8.i2(i8 %p_read37, i2 0)" [firmware/nnet_utils/nnet_mult.h:73->firmware/nnet_utils/nnet_dense_resource.h:59]   --->   Operation 10 'bitconcatenate' 'shl_ln1118_13' <Predicate = true> <Delay = 0.00>
ST_1 : Operation 11 [1/1] (0.00ns)   --->   "%zext_ln1118_47 = zext i10 %shl_ln1118_13 to i11" [firmware/nnet_utils/nnet_mult.h:73->firmware/nnet_utils/nnet_dense_resource.h:59]   --->   Operation 11 'zext' 'zext_ln1118_47' <Predicate = true> <Delay = 0.00>
ST_1 : Operation 12 [1/1] (1.73ns)   --->   "%sub_ln1118_14 = sub i11 0, %zext_ln1118_47" [firmware/nnet_utils/nnet_mult.h:73->firmware/nnet_utils/nnet_dense_resource.h:59]   --->   Operation 12 'sub' 'sub_ln1118_14' <Predicate = true> <Delay = 1.73> <Core = "AddSub">   --->   Core 14 'AddSub' <Latency = 0> <II = 1> <Delay = 1.94> <FuncUnit> <Opcode : 'add' 'sub'> <InPorts = 2> <OutPorts = 1>
ST_1 : Operation 13 [1/1] (0.00ns)   --->   "%tmp_159 = call i10 @_ssdm_op_PartSelect.i10.i11.i32.i32(i11 %sub_ln1118_14, i32 1, i32 10)" [firmware/nnet_utils/nnet_dense_resource.h:59]   --->   Operation 13 'partselect' 'tmp_159' <Predicate = true> <Delay = 0.00>
ST_1 : Operation 14 [1/1] (0.00ns)   --->   "%lshr_ln708_5 = call i7 @_ssdm_op_PartSelect.i7.i8.i32.i32(i8 %p_read15, i32 1, i32 7)" [firmware/nnet_utils/nnet_dense_resource.h:59]   --->   Operation 14 'partselect' 'lshr_ln708_5' <Predicate = true> <Delay = 0.00>
ST_1 : Operation 15 [1/1] (4.17ns)   --->   "%mul_ln708_3 = mul i13 %zext_ln1118_37, 29" [firmware/nnet_utils/nnet_dense_resource.h:59]   --->   Operation 15 'mul' 'mul_ln708_3' <Predicate = true> <Delay = 4.17> <Core = "Mul">   --->   Core 16 'Mul' <Latency = 0> <II = 1> <Delay = 4.17> <FuncUnit> <Opcode : 'mul'> <InPorts = 2> <OutPorts = 1>
ST_1 : Operation 16 [1/1] (0.00ns)   --->   "%trunc_ln1 = call i12 @_ssdm_op_PartSelect.i12.i13.i32.i32(i13 %mul_ln708_3, i32 1, i32 12)" [firmware/nnet_utils/nnet_mult.h:73->firmware/nnet_utils/nnet_dense_resource.h:59]   --->   Operation 16 'partselect' 'trunc_ln1' <Predicate = true> <Delay = 0.00>
ST_1 : Operation 17 [1/1] (1.73ns)   --->   "%add_ln1118_5 = add i11 %zext_ln703, %zext_ln1118_47" [firmware/nnet_utils/nnet_mult.h:73->firmware/nnet_utils/nnet_dense_resource.h:59]   --->   Operation 17 'add' 'add_ln1118_5' <Predicate = true> <Delay = 1.73> <Core = "AddSub">   --->   Core 14 'AddSub' <Latency = 0> <II = 1> <Delay = 1.94> <FuncUnit> <Opcode : 'add' 'sub'> <InPorts = 2> <OutPorts = 1>
ST_1 : Operation 18 [1/1] (0.00ns)   --->   "%lshr_ln708_6 = call i10 @_ssdm_op_PartSelect.i10.i11.i32.i32(i11 %add_ln1118_5, i32 1, i32 10)" [firmware/nnet_utils/nnet_dense_resource.h:59]   --->   Operation 18 'partselect' 'lshr_ln708_6' <Predicate = true> <Delay = 0.00>
ST_1 : Operation 19 [1/1] (4.17ns)   --->   "%mul_ln708_4 = mul i13 %zext_ln1118_42, 23" [firmware/nnet_utils/nnet_dense_resource.h:59]   --->   Operation 19 'mul' 'mul_ln708_4' <Predicate = true> <Delay = 4.17> <Core = "Mul">   --->   Core 16 'Mul' <Latency = 0> <II = 1> <Delay = 4.17> <FuncUnit> <Opcode : 'mul'> <InPorts = 2> <OutPorts = 1>
ST_1 : Operation 20 [1/1] (0.00ns)   --->   "%trunc_ln1118_6 = call i12 @_ssdm_op_PartSelect.i12.i13.i32.i32(i13 %mul_ln708_4, i32 1, i32 12)" [firmware/nnet_utils/nnet_mult.h:73->firmware/nnet_utils/nnet_dense_resource.h:59]   --->   Operation 20 'partselect' 'trunc_ln1118_6' <Predicate = true> <Delay = 0.00>
ST_1 : Operation 21 [1/1] (4.17ns)   --->   "%mul_ln708_5 = mul i13 %zext_ln1118_42, 22" [firmware/nnet_utils/nnet_dense_resource.h:59]   --->   Operation 21 'mul' 'mul_ln708_5' <Predicate = true> <Delay = 4.17> <Core = "Mul">   --->   Core 16 'Mul' <Latency = 0> <II = 1> <Delay = 4.17> <FuncUnit> <Opcode : 'mul'> <InPorts = 2> <OutPorts = 1>
ST_1 : Operation 22 [1/1] (0.00ns)   --->   "%trunc_ln1118_7 = call i12 @_ssdm_op_PartSelect.i12.i13.i32.i32(i13 %mul_ln708_5, i32 1, i32 12)" [firmware/nnet_utils/nnet_mult.h:73->firmware/nnet_utils/nnet_dense_resource.h:59]   --->   Operation 22 'partselect' 'trunc_ln1118_7' <Predicate = true> <Delay = 0.00>

State 2 <SV = 1> <Delay = 4.17>
ST_2 : Operation 23 [1/1] (0.00ns)   --->   "%p_read_12 = call i8 @_ssdm_op_Read.ap_auto.i8(i8 %p_read)" [firmware/nnet_utils/nnet_dense_resource.h:13]   --->   Operation 23 'read' 'p_read_12' <Predicate = true> <Delay = 0.00>
ST_2 : Operation 24 [1/1] (0.00ns)   --->   "%zext_ln1118 = zext i8 %p_read_12 to i13" [firmware/nnet_utils/nnet_mult.h:73->firmware/nnet_utils/nnet_dense_resource.h:59]   --->   Operation 24 'zext' 'zext_ln1118' <Predicate = true> <Delay = 0.00>
ST_2 : Operation 25 [1/1] (0.00ns)   --->   "%zext_ln1118_34 = zext i8 %p_read_12 to i12" [firmware/nnet_utils/nnet_mult.h:73->firmware/nnet_utils/nnet_dense_resource.h:59]   --->   Operation 25 'zext' 'zext_ln1118_34' <Predicate = true> <Delay = 0.00>
ST_2 : Operation 26 [1/1] (0.00ns)   --->   "%zext_ln1118_35 = zext i8 %p_read_12 to i14" [firmware/nnet_utils/nnet_mult.h:73->firmware/nnet_utils/nnet_dense_resource.h:59]   --->   Operation 26 'zext' 'zext_ln1118_35' <Predicate = true> <Delay = 0.00>
ST_2 : Operation 27 [1/1] (4.17ns)   --->   "%mul_ln708 = mul i12 %zext_ln1118_34, 13" [firmware/nnet_utils/nnet_dense_resource.h:59]   --->   Operation 27 'mul' 'mul_ln708' <Predicate = true> <Delay = 4.17> <Core = "Mul">   --->   Core 16 'Mul' <Latency = 0> <II = 1> <Delay = 4.17> <FuncUnit> <Opcode : 'mul'> <InPorts = 2> <OutPorts = 1>
ST_2 : Operation 28 [1/1] (0.00ns)   --->   "%tmp_154 = call i11 @_ssdm_op_PartSelect.i11.i12.i32.i32(i12 %mul_ln708, i32 1, i32 11)" [firmware/nnet_utils/nnet_mult.h:73->firmware/nnet_utils/nnet_dense_resource.h:59]   --->   Operation 28 'partselect' 'tmp_154' <Predicate = true> <Delay = 0.00>
ST_2 : Operation 29 [1/1] (0.00ns)   --->   "%zext_ln1118_36 = zext i8 %p_read15 to i14" [firmware/nnet_utils/nnet_mult.h:73->firmware/nnet_utils/nnet_dense_resource.h:59]   --->   Operation 29 'zext' 'zext_ln1118_36' <Predicate = true> <Delay = 0.00>
ST_2 : Operation 30 [1/1] (0.00ns)   --->   "%shl_ln = call i13 @_ssdm_op_BitConcatenate.i13.i8.i5(i8 %p_read15, i5 0)" [firmware/nnet_utils/nnet_mult.h:73->firmware/nnet_utils/nnet_dense_resource.h:59]   --->   Operation 30 'bitconcatenate' 'shl_ln' <Predicate = true> <Delay = 0.00>
ST_2 : Operation 31 [1/1] (0.00ns)   --->   "%zext_ln1118_38 = zext i13 %shl_ln to i14" [firmware/nnet_utils/nnet_mult.h:73->firmware/nnet_utils/nnet_dense_resource.h:59]   --->   Operation 31 'zext' 'zext_ln1118_38' <Predicate = true> <Delay = 0.00>
ST_2 : Operation 32 [1/1] (0.00ns)   --->   "%shl_ln1118_s = call i11 @_ssdm_op_BitConcatenate.i11.i8.i3(i8 %p_read15, i3 0)" [firmware/nnet_utils/nnet_mult.h:73->firmware/nnet_utils/nnet_dense_resource.h:59]   --->   Operation 32 'bitconcatenate' 'shl_ln1118_s' <Predicate = true> <Delay = 0.00>
ST_2 : Operation 33 [1/1] (0.00ns)   --->   "%zext_ln1118_39 = zext i11 %shl_ln1118_s to i14" [firmware/nnet_utils/nnet_mult.h:73->firmware/nnet_utils/nnet_dense_resource.h:59]   --->   Operation 33 'zext' 'zext_ln1118_39' <Predicate = true> <Delay = 0.00>
ST_2 : Operation 34 [1/1] (1.67ns)   --->   "%sub_ln1118 = sub i14 %zext_ln1118_39, %zext_ln1118_38" [firmware/nnet_utils/nnet_mult.h:73->firmware/nnet_utils/nnet_dense_resource.h:59]   --->   Operation 34 'sub' 'sub_ln1118' <Predicate = true> <Delay = 1.67> <Core = "AddSub">   --->   Core 14 'AddSub' <Latency = 0> <II = 1> <Delay = 1.94> <FuncUnit> <Opcode : 'add' 'sub'> <InPorts = 2> <OutPorts = 1>
ST_2 : Operation 35 [1/1] (0.00ns)   --->   "%tmp_155 = call i13 @_ssdm_op_PartSelect.i13.i14.i32.i32(i14 %sub_ln1118, i32 1, i32 13)" [firmware/nnet_utils/nnet_mult.h:73->firmware/nnet_utils/nnet_dense_resource.h:59]   --->   Operation 35 'partselect' 'tmp_155' <Predicate = true> <Delay = 0.00>
ST_2 : Operation 36 [1/1] (0.00ns)   --->   "%zext_ln1118_40 = zext i8 %p_read26 to i9" [firmware/nnet_utils/nnet_mult.h:73->firmware/nnet_utils/nnet_dense_resource.h:59]   --->   Operation 36 'zext' 'zext_ln1118_40' <Predicate = true> <Delay = 0.00>
ST_2 : Operation 37 [1/1] (0.00ns)   --->   "%zext_ln1118_41 = zext i8 %p_read26 to i14" [firmware/nnet_utils/nnet_mult.h:73->firmware/nnet_utils/nnet_dense_resource.h:59]   --->   Operation 37 'zext' 'zext_ln1118_41' <Predicate = true> <Delay = 0.00>
ST_2 : Operation 38 [1/1] (0.00ns)   --->   "%shl_ln1118_11 = call i12 @_ssdm_op_BitConcatenate.i12.i8.i4(i8 %p_read26, i4 0)" [firmware/nnet_utils/nnet_mult.h:73->firmware/nnet_utils/nnet_dense_resource.h:59]   --->   Operation 38 'bitconcatenate' 'shl_ln1118_11' <Predicate = true> <Delay = 0.00>
ST_2 : Operation 39 [1/1] (0.00ns)   --->   "%zext_ln1118_43 = zext i12 %shl_ln1118_11 to i13" [firmware/nnet_utils/nnet_mult.h:73->firmware/nnet_utils/nnet_dense_resource.h:59]   --->   Operation 39 'zext' 'zext_ln1118_43' <Predicate = true> <Delay = 0.00>
ST_2 : Operation 40 [1/1] (0.00ns)   --->   "%shl_ln1118_12 = call i10 @_ssdm_op_BitConcatenate.i10.i8.i2(i8 %p_read26, i2 0)" [firmware/nnet_utils/nnet_mult.h:73->firmware/nnet_utils/nnet_dense_resource.h:59]   --->   Operation 40 'bitconcatenate' 'shl_ln1118_12' <Predicate = true> <Delay = 0.00>
ST_2 : Operation 41 [1/1] (0.00ns)   --->   "%zext_ln1118_44 = zext i10 %shl_ln1118_12 to i13" [firmware/nnet_utils/nnet_mult.h:73->firmware/nnet_utils/nnet_dense_resource.h:59]   --->   Operation 41 'zext' 'zext_ln1118_44' <Predicate = true> <Delay = 0.00>
ST_2 : Operation 42 [1/1] (1.54ns)   --->   "%add_ln1118 = add i13 %zext_ln1118_43, %zext_ln1118_44" [firmware/nnet_utils/nnet_mult.h:73->firmware/nnet_utils/nnet_dense_resource.h:59]   --->   Operation 42 'add' 'add_ln1118' <Predicate = true> <Delay = 1.54> <Core = "AddSub">   --->   Core 14 'AddSub' <Latency = 0> <II = 1> <Delay = 1.94> <FuncUnit> <Opcode : 'add' 'sub'> <InPorts = 2> <OutPorts = 1>
ST_2 : Operation 43 [1/1] (0.00ns)   --->   "%trunc_ln = call i12 @_ssdm_op_PartSelect.i12.i13.i32.i32(i13 %add_ln1118, i32 1, i32 12)" [firmware/nnet_utils/nnet_mult.h:73->firmware/nnet_utils/nnet_dense_resource.h:59]   --->   Operation 43 'partselect' 'trunc_ln' <Predicate = true> <Delay = 0.00>
ST_2 : Operation 44 [1/1] (0.00ns)   --->   "%zext_ln703_10 = zext i8 %p_read37 to i12" [firmware/nnet_utils/nnet_dense_resource.h:59]   --->   Operation 44 'zext' 'zext_ln703_10' <Predicate = true> <Delay = 0.00>
ST_2 : Operation 45 [1/1] (1.54ns)   --->   "%add_ln703_31 = add i12 %zext_ln703_10, %trunc_ln" [firmware/nnet_utils/nnet_dense_resource.h:59]   --->   Operation 45 'add' 'add_ln703_31' <Predicate = true> <Delay = 1.54> <Core = "AddSub">   --->   Core 14 'AddSub' <Latency = 0> <II = 1> <Delay = 1.94> <FuncUnit> <Opcode : 'add' 'sub'> <InPorts = 2> <OutPorts = 1>
ST_2 : Operation 46 [1/1] (4.17ns)   --->   "%mul_ln1118 = mul i13 %zext_ln1118, -11" [firmware/nnet_utils/nnet_mult.h:73->firmware/nnet_utils/nnet_dense_resource.h:59]   --->   Operation 46 'mul' 'mul_ln1118' <Predicate = true> <Delay = 4.17> <Core = "Mul">   --->   Core 16 'Mul' <Latency = 0> <II = 1> <Delay = 4.17> <FuncUnit> <Opcode : 'mul'> <InPorts = 2> <OutPorts = 1>
ST_2 : Operation 47 [1/1] (0.00ns)   --->   "%tmp_156 = call i12 @_ssdm_op_PartSelect.i12.i13.i32.i32(i13 %mul_ln1118, i32 1, i32 12)" [firmware/nnet_utils/nnet_mult.h:73->firmware/nnet_utils/nnet_dense_resource.h:59]   --->   Operation 47 'partselect' 'tmp_156' <Predicate = true> <Delay = 0.00>
ST_2 : Operation 48 [1/1] (4.17ns)   --->   "%mul_ln1118_3 = mul i14 %zext_ln1118_36, -27" [firmware/nnet_utils/nnet_mult.h:73->firmware/nnet_utils/nnet_dense_resource.h:59]   --->   Operation 48 'mul' 'mul_ln1118_3' <Predicate = true> <Delay = 4.17> <Core = "Mul">   --->   Core 16 'Mul' <Latency = 0> <II = 1> <Delay = 4.17> <FuncUnit> <Opcode : 'mul'> <InPorts = 2> <OutPorts = 1>
ST_2 : Operation 49 [1/1] (0.00ns)   --->   "%tmp_157 = call i13 @_ssdm_op_PartSelect.i13.i14.i32.i32(i14 %mul_ln1118_3, i32 1, i32 13)" [firmware/nnet_utils/nnet_mult.h:73->firmware/nnet_utils/nnet_dense_resource.h:59]   --->   Operation 49 'partselect' 'tmp_157' <Predicate = true> <Delay = 0.00>
ST_2 : Operation 50 [1/1] (1.54ns)   --->   "%sub_ln1118_13 = sub i13 %zext_ln1118_44, %zext_ln1118_43" [firmware/nnet_utils/nnet_mult.h:73->firmware/nnet_utils/nnet_dense_resource.h:59]   --->   Operation 50 'sub' 'sub_ln1118_13' <Predicate = true> <Delay = 1.54> <Core = "AddSub">   --->   Core 14 'AddSub' <Latency = 0> <II = 1> <Delay = 1.94> <FuncUnit> <Opcode : 'add' 'sub'> <InPorts = 2> <OutPorts = 1>
ST_2 : Operation 51 [1/1] (0.00ns)   --->   "%tmp_158 = call i12 @_ssdm_op_PartSelect.i12.i13.i32.i32(i13 %sub_ln1118_13, i32 1, i32 12)" [firmware/nnet_utils/nnet_mult.h:73->firmware/nnet_utils/nnet_dense_resource.h:59]   --->   Operation 51 'partselect' 'tmp_158' <Predicate = true> <Delay = 0.00>
ST_2 : Operation 52 [1/1] (0.00ns)   --->   "%zext_ln1118_45 = zext i10 %shl_ln1118_13 to i13" [firmware/nnet_utils/nnet_mult.h:73->firmware/nnet_utils/nnet_dense_resource.h:59]   --->   Operation 52 'zext' 'zext_ln1118_45' <Predicate = true> <Delay = 0.00>
ST_2 : Operation 53 [1/1] (0.00ns)   --->   "%zext_ln1118_46 = zext i10 %shl_ln1118_13 to i15" [firmware/nnet_utils/nnet_mult.h:73->firmware/nnet_utils/nnet_dense_resource.h:59]   --->   Operation 53 'zext' 'zext_ln1118_46' <Predicate = true> <Delay = 0.00>
ST_2 : Operation 54 [1/1] (4.17ns)   --->   "%mul_ln708_2 = mul i13 %zext_ln1118, 26" [firmware/nnet_utils/nnet_dense_resource.h:59]   --->   Operation 54 'mul' 'mul_ln708_2' <Predicate = true> <Delay = 4.17> <Core = "Mul">   --->   Core 16 'Mul' <Latency = 0> <II = 1> <Delay = 4.17> <FuncUnit> <Opcode : 'mul'> <InPorts = 2> <OutPorts = 1>
ST_2 : Operation 55 [1/1] (0.00ns)   --->   "%tmp_160 = call i12 @_ssdm_op_PartSelect.i12.i13.i32.i32(i13 %mul_ln708_2, i32 1, i32 12)" [firmware/nnet_utils/nnet_dense_resource.h:59]   --->   Operation 55 'partselect' 'tmp_160' <Predicate = true> <Delay = 0.00>
ST_2 : Operation 56 [1/1] (0.00ns)   --->   "%zext_ln1118_48 = zext i7 %lshr_ln708_5 to i13" [firmware/nnet_utils/nnet_mult.h:73->firmware/nnet_utils/nnet_dense_resource.h:59]   --->   Operation 56 'zext' 'zext_ln1118_48' <Predicate = true> <Delay = 0.00>
ST_2 : Operation 57 [1/1] (0.00ns)   --->   "%shl_ln3 = call i11 @_ssdm_op_BitConcatenate.i11.i8.i3(i8 %p_read26, i3 0)" [firmware/nnet_utils/nnet_dense_resource.h:59]   --->   Operation 57 'bitconcatenate' 'shl_ln3' <Predicate = true> <Delay = 0.00>
ST_2 : Operation 58 [1/1] (0.00ns)   --->   "%zext_ln703_12 = zext i11 %shl_ln3 to i12" [firmware/nnet_utils/nnet_dense_resource.h:59]   --->   Operation 58 'zext' 'zext_ln703_12' <Predicate = true> <Delay = 0.00>
ST_2 : Operation 59 [1/1] (1.63ns)   --->   "%add_ln703_37 = add i12 %zext_ln703_12, -64" [firmware/nnet_utils/nnet_dense_resource.h:59]   --->   Operation 59 'add' 'add_ln703_37' <Predicate = true> <Delay = 1.63> <Core = "AddSub">   --->   Core 14 'AddSub' <Latency = 0> <II = 1> <Delay = 1.94> <FuncUnit> <Opcode : 'add' 'sub'> <InPorts = 2> <OutPorts = 1>
ST_2 : Operation 60 [1/1] (0.00ns)   --->   "%sext_ln703 = sext i12 %add_ln703_37 to i13" [firmware/nnet_utils/nnet_dense_resource.h:59]   --->   Operation 60 'sext' 'sext_ln703' <Predicate = true> <Delay = 0.00>
ST_2 : Operation 61 [1/1] (1.54ns)   --->   "%add_ln703_38 = add i13 %zext_ln1118_48, %sext_ln703" [firmware/nnet_utils/nnet_dense_resource.h:59]   --->   Operation 61 'add' 'add_ln703_38' <Predicate = true> <Delay = 1.54> <Core = "AddSub">   --->   Core 14 'AddSub' <Latency = 0> <II = 1> <Delay = 1.94> <FuncUnit> <Opcode : 'add' 'sub'> <InPorts = 2> <OutPorts = 1>
ST_2 : Operation 62 [1/1] (4.17ns)   --->   "%mul_ln1118_4 = mul i14 %zext_ln1118_35, -22" [firmware/nnet_utils/nnet_mult.h:73->firmware/nnet_utils/nnet_dense_resource.h:59]   --->   Operation 62 'mul' 'mul_ln1118_4' <Predicate = true> <Delay = 4.17> <Core = "Mul">   --->   Core 16 'Mul' <Latency = 0> <II = 1> <Delay = 4.17> <FuncUnit> <Opcode : 'mul'> <InPorts = 2> <OutPorts = 1>
ST_2 : Operation 63 [1/1] (0.00ns)   --->   "%tmp_161 = call i13 @_ssdm_op_PartSelect.i13.i14.i32.i32(i14 %mul_ln1118_4, i32 1, i32 13)" [firmware/nnet_utils/nnet_dense_resource.h:59]   --->   Operation 63 'partselect' 'tmp_161' <Predicate = true> <Delay = 0.00>
ST_2 : Operation 64 [1/1] (4.17ns)   --->   "%mul_ln1118_5 = mul i14 %zext_ln1118_41, -27" [firmware/nnet_utils/nnet_mult.h:73->firmware/nnet_utils/nnet_dense_resource.h:59]   --->   Operation 64 'mul' 'mul_ln1118_5' <Predicate = true> <Delay = 4.17> <Core = "Mul">   --->   Core 16 'Mul' <Latency = 0> <II = 1> <Delay = 4.17> <FuncUnit> <Opcode : 'mul'> <InPorts = 2> <OutPorts = 1>
ST_2 : Operation 65 [1/1] (0.00ns)   --->   "%tmp_162 = call i13 @_ssdm_op_PartSelect.i13.i14.i32.i32(i14 %mul_ln1118_5, i32 1, i32 13)" [firmware/nnet_utils/nnet_mult.h:73->firmware/nnet_utils/nnet_dense_resource.h:59]   --->   Operation 65 'partselect' 'tmp_162' <Predicate = true> <Delay = 0.00>
ST_2 : Operation 66 [1/1] (0.00ns)   --->   "%zext_ln703_13 = zext i10 %lshr_ln708_6 to i13" [firmware/nnet_utils/nnet_dense_resource.h:59]   --->   Operation 66 'zext' 'zext_ln703_13' <Predicate = true> <Delay = 0.00>
ST_2 : Operation 67 [1/1] (1.54ns)   --->   "%add_ln703_41 = add i12 %trunc_ln1, 384" [firmware/nnet_utils/nnet_dense_resource.h:59]   --->   Operation 67 'add' 'add_ln703_41' <Predicate = true> <Delay = 1.54> <Core = "AddSub">   --->   Core 14 'AddSub' <Latency = 0> <II = 1> <Delay = 1.94> <FuncUnit> <Opcode : 'add' 'sub'> <InPorts = 2> <OutPorts = 1>
ST_2 : Operation 68 [1/1] (0.00ns)   --->   "%zext_ln703_14 = zext i12 %add_ln703_41 to i13" [firmware/nnet_utils/nnet_dense_resource.h:59]   --->   Operation 68 'zext' 'zext_ln703_14' <Predicate = true> <Delay = 0.00>
ST_2 : Operation 69 [1/1] (1.54ns)   --->   "%add_ln703_42 = add i13 %zext_ln703_13, %zext_ln703_14" [firmware/nnet_utils/nnet_dense_resource.h:59]   --->   Operation 69 'add' 'add_ln703_42' <Predicate = true> <Delay = 1.54> <Core = "AddSub">   --->   Core 14 'AddSub' <Latency = 0> <II = 1> <Delay = 1.94> <FuncUnit> <Opcode : 'add' 'sub'> <InPorts = 2> <OutPorts = 1>
ST_2 : Operation 70 [1/1] (0.00ns)   --->   "%tmp = call i11 @_ssdm_op_BitConcatenate.i11.i8.i3(i8 %p_read_12, i3 0)" [firmware/nnet_utils/nnet_mult.h:73->firmware/nnet_utils/nnet_dense_resource.h:59]   --->   Operation 70 'bitconcatenate' 'tmp' <Predicate = true> <Delay = 0.00>
ST_2 : Operation 71 [1/1] (0.00ns)   --->   "%zext_ln1118_49 = zext i11 %tmp to i12" [firmware/nnet_utils/nnet_mult.h:73->firmware/nnet_utils/nnet_dense_resource.h:59]   --->   Operation 71 'zext' 'zext_ln1118_49' <Predicate = true> <Delay = 0.00>
ST_2 : Operation 72 [1/1] (1.63ns)   --->   "%sub_ln1118_15 = sub i12 %zext_ln1118_34, %zext_ln1118_49" [firmware/nnet_utils/nnet_mult.h:73->firmware/nnet_utils/nnet_dense_resource.h:59]   --->   Operation 72 'sub' 'sub_ln1118_15' <Predicate = true> <Delay = 1.63> <Core = "AddSub">   --->   Core 14 'AddSub' <Latency = 0> <II = 1> <Delay = 1.94> <FuncUnit> <Opcode : 'add' 'sub'> <InPorts = 2> <OutPorts = 1>
ST_2 : Operation 73 [1/1] (0.00ns)   --->   "%tmp_163 = call i11 @_ssdm_op_PartSelect.i11.i12.i32.i32(i12 %sub_ln1118_15, i32 1, i32 11)" [firmware/nnet_utils/nnet_mult.h:73->firmware/nnet_utils/nnet_dense_resource.h:59]   --->   Operation 73 'partselect' 'tmp_163' <Predicate = true> <Delay = 0.00>
ST_2 : Operation 74 [1/1] (0.00ns)   --->   "%sext_ln1118_21 = sext i11 %tmp_163 to i13" [firmware/nnet_utils/nnet_mult.h:73->firmware/nnet_utils/nnet_dense_resource.h:59]   --->   Operation 74 'sext' 'sext_ln1118_21' <Predicate = true> <Delay = 0.00>
ST_2 : Operation 75 [1/1] (0.00ns)   --->   "%tmp_4 = call i12 @_ssdm_op_BitConcatenate.i12.i8.i4(i8 %p_read15, i4 0)" [firmware/nnet_utils/nnet_mult.h:73->firmware/nnet_utils/nnet_dense_resource.h:59]   --->   Operation 75 'bitconcatenate' 'tmp_4' <Predicate = true> <Delay = 0.00>
ST_2 : Operation 76 [1/1] (0.00ns)   --->   "%zext_ln1118_50 = zext i12 %tmp_4 to i13" [firmware/nnet_utils/nnet_mult.h:73->firmware/nnet_utils/nnet_dense_resource.h:59]   --->   Operation 76 'zext' 'zext_ln1118_50' <Predicate = true> <Delay = 0.00>
ST_2 : Operation 77 [1/1] (1.54ns)   --->   "%sub_ln1118_16 = sub i13 %zext_ln1118_37, %zext_ln1118_50" [firmware/nnet_utils/nnet_mult.h:73->firmware/nnet_utils/nnet_dense_resource.h:59]   --->   Operation 77 'sub' 'sub_ln1118_16' <Predicate = true> <Delay = 1.54> <Core = "AddSub">   --->   Core 14 'AddSub' <Latency = 0> <II = 1> <Delay = 1.94> <FuncUnit> <Opcode : 'add' 'sub'> <InPorts = 2> <OutPorts = 1>
ST_2 : Operation 78 [1/1] (0.00ns)   --->   "%tmp_164 = call i12 @_ssdm_op_PartSelect.i12.i13.i32.i32(i13 %sub_ln1118_16, i32 1, i32 12)" [firmware/nnet_utils/nnet_dense_resource.h:59]   --->   Operation 78 'partselect' 'tmp_164' <Predicate = true> <Delay = 0.00>
ST_2 : Operation 79 [1/1] (0.00ns)   --->   "%sext_ln708_1 = sext i12 %tmp_164 to i13" [firmware/nnet_utils/nnet_dense_resource.h:59]   --->   Operation 79 'sext' 'sext_ln708_1' <Predicate = true> <Delay = 0.00>
ST_2 : Operation 80 [1/1] (0.00ns)   --->   "%shl_ln1118_14 = call i13 @_ssdm_op_BitConcatenate.i13.i8.i5(i8 %p_read37, i5 0)" [firmware/nnet_utils/nnet_mult.h:73->firmware/nnet_utils/nnet_dense_resource.h:59]   --->   Operation 80 'bitconcatenate' 'shl_ln1118_14' <Predicate = true> <Delay = 0.00>
ST_2 : Operation 81 [1/1] (0.00ns)   --->   "%zext_ln1118_51 = zext i13 %shl_ln1118_14 to i14" [firmware/nnet_utils/nnet_mult.h:73->firmware/nnet_utils/nnet_dense_resource.h:59]   --->   Operation 81 'zext' 'zext_ln1118_51' <Predicate = true> <Delay = 0.00>
ST_2 : Operation 82 [1/1] (1.67ns)   --->   "%sub_ln1118_17 = sub i14 0, %zext_ln1118_51" [firmware/nnet_utils/nnet_mult.h:73->firmware/nnet_utils/nnet_dense_resource.h:59]   --->   Operation 82 'sub' 'sub_ln1118_17' <Predicate = true> <Delay = 1.67> <Core = "AddSub">   --->   Core 14 'AddSub' <Latency = 0> <II = 1> <Delay = 1.94> <FuncUnit> <Opcode : 'add' 'sub'> <InPorts = 2> <OutPorts = 1>
ST_2 : Operation 83 [1/1] (0.00ns)   --->   "%sext_ln1118 = sext i14 %sub_ln1118_17 to i15" [firmware/nnet_utils/nnet_mult.h:73->firmware/nnet_utils/nnet_dense_resource.h:59]   --->   Operation 83 'sext' 'sext_ln1118' <Predicate = true> <Delay = 0.00>
ST_2 : Operation 84 [1/1] (1.81ns)   --->   "%sub_ln1118_18 = sub i15 %sext_ln1118, %zext_ln1118_46" [firmware/nnet_utils/nnet_mult.h:73->firmware/nnet_utils/nnet_dense_resource.h:59]   --->   Operation 84 'sub' 'sub_ln1118_18' <Predicate = true> <Delay = 1.81> <Core = "AddSub">   --->   Core 14 'AddSub' <Latency = 0> <II = 1> <Delay = 1.94> <FuncUnit> <Opcode : 'add' 'sub'> <InPorts = 2> <OutPorts = 1>
ST_2 : Operation 85 [1/1] (0.00ns)   --->   "%tmp_165 = call i14 @_ssdm_op_PartSelect.i14.i15.i32.i32(i15 %sub_ln1118_18, i32 1, i32 14)" [firmware/nnet_utils/nnet_dense_resource.h:59]   --->   Operation 85 'partselect' 'tmp_165' <Predicate = true> <Delay = 0.00>
ST_2 : Operation 86 [1/1] (1.54ns)   --->   "%add_ln703_44 = add i13 %sext_ln708_1, %sext_ln1118_21" [firmware/nnet_utils/nnet_dense_resource.h:59]   --->   Operation 86 'add' 'add_ln703_44' <Predicate = true> <Delay = 1.54> <Core = "AddSub">   --->   Core 14 'AddSub' <Latency = 0> <II = 1> <Delay = 1.94> <FuncUnit> <Opcode : 'add' 'sub'> <InPorts = 2> <OutPorts = 1>
ST_2 : Operation 87 [1/1] (1.54ns)   --->   "%add_ln703_45 = add i12 %trunc_ln1118_6, 448" [firmware/nnet_utils/nnet_dense_resource.h:59]   --->   Operation 87 'add' 'add_ln703_45' <Predicate = true> <Delay = 1.54> <Core = "AddSub">   --->   Core 14 'AddSub' <Latency = 0> <II = 1> <Delay = 1.94> <FuncUnit> <Opcode : 'add' 'sub'> <InPorts = 2> <OutPorts = 1>
ST_2 : Operation 88 [1/1] (0.00ns)   --->   "%shl_ln1118_15 = call i14 @_ssdm_op_BitConcatenate.i14.i8.i6(i8 %p_read_12, i6 0)" [firmware/nnet_utils/nnet_mult.h:73->firmware/nnet_utils/nnet_dense_resource.h:59]   --->   Operation 88 'bitconcatenate' 'shl_ln1118_15' <Predicate = true> <Delay = 0.00>
ST_2 : Operation 89 [1/1] (0.00ns)   --->   "%zext_ln1118_52 = zext i14 %shl_ln1118_15 to i15" [firmware/nnet_utils/nnet_mult.h:73->firmware/nnet_utils/nnet_dense_resource.h:59]   --->   Operation 89 'zext' 'zext_ln1118_52' <Predicate = true> <Delay = 0.00>
ST_2 : Operation 90 [1/1] (0.00ns)   --->   "%shl_ln1118_16 = call i12 @_ssdm_op_BitConcatenate.i12.i8.i4(i8 %p_read_12, i4 0)" [firmware/nnet_utils/nnet_mult.h:73->firmware/nnet_utils/nnet_dense_resource.h:59]   --->   Operation 90 'bitconcatenate' 'shl_ln1118_16' <Predicate = true> <Delay = 0.00>
ST_2 : Operation 91 [1/1] (0.00ns)   --->   "%zext_ln1118_53 = zext i12 %shl_ln1118_16 to i13" [firmware/nnet_utils/nnet_mult.h:73->firmware/nnet_utils/nnet_dense_resource.h:59]   --->   Operation 91 'zext' 'zext_ln1118_53' <Predicate = true> <Delay = 0.00>
ST_2 : Operation 92 [1/1] (0.00ns)   --->   "%zext_ln1118_54 = zext i12 %shl_ln1118_16 to i15" [firmware/nnet_utils/nnet_mult.h:73->firmware/nnet_utils/nnet_dense_resource.h:59]   --->   Operation 92 'zext' 'zext_ln1118_54' <Predicate = true> <Delay = 0.00>
ST_2 : Operation 93 [1/1] (1.81ns)   --->   "%sub_ln1118_19 = sub i15 %zext_ln1118_52, %zext_ln1118_54" [firmware/nnet_utils/nnet_mult.h:73->firmware/nnet_utils/nnet_dense_resource.h:59]   --->   Operation 93 'sub' 'sub_ln1118_19' <Predicate = true> <Delay = 1.81> <Core = "AddSub">   --->   Core 14 'AddSub' <Latency = 0> <II = 1> <Delay = 1.94> <FuncUnit> <Opcode : 'add' 'sub'> <InPorts = 2> <OutPorts = 1>
ST_2 : Operation 94 [1/1] (0.00ns)   --->   "%tmp_166 = call i14 @_ssdm_op_PartSelect.i14.i15.i32.i32(i15 %sub_ln1118_19, i32 1, i32 14)" [firmware/nnet_utils/nnet_mult.h:73->firmware/nnet_utils/nnet_dense_resource.h:59]   --->   Operation 94 'partselect' 'tmp_166' <Predicate = true> <Delay = 0.00>
ST_2 : Operation 95 [1/1] (0.00ns)   --->   "%shl_ln1118_17 = call i10 @_ssdm_op_BitConcatenate.i10.i8.i2(i8 %p_read15, i2 0)" [firmware/nnet_utils/nnet_mult.h:73->firmware/nnet_utils/nnet_dense_resource.h:59]   --->   Operation 95 'bitconcatenate' 'shl_ln1118_17' <Predicate = true> <Delay = 0.00>
ST_2 : Operation 96 [1/1] (0.00ns)   --->   "%zext_ln1118_56 = zext i10 %shl_ln1118_17 to i13" [firmware/nnet_utils/nnet_mult.h:73->firmware/nnet_utils/nnet_dense_resource.h:59]   --->   Operation 96 'zext' 'zext_ln1118_56' <Predicate = true> <Delay = 0.00>
ST_2 : Operation 97 [1/1] (1.54ns)   --->   "%sub_ln1118_20 = sub i13 %zext_ln1118_50, %zext_ln1118_56" [firmware/nnet_utils/nnet_mult.h:73->firmware/nnet_utils/nnet_dense_resource.h:59]   --->   Operation 97 'sub' 'sub_ln1118_20' <Predicate = true> <Delay = 1.54> <Core = "AddSub">   --->   Core 14 'AddSub' <Latency = 0> <II = 1> <Delay = 1.94> <FuncUnit> <Opcode : 'add' 'sub'> <InPorts = 2> <OutPorts = 1>
ST_2 : Operation 98 [1/1] (0.00ns)   --->   "%tmp_167 = call i12 @_ssdm_op_PartSelect.i12.i13.i32.i32(i13 %sub_ln1118_20, i32 1, i32 12)" [firmware/nnet_utils/nnet_mult.h:73->firmware/nnet_utils/nnet_dense_resource.h:59]   --->   Operation 98 'partselect' 'tmp_167' <Predicate = true> <Delay = 0.00>
ST_2 : Operation 99 [1/1] (1.54ns)   --->   "%sub_ln1118_21 = sub i13 %zext_ln1118_43, %zext_ln1118_42" [firmware/nnet_utils/nnet_mult.h:73->firmware/nnet_utils/nnet_dense_resource.h:59]   --->   Operation 99 'sub' 'sub_ln1118_21' <Predicate = true> <Delay = 1.54> <Core = "AddSub">   --->   Core 14 'AddSub' <Latency = 0> <II = 1> <Delay = 1.94> <FuncUnit> <Opcode : 'add' 'sub'> <InPorts = 2> <OutPorts = 1>
ST_2 : Operation 100 [1/1] (0.00ns)   --->   "%tmp_168 = call i12 @_ssdm_op_PartSelect.i12.i13.i32.i32(i13 %sub_ln1118_21, i32 1, i32 12)" [firmware/nnet_utils/nnet_dense_resource.h:59]   --->   Operation 100 'partselect' 'tmp_168' <Predicate = true> <Delay = 0.00>
ST_2 : Operation 101 [1/1] (0.00ns)   --->   "%sext_ln703_34 = sext i12 %tmp_168 to i13" [firmware/nnet_utils/nnet_dense_resource.h:59]   --->   Operation 101 'sext' 'sext_ln703_34' <Predicate = true> <Delay = 0.00>
ST_2 : Operation 102 [1/1] (1.73ns)   --->   "%add_ln703_49 = add i10 %lshr_ln708_6, -320" [firmware/nnet_utils/nnet_dense_resource.h:59]   --->   Operation 102 'add' 'add_ln703_49' <Predicate = true> <Delay = 1.73> <Core = "AddSub">   --->   Core 14 'AddSub' <Latency = 0> <II = 1> <Delay = 1.94> <FuncUnit> <Opcode : 'add' 'sub'> <InPorts = 2> <OutPorts = 1>
ST_2 : Operation 103 [1/1] (0.00ns)   --->   "%sext_ln703_35 = sext i10 %add_ln703_49 to i13" [firmware/nnet_utils/nnet_dense_resource.h:59]   --->   Operation 103 'sext' 'sext_ln703_35' <Predicate = true> <Delay = 0.00>
ST_2 : Operation 104 [1/1] (1.54ns)   --->   "%add_ln703_50 = add i13 %sext_ln703_34, %sext_ln703_35" [firmware/nnet_utils/nnet_dense_resource.h:59]   --->   Operation 104 'add' 'add_ln703_50' <Predicate = true> <Delay = 1.54> <Core = "AddSub">   --->   Core 14 'AddSub' <Latency = 0> <II = 1> <Delay = 1.94> <FuncUnit> <Opcode : 'add' 'sub'> <InPorts = 2> <OutPorts = 1>
ST_2 : Operation 105 [1/1] (1.54ns)   --->   "%sub_ln1118_22 = sub i13 0, %zext_ln1118_53" [firmware/nnet_utils/nnet_mult.h:73->firmware/nnet_utils/nnet_dense_resource.h:59]   --->   Operation 105 'sub' 'sub_ln1118_22' <Predicate = true> <Delay = 1.54> <Core = "AddSub">   --->   Core 14 'AddSub' <Latency = 0> <II = 1> <Delay = 1.94> <FuncUnit> <Opcode : 'add' 'sub'> <InPorts = 2> <OutPorts = 1>
ST_2 : Operation 106 [1/1] (0.00ns)   --->   "%tmp_169 = call i12 @_ssdm_op_PartSelect.i12.i13.i32.i32(i13 %sub_ln1118_22, i32 1, i32 12)" [firmware/nnet_utils/nnet_mult.h:73->firmware/nnet_utils/nnet_dense_resource.h:59]   --->   Operation 106 'partselect' 'tmp_169' <Predicate = true> <Delay = 0.00>
ST_2 : Operation 107 [1/1] (1.67ns)   --->   "%sub_ln1118_23 = sub i14 0, %zext_ln1118_38" [firmware/nnet_utils/nnet_mult.h:73->firmware/nnet_utils/nnet_dense_resource.h:59]   --->   Operation 107 'sub' 'sub_ln1118_23' <Predicate = true> <Delay = 1.67> <Core = "AddSub">   --->   Core 14 'AddSub' <Latency = 0> <II = 1> <Delay = 1.94> <FuncUnit> <Opcode : 'add' 'sub'> <InPorts = 2> <OutPorts = 1>
ST_2 : Operation 108 [1/1] (0.00ns)   --->   "%sext_ln1118_1 = sext i14 %sub_ln1118_23 to i15" [firmware/nnet_utils/nnet_mult.h:73->firmware/nnet_utils/nnet_dense_resource.h:59]   --->   Operation 108 'sext' 'sext_ln1118_1' <Predicate = true> <Delay = 0.00>
ST_2 : Operation 109 [1/1] (0.00ns)   --->   "%shl_ln1118_18 = call i9 @_ssdm_op_BitConcatenate.i9.i8.i1(i8 %p_read15, i1 false)" [firmware/nnet_utils/nnet_mult.h:73->firmware/nnet_utils/nnet_dense_resource.h:59]   --->   Operation 109 'bitconcatenate' 'shl_ln1118_18' <Predicate = true> <Delay = 0.00>
ST_2 : Operation 110 [1/1] (0.00ns)   --->   "%zext_ln1118_57 = zext i9 %shl_ln1118_18 to i14" [firmware/nnet_utils/nnet_mult.h:73->firmware/nnet_utils/nnet_dense_resource.h:59]   --->   Operation 110 'zext' 'zext_ln1118_57' <Predicate = true> <Delay = 0.00>
ST_2 : Operation 111 [1/1] (0.00ns)   --->   "%zext_ln1118_58 = zext i9 %shl_ln1118_18 to i15" [firmware/nnet_utils/nnet_mult.h:73->firmware/nnet_utils/nnet_dense_resource.h:59]   --->   Operation 111 'zext' 'zext_ln1118_58' <Predicate = true> <Delay = 0.00>
ST_2 : Operation 112 [1/1] (1.81ns)   --->   "%sub_ln1118_24 = sub i15 %sext_ln1118_1, %zext_ln1118_58" [firmware/nnet_utils/nnet_mult.h:73->firmware/nnet_utils/nnet_dense_resource.h:59]   --->   Operation 112 'sub' 'sub_ln1118_24' <Predicate = true> <Delay = 1.81> <Core = "AddSub">   --->   Core 14 'AddSub' <Latency = 0> <II = 1> <Delay = 1.94> <FuncUnit> <Opcode : 'add' 'sub'> <InPorts = 2> <OutPorts = 1>
ST_2 : Operation 113 [1/1] (0.00ns)   --->   "%tmp_170 = call i14 @_ssdm_op_PartSelect.i14.i15.i32.i32(i15 %sub_ln1118_24, i32 1, i32 14)" [firmware/nnet_utils/nnet_dense_resource.h:59]   --->   Operation 113 'partselect' 'tmp_170' <Predicate = true> <Delay = 0.00>
ST_2 : Operation 114 [1/1] (0.00ns)   --->   "%shl_ln1118_19 = call i12 @_ssdm_op_BitConcatenate.i12.i8.i4(i8 %p_read37, i4 0)" [firmware/nnet_utils/nnet_mult.h:73->firmware/nnet_utils/nnet_dense_resource.h:59]   --->   Operation 114 'bitconcatenate' 'shl_ln1118_19' <Predicate = true> <Delay = 0.00>
ST_2 : Operation 115 [1/1] (0.00ns)   --->   "%zext_ln1118_59 = zext i12 %shl_ln1118_19 to i13" [firmware/nnet_utils/nnet_mult.h:73->firmware/nnet_utils/nnet_dense_resource.h:59]   --->   Operation 115 'zext' 'zext_ln1118_59' <Predicate = true> <Delay = 0.00>
ST_2 : Operation 116 [1/1] (1.54ns)   --->   "%sub_ln1118_25 = sub i13 %zext_ln1118_59, %zext_ln1118_45" [firmware/nnet_utils/nnet_mult.h:73->firmware/nnet_utils/nnet_dense_resource.h:59]   --->   Operation 116 'sub' 'sub_ln1118_25' <Predicate = true> <Delay = 1.54> <Core = "AddSub">   --->   Core 14 'AddSub' <Latency = 0> <II = 1> <Delay = 1.94> <FuncUnit> <Opcode : 'add' 'sub'> <InPorts = 2> <OutPorts = 1>
ST_2 : Operation 117 [1/1] (0.00ns)   --->   "%tmp_171 = call i12 @_ssdm_op_PartSelect.i12.i13.i32.i32(i13 %sub_ln1118_25, i32 1, i32 12)" [firmware/nnet_utils/nnet_dense_resource.h:59]   --->   Operation 117 'partselect' 'tmp_171' <Predicate = true> <Delay = 0.00>
ST_2 : Operation 118 [1/1] (0.00ns)   --->   "%sext_ln703_37 = sext i12 %tmp_171 to i14" [firmware/nnet_utils/nnet_dense_resource.h:59]   --->   Operation 118 'sext' 'sext_ln703_37' <Predicate = true> <Delay = 0.00>
ST_2 : Operation 119 [1/1] (1.54ns)   --->   "%add_ln703_53 = add i12 %trunc_ln1118_7, 224" [firmware/nnet_utils/nnet_dense_resource.h:59]   --->   Operation 119 'add' 'add_ln703_53' <Predicate = true> <Delay = 1.54> <Core = "AddSub">   --->   Core 14 'AddSub' <Latency = 0> <II = 1> <Delay = 1.94> <FuncUnit> <Opcode : 'add' 'sub'> <InPorts = 2> <OutPorts = 1>
ST_2 : Operation 120 [1/1] (0.00ns)   --->   "%zext_ln703_18 = zext i12 %add_ln703_53 to i14" [firmware/nnet_utils/nnet_dense_resource.h:59]   --->   Operation 120 'zext' 'zext_ln703_18' <Predicate = true> <Delay = 0.00>
ST_2 : Operation 121 [1/1] (1.54ns)   --->   "%add_ln703_54 = add i14 %sext_ln703_37, %zext_ln703_18" [firmware/nnet_utils/nnet_dense_resource.h:59]   --->   Operation 121 'add' 'add_ln703_54' <Predicate = true> <Delay = 1.54> <Core = "AddSub">   --->   Core 14 'AddSub' <Latency = 0> <II = 1> <Delay = 1.94> <FuncUnit> <Opcode : 'add' 'sub'> <InPorts = 2> <OutPorts = 1>
ST_2 : Operation 122 [1/1] (0.00ns)   --->   "%shl_ln1118_20 = call i9 @_ssdm_op_BitConcatenate.i9.i8.i1(i8 %p_read_12, i1 false)" [firmware/nnet_utils/nnet_mult.h:73->firmware/nnet_utils/nnet_dense_resource.h:59]   --->   Operation 122 'bitconcatenate' 'shl_ln1118_20' <Predicate = true> <Delay = 0.00>
ST_2 : Operation 123 [1/1] (0.00ns)   --->   "%zext_ln1118_60 = zext i9 %shl_ln1118_20 to i10" [firmware/nnet_utils/nnet_mult.h:73->firmware/nnet_utils/nnet_dense_resource.h:59]   --->   Operation 123 'zext' 'zext_ln1118_60' <Predicate = true> <Delay = 0.00>
ST_2 : Operation 124 [1/1] (1.82ns)   --->   "%sub_ln1118_26 = sub i10 0, %zext_ln1118_60" [firmware/nnet_utils/nnet_mult.h:73->firmware/nnet_utils/nnet_dense_resource.h:59]   --->   Operation 124 'sub' 'sub_ln1118_26' <Predicate = true> <Delay = 1.82> <Core = "AddSub">   --->   Core 14 'AddSub' <Latency = 0> <II = 1> <Delay = 1.94> <FuncUnit> <Opcode : 'add' 'sub'> <InPorts = 2> <OutPorts = 1>
ST_2 : Operation 125 [1/1] (0.00ns)   --->   "%tmp_172 = call i9 @_ssdm_op_PartSelect.i9.i10.i32.i32(i10 %sub_ln1118_26, i32 1, i32 9)" [firmware/nnet_utils/nnet_mult.h:73->firmware/nnet_utils/nnet_dense_resource.h:59]   --->   Operation 125 'partselect' 'tmp_172' <Predicate = true> <Delay = 0.00>
ST_2 : Operation 126 [1/1] (0.00ns)   --->   "%sext_ln1118_25 = sext i9 %tmp_172 to i15" [firmware/nnet_utils/nnet_mult.h:73->firmware/nnet_utils/nnet_dense_resource.h:59]   --->   Operation 126 'sext' 'sext_ln1118_25' <Predicate = true> <Delay = 0.00>
ST_2 : Operation 127 [1/1] (1.67ns)   --->   "%add_ln1118_6 = add i14 %zext_ln1118_38, %zext_ln1118_57" [firmware/nnet_utils/nnet_mult.h:73->firmware/nnet_utils/nnet_dense_resource.h:59]   --->   Operation 127 'add' 'add_ln1118_6' <Predicate = true> <Delay = 1.67> <Core = "AddSub">   --->   Core 14 'AddSub' <Latency = 0> <II = 1> <Delay = 1.94> <FuncUnit> <Opcode : 'add' 'sub'> <InPorts = 2> <OutPorts = 1>
ST_2 : Operation 128 [1/1] (0.00ns)   --->   "%tmp_173 = call i13 @_ssdm_op_PartSelect.i13.i14.i32.i32(i14 %add_ln1118_6, i32 1, i32 13)" [firmware/nnet_utils/nnet_dense_resource.h:59]   --->   Operation 128 'partselect' 'tmp_173' <Predicate = true> <Delay = 0.00>
ST_2 : Operation 129 [1/1] (0.00ns)   --->   "%zext_ln708_7 = zext i13 %tmp_173 to i15" [firmware/nnet_utils/nnet_dense_resource.h:59]   --->   Operation 129 'zext' 'zext_ln708_7' <Predicate = true> <Delay = 0.00>
ST_2 : Operation 130 [1/1] (0.00ns)   --->   "%zext_ln708_8 = zext i8 %p_read37 to i14" [firmware/nnet_utils/nnet_dense_resource.h:59]   --->   Operation 130 'zext' 'zext_ln708_8' <Predicate = true> <Delay = 0.00>
ST_2 : Operation 131 [1/1] (4.17ns)   --->   "%mul_ln708_6 = mul i14 %zext_ln708_8, 38" [firmware/nnet_utils/nnet_dense_resource.h:59]   --->   Operation 131 'mul' 'mul_ln708_6' <Predicate = true> <Delay = 4.17> <Core = "Mul">   --->   Core 16 'Mul' <Latency = 0> <II = 1> <Delay = 4.17> <FuncUnit> <Opcode : 'mul'> <InPorts = 2> <OutPorts = 1>
ST_2 : Operation 132 [1/1] (0.00ns)   --->   "%lshr_ln708_8 = call i13 @_ssdm_op_PartSelect.i13.i14.i32.i32(i14 %mul_ln708_6, i32 1, i32 13)" [firmware/nnet_utils/nnet_dense_resource.h:59]   --->   Operation 132 'partselect' 'lshr_ln708_8' <Predicate = true> <Delay = 0.00>
ST_2 : Operation 133 [1/1] (1.67ns)   --->   "%add_ln703_56 = add i15 %zext_ln708_7, %sext_ln1118_25" [firmware/nnet_utils/nnet_dense_resource.h:59]   --->   Operation 133 'add' 'add_ln703_56' <Predicate = true> <Delay = 1.67> <Core = "AddSub">   --->   Core 14 'AddSub' <Latency = 0> <II = 1> <Delay = 1.94> <FuncUnit> <Opcode : 'add' 'sub'> <InPorts = 2> <OutPorts = 1>
ST_2 : Operation 134 [1/1] (1.82ns)   --->   "%add_ln703_57 = add i9 %zext_ln1118_40, -192" [firmware/nnet_utils/nnet_dense_resource.h:59]   --->   Operation 134 'add' 'add_ln703_57' <Predicate = true> <Delay = 1.82> <Core = "AddSub">   --->   Core 14 'AddSub' <Latency = 0> <II = 1> <Delay = 1.94> <FuncUnit> <Opcode : 'add' 'sub'> <InPorts = 2> <OutPorts = 1>

State 3 <SV = 2> <Delay = 3.87>
ST_3 : Operation 135 [1/1] (0.00ns)   --->   "%zext_ln1118_55 = zext i11 %tmp_154 to i14" [firmware/nnet_utils/nnet_mult.h:73->firmware/nnet_utils/nnet_dense_resource.h:59]   --->   Operation 135 'zext' 'zext_ln1118_55' <Predicate = true> <Delay = 0.00>
ST_3 : Operation 136 [1/1] (0.00ns)   --->   "%sext_ln1118_16 = sext i13 %tmp_155 to i14" [firmware/nnet_utils/nnet_mult.h:73->firmware/nnet_utils/nnet_dense_resource.h:59]   --->   Operation 136 'sext' 'sext_ln1118_16' <Predicate = true> <Delay = 0.00>
ST_3 : Operation 137 [1/1] (1.67ns)   --->   "%add_ln703 = add i14 %zext_ln1118_55, %sext_ln1118_16" [firmware/nnet_utils/nnet_dense_resource.h:59]   --->   Operation 137 'add' 'add_ln703' <Predicate = true> <Delay = 1.67> <Core = "AddSub">   --->   Core 14 'AddSub' <Latency = 0> <II = 1> <Delay = 1.94> <FuncUnit> <Opcode : 'add' 'sub'> <InPorts = 2> <OutPorts = 1>
ST_3 : Operation 138 [1/1] (0.00ns)   --->   "%sext_ln703_25 = sext i14 %add_ln703 to i15" [firmware/nnet_utils/nnet_dense_resource.h:59]   --->   Operation 138 'sext' 'sext_ln703_25' <Predicate = true> <Delay = 0.00>
ST_3 : Operation 139 [1/1] (0.00ns)   --->   "%zext_ln703_15 = zext i12 %add_ln703_31 to i15" [firmware/nnet_utils/nnet_dense_resource.h:59]   --->   Operation 139 'zext' 'zext_ln703_15' <Predicate = true> <Delay = 0.00>
ST_3 : Operation 140 [1/1] (1.81ns)   --->   "%p_Val2_s = add i15 %sext_ln703_25, %zext_ln703_15" [firmware/nnet_utils/nnet_dense_resource.h:59]   --->   Operation 140 'add' 'p_Val2_s' <Predicate = true> <Delay = 1.81> <Core = "AddSub">   --->   Core 14 'AddSub' <Latency = 0> <II = 1> <Delay = 1.94> <FuncUnit> <Opcode : 'add' 'sub'> <InPorts = 2> <OutPorts = 1>
ST_3 : Operation 141 [1/1] (0.00ns)   --->   "%sext_ln1118_17 = sext i12 %tmp_156 to i14" [firmware/nnet_utils/nnet_mult.h:73->firmware/nnet_utils/nnet_dense_resource.h:59]   --->   Operation 141 'sext' 'sext_ln1118_17' <Predicate = true> <Delay = 0.00>
ST_3 : Operation 142 [1/1] (0.00ns)   --->   "%sext_ln1118_18 = sext i13 %tmp_157 to i14" [firmware/nnet_utils/nnet_mult.h:73->firmware/nnet_utils/nnet_dense_resource.h:59]   --->   Operation 142 'sext' 'sext_ln1118_18' <Predicate = true> <Delay = 0.00>
ST_3 : Operation 143 [1/1] (0.00ns)   --->   "%sext_ln1118_19 = sext i12 %tmp_158 to i13" [firmware/nnet_utils/nnet_mult.h:73->firmware/nnet_utils/nnet_dense_resource.h:59]   --->   Operation 143 'sext' 'sext_ln1118_19' <Predicate = true> <Delay = 0.00>
ST_3 : Operation 144 [1/1] (0.00ns)   --->   "%sext_ln703_26 = sext i10 %tmp_159 to i14" [firmware/nnet_utils/nnet_dense_resource.h:59]   --->   Operation 144 'sext' 'sext_ln703_26' <Predicate = true> <Delay = 0.00>
ST_3 : Operation 145 [1/1] (0.00ns)   --->   "%sext_ln703_27 = sext i10 %tmp_159 to i13" [firmware/nnet_utils/nnet_dense_resource.h:59]   --->   Operation 145 'sext' 'sext_ln703_27' <Predicate = true> <Delay = 0.00>
ST_3 : Operation 146 [1/1] (1.67ns)   --->   "%add_ln703_33 = add i14 %sext_ln1118_17, %sext_ln1118_18" [firmware/nnet_utils/nnet_dense_resource.h:59]   --->   Operation 146 'add' 'add_ln703_33' <Predicate = true> <Delay = 1.67> <Core = "AddSub">   --->   Core 14 'AddSub' <Latency = 0> <II = 1> <Delay = 1.94> <FuncUnit> <Opcode : 'add' 'sub'> <InPorts = 2> <OutPorts = 1>
ST_3 : Operation 147 [1/1] (0.00ns)   --->   "%sext_ln703_28 = sext i14 %add_ln703_33 to i15" [firmware/nnet_utils/nnet_dense_resource.h:59]   --->   Operation 147 'sext' 'sext_ln703_28' <Predicate = true> <Delay = 0.00>
ST_3 : Operation 148 [1/1] (1.54ns)   --->   "%add_ln703_34 = add i13 %sext_ln703_27, %sext_ln1118_19" [firmware/nnet_utils/nnet_dense_resource.h:59]   --->   Operation 148 'add' 'add_ln703_34' <Predicate = true> <Delay = 1.54> <Core = "AddSub">   --->   Core 14 'AddSub' <Latency = 0> <II = 1> <Delay = 1.94> <FuncUnit> <Opcode : 'add' 'sub'> <InPorts = 2> <OutPorts = 1>
ST_3 : Operation 149 [1/1] (0.00ns)   --->   "%sext_ln703_29 = sext i13 %add_ln703_34 to i15" [firmware/nnet_utils/nnet_dense_resource.h:59]   --->   Operation 149 'sext' 'sext_ln703_29' <Predicate = true> <Delay = 0.00>
ST_3 : Operation 150 [1/1] (1.81ns)   --->   "%acc_1_V = add i15 %sext_ln703_28, %sext_ln703_29" [firmware/nnet_utils/nnet_dense_resource.h:59]   --->   Operation 150 'add' 'acc_1_V' <Predicate = true> <Delay = 1.81> <Core = "AddSub">   --->   Core 14 'AddSub' <Latency = 0> <II = 1> <Delay = 1.94> <FuncUnit> <Opcode : 'add' 'sub'> <InPorts = 2> <OutPorts = 1>
ST_3 : Operation 151 [1/1] (0.00ns)   --->   "%zext_ln708 = zext i12 %tmp_160 to i14" [firmware/nnet_utils/nnet_dense_resource.h:59]   --->   Operation 151 'zext' 'zext_ln708' <Predicate = true> <Delay = 0.00>
ST_3 : Operation 152 [1/1] (0.00ns) (grouped into TernaryAdder)   --->   "%add_ln703_36 = add i14 %zext_ln708, %sext_ln703_26" [firmware/nnet_utils/nnet_dense_resource.h:59]   --->   Operation 152 'add' 'add_ln703_36' <Predicate = true> <Delay = 0.00> <Core = "TAddSub">   --->   Core 83 'TAddSub' <Latency = 0> <II = 1> <Delay = 1.93> <IPBlock> <Opcode : 'add' 'sub'> <InPorts = 3> <OutPorts = 1> <Sync> <CReg>
ST_3 : Operation 153 [1/1] (0.00ns)   --->   "%sext_ln703_30 = sext i13 %add_ln703_38 to i14" [firmware/nnet_utils/nnet_dense_resource.h:59]   --->   Operation 153 'sext' 'sext_ln703_30' <Predicate = true> <Delay = 0.00>
ST_3 : Operation 154 [1/1] (3.84ns) (root node of TernaryAdder)   --->   "%acc_2_V = add i14 %add_ln703_36, %sext_ln703_30" [firmware/nnet_utils/nnet_dense_resource.h:59]   --->   Operation 154 'add' 'acc_2_V' <Predicate = true> <Delay = 3.84> <Core = "TAddSub">   --->   Core 83 'TAddSub' <Latency = 0> <II = 1> <Delay = 1.93> <IPBlock> <Opcode : 'add' 'sub'> <InPorts = 3> <OutPorts = 1> <Sync> <CReg>
ST_3 : Operation 155 [1/1] (0.00ns)   --->   "%sext_ln708 = sext i13 %tmp_161 to i14" [firmware/nnet_utils/nnet_dense_resource.h:59]   --->   Operation 155 'sext' 'sext_ln708' <Predicate = true> <Delay = 0.00>
ST_3 : Operation 156 [1/1] (0.00ns)   --->   "%sext_ln1118_20 = sext i13 %tmp_162 to i14" [firmware/nnet_utils/nnet_mult.h:73->firmware/nnet_utils/nnet_dense_resource.h:59]   --->   Operation 156 'sext' 'sext_ln1118_20' <Predicate = true> <Delay = 0.00>
ST_3 : Operation 157 [1/1] (1.67ns)   --->   "%add_ln703_40 = add i14 %sext_ln1118_20, %sext_ln708" [firmware/nnet_utils/nnet_dense_resource.h:59]   --->   Operation 157 'add' 'add_ln703_40' <Predicate = true> <Delay = 1.67> <Core = "AddSub">   --->   Core 14 'AddSub' <Latency = 0> <II = 1> <Delay = 1.94> <FuncUnit> <Opcode : 'add' 'sub'> <InPorts = 2> <OutPorts = 1>
ST_3 : Operation 158 [1/1] (0.00ns)   --->   "%sext_ln703_31 = sext i14 %add_ln703_40 to i15" [firmware/nnet_utils/nnet_dense_resource.h:59]   --->   Operation 158 'sext' 'sext_ln703_31' <Predicate = true> <Delay = 0.00>
ST_3 : Operation 159 [1/1] (0.00ns)   --->   "%zext_ln703_16 = zext i13 %add_ln703_42 to i15" [firmware/nnet_utils/nnet_dense_resource.h:59]   --->   Operation 159 'zext' 'zext_ln703_16' <Predicate = true> <Delay = 0.00>
ST_3 : Operation 160 [1/1] (1.81ns)   --->   "%acc_3_V = add i15 %sext_ln703_31, %zext_ln703_16" [firmware/nnet_utils/nnet_dense_resource.h:59]   --->   Operation 160 'add' 'acc_3_V' <Predicate = true> <Delay = 1.81> <Core = "AddSub">   --->   Core 14 'AddSub' <Latency = 0> <II = 1> <Delay = 1.94> <FuncUnit> <Opcode : 'add' 'sub'> <InPorts = 2> <OutPorts = 1>
ST_3 : Operation 161 [1/1] (0.00ns)   --->   "%sext_ln703_32 = sext i14 %tmp_165 to i15" [firmware/nnet_utils/nnet_dense_resource.h:59]   --->   Operation 161 'sext' 'sext_ln703_32' <Predicate = true> <Delay = 0.00>
ST_3 : Operation 162 [1/1] (0.00ns)   --->   "%sext_ln703_33 = sext i13 %add_ln703_44 to i15" [firmware/nnet_utils/nnet_dense_resource.h:59]   --->   Operation 162 'sext' 'sext_ln703_33' <Predicate = true> <Delay = 0.00>
ST_3 : Operation 163 [1/1] (0.00ns)   --->   "%zext_ln703_17 = zext i12 %add_ln703_45 to i15" [firmware/nnet_utils/nnet_dense_resource.h:59]   --->   Operation 163 'zext' 'zext_ln703_17' <Predicate = true> <Delay = 0.00>
ST_3 : Operation 164 [1/1] (0.00ns) (grouped into TernaryAdder)   --->   "%add_ln703_46 = add i15 %sext_ln703_32, %zext_ln703_17" [firmware/nnet_utils/nnet_dense_resource.h:59]   --->   Operation 164 'add' 'add_ln703_46' <Predicate = true> <Delay = 0.00> <Core = "TAddSub">   --->   Core 83 'TAddSub' <Latency = 0> <II = 1> <Delay = 1.93> <IPBlock> <Opcode : 'add' 'sub'> <InPorts = 3> <OutPorts = 1> <Sync> <CReg>
ST_3 : Operation 165 [1/1] (3.87ns) (root node of TernaryAdder)   --->   "%acc_4_V = add i15 %sext_ln703_33, %add_ln703_46" [firmware/nnet_utils/nnet_dense_resource.h:59]   --->   Operation 165 'add' 'acc_4_V' <Predicate = true> <Delay = 3.87> <Core = "TAddSub">   --->   Core 83 'TAddSub' <Latency = 0> <II = 1> <Delay = 1.93> <IPBlock> <Opcode : 'add' 'sub'> <InPorts = 3> <OutPorts = 1> <Sync> <CReg>
ST_3 : Operation 166 [1/1] (0.00ns)   --->   "%sext_ln1118_22 = sext i14 %tmp_166 to i15" [firmware/nnet_utils/nnet_mult.h:73->firmware/nnet_utils/nnet_dense_resource.h:59]   --->   Operation 166 'sext' 'sext_ln1118_22' <Predicate = true> <Delay = 0.00>
ST_3 : Operation 167 [1/1] (0.00ns)   --->   "%sext_ln1118_23 = sext i12 %tmp_167 to i15" [firmware/nnet_utils/nnet_mult.h:73->firmware/nnet_utils/nnet_dense_resource.h:59]   --->   Operation 167 'sext' 'sext_ln1118_23' <Predicate = true> <Delay = 0.00>
ST_3 : Operation 168 [1/1] (0.00ns) (grouped into TernaryAdder)   --->   "%add_ln703_48 = add i15 %sext_ln1118_23, %sext_ln1118_22" [firmware/nnet_utils/nnet_dense_resource.h:59]   --->   Operation 168 'add' 'add_ln703_48' <Predicate = true> <Delay = 0.00> <Core = "TAddSub">   --->   Core 83 'TAddSub' <Latency = 0> <II = 1> <Delay = 1.93> <IPBlock> <Opcode : 'add' 'sub'> <InPorts = 3> <OutPorts = 1> <Sync> <CReg>
ST_3 : Operation 169 [1/1] (0.00ns)   --->   "%sext_ln703_36 = sext i13 %add_ln703_50 to i15" [firmware/nnet_utils/nnet_dense_resource.h:59]   --->   Operation 169 'sext' 'sext_ln703_36' <Predicate = true> <Delay = 0.00>
ST_3 : Operation 170 [1/1] (3.87ns) (root node of TernaryAdder)   --->   "%acc_5_V = add i15 %add_ln703_48, %sext_ln703_36" [firmware/nnet_utils/nnet_dense_resource.h:59]   --->   Operation 170 'add' 'acc_5_V' <Predicate = true> <Delay = 3.87> <Core = "TAddSub">   --->   Core 83 'TAddSub' <Latency = 0> <II = 1> <Delay = 1.93> <IPBlock> <Opcode : 'add' 'sub'> <InPorts = 3> <OutPorts = 1> <Sync> <CReg>
ST_3 : Operation 171 [1/1] (0.00ns)   --->   "%sext_ln1118_24 = sext i12 %tmp_169 to i15" [firmware/nnet_utils/nnet_mult.h:73->firmware/nnet_utils/nnet_dense_resource.h:59]   --->   Operation 171 'sext' 'sext_ln1118_24' <Predicate = true> <Delay = 0.00>
ST_3 : Operation 172 [1/1] (0.00ns)   --->   "%sext_ln708_2 = sext i14 %tmp_170 to i15" [firmware/nnet_utils/nnet_dense_resource.h:59]   --->   Operation 172 'sext' 'sext_ln708_2' <Predicate = true> <Delay = 0.00>
ST_3 : Operation 173 [1/1] (0.00ns) (grouped into TernaryAdder)   --->   "%add_ln703_52 = add i15 %sext_ln708_2, %sext_ln1118_24" [firmware/nnet_utils/nnet_dense_resource.h:59]   --->   Operation 173 'add' 'add_ln703_52' <Predicate = true> <Delay = 0.00> <Core = "TAddSub">   --->   Core 83 'TAddSub' <Latency = 0> <II = 1> <Delay = 1.93> <IPBlock> <Opcode : 'add' 'sub'> <InPorts = 3> <OutPorts = 1> <Sync> <CReg>
ST_3 : Operation 174 [1/1] (0.00ns)   --->   "%sext_ln703_38 = sext i14 %add_ln703_54 to i15" [firmware/nnet_utils/nnet_dense_resource.h:59]   --->   Operation 174 'sext' 'sext_ln703_38' <Predicate = true> <Delay = 0.00>
ST_3 : Operation 175 [1/1] (3.87ns) (root node of TernaryAdder)   --->   "%acc_6_V = add i15 %add_ln703_52, %sext_ln703_38" [firmware/nnet_utils/nnet_dense_resource.h:59]   --->   Operation 175 'add' 'acc_6_V' <Predicate = true> <Delay = 3.87> <Core = "TAddSub">   --->   Core 83 'TAddSub' <Latency = 0> <II = 1> <Delay = 1.93> <IPBlock> <Opcode : 'add' 'sub'> <InPorts = 3> <OutPorts = 1> <Sync> <CReg>
ST_3 : Operation 176 [1/1] (0.00ns)   --->   "%zext_ln708_9 = zext i13 %lshr_ln708_8 to i14" [firmware/nnet_utils/nnet_dense_resource.h:59]   --->   Operation 176 'zext' 'zext_ln708_9' <Predicate = true> <Delay = 0.00>
ST_3 : Operation 177 [1/1] (0.00ns)   --->   "%sext_ln703_39 = sext i15 %add_ln703_56 to i16" [firmware/nnet_utils/nnet_dense_resource.h:59]   --->   Operation 177 'sext' 'sext_ln703_39' <Predicate = true> <Delay = 0.00>
ST_3 : Operation 178 [1/1] (0.00ns)   --->   "%sext_ln703_4 = sext i9 %add_ln703_57 to i14" [firmware/nnet_utils/nnet_dense_resource.h:59]   --->   Operation 178 'sext' 'sext_ln703_4' <Predicate = true> <Delay = 0.00>
ST_3 : Operation 179 [1/1] (1.67ns)   --->   "%add_ln703_58 = add i14 %zext_ln708_9, %sext_ln703_4" [firmware/nnet_utils/nnet_dense_resource.h:59]   --->   Operation 179 'add' 'add_ln703_58' <Predicate = true> <Delay = 1.67> <Core = "AddSub">   --->   Core 14 'AddSub' <Latency = 0> <II = 1> <Delay = 1.94> <FuncUnit> <Opcode : 'add' 'sub'> <InPorts = 2> <OutPorts = 1>
ST_3 : Operation 180 [1/1] (0.00ns)   --->   "%sext_ln703_5 = sext i14 %add_ln703_58 to i16" [firmware/nnet_utils/nnet_dense_resource.h:59]   --->   Operation 180 'sext' 'sext_ln703_5' <Predicate = true> <Delay = 0.00>
ST_3 : Operation 181 [1/1] (1.94ns)   --->   "%acc_7_V = add i16 %sext_ln703_39, %sext_ln703_5" [firmware/nnet_utils/nnet_dense_resource.h:59]   --->   Operation 181 'add' 'acc_7_V' <Predicate = true> <Delay = 1.94> <Core = "AddSub">   --->   Core 14 'AddSub' <Latency = 0> <II = 1> <Delay = 1.94> <FuncUnit> <Opcode : 'add' 'sub'> <InPorts = 2> <OutPorts = 1>
ST_3 : Operation 182 [1/1] (0.00ns)   --->   "%tmp_174 = call i16 @_ssdm_op_BitConcatenate.i16.i15.i1(i15 %p_Val2_s, i1 false)" [firmware/nnet_utils/nnet_mult.h:111->firmware/nnet_utils/nnet_dense_resource.h:82]   --->   Operation 182 'bitconcatenate' 'tmp_174' <Predicate = true> <Delay = 0.00>
ST_3 : Operation 183 [1/1] (0.00ns)   --->   "%sext_ln728 = sext i16 %tmp_174 to i17" [firmware/nnet_utils/nnet_mult.h:111->firmware/nnet_utils/nnet_dense_resource.h:82]   --->   Operation 183 'sext' 'sext_ln728' <Predicate = true> <Delay = 0.00>
ST_3 : Operation 184 [1/1] (0.00ns)   --->   "%tmp_175 = call i16 @_ssdm_op_BitConcatenate.i16.i15.i1(i15 %acc_1_V, i1 false)" [firmware/nnet_utils/nnet_mult.h:111->firmware/nnet_utils/nnet_dense_resource.h:82]   --->   Operation 184 'bitconcatenate' 'tmp_175' <Predicate = true> <Delay = 0.00>
ST_3 : Operation 185 [1/1] (0.00ns)   --->   "%sext_ln728_4 = sext i16 %tmp_175 to i17" [firmware/nnet_utils/nnet_mult.h:111->firmware/nnet_utils/nnet_dense_resource.h:82]   --->   Operation 185 'sext' 'sext_ln728_4' <Predicate = true> <Delay = 0.00>
ST_3 : Operation 186 [1/1] (0.00ns)   --->   "%tmp_176 = call i15 @_ssdm_op_BitConcatenate.i15.i14.i1(i14 %acc_2_V, i1 false)" [firmware/nnet_utils/nnet_mult.h:111->firmware/nnet_utils/nnet_dense_resource.h:82]   --->   Operation 186 'bitconcatenate' 'tmp_176' <Predicate = true> <Delay = 0.00>
ST_3 : Operation 187 [1/1] (0.00ns)   --->   "%sext_ln728_5 = sext i15 %tmp_176 to i17" [firmware/nnet_utils/nnet_mult.h:111->firmware/nnet_utils/nnet_dense_resource.h:82]   --->   Operation 187 'sext' 'sext_ln728_5' <Predicate = true> <Delay = 0.00>
ST_3 : Operation 188 [1/1] (0.00ns)   --->   "%tmp_177 = call i16 @_ssdm_op_BitConcatenate.i16.i15.i1(i15 %acc_3_V, i1 false)" [firmware/nnet_utils/nnet_mult.h:111->firmware/nnet_utils/nnet_dense_resource.h:82]   --->   Operation 188 'bitconcatenate' 'tmp_177' <Predicate = true> <Delay = 0.00>
ST_3 : Operation 189 [1/1] (0.00ns)   --->   "%sext_ln728_6 = sext i16 %tmp_177 to i17" [firmware/nnet_utils/nnet_mult.h:111->firmware/nnet_utils/nnet_dense_resource.h:82]   --->   Operation 189 'sext' 'sext_ln728_6' <Predicate = true> <Delay = 0.00>
ST_3 : Operation 190 [1/1] (0.00ns)   --->   "%tmp_178 = call i16 @_ssdm_op_BitConcatenate.i16.i15.i1(i15 %acc_4_V, i1 false)" [firmware/nnet_utils/nnet_mult.h:111->firmware/nnet_utils/nnet_dense_resource.h:82]   --->   Operation 190 'bitconcatenate' 'tmp_178' <Predicate = true> <Delay = 0.00>
ST_3 : Operation 191 [1/1] (0.00ns)   --->   "%sext_ln728_7 = sext i16 %tmp_178 to i17" [firmware/nnet_utils/nnet_mult.h:111->firmware/nnet_utils/nnet_dense_resource.h:82]   --->   Operation 191 'sext' 'sext_ln728_7' <Predicate = true> <Delay = 0.00>
ST_3 : Operation 192 [1/1] (0.00ns)   --->   "%tmp_179 = call i16 @_ssdm_op_BitConcatenate.i16.i15.i1(i15 %acc_5_V, i1 false)" [firmware/nnet_utils/nnet_mult.h:111->firmware/nnet_utils/nnet_dense_resource.h:82]   --->   Operation 192 'bitconcatenate' 'tmp_179' <Predicate = true> <Delay = 0.00>
ST_3 : Operation 193 [1/1] (0.00ns)   --->   "%sext_ln728_8 = sext i16 %tmp_179 to i17" [firmware/nnet_utils/nnet_mult.h:111->firmware/nnet_utils/nnet_dense_resource.h:82]   --->   Operation 193 'sext' 'sext_ln728_8' <Predicate = true> <Delay = 0.00>
ST_3 : Operation 194 [1/1] (0.00ns)   --->   "%tmp_180 = call i16 @_ssdm_op_BitConcatenate.i16.i15.i1(i15 %acc_6_V, i1 false)" [firmware/nnet_utils/nnet_mult.h:111->firmware/nnet_utils/nnet_dense_resource.h:82]   --->   Operation 194 'bitconcatenate' 'tmp_180' <Predicate = true> <Delay = 0.00>
ST_3 : Operation 195 [1/1] (0.00ns)   --->   "%sext_ln728_9 = sext i16 %tmp_180 to i17" [firmware/nnet_utils/nnet_mult.h:111->firmware/nnet_utils/nnet_dense_resource.h:82]   --->   Operation 195 'sext' 'sext_ln728_9' <Predicate = true> <Delay = 0.00>
ST_3 : Operation 196 [1/1] (0.00ns)   --->   "%res_7_V_write_assign = call i17 @_ssdm_op_BitConcatenate.i17.i16.i1(i16 %acc_7_V, i1 false)" [firmware/nnet_utils/nnet_mult.h:111->firmware/nnet_utils/nnet_dense_resource.h:82]   --->   Operation 196 'bitconcatenate' 'res_7_V_write_assign' <Predicate = true> <Delay = 0.00>
ST_3 : Operation 197 [1/1] (0.00ns)   --->   "%mrv = insertvalue { i17, i17, i17, i17, i17, i17, i17, i17 } undef, i17 %sext_ln728, 0" [firmware/nnet_utils/nnet_dense_resource.h:84]   --->   Operation 197 'insertvalue' 'mrv' <Predicate = true> <Delay = 0.00>
ST_3 : Operation 198 [1/1] (0.00ns)   --->   "%mrv_1 = insertvalue { i17, i17, i17, i17, i17, i17, i17, i17 } %mrv, i17 %sext_ln728_4, 1" [firmware/nnet_utils/nnet_dense_resource.h:84]   --->   Operation 198 'insertvalue' 'mrv_1' <Predicate = true> <Delay = 0.00>
ST_3 : Operation 199 [1/1] (0.00ns)   --->   "%mrv_2 = insertvalue { i17, i17, i17, i17, i17, i17, i17, i17 } %mrv_1, i17 %sext_ln728_5, 2" [firmware/nnet_utils/nnet_dense_resource.h:84]   --->   Operation 199 'insertvalue' 'mrv_2' <Predicate = true> <Delay = 0.00>
ST_3 : Operation 200 [1/1] (0.00ns)   --->   "%mrv_3 = insertvalue { i17, i17, i17, i17, i17, i17, i17, i17 } %mrv_2, i17 %sext_ln728_6, 3" [firmware/nnet_utils/nnet_dense_resource.h:84]   --->   Operation 200 'insertvalue' 'mrv_3' <Predicate = true> <Delay = 0.00>
ST_3 : Operation 201 [1/1] (0.00ns)   --->   "%mrv_4 = insertvalue { i17, i17, i17, i17, i17, i17, i17, i17 } %mrv_3, i17 %sext_ln728_7, 4" [firmware/nnet_utils/nnet_dense_resource.h:84]   --->   Operation 201 'insertvalue' 'mrv_4' <Predicate = true> <Delay = 0.00>
ST_3 : Operation 202 [1/1] (0.00ns)   --->   "%mrv_5 = insertvalue { i17, i17, i17, i17, i17, i17, i17, i17 } %mrv_4, i17 %sext_ln728_8, 5" [firmware/nnet_utils/nnet_dense_resource.h:84]   --->   Operation 202 'insertvalue' 'mrv_5' <Predicate = true> <Delay = 0.00>
ST_3 : Operation 203 [1/1] (0.00ns)   --->   "%mrv_6 = insertvalue { i17, i17, i17, i17, i17, i17, i17, i17 } %mrv_5, i17 %sext_ln728_9, 6" [firmware/nnet_utils/nnet_dense_resource.h:84]   --->   Operation 203 'insertvalue' 'mrv_6' <Predicate = true> <Delay = 0.00>
ST_3 : Operation 204 [1/1] (0.00ns)   --->   "%mrv_7 = insertvalue { i17, i17, i17, i17, i17, i17, i17, i17 } %mrv_6, i17 %res_7_V_write_assign, 7" [firmware/nnet_utils/nnet_dense_resource.h:84]   --->   Operation 204 'insertvalue' 'mrv_7' <Predicate = true> <Delay = 0.00>
ST_3 : Operation 205 [1/1] (0.00ns)   --->   "ret { i17, i17, i17, i17, i17, i17, i17, i17 } %mrv_7" [firmware/nnet_utils/nnet_dense_resource.h:84]   --->   Operation 205 'ret' <Predicate = true> <Delay = 0.00>


============================================================
+ Verbose Summary: Timing violations
============================================================
Target clock period: 5ns, clock uncertainty: 0.625ns.

 <State 1>: 4.17ns
The critical path consists of the following:
	wire read on port 'p_read2' (firmware/nnet_utils/nnet_dense_resource.h:13) [6]  (0 ns)
	'mul' operation ('mul_ln708_4', firmware/nnet_utils/nnet_dense_resource.h:59) [103]  (4.17 ns)

 <State 2>: 4.17ns
The critical path consists of the following:
	wire read on port 'p_read' (firmware/nnet_utils/nnet_dense_resource.h:13) [8]  (0 ns)
	'mul' operation ('mul_ln708', firmware/nnet_utils/nnet_dense_resource.h:59) [12]  (4.17 ns)

 <State 3>: 3.87ns
The critical path consists of the following:
	'add' operation ('add_ln703_46', firmware/nnet_utils/nnet_dense_resource.h:59) [116]  (0 ns)
	'add' operation ('acc[4].V', firmware/nnet_utils/nnet_dense_resource.h:59) [117]  (3.87 ns)


============================================================
+ Verbose Summary: Binding
============================================================
N/A
* FSMD analyzer results:
  - Output states:
 - Input state : 
  - Chain level:
	State 1
	State 2
	State 3


============================================================
+ Verbose Summary: Datapath Resource usage 
============================================================
N/A
