

================================================================
== Vivado HLS Report for 'dense_resource_rf_leq_nin_ap_ufixed_ap_fixed_config11_0_0_0_0_0'
================================================================
* Date:           Wed May 20 11:12:59 2026

* Version:        2020.1 (Build 2897737 on Wed May 27 20:21:37 MDT 2020)
* Project:        myproject_prj
* Solution:       solution1
* Product family: zynq
* Target device:  xc7z020-clg400-1


================================================================
== Performance Estimates
================================================================
+ Timing: 
    * Summary: 
    +--------+---------+----------+------------+
    |  Clock |  Target | Estimated| Uncertainty|
    +--------+---------+----------+------------+
    |ap_clk  | 5.00 ns | 4.170 ns |   0.62 ns  |
    +--------+---------+----------+------------+

+ Latency: 
    * Summary: 
    +---------+---------+----------+----------+-----+-----+---------+
    |  Latency (cycles) |  Latency (absolute) |  Interval | Pipeline|
    |   min   |   max   |    min   |    max   | min | max |   Type  |
    +---------+---------+----------+----------+-----+-----+---------+
    |        1|        1| 5.000 ns | 5.000 ns |    1|    1|   none  |
    +---------+---------+----------+----------+-----+-----+---------+

    + Detail: 
        * Instance: 
        N/A

        * Loop: 
        N/A

============================================================
+ Verbose Summary: Synthesis Manager
============================================================
InlineROM: 1
ExposeGlobal: 0
============================================================
+ Verbose Summary: CDFG Model
============================================================
IsTopModel: 0
ResetActiveHigh: 1
IsCombinational: 2
IsDatapathOnly: 0
HasWiredReturn: 1
HasMFsm: 0
HasVarLatency: 1
IsPipeline: 0
IsRtlPipelined: 0
IsInstanceOverlapped: 0
IsDontTouch: 0
HasImplIP: 0
IsGatedGlobalClock: 0


============================================================
+ Verbose Summary: Schedule
============================================================
* Number of FSM states : 2
* Pipeline : 0
* Dataflow Pipeline: 0

* FSM state transitions: 
1 --> 2 
2 --> 

* FSM state operations: 

State 1 <SV = 0> <Delay = 4.17>
ST_1 : Operation 3 [1/1] (0.00ns)   --->   "%p_read25 = call i8 @_ssdm_op_Read.ap_auto.i8(i8 %p_read2)" [firmware/nnet_utils/nnet_dense_resource.h:13]   --->   Operation 3 'read' 'p_read25' <Predicate = true> <Delay = 0.00>
ST_1 : Operation 4 [1/1] (0.00ns)   --->   "%p_read14 = call i8 @_ssdm_op_Read.ap_auto.i8(i8 %p_read1)" [firmware/nnet_utils/nnet_dense_resource.h:13]   --->   Operation 4 'read' 'p_read14' <Predicate = true> <Delay = 0.00>
ST_1 : Operation 5 [1/1] (0.00ns)   --->   "%p_read_13 = call i8 @_ssdm_op_Read.ap_auto.i8(i8 %p_read)" [firmware/nnet_utils/nnet_dense_resource.h:13]   --->   Operation 5 'read' 'p_read_13' <Predicate = true> <Delay = 0.00>
ST_1 : Operation 6 [1/1] (0.00ns)   --->   "%zext_ln708 = zext i8 %p_read_13 to i14" [firmware/nnet_utils/nnet_dense_resource.h:59]   --->   Operation 6 'zext' 'zext_ln708' <Predicate = true> <Delay = 0.00>
ST_1 : Operation 7 [1/1] (0.00ns)   --->   "%zext_ln708_10 = zext i8 %p_read_13 to i13" [firmware/nnet_utils/nnet_dense_resource.h:59]   --->   Operation 7 'zext' 'zext_ln708_10' <Predicate = true> <Delay = 0.00>
ST_1 : Operation 8 [1/1] (4.17ns)   --->   "%mul_ln708 = mul i13 %zext_ln708_10, 21" [firmware/nnet_utils/nnet_dense_resource.h:59]   --->   Operation 8 'mul' 'mul_ln708' <Predicate = true> <Delay = 4.17> <Core = "Mul">   --->   Core 16 'Mul' <Latency = 0> <II = 1> <Delay = 4.17> <FuncUnit> <Opcode : 'mul'> <InPorts = 2> <OutPorts = 1>
ST_1 : Operation 9 [1/1] (0.00ns)   --->   "%trunc_ln = call i12 @_ssdm_op_PartSelect.i12.i13.i32.i32(i13 %mul_ln708, i32 1, i32 12)" [firmware/nnet_utils/nnet_mult.h:73->firmware/nnet_utils/nnet_dense_resource.h:59]   --->   Operation 9 'partselect' 'trunc_ln' <Predicate = true> <Delay = 0.00>
ST_1 : Operation 10 [1/1] (0.00ns)   --->   "%zext_ln1118 = zext i8 %p_read14 to i14" [firmware/nnet_utils/nnet_mult.h:73->firmware/nnet_utils/nnet_dense_resource.h:59]   --->   Operation 10 'zext' 'zext_ln1118' <Predicate = true> <Delay = 0.00>
ST_1 : Operation 11 [1/1] (0.00ns)   --->   "%shl_ln = call i13 @_ssdm_op_BitConcatenate.i13.i8.i5(i8 %p_read14, i5 0)" [firmware/nnet_utils/nnet_mult.h:73->firmware/nnet_utils/nnet_dense_resource.h:59]   --->   Operation 11 'bitconcatenate' 'shl_ln' <Predicate = true> <Delay = 0.00>
ST_1 : Operation 12 [1/1] (0.00ns)   --->   "%zext_ln1118_61 = zext i13 %shl_ln to i14" [firmware/nnet_utils/nnet_mult.h:73->firmware/nnet_utils/nnet_dense_resource.h:59]   --->   Operation 12 'zext' 'zext_ln1118_61' <Predicate = true> <Delay = 0.00>
ST_1 : Operation 13 [1/1] (0.00ns)   --->   "%shl_ln1118_s = call i9 @_ssdm_op_BitConcatenate.i9.i8.i1(i8 %p_read14, i1 false)" [firmware/nnet_utils/nnet_mult.h:73->firmware/nnet_utils/nnet_dense_resource.h:59]   --->   Operation 13 'bitconcatenate' 'shl_ln1118_s' <Predicate = true> <Delay = 0.00>
ST_1 : Operation 14 [1/1] (0.00ns)   --->   "%zext_ln1118_62 = zext i9 %shl_ln1118_s to i14" [firmware/nnet_utils/nnet_mult.h:73->firmware/nnet_utils/nnet_dense_resource.h:59]   --->   Operation 14 'zext' 'zext_ln1118_62' <Predicate = true> <Delay = 0.00>
ST_1 : Operation 15 [1/1] (1.67ns)   --->   "%sub_ln1118 = sub i14 %zext_ln1118_61, %zext_ln1118_62" [firmware/nnet_utils/nnet_mult.h:73->firmware/nnet_utils/nnet_dense_resource.h:59]   --->   Operation 15 'sub' 'sub_ln1118' <Predicate = true> <Delay = 1.67> <Core = "AddSub">   --->   Core 14 'AddSub' <Latency = 0> <II = 1> <Delay = 1.94> <FuncUnit> <Opcode : 'add' 'sub'> <InPorts = 2> <OutPorts = 1>
ST_1 : Operation 16 [1/1] (0.00ns)   --->   "%tmp = call i13 @_ssdm_op_PartSelect.i13.i14.i32.i32(i14 %sub_ln1118, i32 1, i32 13)" [firmware/nnet_utils/nnet_mult.h:73->firmware/nnet_utils/nnet_dense_resource.h:59]   --->   Operation 16 'partselect' 'tmp' <Predicate = true> <Delay = 0.00>
ST_1 : Operation 17 [1/1] (0.00ns)   --->   "%sext_ln1118 = sext i13 %tmp to i14" [firmware/nnet_utils/nnet_mult.h:73->firmware/nnet_utils/nnet_dense_resource.h:59]   --->   Operation 17 'sext' 'sext_ln1118' <Predicate = true> <Delay = 0.00>
ST_1 : Operation 18 [1/1] (0.00ns)   --->   "%zext_ln1118_63 = zext i8 %p_read25 to i15" [firmware/nnet_utils/nnet_mult.h:73->firmware/nnet_utils/nnet_dense_resource.h:59]   --->   Operation 18 'zext' 'zext_ln1118_63' <Predicate = true> <Delay = 0.00>
ST_1 : Operation 19 [1/1] (0.00ns)   --->   "%zext_ln1118_64 = zext i8 %p_read25 to i12" [firmware/nnet_utils/nnet_mult.h:73->firmware/nnet_utils/nnet_dense_resource.h:59]   --->   Operation 19 'zext' 'zext_ln1118_64' <Predicate = true> <Delay = 0.00>
ST_1 : Operation 20 [1/1] (0.00ns)   --->   "%shl_ln1118_21 = call i11 @_ssdm_op_BitConcatenate.i11.i8.i3(i8 %p_read25, i3 0)" [firmware/nnet_utils/nnet_mult.h:73->firmware/nnet_utils/nnet_dense_resource.h:59]   --->   Operation 20 'bitconcatenate' 'shl_ln1118_21' <Predicate = true> <Delay = 0.00>
ST_1 : Operation 21 [1/1] (0.00ns)   --->   "%zext_ln1118_65 = zext i11 %shl_ln1118_21 to i12" [firmware/nnet_utils/nnet_mult.h:73->firmware/nnet_utils/nnet_dense_resource.h:59]   --->   Operation 21 'zext' 'zext_ln1118_65' <Predicate = true> <Delay = 0.00>
ST_1 : Operation 22 [1/1] (0.00ns)   --->   "%shl_ln1118_22 = call i9 @_ssdm_op_BitConcatenate.i9.i8.i1(i8 %p_read25, i1 false)" [firmware/nnet_utils/nnet_mult.h:73->firmware/nnet_utils/nnet_dense_resource.h:59]   --->   Operation 22 'bitconcatenate' 'shl_ln1118_22' <Predicate = true> <Delay = 0.00>
ST_1 : Operation 23 [1/1] (0.00ns)   --->   "%zext_ln1118_66 = zext i9 %shl_ln1118_22 to i13" [firmware/nnet_utils/nnet_mult.h:73->firmware/nnet_utils/nnet_dense_resource.h:59]   --->   Operation 23 'zext' 'zext_ln1118_66' <Predicate = true> <Delay = 0.00>
ST_1 : Operation 24 [1/1] (0.00ns)   --->   "%zext_ln1118_67 = zext i9 %shl_ln1118_22 to i12" [firmware/nnet_utils/nnet_mult.h:73->firmware/nnet_utils/nnet_dense_resource.h:59]   --->   Operation 24 'zext' 'zext_ln1118_67' <Predicate = true> <Delay = 0.00>
ST_1 : Operation 25 [1/1] (1.63ns)   --->   "%sub_ln1118_27 = sub i12 %zext_ln1118_67, %zext_ln1118_65" [firmware/nnet_utils/nnet_mult.h:73->firmware/nnet_utils/nnet_dense_resource.h:59]   --->   Operation 25 'sub' 'sub_ln1118_27' <Predicate = true> <Delay = 1.63> <Core = "AddSub">   --->   Core 14 'AddSub' <Latency = 0> <II = 1> <Delay = 1.94> <FuncUnit> <Opcode : 'add' 'sub'> <InPorts = 2> <OutPorts = 1>
ST_1 : Operation 26 [1/1] (0.00ns)   --->   "%tmp_181 = call i11 @_ssdm_op_PartSelect.i11.i12.i32.i32(i12 %sub_ln1118_27, i32 1, i32 11)" [firmware/nnet_utils/nnet_dense_resource.h:59]   --->   Operation 26 'partselect' 'tmp_181' <Predicate = true> <Delay = 0.00>
ST_1 : Operation 27 [1/1] (0.00ns)   --->   "%sext_ln703 = sext i11 %tmp_181 to i14" [firmware/nnet_utils/nnet_dense_resource.h:59]   --->   Operation 27 'sext' 'sext_ln703' <Predicate = true> <Delay = 0.00>
ST_1 : Operation 28 [1/1] (1.67ns)   --->   "%add_ln703 = add i14 %sext_ln703, %sext_ln1118" [firmware/nnet_utils/nnet_dense_resource.h:59]   --->   Operation 28 'add' 'add_ln703' <Predicate = true> <Delay = 1.67> <Core = "AddSub">   --->   Core 14 'AddSub' <Latency = 0> <II = 1> <Delay = 1.94> <FuncUnit> <Opcode : 'add' 'sub'> <InPorts = 2> <OutPorts = 1>
ST_1 : Operation 29 [1/1] (4.17ns)   --->   "%mul_ln708_7 = mul i14 %zext_ln708, 38" [firmware/nnet_utils/nnet_dense_resource.h:59]   --->   Operation 29 'mul' 'mul_ln708_7' <Predicate = true> <Delay = 4.17> <Core = "Mul">   --->   Core 16 'Mul' <Latency = 0> <II = 1> <Delay = 4.17> <FuncUnit> <Opcode : 'mul'> <InPorts = 2> <OutPorts = 1>
ST_1 : Operation 30 [1/1] (0.00ns)   --->   "%lshr_ln708_s = call i13 @_ssdm_op_PartSelect.i13.i14.i32.i32(i14 %mul_ln708_7, i32 1, i32 13)" [firmware/nnet_utils/nnet_dense_resource.h:59]   --->   Operation 30 'partselect' 'lshr_ln708_s' <Predicate = true> <Delay = 0.00>
ST_1 : Operation 31 [1/1] (4.17ns)   --->   "%mul_ln1118 = mul i14 %zext_ln1118, -25" [firmware/nnet_utils/nnet_mult.h:73->firmware/nnet_utils/nnet_dense_resource.h:59]   --->   Operation 31 'mul' 'mul_ln1118' <Predicate = true> <Delay = 4.17> <Core = "Mul">   --->   Core 16 'Mul' <Latency = 0> <II = 1> <Delay = 4.17> <FuncUnit> <Opcode : 'mul'> <InPorts = 2> <OutPorts = 1>
ST_1 : Operation 32 [1/1] (0.00ns)   --->   "%tmp_182 = call i13 @_ssdm_op_PartSelect.i13.i14.i32.i32(i14 %mul_ln1118, i32 1, i32 13)" [firmware/nnet_utils/nnet_mult.h:73->firmware/nnet_utils/nnet_dense_resource.h:59]   --->   Operation 32 'partselect' 'tmp_182' <Predicate = true> <Delay = 0.00>
ST_1 : Operation 33 [1/1] (0.00ns)   --->   "%shl_ln1118_23 = call i12 @_ssdm_op_BitConcatenate.i12.i8.i4(i8 %p_read25, i4 0)" [firmware/nnet_utils/nnet_mult.h:73->firmware/nnet_utils/nnet_dense_resource.h:59]   --->   Operation 33 'bitconcatenate' 'shl_ln1118_23' <Predicate = true> <Delay = 0.00>
ST_1 : Operation 34 [1/1] (0.00ns)   --->   "%zext_ln1118_68 = zext i12 %shl_ln1118_23 to i13" [firmware/nnet_utils/nnet_mult.h:73->firmware/nnet_utils/nnet_dense_resource.h:59]   --->   Operation 34 'zext' 'zext_ln1118_68' <Predicate = true> <Delay = 0.00>
ST_1 : Operation 35 [1/1] (1.54ns)   --->   "%add_ln1118 = add i13 %zext_ln1118_68, %zext_ln1118_66" [firmware/nnet_utils/nnet_mult.h:73->firmware/nnet_utils/nnet_dense_resource.h:59]   --->   Operation 35 'add' 'add_ln1118' <Predicate = true> <Delay = 1.54> <Core = "AddSub">   --->   Core 14 'AddSub' <Latency = 0> <II = 1> <Delay = 1.94> <FuncUnit> <Opcode : 'add' 'sub'> <InPorts = 2> <OutPorts = 1>
ST_1 : Operation 36 [1/1] (0.00ns)   --->   "%tmp_183 = call i12 @_ssdm_op_PartSelect.i12.i13.i32.i32(i13 %add_ln1118, i32 1, i32 12)" [firmware/nnet_utils/nnet_dense_resource.h:59]   --->   Operation 36 'partselect' 'tmp_183' <Predicate = true> <Delay = 0.00>
ST_1 : Operation 37 [1/1] (4.17ns)   --->   "%mul_ln708_8 = mul i13 %zext_ln708_10, 19" [firmware/nnet_utils/nnet_dense_resource.h:59]   --->   Operation 37 'mul' 'mul_ln708_8' <Predicate = true> <Delay = 4.17> <Core = "Mul">   --->   Core 16 'Mul' <Latency = 0> <II = 1> <Delay = 4.17> <FuncUnit> <Opcode : 'mul'> <InPorts = 2> <OutPorts = 1>
ST_1 : Operation 38 [1/1] (0.00ns)   --->   "%trunc_ln2 = call i12 @_ssdm_op_PartSelect.i12.i13.i32.i32(i13 %mul_ln708_8, i32 1, i32 12)" [firmware/nnet_utils/nnet_mult.h:73->firmware/nnet_utils/nnet_dense_resource.h:59]   --->   Operation 38 'partselect' 'trunc_ln2' <Predicate = true> <Delay = 0.00>
ST_1 : Operation 39 [1/1] (1.67ns)   --->   "%sub_ln1118_28 = sub i14 0, %zext_ln1118_61" [firmware/nnet_utils/nnet_mult.h:73->firmware/nnet_utils/nnet_dense_resource.h:59]   --->   Operation 39 'sub' 'sub_ln1118_28' <Predicate = true> <Delay = 1.67> <Core = "AddSub">   --->   Core 14 'AddSub' <Latency = 0> <II = 1> <Delay = 1.94> <FuncUnit> <Opcode : 'add' 'sub'> <InPorts = 2> <OutPorts = 1>
ST_1 : Operation 40 [1/1] (0.00ns)   --->   "%tmp_184 = call i13 @_ssdm_op_PartSelect.i13.i14.i32.i32(i14 %sub_ln1118_28, i32 1, i32 13)" [firmware/nnet_utils/nnet_mult.h:73->firmware/nnet_utils/nnet_dense_resource.h:59]   --->   Operation 40 'partselect' 'tmp_184' <Predicate = true> <Delay = 0.00>
ST_1 : Operation 41 [1/1] (0.00ns)   --->   "%sext_ln1118_27 = sext i13 %tmp_184 to i14" [firmware/nnet_utils/nnet_mult.h:73->firmware/nnet_utils/nnet_dense_resource.h:59]   --->   Operation 41 'sext' 'sext_ln1118_27' <Predicate = true> <Delay = 0.00>
ST_1 : Operation 42 [1/1] (1.63ns)   --->   "%sub_ln1118_29 = sub i12 %zext_ln1118_64, %zext_ln1118_65" [firmware/nnet_utils/nnet_mult.h:73->firmware/nnet_utils/nnet_dense_resource.h:59]   --->   Operation 42 'sub' 'sub_ln1118_29' <Predicate = true> <Delay = 1.63> <Core = "AddSub">   --->   Core 14 'AddSub' <Latency = 0> <II = 1> <Delay = 1.94> <FuncUnit> <Opcode : 'add' 'sub'> <InPorts = 2> <OutPorts = 1>
ST_1 : Operation 43 [1/1] (0.00ns)   --->   "%tmp_185 = call i11 @_ssdm_op_PartSelect.i11.i12.i32.i32(i12 %sub_ln1118_29, i32 1, i32 11)" [firmware/nnet_utils/nnet_dense_resource.h:59]   --->   Operation 43 'partselect' 'tmp_185' <Predicate = true> <Delay = 0.00>
ST_1 : Operation 44 [1/1] (0.00ns)   --->   "%sext_ln703_43 = sext i11 %tmp_185 to i14" [firmware/nnet_utils/nnet_dense_resource.h:59]   --->   Operation 44 'sext' 'sext_ln703_43' <Predicate = true> <Delay = 0.00>
ST_1 : Operation 45 [1/1] (1.67ns)   --->   "%add_ln703_65 = add i14 %sext_ln703_43, %sext_ln1118_27" [firmware/nnet_utils/nnet_dense_resource.h:59]   --->   Operation 45 'add' 'add_ln703_65' <Predicate = true> <Delay = 1.67> <Core = "AddSub">   --->   Core 14 'AddSub' <Latency = 0> <II = 1> <Delay = 1.94> <FuncUnit> <Opcode : 'add' 'sub'> <InPorts = 2> <OutPorts = 1>
ST_1 : Operation 46 [1/1] (0.00ns)   --->   "%shl_ln1118_24 = call i11 @_ssdm_op_BitConcatenate.i11.i8.i3(i8 %p_read_13, i3 0)" [firmware/nnet_utils/nnet_mult.h:73->firmware/nnet_utils/nnet_dense_resource.h:59]   --->   Operation 46 'bitconcatenate' 'shl_ln1118_24' <Predicate = true> <Delay = 0.00>
ST_1 : Operation 47 [1/1] (0.00ns)   --->   "%zext_ln1118_69 = zext i11 %shl_ln1118_24 to i12" [firmware/nnet_utils/nnet_mult.h:73->firmware/nnet_utils/nnet_dense_resource.h:59]   --->   Operation 47 'zext' 'zext_ln1118_69' <Predicate = true> <Delay = 0.00>
ST_1 : Operation 48 [1/1] (0.00ns)   --->   "%shl_ln1118_25 = call i9 @_ssdm_op_BitConcatenate.i9.i8.i1(i8 %p_read_13, i1 false)" [firmware/nnet_utils/nnet_mult.h:73->firmware/nnet_utils/nnet_dense_resource.h:59]   --->   Operation 48 'bitconcatenate' 'shl_ln1118_25' <Predicate = true> <Delay = 0.00>
ST_1 : Operation 49 [1/1] (0.00ns)   --->   "%zext_ln1118_70 = zext i9 %shl_ln1118_25 to i12" [firmware/nnet_utils/nnet_mult.h:73->firmware/nnet_utils/nnet_dense_resource.h:59]   --->   Operation 49 'zext' 'zext_ln1118_70' <Predicate = true> <Delay = 0.00>
ST_1 : Operation 50 [1/1] (1.63ns)   --->   "%sub_ln1118_30 = sub i12 %zext_ln1118_69, %zext_ln1118_70" [firmware/nnet_utils/nnet_mult.h:73->firmware/nnet_utils/nnet_dense_resource.h:59]   --->   Operation 50 'sub' 'sub_ln1118_30' <Predicate = true> <Delay = 1.63> <Core = "AddSub">   --->   Core 14 'AddSub' <Latency = 0> <II = 1> <Delay = 1.94> <FuncUnit> <Opcode : 'add' 'sub'> <InPorts = 2> <OutPorts = 1>
ST_1 : Operation 51 [1/1] (0.00ns)   --->   "%tmp_186 = call i11 @_ssdm_op_PartSelect.i11.i12.i32.i32(i12 %sub_ln1118_30, i32 1, i32 11)" [firmware/nnet_utils/nnet_mult.h:73->firmware/nnet_utils/nnet_dense_resource.h:59]   --->   Operation 51 'partselect' 'tmp_186' <Predicate = true> <Delay = 0.00>
ST_1 : Operation 52 [1/1] (0.00ns)   --->   "%sext_ln1118_28 = sext i11 %tmp_186 to i15" [firmware/nnet_utils/nnet_mult.h:73->firmware/nnet_utils/nnet_dense_resource.h:59]   --->   Operation 52 'sext' 'sext_ln1118_28' <Predicate = true> <Delay = 0.00>
ST_1 : Operation 53 [1/1] (0.00ns)   --->   "%shl_ln1118_26 = call i14 @_ssdm_op_BitConcatenate.i14.i8.i6(i8 %p_read14, i6 0)" [firmware/nnet_utils/nnet_mult.h:73->firmware/nnet_utils/nnet_dense_resource.h:59]   --->   Operation 53 'bitconcatenate' 'shl_ln1118_26' <Predicate = true> <Delay = 0.00>
ST_1 : Operation 54 [1/1] (0.00ns)   --->   "%zext_ln1118_71 = zext i14 %shl_ln1118_26 to i15" [firmware/nnet_utils/nnet_mult.h:73->firmware/nnet_utils/nnet_dense_resource.h:59]   --->   Operation 54 'zext' 'zext_ln1118_71' <Predicate = true> <Delay = 0.00>
ST_1 : Operation 55 [1/1] (0.00ns)   --->   "%shl_ln1118_27 = call i12 @_ssdm_op_BitConcatenate.i12.i8.i4(i8 %p_read14, i4 0)" [firmware/nnet_utils/nnet_mult.h:73->firmware/nnet_utils/nnet_dense_resource.h:59]   --->   Operation 55 'bitconcatenate' 'shl_ln1118_27' <Predicate = true> <Delay = 0.00>
ST_1 : Operation 56 [1/1] (0.00ns)   --->   "%zext_ln1118_72 = zext i12 %shl_ln1118_27 to i15" [firmware/nnet_utils/nnet_mult.h:73->firmware/nnet_utils/nnet_dense_resource.h:59]   --->   Operation 56 'zext' 'zext_ln1118_72' <Predicate = true> <Delay = 0.00>
ST_1 : Operation 57 [1/1] (1.81ns)   --->   "%sub_ln1118_31 = sub i15 %zext_ln1118_71, %zext_ln1118_72" [firmware/nnet_utils/nnet_mult.h:73->firmware/nnet_utils/nnet_dense_resource.h:59]   --->   Operation 57 'sub' 'sub_ln1118_31' <Predicate = true> <Delay = 1.81> <Core = "AddSub">   --->   Core 14 'AddSub' <Latency = 0> <II = 1> <Delay = 1.94> <FuncUnit> <Opcode : 'add' 'sub'> <InPorts = 2> <OutPorts = 1>
ST_1 : Operation 58 [1/1] (0.00ns)   --->   "%tmp_187 = call i14 @_ssdm_op_PartSelect.i14.i15.i32.i32(i15 %sub_ln1118_31, i32 1, i32 14)" [firmware/nnet_utils/nnet_mult.h:73->firmware/nnet_utils/nnet_dense_resource.h:59]   --->   Operation 58 'partselect' 'tmp_187' <Predicate = true> <Delay = 0.00>
ST_1 : Operation 59 [1/1] (0.00ns)   --->   "%sext_ln1118_29 = sext i14 %tmp_187 to i15" [firmware/nnet_utils/nnet_mult.h:73->firmware/nnet_utils/nnet_dense_resource.h:59]   --->   Operation 59 'sext' 'sext_ln1118_29' <Predicate = true> <Delay = 0.00>
ST_1 : Operation 60 [1/1] (4.17ns)   --->   "%mul_ln1118_6 = mul i15 %zext_ln1118_63, -49" [firmware/nnet_utils/nnet_mult.h:73->firmware/nnet_utils/nnet_dense_resource.h:59]   --->   Operation 60 'mul' 'mul_ln1118_6' <Predicate = true> <Delay = 4.17> <Core = "Mul">   --->   Core 16 'Mul' <Latency = 0> <II = 1> <Delay = 4.17> <FuncUnit> <Opcode : 'mul'> <InPorts = 2> <OutPorts = 1>
ST_1 : Operation 61 [1/1] (0.00ns)   --->   "%tmp_188 = call i14 @_ssdm_op_PartSelect.i14.i15.i32.i32(i15 %mul_ln1118_6, i32 1, i32 14)" [firmware/nnet_utils/nnet_dense_resource.h:59]   --->   Operation 61 'partselect' 'tmp_188' <Predicate = true> <Delay = 0.00>
ST_1 : Operation 62 [1/1] (1.81ns)   --->   "%add_ln703_68 = add i15 %sext_ln1118_29, %sext_ln1118_28" [firmware/nnet_utils/nnet_dense_resource.h:59]   --->   Operation 62 'add' 'add_ln703_68' <Predicate = true> <Delay = 1.81> <Core = "AddSub">   --->   Core 14 'AddSub' <Latency = 0> <II = 1> <Delay = 1.94> <FuncUnit> <Opcode : 'add' 'sub'> <InPorts = 2> <OutPorts = 1>

State 2 <SV = 1> <Delay = 3.75>
ST_2 : Operation 63 [1/1] (0.00ns)   --->   "%sext_ln703_40 = sext i14 %add_ln703 to i15" [firmware/nnet_utils/nnet_dense_resource.h:59]   --->   Operation 63 'sext' 'sext_ln703_40' <Predicate = true> <Delay = 0.00>
ST_2 : Operation 64 [1/1] (1.54ns)   --->   "%add_ln703_60 = add i12 %trunc_ln, 224" [firmware/nnet_utils/nnet_dense_resource.h:59]   --->   Operation 64 'add' 'add_ln703_60' <Predicate = true> <Delay = 1.54> <Core = "AddSub">   --->   Core 14 'AddSub' <Latency = 0> <II = 1> <Delay = 1.94> <FuncUnit> <Opcode : 'add' 'sub'> <InPorts = 2> <OutPorts = 1>
ST_2 : Operation 65 [1/1] (0.00ns)   --->   "%zext_ln703 = zext i12 %add_ln703_60 to i15" [firmware/nnet_utils/nnet_dense_resource.h:59]   --->   Operation 65 'zext' 'zext_ln703' <Predicate = true> <Delay = 0.00>
ST_2 : Operation 66 [1/1] (1.81ns)   --->   "%p_Val2_s = add i15 %sext_ln703_40, %zext_ln703" [firmware/nnet_utils/nnet_dense_resource.h:59]   --->   Operation 66 'add' 'p_Val2_s' <Predicate = true> <Delay = 1.81> <Core = "AddSub">   --->   Core 14 'AddSub' <Latency = 0> <II = 1> <Delay = 1.94> <FuncUnit> <Opcode : 'add' 'sub'> <InPorts = 2> <OutPorts = 1>
ST_2 : Operation 67 [1/1] (0.00ns)   --->   "%zext_ln708_11 = zext i13 %lshr_ln708_s to i14" [firmware/nnet_utils/nnet_dense_resource.h:59]   --->   Operation 67 'zext' 'zext_ln708_11' <Predicate = true> <Delay = 0.00>
ST_2 : Operation 68 [1/1] (0.00ns)   --->   "%sext_ln1118_26 = sext i13 %tmp_182 to i14" [firmware/nnet_utils/nnet_mult.h:73->firmware/nnet_utils/nnet_dense_resource.h:59]   --->   Operation 68 'sext' 'sext_ln1118_26' <Predicate = true> <Delay = 0.00>
ST_2 : Operation 69 [1/1] (0.00ns)   --->   "%zext_ln703_19 = zext i12 %tmp_183 to i14" [firmware/nnet_utils/nnet_dense_resource.h:59]   --->   Operation 69 'zext' 'zext_ln703_19' <Predicate = true> <Delay = 0.00>
ST_2 : Operation 70 [1/1] (1.67ns)   --->   "%add_ln703_62 = add i14 %zext_ln703_19, %sext_ln1118_26" [firmware/nnet_utils/nnet_dense_resource.h:59]   --->   Operation 70 'add' 'add_ln703_62' <Predicate = true> <Delay = 1.67> <Core = "AddSub">   --->   Core 14 'AddSub' <Latency = 0> <II = 1> <Delay = 1.94> <FuncUnit> <Opcode : 'add' 'sub'> <InPorts = 2> <OutPorts = 1>
ST_2 : Operation 71 [1/1] (0.00ns)   --->   "%sext_ln703_41 = sext i14 %add_ln703_62 to i15" [firmware/nnet_utils/nnet_dense_resource.h:59]   --->   Operation 71 'sext' 'sext_ln703_41' <Predicate = true> <Delay = 0.00>
ST_2 : Operation 72 [1/1] (1.67ns)   --->   "%add_ln703_63 = add i14 %zext_ln708_11, -96" [firmware/nnet_utils/nnet_dense_resource.h:59]   --->   Operation 72 'add' 'add_ln703_63' <Predicate = true> <Delay = 1.67> <Core = "AddSub">   --->   Core 14 'AddSub' <Latency = 0> <II = 1> <Delay = 1.94> <FuncUnit> <Opcode : 'add' 'sub'> <InPorts = 2> <OutPorts = 1>
ST_2 : Operation 73 [1/1] (0.00ns)   --->   "%sext_ln703_42 = sext i14 %add_ln703_63 to i15" [firmware/nnet_utils/nnet_dense_resource.h:59]   --->   Operation 73 'sext' 'sext_ln703_42' <Predicate = true> <Delay = 0.00>
ST_2 : Operation 74 [1/1] (1.81ns)   --->   "%acc_1_V = add i15 %sext_ln703_41, %sext_ln703_42" [firmware/nnet_utils/nnet_dense_resource.h:59]   --->   Operation 74 'add' 'acc_1_V' <Predicate = true> <Delay = 1.81> <Core = "AddSub">   --->   Core 14 'AddSub' <Latency = 0> <II = 1> <Delay = 1.94> <FuncUnit> <Opcode : 'add' 'sub'> <InPorts = 2> <OutPorts = 1>
ST_2 : Operation 75 [1/1] (0.00ns)   --->   "%sext_ln703_44 = sext i14 %add_ln703_65 to i15" [firmware/nnet_utils/nnet_dense_resource.h:59]   --->   Operation 75 'sext' 'sext_ln703_44' <Predicate = true> <Delay = 0.00>
ST_2 : Operation 76 [1/1] (1.54ns)   --->   "%add_ln703_66 = add i12 %trunc_ln2, 288" [firmware/nnet_utils/nnet_dense_resource.h:59]   --->   Operation 76 'add' 'add_ln703_66' <Predicate = true> <Delay = 1.54> <Core = "AddSub">   --->   Core 14 'AddSub' <Latency = 0> <II = 1> <Delay = 1.94> <FuncUnit> <Opcode : 'add' 'sub'> <InPorts = 2> <OutPorts = 1>
ST_2 : Operation 77 [1/1] (0.00ns)   --->   "%zext_ln703_20 = zext i12 %add_ln703_66 to i15" [firmware/nnet_utils/nnet_dense_resource.h:59]   --->   Operation 77 'zext' 'zext_ln703_20' <Predicate = true> <Delay = 0.00>
ST_2 : Operation 78 [1/1] (1.81ns)   --->   "%acc_2_V = add i15 %sext_ln703_44, %zext_ln703_20" [firmware/nnet_utils/nnet_dense_resource.h:59]   --->   Operation 78 'add' 'acc_2_V' <Predicate = true> <Delay = 1.81> <Core = "AddSub">   --->   Core 14 'AddSub' <Latency = 0> <II = 1> <Delay = 1.94> <FuncUnit> <Opcode : 'add' 'sub'> <InPorts = 2> <OutPorts = 1>
ST_2 : Operation 79 [1/1] (0.00ns)   --->   "%sext_ln703_45 = sext i14 %tmp_188 to i15" [firmware/nnet_utils/nnet_dense_resource.h:59]   --->   Operation 79 'sext' 'sext_ln703_45' <Predicate = true> <Delay = 0.00>
ST_2 : Operation 80 [1/1] (0.00ns)   --->   "%sext_ln703_46 = sext i15 %add_ln703_68 to i16" [firmware/nnet_utils/nnet_dense_resource.h:59]   --->   Operation 80 'sext' 'sext_ln703_46' <Predicate = true> <Delay = 0.00>
ST_2 : Operation 81 [1/1] (1.81ns)   --->   "%add_ln703_69 = add i15 %sext_ln703_45, -192" [firmware/nnet_utils/nnet_dense_resource.h:59]   --->   Operation 81 'add' 'add_ln703_69' <Predicate = true> <Delay = 1.81> <Core = "AddSub">   --->   Core 14 'AddSub' <Latency = 0> <II = 1> <Delay = 1.94> <FuncUnit> <Opcode : 'add' 'sub'> <InPorts = 2> <OutPorts = 1>
ST_2 : Operation 82 [1/1] (0.00ns)   --->   "%sext_ln703_47 = sext i15 %add_ln703_69 to i16" [firmware/nnet_utils/nnet_dense_resource.h:59]   --->   Operation 82 'sext' 'sext_ln703_47' <Predicate = true> <Delay = 0.00>
ST_2 : Operation 83 [1/1] (1.94ns)   --->   "%acc_3_V = add i16 %sext_ln703_46, %sext_ln703_47" [firmware/nnet_utils/nnet_dense_resource.h:59]   --->   Operation 83 'add' 'acc_3_V' <Predicate = true> <Delay = 1.94> <Core = "AddSub">   --->   Core 14 'AddSub' <Latency = 0> <II = 1> <Delay = 1.94> <FuncUnit> <Opcode : 'add' 'sub'> <InPorts = 2> <OutPorts = 1>
ST_2 : Operation 84 [1/1] (0.00ns)   --->   "%tmp_189 = call i16 @_ssdm_op_BitConcatenate.i16.i15.i1(i15 %p_Val2_s, i1 false)" [firmware/nnet_utils/nnet_mult.h:111->firmware/nnet_utils/nnet_dense_resource.h:82]   --->   Operation 84 'bitconcatenate' 'tmp_189' <Predicate = true> <Delay = 0.00>
ST_2 : Operation 85 [1/1] (0.00ns)   --->   "%sext_ln728 = sext i16 %tmp_189 to i17" [firmware/nnet_utils/nnet_mult.h:111->firmware/nnet_utils/nnet_dense_resource.h:82]   --->   Operation 85 'sext' 'sext_ln728' <Predicate = true> <Delay = 0.00>
ST_2 : Operation 86 [1/1] (0.00ns)   --->   "%tmp_190 = call i16 @_ssdm_op_BitConcatenate.i16.i15.i1(i15 %acc_1_V, i1 false)" [firmware/nnet_utils/nnet_mult.h:111->firmware/nnet_utils/nnet_dense_resource.h:82]   --->   Operation 86 'bitconcatenate' 'tmp_190' <Predicate = true> <Delay = 0.00>
ST_2 : Operation 87 [1/1] (0.00ns)   --->   "%sext_ln728_10 = sext i16 %tmp_190 to i17" [firmware/nnet_utils/nnet_mult.h:111->firmware/nnet_utils/nnet_dense_resource.h:82]   --->   Operation 87 'sext' 'sext_ln728_10' <Predicate = true> <Delay = 0.00>
ST_2 : Operation 88 [1/1] (0.00ns)   --->   "%tmp_191 = call i16 @_ssdm_op_BitConcatenate.i16.i15.i1(i15 %acc_2_V, i1 false)" [firmware/nnet_utils/nnet_mult.h:111->firmware/nnet_utils/nnet_dense_resource.h:82]   --->   Operation 88 'bitconcatenate' 'tmp_191' <Predicate = true> <Delay = 0.00>
ST_2 : Operation 89 [1/1] (0.00ns)   --->   "%sext_ln728_11 = sext i16 %tmp_191 to i17" [firmware/nnet_utils/nnet_mult.h:111->firmware/nnet_utils/nnet_dense_resource.h:82]   --->   Operation 89 'sext' 'sext_ln728_11' <Predicate = true> <Delay = 0.00>
ST_2 : Operation 90 [1/1] (0.00ns)   --->   "%res_3_V_write_assign = call i17 @_ssdm_op_BitConcatenate.i17.i16.i1(i16 %acc_3_V, i1 false)" [firmware/nnet_utils/nnet_mult.h:111->firmware/nnet_utils/nnet_dense_resource.h:82]   --->   Operation 90 'bitconcatenate' 'res_3_V_write_assign' <Predicate = true> <Delay = 0.00>
ST_2 : Operation 91 [1/1] (0.00ns)   --->   "%mrv = insertvalue { i17, i17, i17, i17 } undef, i17 %sext_ln728, 0" [firmware/nnet_utils/nnet_dense_resource.h:84]   --->   Operation 91 'insertvalue' 'mrv' <Predicate = true> <Delay = 0.00>
ST_2 : Operation 92 [1/1] (0.00ns)   --->   "%mrv_1 = insertvalue { i17, i17, i17, i17 } %mrv, i17 %sext_ln728_10, 1" [firmware/nnet_utils/nnet_dense_resource.h:84]   --->   Operation 92 'insertvalue' 'mrv_1' <Predicate = true> <Delay = 0.00>
ST_2 : Operation 93 [1/1] (0.00ns)   --->   "%mrv_2 = insertvalue { i17, i17, i17, i17 } %mrv_1, i17 %sext_ln728_11, 2" [firmware/nnet_utils/nnet_dense_resource.h:84]   --->   Operation 93 'insertvalue' 'mrv_2' <Predicate = true> <Delay = 0.00>
ST_2 : Operation 94 [1/1] (0.00ns)   --->   "%mrv_3 = insertvalue { i17, i17, i17, i17 } %mrv_2, i17 %res_3_V_write_assign, 3" [firmware/nnet_utils/nnet_dense_resource.h:84]   --->   Operation 94 'insertvalue' 'mrv_3' <Predicate = true> <Delay = 0.00>
ST_2 : Operation 95 [1/1] (0.00ns)   --->   "ret { i17, i17, i17, i17 } %mrv_3" [firmware/nnet_utils/nnet_dense_resource.h:84]   --->   Operation 95 'ret' <Predicate = true> <Delay = 0.00>


============================================================
+ Verbose Summary: Binding
============================================================
STG Binding: 
---------------- STG Properties BEGIN ----------------
- Is combinational: 0
- Is one-state seq: 0
- Is datapath-only: 0
- Is pipelined: 0
- Is top level: 0
Port [ Return ] is wired: 1; IO mode=ap_ctrl_hs:ce=0
Port [ p_read]:  wired=1; compound=0; hidden=0; nouse=0; global=0; static=0; extern=0; dir=0; type=0; pingpong=0; private_global=0; IO mode=ap_none:ce=0
Port [ p_read1]:  wired=1; compound=0; hidden=0; nouse=0; global=0; static=0; extern=0; dir=0; type=0; pingpong=0; private_global=0; IO mode=ap_none:ce=0
Port [ p_read2]:  wired=1; compound=0; hidden=0; nouse=0; global=0; static=0; extern=0; dir=0; type=0; pingpong=0; private_global=0; IO mode=ap_none:ce=0
---------------- STG Properties END ------------------

---------------- Datapath Model BEGIN ----------------

<LifeTime>
<method=bitvector/>
p_read25             (read          ) [ 000]
p_read14             (read          ) [ 000]
p_read_13            (read          ) [ 000]
zext_ln708           (zext          ) [ 000]
zext_ln708_10        (zext          ) [ 000]
mul_ln708            (mul           ) [ 000]
trunc_ln             (partselect    ) [ 001]
zext_ln1118          (zext          ) [ 000]
shl_ln               (bitconcatenate) [ 000]
zext_ln1118_61       (zext          ) [ 000]
shl_ln1118_s         (bitconcatenate) [ 000]
zext_ln1118_62       (zext          ) [ 000]
sub_ln1118           (sub           ) [ 000]
tmp                  (partselect    ) [ 000]
sext_ln1118          (sext          ) [ 000]
zext_ln1118_63       (zext          ) [ 000]
zext_ln1118_64       (zext          ) [ 000]
shl_ln1118_21        (bitconcatenate) [ 000]
zext_ln1118_65       (zext          ) [ 000]
shl_ln1118_22        (bitconcatenate) [ 000]
zext_ln1118_66       (zext          ) [ 000]
zext_ln1118_67       (zext          ) [ 000]
sub_ln1118_27        (sub           ) [ 000]
tmp_181              (partselect    ) [ 000]
sext_ln703           (sext          ) [ 000]
add_ln703            (add           ) [ 001]
mul_ln708_7          (mul           ) [ 000]
lshr_ln708_s         (partselect    ) [ 001]
mul_ln1118           (mul           ) [ 000]
tmp_182              (partselect    ) [ 001]
shl_ln1118_23        (bitconcatenate) [ 000]
zext_ln1118_68       (zext          ) [ 000]
add_ln1118           (add           ) [ 000]
tmp_183              (partselect    ) [ 001]
mul_ln708_8          (mul           ) [ 000]
trunc_ln2            (partselect    ) [ 001]
sub_ln1118_28        (sub           ) [ 000]
tmp_184              (partselect    ) [ 000]
sext_ln1118_27       (sext          ) [ 000]
sub_ln1118_29        (sub           ) [ 000]
tmp_185              (partselect    ) [ 000]
sext_ln703_43        (sext          ) [ 000]
add_ln703_65         (add           ) [ 001]
shl_ln1118_24        (bitconcatenate) [ 000]
zext_ln1118_69       (zext          ) [ 000]
shl_ln1118_25        (bitconcatenate) [ 000]
zext_ln1118_70       (zext          ) [ 000]
sub_ln1118_30        (sub           ) [ 000]
tmp_186              (partselect    ) [ 000]
sext_ln1118_28       (sext          ) [ 000]
shl_ln1118_26        (bitconcatenate) [ 000]
zext_ln1118_71       (zext          ) [ 000]
shl_ln1118_27        (bitconcatenate) [ 000]
zext_ln1118_72       (zext          ) [ 000]
sub_ln1118_31        (sub           ) [ 000]
tmp_187              (partselect    ) [ 000]
sext_ln1118_29       (sext          ) [ 000]
mul_ln1118_6         (mul           ) [ 000]
tmp_188              (partselect    ) [ 001]
add_ln703_68         (add           ) [ 001]
sext_ln703_40        (sext          ) [ 000]
add_ln703_60         (add           ) [ 000]
zext_ln703           (zext          ) [ 000]
p_Val2_s             (add           ) [ 000]
zext_ln708_11        (zext          ) [ 000]
sext_ln1118_26       (sext          ) [ 000]
zext_ln703_19        (zext          ) [ 000]
add_ln703_62         (add           ) [ 000]
sext_ln703_41        (sext          ) [ 000]
add_ln703_63         (add           ) [ 000]
sext_ln703_42        (sext          ) [ 000]
acc_1_V              (add           ) [ 000]
sext_ln703_44        (sext          ) [ 000]
add_ln703_66         (add           ) [ 000]
zext_ln703_20        (zext          ) [ 000]
acc_2_V              (add           ) [ 000]
sext_ln703_45        (sext          ) [ 000]
sext_ln703_46        (sext          ) [ 000]
add_ln703_69         (add           ) [ 000]
sext_ln703_47        (sext          ) [ 000]
acc_3_V              (add           ) [ 000]
tmp_189              (bitconcatenate) [ 000]
sext_ln728           (sext          ) [ 000]
tmp_190              (bitconcatenate) [ 000]
sext_ln728_10        (sext          ) [ 000]
tmp_191              (bitconcatenate) [ 000]
sext_ln728_11        (sext          ) [ 000]
res_3_V_write_assign (bitconcatenate) [ 000]
mrv                  (insertvalue   ) [ 000]
mrv_1                (insertvalue   ) [ 000]
mrv_2                (insertvalue   ) [ 000]
mrv_3                (insertvalue   ) [ 000]
ret_ln84             (ret           ) [ 000]
</LifeTime>

<model>

<comp_list>
<comp id="0" class="1000" name="p_read">
<pin_list>
<pin id="1" dir="1" index="0" bw="1" slack="0"/>
</pin_list>
<bind>
<StgValue><ssdm name="p_read"/></StgValue>
</bind>
</comp>

<comp id="2" class="1000" name="p_read1">
<pin_list>
<pin id="3" dir="1" index="0" bw="1" slack="0"/>
</pin_list>
<bind>
<StgValue><ssdm name="p_read1"/></StgValue>
</bind>
</comp>

<comp id="4" class="1000" name="p_read2">
<pin_list>
<pin id="5" dir="1" index="0" bw="1" slack="0"/>
</pin_list>
<bind>
<StgValue><ssdm name="p_read2"/></StgValue>
</bind>
</comp>

<comp id="6" class="1001" name="const_6">
<pin_list>
<pin id="7" dir="1" index="0" bw="1" slack="0"/>
</pin_list>
<bind>
<StgValue><ssdm name="_ssdm_op_Read.ap_auto.i8"/></StgValue>
</bind>
</comp>

<comp id="8" class="1001" name="const_8">
<pin_list>
<pin id="9" dir="1" index="0" bw="1" slack="0"/>
</pin_list>
<bind>
<StgValue><ssdm name=""/></StgValue>
</bind>
</comp>

<comp id="10" class="1001" name="const_10">
<pin_list>
<pin id="11" dir="1" index="0" bw="1" slack="0"/>
</pin_list>
<bind>
<StgValue><ssdm name="_ssdm_op_PartSelect.i12.i13.i32.i32"/></StgValue>
</bind>
</comp>

<comp id="12" class="1001" name="const_12">
<pin_list>
<pin id="13" dir="1" index="0" bw="1" slack="0"/>
</pin_list>
<bind>
<StgValue><ssdm name=""/></StgValue>
</bind>
</comp>

<comp id="14" class="1001" name="const_14">
<pin_list>
<pin id="15" dir="1" index="0" bw="1" slack="0"/>
</pin_list>
<bind>
<StgValue><ssdm name=""/></StgValue>
</bind>
</comp>

<comp id="16" class="1001" name="const_16">
<pin_list>
<pin id="17" dir="1" index="0" bw="1" slack="0"/>
</pin_list>
<bind>
<StgValue><ssdm name="_ssdm_op_BitConcatenate.i13.i8.i5"/></StgValue>
</bind>
</comp>

<comp id="18" class="1001" name="const_18">
<pin_list>
<pin id="19" dir="1" index="0" bw="1" slack="0"/>
</pin_list>
<bind>
<StgValue><ssdm name=""/></StgValue>
</bind>
</comp>

<comp id="20" class="1001" name="const_20">
<pin_list>
<pin id="21" dir="1" index="0" bw="1" slack="0"/>
</pin_list>
<bind>
<StgValue><ssdm name="_ssdm_op_BitConcatenate.i9.i8.i1"/></StgValue>
</bind>
</comp>

<comp id="22" class="1001" name="const_22">
<pin_list>
<pin id="23" dir="1" index="0" bw="1" slack="0"/>
</pin_list>
<bind>
<StgValue><ssdm name=""/></StgValue>
</bind>
</comp>

<comp id="24" class="1001" name="const_24">
<pin_list>
<pin id="25" dir="1" index="0" bw="1" slack="0"/>
</pin_list>
<bind>
<StgValue><ssdm name="_ssdm_op_PartSelect.i13.i14.i32.i32"/></StgValue>
</bind>
</comp>

<comp id="26" class="1001" name="const_26">
<pin_list>
<pin id="27" dir="1" index="0" bw="1" slack="0"/>
</pin_list>
<bind>
<StgValue><ssdm name=""/></StgValue>
</bind>
</comp>

<comp id="28" class="1001" name="const_28">
<pin_list>
<pin id="29" dir="1" index="0" bw="1" slack="0"/>
</pin_list>
<bind>
<StgValue><ssdm name="_ssdm_op_BitConcatenate.i11.i8.i3"/></StgValue>
</bind>
</comp>

<comp id="30" class="1001" name="const_30">
<pin_list>
<pin id="31" dir="1" index="0" bw="1" slack="0"/>
</pin_list>
<bind>
<StgValue><ssdm name=""/></StgValue>
</bind>
</comp>

<comp id="32" class="1001" name="const_32">
<pin_list>
<pin id="33" dir="1" index="0" bw="1" slack="0"/>
</pin_list>
<bind>
<StgValue><ssdm name="_ssdm_op_PartSelect.i11.i12.i32.i32"/></StgValue>
</bind>
</comp>

<comp id="34" class="1001" name="const_34">
<pin_list>
<pin id="35" dir="1" index="0" bw="1" slack="0"/>
</pin_list>
<bind>
<StgValue><ssdm name=""/></StgValue>
</bind>
</comp>

<comp id="36" class="1001" name="const_36">
<pin_list>
<pin id="37" dir="1" index="0" bw="1" slack="0"/>
</pin_list>
<bind>
<StgValue><ssdm name=""/></StgValue>
</bind>
</comp>

<comp id="38" class="1001" name="const_38">
<pin_list>
<pin id="39" dir="1" index="0" bw="1" slack="0"/>
</pin_list>
<bind>
<StgValue><ssdm name=""/></StgValue>
</bind>
</comp>

<comp id="40" class="1001" name="const_40">
<pin_list>
<pin id="41" dir="1" index="0" bw="1" slack="0"/>
</pin_list>
<bind>
<StgValue><ssdm name="_ssdm_op_BitConcatenate.i12.i8.i4"/></StgValue>
</bind>
</comp>

<comp id="42" class="1001" name="const_42">
<pin_list>
<pin id="43" dir="1" index="0" bw="1" slack="0"/>
</pin_list>
<bind>
<StgValue><ssdm name=""/></StgValue>
</bind>
</comp>

<comp id="44" class="1001" name="const_44">
<pin_list>
<pin id="45" dir="1" index="0" bw="1" slack="0"/>
</pin_list>
<bind>
<StgValue><ssdm name=""/></StgValue>
</bind>
</comp>

<comp id="46" class="1001" name="const_46">
<pin_list>
<pin id="47" dir="1" index="0" bw="1" slack="0"/>
</pin_list>
<bind>
<StgValue><ssdm name=""/></StgValue>
</bind>
</comp>

<comp id="48" class="1001" name="const_48">
<pin_list>
<pin id="49" dir="1" index="0" bw="1" slack="0"/>
</pin_list>
<bind>
<StgValue><ssdm name="_ssdm_op_BitConcatenate.i14.i8.i6"/></StgValue>
</bind>
</comp>

<comp id="50" class="1001" name="const_50">
<pin_list>
<pin id="51" dir="1" index="0" bw="1" slack="0"/>
</pin_list>
<bind>
<StgValue><ssdm name=""/></StgValue>
</bind>
</comp>

<comp id="52" class="1001" name="const_52">
<pin_list>
<pin id="53" dir="1" index="0" bw="1" slack="0"/>
</pin_list>
<bind>
<StgValue><ssdm name="_ssdm_op_PartSelect.i14.i15.i32.i32"/></StgValue>
</bind>
</comp>

<comp id="54" class="1001" name="const_54">
<pin_list>
<pin id="55" dir="1" index="0" bw="1" slack="0"/>
</pin_list>
<bind>
<StgValue><ssdm name=""/></StgValue>
</bind>
</comp>

<comp id="56" class="1001" name="const_56">
<pin_list>
<pin id="57" dir="1" index="0" bw="1" slack="0"/>
</pin_list>
<bind>
<StgValue><ssdm name=""/></StgValue>
</bind>
</comp>

<comp id="58" class="1001" name="const_58">
<pin_list>
<pin id="59" dir="1" index="0" bw="1" slack="0"/>
</pin_list>
<bind>
<StgValue><ssdm name=""/></StgValue>
</bind>
</comp>

<comp id="60" class="1001" name="const_60">
<pin_list>
<pin id="61" dir="1" index="0" bw="1" slack="0"/>
</pin_list>
<bind>
<StgValue><ssdm name=""/></StgValue>
</bind>
</comp>

<comp id="62" class="1001" name="const_62">
<pin_list>
<pin id="63" dir="1" index="0" bw="1" slack="0"/>
</pin_list>
<bind>
<StgValue><ssdm name=""/></StgValue>
</bind>
</comp>

<comp id="64" class="1001" name="const_64">
<pin_list>
<pin id="65" dir="1" index="0" bw="1" slack="0"/>
</pin_list>
<bind>
<StgValue><ssdm name=""/></StgValue>
</bind>
</comp>

<comp id="66" class="1001" name="const_66">
<pin_list>
<pin id="67" dir="1" index="0" bw="1" slack="0"/>
</pin_list>
<bind>
<StgValue><ssdm name="_ssdm_op_BitConcatenate.i16.i15.i1"/></StgValue>
</bind>
</comp>

<comp id="68" class="1001" name="const_68">
<pin_list>
<pin id="69" dir="1" index="0" bw="1" slack="0"/>
</pin_list>
<bind>
<StgValue><ssdm name="_ssdm_op_BitConcatenate.i17.i16.i1"/></StgValue>
</bind>
</comp>

<comp id="70" class="1001" name="const_70">
<pin_list>
<pin id="71" dir="1" index="0" bw="1" slack="0"/>
</pin_list>
<bind>
<StgValue><ssdm name=""/></StgValue>
</bind>
</comp>

<comp id="72" class="1004" name="p_read25_read_fu_72">
<pin_list>
<pin id="73" dir="0" index="0" bw="8" slack="0"/>
<pin id="74" dir="0" index="1" bw="8" slack="0"/>
<pin id="75" dir="1" index="2" bw="8" slack="0"/>
</pin_list>
<bind>
<opcode="read(1150) " fcode="read"/>
<opset="p_read25/1 "/>
</bind>
</comp>

<comp id="78" class="1004" name="p_read14_read_fu_78">
<pin_list>
<pin id="79" dir="0" index="0" bw="8" slack="0"/>
<pin id="80" dir="0" index="1" bw="8" slack="0"/>
<pin id="81" dir="1" index="2" bw="8" slack="0"/>
</pin_list>
<bind>
<opcode="read(1150) " fcode="read"/>
<opset="p_read14/1 "/>
</bind>
</comp>

<comp id="84" class="1004" name="p_read_13_read_fu_84">
<pin_list>
<pin id="85" dir="0" index="0" bw="8" slack="0"/>
<pin id="86" dir="0" index="1" bw="8" slack="0"/>
<pin id="87" dir="1" index="2" bw="8" slack="0"/>
</pin_list>
<bind>
<opcode="read(1150) " fcode="read"/>
<opset="p_read_13/1 "/>
</bind>
</comp>

<comp id="90" class="1004" name="zext_ln708_fu_90">
<pin_list>
<pin id="91" dir="0" index="0" bw="8" slack="0"/>
<pin id="92" dir="1" index="1" bw="14" slack="0"/>
</pin_list>
<bind>
<opcode="zext(34) " fcode="zext"/>
<opset="zext_ln708/1 "/>
</bind>
</comp>

<comp id="94" class="1004" name="zext_ln708_10_fu_94">
<pin_list>
<pin id="95" dir="0" index="0" bw="8" slack="0"/>
<pin id="96" dir="1" index="1" bw="13" slack="0"/>
</pin_list>
<bind>
<opcode="zext(34) " fcode="zext"/>
<opset="zext_ln708_10/1 "/>
</bind>
</comp>

<comp id="98" class="1004" name="mul_ln708_fu_98">
<pin_list>
<pin id="99" dir="0" index="0" bw="8" slack="0"/>
<pin id="100" dir="0" index="1" bw="6" slack="0"/>
<pin id="101" dir="1" index="2" bw="13" slack="0"/>
</pin_list>
<bind>
<opcode="mul(12) " fcode="mul"/>
<opset="mul_ln708/1 "/>
</bind>
</comp>

<comp id="104" class="1004" name="trunc_ln_fu_104">
<pin_list>
<pin id="105" dir="0" index="0" bw="12" slack="0"/>
<pin id="106" dir="0" index="1" bw="13" slack="0"/>
<pin id="107" dir="0" index="2" bw="1" slack="0"/>
<pin id="108" dir="0" index="3" bw="5" slack="0"/>
<pin id="109" dir="1" index="4" bw="12" slack="1"/>
</pin_list>
<bind>
<opcode="partselect(1002) " fcode="partselect"/>
<opset="trunc_ln/1 "/>
</bind>
</comp>

<comp id="114" class="1004" name="zext_ln1118_fu_114">
<pin_list>
<pin id="115" dir="0" index="0" bw="8" slack="0"/>
<pin id="116" dir="1" index="1" bw="14" slack="0"/>
</pin_list>
<bind>
<opcode="zext(34) " fcode="zext"/>
<opset="zext_ln1118/1 "/>
</bind>
</comp>

<comp id="118" class="1004" name="shl_ln_fu_118">
<pin_list>
<pin id="119" dir="0" index="0" bw="13" slack="0"/>
<pin id="120" dir="0" index="1" bw="8" slack="0"/>
<pin id="121" dir="0" index="2" bw="1" slack="0"/>
<pin id="122" dir="1" index="3" bw="13" slack="0"/>
</pin_list>
<bind>
<opcode="bitconcatenate(1004) " fcode="bitconcatenate"/>
<opset="shl_ln/1 "/>
</bind>
</comp>

<comp id="126" class="1004" name="zext_ln1118_61_fu_126">
<pin_list>
<pin id="127" dir="0" index="0" bw="13" slack="0"/>
<pin id="128" dir="1" index="1" bw="14" slack="0"/>
</pin_list>
<bind>
<opcode="zext(34) " fcode="zext"/>
<opset="zext_ln1118_61/1 "/>
</bind>
</comp>

<comp id="130" class="1004" name="shl_ln1118_s_fu_130">
<pin_list>
<pin id="131" dir="0" index="0" bw="9" slack="0"/>
<pin id="132" dir="0" index="1" bw="8" slack="0"/>
<pin id="133" dir="0" index="2" bw="1" slack="0"/>
<pin id="134" dir="1" index="3" bw="9" slack="0"/>
</pin_list>
<bind>
<opcode="bitconcatenate(1004) " fcode="bitconcatenate"/>
<opset="shl_ln1118_s/1 "/>
</bind>
</comp>

<comp id="138" class="1004" name="zext_ln1118_62_fu_138">
<pin_list>
<pin id="139" dir="0" index="0" bw="9" slack="0"/>
<pin id="140" dir="1" index="1" bw="14" slack="0"/>
</pin_list>
<bind>
<opcode="zext(34) " fcode="zext"/>
<opset="zext_ln1118_62/1 "/>
</bind>
</comp>

<comp id="142" class="1004" name="sub_ln1118_fu_142">
<pin_list>
<pin id="143" dir="0" index="0" bw="13" slack="0"/>
<pin id="144" dir="0" index="1" bw="9" slack="0"/>
<pin id="145" dir="1" index="2" bw="14" slack="0"/>
</pin_list>
<bind>
<opcode="sub(10) " fcode="sub"/>
<opset="sub_ln1118/1 "/>
</bind>
</comp>

<comp id="148" class="1004" name="tmp_fu_148">
<pin_list>
<pin id="149" dir="0" index="0" bw="13" slack="0"/>
<pin id="150" dir="0" index="1" bw="14" slack="0"/>
<pin id="151" dir="0" index="2" bw="1" slack="0"/>
<pin id="152" dir="0" index="3" bw="5" slack="0"/>
<pin id="153" dir="1" index="4" bw="13" slack="0"/>
</pin_list>
<bind>
<opcode="partselect(1002) " fcode="partselect"/>
<opset="tmp/1 "/>
</bind>
</comp>

<comp id="158" class="1004" name="sext_ln1118_fu_158">
<pin_list>
<pin id="159" dir="0" index="0" bw="13" slack="0"/>
<pin id="160" dir="1" index="1" bw="14" slack="0"/>
</pin_list>
<bind>
<opcode="sext(35) " fcode="sext"/>
<opset="sext_ln1118/1 "/>
</bind>
</comp>

<comp id="162" class="1004" name="zext_ln1118_63_fu_162">
<pin_list>
<pin id="163" dir="0" index="0" bw="8" slack="0"/>
<pin id="164" dir="1" index="1" bw="15" slack="0"/>
</pin_list>
<bind>
<opcode="zext(34) " fcode="zext"/>
<opset="zext_ln1118_63/1 "/>
</bind>
</comp>

<comp id="166" class="1004" name="zext_ln1118_64_fu_166">
<pin_list>
<pin id="167" dir="0" index="0" bw="8" slack="0"/>
<pin id="168" dir="1" index="1" bw="12" slack="0"/>
</pin_list>
<bind>
<opcode="zext(34) " fcode="zext"/>
<opset="zext_ln1118_64/1 "/>
</bind>
</comp>

<comp id="170" class="1004" name="shl_ln1118_21_fu_170">
<pin_list>
<pin id="171" dir="0" index="0" bw="11" slack="0"/>
<pin id="172" dir="0" index="1" bw="8" slack="0"/>
<pin id="173" dir="0" index="2" bw="1" slack="0"/>
<pin id="174" dir="1" index="3" bw="11" slack="0"/>
</pin_list>
<bind>
<opcode="bitconcatenate(1004) " fcode="bitconcatenate"/>
<opset="shl_ln1118_21/1 "/>
</bind>
</comp>

<comp id="178" class="1004" name="zext_ln1118_65_fu_178">
<pin_list>
<pin id="179" dir="0" index="0" bw="11" slack="0"/>
<pin id="180" dir="1" index="1" bw="12" slack="0"/>
</pin_list>
<bind>
<opcode="zext(34) " fcode="zext"/>
<opset="zext_ln1118_65/1 "/>
</bind>
</comp>

<comp id="182" class="1004" name="shl_ln1118_22_fu_182">
<pin_list>
<pin id="183" dir="0" index="0" bw="9" slack="0"/>
<pin id="184" dir="0" index="1" bw="8" slack="0"/>
<pin id="185" dir="0" index="2" bw="1" slack="0"/>
<pin id="186" dir="1" index="3" bw="9" slack="0"/>
</pin_list>
<bind>
<opcode="bitconcatenate(1004) " fcode="bitconcatenate"/>
<opset="shl_ln1118_22/1 "/>
</bind>
</comp>

<comp id="190" class="1004" name="zext_ln1118_66_fu_190">
<pin_list>
<pin id="191" dir="0" index="0" bw="9" slack="0"/>
<pin id="192" dir="1" index="1" bw="13" slack="0"/>
</pin_list>
<bind>
<opcode="zext(34) " fcode="zext"/>
<opset="zext_ln1118_66/1 "/>
</bind>
</comp>

<comp id="194" class="1004" name="zext_ln1118_67_fu_194">
<pin_list>
<pin id="195" dir="0" index="0" bw="9" slack="0"/>
<pin id="196" dir="1" index="1" bw="12" slack="0"/>
</pin_list>
<bind>
<opcode="zext(34) " fcode="zext"/>
<opset="zext_ln1118_67/1 "/>
</bind>
</comp>

<comp id="198" class="1004" name="sub_ln1118_27_fu_198">
<pin_list>
<pin id="199" dir="0" index="0" bw="9" slack="0"/>
<pin id="200" dir="0" index="1" bw="11" slack="0"/>
<pin id="201" dir="1" index="2" bw="12" slack="0"/>
</pin_list>
<bind>
<opcode="sub(10) " fcode="sub"/>
<opset="sub_ln1118_27/1 "/>
</bind>
</comp>

<comp id="204" class="1004" name="tmp_181_fu_204">
<pin_list>
<pin id="205" dir="0" index="0" bw="11" slack="0"/>
<pin id="206" dir="0" index="1" bw="12" slack="0"/>
<pin id="207" dir="0" index="2" bw="1" slack="0"/>
<pin id="208" dir="0" index="3" bw="5" slack="0"/>
<pin id="209" dir="1" index="4" bw="11" slack="0"/>
</pin_list>
<bind>
<opcode="partselect(1002) " fcode="partselect"/>
<opset="tmp_181/1 "/>
</bind>
</comp>

<comp id="214" class="1004" name="sext_ln703_fu_214">
<pin_list>
<pin id="215" dir="0" index="0" bw="11" slack="0"/>
<pin id="216" dir="1" index="1" bw="14" slack="0"/>
</pin_list>
<bind>
<opcode="sext(35) " fcode="sext"/>
<opset="sext_ln703/1 "/>
</bind>
</comp>

<comp id="218" class="1004" name="add_ln703_fu_218">
<pin_list>
<pin id="219" dir="0" index="0" bw="11" slack="0"/>
<pin id="220" dir="0" index="1" bw="13" slack="0"/>
<pin id="221" dir="1" index="2" bw="14" slack="1"/>
</pin_list>
<bind>
<opcode="add(8) " fcode="add"/>
<opset="add_ln703/1 "/>
</bind>
</comp>

<comp id="224" class="1004" name="mul_ln708_7_fu_224">
<pin_list>
<pin id="225" dir="0" index="0" bw="8" slack="0"/>
<pin id="226" dir="0" index="1" bw="7" slack="0"/>
<pin id="227" dir="1" index="2" bw="14" slack="0"/>
</pin_list>
<bind>
<opcode="mul(12) " fcode="mul"/>
<opset="mul_ln708_7/1 "/>
</bind>
</comp>

<comp id="230" class="1004" name="lshr_ln708_s_fu_230">
<pin_list>
<pin id="231" dir="0" index="0" bw="13" slack="0"/>
<pin id="232" dir="0" index="1" bw="14" slack="0"/>
<pin id="233" dir="0" index="2" bw="1" slack="0"/>
<pin id="234" dir="0" index="3" bw="5" slack="0"/>
<pin id="235" dir="1" index="4" bw="13" slack="1"/>
</pin_list>
<bind>
<opcode="partselect(1002) " fcode="partselect"/>
<opset="lshr_ln708_s/1 "/>
</bind>
</comp>

<comp id="240" class="1004" name="mul_ln1118_fu_240">
<pin_list>
<pin id="241" dir="0" index="0" bw="8" slack="0"/>
<pin id="242" dir="0" index="1" bw="6" slack="0"/>
<pin id="243" dir="1" index="2" bw="14" slack="0"/>
</pin_list>
<bind>
<opcode="mul(12) " fcode="mul"/>
<opset="mul_ln1118/1 "/>
</bind>
</comp>

<comp id="246" class="1004" name="tmp_182_fu_246">
<pin_list>
<pin id="247" dir="0" index="0" bw="13" slack="0"/>
<pin id="248" dir="0" index="1" bw="14" slack="0"/>
<pin id="249" dir="0" index="2" bw="1" slack="0"/>
<pin id="250" dir="0" index="3" bw="5" slack="0"/>
<pin id="251" dir="1" index="4" bw="13" slack="1"/>
</pin_list>
<bind>
<opcode="partselect(1002) " fcode="partselect"/>
<opset="tmp_182/1 "/>
</bind>
</comp>

<comp id="256" class="1004" name="shl_ln1118_23_fu_256">
<pin_list>
<pin id="257" dir="0" index="0" bw="12" slack="0"/>
<pin id="258" dir="0" index="1" bw="8" slack="0"/>
<pin id="259" dir="0" index="2" bw="1" slack="0"/>
<pin id="260" dir="1" index="3" bw="12" slack="0"/>
</pin_list>
<bind>
<opcode="bitconcatenate(1004) " fcode="bitconcatenate"/>
<opset="shl_ln1118_23/1 "/>
</bind>
</comp>

<comp id="264" class="1004" name="zext_ln1118_68_fu_264">
<pin_list>
<pin id="265" dir="0" index="0" bw="12" slack="0"/>
<pin id="266" dir="1" index="1" bw="13" slack="0"/>
</pin_list>
<bind>
<opcode="zext(34) " fcode="zext"/>
<opset="zext_ln1118_68/1 "/>
</bind>
</comp>

<comp id="268" class="1004" name="add_ln1118_fu_268">
<pin_list>
<pin id="269" dir="0" index="0" bw="12" slack="0"/>
<pin id="270" dir="0" index="1" bw="9" slack="0"/>
<pin id="271" dir="1" index="2" bw="13" slack="0"/>
</pin_list>
<bind>
<opcode="add(8) " fcode="add"/>
<opset="add_ln1118/1 "/>
</bind>
</comp>

<comp id="274" class="1004" name="tmp_183_fu_274">
<pin_list>
<pin id="275" dir="0" index="0" bw="12" slack="0"/>
<pin id="276" dir="0" index="1" bw="13" slack="0"/>
<pin id="277" dir="0" index="2" bw="1" slack="0"/>
<pin id="278" dir="0" index="3" bw="5" slack="0"/>
<pin id="279" dir="1" index="4" bw="12" slack="1"/>
</pin_list>
<bind>
<opcode="partselect(1002) " fcode="partselect"/>
<opset="tmp_183/1 "/>
</bind>
</comp>

<comp id="284" class="1004" name="mul_ln708_8_fu_284">
<pin_list>
<pin id="285" dir="0" index="0" bw="8" slack="0"/>
<pin id="286" dir="0" index="1" bw="6" slack="0"/>
<pin id="287" dir="1" index="2" bw="13" slack="0"/>
</pin_list>
<bind>
<opcode="mul(12) " fcode="mul"/>
<opset="mul_ln708_8/1 "/>
</bind>
</comp>

<comp id="290" class="1004" name="trunc_ln2_fu_290">
<pin_list>
<pin id="291" dir="0" index="0" bw="12" slack="0"/>
<pin id="292" dir="0" index="1" bw="13" slack="0"/>
<pin id="293" dir="0" index="2" bw="1" slack="0"/>
<pin id="294" dir="0" index="3" bw="5" slack="0"/>
<pin id="295" dir="1" index="4" bw="12" slack="1"/>
</pin_list>
<bind>
<opcode="partselect(1002) " fcode="partselect"/>
<opset="trunc_ln2/1 "/>
</bind>
</comp>

<comp id="300" class="1004" name="sub_ln1118_28_fu_300">
<pin_list>
<pin id="301" dir="0" index="0" bw="1" slack="0"/>
<pin id="302" dir="0" index="1" bw="13" slack="0"/>
<pin id="303" dir="1" index="2" bw="14" slack="0"/>
</pin_list>
<bind>
<opcode="sub(10) " fcode="sub"/>
<opset="sub_ln1118_28/1 "/>
</bind>
</comp>

<comp id="306" class="1004" name="tmp_184_fu_306">
<pin_list>
<pin id="307" dir="0" index="0" bw="13" slack="0"/>
<pin id="308" dir="0" index="1" bw="14" slack="0"/>
<pin id="309" dir="0" index="2" bw="1" slack="0"/>
<pin id="310" dir="0" index="3" bw="5" slack="0"/>
<pin id="311" dir="1" index="4" bw="13" slack="0"/>
</pin_list>
<bind>
<opcode="partselect(1002) " fcode="partselect"/>
<opset="tmp_184/1 "/>
</bind>
</comp>

<comp id="316" class="1004" name="sext_ln1118_27_fu_316">
<pin_list>
<pin id="317" dir="0" index="0" bw="13" slack="0"/>
<pin id="318" dir="1" index="1" bw="14" slack="0"/>
</pin_list>
<bind>
<opcode="sext(35) " fcode="sext"/>
<opset="sext_ln1118_27/1 "/>
</bind>
</comp>

<comp id="320" class="1004" name="sub_ln1118_29_fu_320">
<pin_list>
<pin id="321" dir="0" index="0" bw="8" slack="0"/>
<pin id="322" dir="0" index="1" bw="11" slack="0"/>
<pin id="323" dir="1" index="2" bw="12" slack="0"/>
</pin_list>
<bind>
<opcode="sub(10) " fcode="sub"/>
<opset="sub_ln1118_29/1 "/>
</bind>
</comp>

<comp id="326" class="1004" name="tmp_185_fu_326">
<pin_list>
<pin id="327" dir="0" index="0" bw="11" slack="0"/>
<pin id="328" dir="0" index="1" bw="12" slack="0"/>
<pin id="329" dir="0" index="2" bw="1" slack="0"/>
<pin id="330" dir="0" index="3" bw="5" slack="0"/>
<pin id="331" dir="1" index="4" bw="11" slack="0"/>
</pin_list>
<bind>
<opcode="partselect(1002) " fcode="partselect"/>
<opset="tmp_185/1 "/>
</bind>
</comp>

<comp id="336" class="1004" name="sext_ln703_43_fu_336">
<pin_list>
<pin id="337" dir="0" index="0" bw="11" slack="0"/>
<pin id="338" dir="1" index="1" bw="14" slack="0"/>
</pin_list>
<bind>
<opcode="sext(35) " fcode="sext"/>
<opset="sext_ln703_43/1 "/>
</bind>
</comp>

<comp id="340" class="1004" name="add_ln703_65_fu_340">
<pin_list>
<pin id="341" dir="0" index="0" bw="11" slack="0"/>
<pin id="342" dir="0" index="1" bw="13" slack="0"/>
<pin id="343" dir="1" index="2" bw="14" slack="1"/>
</pin_list>
<bind>
<opcode="add(8) " fcode="add"/>
<opset="add_ln703_65/1 "/>
</bind>
</comp>

<comp id="346" class="1004" name="shl_ln1118_24_fu_346">
<pin_list>
<pin id="347" dir="0" index="0" bw="11" slack="0"/>
<pin id="348" dir="0" index="1" bw="8" slack="0"/>
<pin id="349" dir="0" index="2" bw="1" slack="0"/>
<pin id="350" dir="1" index="3" bw="11" slack="0"/>
</pin_list>
<bind>
<opcode="bitconcatenate(1004) " fcode="bitconcatenate"/>
<opset="shl_ln1118_24/1 "/>
</bind>
</comp>

<comp id="354" class="1004" name="zext_ln1118_69_fu_354">
<pin_list>
<pin id="355" dir="0" index="0" bw="11" slack="0"/>
<pin id="356" dir="1" index="1" bw="12" slack="0"/>
</pin_list>
<bind>
<opcode="zext(34) " fcode="zext"/>
<opset="zext_ln1118_69/1 "/>
</bind>
</comp>

<comp id="358" class="1004" name="shl_ln1118_25_fu_358">
<pin_list>
<pin id="359" dir="0" index="0" bw="9" slack="0"/>
<pin id="360" dir="0" index="1" bw="8" slack="0"/>
<pin id="361" dir="0" index="2" bw="1" slack="0"/>
<pin id="362" dir="1" index="3" bw="9" slack="0"/>
</pin_list>
<bind>
<opcode="bitconcatenate(1004) " fcode="bitconcatenate"/>
<opset="shl_ln1118_25/1 "/>
</bind>
</comp>

<comp id="366" class="1004" name="zext_ln1118_70_fu_366">
<pin_list>
<pin id="367" dir="0" index="0" bw="9" slack="0"/>
<pin id="368" dir="1" index="1" bw="12" slack="0"/>
</pin_list>
<bind>
<opcode="zext(34) " fcode="zext"/>
<opset="zext_ln1118_70/1 "/>
</bind>
</comp>

<comp id="370" class="1004" name="sub_ln1118_30_fu_370">
<pin_list>
<pin id="371" dir="0" index="0" bw="11" slack="0"/>
<pin id="372" dir="0" index="1" bw="9" slack="0"/>
<pin id="373" dir="1" index="2" bw="12" slack="0"/>
</pin_list>
<bind>
<opcode="sub(10) " fcode="sub"/>
<opset="sub_ln1118_30/1 "/>
</bind>
</comp>

<comp id="376" class="1004" name="tmp_186_fu_376">
<pin_list>
<pin id="377" dir="0" index="0" bw="11" slack="0"/>
<pin id="378" dir="0" index="1" bw="12" slack="0"/>
<pin id="379" dir="0" index="2" bw="1" slack="0"/>
<pin id="380" dir="0" index="3" bw="5" slack="0"/>
<pin id="381" dir="1" index="4" bw="11" slack="0"/>
</pin_list>
<bind>
<opcode="partselect(1002) " fcode="partselect"/>
<opset="tmp_186/1 "/>
</bind>
</comp>

<comp id="386" class="1004" name="sext_ln1118_28_fu_386">
<pin_list>
<pin id="387" dir="0" index="0" bw="11" slack="0"/>
<pin id="388" dir="1" index="1" bw="15" slack="0"/>
</pin_list>
<bind>
<opcode="sext(35) " fcode="sext"/>
<opset="sext_ln1118_28/1 "/>
</bind>
</comp>

<comp id="390" class="1004" name="shl_ln1118_26_fu_390">
<pin_list>
<pin id="391" dir="0" index="0" bw="14" slack="0"/>
<pin id="392" dir="0" index="1" bw="8" slack="0"/>
<pin id="393" dir="0" index="2" bw="1" slack="0"/>
<pin id="394" dir="1" index="3" bw="14" slack="0"/>
</pin_list>
<bind>
<opcode="bitconcatenate(1004) " fcode="bitconcatenate"/>
<opset="shl_ln1118_26/1 "/>
</bind>
</comp>

<comp id="398" class="1004" name="zext_ln1118_71_fu_398">
<pin_list>
<pin id="399" dir="0" index="0" bw="14" slack="0"/>
<pin id="400" dir="1" index="1" bw="15" slack="0"/>
</pin_list>
<bind>
<opcode="zext(34) " fcode="zext"/>
<opset="zext_ln1118_71/1 "/>
</bind>
</comp>

<comp id="402" class="1004" name="shl_ln1118_27_fu_402">
<pin_list>
<pin id="403" dir="0" index="0" bw="12" slack="0"/>
<pin id="404" dir="0" index="1" bw="8" slack="0"/>
<pin id="405" dir="0" index="2" bw="1" slack="0"/>
<pin id="406" dir="1" index="3" bw="12" slack="0"/>
</pin_list>
<bind>
<opcode="bitconcatenate(1004) " fcode="bitconcatenate"/>
<opset="shl_ln1118_27/1 "/>
</bind>
</comp>

<comp id="410" class="1004" name="zext_ln1118_72_fu_410">
<pin_list>
<pin id="411" dir="0" index="0" bw="12" slack="0"/>
<pin id="412" dir="1" index="1" bw="15" slack="0"/>
</pin_list>
<bind>
<opcode="zext(34) " fcode="zext"/>
<opset="zext_ln1118_72/1 "/>
</bind>
</comp>

<comp id="414" class="1004" name="sub_ln1118_31_fu_414">
<pin_list>
<pin id="415" dir="0" index="0" bw="14" slack="0"/>
<pin id="416" dir="0" index="1" bw="12" slack="0"/>
<pin id="417" dir="1" index="2" bw="15" slack="0"/>
</pin_list>
<bind>
<opcode="sub(10) " fcode="sub"/>
<opset="sub_ln1118_31/1 "/>
</bind>
</comp>

<comp id="420" class="1004" name="tmp_187_fu_420">
<pin_list>
<pin id="421" dir="0" index="0" bw="14" slack="0"/>
<pin id="422" dir="0" index="1" bw="15" slack="0"/>
<pin id="423" dir="0" index="2" bw="1" slack="0"/>
<pin id="424" dir="0" index="3" bw="5" slack="0"/>
<pin id="425" dir="1" index="4" bw="14" slack="0"/>
</pin_list>
<bind>
<opcode="partselect(1002) " fcode="partselect"/>
<opset="tmp_187/1 "/>
</bind>
</comp>

<comp id="430" class="1004" name="sext_ln1118_29_fu_430">
<pin_list>
<pin id="431" dir="0" index="0" bw="14" slack="0"/>
<pin id="432" dir="1" index="1" bw="15" slack="0"/>
</pin_list>
<bind>
<opcode="sext(35) " fcode="sext"/>
<opset="sext_ln1118_29/1 "/>
</bind>
</comp>

<comp id="434" class="1004" name="mul_ln1118_6_fu_434">
<pin_list>
<pin id="435" dir="0" index="0" bw="8" slack="0"/>
<pin id="436" dir="0" index="1" bw="7" slack="0"/>
<pin id="437" dir="1" index="2" bw="15" slack="0"/>
</pin_list>
<bind>
<opcode="mul(12) " fcode="mul"/>
<opset="mul_ln1118_6/1 "/>
</bind>
</comp>

<comp id="440" class="1004" name="tmp_188_fu_440">
<pin_list>
<pin id="441" dir="0" index="0" bw="14" slack="0"/>
<pin id="442" dir="0" index="1" bw="15" slack="0"/>
<pin id="443" dir="0" index="2" bw="1" slack="0"/>
<pin id="444" dir="0" index="3" bw="5" slack="0"/>
<pin id="445" dir="1" index="4" bw="14" slack="1"/>
</pin_list>
<bind>
<opcode="partselect(1002) " fcode="partselect"/>
<opset="tmp_188/1 "/>
</bind>
</comp>

<comp id="450" class="1004" name="add_ln703_68_fu_450">
<pin_list>
<pin id="451" dir="0" index="0" bw="14" slack="0"/>
<pin id="452" dir="0" index="1" bw="11" slack="0"/>
<pin id="453" dir="1" index="2" bw="15" slack="1"/>
</pin_list>
<bind>
<opcode="add(8) " fcode="add"/>
<opset="add_ln703_68/1 "/>
</bind>
</comp>

<comp id="456" class="1004" name="sext_ln703_40_fu_456">
<pin_list>
<pin id="457" dir="0" index="0" bw="14" slack="1"/>
<pin id="458" dir="1" index="1" bw="15" slack="0"/>
</pin_list>
<bind>
<opcode="sext(35) " fcode="sext"/>
<opset="sext_ln703_40/2 "/>
</bind>
</comp>

<comp id="459" class="1004" name="add_ln703_60_fu_459">
<pin_list>
<pin id="460" dir="0" index="0" bw="12" slack="1"/>
<pin id="461" dir="0" index="1" bw="9" slack="0"/>
<pin id="462" dir="1" index="2" bw="12" slack="0"/>
</pin_list>
<bind>
<opcode="add(8) " fcode="add"/>
<opset="add_ln703_60/2 "/>
</bind>
</comp>

<comp id="464" class="1004" name="zext_ln703_fu_464">
<pin_list>
<pin id="465" dir="0" index="0" bw="12" slack="0"/>
<pin id="466" dir="1" index="1" bw="15" slack="0"/>
</pin_list>
<bind>
<opcode="zext(34) " fcode="zext"/>
<opset="zext_ln703/2 "/>
</bind>
</comp>

<comp id="468" class="1004" name="p_Val2_s_fu_468">
<pin_list>
<pin id="469" dir="0" index="0" bw="14" slack="0"/>
<pin id="470" dir="0" index="1" bw="12" slack="0"/>
<pin id="471" dir="1" index="2" bw="15" slack="0"/>
</pin_list>
<bind>
<opcode="add(8) " fcode="add"/>
<opset="p_Val2_s/2 "/>
</bind>
</comp>

<comp id="474" class="1004" name="zext_ln708_11_fu_474">
<pin_list>
<pin id="475" dir="0" index="0" bw="13" slack="1"/>
<pin id="476" dir="1" index="1" bw="14" slack="0"/>
</pin_list>
<bind>
<opcode="zext(34) " fcode="zext"/>
<opset="zext_ln708_11/2 "/>
</bind>
</comp>

<comp id="477" class="1004" name="sext_ln1118_26_fu_477">
<pin_list>
<pin id="478" dir="0" index="0" bw="13" slack="1"/>
<pin id="479" dir="1" index="1" bw="14" slack="0"/>
</pin_list>
<bind>
<opcode="sext(35) " fcode="sext"/>
<opset="sext_ln1118_26/2 "/>
</bind>
</comp>

<comp id="480" class="1004" name="zext_ln703_19_fu_480">
<pin_list>
<pin id="481" dir="0" index="0" bw="12" slack="1"/>
<pin id="482" dir="1" index="1" bw="14" slack="0"/>
</pin_list>
<bind>
<opcode="zext(34) " fcode="zext"/>
<opset="zext_ln703_19/2 "/>
</bind>
</comp>

<comp id="483" class="1004" name="add_ln703_62_fu_483">
<pin_list>
<pin id="484" dir="0" index="0" bw="12" slack="0"/>
<pin id="485" dir="0" index="1" bw="13" slack="0"/>
<pin id="486" dir="1" index="2" bw="14" slack="0"/>
</pin_list>
<bind>
<opcode="add(8) " fcode="add"/>
<opset="add_ln703_62/2 "/>
</bind>
</comp>

<comp id="489" class="1004" name="sext_ln703_41_fu_489">
<pin_list>
<pin id="490" dir="0" index="0" bw="14" slack="0"/>
<pin id="491" dir="1" index="1" bw="15" slack="0"/>
</pin_list>
<bind>
<opcode="sext(35) " fcode="sext"/>
<opset="sext_ln703_41/2 "/>
</bind>
</comp>

<comp id="493" class="1004" name="add_ln703_63_fu_493">
<pin_list>
<pin id="494" dir="0" index="0" bw="13" slack="0"/>
<pin id="495" dir="0" index="1" bw="8" slack="0"/>
<pin id="496" dir="1" index="2" bw="14" slack="0"/>
</pin_list>
<bind>
<opcode="add(8) " fcode="add"/>
<opset="add_ln703_63/2 "/>
</bind>
</comp>

<comp id="499" class="1004" name="sext_ln703_42_fu_499">
<pin_list>
<pin id="500" dir="0" index="0" bw="14" slack="0"/>
<pin id="501" dir="1" index="1" bw="15" slack="0"/>
</pin_list>
<bind>
<opcode="sext(35) " fcode="sext"/>
<opset="sext_ln703_42/2 "/>
</bind>
</comp>

<comp id="503" class="1004" name="acc_1_V_fu_503">
<pin_list>
<pin id="504" dir="0" index="0" bw="14" slack="0"/>
<pin id="505" dir="0" index="1" bw="14" slack="0"/>
<pin id="506" dir="1" index="2" bw="15" slack="0"/>
</pin_list>
<bind>
<opcode="add(8) " fcode="add"/>
<opset="acc_1_V/2 "/>
</bind>
</comp>

<comp id="509" class="1004" name="sext_ln703_44_fu_509">
<pin_list>
<pin id="510" dir="0" index="0" bw="14" slack="1"/>
<pin id="511" dir="1" index="1" bw="15" slack="0"/>
</pin_list>
<bind>
<opcode="sext(35) " fcode="sext"/>
<opset="sext_ln703_44/2 "/>
</bind>
</comp>

<comp id="512" class="1004" name="add_ln703_66_fu_512">
<pin_list>
<pin id="513" dir="0" index="0" bw="12" slack="1"/>
<pin id="514" dir="0" index="1" bw="10" slack="0"/>
<pin id="515" dir="1" index="2" bw="12" slack="0"/>
</pin_list>
<bind>
<opcode="add(8) " fcode="add"/>
<opset="add_ln703_66/2 "/>
</bind>
</comp>

<comp id="517" class="1004" name="zext_ln703_20_fu_517">
<pin_list>
<pin id="518" dir="0" index="0" bw="12" slack="0"/>
<pin id="519" dir="1" index="1" bw="15" slack="0"/>
</pin_list>
<bind>
<opcode="zext(34) " fcode="zext"/>
<opset="zext_ln703_20/2 "/>
</bind>
</comp>

<comp id="521" class="1004" name="acc_2_V_fu_521">
<pin_list>
<pin id="522" dir="0" index="0" bw="14" slack="0"/>
<pin id="523" dir="0" index="1" bw="12" slack="0"/>
<pin id="524" dir="1" index="2" bw="15" slack="0"/>
</pin_list>
<bind>
<opcode="add(8) " fcode="add"/>
<opset="acc_2_V/2 "/>
</bind>
</comp>

<comp id="527" class="1004" name="sext_ln703_45_fu_527">
<pin_list>
<pin id="528" dir="0" index="0" bw="14" slack="1"/>
<pin id="529" dir="1" index="1" bw="15" slack="0"/>
</pin_list>
<bind>
<opcode="sext(35) " fcode="sext"/>
<opset="sext_ln703_45/2 "/>
</bind>
</comp>

<comp id="530" class="1004" name="sext_ln703_46_fu_530">
<pin_list>
<pin id="531" dir="0" index="0" bw="15" slack="1"/>
<pin id="532" dir="1" index="1" bw="16" slack="0"/>
</pin_list>
<bind>
<opcode="sext(35) " fcode="sext"/>
<opset="sext_ln703_46/2 "/>
</bind>
</comp>

<comp id="533" class="1004" name="add_ln703_69_fu_533">
<pin_list>
<pin id="534" dir="0" index="0" bw="14" slack="0"/>
<pin id="535" dir="0" index="1" bw="9" slack="0"/>
<pin id="536" dir="1" index="2" bw="15" slack="0"/>
</pin_list>
<bind>
<opcode="add(8) " fcode="add"/>
<opset="add_ln703_69/2 "/>
</bind>
</comp>

<comp id="539" class="1004" name="sext_ln703_47_fu_539">
<pin_list>
<pin id="540" dir="0" index="0" bw="15" slack="0"/>
<pin id="541" dir="1" index="1" bw="16" slack="0"/>
</pin_list>
<bind>
<opcode="sext(35) " fcode="sext"/>
<opset="sext_ln703_47/2 "/>
</bind>
</comp>

<comp id="543" class="1004" name="acc_3_V_fu_543">
<pin_list>
<pin id="544" dir="0" index="0" bw="15" slack="0"/>
<pin id="545" dir="0" index="1" bw="15" slack="0"/>
<pin id="546" dir="1" index="2" bw="16" slack="0"/>
</pin_list>
<bind>
<opcode="add(8) " fcode="add"/>
<opset="acc_3_V/2 "/>
</bind>
</comp>

<comp id="549" class="1004" name="tmp_189_fu_549">
<pin_list>
<pin id="550" dir="0" index="0" bw="16" slack="0"/>
<pin id="551" dir="0" index="1" bw="15" slack="0"/>
<pin id="552" dir="0" index="2" bw="1" slack="0"/>
<pin id="553" dir="1" index="3" bw="16" slack="0"/>
</pin_list>
<bind>
<opcode="bitconcatenate(1004) " fcode="bitconcatenate"/>
<opset="tmp_189/2 "/>
</bind>
</comp>

<comp id="557" class="1004" name="sext_ln728_fu_557">
<pin_list>
<pin id="558" dir="0" index="0" bw="16" slack="0"/>
<pin id="559" dir="1" index="1" bw="17" slack="0"/>
</pin_list>
<bind>
<opcode="sext(35) " fcode="sext"/>
<opset="sext_ln728/2 "/>
</bind>
</comp>

<comp id="561" class="1004" name="tmp_190_fu_561">
<pin_list>
<pin id="562" dir="0" index="0" bw="16" slack="0"/>
<pin id="563" dir="0" index="1" bw="15" slack="0"/>
<pin id="564" dir="0" index="2" bw="1" slack="0"/>
<pin id="565" dir="1" index="3" bw="16" slack="0"/>
</pin_list>
<bind>
<opcode="bitconcatenate(1004) " fcode="bitconcatenate"/>
<opset="tmp_190/2 "/>
</bind>
</comp>

<comp id="569" class="1004" name="sext_ln728_10_fu_569">
<pin_list>
<pin id="570" dir="0" index="0" bw="16" slack="0"/>
<pin id="571" dir="1" index="1" bw="17" slack="0"/>
</pin_list>
<bind>
<opcode="sext(35) " fcode="sext"/>
<opset="sext_ln728_10/2 "/>
</bind>
</comp>

<comp id="573" class="1004" name="tmp_191_fu_573">
<pin_list>
<pin id="574" dir="0" index="0" bw="16" slack="0"/>
<pin id="575" dir="0" index="1" bw="15" slack="0"/>
<pin id="576" dir="0" index="2" bw="1" slack="0"/>
<pin id="577" dir="1" index="3" bw="16" slack="0"/>
</pin_list>
<bind>
<opcode="bitconcatenate(1004) " fcode="bitconcatenate"/>
<opset="tmp_191/2 "/>
</bind>
</comp>

<comp id="581" class="1004" name="sext_ln728_11_fu_581">
<pin_list>
<pin id="582" dir="0" index="0" bw="16" slack="0"/>
<pin id="583" dir="1" index="1" bw="17" slack="0"/>
</pin_list>
<bind>
<opcode="sext(35) " fcode="sext"/>
<opset="sext_ln728_11/2 "/>
</bind>
</comp>

<comp id="585" class="1004" name="res_3_V_write_assign_fu_585">
<pin_list>
<pin id="586" dir="0" index="0" bw="17" slack="0"/>
<pin id="587" dir="0" index="1" bw="16" slack="0"/>
<pin id="588" dir="0" index="2" bw="1" slack="0"/>
<pin id="589" dir="1" index="3" bw="17" slack="0"/>
</pin_list>
<bind>
<opcode="bitconcatenate(1004) " fcode="bitconcatenate"/>
<opset="res_3_V_write_assign/2 "/>
</bind>
</comp>

<comp id="593" class="1004" name="mrv_fu_593">
<pin_list>
<pin id="594" dir="0" index="0" bw="68" slack="0"/>
<pin id="595" dir="0" index="1" bw="16" slack="0"/>
<pin id="596" dir="1" index="2" bw="68" slack="0"/>
</pin_list>
<bind>
<opcode="insertvalue(57) " fcode="insertvalue"/>
<opset="mrv/2 "/>
</bind>
</comp>

<comp id="599" class="1004" name="mrv_1_fu_599">
<pin_list>
<pin id="600" dir="0" index="0" bw="68" slack="0"/>
<pin id="601" dir="0" index="1" bw="16" slack="0"/>
<pin id="602" dir="1" index="2" bw="68" slack="0"/>
</pin_list>
<bind>
<opcode="insertvalue(57) " fcode="insertvalue"/>
<opset="mrv_1/2 "/>
</bind>
</comp>

<comp id="605" class="1004" name="mrv_2_fu_605">
<pin_list>
<pin id="606" dir="0" index="0" bw="68" slack="0"/>
<pin id="607" dir="0" index="1" bw="16" slack="0"/>
<pin id="608" dir="1" index="2" bw="68" slack="0"/>
</pin_list>
<bind>
<opcode="insertvalue(57) " fcode="insertvalue"/>
<opset="mrv_2/2 "/>
</bind>
</comp>

<comp id="611" class="1004" name="mrv_3_fu_611">
<pin_list>
<pin id="612" dir="0" index="0" bw="68" slack="0"/>
<pin id="613" dir="0" index="1" bw="17" slack="0"/>
<pin id="614" dir="1" index="2" bw="68" slack="2147483647"/>
</pin_list>
<bind>
<opcode="insertvalue(57) " fcode="insertvalue"/>
<opset="mrv_3/2 "/>
</bind>
</comp>

<comp id="617" class="1005" name="trunc_ln_reg_617">
<pin_list>
<pin id="618" dir="0" index="0" bw="12" slack="1"/>
<pin id="619" dir="1" index="1" bw="12" slack="1"/>
</pin_list>
<bind>
<opset="trunc_ln "/>
</bind>
</comp>

<comp id="622" class="1005" name="add_ln703_reg_622">
<pin_list>
<pin id="623" dir="0" index="0" bw="14" slack="1"/>
<pin id="624" dir="1" index="1" bw="14" slack="1"/>
</pin_list>
<bind>
<opset="add_ln703 "/>
</bind>
</comp>

<comp id="627" class="1005" name="lshr_ln708_s_reg_627">
<pin_list>
<pin id="628" dir="0" index="0" bw="13" slack="1"/>
<pin id="629" dir="1" index="1" bw="13" slack="1"/>
</pin_list>
<bind>
<opset="lshr_ln708_s "/>
</bind>
</comp>

<comp id="632" class="1005" name="tmp_182_reg_632">
<pin_list>
<pin id="633" dir="0" index="0" bw="13" slack="1"/>
<pin id="634" dir="1" index="1" bw="13" slack="1"/>
</pin_list>
<bind>
<opset="tmp_182 "/>
</bind>
</comp>

<comp id="637" class="1005" name="tmp_183_reg_637">
<pin_list>
<pin id="638" dir="0" index="0" bw="12" slack="1"/>
<pin id="639" dir="1" index="1" bw="12" slack="1"/>
</pin_list>
<bind>
<opset="tmp_183 "/>
</bind>
</comp>

<comp id="642" class="1005" name="trunc_ln2_reg_642">
<pin_list>
<pin id="643" dir="0" index="0" bw="12" slack="1"/>
<pin id="644" dir="1" index="1" bw="12" slack="1"/>
</pin_list>
<bind>
<opset="trunc_ln2 "/>
</bind>
</comp>

<comp id="647" class="1005" name="add_ln703_65_reg_647">
<pin_list>
<pin id="648" dir="0" index="0" bw="14" slack="1"/>
<pin id="649" dir="1" index="1" bw="14" slack="1"/>
</pin_list>
<bind>
<opset="add_ln703_65 "/>
</bind>
</comp>

<comp id="652" class="1005" name="tmp_188_reg_652">
<pin_list>
<pin id="653" dir="0" index="0" bw="14" slack="1"/>
<pin id="654" dir="1" index="1" bw="14" slack="1"/>
</pin_list>
<bind>
<opset="tmp_188 "/>
</bind>
</comp>

<comp id="657" class="1005" name="add_ln703_68_reg_657">
<pin_list>
<pin id="658" dir="0" index="0" bw="15" slack="1"/>
<pin id="659" dir="1" index="1" bw="15" slack="1"/>
</pin_list>
<bind>
<opset="add_ln703_68 "/>
</bind>
</comp>

</comp_list>

<net_list>
<net id="76"><net_src comp="6" pin="0"/><net_sink comp="72" pin=0"/></net>

<net id="77"><net_src comp="4" pin="0"/><net_sink comp="72" pin=1"/></net>

<net id="82"><net_src comp="6" pin="0"/><net_sink comp="78" pin=0"/></net>

<net id="83"><net_src comp="2" pin="0"/><net_sink comp="78" pin=1"/></net>

<net id="88"><net_src comp="6" pin="0"/><net_sink comp="84" pin=0"/></net>

<net id="89"><net_src comp="0" pin="0"/><net_sink comp="84" pin=1"/></net>

<net id="93"><net_src comp="84" pin="2"/><net_sink comp="90" pin=0"/></net>

<net id="97"><net_src comp="84" pin="2"/><net_sink comp="94" pin=0"/></net>

<net id="102"><net_src comp="94" pin="1"/><net_sink comp="98" pin=0"/></net>

<net id="103"><net_src comp="8" pin="0"/><net_sink comp="98" pin=1"/></net>

<net id="110"><net_src comp="10" pin="0"/><net_sink comp="104" pin=0"/></net>

<net id="111"><net_src comp="98" pin="2"/><net_sink comp="104" pin=1"/></net>

<net id="112"><net_src comp="12" pin="0"/><net_sink comp="104" pin=2"/></net>

<net id="113"><net_src comp="14" pin="0"/><net_sink comp="104" pin=3"/></net>

<net id="117"><net_src comp="78" pin="2"/><net_sink comp="114" pin=0"/></net>

<net id="123"><net_src comp="16" pin="0"/><net_sink comp="118" pin=0"/></net>

<net id="124"><net_src comp="78" pin="2"/><net_sink comp="118" pin=1"/></net>

<net id="125"><net_src comp="18" pin="0"/><net_sink comp="118" pin=2"/></net>

<net id="129"><net_src comp="118" pin="3"/><net_sink comp="126" pin=0"/></net>

<net id="135"><net_src comp="20" pin="0"/><net_sink comp="130" pin=0"/></net>

<net id="136"><net_src comp="78" pin="2"/><net_sink comp="130" pin=1"/></net>

<net id="137"><net_src comp="22" pin="0"/><net_sink comp="130" pin=2"/></net>

<net id="141"><net_src comp="130" pin="3"/><net_sink comp="138" pin=0"/></net>

<net id="146"><net_src comp="126" pin="1"/><net_sink comp="142" pin=0"/></net>

<net id="147"><net_src comp="138" pin="1"/><net_sink comp="142" pin=1"/></net>

<net id="154"><net_src comp="24" pin="0"/><net_sink comp="148" pin=0"/></net>

<net id="155"><net_src comp="142" pin="2"/><net_sink comp="148" pin=1"/></net>

<net id="156"><net_src comp="12" pin="0"/><net_sink comp="148" pin=2"/></net>

<net id="157"><net_src comp="26" pin="0"/><net_sink comp="148" pin=3"/></net>

<net id="161"><net_src comp="148" pin="4"/><net_sink comp="158" pin=0"/></net>

<net id="165"><net_src comp="72" pin="2"/><net_sink comp="162" pin=0"/></net>

<net id="169"><net_src comp="72" pin="2"/><net_sink comp="166" pin=0"/></net>

<net id="175"><net_src comp="28" pin="0"/><net_sink comp="170" pin=0"/></net>

<net id="176"><net_src comp="72" pin="2"/><net_sink comp="170" pin=1"/></net>

<net id="177"><net_src comp="30" pin="0"/><net_sink comp="170" pin=2"/></net>

<net id="181"><net_src comp="170" pin="3"/><net_sink comp="178" pin=0"/></net>

<net id="187"><net_src comp="20" pin="0"/><net_sink comp="182" pin=0"/></net>

<net id="188"><net_src comp="72" pin="2"/><net_sink comp="182" pin=1"/></net>

<net id="189"><net_src comp="22" pin="0"/><net_sink comp="182" pin=2"/></net>

<net id="193"><net_src comp="182" pin="3"/><net_sink comp="190" pin=0"/></net>

<net id="197"><net_src comp="182" pin="3"/><net_sink comp="194" pin=0"/></net>

<net id="202"><net_src comp="194" pin="1"/><net_sink comp="198" pin=0"/></net>

<net id="203"><net_src comp="178" pin="1"/><net_sink comp="198" pin=1"/></net>

<net id="210"><net_src comp="32" pin="0"/><net_sink comp="204" pin=0"/></net>

<net id="211"><net_src comp="198" pin="2"/><net_sink comp="204" pin=1"/></net>

<net id="212"><net_src comp="12" pin="0"/><net_sink comp="204" pin=2"/></net>

<net id="213"><net_src comp="34" pin="0"/><net_sink comp="204" pin=3"/></net>

<net id="217"><net_src comp="204" pin="4"/><net_sink comp="214" pin=0"/></net>

<net id="222"><net_src comp="214" pin="1"/><net_sink comp="218" pin=0"/></net>

<net id="223"><net_src comp="158" pin="1"/><net_sink comp="218" pin=1"/></net>

<net id="228"><net_src comp="90" pin="1"/><net_sink comp="224" pin=0"/></net>

<net id="229"><net_src comp="36" pin="0"/><net_sink comp="224" pin=1"/></net>

<net id="236"><net_src comp="24" pin="0"/><net_sink comp="230" pin=0"/></net>

<net id="237"><net_src comp="224" pin="2"/><net_sink comp="230" pin=1"/></net>

<net id="238"><net_src comp="12" pin="0"/><net_sink comp="230" pin=2"/></net>

<net id="239"><net_src comp="26" pin="0"/><net_sink comp="230" pin=3"/></net>

<net id="244"><net_src comp="114" pin="1"/><net_sink comp="240" pin=0"/></net>

<net id="245"><net_src comp="38" pin="0"/><net_sink comp="240" pin=1"/></net>

<net id="252"><net_src comp="24" pin="0"/><net_sink comp="246" pin=0"/></net>

<net id="253"><net_src comp="240" pin="2"/><net_sink comp="246" pin=1"/></net>

<net id="254"><net_src comp="12" pin="0"/><net_sink comp="246" pin=2"/></net>

<net id="255"><net_src comp="26" pin="0"/><net_sink comp="246" pin=3"/></net>

<net id="261"><net_src comp="40" pin="0"/><net_sink comp="256" pin=0"/></net>

<net id="262"><net_src comp="72" pin="2"/><net_sink comp="256" pin=1"/></net>

<net id="263"><net_src comp="42" pin="0"/><net_sink comp="256" pin=2"/></net>

<net id="267"><net_src comp="256" pin="3"/><net_sink comp="264" pin=0"/></net>

<net id="272"><net_src comp="264" pin="1"/><net_sink comp="268" pin=0"/></net>

<net id="273"><net_src comp="190" pin="1"/><net_sink comp="268" pin=1"/></net>

<net id="280"><net_src comp="10" pin="0"/><net_sink comp="274" pin=0"/></net>

<net id="281"><net_src comp="268" pin="2"/><net_sink comp="274" pin=1"/></net>

<net id="282"><net_src comp="12" pin="0"/><net_sink comp="274" pin=2"/></net>

<net id="283"><net_src comp="14" pin="0"/><net_sink comp="274" pin=3"/></net>

<net id="288"><net_src comp="94" pin="1"/><net_sink comp="284" pin=0"/></net>

<net id="289"><net_src comp="44" pin="0"/><net_sink comp="284" pin=1"/></net>

<net id="296"><net_src comp="10" pin="0"/><net_sink comp="290" pin=0"/></net>

<net id="297"><net_src comp="284" pin="2"/><net_sink comp="290" pin=1"/></net>

<net id="298"><net_src comp="12" pin="0"/><net_sink comp="290" pin=2"/></net>

<net id="299"><net_src comp="14" pin="0"/><net_sink comp="290" pin=3"/></net>

<net id="304"><net_src comp="46" pin="0"/><net_sink comp="300" pin=0"/></net>

<net id="305"><net_src comp="126" pin="1"/><net_sink comp="300" pin=1"/></net>

<net id="312"><net_src comp="24" pin="0"/><net_sink comp="306" pin=0"/></net>

<net id="313"><net_src comp="300" pin="2"/><net_sink comp="306" pin=1"/></net>

<net id="314"><net_src comp="12" pin="0"/><net_sink comp="306" pin=2"/></net>

<net id="315"><net_src comp="26" pin="0"/><net_sink comp="306" pin=3"/></net>

<net id="319"><net_src comp="306" pin="4"/><net_sink comp="316" pin=0"/></net>

<net id="324"><net_src comp="166" pin="1"/><net_sink comp="320" pin=0"/></net>

<net id="325"><net_src comp="178" pin="1"/><net_sink comp="320" pin=1"/></net>

<net id="332"><net_src comp="32" pin="0"/><net_sink comp="326" pin=0"/></net>

<net id="333"><net_src comp="320" pin="2"/><net_sink comp="326" pin=1"/></net>

<net id="334"><net_src comp="12" pin="0"/><net_sink comp="326" pin=2"/></net>

<net id="335"><net_src comp="34" pin="0"/><net_sink comp="326" pin=3"/></net>

<net id="339"><net_src comp="326" pin="4"/><net_sink comp="336" pin=0"/></net>

<net id="344"><net_src comp="336" pin="1"/><net_sink comp="340" pin=0"/></net>

<net id="345"><net_src comp="316" pin="1"/><net_sink comp="340" pin=1"/></net>

<net id="351"><net_src comp="28" pin="0"/><net_sink comp="346" pin=0"/></net>

<net id="352"><net_src comp="84" pin="2"/><net_sink comp="346" pin=1"/></net>

<net id="353"><net_src comp="30" pin="0"/><net_sink comp="346" pin=2"/></net>

<net id="357"><net_src comp="346" pin="3"/><net_sink comp="354" pin=0"/></net>

<net id="363"><net_src comp="20" pin="0"/><net_sink comp="358" pin=0"/></net>

<net id="364"><net_src comp="84" pin="2"/><net_sink comp="358" pin=1"/></net>

<net id="365"><net_src comp="22" pin="0"/><net_sink comp="358" pin=2"/></net>

<net id="369"><net_src comp="358" pin="3"/><net_sink comp="366" pin=0"/></net>

<net id="374"><net_src comp="354" pin="1"/><net_sink comp="370" pin=0"/></net>

<net id="375"><net_src comp="366" pin="1"/><net_sink comp="370" pin=1"/></net>

<net id="382"><net_src comp="32" pin="0"/><net_sink comp="376" pin=0"/></net>

<net id="383"><net_src comp="370" pin="2"/><net_sink comp="376" pin=1"/></net>

<net id="384"><net_src comp="12" pin="0"/><net_sink comp="376" pin=2"/></net>

<net id="385"><net_src comp="34" pin="0"/><net_sink comp="376" pin=3"/></net>

<net id="389"><net_src comp="376" pin="4"/><net_sink comp="386" pin=0"/></net>

<net id="395"><net_src comp="48" pin="0"/><net_sink comp="390" pin=0"/></net>

<net id="396"><net_src comp="78" pin="2"/><net_sink comp="390" pin=1"/></net>

<net id="397"><net_src comp="50" pin="0"/><net_sink comp="390" pin=2"/></net>

<net id="401"><net_src comp="390" pin="3"/><net_sink comp="398" pin=0"/></net>

<net id="407"><net_src comp="40" pin="0"/><net_sink comp="402" pin=0"/></net>

<net id="408"><net_src comp="78" pin="2"/><net_sink comp="402" pin=1"/></net>

<net id="409"><net_src comp="42" pin="0"/><net_sink comp="402" pin=2"/></net>

<net id="413"><net_src comp="402" pin="3"/><net_sink comp="410" pin=0"/></net>

<net id="418"><net_src comp="398" pin="1"/><net_sink comp="414" pin=0"/></net>

<net id="419"><net_src comp="410" pin="1"/><net_sink comp="414" pin=1"/></net>

<net id="426"><net_src comp="52" pin="0"/><net_sink comp="420" pin=0"/></net>

<net id="427"><net_src comp="414" pin="2"/><net_sink comp="420" pin=1"/></net>

<net id="428"><net_src comp="12" pin="0"/><net_sink comp="420" pin=2"/></net>

<net id="429"><net_src comp="54" pin="0"/><net_sink comp="420" pin=3"/></net>

<net id="433"><net_src comp="420" pin="4"/><net_sink comp="430" pin=0"/></net>

<net id="438"><net_src comp="162" pin="1"/><net_sink comp="434" pin=0"/></net>

<net id="439"><net_src comp="56" pin="0"/><net_sink comp="434" pin=1"/></net>

<net id="446"><net_src comp="52" pin="0"/><net_sink comp="440" pin=0"/></net>

<net id="447"><net_src comp="434" pin="2"/><net_sink comp="440" pin=1"/></net>

<net id="448"><net_src comp="12" pin="0"/><net_sink comp="440" pin=2"/></net>

<net id="449"><net_src comp="54" pin="0"/><net_sink comp="440" pin=3"/></net>

<net id="454"><net_src comp="430" pin="1"/><net_sink comp="450" pin=0"/></net>

<net id="455"><net_src comp="386" pin="1"/><net_sink comp="450" pin=1"/></net>

<net id="463"><net_src comp="58" pin="0"/><net_sink comp="459" pin=1"/></net>

<net id="467"><net_src comp="459" pin="2"/><net_sink comp="464" pin=0"/></net>

<net id="472"><net_src comp="456" pin="1"/><net_sink comp="468" pin=0"/></net>

<net id="473"><net_src comp="464" pin="1"/><net_sink comp="468" pin=1"/></net>

<net id="487"><net_src comp="480" pin="1"/><net_sink comp="483" pin=0"/></net>

<net id="488"><net_src comp="477" pin="1"/><net_sink comp="483" pin=1"/></net>

<net id="492"><net_src comp="483" pin="2"/><net_sink comp="489" pin=0"/></net>

<net id="497"><net_src comp="474" pin="1"/><net_sink comp="493" pin=0"/></net>

<net id="498"><net_src comp="60" pin="0"/><net_sink comp="493" pin=1"/></net>

<net id="502"><net_src comp="493" pin="2"/><net_sink comp="499" pin=0"/></net>

<net id="507"><net_src comp="489" pin="1"/><net_sink comp="503" pin=0"/></net>

<net id="508"><net_src comp="499" pin="1"/><net_sink comp="503" pin=1"/></net>

<net id="516"><net_src comp="62" pin="0"/><net_sink comp="512" pin=1"/></net>

<net id="520"><net_src comp="512" pin="2"/><net_sink comp="517" pin=0"/></net>

<net id="525"><net_src comp="509" pin="1"/><net_sink comp="521" pin=0"/></net>

<net id="526"><net_src comp="517" pin="1"/><net_sink comp="521" pin=1"/></net>

<net id="537"><net_src comp="527" pin="1"/><net_sink comp="533" pin=0"/></net>

<net id="538"><net_src comp="64" pin="0"/><net_sink comp="533" pin=1"/></net>

<net id="542"><net_src comp="533" pin="2"/><net_sink comp="539" pin=0"/></net>

<net id="547"><net_src comp="530" pin="1"/><net_sink comp="543" pin=0"/></net>

<net id="548"><net_src comp="539" pin="1"/><net_sink comp="543" pin=1"/></net>

<net id="554"><net_src comp="66" pin="0"/><net_sink comp="549" pin=0"/></net>

<net id="555"><net_src comp="468" pin="2"/><net_sink comp="549" pin=1"/></net>

<net id="556"><net_src comp="22" pin="0"/><net_sink comp="549" pin=2"/></net>

<net id="560"><net_src comp="549" pin="3"/><net_sink comp="557" pin=0"/></net>

<net id="566"><net_src comp="66" pin="0"/><net_sink comp="561" pin=0"/></net>

<net id="567"><net_src comp="503" pin="2"/><net_sink comp="561" pin=1"/></net>

<net id="568"><net_src comp="22" pin="0"/><net_sink comp="561" pin=2"/></net>

<net id="572"><net_src comp="561" pin="3"/><net_sink comp="569" pin=0"/></net>

<net id="578"><net_src comp="66" pin="0"/><net_sink comp="573" pin=0"/></net>

<net id="579"><net_src comp="521" pin="2"/><net_sink comp="573" pin=1"/></net>

<net id="580"><net_src comp="22" pin="0"/><net_sink comp="573" pin=2"/></net>

<net id="584"><net_src comp="573" pin="3"/><net_sink comp="581" pin=0"/></net>

<net id="590"><net_src comp="68" pin="0"/><net_sink comp="585" pin=0"/></net>

<net id="591"><net_src comp="543" pin="2"/><net_sink comp="585" pin=1"/></net>

<net id="592"><net_src comp="22" pin="0"/><net_sink comp="585" pin=2"/></net>

<net id="597"><net_src comp="70" pin="0"/><net_sink comp="593" pin=0"/></net>

<net id="598"><net_src comp="557" pin="1"/><net_sink comp="593" pin=1"/></net>

<net id="603"><net_src comp="593" pin="2"/><net_sink comp="599" pin=0"/></net>

<net id="604"><net_src comp="569" pin="1"/><net_sink comp="599" pin=1"/></net>

<net id="609"><net_src comp="599" pin="2"/><net_sink comp="605" pin=0"/></net>

<net id="610"><net_src comp="581" pin="1"/><net_sink comp="605" pin=1"/></net>

<net id="615"><net_src comp="605" pin="2"/><net_sink comp="611" pin=0"/></net>

<net id="616"><net_src comp="585" pin="3"/><net_sink comp="611" pin=1"/></net>

<net id="620"><net_src comp="104" pin="4"/><net_sink comp="617" pin=0"/></net>

<net id="621"><net_src comp="617" pin="1"/><net_sink comp="459" pin=0"/></net>

<net id="625"><net_src comp="218" pin="2"/><net_sink comp="622" pin=0"/></net>

<net id="626"><net_src comp="622" pin="1"/><net_sink comp="456" pin=0"/></net>

<net id="630"><net_src comp="230" pin="4"/><net_sink comp="627" pin=0"/></net>

<net id="631"><net_src comp="627" pin="1"/><net_sink comp="474" pin=0"/></net>

<net id="635"><net_src comp="246" pin="4"/><net_sink comp="632" pin=0"/></net>

<net id="636"><net_src comp="632" pin="1"/><net_sink comp="477" pin=0"/></net>

<net id="640"><net_src comp="274" pin="4"/><net_sink comp="637" pin=0"/></net>

<net id="641"><net_src comp="637" pin="1"/><net_sink comp="480" pin=0"/></net>

<net id="645"><net_src comp="290" pin="4"/><net_sink comp="642" pin=0"/></net>

<net id="646"><net_src comp="642" pin="1"/><net_sink comp="512" pin=0"/></net>

<net id="650"><net_src comp="340" pin="2"/><net_sink comp="647" pin=0"/></net>

<net id="651"><net_src comp="647" pin="1"/><net_sink comp="509" pin=0"/></net>

<net id="655"><net_src comp="440" pin="4"/><net_sink comp="652" pin=0"/></net>

<net id="656"><net_src comp="652" pin="1"/><net_sink comp="527" pin=0"/></net>

<net id="660"><net_src comp="450" pin="2"/><net_sink comp="657" pin=0"/></net>

<net id="661"><net_src comp="657" pin="1"/><net_sink comp="530" pin=0"/></net>

</net_list>

</model> 
---------------- Datapath Model END ------------------

* FSMD analyzer results:
  - Output states:
 - Input state : 
	Port: dense_resource_rf_leq_nin<ap_ufixed,ap_fixed,config11>.0.0.0.0.0 : p_read | {1 }
	Port: dense_resource_rf_leq_nin<ap_ufixed,ap_fixed,config11>.0.0.0.0.0 : p_read1 | {1 }
	Port: dense_resource_rf_leq_nin<ap_ufixed,ap_fixed,config11>.0.0.0.0.0 : p_read2 | {1 }
  - Chain level:
	State 1
		mul_ln708 : 1
		trunc_ln : 2
		zext_ln1118_61 : 1
		zext_ln1118_62 : 1
		sub_ln1118 : 2
		tmp : 3
		sext_ln1118 : 4
		zext_ln1118_65 : 1
		zext_ln1118_66 : 1
		zext_ln1118_67 : 1
		sub_ln1118_27 : 2
		tmp_181 : 3
		sext_ln703 : 4
		add_ln703 : 5
		mul_ln708_7 : 1
		lshr_ln708_s : 2
		mul_ln1118 : 1
		tmp_182 : 2
		zext_ln1118_68 : 1
		add_ln1118 : 2
		tmp_183 : 3
		mul_ln708_8 : 1
		trunc_ln2 : 2
		sub_ln1118_28 : 2
		tmp_184 : 3
		sext_ln1118_27 : 4
		sub_ln1118_29 : 2
		tmp_185 : 3
		sext_ln703_43 : 4
		add_ln703_65 : 5
		zext_ln1118_69 : 1
		zext_ln1118_70 : 1
		sub_ln1118_30 : 2
		tmp_186 : 3
		sext_ln1118_28 : 4
		zext_ln1118_71 : 1
		zext_ln1118_72 : 1
		sub_ln1118_31 : 2
		tmp_187 : 3
		sext_ln1118_29 : 4
		mul_ln1118_6 : 1
		tmp_188 : 2
		add_ln703_68 : 5
	State 2
		zext_ln703 : 1
		p_Val2_s : 2
		add_ln703_62 : 1
		sext_ln703_41 : 2
		add_ln703_63 : 1
		sext_ln703_42 : 2
		acc_1_V : 3
		zext_ln703_20 : 1
		acc_2_V : 2
		add_ln703_69 : 1
		sext_ln703_47 : 2
		acc_3_V : 3
		tmp_189 : 3
		sext_ln728 : 4
		tmp_190 : 4
		sext_ln728_10 : 5
		tmp_191 : 3
		sext_ln728_11 : 4
		res_3_V_write_assign : 4
		mrv : 5
		mrv_1 : 6
		mrv_2 : 7
		mrv_3 : 8
		ret_ln84 : 9


============================================================
+ Verbose Summary: Datapath Resource usage 
============================================================

* Functional unit list:
|----------|-----------------------------|---------|---------|---------|
| Operation|       Functional Unit       |  DSP48E |    FF   |   LUT   |
|----------|-----------------------------|---------|---------|---------|
|          |       add_ln703_fu_218      |    0    |    0    |    17   |
|          |      add_ln1118_fu_268      |    0    |    0    |    12   |
|          |     add_ln703_65_fu_340     |    0    |    0    |    17   |
|          |     add_ln703_68_fu_450     |    0    |    0    |    19   |
|          |     add_ln703_60_fu_459     |    0    |    0    |    12   |
|          |       p_Val2_s_fu_468       |    0    |    0    |    19   |
|    add   |     add_ln703_62_fu_483     |    0    |    0    |    17   |
|          |     add_ln703_63_fu_493     |    0    |    0    |    17   |
|          |        acc_1_V_fu_503       |    0    |    0    |    19   |
|          |     add_ln703_66_fu_512     |    0    |    0    |    12   |
|          |        acc_2_V_fu_521       |    0    |    0    |    19   |
|          |     add_ln703_69_fu_533     |    0    |    0    |    19   |
|          |        acc_3_V_fu_543       |    0    |    0    |    21   |
|----------|-----------------------------|---------|---------|---------|
|          |       mul_ln708_fu_98       |    0    |    0    |    41   |
|          |      mul_ln708_7_fu_224     |    0    |    0    |    41   |
|    mul   |      mul_ln1118_fu_240      |    0    |    0    |    41   |
|          |      mul_ln708_8_fu_284     |    0    |    0    |    41   |
|          |     mul_ln1118_6_fu_434     |    0    |    0    |    41   |
|----------|-----------------------------|---------|---------|---------|
|          |      sub_ln1118_fu_142      |    0    |    0    |    17   |
|          |     sub_ln1118_27_fu_198    |    0    |    0    |    13   |
|    sub   |     sub_ln1118_28_fu_300    |    0    |    0    |    17   |
|          |     sub_ln1118_29_fu_320    |    0    |    0    |    13   |
|          |     sub_ln1118_30_fu_370    |    0    |    0    |    13   |
|          |     sub_ln1118_31_fu_414    |    0    |    0    |    19   |
|----------|-----------------------------|---------|---------|---------|
|          |     p_read25_read_fu_72     |    0    |    0    |    0    |
|   read   |     p_read14_read_fu_78     |    0    |    0    |    0    |
|          |     p_read_13_read_fu_84    |    0    |    0    |    0    |
|----------|-----------------------------|---------|---------|---------|
|          |       zext_ln708_fu_90      |    0    |    0    |    0    |
|          |     zext_ln708_10_fu_94     |    0    |    0    |    0    |
|          |      zext_ln1118_fu_114     |    0    |    0    |    0    |
|          |    zext_ln1118_61_fu_126    |    0    |    0    |    0    |
|          |    zext_ln1118_62_fu_138    |    0    |    0    |    0    |
|          |    zext_ln1118_63_fu_162    |    0    |    0    |    0    |
|          |    zext_ln1118_64_fu_166    |    0    |    0    |    0    |
|          |    zext_ln1118_65_fu_178    |    0    |    0    |    0    |
|          |    zext_ln1118_66_fu_190    |    0    |    0    |    0    |
|   zext   |    zext_ln1118_67_fu_194    |    0    |    0    |    0    |
|          |    zext_ln1118_68_fu_264    |    0    |    0    |    0    |
|          |    zext_ln1118_69_fu_354    |    0    |    0    |    0    |
|          |    zext_ln1118_70_fu_366    |    0    |    0    |    0    |
|          |    zext_ln1118_71_fu_398    |    0    |    0    |    0    |
|          |    zext_ln1118_72_fu_410    |    0    |    0    |    0    |
|          |      zext_ln703_fu_464      |    0    |    0    |    0    |
|          |     zext_ln708_11_fu_474    |    0    |    0    |    0    |
|          |     zext_ln703_19_fu_480    |    0    |    0    |    0    |
|          |     zext_ln703_20_fu_517    |    0    |    0    |    0    |
|----------|-----------------------------|---------|---------|---------|
|          |       trunc_ln_fu_104       |    0    |    0    |    0    |
|          |          tmp_fu_148         |    0    |    0    |    0    |
|          |        tmp_181_fu_204       |    0    |    0    |    0    |
|          |     lshr_ln708_s_fu_230     |    0    |    0    |    0    |
|          |        tmp_182_fu_246       |    0    |    0    |    0    |
|partselect|        tmp_183_fu_274       |    0    |    0    |    0    |
|          |       trunc_ln2_fu_290      |    0    |    0    |    0    |
|          |        tmp_184_fu_306       |    0    |    0    |    0    |
|          |        tmp_185_fu_326       |    0    |    0    |    0    |
|          |        tmp_186_fu_376       |    0    |    0    |    0    |
|          |        tmp_187_fu_420       |    0    |    0    |    0    |
|          |        tmp_188_fu_440       |    0    |    0    |    0    |
|----------|-----------------------------|---------|---------|---------|
|          |        shl_ln_fu_118        |    0    |    0    |    0    |
|          |     shl_ln1118_s_fu_130     |    0    |    0    |    0    |
|          |     shl_ln1118_21_fu_170    |    0    |    0    |    0    |
|          |     shl_ln1118_22_fu_182    |    0    |    0    |    0    |
|          |     shl_ln1118_23_fu_256    |    0    |    0    |    0    |
|          |     shl_ln1118_24_fu_346    |    0    |    0    |    0    |
|bitconcatenate|     shl_ln1118_25_fu_358    |    0    |    0    |    0    |
|          |     shl_ln1118_26_fu_390    |    0    |    0    |    0    |
|          |     shl_ln1118_27_fu_402    |    0    |    0    |    0    |
|          |        tmp_189_fu_549       |    0    |    0    |    0    |
|          |        tmp_190_fu_561       |    0    |    0    |    0    |
|          |        tmp_191_fu_573       |    0    |    0    |    0    |
|          | res_3_V_write_assign_fu_585 |    0    |    0    |    0    |
|----------|-----------------------------|---------|---------|---------|
|          |      sext_ln1118_fu_158     |    0    |    0    |    0    |
|          |      sext_ln703_fu_214      |    0    |    0    |    0    |
|          |    sext_ln1118_27_fu_316    |    0    |    0    |    0    |
|          |     sext_ln703_43_fu_336    |    0    |    0    |    0    |
|          |    sext_ln1118_28_fu_386    |    0    |    0    |    0    |
|          |    sext_ln1118_29_fu_430    |    0    |    0    |    0    |
|          |     sext_ln703_40_fu_456    |    0    |    0    |    0    |
|          |    sext_ln1118_26_fu_477    |    0    |    0    |    0    |
|   sext   |     sext_ln703_41_fu_489    |    0    |    0    |    0    |
|          |     sext_ln703_42_fu_499    |    0    |    0    |    0    |
|          |     sext_ln703_44_fu_509    |    0    |    0    |    0    |
|          |     sext_ln703_45_fu_527    |    0    |    0    |    0    |
|          |     sext_ln703_46_fu_530    |    0    |    0    |    0    |
|          |     sext_ln703_47_fu_539    |    0    |    0    |    0    |
|          |      sext_ln728_fu_557      |    0    |    0    |    0    |
|          |     sext_ln728_10_fu_569    |    0    |    0    |    0    |
|          |     sext_ln728_11_fu_581    |    0    |    0    |    0    |
|----------|-----------------------------|---------|---------|---------|
|          |          mrv_fu_593         |    0    |    0    |    0    |
|insertvalue|         mrv_1_fu_599        |    0    |    0    |    0    |
|          |         mrv_2_fu_605        |    0    |    0    |    0    |
|          |         mrv_3_fu_611        |    0    |    0    |    0    |
|----------|-----------------------------|---------|---------|---------|
|   Total  |                             |    0    |    0    |   517   |
|----------|-----------------------------|---------|---------|---------|

Memories:
N/A

* Register list:
+--------------------+--------+
|                    |   FF   |
+--------------------+--------+
|add_ln703_65_reg_647|   14   |
|add_ln703_68_reg_657|   15   |
|  add_ln703_reg_622 |   14   |
|lshr_ln708_s_reg_627|   13   |
|   tmp_182_reg_632  |   13   |
|   tmp_183_reg_637  |   12   |
|   tmp_188_reg_652  |   14   |
|  trunc_ln2_reg_642 |   12   |
|  trunc_ln_reg_617  |   12   |
+--------------------+--------+
|        Total       |   119  |
+--------------------+--------+

* Multiplexer (MUX) list: 
|--------|------|------|------|--------|
|  Comp  |  Pin | Size |  BW  | S x BW |
|--------|------|------|------|--------|
|  Total |      |      |      |    0   |
|--------|------|------|------|--------|



* Summary:
+-----------+--------+--------+--------+
|           | DSP48E |   FF   |   LUT  |
+-----------+--------+--------+--------+
|  Function |    0   |    0   |   517  |
|   Memory  |    -   |    -   |    -   |
|Multiplexer|    -   |    -   |    -   |
|  Register |    -   |   119  |    -   |
+-----------+--------+--------+--------+
|   Total   |    0   |   119  |   517  |
+-----------+--------+--------+--------+
