

================================================================
== Vivado HLS Report for 'dense_resource_rf_leq_nin_ap_ufixed_ap_fixed_19_8_5_3_0_config8_0_0_0_0'
================================================================
* Date:           Mon Jun  1 10:23:32 2026

* Version:        2020.1 (Build 2897737 on Wed May 27 20:21:37 MDT 2020)
* Project:        myproject_prj
* Solution:       solution1
* Product family: zynq
* Target device:  xc7z020-clg400-1


================================================================
== Performance Estimates
================================================================
+ Timing: 
    * Summary: 
    +--------+---------+----------+------------+
    |  Clock |  Target | Estimated| Uncertainty|
    +--------+---------+----------+------------+
    |ap_clk  | 5.00 ns | 4.170 ns |   0.62 ns  |
    +--------+---------+----------+------------+

+ Latency: 
    * Summary: 
    +---------+---------+-----------+-----------+-----+-----+---------+
    |  Latency (cycles) |   Latency (absolute)  |  Interval | Pipeline|
    |   min   |   max   |    min    |    max    | min | max |   Type  |
    +---------+---------+-----------+-----------+-----+-----+---------+
    |        2|        2| 10.000 ns | 10.000 ns |    2|    2|   none  |
    +---------+---------+-----------+-----------+-----+-----+---------+

    + Detail: 
        * Instance: 
        N/A

        * Loop: 
        N/A

============================================================
+ Verbose Summary: Synthesis Manager
============================================================
InlineROM: 1
ExposeGlobal: 0
============================================================
+ Verbose Summary: CDFG Model
============================================================
IsTopModel: 0
ResetActiveHigh: 1
IsCombinational: 2
IsDatapathOnly: 0
HasWiredReturn: 1
HasMFsm: 0
HasVarLatency: 1
IsPipeline: 0
IsRtlPipelined: 0
IsInstanceOverlapped: 0
IsDontTouch: 0
HasImplIP: 0
IsGatedGlobalClock: 0


============================================================
+ Verbose Summary: Schedule
============================================================
* Number of FSM states : 3
* Pipeline : 0
* Dataflow Pipeline: 0

* FSM state transitions: 
1 --> 2 
2 --> 3 
3 --> 

* FSM state operations: 

State 1 <SV = 0> <Delay = 4.17>
ST_1 : Operation 4 [1/1] (0.00ns)   --->   "%p_read_3 = call i8 @_ssdm_op_Read.ap_auto.i8(i8 %p_read1)" [firmware/nnet_utils/nnet_dense_resource.h:13]   --->   Operation 4 'read' 'p_read_3' <Predicate = true> <Delay = 0.00>
ST_1 : Operation 5 [1/1] (0.00ns)   --->   "%zext_ln708_2 = zext i8 %p_read_3 to i14" [firmware/nnet_utils/nnet_dense_resource.h:59]   --->   Operation 5 'zext' 'zext_ln708_2' <Predicate = true> <Delay = 0.00>
ST_1 : Operation 6 [1/1] (4.17ns)   --->   "%mul_ln708_1 = mul i14 %zext_ln708_2, 38" [firmware/nnet_utils/nnet_dense_resource.h:59]   --->   Operation 6 'mul' 'mul_ln708_1' <Predicate = true> <Delay = 4.17> <Core = "Mul">   --->   Core 16 'Mul' <Latency = 0> <II = 1> <Delay = 4.17> <FuncUnit> <Opcode : 'mul'> <InPorts = 2> <OutPorts = 1>
ST_1 : Operation 7 [1/1] (0.00ns)   --->   "%trunc_ln = call i13 @_ssdm_op_PartSelect.i13.i14.i32.i32(i14 %mul_ln708_1, i32 1, i32 13)" [firmware/nnet_utils/nnet_mult.h:73->firmware/nnet_utils/nnet_dense_resource.h:59]   --->   Operation 7 'partselect' 'trunc_ln' <Predicate = true> <Delay = 0.00>

State 2 <SV = 1> <Delay = 4.17>
ST_2 : Operation 8 [1/1] (0.00ns)   --->   "%p_read_1 = call i8 @_ssdm_op_Read.ap_auto.i8(i8 %p_read3)" [firmware/nnet_utils/nnet_dense_resource.h:13]   --->   Operation 8 'read' 'p_read_1' <Predicate = true> <Delay = 0.00>
ST_2 : Operation 9 [1/1] (0.00ns)   --->   "%p_read_2 = call i8 @_ssdm_op_Read.ap_auto.i8(i8 %p_read2)" [firmware/nnet_utils/nnet_dense_resource.h:13]   --->   Operation 9 'read' 'p_read_2' <Predicate = true> <Delay = 0.00>
ST_2 : Operation 10 [1/1] (0.00ns)   --->   "%p_read_4 = call i8 @_ssdm_op_Read.ap_auto.i8(i8 %p_read)" [firmware/nnet_utils/nnet_dense_resource.h:13]   --->   Operation 10 'read' 'p_read_4' <Predicate = true> <Delay = 0.00>
ST_2 : Operation 11 [1/1] (0.00ns)   --->   "%zext_ln708 = zext i8 %p_read_4 to i13" [firmware/nnet_utils/nnet_dense_resource.h:59]   --->   Operation 11 'zext' 'zext_ln708' <Predicate = true> <Delay = 0.00>
ST_2 : Operation 12 [1/1] (0.00ns)   --->   "%zext_ln708_1 = zext i8 %p_read_4 to i14" [firmware/nnet_utils/nnet_dense_resource.h:59]   --->   Operation 12 'zext' 'zext_ln708_1' <Predicate = true> <Delay = 0.00>
ST_2 : Operation 13 [1/1] (0.00ns)   --->   "%tmp = call i7 @_ssdm_op_PartSelect.i7.i8.i32.i32(i8 %p_read_4, i32 1, i32 7)" [firmware/nnet_utils/nnet_mult.h:73->firmware/nnet_utils/nnet_dense_resource.h:59]   --->   Operation 13 'partselect' 'tmp' <Predicate = true> <Delay = 0.00>
ST_2 : Operation 14 [1/1] (0.00ns)   --->   "%zext_ln1118_9 = zext i7 %tmp to i11" [firmware/nnet_utils/nnet_mult.h:73->firmware/nnet_utils/nnet_dense_resource.h:59]   --->   Operation 14 'zext' 'zext_ln1118_9' <Predicate = true> <Delay = 0.00>
ST_2 : Operation 15 [1/1] (0.00ns)   --->   "%shl_ln = call i10 @_ssdm_op_BitConcatenate.i10.i8.i2(i8 %p_read_3, i2 0)" [firmware/nnet_utils/nnet_mult.h:73->firmware/nnet_utils/nnet_dense_resource.h:59]   --->   Operation 15 'bitconcatenate' 'shl_ln' <Predicate = true> <Delay = 0.00>
ST_2 : Operation 16 [1/1] (0.00ns)   --->   "%zext_ln1118 = zext i10 %shl_ln to i11" [firmware/nnet_utils/nnet_mult.h:73->firmware/nnet_utils/nnet_dense_resource.h:59]   --->   Operation 16 'zext' 'zext_ln1118' <Predicate = true> <Delay = 0.00>
ST_2 : Operation 17 [1/1] (1.73ns)   --->   "%sub_ln1118 = sub i11 0, %zext_ln1118" [firmware/nnet_utils/nnet_mult.h:73->firmware/nnet_utils/nnet_dense_resource.h:59]   --->   Operation 17 'sub' 'sub_ln1118' <Predicate = true> <Delay = 1.73> <Core = "AddSub">   --->   Core 14 'AddSub' <Latency = 0> <II = 1> <Delay = 1.94> <FuncUnit> <Opcode : 'add' 'sub'> <InPorts = 2> <OutPorts = 1>
ST_2 : Operation 18 [1/1] (0.00ns)   --->   "%tmp_123 = call i10 @_ssdm_op_PartSelect.i10.i11.i32.i32(i11 %sub_ln1118, i32 1, i32 10)" [firmware/nnet_utils/nnet_mult.h:73->firmware/nnet_utils/nnet_dense_resource.h:59]   --->   Operation 18 'partselect' 'tmp_123' <Predicate = true> <Delay = 0.00>
ST_2 : Operation 19 [1/1] (0.00ns)   --->   "%sext_ln1118 = sext i10 %tmp_123 to i11" [firmware/nnet_utils/nnet_mult.h:73->firmware/nnet_utils/nnet_dense_resource.h:59]   --->   Operation 19 'sext' 'sext_ln1118' <Predicate = true> <Delay = 0.00>
ST_2 : Operation 20 [1/1] (0.00ns)   --->   "%shl_ln1118_s = call i13 @_ssdm_op_BitConcatenate.i13.i8.i5(i8 %p_read_2, i5 0)" [firmware/nnet_utils/nnet_mult.h:73->firmware/nnet_utils/nnet_dense_resource.h:59]   --->   Operation 20 'bitconcatenate' 'shl_ln1118_s' <Predicate = true> <Delay = 0.00>
ST_2 : Operation 21 [1/1] (0.00ns)   --->   "%zext_ln1118_1 = zext i13 %shl_ln1118_s to i14" [firmware/nnet_utils/nnet_mult.h:73->firmware/nnet_utils/nnet_dense_resource.h:59]   --->   Operation 21 'zext' 'zext_ln1118_1' <Predicate = true> <Delay = 0.00>
ST_2 : Operation 22 [1/1] (0.00ns)   --->   "%shl_ln1118_1 = call i9 @_ssdm_op_BitConcatenate.i9.i8.i1(i8 %p_read_2, i1 false)" [firmware/nnet_utils/nnet_mult.h:73->firmware/nnet_utils/nnet_dense_resource.h:59]   --->   Operation 22 'bitconcatenate' 'shl_ln1118_1' <Predicate = true> <Delay = 0.00>
ST_2 : Operation 23 [1/1] (0.00ns)   --->   "%zext_ln1118_2 = zext i9 %shl_ln1118_1 to i14" [firmware/nnet_utils/nnet_mult.h:73->firmware/nnet_utils/nnet_dense_resource.h:59]   --->   Operation 23 'zext' 'zext_ln1118_2' <Predicate = true> <Delay = 0.00>
ST_2 : Operation 24 [1/1] (1.67ns)   --->   "%sub_ln1118_1 = sub i14 %zext_ln1118_1, %zext_ln1118_2" [firmware/nnet_utils/nnet_mult.h:73->firmware/nnet_utils/nnet_dense_resource.h:59]   --->   Operation 24 'sub' 'sub_ln1118_1' <Predicate = true> <Delay = 1.67> <Core = "AddSub">   --->   Core 14 'AddSub' <Latency = 0> <II = 1> <Delay = 1.94> <FuncUnit> <Opcode : 'add' 'sub'> <InPorts = 2> <OutPorts = 1>
ST_2 : Operation 25 [1/1] (0.00ns)   --->   "%tmp_124 = call i13 @_ssdm_op_PartSelect.i13.i14.i32.i32(i14 %sub_ln1118_1, i32 1, i32 13)" [firmware/nnet_utils/nnet_mult.h:73->firmware/nnet_utils/nnet_dense_resource.h:59]   --->   Operation 25 'partselect' 'tmp_124' <Predicate = true> <Delay = 0.00>
ST_2 : Operation 26 [1/1] (0.00ns)   --->   "%sext_ln1118_1 = sext i13 %tmp_124 to i14" [firmware/nnet_utils/nnet_mult.h:73->firmware/nnet_utils/nnet_dense_resource.h:59]   --->   Operation 26 'sext' 'sext_ln1118_1' <Predicate = true> <Delay = 0.00>
ST_2 : Operation 27 [1/1] (0.00ns)   --->   "%zext_ln1118_3 = zext i8 %p_read_1 to i15" [firmware/nnet_utils/nnet_mult.h:73->firmware/nnet_utils/nnet_dense_resource.h:59]   --->   Operation 27 'zext' 'zext_ln1118_3' <Predicate = true> <Delay = 0.00>
ST_2 : Operation 28 [1/1] (0.00ns)   --->   "%zext_ln1118_4 = zext i8 %p_read_1 to i14" [firmware/nnet_utils/nnet_mult.h:73->firmware/nnet_utils/nnet_dense_resource.h:59]   --->   Operation 28 'zext' 'zext_ln1118_4' <Predicate = true> <Delay = 0.00>
ST_2 : Operation 29 [1/1] (0.00ns)   --->   "%shl_ln1 = call i12 @_ssdm_op_BitConcatenate.i12.i8.i4(i8 %p_read_1, i4 0)" [firmware/nnet_utils/nnet_dense_resource.h:59]   --->   Operation 29 'bitconcatenate' 'shl_ln1' <Predicate = true> <Delay = 0.00>
ST_2 : Operation 30 [1/1] (0.00ns)   --->   "%zext_ln703 = zext i12 %shl_ln1 to i14" [firmware/nnet_utils/nnet_dense_resource.h:59]   --->   Operation 30 'zext' 'zext_ln703' <Predicate = true> <Delay = 0.00>
ST_2 : Operation 31 [1/1] (1.73ns)   --->   "%add_ln703 = add i11 %sext_ln1118, %zext_ln1118_9" [firmware/nnet_utils/nnet_dense_resource.h:59]   --->   Operation 31 'add' 'add_ln703' <Predicate = true> <Delay = 1.73> <Core = "AddSub">   --->   Core 14 'AddSub' <Latency = 0> <II = 1> <Delay = 1.94> <FuncUnit> <Opcode : 'add' 'sub'> <InPorts = 2> <OutPorts = 1>
ST_2 : Operation 32 [1/1] (1.67ns)   --->   "%add_ln703_1 = add i14 %sext_ln1118_1, %zext_ln703" [firmware/nnet_utils/nnet_dense_resource.h:59]   --->   Operation 32 'add' 'add_ln703_1' <Predicate = true> <Delay = 1.67> <Core = "AddSub">   --->   Core 14 'AddSub' <Latency = 0> <II = 1> <Delay = 1.94> <FuncUnit> <Opcode : 'add' 'sub'> <InPorts = 2> <OutPorts = 1>
ST_2 : Operation 33 [1/1] (4.17ns)   --->   "%mul_ln1118 = mul i14 %zext_ln708_1, -29" [firmware/nnet_utils/nnet_mult.h:73->firmware/nnet_utils/nnet_dense_resource.h:59]   --->   Operation 33 'mul' 'mul_ln1118' <Predicate = true> <Delay = 4.17> <Core = "Mul">   --->   Core 16 'Mul' <Latency = 0> <II = 1> <Delay = 4.17> <FuncUnit> <Opcode : 'mul'> <InPorts = 2> <OutPorts = 1>
ST_2 : Operation 34 [1/1] (0.00ns)   --->   "%tmp_125 = call i13 @_ssdm_op_PartSelect.i13.i14.i32.i32(i14 %mul_ln1118, i32 1, i32 13)" [firmware/nnet_utils/nnet_dense_resource.h:59]   --->   Operation 34 'partselect' 'tmp_125' <Predicate = true> <Delay = 0.00>
ST_2 : Operation 35 [1/1] (0.00ns)   --->   "%zext_ln708_3 = zext i8 %p_read_3 to i12" [firmware/nnet_utils/nnet_dense_resource.h:59]   --->   Operation 35 'zext' 'zext_ln708_3' <Predicate = true> <Delay = 0.00>
ST_2 : Operation 36 [1/1] (4.17ns)   --->   "%mul_ln708 = mul i12 %zext_ln708_3, 11" [firmware/nnet_utils/nnet_dense_resource.h:59]   --->   Operation 36 'mul' 'mul_ln708' <Predicate = true> <Delay = 4.17> <Core = "Mul">   --->   Core 16 'Mul' <Latency = 0> <II = 1> <Delay = 4.17> <FuncUnit> <Opcode : 'mul'> <InPorts = 2> <OutPorts = 1>
ST_2 : Operation 37 [1/1] (0.00ns)   --->   "%lshr_ln708_s = call i11 @_ssdm_op_PartSelect.i11.i12.i32.i32(i12 %mul_ln708, i32 1, i32 11)" [firmware/nnet_utils/nnet_dense_resource.h:59]   --->   Operation 37 'partselect' 'lshr_ln708_s' <Predicate = true> <Delay = 0.00>
ST_2 : Operation 38 [1/1] (0.00ns)   --->   "%shl_ln708_s = call i11 @_ssdm_op_BitConcatenate.i11.i8.i3(i8 %p_read_2, i3 0)" [firmware/nnet_utils/nnet_dense_resource.h:59]   --->   Operation 38 'bitconcatenate' 'shl_ln708_s' <Predicate = true> <Delay = 0.00>
ST_2 : Operation 39 [1/1] (0.00ns)   --->   "%zext_ln1118_6 = zext i11 %shl_ln708_s to i12" [firmware/nnet_utils/nnet_mult.h:73->firmware/nnet_utils/nnet_dense_resource.h:59]   --->   Operation 39 'zext' 'zext_ln1118_6' <Predicate = true> <Delay = 0.00>
ST_2 : Operation 40 [1/1] (4.17ns)   --->   "%mul_ln1118_1 = mul i14 %zext_ln1118_4, -21" [firmware/nnet_utils/nnet_mult.h:73->firmware/nnet_utils/nnet_dense_resource.h:59]   --->   Operation 40 'mul' 'mul_ln1118_1' <Predicate = true> <Delay = 4.17> <Core = "Mul">   --->   Core 16 'Mul' <Latency = 0> <II = 1> <Delay = 4.17> <FuncUnit> <Opcode : 'mul'> <InPorts = 2> <OutPorts = 1>
ST_2 : Operation 41 [1/1] (0.00ns)   --->   "%tmp_126 = call i13 @_ssdm_op_PartSelect.i13.i14.i32.i32(i14 %mul_ln1118_1, i32 1, i32 13)" [firmware/nnet_utils/nnet_dense_resource.h:59]   --->   Operation 41 'partselect' 'tmp_126' <Predicate = true> <Delay = 0.00>
ST_2 : Operation 42 [1/1] (1.63ns)   --->   "%add_ln703_4 = add i12 %zext_ln1118_6, -128" [firmware/nnet_utils/nnet_dense_resource.h:59]   --->   Operation 42 'add' 'add_ln703_4' <Predicate = true> <Delay = 1.63> <Core = "AddSub">   --->   Core 14 'AddSub' <Latency = 0> <II = 1> <Delay = 1.94> <FuncUnit> <Opcode : 'add' 'sub'> <InPorts = 2> <OutPorts = 1>
ST_2 : Operation 43 [1/1] (0.00ns)   --->   "%shl_ln1118_2 = call i12 @_ssdm_op_BitConcatenate.i12.i8.i4(i8 %p_read_4, i4 0)" [firmware/nnet_utils/nnet_mult.h:73->firmware/nnet_utils/nnet_dense_resource.h:59]   --->   Operation 43 'bitconcatenate' 'shl_ln1118_2' <Predicate = true> <Delay = 0.00>
ST_2 : Operation 44 [1/1] (0.00ns)   --->   "%zext_ln1118_7 = zext i12 %shl_ln1118_2 to i13" [firmware/nnet_utils/nnet_mult.h:73->firmware/nnet_utils/nnet_dense_resource.h:59]   --->   Operation 44 'zext' 'zext_ln1118_7' <Predicate = true> <Delay = 0.00>
ST_2 : Operation 45 [1/1] (1.54ns)   --->   "%add_ln1118 = add i13 %zext_ln1118_7, %zext_ln708" [firmware/nnet_utils/nnet_mult.h:73->firmware/nnet_utils/nnet_dense_resource.h:59]   --->   Operation 45 'add' 'add_ln1118' <Predicate = true> <Delay = 1.54> <Core = "AddSub">   --->   Core 14 'AddSub' <Latency = 0> <II = 1> <Delay = 1.94> <FuncUnit> <Opcode : 'add' 'sub'> <InPorts = 2> <OutPorts = 1>
ST_2 : Operation 46 [1/1] (0.00ns)   --->   "%tmp_127 = call i12 @_ssdm_op_PartSelect.i12.i13.i32.i32(i13 %add_ln1118, i32 1, i32 12)" [firmware/nnet_utils/nnet_dense_resource.h:59]   --->   Operation 46 'partselect' 'tmp_127' <Predicate = true> <Delay = 0.00>
ST_2 : Operation 47 [1/1] (0.00ns)   --->   "%zext_ln708_4 = zext i12 %tmp_127 to i14" [firmware/nnet_utils/nnet_dense_resource.h:59]   --->   Operation 47 'zext' 'zext_ln708_4' <Predicate = true> <Delay = 0.00>
ST_2 : Operation 48 [1/1] (0.00ns)   --->   "%shl_ln1118_3 = call i10 @_ssdm_op_BitConcatenate.i10.i8.i2(i8 %p_read_2, i2 0)" [firmware/nnet_utils/nnet_mult.h:73->firmware/nnet_utils/nnet_dense_resource.h:59]   --->   Operation 48 'bitconcatenate' 'shl_ln1118_3' <Predicate = true> <Delay = 0.00>
ST_2 : Operation 49 [1/1] (0.00ns)   --->   "%zext_ln1118_8 = zext i10 %shl_ln1118_3 to i14" [firmware/nnet_utils/nnet_mult.h:73->firmware/nnet_utils/nnet_dense_resource.h:59]   --->   Operation 49 'zext' 'zext_ln1118_8' <Predicate = true> <Delay = 0.00>
ST_2 : Operation 50 [1/1] (1.67ns)   --->   "%sub_ln1118_2 = sub i14 %zext_ln1118_8, %zext_ln1118_1" [firmware/nnet_utils/nnet_mult.h:73->firmware/nnet_utils/nnet_dense_resource.h:59]   --->   Operation 50 'sub' 'sub_ln1118_2' <Predicate = true> <Delay = 1.67> <Core = "AddSub">   --->   Core 14 'AddSub' <Latency = 0> <II = 1> <Delay = 1.94> <FuncUnit> <Opcode : 'add' 'sub'> <InPorts = 2> <OutPorts = 1>
ST_2 : Operation 51 [1/1] (0.00ns)   --->   "%tmp_128 = call i13 @_ssdm_op_PartSelect.i13.i14.i32.i32(i14 %sub_ln1118_2, i32 1, i32 13)" [firmware/nnet_utils/nnet_mult.h:73->firmware/nnet_utils/nnet_dense_resource.h:59]   --->   Operation 51 'partselect' 'tmp_128' <Predicate = true> <Delay = 0.00>
ST_2 : Operation 52 [1/1] (0.00ns)   --->   "%sext_ln1118_2 = sext i13 %tmp_128 to i14" [firmware/nnet_utils/nnet_mult.h:73->firmware/nnet_utils/nnet_dense_resource.h:59]   --->   Operation 52 'sext' 'sext_ln1118_2' <Predicate = true> <Delay = 0.00>
ST_2 : Operation 53 [1/1] (4.17ns)   --->   "%mul_ln1118_2 = mul i15 %zext_ln1118_3, -46" [firmware/nnet_utils/nnet_mult.h:73->firmware/nnet_utils/nnet_dense_resource.h:59]   --->   Operation 53 'mul' 'mul_ln1118_2' <Predicate = true> <Delay = 4.17> <Core = "Mul">   --->   Core 16 'Mul' <Latency = 0> <II = 1> <Delay = 4.17> <FuncUnit> <Opcode : 'mul'> <InPorts = 2> <OutPorts = 1>
ST_2 : Operation 54 [1/1] (0.00ns)   --->   "%tmp_129 = call i14 @_ssdm_op_PartSelect.i14.i15.i32.i32(i15 %mul_ln1118_2, i32 1, i32 14)" [firmware/nnet_utils/nnet_dense_resource.h:59]   --->   Operation 54 'partselect' 'tmp_129' <Predicate = true> <Delay = 0.00>
ST_2 : Operation 55 [1/1] (1.67ns)   --->   "%add_ln703_7 = add i14 %zext_ln708_4, %sext_ln1118_2" [firmware/nnet_utils/nnet_dense_resource.h:59]   --->   Operation 55 'add' 'add_ln703_7' <Predicate = true> <Delay = 1.67> <Core = "AddSub">   --->   Core 14 'AddSub' <Latency = 0> <II = 1> <Delay = 1.94> <FuncUnit> <Opcode : 'add' 'sub'> <InPorts = 2> <OutPorts = 1>
ST_2 : Operation 56 [1/1] (1.67ns)   --->   "%add_ln703_8 = add i13 %trunc_ln, 160" [firmware/nnet_utils/nnet_dense_resource.h:59]   --->   Operation 56 'add' 'add_ln703_8' <Predicate = true> <Delay = 1.67> <Core = "AddSub">   --->   Core 14 'AddSub' <Latency = 0> <II = 1> <Delay = 1.94> <FuncUnit> <Opcode : 'add' 'sub'> <InPorts = 2> <OutPorts = 1>

State 3 <SV = 2> <Delay = 3.75>
ST_3 : Operation 57 [1/1] (0.00ns)   --->   "%sext_ln703_1 = sext i11 %add_ln703 to i15" [firmware/nnet_utils/nnet_dense_resource.h:59]   --->   Operation 57 'sext' 'sext_ln703_1' <Predicate = true> <Delay = 0.00>
ST_3 : Operation 58 [1/1] (0.00ns)   --->   "%sext_ln703_2 = sext i14 %add_ln703_1 to i15" [firmware/nnet_utils/nnet_dense_resource.h:59]   --->   Operation 58 'sext' 'sext_ln703_2' <Predicate = true> <Delay = 0.00>
ST_3 : Operation 59 [1/1] (1.81ns)   --->   "%p_Val2_s = add i15 %sext_ln703_2, %sext_ln703_1" [firmware/nnet_utils/nnet_dense_resource.h:59]   --->   Operation 59 'add' 'p_Val2_s' <Predicate = true> <Delay = 1.81> <Core = "AddSub">   --->   Core 14 'AddSub' <Latency = 0> <II = 1> <Delay = 1.94> <FuncUnit> <Opcode : 'add' 'sub'> <InPorts = 2> <OutPorts = 1>
ST_3 : Operation 60 [1/1] (0.00ns)   --->   "%sext_ln708 = sext i13 %tmp_125 to i14" [firmware/nnet_utils/nnet_dense_resource.h:59]   --->   Operation 60 'sext' 'sext_ln708' <Predicate = true> <Delay = 0.00>
ST_3 : Operation 61 [1/1] (0.00ns)   --->   "%zext_ln1118_5 = zext i11 %lshr_ln708_s to i13" [firmware/nnet_utils/nnet_mult.h:73->firmware/nnet_utils/nnet_dense_resource.h:59]   --->   Operation 61 'zext' 'zext_ln1118_5' <Predicate = true> <Delay = 0.00>
ST_3 : Operation 62 [1/1] (0.00ns)   --->   "%sext_ln703_3 = sext i13 %tmp_126 to i14" [firmware/nnet_utils/nnet_dense_resource.h:59]   --->   Operation 62 'sext' 'sext_ln703_3' <Predicate = true> <Delay = 0.00>
ST_3 : Operation 63 [1/1] (1.67ns)   --->   "%add_ln703_3 = add i14 %sext_ln708, %sext_ln703_3" [firmware/nnet_utils/nnet_dense_resource.h:59]   --->   Operation 63 'add' 'add_ln703_3' <Predicate = true> <Delay = 1.67> <Core = "AddSub">   --->   Core 14 'AddSub' <Latency = 0> <II = 1> <Delay = 1.94> <FuncUnit> <Opcode : 'add' 'sub'> <InPorts = 2> <OutPorts = 1>
ST_3 : Operation 64 [1/1] (0.00ns)   --->   "%sext_ln703_4 = sext i14 %add_ln703_3 to i15" [firmware/nnet_utils/nnet_dense_resource.h:59]   --->   Operation 64 'sext' 'sext_ln703_4' <Predicate = true> <Delay = 0.00>
ST_3 : Operation 65 [1/1] (0.00ns)   --->   "%sext_ln703 = sext i12 %add_ln703_4 to i13" [firmware/nnet_utils/nnet_dense_resource.h:59]   --->   Operation 65 'sext' 'sext_ln703' <Predicate = true> <Delay = 0.00>
ST_3 : Operation 66 [1/1] (1.54ns)   --->   "%add_ln703_5 = add i13 %sext_ln703, %zext_ln1118_5" [firmware/nnet_utils/nnet_dense_resource.h:59]   --->   Operation 66 'add' 'add_ln703_5' <Predicate = true> <Delay = 1.54> <Core = "AddSub">   --->   Core 14 'AddSub' <Latency = 0> <II = 1> <Delay = 1.94> <FuncUnit> <Opcode : 'add' 'sub'> <InPorts = 2> <OutPorts = 1>
ST_3 : Operation 67 [1/1] (0.00ns)   --->   "%sext_ln703_5 = sext i13 %add_ln703_5 to i15" [firmware/nnet_utils/nnet_dense_resource.h:59]   --->   Operation 67 'sext' 'sext_ln703_5' <Predicate = true> <Delay = 0.00>
ST_3 : Operation 68 [1/1] (1.81ns)   --->   "%acc_1_V = add i15 %sext_ln703_5, %sext_ln703_4" [firmware/nnet_utils/nnet_dense_resource.h:59]   --->   Operation 68 'add' 'acc_1_V' <Predicate = true> <Delay = 1.81> <Core = "AddSub">   --->   Core 14 'AddSub' <Latency = 0> <II = 1> <Delay = 1.94> <FuncUnit> <Opcode : 'add' 'sub'> <InPorts = 2> <OutPorts = 1>
ST_3 : Operation 69 [1/1] (0.00ns)   --->   "%sext_ln703_6 = sext i14 %tmp_129 to i15" [firmware/nnet_utils/nnet_dense_resource.h:59]   --->   Operation 69 'sext' 'sext_ln703_6' <Predicate = true> <Delay = 0.00>
ST_3 : Operation 70 [1/1] (0.00ns)   --->   "%sext_ln703_7 = sext i14 %add_ln703_7 to i16" [firmware/nnet_utils/nnet_dense_resource.h:59]   --->   Operation 70 'sext' 'sext_ln703_7' <Predicate = true> <Delay = 0.00>
ST_3 : Operation 71 [1/1] (0.00ns)   --->   "%zext_ln703_1 = zext i13 %add_ln703_8 to i15" [firmware/nnet_utils/nnet_dense_resource.h:59]   --->   Operation 71 'zext' 'zext_ln703_1' <Predicate = true> <Delay = 0.00>
ST_3 : Operation 72 [1/1] (1.81ns)   --->   "%add_ln703_9 = add i15 %zext_ln703_1, %sext_ln703_6" [firmware/nnet_utils/nnet_dense_resource.h:59]   --->   Operation 72 'add' 'add_ln703_9' <Predicate = true> <Delay = 1.81> <Core = "AddSub">   --->   Core 14 'AddSub' <Latency = 0> <II = 1> <Delay = 1.94> <FuncUnit> <Opcode : 'add' 'sub'> <InPorts = 2> <OutPorts = 1>
ST_3 : Operation 73 [1/1] (0.00ns)   --->   "%sext_ln703_8 = sext i15 %add_ln703_9 to i16" [firmware/nnet_utils/nnet_dense_resource.h:59]   --->   Operation 73 'sext' 'sext_ln703_8' <Predicate = true> <Delay = 0.00>
ST_3 : Operation 74 [1/1] (1.94ns)   --->   "%acc_2_V = add i16 %sext_ln703_8, %sext_ln703_7" [firmware/nnet_utils/nnet_dense_resource.h:59]   --->   Operation 74 'add' 'acc_2_V' <Predicate = true> <Delay = 1.94> <Core = "AddSub">   --->   Core 14 'AddSub' <Latency = 0> <II = 1> <Delay = 1.94> <FuncUnit> <Opcode : 'add' 'sub'> <InPorts = 2> <OutPorts = 1>
ST_3 : Operation 75 [1/1] (0.00ns)   --->   "%tmp_130 = call i16 @_ssdm_op_BitConcatenate.i16.i15.i1(i15 %p_Val2_s, i1 false)" [firmware/nnet_utils/nnet_mult.h:111->firmware/nnet_utils/nnet_dense_resource.h:82]   --->   Operation 75 'bitconcatenate' 'tmp_130' <Predicate = true> <Delay = 0.00>
ST_3 : Operation 76 [1/1] (0.00ns)   --->   "%sext_ln728 = sext i16 %tmp_130 to i17" [firmware/nnet_utils/nnet_mult.h:111->firmware/nnet_utils/nnet_dense_resource.h:82]   --->   Operation 76 'sext' 'sext_ln728' <Predicate = true> <Delay = 0.00>
ST_3 : Operation 77 [1/1] (0.00ns)   --->   "%tmp_131 = call i16 @_ssdm_op_BitConcatenate.i16.i15.i1(i15 %acc_1_V, i1 false)" [firmware/nnet_utils/nnet_mult.h:111->firmware/nnet_utils/nnet_dense_resource.h:82]   --->   Operation 77 'bitconcatenate' 'tmp_131' <Predicate = true> <Delay = 0.00>
ST_3 : Operation 78 [1/1] (0.00ns)   --->   "%sext_ln728_1 = sext i16 %tmp_131 to i17" [firmware/nnet_utils/nnet_mult.h:111->firmware/nnet_utils/nnet_dense_resource.h:82]   --->   Operation 78 'sext' 'sext_ln728_1' <Predicate = true> <Delay = 0.00>
ST_3 : Operation 79 [1/1] (0.00ns)   --->   "%res_2_V_write_assign = call i17 @_ssdm_op_BitConcatenate.i17.i16.i1(i16 %acc_2_V, i1 false)" [firmware/nnet_utils/nnet_mult.h:111->firmware/nnet_utils/nnet_dense_resource.h:82]   --->   Operation 79 'bitconcatenate' 'res_2_V_write_assign' <Predicate = true> <Delay = 0.00>
ST_3 : Operation 80 [1/1] (0.00ns)   --->   "%mrv = insertvalue { i17, i17, i17 } undef, i17 %sext_ln728, 0" [firmware/nnet_utils/nnet_dense_resource.h:84]   --->   Operation 80 'insertvalue' 'mrv' <Predicate = true> <Delay = 0.00>
ST_3 : Operation 81 [1/1] (0.00ns)   --->   "%mrv_1 = insertvalue { i17, i17, i17 } %mrv, i17 %sext_ln728_1, 1" [firmware/nnet_utils/nnet_dense_resource.h:84]   --->   Operation 81 'insertvalue' 'mrv_1' <Predicate = true> <Delay = 0.00>
ST_3 : Operation 82 [1/1] (0.00ns)   --->   "%mrv_2 = insertvalue { i17, i17, i17 } %mrv_1, i17 %res_2_V_write_assign, 2" [firmware/nnet_utils/nnet_dense_resource.h:84]   --->   Operation 82 'insertvalue' 'mrv_2' <Predicate = true> <Delay = 0.00>
ST_3 : Operation 83 [1/1] (0.00ns)   --->   "ret { i17, i17, i17 } %mrv_2" [firmware/nnet_utils/nnet_dense_resource.h:84]   --->   Operation 83 'ret' <Predicate = true> <Delay = 0.00>


============================================================
+ Verbose Summary: Binding
============================================================
STG Binding: 
---------------- STG Properties BEGIN ----------------
- Is combinational: 0
- Is one-state seq: 0
- Is datapath-only: 0
- Is pipelined: 0
- Is top level: 0
Port [ Return ] is wired: 1; IO mode=ap_ctrl_hs:ce=0
Port [ p_read]:  wired=1; compound=0; hidden=0; nouse=0; global=0; static=0; extern=0; dir=0; type=0; pingpong=0; private_global=0; IO mode=ap_none:ce=0
Port [ p_read1]:  wired=1; compound=0; hidden=0; nouse=0; global=0; static=0; extern=0; dir=0; type=0; pingpong=0; private_global=0; IO mode=ap_none:ce=0
Port [ p_read2]:  wired=1; compound=0; hidden=0; nouse=0; global=0; static=0; extern=0; dir=0; type=0; pingpong=0; private_global=0; IO mode=ap_none:ce=0
Port [ p_read3]:  wired=1; compound=0; hidden=0; nouse=0; global=0; static=0; extern=0; dir=0; type=0; pingpong=0; private_global=0; IO mode=ap_none:ce=0
---------------- STG Properties END ------------------

---------------- Datapath Model BEGIN ----------------

<LifeTime>
<method=bitvector/>
p_read_3             (read          ) [ 0010]
zext_ln708_2         (zext          ) [ 0000]
mul_ln708_1          (mul           ) [ 0000]
trunc_ln             (partselect    ) [ 0010]
p_read_1             (read          ) [ 0000]
p_read_2             (read          ) [ 0000]
p_read_4             (read          ) [ 0000]
zext_ln708           (zext          ) [ 0000]
zext_ln708_1         (zext          ) [ 0000]
tmp                  (partselect    ) [ 0000]
zext_ln1118_9        (zext          ) [ 0000]
shl_ln               (bitconcatenate) [ 0000]
zext_ln1118          (zext          ) [ 0000]
sub_ln1118           (sub           ) [ 0000]
tmp_123              (partselect    ) [ 0000]
sext_ln1118          (sext          ) [ 0000]
shl_ln1118_s         (bitconcatenate) [ 0000]
zext_ln1118_1        (zext          ) [ 0000]
shl_ln1118_1         (bitconcatenate) [ 0000]
zext_ln1118_2        (zext          ) [ 0000]
sub_ln1118_1         (sub           ) [ 0000]
tmp_124              (partselect    ) [ 0000]
sext_ln1118_1        (sext          ) [ 0000]
zext_ln1118_3        (zext          ) [ 0000]
zext_ln1118_4        (zext          ) [ 0000]
shl_ln1              (bitconcatenate) [ 0000]
zext_ln703           (zext          ) [ 0000]
add_ln703            (add           ) [ 0001]
add_ln703_1          (add           ) [ 0001]
mul_ln1118           (mul           ) [ 0000]
tmp_125              (partselect    ) [ 0001]
zext_ln708_3         (zext          ) [ 0000]
mul_ln708            (mul           ) [ 0000]
lshr_ln708_s         (partselect    ) [ 0001]
shl_ln708_s          (bitconcatenate) [ 0000]
zext_ln1118_6        (zext          ) [ 0000]
mul_ln1118_1         (mul           ) [ 0000]
tmp_126              (partselect    ) [ 0001]
add_ln703_4          (add           ) [ 0001]
shl_ln1118_2         (bitconcatenate) [ 0000]
zext_ln1118_7        (zext          ) [ 0000]
add_ln1118           (add           ) [ 0000]
tmp_127              (partselect    ) [ 0000]
zext_ln708_4         (zext          ) [ 0000]
shl_ln1118_3         (bitconcatenate) [ 0000]
zext_ln1118_8        (zext          ) [ 0000]
sub_ln1118_2         (sub           ) [ 0000]
tmp_128              (partselect    ) [ 0000]
sext_ln1118_2        (sext          ) [ 0000]
mul_ln1118_2         (mul           ) [ 0000]
tmp_129              (partselect    ) [ 0001]
add_ln703_7          (add           ) [ 0001]
add_ln703_8          (add           ) [ 0001]
sext_ln703_1         (sext          ) [ 0000]
sext_ln703_2         (sext          ) [ 0000]
p_Val2_s             (add           ) [ 0000]
sext_ln708           (sext          ) [ 0000]
zext_ln1118_5        (zext          ) [ 0000]
sext_ln703_3         (sext          ) [ 0000]
add_ln703_3          (add           ) [ 0000]
sext_ln703_4         (sext          ) [ 0000]
sext_ln703           (sext          ) [ 0000]
add_ln703_5          (add           ) [ 0000]
sext_ln703_5         (sext          ) [ 0000]
acc_1_V              (add           ) [ 0000]
sext_ln703_6         (sext          ) [ 0000]
sext_ln703_7         (sext          ) [ 0000]
zext_ln703_1         (zext          ) [ 0000]
add_ln703_9          (add           ) [ 0000]
sext_ln703_8         (sext          ) [ 0000]
acc_2_V              (add           ) [ 0000]
tmp_130              (bitconcatenate) [ 0000]
sext_ln728           (sext          ) [ 0000]
tmp_131              (bitconcatenate) [ 0000]
sext_ln728_1         (sext          ) [ 0000]
res_2_V_write_assign (bitconcatenate) [ 0000]
mrv                  (insertvalue   ) [ 0000]
mrv_1                (insertvalue   ) [ 0000]
mrv_2                (insertvalue   ) [ 0000]
ret_ln84             (ret           ) [ 0000]
</LifeTime>

<model>

<comp_list>
<comp id="0" class="1000" name="p_read">
<pin_list>
<pin id="1" dir="1" index="0" bw="1" slack="0"/>
</pin_list>
<bind>
<StgValue><ssdm name="p_read"/></StgValue>
</bind>
</comp>

<comp id="2" class="1000" name="p_read1">
<pin_list>
<pin id="3" dir="1" index="0" bw="1" slack="0"/>
</pin_list>
<bind>
<StgValue><ssdm name="p_read1"/></StgValue>
</bind>
</comp>

<comp id="4" class="1000" name="p_read2">
<pin_list>
<pin id="5" dir="1" index="0" bw="1" slack="0"/>
</pin_list>
<bind>
<StgValue><ssdm name="p_read2"/></StgValue>
</bind>
</comp>

<comp id="6" class="1000" name="p_read3">
<pin_list>
<pin id="7" dir="1" index="0" bw="1" slack="0"/>
</pin_list>
<bind>
<StgValue><ssdm name="p_read3"/></StgValue>
</bind>
</comp>

<comp id="8" class="1001" name="const_8">
<pin_list>
<pin id="9" dir="1" index="0" bw="1" slack="0"/>
</pin_list>
<bind>
<StgValue><ssdm name="_ssdm_op_Read.ap_auto.i8"/></StgValue>
</bind>
</comp>

<comp id="10" class="1001" name="const_10">
<pin_list>
<pin id="11" dir="1" index="0" bw="1" slack="0"/>
</pin_list>
<bind>
<StgValue><ssdm name=""/></StgValue>
</bind>
</comp>

<comp id="12" class="1001" name="const_12">
<pin_list>
<pin id="13" dir="1" index="0" bw="1" slack="0"/>
</pin_list>
<bind>
<StgValue><ssdm name="_ssdm_op_PartSelect.i13.i14.i32.i32"/></StgValue>
</bind>
</comp>

<comp id="14" class="1001" name="const_14">
<pin_list>
<pin id="15" dir="1" index="0" bw="1" slack="0"/>
</pin_list>
<bind>
<StgValue><ssdm name=""/></StgValue>
</bind>
</comp>

<comp id="16" class="1001" name="const_16">
<pin_list>
<pin id="17" dir="1" index="0" bw="1" slack="0"/>
</pin_list>
<bind>
<StgValue><ssdm name=""/></StgValue>
</bind>
</comp>

<comp id="18" class="1001" name="const_18">
<pin_list>
<pin id="19" dir="1" index="0" bw="1" slack="0"/>
</pin_list>
<bind>
<StgValue><ssdm name="_ssdm_op_PartSelect.i7.i8.i32.i32"/></StgValue>
</bind>
</comp>

<comp id="20" class="1001" name="const_20">
<pin_list>
<pin id="21" dir="1" index="0" bw="1" slack="0"/>
</pin_list>
<bind>
<StgValue><ssdm name=""/></StgValue>
</bind>
</comp>

<comp id="22" class="1001" name="const_22">
<pin_list>
<pin id="23" dir="1" index="0" bw="1" slack="0"/>
</pin_list>
<bind>
<StgValue><ssdm name="_ssdm_op_BitConcatenate.i10.i8.i2"/></StgValue>
</bind>
</comp>

<comp id="24" class="1001" name="const_24">
<pin_list>
<pin id="25" dir="1" index="0" bw="1" slack="0"/>
</pin_list>
<bind>
<StgValue><ssdm name=""/></StgValue>
</bind>
</comp>

<comp id="26" class="1001" name="const_26">
<pin_list>
<pin id="27" dir="1" index="0" bw="1" slack="0"/>
</pin_list>
<bind>
<StgValue><ssdm name=""/></StgValue>
</bind>
</comp>

<comp id="28" class="1001" name="const_28">
<pin_list>
<pin id="29" dir="1" index="0" bw="1" slack="0"/>
</pin_list>
<bind>
<StgValue><ssdm name="_ssdm_op_PartSelect.i10.i11.i32.i32"/></StgValue>
</bind>
</comp>

<comp id="30" class="1001" name="const_30">
<pin_list>
<pin id="31" dir="1" index="0" bw="1" slack="0"/>
</pin_list>
<bind>
<StgValue><ssdm name=""/></StgValue>
</bind>
</comp>

<comp id="32" class="1001" name="const_32">
<pin_list>
<pin id="33" dir="1" index="0" bw="1" slack="0"/>
</pin_list>
<bind>
<StgValue><ssdm name="_ssdm_op_BitConcatenate.i13.i8.i5"/></StgValue>
</bind>
</comp>

<comp id="34" class="1001" name="const_34">
<pin_list>
<pin id="35" dir="1" index="0" bw="1" slack="0"/>
</pin_list>
<bind>
<StgValue><ssdm name=""/></StgValue>
</bind>
</comp>

<comp id="36" class="1001" name="const_36">
<pin_list>
<pin id="37" dir="1" index="0" bw="1" slack="0"/>
</pin_list>
<bind>
<StgValue><ssdm name="_ssdm_op_BitConcatenate.i9.i8.i1"/></StgValue>
</bind>
</comp>

<comp id="38" class="1001" name="const_38">
<pin_list>
<pin id="39" dir="1" index="0" bw="1" slack="0"/>
</pin_list>
<bind>
<StgValue><ssdm name=""/></StgValue>
</bind>
</comp>

<comp id="40" class="1001" name="const_40">
<pin_list>
<pin id="41" dir="1" index="0" bw="1" slack="0"/>
</pin_list>
<bind>
<StgValue><ssdm name="_ssdm_op_BitConcatenate.i12.i8.i4"/></StgValue>
</bind>
</comp>

<comp id="42" class="1001" name="const_42">
<pin_list>
<pin id="43" dir="1" index="0" bw="1" slack="0"/>
</pin_list>
<bind>
<StgValue><ssdm name=""/></StgValue>
</bind>
</comp>

<comp id="44" class="1001" name="const_44">
<pin_list>
<pin id="45" dir="1" index="0" bw="1" slack="0"/>
</pin_list>
<bind>
<StgValue><ssdm name=""/></StgValue>
</bind>
</comp>

<comp id="46" class="1001" name="const_46">
<pin_list>
<pin id="47" dir="1" index="0" bw="1" slack="0"/>
</pin_list>
<bind>
<StgValue><ssdm name=""/></StgValue>
</bind>
</comp>

<comp id="48" class="1001" name="const_48">
<pin_list>
<pin id="49" dir="1" index="0" bw="1" slack="0"/>
</pin_list>
<bind>
<StgValue><ssdm name="_ssdm_op_PartSelect.i11.i12.i32.i32"/></StgValue>
</bind>
</comp>

<comp id="50" class="1001" name="const_50">
<pin_list>
<pin id="51" dir="1" index="0" bw="1" slack="0"/>
</pin_list>
<bind>
<StgValue><ssdm name=""/></StgValue>
</bind>
</comp>

<comp id="52" class="1001" name="const_52">
<pin_list>
<pin id="53" dir="1" index="0" bw="1" slack="0"/>
</pin_list>
<bind>
<StgValue><ssdm name="_ssdm_op_BitConcatenate.i11.i8.i3"/></StgValue>
</bind>
</comp>

<comp id="54" class="1001" name="const_54">
<pin_list>
<pin id="55" dir="1" index="0" bw="1" slack="0"/>
</pin_list>
<bind>
<StgValue><ssdm name=""/></StgValue>
</bind>
</comp>

<comp id="56" class="1001" name="const_56">
<pin_list>
<pin id="57" dir="1" index="0" bw="1" slack="0"/>
</pin_list>
<bind>
<StgValue><ssdm name=""/></StgValue>
</bind>
</comp>

<comp id="58" class="1001" name="const_58">
<pin_list>
<pin id="59" dir="1" index="0" bw="1" slack="0"/>
</pin_list>
<bind>
<StgValue><ssdm name=""/></StgValue>
</bind>
</comp>

<comp id="60" class="1001" name="const_60">
<pin_list>
<pin id="61" dir="1" index="0" bw="1" slack="0"/>
</pin_list>
<bind>
<StgValue><ssdm name="_ssdm_op_PartSelect.i12.i13.i32.i32"/></StgValue>
</bind>
</comp>

<comp id="62" class="1001" name="const_62">
<pin_list>
<pin id="63" dir="1" index="0" bw="1" slack="0"/>
</pin_list>
<bind>
<StgValue><ssdm name=""/></StgValue>
</bind>
</comp>

<comp id="64" class="1001" name="const_64">
<pin_list>
<pin id="65" dir="1" index="0" bw="1" slack="0"/>
</pin_list>
<bind>
<StgValue><ssdm name=""/></StgValue>
</bind>
</comp>

<comp id="66" class="1001" name="const_66">
<pin_list>
<pin id="67" dir="1" index="0" bw="1" slack="0"/>
</pin_list>
<bind>
<StgValue><ssdm name="_ssdm_op_PartSelect.i14.i15.i32.i32"/></StgValue>
</bind>
</comp>

<comp id="68" class="1001" name="const_68">
<pin_list>
<pin id="69" dir="1" index="0" bw="1" slack="0"/>
</pin_list>
<bind>
<StgValue><ssdm name=""/></StgValue>
</bind>
</comp>

<comp id="70" class="1001" name="const_70">
<pin_list>
<pin id="71" dir="1" index="0" bw="1" slack="0"/>
</pin_list>
<bind>
<StgValue><ssdm name=""/></StgValue>
</bind>
</comp>

<comp id="72" class="1001" name="const_72">
<pin_list>
<pin id="73" dir="1" index="0" bw="1" slack="0"/>
</pin_list>
<bind>
<StgValue><ssdm name="_ssdm_op_BitConcatenate.i16.i15.i1"/></StgValue>
</bind>
</comp>

<comp id="74" class="1001" name="const_74">
<pin_list>
<pin id="75" dir="1" index="0" bw="1" slack="0"/>
</pin_list>
<bind>
<StgValue><ssdm name="_ssdm_op_BitConcatenate.i17.i16.i1"/></StgValue>
</bind>
</comp>

<comp id="76" class="1001" name="const_76">
<pin_list>
<pin id="77" dir="1" index="0" bw="1" slack="0"/>
</pin_list>
<bind>
<StgValue><ssdm name=""/></StgValue>
</bind>
</comp>

<comp id="78" class="1004" name="p_read_3_read_fu_78">
<pin_list>
<pin id="79" dir="0" index="0" bw="8" slack="0"/>
<pin id="80" dir="0" index="1" bw="8" slack="0"/>
<pin id="81" dir="1" index="2" bw="8" slack="0"/>
</pin_list>
<bind>
<opcode="read(1150) " fcode="read"/>
<opset="p_read_3/1 "/>
</bind>
</comp>

<comp id="84" class="1004" name="p_read_1_read_fu_84">
<pin_list>
<pin id="85" dir="0" index="0" bw="8" slack="0"/>
<pin id="86" dir="0" index="1" bw="8" slack="0"/>
<pin id="87" dir="1" index="2" bw="8" slack="0"/>
</pin_list>
<bind>
<opcode="read(1150) " fcode="read"/>
<opset="p_read_1/2 "/>
</bind>
</comp>

<comp id="90" class="1004" name="p_read_2_read_fu_90">
<pin_list>
<pin id="91" dir="0" index="0" bw="8" slack="0"/>
<pin id="92" dir="0" index="1" bw="8" slack="0"/>
<pin id="93" dir="1" index="2" bw="8" slack="0"/>
</pin_list>
<bind>
<opcode="read(1150) " fcode="read"/>
<opset="p_read_2/2 "/>
</bind>
</comp>

<comp id="96" class="1004" name="p_read_4_read_fu_96">
<pin_list>
<pin id="97" dir="0" index="0" bw="8" slack="0"/>
<pin id="98" dir="0" index="1" bw="8" slack="0"/>
<pin id="99" dir="1" index="2" bw="8" slack="0"/>
</pin_list>
<bind>
<opcode="read(1150) " fcode="read"/>
<opset="p_read_4/2 "/>
</bind>
</comp>

<comp id="102" class="1004" name="zext_ln708_2_fu_102">
<pin_list>
<pin id="103" dir="0" index="0" bw="8" slack="0"/>
<pin id="104" dir="1" index="1" bw="14" slack="0"/>
</pin_list>
<bind>
<opcode="zext(34) " fcode="zext"/>
<opset="zext_ln708_2/1 "/>
</bind>
</comp>

<comp id="106" class="1004" name="mul_ln708_1_fu_106">
<pin_list>
<pin id="107" dir="0" index="0" bw="8" slack="0"/>
<pin id="108" dir="0" index="1" bw="7" slack="0"/>
<pin id="109" dir="1" index="2" bw="14" slack="0"/>
</pin_list>
<bind>
<opcode="mul(12) " fcode="mul"/>
<opset="mul_ln708_1/1 "/>
</bind>
</comp>

<comp id="112" class="1004" name="trunc_ln_fu_112">
<pin_list>
<pin id="113" dir="0" index="0" bw="13" slack="0"/>
<pin id="114" dir="0" index="1" bw="14" slack="0"/>
<pin id="115" dir="0" index="2" bw="1" slack="0"/>
<pin id="116" dir="0" index="3" bw="5" slack="0"/>
<pin id="117" dir="1" index="4" bw="13" slack="1"/>
</pin_list>
<bind>
<opcode="partselect(1002) " fcode="partselect"/>
<opset="trunc_ln/1 "/>
</bind>
</comp>

<comp id="122" class="1004" name="zext_ln708_fu_122">
<pin_list>
<pin id="123" dir="0" index="0" bw="8" slack="0"/>
<pin id="124" dir="1" index="1" bw="13" slack="0"/>
</pin_list>
<bind>
<opcode="zext(34) " fcode="zext"/>
<opset="zext_ln708/2 "/>
</bind>
</comp>

<comp id="126" class="1004" name="zext_ln708_1_fu_126">
<pin_list>
<pin id="127" dir="0" index="0" bw="8" slack="0"/>
<pin id="128" dir="1" index="1" bw="14" slack="0"/>
</pin_list>
<bind>
<opcode="zext(34) " fcode="zext"/>
<opset="zext_ln708_1/2 "/>
</bind>
</comp>

<comp id="130" class="1004" name="tmp_fu_130">
<pin_list>
<pin id="131" dir="0" index="0" bw="7" slack="0"/>
<pin id="132" dir="0" index="1" bw="8" slack="0"/>
<pin id="133" dir="0" index="2" bw="1" slack="0"/>
<pin id="134" dir="0" index="3" bw="4" slack="0"/>
<pin id="135" dir="1" index="4" bw="7" slack="0"/>
</pin_list>
<bind>
<opcode="partselect(1002) " fcode="partselect"/>
<opset="tmp/2 "/>
</bind>
</comp>

<comp id="140" class="1004" name="zext_ln1118_9_fu_140">
<pin_list>
<pin id="141" dir="0" index="0" bw="7" slack="0"/>
<pin id="142" dir="1" index="1" bw="11" slack="0"/>
</pin_list>
<bind>
<opcode="zext(34) " fcode="zext"/>
<opset="zext_ln1118_9/2 "/>
</bind>
</comp>

<comp id="144" class="1004" name="shl_ln_fu_144">
<pin_list>
<pin id="145" dir="0" index="0" bw="10" slack="0"/>
<pin id="146" dir="0" index="1" bw="8" slack="1"/>
<pin id="147" dir="0" index="2" bw="1" slack="0"/>
<pin id="148" dir="1" index="3" bw="10" slack="0"/>
</pin_list>
<bind>
<opcode="bitconcatenate(1004) " fcode="bitconcatenate"/>
<opset="shl_ln/2 "/>
</bind>
</comp>

<comp id="151" class="1004" name="zext_ln1118_fu_151">
<pin_list>
<pin id="152" dir="0" index="0" bw="10" slack="0"/>
<pin id="153" dir="1" index="1" bw="11" slack="0"/>
</pin_list>
<bind>
<opcode="zext(34) " fcode="zext"/>
<opset="zext_ln1118/2 "/>
</bind>
</comp>

<comp id="155" class="1004" name="sub_ln1118_fu_155">
<pin_list>
<pin id="156" dir="0" index="0" bw="1" slack="0"/>
<pin id="157" dir="0" index="1" bw="10" slack="0"/>
<pin id="158" dir="1" index="2" bw="11" slack="0"/>
</pin_list>
<bind>
<opcode="sub(10) " fcode="sub"/>
<opset="sub_ln1118/2 "/>
</bind>
</comp>

<comp id="161" class="1004" name="tmp_123_fu_161">
<pin_list>
<pin id="162" dir="0" index="0" bw="10" slack="0"/>
<pin id="163" dir="0" index="1" bw="11" slack="0"/>
<pin id="164" dir="0" index="2" bw="1" slack="0"/>
<pin id="165" dir="0" index="3" bw="5" slack="0"/>
<pin id="166" dir="1" index="4" bw="10" slack="0"/>
</pin_list>
<bind>
<opcode="partselect(1002) " fcode="partselect"/>
<opset="tmp_123/2 "/>
</bind>
</comp>

<comp id="171" class="1004" name="sext_ln1118_fu_171">
<pin_list>
<pin id="172" dir="0" index="0" bw="10" slack="0"/>
<pin id="173" dir="1" index="1" bw="11" slack="0"/>
</pin_list>
<bind>
<opcode="sext(35) " fcode="sext"/>
<opset="sext_ln1118/2 "/>
</bind>
</comp>

<comp id="175" class="1004" name="shl_ln1118_s_fu_175">
<pin_list>
<pin id="176" dir="0" index="0" bw="13" slack="0"/>
<pin id="177" dir="0" index="1" bw="8" slack="0"/>
<pin id="178" dir="0" index="2" bw="1" slack="0"/>
<pin id="179" dir="1" index="3" bw="13" slack="0"/>
</pin_list>
<bind>
<opcode="bitconcatenate(1004) " fcode="bitconcatenate"/>
<opset="shl_ln1118_s/2 "/>
</bind>
</comp>

<comp id="183" class="1004" name="zext_ln1118_1_fu_183">
<pin_list>
<pin id="184" dir="0" index="0" bw="13" slack="0"/>
<pin id="185" dir="1" index="1" bw="14" slack="0"/>
</pin_list>
<bind>
<opcode="zext(34) " fcode="zext"/>
<opset="zext_ln1118_1/2 "/>
</bind>
</comp>

<comp id="187" class="1004" name="shl_ln1118_1_fu_187">
<pin_list>
<pin id="188" dir="0" index="0" bw="9" slack="0"/>
<pin id="189" dir="0" index="1" bw="8" slack="0"/>
<pin id="190" dir="0" index="2" bw="1" slack="0"/>
<pin id="191" dir="1" index="3" bw="9" slack="0"/>
</pin_list>
<bind>
<opcode="bitconcatenate(1004) " fcode="bitconcatenate"/>
<opset="shl_ln1118_1/2 "/>
</bind>
</comp>

<comp id="195" class="1004" name="zext_ln1118_2_fu_195">
<pin_list>
<pin id="196" dir="0" index="0" bw="9" slack="0"/>
<pin id="197" dir="1" index="1" bw="14" slack="0"/>
</pin_list>
<bind>
<opcode="zext(34) " fcode="zext"/>
<opset="zext_ln1118_2/2 "/>
</bind>
</comp>

<comp id="199" class="1004" name="sub_ln1118_1_fu_199">
<pin_list>
<pin id="200" dir="0" index="0" bw="13" slack="0"/>
<pin id="201" dir="0" index="1" bw="9" slack="0"/>
<pin id="202" dir="1" index="2" bw="14" slack="0"/>
</pin_list>
<bind>
<opcode="sub(10) " fcode="sub"/>
<opset="sub_ln1118_1/2 "/>
</bind>
</comp>

<comp id="205" class="1004" name="tmp_124_fu_205">
<pin_list>
<pin id="206" dir="0" index="0" bw="13" slack="0"/>
<pin id="207" dir="0" index="1" bw="14" slack="0"/>
<pin id="208" dir="0" index="2" bw="1" slack="0"/>
<pin id="209" dir="0" index="3" bw="5" slack="0"/>
<pin id="210" dir="1" index="4" bw="13" slack="0"/>
</pin_list>
<bind>
<opcode="partselect(1002) " fcode="partselect"/>
<opset="tmp_124/2 "/>
</bind>
</comp>

<comp id="215" class="1004" name="sext_ln1118_1_fu_215">
<pin_list>
<pin id="216" dir="0" index="0" bw="13" slack="0"/>
<pin id="217" dir="1" index="1" bw="14" slack="0"/>
</pin_list>
<bind>
<opcode="sext(35) " fcode="sext"/>
<opset="sext_ln1118_1/2 "/>
</bind>
</comp>

<comp id="219" class="1004" name="zext_ln1118_3_fu_219">
<pin_list>
<pin id="220" dir="0" index="0" bw="8" slack="0"/>
<pin id="221" dir="1" index="1" bw="15" slack="0"/>
</pin_list>
<bind>
<opcode="zext(34) " fcode="zext"/>
<opset="zext_ln1118_3/2 "/>
</bind>
</comp>

<comp id="223" class="1004" name="zext_ln1118_4_fu_223">
<pin_list>
<pin id="224" dir="0" index="0" bw="8" slack="0"/>
<pin id="225" dir="1" index="1" bw="14" slack="0"/>
</pin_list>
<bind>
<opcode="zext(34) " fcode="zext"/>
<opset="zext_ln1118_4/2 "/>
</bind>
</comp>

<comp id="227" class="1004" name="shl_ln1_fu_227">
<pin_list>
<pin id="228" dir="0" index="0" bw="12" slack="0"/>
<pin id="229" dir="0" index="1" bw="8" slack="0"/>
<pin id="230" dir="0" index="2" bw="1" slack="0"/>
<pin id="231" dir="1" index="3" bw="12" slack="0"/>
</pin_list>
<bind>
<opcode="bitconcatenate(1004) " fcode="bitconcatenate"/>
<opset="shl_ln1/2 "/>
</bind>
</comp>

<comp id="235" class="1004" name="zext_ln703_fu_235">
<pin_list>
<pin id="236" dir="0" index="0" bw="12" slack="0"/>
<pin id="237" dir="1" index="1" bw="14" slack="0"/>
</pin_list>
<bind>
<opcode="zext(34) " fcode="zext"/>
<opset="zext_ln703/2 "/>
</bind>
</comp>

<comp id="239" class="1004" name="add_ln703_fu_239">
<pin_list>
<pin id="240" dir="0" index="0" bw="10" slack="0"/>
<pin id="241" dir="0" index="1" bw="7" slack="0"/>
<pin id="242" dir="1" index="2" bw="11" slack="1"/>
</pin_list>
<bind>
<opcode="add(8) " fcode="add"/>
<opset="add_ln703/2 "/>
</bind>
</comp>

<comp id="245" class="1004" name="add_ln703_1_fu_245">
<pin_list>
<pin id="246" dir="0" index="0" bw="13" slack="0"/>
<pin id="247" dir="0" index="1" bw="12" slack="0"/>
<pin id="248" dir="1" index="2" bw="14" slack="1"/>
</pin_list>
<bind>
<opcode="add(8) " fcode="add"/>
<opset="add_ln703_1/2 "/>
</bind>
</comp>

<comp id="251" class="1004" name="mul_ln1118_fu_251">
<pin_list>
<pin id="252" dir="0" index="0" bw="8" slack="0"/>
<pin id="253" dir="0" index="1" bw="6" slack="0"/>
<pin id="254" dir="1" index="2" bw="14" slack="0"/>
</pin_list>
<bind>
<opcode="mul(12) " fcode="mul"/>
<opset="mul_ln1118/2 "/>
</bind>
</comp>

<comp id="257" class="1004" name="tmp_125_fu_257">
<pin_list>
<pin id="258" dir="0" index="0" bw="13" slack="0"/>
<pin id="259" dir="0" index="1" bw="14" slack="0"/>
<pin id="260" dir="0" index="2" bw="1" slack="0"/>
<pin id="261" dir="0" index="3" bw="5" slack="0"/>
<pin id="262" dir="1" index="4" bw="13" slack="1"/>
</pin_list>
<bind>
<opcode="partselect(1002) " fcode="partselect"/>
<opset="tmp_125/2 "/>
</bind>
</comp>

<comp id="267" class="1004" name="zext_ln708_3_fu_267">
<pin_list>
<pin id="268" dir="0" index="0" bw="8" slack="1"/>
<pin id="269" dir="1" index="1" bw="12" slack="0"/>
</pin_list>
<bind>
<opcode="zext(34) " fcode="zext"/>
<opset="zext_ln708_3/2 "/>
</bind>
</comp>

<comp id="270" class="1004" name="mul_ln708_fu_270">
<pin_list>
<pin id="271" dir="0" index="0" bw="8" slack="0"/>
<pin id="272" dir="0" index="1" bw="5" slack="0"/>
<pin id="273" dir="1" index="2" bw="12" slack="0"/>
</pin_list>
<bind>
<opcode="mul(12) " fcode="mul"/>
<opset="mul_ln708/2 "/>
</bind>
</comp>

<comp id="276" class="1004" name="lshr_ln708_s_fu_276">
<pin_list>
<pin id="277" dir="0" index="0" bw="11" slack="0"/>
<pin id="278" dir="0" index="1" bw="12" slack="0"/>
<pin id="279" dir="0" index="2" bw="1" slack="0"/>
<pin id="280" dir="0" index="3" bw="5" slack="0"/>
<pin id="281" dir="1" index="4" bw="11" slack="1"/>
</pin_list>
<bind>
<opcode="partselect(1002) " fcode="partselect"/>
<opset="lshr_ln708_s/2 "/>
</bind>
</comp>

<comp id="286" class="1004" name="shl_ln708_s_fu_286">
<pin_list>
<pin id="287" dir="0" index="0" bw="11" slack="0"/>
<pin id="288" dir="0" index="1" bw="8" slack="0"/>
<pin id="289" dir="0" index="2" bw="1" slack="0"/>
<pin id="290" dir="1" index="3" bw="11" slack="0"/>
</pin_list>
<bind>
<opcode="bitconcatenate(1004) " fcode="bitconcatenate"/>
<opset="shl_ln708_s/2 "/>
</bind>
</comp>

<comp id="294" class="1004" name="zext_ln1118_6_fu_294">
<pin_list>
<pin id="295" dir="0" index="0" bw="11" slack="0"/>
<pin id="296" dir="1" index="1" bw="12" slack="0"/>
</pin_list>
<bind>
<opcode="zext(34) " fcode="zext"/>
<opset="zext_ln1118_6/2 "/>
</bind>
</comp>

<comp id="298" class="1004" name="mul_ln1118_1_fu_298">
<pin_list>
<pin id="299" dir="0" index="0" bw="8" slack="0"/>
<pin id="300" dir="0" index="1" bw="6" slack="0"/>
<pin id="301" dir="1" index="2" bw="14" slack="0"/>
</pin_list>
<bind>
<opcode="mul(12) " fcode="mul"/>
<opset="mul_ln1118_1/2 "/>
</bind>
</comp>

<comp id="304" class="1004" name="tmp_126_fu_304">
<pin_list>
<pin id="305" dir="0" index="0" bw="13" slack="0"/>
<pin id="306" dir="0" index="1" bw="14" slack="0"/>
<pin id="307" dir="0" index="2" bw="1" slack="0"/>
<pin id="308" dir="0" index="3" bw="5" slack="0"/>
<pin id="309" dir="1" index="4" bw="13" slack="1"/>
</pin_list>
<bind>
<opcode="partselect(1002) " fcode="partselect"/>
<opset="tmp_126/2 "/>
</bind>
</comp>

<comp id="314" class="1004" name="add_ln703_4_fu_314">
<pin_list>
<pin id="315" dir="0" index="0" bw="11" slack="0"/>
<pin id="316" dir="0" index="1" bw="8" slack="0"/>
<pin id="317" dir="1" index="2" bw="12" slack="1"/>
</pin_list>
<bind>
<opcode="add(8) " fcode="add"/>
<opset="add_ln703_4/2 "/>
</bind>
</comp>

<comp id="320" class="1004" name="shl_ln1118_2_fu_320">
<pin_list>
<pin id="321" dir="0" index="0" bw="12" slack="0"/>
<pin id="322" dir="0" index="1" bw="8" slack="0"/>
<pin id="323" dir="0" index="2" bw="1" slack="0"/>
<pin id="324" dir="1" index="3" bw="12" slack="0"/>
</pin_list>
<bind>
<opcode="bitconcatenate(1004) " fcode="bitconcatenate"/>
<opset="shl_ln1118_2/2 "/>
</bind>
</comp>

<comp id="328" class="1004" name="zext_ln1118_7_fu_328">
<pin_list>
<pin id="329" dir="0" index="0" bw="12" slack="0"/>
<pin id="330" dir="1" index="1" bw="13" slack="0"/>
</pin_list>
<bind>
<opcode="zext(34) " fcode="zext"/>
<opset="zext_ln1118_7/2 "/>
</bind>
</comp>

<comp id="332" class="1004" name="add_ln1118_fu_332">
<pin_list>
<pin id="333" dir="0" index="0" bw="12" slack="0"/>
<pin id="334" dir="0" index="1" bw="8" slack="0"/>
<pin id="335" dir="1" index="2" bw="13" slack="0"/>
</pin_list>
<bind>
<opcode="add(8) " fcode="add"/>
<opset="add_ln1118/2 "/>
</bind>
</comp>

<comp id="338" class="1004" name="tmp_127_fu_338">
<pin_list>
<pin id="339" dir="0" index="0" bw="12" slack="0"/>
<pin id="340" dir="0" index="1" bw="13" slack="0"/>
<pin id="341" dir="0" index="2" bw="1" slack="0"/>
<pin id="342" dir="0" index="3" bw="5" slack="0"/>
<pin id="343" dir="1" index="4" bw="12" slack="0"/>
</pin_list>
<bind>
<opcode="partselect(1002) " fcode="partselect"/>
<opset="tmp_127/2 "/>
</bind>
</comp>

<comp id="348" class="1004" name="zext_ln708_4_fu_348">
<pin_list>
<pin id="349" dir="0" index="0" bw="12" slack="0"/>
<pin id="350" dir="1" index="1" bw="14" slack="0"/>
</pin_list>
<bind>
<opcode="zext(34) " fcode="zext"/>
<opset="zext_ln708_4/2 "/>
</bind>
</comp>

<comp id="352" class="1004" name="shl_ln1118_3_fu_352">
<pin_list>
<pin id="353" dir="0" index="0" bw="10" slack="0"/>
<pin id="354" dir="0" index="1" bw="8" slack="0"/>
<pin id="355" dir="0" index="2" bw="1" slack="0"/>
<pin id="356" dir="1" index="3" bw="10" slack="0"/>
</pin_list>
<bind>
<opcode="bitconcatenate(1004) " fcode="bitconcatenate"/>
<opset="shl_ln1118_3/2 "/>
</bind>
</comp>

<comp id="360" class="1004" name="zext_ln1118_8_fu_360">
<pin_list>
<pin id="361" dir="0" index="0" bw="10" slack="0"/>
<pin id="362" dir="1" index="1" bw="14" slack="0"/>
</pin_list>
<bind>
<opcode="zext(34) " fcode="zext"/>
<opset="zext_ln1118_8/2 "/>
</bind>
</comp>

<comp id="364" class="1004" name="sub_ln1118_2_fu_364">
<pin_list>
<pin id="365" dir="0" index="0" bw="10" slack="0"/>
<pin id="366" dir="0" index="1" bw="13" slack="0"/>
<pin id="367" dir="1" index="2" bw="14" slack="0"/>
</pin_list>
<bind>
<opcode="sub(10) " fcode="sub"/>
<opset="sub_ln1118_2/2 "/>
</bind>
</comp>

<comp id="370" class="1004" name="tmp_128_fu_370">
<pin_list>
<pin id="371" dir="0" index="0" bw="13" slack="0"/>
<pin id="372" dir="0" index="1" bw="14" slack="0"/>
<pin id="373" dir="0" index="2" bw="1" slack="0"/>
<pin id="374" dir="0" index="3" bw="5" slack="0"/>
<pin id="375" dir="1" index="4" bw="13" slack="0"/>
</pin_list>
<bind>
<opcode="partselect(1002) " fcode="partselect"/>
<opset="tmp_128/2 "/>
</bind>
</comp>

<comp id="380" class="1004" name="sext_ln1118_2_fu_380">
<pin_list>
<pin id="381" dir="0" index="0" bw="13" slack="0"/>
<pin id="382" dir="1" index="1" bw="14" slack="0"/>
</pin_list>
<bind>
<opcode="sext(35) " fcode="sext"/>
<opset="sext_ln1118_2/2 "/>
</bind>
</comp>

<comp id="384" class="1004" name="mul_ln1118_2_fu_384">
<pin_list>
<pin id="385" dir="0" index="0" bw="8" slack="0"/>
<pin id="386" dir="0" index="1" bw="7" slack="0"/>
<pin id="387" dir="1" index="2" bw="15" slack="0"/>
</pin_list>
<bind>
<opcode="mul(12) " fcode="mul"/>
<opset="mul_ln1118_2/2 "/>
</bind>
</comp>

<comp id="390" class="1004" name="tmp_129_fu_390">
<pin_list>
<pin id="391" dir="0" index="0" bw="14" slack="0"/>
<pin id="392" dir="0" index="1" bw="15" slack="0"/>
<pin id="393" dir="0" index="2" bw="1" slack="0"/>
<pin id="394" dir="0" index="3" bw="5" slack="0"/>
<pin id="395" dir="1" index="4" bw="14" slack="1"/>
</pin_list>
<bind>
<opcode="partselect(1002) " fcode="partselect"/>
<opset="tmp_129/2 "/>
</bind>
</comp>

<comp id="400" class="1004" name="add_ln703_7_fu_400">
<pin_list>
<pin id="401" dir="0" index="0" bw="12" slack="0"/>
<pin id="402" dir="0" index="1" bw="13" slack="0"/>
<pin id="403" dir="1" index="2" bw="14" slack="1"/>
</pin_list>
<bind>
<opcode="add(8) " fcode="add"/>
<opset="add_ln703_7/2 "/>
</bind>
</comp>

<comp id="406" class="1004" name="add_ln703_8_fu_406">
<pin_list>
<pin id="407" dir="0" index="0" bw="13" slack="1"/>
<pin id="408" dir="0" index="1" bw="9" slack="0"/>
<pin id="409" dir="1" index="2" bw="13" slack="1"/>
</pin_list>
<bind>
<opcode="add(8) " fcode="add"/>
<opset="add_ln703_8/2 "/>
</bind>
</comp>

<comp id="411" class="1004" name="sext_ln703_1_fu_411">
<pin_list>
<pin id="412" dir="0" index="0" bw="11" slack="1"/>
<pin id="413" dir="1" index="1" bw="15" slack="0"/>
</pin_list>
<bind>
<opcode="sext(35) " fcode="sext"/>
<opset="sext_ln703_1/3 "/>
</bind>
</comp>

<comp id="414" class="1004" name="sext_ln703_2_fu_414">
<pin_list>
<pin id="415" dir="0" index="0" bw="14" slack="1"/>
<pin id="416" dir="1" index="1" bw="15" slack="0"/>
</pin_list>
<bind>
<opcode="sext(35) " fcode="sext"/>
<opset="sext_ln703_2/3 "/>
</bind>
</comp>

<comp id="417" class="1004" name="p_Val2_s_fu_417">
<pin_list>
<pin id="418" dir="0" index="0" bw="14" slack="0"/>
<pin id="419" dir="0" index="1" bw="11" slack="0"/>
<pin id="420" dir="1" index="2" bw="15" slack="0"/>
</pin_list>
<bind>
<opcode="add(8) " fcode="add"/>
<opset="p_Val2_s/3 "/>
</bind>
</comp>

<comp id="423" class="1004" name="sext_ln708_fu_423">
<pin_list>
<pin id="424" dir="0" index="0" bw="13" slack="1"/>
<pin id="425" dir="1" index="1" bw="14" slack="0"/>
</pin_list>
<bind>
<opcode="sext(35) " fcode="sext"/>
<opset="sext_ln708/3 "/>
</bind>
</comp>

<comp id="426" class="1004" name="zext_ln1118_5_fu_426">
<pin_list>
<pin id="427" dir="0" index="0" bw="11" slack="1"/>
<pin id="428" dir="1" index="1" bw="13" slack="0"/>
</pin_list>
<bind>
<opcode="zext(34) " fcode="zext"/>
<opset="zext_ln1118_5/3 "/>
</bind>
</comp>

<comp id="429" class="1004" name="sext_ln703_3_fu_429">
<pin_list>
<pin id="430" dir="0" index="0" bw="13" slack="1"/>
<pin id="431" dir="1" index="1" bw="14" slack="0"/>
</pin_list>
<bind>
<opcode="sext(35) " fcode="sext"/>
<opset="sext_ln703_3/3 "/>
</bind>
</comp>

<comp id="432" class="1004" name="add_ln703_3_fu_432">
<pin_list>
<pin id="433" dir="0" index="0" bw="13" slack="0"/>
<pin id="434" dir="0" index="1" bw="13" slack="0"/>
<pin id="435" dir="1" index="2" bw="14" slack="0"/>
</pin_list>
<bind>
<opcode="add(8) " fcode="add"/>
<opset="add_ln703_3/3 "/>
</bind>
</comp>

<comp id="438" class="1004" name="sext_ln703_4_fu_438">
<pin_list>
<pin id="439" dir="0" index="0" bw="14" slack="0"/>
<pin id="440" dir="1" index="1" bw="15" slack="0"/>
</pin_list>
<bind>
<opcode="sext(35) " fcode="sext"/>
<opset="sext_ln703_4/3 "/>
</bind>
</comp>

<comp id="442" class="1004" name="sext_ln703_fu_442">
<pin_list>
<pin id="443" dir="0" index="0" bw="12" slack="1"/>
<pin id="444" dir="1" index="1" bw="13" slack="0"/>
</pin_list>
<bind>
<opcode="sext(35) " fcode="sext"/>
<opset="sext_ln703/3 "/>
</bind>
</comp>

<comp id="445" class="1004" name="add_ln703_5_fu_445">
<pin_list>
<pin id="446" dir="0" index="0" bw="12" slack="0"/>
<pin id="447" dir="0" index="1" bw="11" slack="0"/>
<pin id="448" dir="1" index="2" bw="13" slack="0"/>
</pin_list>
<bind>
<opcode="add(8) " fcode="add"/>
<opset="add_ln703_5/3 "/>
</bind>
</comp>

<comp id="451" class="1004" name="sext_ln703_5_fu_451">
<pin_list>
<pin id="452" dir="0" index="0" bw="13" slack="0"/>
<pin id="453" dir="1" index="1" bw="15" slack="0"/>
</pin_list>
<bind>
<opcode="sext(35) " fcode="sext"/>
<opset="sext_ln703_5/3 "/>
</bind>
</comp>

<comp id="455" class="1004" name="acc_1_V_fu_455">
<pin_list>
<pin id="456" dir="0" index="0" bw="13" slack="0"/>
<pin id="457" dir="0" index="1" bw="14" slack="0"/>
<pin id="458" dir="1" index="2" bw="15" slack="0"/>
</pin_list>
<bind>
<opcode="add(8) " fcode="add"/>
<opset="acc_1_V/3 "/>
</bind>
</comp>

<comp id="461" class="1004" name="sext_ln703_6_fu_461">
<pin_list>
<pin id="462" dir="0" index="0" bw="14" slack="1"/>
<pin id="463" dir="1" index="1" bw="15" slack="0"/>
</pin_list>
<bind>
<opcode="sext(35) " fcode="sext"/>
<opset="sext_ln703_6/3 "/>
</bind>
</comp>

<comp id="464" class="1004" name="sext_ln703_7_fu_464">
<pin_list>
<pin id="465" dir="0" index="0" bw="14" slack="1"/>
<pin id="466" dir="1" index="1" bw="16" slack="0"/>
</pin_list>
<bind>
<opcode="sext(35) " fcode="sext"/>
<opset="sext_ln703_7/3 "/>
</bind>
</comp>

<comp id="467" class="1004" name="zext_ln703_1_fu_467">
<pin_list>
<pin id="468" dir="0" index="0" bw="13" slack="1"/>
<pin id="469" dir="1" index="1" bw="15" slack="0"/>
</pin_list>
<bind>
<opcode="zext(34) " fcode="zext"/>
<opset="zext_ln703_1/3 "/>
</bind>
</comp>

<comp id="470" class="1004" name="add_ln703_9_fu_470">
<pin_list>
<pin id="471" dir="0" index="0" bw="13" slack="0"/>
<pin id="472" dir="0" index="1" bw="14" slack="0"/>
<pin id="473" dir="1" index="2" bw="15" slack="0"/>
</pin_list>
<bind>
<opcode="add(8) " fcode="add"/>
<opset="add_ln703_9/3 "/>
</bind>
</comp>

<comp id="476" class="1004" name="sext_ln703_8_fu_476">
<pin_list>
<pin id="477" dir="0" index="0" bw="15" slack="0"/>
<pin id="478" dir="1" index="1" bw="16" slack="0"/>
</pin_list>
<bind>
<opcode="sext(35) " fcode="sext"/>
<opset="sext_ln703_8/3 "/>
</bind>
</comp>

<comp id="480" class="1004" name="acc_2_V_fu_480">
<pin_list>
<pin id="481" dir="0" index="0" bw="15" slack="0"/>
<pin id="482" dir="0" index="1" bw="14" slack="0"/>
<pin id="483" dir="1" index="2" bw="16" slack="0"/>
</pin_list>
<bind>
<opcode="add(8) " fcode="add"/>
<opset="acc_2_V/3 "/>
</bind>
</comp>

<comp id="486" class="1004" name="tmp_130_fu_486">
<pin_list>
<pin id="487" dir="0" index="0" bw="16" slack="0"/>
<pin id="488" dir="0" index="1" bw="15" slack="0"/>
<pin id="489" dir="0" index="2" bw="1" slack="0"/>
<pin id="490" dir="1" index="3" bw="16" slack="0"/>
</pin_list>
<bind>
<opcode="bitconcatenate(1004) " fcode="bitconcatenate"/>
<opset="tmp_130/3 "/>
</bind>
</comp>

<comp id="494" class="1004" name="sext_ln728_fu_494">
<pin_list>
<pin id="495" dir="0" index="0" bw="16" slack="0"/>
<pin id="496" dir="1" index="1" bw="17" slack="0"/>
</pin_list>
<bind>
<opcode="sext(35) " fcode="sext"/>
<opset="sext_ln728/3 "/>
</bind>
</comp>

<comp id="498" class="1004" name="tmp_131_fu_498">
<pin_list>
<pin id="499" dir="0" index="0" bw="16" slack="0"/>
<pin id="500" dir="0" index="1" bw="15" slack="0"/>
<pin id="501" dir="0" index="2" bw="1" slack="0"/>
<pin id="502" dir="1" index="3" bw="16" slack="0"/>
</pin_list>
<bind>
<opcode="bitconcatenate(1004) " fcode="bitconcatenate"/>
<opset="tmp_131/3 "/>
</bind>
</comp>

<comp id="506" class="1004" name="sext_ln728_1_fu_506">
<pin_list>
<pin id="507" dir="0" index="0" bw="16" slack="0"/>
<pin id="508" dir="1" index="1" bw="17" slack="0"/>
</pin_list>
<bind>
<opcode="sext(35) " fcode="sext"/>
<opset="sext_ln728_1/3 "/>
</bind>
</comp>

<comp id="510" class="1004" name="res_2_V_write_assign_fu_510">
<pin_list>
<pin id="511" dir="0" index="0" bw="17" slack="0"/>
<pin id="512" dir="0" index="1" bw="16" slack="0"/>
<pin id="513" dir="0" index="2" bw="1" slack="0"/>
<pin id="514" dir="1" index="3" bw="17" slack="0"/>
</pin_list>
<bind>
<opcode="bitconcatenate(1004) " fcode="bitconcatenate"/>
<opset="res_2_V_write_assign/3 "/>
</bind>
</comp>

<comp id="518" class="1004" name="mrv_fu_518">
<pin_list>
<pin id="519" dir="0" index="0" bw="51" slack="0"/>
<pin id="520" dir="0" index="1" bw="16" slack="0"/>
<pin id="521" dir="1" index="2" bw="51" slack="0"/>
</pin_list>
<bind>
<opcode="insertvalue(57) " fcode="insertvalue"/>
<opset="mrv/3 "/>
</bind>
</comp>

<comp id="524" class="1004" name="mrv_1_fu_524">
<pin_list>
<pin id="525" dir="0" index="0" bw="51" slack="0"/>
<pin id="526" dir="0" index="1" bw="16" slack="0"/>
<pin id="527" dir="1" index="2" bw="51" slack="0"/>
</pin_list>
<bind>
<opcode="insertvalue(57) " fcode="insertvalue"/>
<opset="mrv_1/3 "/>
</bind>
</comp>

<comp id="530" class="1004" name="mrv_2_fu_530">
<pin_list>
<pin id="531" dir="0" index="0" bw="51" slack="0"/>
<pin id="532" dir="0" index="1" bw="17" slack="0"/>
<pin id="533" dir="1" index="2" bw="51" slack="2147483647"/>
</pin_list>
<bind>
<opcode="insertvalue(57) " fcode="insertvalue"/>
<opset="mrv_2/3 "/>
</bind>
</comp>

<comp id="536" class="1005" name="p_read_3_reg_536">
<pin_list>
<pin id="537" dir="0" index="0" bw="8" slack="1"/>
<pin id="538" dir="1" index="1" bw="8" slack="1"/>
</pin_list>
<bind>
<opset="p_read_3 "/>
</bind>
</comp>

<comp id="542" class="1005" name="trunc_ln_reg_542">
<pin_list>
<pin id="543" dir="0" index="0" bw="13" slack="1"/>
<pin id="544" dir="1" index="1" bw="13" slack="1"/>
</pin_list>
<bind>
<opset="trunc_ln "/>
</bind>
</comp>

<comp id="547" class="1005" name="add_ln703_reg_547">
<pin_list>
<pin id="548" dir="0" index="0" bw="11" slack="1"/>
<pin id="549" dir="1" index="1" bw="11" slack="1"/>
</pin_list>
<bind>
<opset="add_ln703 "/>
</bind>
</comp>

<comp id="552" class="1005" name="add_ln703_1_reg_552">
<pin_list>
<pin id="553" dir="0" index="0" bw="14" slack="1"/>
<pin id="554" dir="1" index="1" bw="14" slack="1"/>
</pin_list>
<bind>
<opset="add_ln703_1 "/>
</bind>
</comp>

<comp id="557" class="1005" name="tmp_125_reg_557">
<pin_list>
<pin id="558" dir="0" index="0" bw="13" slack="1"/>
<pin id="559" dir="1" index="1" bw="13" slack="1"/>
</pin_list>
<bind>
<opset="tmp_125 "/>
</bind>
</comp>

<comp id="562" class="1005" name="lshr_ln708_s_reg_562">
<pin_list>
<pin id="563" dir="0" index="0" bw="11" slack="1"/>
<pin id="564" dir="1" index="1" bw="11" slack="1"/>
</pin_list>
<bind>
<opset="lshr_ln708_s "/>
</bind>
</comp>

<comp id="567" class="1005" name="tmp_126_reg_567">
<pin_list>
<pin id="568" dir="0" index="0" bw="13" slack="1"/>
<pin id="569" dir="1" index="1" bw="13" slack="1"/>
</pin_list>
<bind>
<opset="tmp_126 "/>
</bind>
</comp>

<comp id="572" class="1005" name="add_ln703_4_reg_572">
<pin_list>
<pin id="573" dir="0" index="0" bw="12" slack="1"/>
<pin id="574" dir="1" index="1" bw="12" slack="1"/>
</pin_list>
<bind>
<opset="add_ln703_4 "/>
</bind>
</comp>

<comp id="577" class="1005" name="tmp_129_reg_577">
<pin_list>
<pin id="578" dir="0" index="0" bw="14" slack="1"/>
<pin id="579" dir="1" index="1" bw="14" slack="1"/>
</pin_list>
<bind>
<opset="tmp_129 "/>
</bind>
</comp>

<comp id="582" class="1005" name="add_ln703_7_reg_582">
<pin_list>
<pin id="583" dir="0" index="0" bw="14" slack="1"/>
<pin id="584" dir="1" index="1" bw="14" slack="1"/>
</pin_list>
<bind>
<opset="add_ln703_7 "/>
</bind>
</comp>

<comp id="587" class="1005" name="add_ln703_8_reg_587">
<pin_list>
<pin id="588" dir="0" index="0" bw="13" slack="1"/>
<pin id="589" dir="1" index="1" bw="13" slack="1"/>
</pin_list>
<bind>
<opset="add_ln703_8 "/>
</bind>
</comp>

</comp_list>

<net_list>
<net id="82"><net_src comp="8" pin="0"/><net_sink comp="78" pin=0"/></net>

<net id="83"><net_src comp="2" pin="0"/><net_sink comp="78" pin=1"/></net>

<net id="88"><net_src comp="8" pin="0"/><net_sink comp="84" pin=0"/></net>

<net id="89"><net_src comp="6" pin="0"/><net_sink comp="84" pin=1"/></net>

<net id="94"><net_src comp="8" pin="0"/><net_sink comp="90" pin=0"/></net>

<net id="95"><net_src comp="4" pin="0"/><net_sink comp="90" pin=1"/></net>

<net id="100"><net_src comp="8" pin="0"/><net_sink comp="96" pin=0"/></net>

<net id="101"><net_src comp="0" pin="0"/><net_sink comp="96" pin=1"/></net>

<net id="105"><net_src comp="78" pin="2"/><net_sink comp="102" pin=0"/></net>

<net id="110"><net_src comp="102" pin="1"/><net_sink comp="106" pin=0"/></net>

<net id="111"><net_src comp="10" pin="0"/><net_sink comp="106" pin=1"/></net>

<net id="118"><net_src comp="12" pin="0"/><net_sink comp="112" pin=0"/></net>

<net id="119"><net_src comp="106" pin="2"/><net_sink comp="112" pin=1"/></net>

<net id="120"><net_src comp="14" pin="0"/><net_sink comp="112" pin=2"/></net>

<net id="121"><net_src comp="16" pin="0"/><net_sink comp="112" pin=3"/></net>

<net id="125"><net_src comp="96" pin="2"/><net_sink comp="122" pin=0"/></net>

<net id="129"><net_src comp="96" pin="2"/><net_sink comp="126" pin=0"/></net>

<net id="136"><net_src comp="18" pin="0"/><net_sink comp="130" pin=0"/></net>

<net id="137"><net_src comp="96" pin="2"/><net_sink comp="130" pin=1"/></net>

<net id="138"><net_src comp="14" pin="0"/><net_sink comp="130" pin=2"/></net>

<net id="139"><net_src comp="20" pin="0"/><net_sink comp="130" pin=3"/></net>

<net id="143"><net_src comp="130" pin="4"/><net_sink comp="140" pin=0"/></net>

<net id="149"><net_src comp="22" pin="0"/><net_sink comp="144" pin=0"/></net>

<net id="150"><net_src comp="24" pin="0"/><net_sink comp="144" pin=2"/></net>

<net id="154"><net_src comp="144" pin="3"/><net_sink comp="151" pin=0"/></net>

<net id="159"><net_src comp="26" pin="0"/><net_sink comp="155" pin=0"/></net>

<net id="160"><net_src comp="151" pin="1"/><net_sink comp="155" pin=1"/></net>

<net id="167"><net_src comp="28" pin="0"/><net_sink comp="161" pin=0"/></net>

<net id="168"><net_src comp="155" pin="2"/><net_sink comp="161" pin=1"/></net>

<net id="169"><net_src comp="14" pin="0"/><net_sink comp="161" pin=2"/></net>

<net id="170"><net_src comp="30" pin="0"/><net_sink comp="161" pin=3"/></net>

<net id="174"><net_src comp="161" pin="4"/><net_sink comp="171" pin=0"/></net>

<net id="180"><net_src comp="32" pin="0"/><net_sink comp="175" pin=0"/></net>

<net id="181"><net_src comp="90" pin="2"/><net_sink comp="175" pin=1"/></net>

<net id="182"><net_src comp="34" pin="0"/><net_sink comp="175" pin=2"/></net>

<net id="186"><net_src comp="175" pin="3"/><net_sink comp="183" pin=0"/></net>

<net id="192"><net_src comp="36" pin="0"/><net_sink comp="187" pin=0"/></net>

<net id="193"><net_src comp="90" pin="2"/><net_sink comp="187" pin=1"/></net>

<net id="194"><net_src comp="38" pin="0"/><net_sink comp="187" pin=2"/></net>

<net id="198"><net_src comp="187" pin="3"/><net_sink comp="195" pin=0"/></net>

<net id="203"><net_src comp="183" pin="1"/><net_sink comp="199" pin=0"/></net>

<net id="204"><net_src comp="195" pin="1"/><net_sink comp="199" pin=1"/></net>

<net id="211"><net_src comp="12" pin="0"/><net_sink comp="205" pin=0"/></net>

<net id="212"><net_src comp="199" pin="2"/><net_sink comp="205" pin=1"/></net>

<net id="213"><net_src comp="14" pin="0"/><net_sink comp="205" pin=2"/></net>

<net id="214"><net_src comp="16" pin="0"/><net_sink comp="205" pin=3"/></net>

<net id="218"><net_src comp="205" pin="4"/><net_sink comp="215" pin=0"/></net>

<net id="222"><net_src comp="84" pin="2"/><net_sink comp="219" pin=0"/></net>

<net id="226"><net_src comp="84" pin="2"/><net_sink comp="223" pin=0"/></net>

<net id="232"><net_src comp="40" pin="0"/><net_sink comp="227" pin=0"/></net>

<net id="233"><net_src comp="84" pin="2"/><net_sink comp="227" pin=1"/></net>

<net id="234"><net_src comp="42" pin="0"/><net_sink comp="227" pin=2"/></net>

<net id="238"><net_src comp="227" pin="3"/><net_sink comp="235" pin=0"/></net>

<net id="243"><net_src comp="171" pin="1"/><net_sink comp="239" pin=0"/></net>

<net id="244"><net_src comp="140" pin="1"/><net_sink comp="239" pin=1"/></net>

<net id="249"><net_src comp="215" pin="1"/><net_sink comp="245" pin=0"/></net>

<net id="250"><net_src comp="235" pin="1"/><net_sink comp="245" pin=1"/></net>

<net id="255"><net_src comp="126" pin="1"/><net_sink comp="251" pin=0"/></net>

<net id="256"><net_src comp="44" pin="0"/><net_sink comp="251" pin=1"/></net>

<net id="263"><net_src comp="12" pin="0"/><net_sink comp="257" pin=0"/></net>

<net id="264"><net_src comp="251" pin="2"/><net_sink comp="257" pin=1"/></net>

<net id="265"><net_src comp="14" pin="0"/><net_sink comp="257" pin=2"/></net>

<net id="266"><net_src comp="16" pin="0"/><net_sink comp="257" pin=3"/></net>

<net id="274"><net_src comp="267" pin="1"/><net_sink comp="270" pin=0"/></net>

<net id="275"><net_src comp="46" pin="0"/><net_sink comp="270" pin=1"/></net>

<net id="282"><net_src comp="48" pin="0"/><net_sink comp="276" pin=0"/></net>

<net id="283"><net_src comp="270" pin="2"/><net_sink comp="276" pin=1"/></net>

<net id="284"><net_src comp="14" pin="0"/><net_sink comp="276" pin=2"/></net>

<net id="285"><net_src comp="50" pin="0"/><net_sink comp="276" pin=3"/></net>

<net id="291"><net_src comp="52" pin="0"/><net_sink comp="286" pin=0"/></net>

<net id="292"><net_src comp="90" pin="2"/><net_sink comp="286" pin=1"/></net>

<net id="293"><net_src comp="54" pin="0"/><net_sink comp="286" pin=2"/></net>

<net id="297"><net_src comp="286" pin="3"/><net_sink comp="294" pin=0"/></net>

<net id="302"><net_src comp="223" pin="1"/><net_sink comp="298" pin=0"/></net>

<net id="303"><net_src comp="56" pin="0"/><net_sink comp="298" pin=1"/></net>

<net id="310"><net_src comp="12" pin="0"/><net_sink comp="304" pin=0"/></net>

<net id="311"><net_src comp="298" pin="2"/><net_sink comp="304" pin=1"/></net>

<net id="312"><net_src comp="14" pin="0"/><net_sink comp="304" pin=2"/></net>

<net id="313"><net_src comp="16" pin="0"/><net_sink comp="304" pin=3"/></net>

<net id="318"><net_src comp="294" pin="1"/><net_sink comp="314" pin=0"/></net>

<net id="319"><net_src comp="58" pin="0"/><net_sink comp="314" pin=1"/></net>

<net id="325"><net_src comp="40" pin="0"/><net_sink comp="320" pin=0"/></net>

<net id="326"><net_src comp="96" pin="2"/><net_sink comp="320" pin=1"/></net>

<net id="327"><net_src comp="42" pin="0"/><net_sink comp="320" pin=2"/></net>

<net id="331"><net_src comp="320" pin="3"/><net_sink comp="328" pin=0"/></net>

<net id="336"><net_src comp="328" pin="1"/><net_sink comp="332" pin=0"/></net>

<net id="337"><net_src comp="122" pin="1"/><net_sink comp="332" pin=1"/></net>

<net id="344"><net_src comp="60" pin="0"/><net_sink comp="338" pin=0"/></net>

<net id="345"><net_src comp="332" pin="2"/><net_sink comp="338" pin=1"/></net>

<net id="346"><net_src comp="14" pin="0"/><net_sink comp="338" pin=2"/></net>

<net id="347"><net_src comp="62" pin="0"/><net_sink comp="338" pin=3"/></net>

<net id="351"><net_src comp="338" pin="4"/><net_sink comp="348" pin=0"/></net>

<net id="357"><net_src comp="22" pin="0"/><net_sink comp="352" pin=0"/></net>

<net id="358"><net_src comp="90" pin="2"/><net_sink comp="352" pin=1"/></net>

<net id="359"><net_src comp="24" pin="0"/><net_sink comp="352" pin=2"/></net>

<net id="363"><net_src comp="352" pin="3"/><net_sink comp="360" pin=0"/></net>

<net id="368"><net_src comp="360" pin="1"/><net_sink comp="364" pin=0"/></net>

<net id="369"><net_src comp="183" pin="1"/><net_sink comp="364" pin=1"/></net>

<net id="376"><net_src comp="12" pin="0"/><net_sink comp="370" pin=0"/></net>

<net id="377"><net_src comp="364" pin="2"/><net_sink comp="370" pin=1"/></net>

<net id="378"><net_src comp="14" pin="0"/><net_sink comp="370" pin=2"/></net>

<net id="379"><net_src comp="16" pin="0"/><net_sink comp="370" pin=3"/></net>

<net id="383"><net_src comp="370" pin="4"/><net_sink comp="380" pin=0"/></net>

<net id="388"><net_src comp="219" pin="1"/><net_sink comp="384" pin=0"/></net>

<net id="389"><net_src comp="64" pin="0"/><net_sink comp="384" pin=1"/></net>

<net id="396"><net_src comp="66" pin="0"/><net_sink comp="390" pin=0"/></net>

<net id="397"><net_src comp="384" pin="2"/><net_sink comp="390" pin=1"/></net>

<net id="398"><net_src comp="14" pin="0"/><net_sink comp="390" pin=2"/></net>

<net id="399"><net_src comp="68" pin="0"/><net_sink comp="390" pin=3"/></net>

<net id="404"><net_src comp="348" pin="1"/><net_sink comp="400" pin=0"/></net>

<net id="405"><net_src comp="380" pin="1"/><net_sink comp="400" pin=1"/></net>

<net id="410"><net_src comp="70" pin="0"/><net_sink comp="406" pin=1"/></net>

<net id="421"><net_src comp="414" pin="1"/><net_sink comp="417" pin=0"/></net>

<net id="422"><net_src comp="411" pin="1"/><net_sink comp="417" pin=1"/></net>

<net id="436"><net_src comp="423" pin="1"/><net_sink comp="432" pin=0"/></net>

<net id="437"><net_src comp="429" pin="1"/><net_sink comp="432" pin=1"/></net>

<net id="441"><net_src comp="432" pin="2"/><net_sink comp="438" pin=0"/></net>

<net id="449"><net_src comp="442" pin="1"/><net_sink comp="445" pin=0"/></net>

<net id="450"><net_src comp="426" pin="1"/><net_sink comp="445" pin=1"/></net>

<net id="454"><net_src comp="445" pin="2"/><net_sink comp="451" pin=0"/></net>

<net id="459"><net_src comp="451" pin="1"/><net_sink comp="455" pin=0"/></net>

<net id="460"><net_src comp="438" pin="1"/><net_sink comp="455" pin=1"/></net>

<net id="474"><net_src comp="467" pin="1"/><net_sink comp="470" pin=0"/></net>

<net id="475"><net_src comp="461" pin="1"/><net_sink comp="470" pin=1"/></net>

<net id="479"><net_src comp="470" pin="2"/><net_sink comp="476" pin=0"/></net>

<net id="484"><net_src comp="476" pin="1"/><net_sink comp="480" pin=0"/></net>

<net id="485"><net_src comp="464" pin="1"/><net_sink comp="480" pin=1"/></net>

<net id="491"><net_src comp="72" pin="0"/><net_sink comp="486" pin=0"/></net>

<net id="492"><net_src comp="417" pin="2"/><net_sink comp="486" pin=1"/></net>

<net id="493"><net_src comp="38" pin="0"/><net_sink comp="486" pin=2"/></net>

<net id="497"><net_src comp="486" pin="3"/><net_sink comp="494" pin=0"/></net>

<net id="503"><net_src comp="72" pin="0"/><net_sink comp="498" pin=0"/></net>

<net id="504"><net_src comp="455" pin="2"/><net_sink comp="498" pin=1"/></net>

<net id="505"><net_src comp="38" pin="0"/><net_sink comp="498" pin=2"/></net>

<net id="509"><net_src comp="498" pin="3"/><net_sink comp="506" pin=0"/></net>

<net id="515"><net_src comp="74" pin="0"/><net_sink comp="510" pin=0"/></net>

<net id="516"><net_src comp="480" pin="2"/><net_sink comp="510" pin=1"/></net>

<net id="517"><net_src comp="38" pin="0"/><net_sink comp="510" pin=2"/></net>

<net id="522"><net_src comp="76" pin="0"/><net_sink comp="518" pin=0"/></net>

<net id="523"><net_src comp="494" pin="1"/><net_sink comp="518" pin=1"/></net>

<net id="528"><net_src comp="518" pin="2"/><net_sink comp="524" pin=0"/></net>

<net id="529"><net_src comp="506" pin="1"/><net_sink comp="524" pin=1"/></net>

<net id="534"><net_src comp="524" pin="2"/><net_sink comp="530" pin=0"/></net>

<net id="535"><net_src comp="510" pin="3"/><net_sink comp="530" pin=1"/></net>

<net id="539"><net_src comp="78" pin="2"/><net_sink comp="536" pin=0"/></net>

<net id="540"><net_src comp="536" pin="1"/><net_sink comp="144" pin=1"/></net>

<net id="541"><net_src comp="536" pin="1"/><net_sink comp="267" pin=0"/></net>

<net id="545"><net_src comp="112" pin="4"/><net_sink comp="542" pin=0"/></net>

<net id="546"><net_src comp="542" pin="1"/><net_sink comp="406" pin=0"/></net>

<net id="550"><net_src comp="239" pin="2"/><net_sink comp="547" pin=0"/></net>

<net id="551"><net_src comp="547" pin="1"/><net_sink comp="411" pin=0"/></net>

<net id="555"><net_src comp="245" pin="2"/><net_sink comp="552" pin=0"/></net>

<net id="556"><net_src comp="552" pin="1"/><net_sink comp="414" pin=0"/></net>

<net id="560"><net_src comp="257" pin="4"/><net_sink comp="557" pin=0"/></net>

<net id="561"><net_src comp="557" pin="1"/><net_sink comp="423" pin=0"/></net>

<net id="565"><net_src comp="276" pin="4"/><net_sink comp="562" pin=0"/></net>

<net id="566"><net_src comp="562" pin="1"/><net_sink comp="426" pin=0"/></net>

<net id="570"><net_src comp="304" pin="4"/><net_sink comp="567" pin=0"/></net>

<net id="571"><net_src comp="567" pin="1"/><net_sink comp="429" pin=0"/></net>

<net id="575"><net_src comp="314" pin="2"/><net_sink comp="572" pin=0"/></net>

<net id="576"><net_src comp="572" pin="1"/><net_sink comp="442" pin=0"/></net>

<net id="580"><net_src comp="390" pin="4"/><net_sink comp="577" pin=0"/></net>

<net id="581"><net_src comp="577" pin="1"/><net_sink comp="461" pin=0"/></net>

<net id="585"><net_src comp="400" pin="2"/><net_sink comp="582" pin=0"/></net>

<net id="586"><net_src comp="582" pin="1"/><net_sink comp="464" pin=0"/></net>

<net id="590"><net_src comp="406" pin="2"/><net_sink comp="587" pin=0"/></net>

<net id="591"><net_src comp="587" pin="1"/><net_sink comp="467" pin=0"/></net>

</net_list>

</model> 
---------------- Datapath Model END ------------------

* FSMD analyzer results:
  - Output states:
 - Input state : 
	Port: dense_resource_rf_leq_nin<ap_ufixed,ap_fixed<19,8,5,3,0>,config8>.0.0.0.0 : p_read | {2 }
	Port: dense_resource_rf_leq_nin<ap_ufixed,ap_fixed<19,8,5,3,0>,config8>.0.0.0.0 : p_read1 | {1 }
	Port: dense_resource_rf_leq_nin<ap_ufixed,ap_fixed<19,8,5,3,0>,config8>.0.0.0.0 : p_read2 | {2 }
	Port: dense_resource_rf_leq_nin<ap_ufixed,ap_fixed<19,8,5,3,0>,config8>.0.0.0.0 : p_read3 | {2 }
  - Chain level:
	State 1
		mul_ln708_1 : 1
		trunc_ln : 2
	State 2
		zext_ln1118_9 : 1
		zext_ln1118 : 1
		sub_ln1118 : 2
		tmp_123 : 3
		sext_ln1118 : 4
		zext_ln1118_1 : 1
		zext_ln1118_2 : 1
		sub_ln1118_1 : 2
		tmp_124 : 3
		sext_ln1118_1 : 4
		zext_ln703 : 1
		add_ln703 : 5
		add_ln703_1 : 5
		mul_ln1118 : 1
		tmp_125 : 2
		mul_ln708 : 1
		lshr_ln708_s : 2
		zext_ln1118_6 : 1
		mul_ln1118_1 : 1
		tmp_126 : 2
		add_ln703_4 : 2
		zext_ln1118_7 : 1
		add_ln1118 : 2
		tmp_127 : 3
		zext_ln708_4 : 4
		zext_ln1118_8 : 1
		sub_ln1118_2 : 2
		tmp_128 : 3
		sext_ln1118_2 : 4
		mul_ln1118_2 : 1
		tmp_129 : 2
		add_ln703_7 : 5
	State 3
		p_Val2_s : 1
		add_ln703_3 : 1
		sext_ln703_4 : 2
		add_ln703_5 : 1
		sext_ln703_5 : 2
		acc_1_V : 3
		add_ln703_9 : 1
		sext_ln703_8 : 2
		acc_2_V : 3
		tmp_130 : 2
		sext_ln728 : 3
		tmp_131 : 4
		sext_ln728_1 : 5
		res_2_V_write_assign : 4
		mrv : 4
		mrv_1 : 6
		mrv_2 : 7
		ret_ln84 : 8


============================================================
+ Verbose Summary: Datapath Resource usage 
============================================================

* Functional unit list:
|----------|-----------------------------|---------|---------|---------|
| Operation|       Functional Unit       |  DSP48E |    FF   |   LUT   |
|----------|-----------------------------|---------|---------|---------|
|          |      mul_ln708_1_fu_106     |    0    |    0    |    41   |
|          |      mul_ln1118_fu_251      |    0    |    0    |    41   |
|    mul   |       mul_ln708_fu_270      |    0    |    0    |    41   |
|          |     mul_ln1118_1_fu_298     |    0    |    0    |    41   |
|          |     mul_ln1118_2_fu_384     |    0    |    0    |    41   |
|----------|-----------------------------|---------|---------|---------|
|          |       add_ln703_fu_239      |    0    |    0    |    14   |
|          |      add_ln703_1_fu_245     |    0    |    0    |    17   |
|          |      add_ln703_4_fu_314     |    0    |    0    |    13   |
|          |      add_ln1118_fu_332      |    0    |    0    |    12   |
|          |      add_ln703_7_fu_400     |    0    |    0    |    17   |
|    add   |      add_ln703_8_fu_406     |    0    |    0    |    17   |
|          |       p_Val2_s_fu_417       |    0    |    0    |    19   |
|          |      add_ln703_3_fu_432     |    0    |    0    |    17   |
|          |      add_ln703_5_fu_445     |    0    |    0    |    12   |
|          |        acc_1_V_fu_455       |    0    |    0    |    19   |
|          |      add_ln703_9_fu_470     |    0    |    0    |    19   |
|          |        acc_2_V_fu_480       |    0    |    0    |    21   |
|----------|-----------------------------|---------|---------|---------|
|          |      sub_ln1118_fu_155      |    0    |    0    |    14   |
|    sub   |     sub_ln1118_1_fu_199     |    0    |    0    |    17   |
|          |     sub_ln1118_2_fu_364     |    0    |    0    |    17   |
|----------|-----------------------------|---------|---------|---------|
|          |     p_read_3_read_fu_78     |    0    |    0    |    0    |
|   read   |     p_read_1_read_fu_84     |    0    |    0    |    0    |
|          |     p_read_2_read_fu_90     |    0    |    0    |    0    |
|          |     p_read_4_read_fu_96     |    0    |    0    |    0    |
|----------|-----------------------------|---------|---------|---------|
|          |     zext_ln708_2_fu_102     |    0    |    0    |    0    |
|          |      zext_ln708_fu_122      |    0    |    0    |    0    |
|          |     zext_ln708_1_fu_126     |    0    |    0    |    0    |
|          |     zext_ln1118_9_fu_140    |    0    |    0    |    0    |
|          |      zext_ln1118_fu_151     |    0    |    0    |    0    |
|          |     zext_ln1118_1_fu_183    |    0    |    0    |    0    |
|          |     zext_ln1118_2_fu_195    |    0    |    0    |    0    |
|          |     zext_ln1118_3_fu_219    |    0    |    0    |    0    |
|   zext   |     zext_ln1118_4_fu_223    |    0    |    0    |    0    |
|          |      zext_ln703_fu_235      |    0    |    0    |    0    |
|          |     zext_ln708_3_fu_267     |    0    |    0    |    0    |
|          |     zext_ln1118_6_fu_294    |    0    |    0    |    0    |
|          |     zext_ln1118_7_fu_328    |    0    |    0    |    0    |
|          |     zext_ln708_4_fu_348     |    0    |    0    |    0    |
|          |     zext_ln1118_8_fu_360    |    0    |    0    |    0    |
|          |     zext_ln1118_5_fu_426    |    0    |    0    |    0    |
|          |     zext_ln703_1_fu_467     |    0    |    0    |    0    |
|----------|-----------------------------|---------|---------|---------|
|          |       trunc_ln_fu_112       |    0    |    0    |    0    |
|          |          tmp_fu_130         |    0    |    0    |    0    |
|          |        tmp_123_fu_161       |    0    |    0    |    0    |
|          |        tmp_124_fu_205       |    0    |    0    |    0    |
|partselect|        tmp_125_fu_257       |    0    |    0    |    0    |
|          |     lshr_ln708_s_fu_276     |    0    |    0    |    0    |
|          |        tmp_126_fu_304       |    0    |    0    |    0    |
|          |        tmp_127_fu_338       |    0    |    0    |    0    |
|          |        tmp_128_fu_370       |    0    |    0    |    0    |
|          |        tmp_129_fu_390       |    0    |    0    |    0    |
|----------|-----------------------------|---------|---------|---------|
|          |        shl_ln_fu_144        |    0    |    0    |    0    |
|          |     shl_ln1118_s_fu_175     |    0    |    0    |    0    |
|          |     shl_ln1118_1_fu_187     |    0    |    0    |    0    |
|          |        shl_ln1_fu_227       |    0    |    0    |    0    |
|bitconcatenate|      shl_ln708_s_fu_286     |    0    |    0    |    0    |
|          |     shl_ln1118_2_fu_320     |    0    |    0    |    0    |
|          |     shl_ln1118_3_fu_352     |    0    |    0    |    0    |
|          |        tmp_130_fu_486       |    0    |    0    |    0    |
|          |        tmp_131_fu_498       |    0    |    0    |    0    |
|          | res_2_V_write_assign_fu_510 |    0    |    0    |    0    |
|----------|-----------------------------|---------|---------|---------|
|          |      sext_ln1118_fu_171     |    0    |    0    |    0    |
|          |     sext_ln1118_1_fu_215    |    0    |    0    |    0    |
|          |     sext_ln1118_2_fu_380    |    0    |    0    |    0    |
|          |     sext_ln703_1_fu_411     |    0    |    0    |    0    |
|          |     sext_ln703_2_fu_414     |    0    |    0    |    0    |
|          |      sext_ln708_fu_423      |    0    |    0    |    0    |
|          |     sext_ln703_3_fu_429     |    0    |    0    |    0    |
|   sext   |     sext_ln703_4_fu_438     |    0    |    0    |    0    |
|          |      sext_ln703_fu_442      |    0    |    0    |    0    |
|          |     sext_ln703_5_fu_451     |    0    |    0    |    0    |
|          |     sext_ln703_6_fu_461     |    0    |    0    |    0    |
|          |     sext_ln703_7_fu_464     |    0    |    0    |    0    |
|          |     sext_ln703_8_fu_476     |    0    |    0    |    0    |
|          |      sext_ln728_fu_494      |    0    |    0    |    0    |
|          |     sext_ln728_1_fu_506     |    0    |    0    |    0    |
|----------|-----------------------------|---------|---------|---------|
|          |          mrv_fu_518         |    0    |    0    |    0    |
|insertvalue|         mrv_1_fu_524        |    0    |    0    |    0    |
|          |         mrv_2_fu_530        |    0    |    0    |    0    |
|----------|-----------------------------|---------|---------|---------|
|   Total  |                             |    0    |    0    |   450   |
|----------|-----------------------------|---------|---------|---------|

Memories:
N/A

* Register list:
+--------------------+--------+
|                    |   FF   |
+--------------------+--------+
| add_ln703_1_reg_552|   14   |
| add_ln703_4_reg_572|   12   |
| add_ln703_7_reg_582|   14   |
| add_ln703_8_reg_587|   13   |
|  add_ln703_reg_547 |   11   |
|lshr_ln708_s_reg_562|   11   |
|  p_read_3_reg_536  |    8   |
|   tmp_125_reg_557  |   13   |
|   tmp_126_reg_567  |   13   |
|   tmp_129_reg_577  |   14   |
|  trunc_ln_reg_542  |   13   |
+--------------------+--------+
|        Total       |   136  |
+--------------------+--------+

* Multiplexer (MUX) list: 
|--------|------|------|------|--------|
|  Comp  |  Pin | Size |  BW  | S x BW |
|--------|------|------|------|--------|
|  Total |      |      |      |    0   |
|--------|------|------|------|--------|



* Summary:
+-----------+--------+--------+--------+
|           | DSP48E |   FF   |   LUT  |
+-----------+--------+--------+--------+
|  Function |    0   |    0   |   450  |
|   Memory  |    -   |    -   |    -   |
|Multiplexer|    -   |    -   |    -   |
|  Register |    -   |   136  |    -   |
+-----------+--------+--------+--------+
|   Total   |    0   |   136  |   450  |
+-----------+--------+--------+--------+
