

================================================================
== Vivado HLS Report for 'dense_resource_rf_leq_nin_ap_ufixed_ap_fixed_config11_0_0_0_0_0'
================================================================
* Date:           Wed May 20 11:12:59 2026

* Version:        2020.1 (Build 2897737 on Wed May 27 20:21:37 MDT 2020)
* Project:        myproject_prj
* Solution:       solution1
* Product family: zynq
* Target device:  xc7z020-clg400-1


================================================================
== Performance Estimates
================================================================
+ Timing: 
    * Summary: 
    +--------+---------+----------+------------+
    |  Clock |  Target | Estimated| Uncertainty|
    +--------+---------+----------+------------+
    |ap_clk  | 5.00 ns | 4.170 ns |   0.62 ns  |
    +--------+---------+----------+------------+

+ Latency: 
    * Summary: 
    +---------+---------+----------+----------+-----+-----+---------+
    |  Latency (cycles) |  Latency (absolute) |  Interval | Pipeline|
    |   min   |   max   |    min   |    max   | min | max |   Type  |
    +---------+---------+----------+----------+-----+-----+---------+
    |        1|        1| 5.000 ns | 5.000 ns |    1|    1|   none  |
    +---------+---------+----------+----------+-----+-----+---------+

    + Detail: 
        * Instance: 
        N/A

        * Loop: 
        N/A

============================================================
+ Verbose Summary: Synthesis Manager
============================================================
InlineROM: 1
ExposeGlobal: 0
============================================================
+ Verbose Summary: CDFG Model
============================================================
IsTopModel: 0
ResetActiveHigh: 1
IsCombinational: 2
IsDatapathOnly: 0
HasWiredReturn: 1
HasMFsm: 0
HasVarLatency: 1
IsPipeline: 0
IsRtlPipelined: 0
IsInstanceOverlapped: 0
IsDontTouch: 0
HasImplIP: 0
IsGatedGlobalClock: 0


============================================================
+ Verbose Summary: Schedule
============================================================
* Number of FSM states : 2
* Pipeline : 0
* Dataflow Pipeline: 0

* FSM state transitions: 
1 --> 2 
2 --> 

* FSM state operations: 

State 1 <SV = 0> <Delay = 4.17>
ST_1 : Operation 3 [1/1] (0.00ns)   --->   "%p_read25 = call i8 @_ssdm_op_Read.ap_auto.i8(i8 %p_read2)" [firmware/nnet_utils/nnet_dense_resource.h:13]   --->   Operation 3 'read' 'p_read25' <Predicate = true> <Delay = 0.00>
ST_1 : Operation 4 [1/1] (0.00ns)   --->   "%p_read14 = call i8 @_ssdm_op_Read.ap_auto.i8(i8 %p_read1)" [firmware/nnet_utils/nnet_dense_resource.h:13]   --->   Operation 4 'read' 'p_read14' <Predicate = true> <Delay = 0.00>
ST_1 : Operation 5 [1/1] (0.00ns)   --->   "%p_read_13 = call i8 @_ssdm_op_Read.ap_auto.i8(i8 %p_read)" [firmware/nnet_utils/nnet_dense_resource.h:13]   --->   Operation 5 'read' 'p_read_13' <Predicate = true> <Delay = 0.00>
ST_1 : Operation 6 [1/1] (0.00ns)   --->   "%zext_ln708 = zext i8 %p_read_13 to i14" [firmware/nnet_utils/nnet_dense_resource.h:59]   --->   Operation 6 'zext' 'zext_ln708' <Predicate = true> <Delay = 0.00>
ST_1 : Operation 7 [1/1] (0.00ns)   --->   "%zext_ln708_10 = zext i8 %p_read_13 to i13" [firmware/nnet_utils/nnet_dense_resource.h:59]   --->   Operation 7 'zext' 'zext_ln708_10' <Predicate = true> <Delay = 0.00>
ST_1 : Operation 8 [1/1] (4.17ns)   --->   "%mul_ln708 = mul i13 %zext_ln708_10, 21" [firmware/nnet_utils/nnet_dense_resource.h:59]   --->   Operation 8 'mul' 'mul_ln708' <Predicate = true> <Delay = 4.17> <Core = "Mul">   --->   Core 16 'Mul' <Latency = 0> <II = 1> <Delay = 4.17> <FuncUnit> <Opcode : 'mul'> <InPorts = 2> <OutPorts = 1>
ST_1 : Operation 9 [1/1] (0.00ns)   --->   "%trunc_ln = call i12 @_ssdm_op_PartSelect.i12.i13.i32.i32(i13 %mul_ln708, i32 1, i32 12)" [firmware/nnet_utils/nnet_mult.h:73->firmware/nnet_utils/nnet_dense_resource.h:59]   --->   Operation 9 'partselect' 'trunc_ln' <Predicate = true> <Delay = 0.00>
ST_1 : Operation 10 [1/1] (0.00ns)   --->   "%zext_ln1118 = zext i8 %p_read14 to i14" [firmware/nnet_utils/nnet_mult.h:73->firmware/nnet_utils/nnet_dense_resource.h:59]   --->   Operation 10 'zext' 'zext_ln1118' <Predicate = true> <Delay = 0.00>
ST_1 : Operation 11 [1/1] (0.00ns)   --->   "%shl_ln = call i13 @_ssdm_op_BitConcatenate.i13.i8.i5(i8 %p_read14, i5 0)" [firmware/nnet_utils/nnet_mult.h:73->firmware/nnet_utils/nnet_dense_resource.h:59]   --->   Operation 11 'bitconcatenate' 'shl_ln' <Predicate = true> <Delay = 0.00>
ST_1 : Operation 12 [1/1] (0.00ns)   --->   "%zext_ln1118_61 = zext i13 %shl_ln to i14" [firmware/nnet_utils/nnet_mult.h:73->firmware/nnet_utils/nnet_dense_resource.h:59]   --->   Operation 12 'zext' 'zext_ln1118_61' <Predicate = true> <Delay = 0.00>
ST_1 : Operation 13 [1/1] (0.00ns)   --->   "%shl_ln1118_s = call i9 @_ssdm_op_BitConcatenate.i9.i8.i1(i8 %p_read14, i1 false)" [firmware/nnet_utils/nnet_mult.h:73->firmware/nnet_utils/nnet_dense_resource.h:59]   --->   Operation 13 'bitconcatenate' 'shl_ln1118_s' <Predicate = true> <Delay = 0.00>
ST_1 : Operation 14 [1/1] (0.00ns)   --->   "%zext_ln1118_62 = zext i9 %shl_ln1118_s to i14" [firmware/nnet_utils/nnet_mult.h:73->firmware/nnet_utils/nnet_dense_resource.h:59]   --->   Operation 14 'zext' 'zext_ln1118_62' <Predicate = true> <Delay = 0.00>
ST_1 : Operation 15 [1/1] (1.67ns)   --->   "%sub_ln1118 = sub i14 %zext_ln1118_61, %zext_ln1118_62" [firmware/nnet_utils/nnet_mult.h:73->firmware/nnet_utils/nnet_dense_resource.h:59]   --->   Operation 15 'sub' 'sub_ln1118' <Predicate = true> <Delay = 1.67> <Core = "AddSub">   --->   Core 14 'AddSub' <Latency = 0> <II = 1> <Delay = 1.94> <FuncUnit> <Opcode : 'add' 'sub'> <InPorts = 2> <OutPorts = 1>
ST_1 : Operation 16 [1/1] (0.00ns)   --->   "%tmp = call i13 @_ssdm_op_PartSelect.i13.i14.i32.i32(i14 %sub_ln1118, i32 1, i32 13)" [firmware/nnet_utils/nnet_mult.h:73->firmware/nnet_utils/nnet_dense_resource.h:59]   --->   Operation 16 'partselect' 'tmp' <Predicate = true> <Delay = 0.00>
ST_1 : Operation 17 [1/1] (0.00ns)   --->   "%sext_ln1118 = sext i13 %tmp to i14" [firmware/nnet_utils/nnet_mult.h:73->firmware/nnet_utils/nnet_dense_resource.h:59]   --->   Operation 17 'sext' 'sext_ln1118' <Predicate = true> <Delay = 0.00>
ST_1 : Operation 18 [1/1] (0.00ns)   --->   "%zext_ln1118_63 = zext i8 %p_read25 to i15" [firmware/nnet_utils/nnet_mult.h:73->firmware/nnet_utils/nnet_dense_resource.h:59]   --->   Operation 18 'zext' 'zext_ln1118_63' <Predicate = true> <Delay = 0.00>
ST_1 : Operation 19 [1/1] (0.00ns)   --->   "%zext_ln1118_64 = zext i8 %p_read25 to i12" [firmware/nnet_utils/nnet_mult.h:73->firmware/nnet_utils/nnet_dense_resource.h:59]   --->   Operation 19 'zext' 'zext_ln1118_64' <Predicate = true> <Delay = 0.00>
ST_1 : Operation 20 [1/1] (0.00ns)   --->   "%shl_ln1118_21 = call i11 @_ssdm_op_BitConcatenate.i11.i8.i3(i8 %p_read25, i3 0)" [firmware/nnet_utils/nnet_mult.h:73->firmware/nnet_utils/nnet_dense_resource.h:59]   --->   Operation 20 'bitconcatenate' 'shl_ln1118_21' <Predicate = true> <Delay = 0.00>
ST_1 : Operation 21 [1/1] (0.00ns)   --->   "%zext_ln1118_65 = zext i11 %shl_ln1118_21 to i12" [firmware/nnet_utils/nnet_mult.h:73->firmware/nnet_utils/nnet_dense_resource.h:59]   --->   Operation 21 'zext' 'zext_ln1118_65' <Predicate = true> <Delay = 0.00>
ST_1 : Operation 22 [1/1] (0.00ns)   --->   "%shl_ln1118_22 = call i9 @_ssdm_op_BitConcatenate.i9.i8.i1(i8 %p_read25, i1 false)" [firmware/nnet_utils/nnet_mult.h:73->firmware/nnet_utils/nnet_dense_resource.h:59]   --->   Operation 22 'bitconcatenate' 'shl_ln1118_22' <Predicate = true> <Delay = 0.00>
ST_1 : Operation 23 [1/1] (0.00ns)   --->   "%zext_ln1118_66 = zext i9 %shl_ln1118_22 to i13" [firmware/nnet_utils/nnet_mult.h:73->firmware/nnet_utils/nnet_dense_resource.h:59]   --->   Operation 23 'zext' 'zext_ln1118_66' <Predicate = true> <Delay = 0.00>
ST_1 : Operation 24 [1/1] (0.00ns)   --->   "%zext_ln1118_67 = zext i9 %shl_ln1118_22 to i12" [firmware/nnet_utils/nnet_mult.h:73->firmware/nnet_utils/nnet_dense_resource.h:59]   --->   Operation 24 'zext' 'zext_ln1118_67' <Predicate = true> <Delay = 0.00>
ST_1 : Operation 25 [1/1] (1.63ns)   --->   "%sub_ln1118_27 = sub i12 %zext_ln1118_67, %zext_ln1118_65" [firmware/nnet_utils/nnet_mult.h:73->firmware/nnet_utils/nnet_dense_resource.h:59]   --->   Operation 25 'sub' 'sub_ln1118_27' <Predicate = true> <Delay = 1.63> <Core = "AddSub">   --->   Core 14 'AddSub' <Latency = 0> <II = 1> <Delay = 1.94> <FuncUnit> <Opcode : 'add' 'sub'> <InPorts = 2> <OutPorts = 1>
ST_1 : Operation 26 [1/1] (0.00ns)   --->   "%tmp_181 = call i11 @_ssdm_op_PartSelect.i11.i12.i32.i32(i12 %sub_ln1118_27, i32 1, i32 11)" [firmware/nnet_utils/nnet_dense_resource.h:59]   --->   Operation 26 'partselect' 'tmp_181' <Predicate = true> <Delay = 0.00>
ST_1 : Operation 27 [1/1] (0.00ns)   --->   "%sext_ln703 = sext i11 %tmp_181 to i14" [firmware/nnet_utils/nnet_dense_resource.h:59]   --->   Operation 27 'sext' 'sext_ln703' <Predicate = true> <Delay = 0.00>
ST_1 : Operation 28 [1/1] (1.67ns)   --->   "%add_ln703 = add i14 %sext_ln703, %sext_ln1118" [firmware/nnet_utils/nnet_dense_resource.h:59]   --->   Operation 28 'add' 'add_ln703' <Predicate = true> <Delay = 1.67> <Core = "AddSub">   --->   Core 14 'AddSub' <Latency = 0> <II = 1> <Delay = 1.94> <FuncUnit> <Opcode : 'add' 'sub'> <InPorts = 2> <OutPorts = 1>
ST_1 : Operation 29 [1/1] (4.17ns)   --->   "%mul_ln708_7 = mul i14 %zext_ln708, 38" [firmware/nnet_utils/nnet_dense_resource.h:59]   --->   Operation 29 'mul' 'mul_ln708_7' <Predicate = true> <Delay = 4.17> <Core = "Mul">   --->   Core 16 'Mul' <Latency = 0> <II = 1> <Delay = 4.17> <FuncUnit> <Opcode : 'mul'> <InPorts = 2> <OutPorts = 1>
ST_1 : Operation 30 [1/1] (0.00ns)   --->   "%lshr_ln708_s = call i13 @_ssdm_op_PartSelect.i13.i14.i32.i32(i14 %mul_ln708_7, i32 1, i32 13)" [firmware/nnet_utils/nnet_dense_resource.h:59]   --->   Operation 30 'partselect' 'lshr_ln708_s' <Predicate = true> <Delay = 0.00>
ST_1 : Operation 31 [1/1] (4.17ns)   --->   "%mul_ln1118 = mul i14 %zext_ln1118, -25" [firmware/nnet_utils/nnet_mult.h:73->firmware/nnet_utils/nnet_dense_resource.h:59]   --->   Operation 31 'mul' 'mul_ln1118' <Predicate = true> <Delay = 4.17> <Core = "Mul">   --->   Core 16 'Mul' <Latency = 0> <II = 1> <Delay = 4.17> <FuncUnit> <Opcode : 'mul'> <InPorts = 2> <OutPorts = 1>
ST_1 : Operation 32 [1/1] (0.00ns)   --->   "%tmp_182 = call i13 @_ssdm_op_PartSelect.i13.i14.i32.i32(i14 %mul_ln1118, i32 1, i32 13)" [firmware/nnet_utils/nnet_mult.h:73->firmware/nnet_utils/nnet_dense_resource.h:59]   --->   Operation 32 'partselect' 'tmp_182' <Predicate = true> <Delay = 0.00>
ST_1 : Operation 33 [1/1] (0.00ns)   --->   "%shl_ln1118_23 = call i12 @_ssdm_op_BitConcatenate.i12.i8.i4(i8 %p_read25, i4 0)" [firmware/nnet_utils/nnet_mult.h:73->firmware/nnet_utils/nnet_dense_resource.h:59]   --->   Operation 33 'bitconcatenate' 'shl_ln1118_23' <Predicate = true> <Delay = 0.00>
ST_1 : Operation 34 [1/1] (0.00ns)   --->   "%zext_ln1118_68 = zext i12 %shl_ln1118_23 to i13" [firmware/nnet_utils/nnet_mult.h:73->firmware/nnet_utils/nnet_dense_resource.h:59]   --->   Operation 34 'zext' 'zext_ln1118_68' <Predicate = true> <Delay = 0.00>
ST_1 : Operation 35 [1/1] (1.54ns)   --->   "%add_ln1118 = add i13 %zext_ln1118_68, %zext_ln1118_66" [firmware/nnet_utils/nnet_mult.h:73->firmware/nnet_utils/nnet_dense_resource.h:59]   --->   Operation 35 'add' 'add_ln1118' <Predicate = true> <Delay = 1.54> <Core = "AddSub">   --->   Core 14 'AddSub' <Latency = 0> <II = 1> <Delay = 1.94> <FuncUnit> <Opcode : 'add' 'sub'> <InPorts = 2> <OutPorts = 1>
ST_1 : Operation 36 [1/1] (0.00ns)   --->   "%tmp_183 = call i12 @_ssdm_op_PartSelect.i12.i13.i32.i32(i13 %add_ln1118, i32 1, i32 12)" [firmware/nnet_utils/nnet_dense_resource.h:59]   --->   Operation 36 'partselect' 'tmp_183' <Predicate = true> <Delay = 0.00>
ST_1 : Operation 37 [1/1] (4.17ns)   --->   "%mul_ln708_8 = mul i13 %zext_ln708_10, 19" [firmware/nnet_utils/nnet_dense_resource.h:59]   --->   Operation 37 'mul' 'mul_ln708_8' <Predicate = true> <Delay = 4.17> <Core = "Mul">   --->   Core 16 'Mul' <Latency = 0> <II = 1> <Delay = 4.17> <FuncUnit> <Opcode : 'mul'> <InPorts = 2> <OutPorts = 1>
ST_1 : Operation 38 [1/1] (0.00ns)   --->   "%trunc_ln2 = call i12 @_ssdm_op_PartSelect.i12.i13.i32.i32(i13 %mul_ln708_8, i32 1, i32 12)" [firmware/nnet_utils/nnet_mult.h:73->firmware/nnet_utils/nnet_dense_resource.h:59]   --->   Operation 38 'partselect' 'trunc_ln2' <Predicate = true> <Delay = 0.00>
ST_1 : Operation 39 [1/1] (1.67ns)   --->   "%sub_ln1118_28 = sub i14 0, %zext_ln1118_61" [firmware/nnet_utils/nnet_mult.h:73->firmware/nnet_utils/nnet_dense_resource.h:59]   --->   Operation 39 'sub' 'sub_ln1118_28' <Predicate = true> <Delay = 1.67> <Core = "AddSub">   --->   Core 14 'AddSub' <Latency = 0> <II = 1> <Delay = 1.94> <FuncUnit> <Opcode : 'add' 'sub'> <InPorts = 2> <OutPorts = 1>
ST_1 : Operation 40 [1/1] (0.00ns)   --->   "%tmp_184 = call i13 @_ssdm_op_PartSelect.i13.i14.i32.i32(i14 %sub_ln1118_28, i32 1, i32 13)" [firmware/nnet_utils/nnet_mult.h:73->firmware/nnet_utils/nnet_dense_resource.h:59]   --->   Operation 40 'partselect' 'tmp_184' <Predicate = true> <Delay = 0.00>
ST_1 : Operation 41 [1/1] (0.00ns)   --->   "%sext_ln1118_27 = sext i13 %tmp_184 to i14" [firmware/nnet_utils/nnet_mult.h:73->firmware/nnet_utils/nnet_dense_resource.h:59]   --->   Operation 41 'sext' 'sext_ln1118_27' <Predicate = true> <Delay = 0.00>
ST_1 : Operation 42 [1/1] (1.63ns)   --->   "%sub_ln1118_29 = sub i12 %zext_ln1118_64, %zext_ln1118_65" [firmware/nnet_utils/nnet_mult.h:73->firmware/nnet_utils/nnet_dense_resource.h:59]   --->   Operation 42 'sub' 'sub_ln1118_29' <Predicate = true> <Delay = 1.63> <Core = "AddSub">   --->   Core 14 'AddSub' <Latency = 0> <II = 1> <Delay = 1.94> <FuncUnit> <Opcode : 'add' 'sub'> <InPorts = 2> <OutPorts = 1>
ST_1 : Operation 43 [1/1] (0.00ns)   --->   "%tmp_185 = call i11 @_ssdm_op_PartSelect.i11.i12.i32.i32(i12 %sub_ln1118_29, i32 1, i32 11)" [firmware/nnet_utils/nnet_dense_resource.h:59]   --->   Operation 43 'partselect' 'tmp_185' <Predicate = true> <Delay = 0.00>
ST_1 : Operation 44 [1/1] (0.00ns)   --->   "%sext_ln703_43 = sext i11 %tmp_185 to i14" [firmware/nnet_utils/nnet_dense_resource.h:59]   --->   Operation 44 'sext' 'sext_ln703_43' <Predicate = true> <Delay = 0.00>
ST_1 : Operation 45 [1/1] (1.67ns)   --->   "%add_ln703_65 = add i14 %sext_ln703_43, %sext_ln1118_27" [firmware/nnet_utils/nnet_dense_resource.h:59]   --->   Operation 45 'add' 'add_ln703_65' <Predicate = true> <Delay = 1.67> <Core = "AddSub">   --->   Core 14 'AddSub' <Latency = 0> <II = 1> <Delay = 1.94> <FuncUnit> <Opcode : 'add' 'sub'> <InPorts = 2> <OutPorts = 1>
ST_1 : Operation 46 [1/1] (0.00ns)   --->   "%shl_ln1118_24 = call i11 @_ssdm_op_BitConcatenate.i11.i8.i3(i8 %p_read_13, i3 0)" [firmware/nnet_utils/nnet_mult.h:73->firmware/nnet_utils/nnet_dense_resource.h:59]   --->   Operation 46 'bitconcatenate' 'shl_ln1118_24' <Predicate = true> <Delay = 0.00>
ST_1 : Operation 47 [1/1] (0.00ns)   --->   "%zext_ln1118_69 = zext i11 %shl_ln1118_24 to i12" [firmware/nnet_utils/nnet_mult.h:73->firmware/nnet_utils/nnet_dense_resource.h:59]   --->   Operation 47 'zext' 'zext_ln1118_69' <Predicate = true> <Delay = 0.00>
ST_1 : Operation 48 [1/1] (0.00ns)   --->   "%shl_ln1118_25 = call i9 @_ssdm_op_BitConcatenate.i9.i8.i1(i8 %p_read_13, i1 false)" [firmware/nnet_utils/nnet_mult.h:73->firmware/nnet_utils/nnet_dense_resource.h:59]   --->   Operation 48 'bitconcatenate' 'shl_ln1118_25' <Predicate = true> <Delay = 0.00>
ST_1 : Operation 49 [1/1] (0.00ns)   --->   "%zext_ln1118_70 = zext i9 %shl_ln1118_25 to i12" [firmware/nnet_utils/nnet_mult.h:73->firmware/nnet_utils/nnet_dense_resource.h:59]   --->   Operation 49 'zext' 'zext_ln1118_70' <Predicate = true> <Delay = 0.00>
ST_1 : Operation 50 [1/1] (1.63ns)   --->   "%sub_ln1118_30 = sub i12 %zext_ln1118_69, %zext_ln1118_70" [firmware/nnet_utils/nnet_mult.h:73->firmware/nnet_utils/nnet_dense_resource.h:59]   --->   Operation 50 'sub' 'sub_ln1118_30' <Predicate = true> <Delay = 1.63> <Core = "AddSub">   --->   Core 14 'AddSub' <Latency = 0> <II = 1> <Delay = 1.94> <FuncUnit> <Opcode : 'add' 'sub'> <InPorts = 2> <OutPorts = 1>
ST_1 : Operation 51 [1/1] (0.00ns)   --->   "%tmp_186 = call i11 @_ssdm_op_PartSelect.i11.i12.i32.i32(i12 %sub_ln1118_30, i32 1, i32 11)" [firmware/nnet_utils/nnet_mult.h:73->firmware/nnet_utils/nnet_dense_resource.h:59]   --->   Operation 51 'partselect' 'tmp_186' <Predicate = true> <Delay = 0.00>
ST_1 : Operation 52 [1/1] (0.00ns)   --->   "%sext_ln1118_28 = sext i11 %tmp_186 to i15" [firmware/nnet_utils/nnet_mult.h:73->firmware/nnet_utils/nnet_dense_resource.h:59]   --->   Operation 52 'sext' 'sext_ln1118_28' <Predicate = true> <Delay = 0.00>
ST_1 : Operation 53 [1/1] (0.00ns)   --->   "%shl_ln1118_26 = call i14 @_ssdm_op_BitConcatenate.i14.i8.i6(i8 %p_read14, i6 0)" [firmware/nnet_utils/nnet_mult.h:73->firmware/nnet_utils/nnet_dense_resource.h:59]   --->   Operation 53 'bitconcatenate' 'shl_ln1118_26' <Predicate = true> <Delay = 0.00>
ST_1 : Operation 54 [1/1] (0.00ns)   --->   "%zext_ln1118_71 = zext i14 %shl_ln1118_26 to i15" [firmware/nnet_utils/nnet_mult.h:73->firmware/nnet_utils/nnet_dense_resource.h:59]   --->   Operation 54 'zext' 'zext_ln1118_71' <Predicate = true> <Delay = 0.00>
ST_1 : Operation 55 [1/1] (0.00ns)   --->   "%shl_ln1118_27 = call i12 @_ssdm_op_BitConcatenate.i12.i8.i4(i8 %p_read14, i4 0)" [firmware/nnet_utils/nnet_mult.h:73->firmware/nnet_utils/nnet_dense_resource.h:59]   --->   Operation 55 'bitconcatenate' 'shl_ln1118_27' <Predicate = true> <Delay = 0.00>
ST_1 : Operation 56 [1/1] (0.00ns)   --->   "%zext_ln1118_72 = zext i12 %shl_ln1118_27 to i15" [firmware/nnet_utils/nnet_mult.h:73->firmware/nnet_utils/nnet_dense_resource.h:59]   --->   Operation 56 'zext' 'zext_ln1118_72' <Predicate = true> <Delay = 0.00>
ST_1 : Operation 57 [1/1] (1.81ns)   --->   "%sub_ln1118_31 = sub i15 %zext_ln1118_71, %zext_ln1118_72" [firmware/nnet_utils/nnet_mult.h:73->firmware/nnet_utils/nnet_dense_resource.h:59]   --->   Operation 57 'sub' 'sub_ln1118_31' <Predicate = true> <Delay = 1.81> <Core = "AddSub">   --->   Core 14 'AddSub' <Latency = 0> <II = 1> <Delay = 1.94> <FuncUnit> <Opcode : 'add' 'sub'> <InPorts = 2> <OutPorts = 1>
ST_1 : Operation 58 [1/1] (0.00ns)   --->   "%tmp_187 = call i14 @_ssdm_op_PartSelect.i14.i15.i32.i32(i15 %sub_ln1118_31, i32 1, i32 14)" [firmware/nnet_utils/nnet_mult.h:73->firmware/nnet_utils/nnet_dense_resource.h:59]   --->   Operation 58 'partselect' 'tmp_187' <Predicate = true> <Delay = 0.00>
ST_1 : Operation 59 [1/1] (0.00ns)   --->   "%sext_ln1118_29 = sext i14 %tmp_187 to i15" [firmware/nnet_utils/nnet_mult.h:73->firmware/nnet_utils/nnet_dense_resource.h:59]   --->   Operation 59 'sext' 'sext_ln1118_29' <Predicate = true> <Delay = 0.00>
ST_1 : Operation 60 [1/1] (4.17ns)   --->   "%mul_ln1118_6 = mul i15 %zext_ln1118_63, -49" [firmware/nnet_utils/nnet_mult.h:73->firmware/nnet_utils/nnet_dense_resource.h:59]   --->   Operation 60 'mul' 'mul_ln1118_6' <Predicate = true> <Delay = 4.17> <Core = "Mul">   --->   Core 16 'Mul' <Latency = 0> <II = 1> <Delay = 4.17> <FuncUnit> <Opcode : 'mul'> <InPorts = 2> <OutPorts = 1>
ST_1 : Operation 61 [1/1] (0.00ns)   --->   "%tmp_188 = call i14 @_ssdm_op_PartSelect.i14.i15.i32.i32(i15 %mul_ln1118_6, i32 1, i32 14)" [firmware/nnet_utils/nnet_dense_resource.h:59]   --->   Operation 61 'partselect' 'tmp_188' <Predicate = true> <Delay = 0.00>
ST_1 : Operation 62 [1/1] (1.81ns)   --->   "%add_ln703_68 = add i15 %sext_ln1118_29, %sext_ln1118_28" [firmware/nnet_utils/nnet_dense_resource.h:59]   --->   Operation 62 'add' 'add_ln703_68' <Predicate = true> <Delay = 1.81> <Core = "AddSub">   --->   Core 14 'AddSub' <Latency = 0> <II = 1> <Delay = 1.94> <FuncUnit> <Opcode : 'add' 'sub'> <InPorts = 2> <OutPorts = 1>

State 2 <SV = 1> <Delay = 3.75>
ST_2 : Operation 63 [1/1] (0.00ns)   --->   "%sext_ln703_40 = sext i14 %add_ln703 to i15" [firmware/nnet_utils/nnet_dense_resource.h:59]   --->   Operation 63 'sext' 'sext_ln703_40' <Predicate = true> <Delay = 0.00>
ST_2 : Operation 64 [1/1] (1.54ns)   --->   "%add_ln703_60 = add i12 %trunc_ln, 224" [firmware/nnet_utils/nnet_dense_resource.h:59]   --->   Operation 64 'add' 'add_ln703_60' <Predicate = true> <Delay = 1.54> <Core = "AddSub">   --->   Core 14 'AddSub' <Latency = 0> <II = 1> <Delay = 1.94> <FuncUnit> <Opcode : 'add' 'sub'> <InPorts = 2> <OutPorts = 1>
ST_2 : Operation 65 [1/1] (0.00ns)   --->   "%zext_ln703 = zext i12 %add_ln703_60 to i15" [firmware/nnet_utils/nnet_dense_resource.h:59]   --->   Operation 65 'zext' 'zext_ln703' <Predicate = true> <Delay = 0.00>
ST_2 : Operation 66 [1/1] (1.81ns)   --->   "%p_Val2_s = add i15 %sext_ln703_40, %zext_ln703" [firmware/nnet_utils/nnet_dense_resource.h:59]   --->   Operation 66 'add' 'p_Val2_s' <Predicate = true> <Delay = 1.81> <Core = "AddSub">   --->   Core 14 'AddSub' <Latency = 0> <II = 1> <Delay = 1.94> <FuncUnit> <Opcode : 'add' 'sub'> <InPorts = 2> <OutPorts = 1>
ST_2 : Operation 67 [1/1] (0.00ns)   --->   "%zext_ln708_11 = zext i13 %lshr_ln708_s to i14" [firmware/nnet_utils/nnet_dense_resource.h:59]   --->   Operation 67 'zext' 'zext_ln708_11' <Predicate = true> <Delay = 0.00>
ST_2 : Operation 68 [1/1] (0.00ns)   --->   "%sext_ln1118_26 = sext i13 %tmp_182 to i14" [firmware/nnet_utils/nnet_mult.h:73->firmware/nnet_utils/nnet_dense_resource.h:59]   --->   Operation 68 'sext' 'sext_ln1118_26' <Predicate = true> <Delay = 0.00>
ST_2 : Operation 69 [1/1] (0.00ns)   --->   "%zext_ln703_19 = zext i12 %tmp_183 to i14" [firmware/nnet_utils/nnet_dense_resource.h:59]   --->   Operation 69 'zext' 'zext_ln703_19' <Predicate = true> <Delay = 0.00>
ST_2 : Operation 70 [1/1] (1.67ns)   --->   "%add_ln703_62 = add i14 %zext_ln703_19, %sext_ln1118_26" [firmware/nnet_utils/nnet_dense_resource.h:59]   --->   Operation 70 'add' 'add_ln703_62' <Predicate = true> <Delay = 1.67> <Core = "AddSub">   --->   Core 14 'AddSub' <Latency = 0> <II = 1> <Delay = 1.94> <FuncUnit> <Opcode : 'add' 'sub'> <InPorts = 2> <OutPorts = 1>
ST_2 : Operation 71 [1/1] (0.00ns)   --->   "%sext_ln703_41 = sext i14 %add_ln703_62 to i15" [firmware/nnet_utils/nnet_dense_resource.h:59]   --->   Operation 71 'sext' 'sext_ln703_41' <Predicate = true> <Delay = 0.00>
ST_2 : Operation 72 [1/1] (1.67ns)   --->   "%add_ln703_63 = add i14 %zext_ln708_11, -96" [firmware/nnet_utils/nnet_dense_resource.h:59]   --->   Operation 72 'add' 'add_ln703_63' <Predicate = true> <Delay = 1.67> <Core = "AddSub">   --->   Core 14 'AddSub' <Latency = 0> <II = 1> <Delay = 1.94> <FuncUnit> <Opcode : 'add' 'sub'> <InPorts = 2> <OutPorts = 1>
ST_2 : Operation 73 [1/1] (0.00ns)   --->   "%sext_ln703_42 = sext i14 %add_ln703_63 to i15" [firmware/nnet_utils/nnet_dense_resource.h:59]   --->   Operation 73 'sext' 'sext_ln703_42' <Predicate = true> <Delay = 0.00>
ST_2 : Operation 74 [1/1] (1.81ns)   --->   "%acc_1_V = add i15 %sext_ln703_41, %sext_ln703_42" [firmware/nnet_utils/nnet_dense_resource.h:59]   --->   Operation 74 'add' 'acc_1_V' <Predicate = true> <Delay = 1.81> <Core = "AddSub">   --->   Core 14 'AddSub' <Latency = 0> <II = 1> <Delay = 1.94> <FuncUnit> <Opcode : 'add' 'sub'> <InPorts = 2> <OutPorts = 1>
ST_2 : Operation 75 [1/1] (0.00ns)   --->   "%sext_ln703_44 = sext i14 %add_ln703_65 to i15" [firmware/nnet_utils/nnet_dense_resource.h:59]   --->   Operation 75 'sext' 'sext_ln703_44' <Predicate = true> <Delay = 0.00>
ST_2 : Operation 76 [1/1] (1.54ns)   --->   "%add_ln703_66 = add i12 %trunc_ln2, 288" [firmware/nnet_utils/nnet_dense_resource.h:59]   --->   Operation 76 'add' 'add_ln703_66' <Predicate = true> <Delay = 1.54> <Core = "AddSub">   --->   Core 14 'AddSub' <Latency = 0> <II = 1> <Delay = 1.94> <FuncUnit> <Opcode : 'add' 'sub'> <InPorts = 2> <OutPorts = 1>
ST_2 : Operation 77 [1/1] (0.00ns)   --->   "%zext_ln703_20 = zext i12 %add_ln703_66 to i15" [firmware/nnet_utils/nnet_dense_resource.h:59]   --->   Operation 77 'zext' 'zext_ln703_20' <Predicate = true> <Delay = 0.00>
ST_2 : Operation 78 [1/1] (1.81ns)   --->   "%acc_2_V = add i15 %sext_ln703_44, %zext_ln703_20" [firmware/nnet_utils/nnet_dense_resource.h:59]   --->   Operation 78 'add' 'acc_2_V' <Predicate = true> <Delay = 1.81> <Core = "AddSub">   --->   Core 14 'AddSub' <Latency = 0> <II = 1> <Delay = 1.94> <FuncUnit> <Opcode : 'add' 'sub'> <InPorts = 2> <OutPorts = 1>
ST_2 : Operation 79 [1/1] (0.00ns)   --->   "%sext_ln703_45 = sext i14 %tmp_188 to i15" [firmware/nnet_utils/nnet_dense_resource.h:59]   --->   Operation 79 'sext' 'sext_ln703_45' <Predicate = true> <Delay = 0.00>
ST_2 : Operation 80 [1/1] (0.00ns)   --->   "%sext_ln703_46 = sext i15 %add_ln703_68 to i16" [firmware/nnet_utils/nnet_dense_resource.h:59]   --->   Operation 80 'sext' 'sext_ln703_46' <Predicate = true> <Delay = 0.00>
ST_2 : Operation 81 [1/1] (1.81ns)   --->   "%add_ln703_69 = add i15 %sext_ln703_45, -192" [firmware/nnet_utils/nnet_dense_resource.h:59]   --->   Operation 81 'add' 'add_ln703_69' <Predicate = true> <Delay = 1.81> <Core = "AddSub">   --->   Core 14 'AddSub' <Latency = 0> <II = 1> <Delay = 1.94> <FuncUnit> <Opcode : 'add' 'sub'> <InPorts = 2> <OutPorts = 1>
ST_2 : Operation 82 [1/1] (0.00ns)   --->   "%sext_ln703_47 = sext i15 %add_ln703_69 to i16" [firmware/nnet_utils/nnet_dense_resource.h:59]   --->   Operation 82 'sext' 'sext_ln703_47' <Predicate = true> <Delay = 0.00>
ST_2 : Operation 83 [1/1] (1.94ns)   --->   "%acc_3_V = add i16 %sext_ln703_46, %sext_ln703_47" [firmware/nnet_utils/nnet_dense_resource.h:59]   --->   Operation 83 'add' 'acc_3_V' <Predicate = true> <Delay = 1.94> <Core = "AddSub">   --->   Core 14 'AddSub' <Latency = 0> <II = 1> <Delay = 1.94> <FuncUnit> <Opcode : 'add' 'sub'> <InPorts = 2> <OutPorts = 1>
ST_2 : Operation 84 [1/1] (0.00ns)   --->   "%tmp_189 = call i16 @_ssdm_op_BitConcatenate.i16.i15.i1(i15 %p_Val2_s, i1 false)" [firmware/nnet_utils/nnet_mult.h:111->firmware/nnet_utils/nnet_dense_resource.h:82]   --->   Operation 84 'bitconcatenate' 'tmp_189' <Predicate = true> <Delay = 0.00>
ST_2 : Operation 85 [1/1] (0.00ns)   --->   "%sext_ln728 = sext i16 %tmp_189 to i17" [firmware/nnet_utils/nnet_mult.h:111->firmware/nnet_utils/nnet_dense_resource.h:82]   --->   Operation 85 'sext' 'sext_ln728' <Predicate = true> <Delay = 0.00>
ST_2 : Operation 86 [1/1] (0.00ns)   --->   "%tmp_190 = call i16 @_ssdm_op_BitConcatenate.i16.i15.i1(i15 %acc_1_V, i1 false)" [firmware/nnet_utils/nnet_mult.h:111->firmware/nnet_utils/nnet_dense_resource.h:82]   --->   Operation 86 'bitconcatenate' 'tmp_190' <Predicate = true> <Delay = 0.00>
ST_2 : Operation 87 [1/1] (0.00ns)   --->   "%sext_ln728_10 = sext i16 %tmp_190 to i17" [firmware/nnet_utils/nnet_mult.h:111->firmware/nnet_utils/nnet_dense_resource.h:82]   --->   Operation 87 'sext' 'sext_ln728_10' <Predicate = true> <Delay = 0.00>
ST_2 : Operation 88 [1/1] (0.00ns)   --->   "%tmp_191 = call i16 @_ssdm_op_BitConcatenate.i16.i15.i1(i15 %acc_2_V, i1 false)" [firmware/nnet_utils/nnet_mult.h:111->firmware/nnet_utils/nnet_dense_resource.h:82]   --->   Operation 88 'bitconcatenate' 'tmp_191' <Predicate = true> <Delay = 0.00>
ST_2 : Operation 89 [1/1] (0.00ns)   --->   "%sext_ln728_11 = sext i16 %tmp_191 to i17" [firmware/nnet_utils/nnet_mult.h:111->firmware/nnet_utils/nnet_dense_resource.h:82]   --->   Operation 89 'sext' 'sext_ln728_11' <Predicate = true> <Delay = 0.00>
ST_2 : Operation 90 [1/1] (0.00ns)   --->   "%res_3_V_write_assign = call i17 @_ssdm_op_BitConcatenate.i17.i16.i1(i16 %acc_3_V, i1 false)" [firmware/nnet_utils/nnet_mult.h:111->firmware/nnet_utils/nnet_dense_resource.h:82]   --->   Operation 90 'bitconcatenate' 'res_3_V_write_assign' <Predicate = true> <Delay = 0.00>
ST_2 : Operation 91 [1/1] (0.00ns)   --->   "%mrv = insertvalue { i17, i17, i17, i17 } undef, i17 %sext_ln728, 0" [firmware/nnet_utils/nnet_dense_resource.h:84]   --->   Operation 91 'insertvalue' 'mrv' <Predicate = true> <Delay = 0.00>
ST_2 : Operation 92 [1/1] (0.00ns)   --->   "%mrv_1 = insertvalue { i17, i17, i17, i17 } %mrv, i17 %sext_ln728_10, 1" [firmware/nnet_utils/nnet_dense_resource.h:84]   --->   Operation 92 'insertvalue' 'mrv_1' <Predicate = true> <Delay = 0.00>
ST_2 : Operation 93 [1/1] (0.00ns)   --->   "%mrv_2 = insertvalue { i17, i17, i17, i17 } %mrv_1, i17 %sext_ln728_11, 2" [firmware/nnet_utils/nnet_dense_resource.h:84]   --->   Operation 93 'insertvalue' 'mrv_2' <Predicate = true> <Delay = 0.00>
ST_2 : Operation 94 [1/1] (0.00ns)   --->   "%mrv_3 = insertvalue { i17, i17, i17, i17 } %mrv_2, i17 %res_3_V_write_assign, 3" [firmware/nnet_utils/nnet_dense_resource.h:84]   --->   Operation 94 'insertvalue' 'mrv_3' <Predicate = true> <Delay = 0.00>
ST_2 : Operation 95 [1/1] (0.00ns)   --->   "ret { i17, i17, i17, i17 } %mrv_3" [firmware/nnet_utils/nnet_dense_resource.h:84]   --->   Operation 95 'ret' <Predicate = true> <Delay = 0.00>


============================================================
+ Verbose Summary: Timing violations
============================================================
Target clock period: 5ns, clock uncertainty: 0.625ns.

 <State 1>: 4.17ns
The critical path consists of the following:
	wire read on port 'p_read2' (firmware/nnet_utils/nnet_dense_resource.h:13) [4]  (0 ns)
	'mul' operation ('mul_ln1118_6', firmware/nnet_utils/nnet_mult.h:73->firmware/nnet_utils/nnet_dense_resource.h:59) [77]  (4.17 ns)

 <State 2>: 3.76ns
The critical path consists of the following:
	'add' operation ('add_ln703_69', firmware/nnet_utils/nnet_dense_resource.h:59) [82]  (1.81 ns)
	'add' operation ('acc[3].V', firmware/nnet_utils/nnet_dense_resource.h:59) [84]  (1.94 ns)


============================================================
+ Verbose Summary: Binding
============================================================
N/A
* FSMD analyzer results:
  - Output states:
 - Input state : 
  - Chain level:
	State 1
	State 2


============================================================
+ Verbose Summary: Datapath Resource usage 
============================================================
N/A
