

================================================================
== Vivado HLS Report for 'dense_resource_rf_leq_nin_ap_ufixed_ap_fixed_19_8_5_3_0_config8_0_0_0_0'
================================================================
* Date:           Wed May 20 11:12:58 2026

* Version:        2020.1 (Build 2897737 on Wed May 27 20:21:37 MDT 2020)
* Project:        myproject_prj
* Solution:       solution1
* Product family: zynq
* Target device:  xc7z020-clg400-1


================================================================
== Performance Estimates
================================================================
+ Timing: 
    * Summary: 
    +--------+---------+----------+------------+
    |  Clock |  Target | Estimated| Uncertainty|
    +--------+---------+----------+------------+
    |ap_clk  | 5.00 ns | 4.170 ns |   0.62 ns  |
    +--------+---------+----------+------------+

+ Latency: 
    * Summary: 
    +---------+---------+-----------+-----------+-----+-----+---------+
    |  Latency (cycles) |   Latency (absolute)  |  Interval | Pipeline|
    |   min   |   max   |    min    |    max    | min | max |   Type  |
    +---------+---------+-----------+-----------+-----+-----+---------+
    |        2|        2| 10.000 ns | 10.000 ns |    2|    2|   none  |
    +---------+---------+-----------+-----------+-----+-----+---------+

    + Detail: 
        * Instance: 
        N/A

        * Loop: 
        N/A

============================================================
+ Verbose Summary: Synthesis Manager
============================================================
InlineROM: 1
ExposeGlobal: 0
============================================================
+ Verbose Summary: CDFG Model
============================================================
IsTopModel: 0
ResetActiveHigh: 1
IsCombinational: 2
IsDatapathOnly: 0
HasWiredReturn: 1
HasMFsm: 0
HasVarLatency: 1
IsPipeline: 0
IsRtlPipelined: 0
IsInstanceOverlapped: 0
IsDontTouch: 0
HasImplIP: 0
IsGatedGlobalClock: 0


============================================================
+ Verbose Summary: Schedule
============================================================
* Number of FSM states : 3
* Pipeline : 0
* Dataflow Pipeline: 0

* FSM state transitions: 
1 --> 2 
2 --> 3 
3 --> 

* FSM state operations: 

State 1 <SV = 0> <Delay = 4.17>
ST_1 : Operation 4 [1/1] (0.00ns)   --->   "%p_read_3 = call i8 @_ssdm_op_Read.ap_auto.i8(i8 %p_read1)" [firmware/nnet_utils/nnet_dense_resource.h:13]   --->   Operation 4 'read' 'p_read_3' <Predicate = true> <Delay = 0.00>
ST_1 : Operation 5 [1/1] (0.00ns)   --->   "%zext_ln708_2 = zext i8 %p_read_3 to i14" [firmware/nnet_utils/nnet_dense_resource.h:59]   --->   Operation 5 'zext' 'zext_ln708_2' <Predicate = true> <Delay = 0.00>
ST_1 : Operation 6 [1/1] (4.17ns)   --->   "%mul_ln708_1 = mul i14 %zext_ln708_2, 38" [firmware/nnet_utils/nnet_dense_resource.h:59]   --->   Operation 6 'mul' 'mul_ln708_1' <Predicate = true> <Delay = 4.17> <Core = "Mul">   --->   Core 16 'Mul' <Latency = 0> <II = 1> <Delay = 4.17> <FuncUnit> <Opcode : 'mul'> <InPorts = 2> <OutPorts = 1>
ST_1 : Operation 7 [1/1] (0.00ns)   --->   "%trunc_ln = call i13 @_ssdm_op_PartSelect.i13.i14.i32.i32(i14 %mul_ln708_1, i32 1, i32 13)" [firmware/nnet_utils/nnet_mult.h:73->firmware/nnet_utils/nnet_dense_resource.h:59]   --->   Operation 7 'partselect' 'trunc_ln' <Predicate = true> <Delay = 0.00>

State 2 <SV = 1> <Delay = 4.17>
ST_2 : Operation 8 [1/1] (0.00ns)   --->   "%p_read_1 = call i8 @_ssdm_op_Read.ap_auto.i8(i8 %p_read3)" [firmware/nnet_utils/nnet_dense_resource.h:13]   --->   Operation 8 'read' 'p_read_1' <Predicate = true> <Delay = 0.00>
ST_2 : Operation 9 [1/1] (0.00ns)   --->   "%p_read_2 = call i8 @_ssdm_op_Read.ap_auto.i8(i8 %p_read2)" [firmware/nnet_utils/nnet_dense_resource.h:13]   --->   Operation 9 'read' 'p_read_2' <Predicate = true> <Delay = 0.00>
ST_2 : Operation 10 [1/1] (0.00ns)   --->   "%p_read_4 = call i8 @_ssdm_op_Read.ap_auto.i8(i8 %p_read)" [firmware/nnet_utils/nnet_dense_resource.h:13]   --->   Operation 10 'read' 'p_read_4' <Predicate = true> <Delay = 0.00>
ST_2 : Operation 11 [1/1] (0.00ns)   --->   "%zext_ln708 = zext i8 %p_read_4 to i13" [firmware/nnet_utils/nnet_dense_resource.h:59]   --->   Operation 11 'zext' 'zext_ln708' <Predicate = true> <Delay = 0.00>
ST_2 : Operation 12 [1/1] (0.00ns)   --->   "%zext_ln708_1 = zext i8 %p_read_4 to i14" [firmware/nnet_utils/nnet_dense_resource.h:59]   --->   Operation 12 'zext' 'zext_ln708_1' <Predicate = true> <Delay = 0.00>
ST_2 : Operation 13 [1/1] (0.00ns)   --->   "%tmp = call i7 @_ssdm_op_PartSelect.i7.i8.i32.i32(i8 %p_read_4, i32 1, i32 7)" [firmware/nnet_utils/nnet_mult.h:73->firmware/nnet_utils/nnet_dense_resource.h:59]   --->   Operation 13 'partselect' 'tmp' <Predicate = true> <Delay = 0.00>
ST_2 : Operation 14 [1/1] (0.00ns)   --->   "%zext_ln1118_9 = zext i7 %tmp to i11" [firmware/nnet_utils/nnet_mult.h:73->firmware/nnet_utils/nnet_dense_resource.h:59]   --->   Operation 14 'zext' 'zext_ln1118_9' <Predicate = true> <Delay = 0.00>
ST_2 : Operation 15 [1/1] (0.00ns)   --->   "%shl_ln = call i10 @_ssdm_op_BitConcatenate.i10.i8.i2(i8 %p_read_3, i2 0)" [firmware/nnet_utils/nnet_mult.h:73->firmware/nnet_utils/nnet_dense_resource.h:59]   --->   Operation 15 'bitconcatenate' 'shl_ln' <Predicate = true> <Delay = 0.00>
ST_2 : Operation 16 [1/1] (0.00ns)   --->   "%zext_ln1118 = zext i10 %shl_ln to i11" [firmware/nnet_utils/nnet_mult.h:73->firmware/nnet_utils/nnet_dense_resource.h:59]   --->   Operation 16 'zext' 'zext_ln1118' <Predicate = true> <Delay = 0.00>
ST_2 : Operation 17 [1/1] (1.73ns)   --->   "%sub_ln1118 = sub i11 0, %zext_ln1118" [firmware/nnet_utils/nnet_mult.h:73->firmware/nnet_utils/nnet_dense_resource.h:59]   --->   Operation 17 'sub' 'sub_ln1118' <Predicate = true> <Delay = 1.73> <Core = "AddSub">   --->   Core 14 'AddSub' <Latency = 0> <II = 1> <Delay = 1.94> <FuncUnit> <Opcode : 'add' 'sub'> <InPorts = 2> <OutPorts = 1>
ST_2 : Operation 18 [1/1] (0.00ns)   --->   "%tmp_123 = call i10 @_ssdm_op_PartSelect.i10.i11.i32.i32(i11 %sub_ln1118, i32 1, i32 10)" [firmware/nnet_utils/nnet_mult.h:73->firmware/nnet_utils/nnet_dense_resource.h:59]   --->   Operation 18 'partselect' 'tmp_123' <Predicate = true> <Delay = 0.00>
ST_2 : Operation 19 [1/1] (0.00ns)   --->   "%sext_ln1118 = sext i10 %tmp_123 to i11" [firmware/nnet_utils/nnet_mult.h:73->firmware/nnet_utils/nnet_dense_resource.h:59]   --->   Operation 19 'sext' 'sext_ln1118' <Predicate = true> <Delay = 0.00>
ST_2 : Operation 20 [1/1] (0.00ns)   --->   "%shl_ln1118_s = call i13 @_ssdm_op_BitConcatenate.i13.i8.i5(i8 %p_read_2, i5 0)" [firmware/nnet_utils/nnet_mult.h:73->firmware/nnet_utils/nnet_dense_resource.h:59]   --->   Operation 20 'bitconcatenate' 'shl_ln1118_s' <Predicate = true> <Delay = 0.00>
ST_2 : Operation 21 [1/1] (0.00ns)   --->   "%zext_ln1118_1 = zext i13 %shl_ln1118_s to i14" [firmware/nnet_utils/nnet_mult.h:73->firmware/nnet_utils/nnet_dense_resource.h:59]   --->   Operation 21 'zext' 'zext_ln1118_1' <Predicate = true> <Delay = 0.00>
ST_2 : Operation 22 [1/1] (0.00ns)   --->   "%shl_ln1118_1 = call i9 @_ssdm_op_BitConcatenate.i9.i8.i1(i8 %p_read_2, i1 false)" [firmware/nnet_utils/nnet_mult.h:73->firmware/nnet_utils/nnet_dense_resource.h:59]   --->   Operation 22 'bitconcatenate' 'shl_ln1118_1' <Predicate = true> <Delay = 0.00>
ST_2 : Operation 23 [1/1] (0.00ns)   --->   "%zext_ln1118_2 = zext i9 %shl_ln1118_1 to i14" [firmware/nnet_utils/nnet_mult.h:73->firmware/nnet_utils/nnet_dense_resource.h:59]   --->   Operation 23 'zext' 'zext_ln1118_2' <Predicate = true> <Delay = 0.00>
ST_2 : Operation 24 [1/1] (1.67ns)   --->   "%sub_ln1118_1 = sub i14 %zext_ln1118_1, %zext_ln1118_2" [firmware/nnet_utils/nnet_mult.h:73->firmware/nnet_utils/nnet_dense_resource.h:59]   --->   Operation 24 'sub' 'sub_ln1118_1' <Predicate = true> <Delay = 1.67> <Core = "AddSub">   --->   Core 14 'AddSub' <Latency = 0> <II = 1> <Delay = 1.94> <FuncUnit> <Opcode : 'add' 'sub'> <InPorts = 2> <OutPorts = 1>
ST_2 : Operation 25 [1/1] (0.00ns)   --->   "%tmp_124 = call i13 @_ssdm_op_PartSelect.i13.i14.i32.i32(i14 %sub_ln1118_1, i32 1, i32 13)" [firmware/nnet_utils/nnet_mult.h:73->firmware/nnet_utils/nnet_dense_resource.h:59]   --->   Operation 25 'partselect' 'tmp_124' <Predicate = true> <Delay = 0.00>
ST_2 : Operation 26 [1/1] (0.00ns)   --->   "%sext_ln1118_1 = sext i13 %tmp_124 to i14" [firmware/nnet_utils/nnet_mult.h:73->firmware/nnet_utils/nnet_dense_resource.h:59]   --->   Operation 26 'sext' 'sext_ln1118_1' <Predicate = true> <Delay = 0.00>
ST_2 : Operation 27 [1/1] (0.00ns)   --->   "%zext_ln1118_3 = zext i8 %p_read_1 to i15" [firmware/nnet_utils/nnet_mult.h:73->firmware/nnet_utils/nnet_dense_resource.h:59]   --->   Operation 27 'zext' 'zext_ln1118_3' <Predicate = true> <Delay = 0.00>
ST_2 : Operation 28 [1/1] (0.00ns)   --->   "%zext_ln1118_4 = zext i8 %p_read_1 to i14" [firmware/nnet_utils/nnet_mult.h:73->firmware/nnet_utils/nnet_dense_resource.h:59]   --->   Operation 28 'zext' 'zext_ln1118_4' <Predicate = true> <Delay = 0.00>
ST_2 : Operation 29 [1/1] (0.00ns)   --->   "%shl_ln1 = call i12 @_ssdm_op_BitConcatenate.i12.i8.i4(i8 %p_read_1, i4 0)" [firmware/nnet_utils/nnet_dense_resource.h:59]   --->   Operation 29 'bitconcatenate' 'shl_ln1' <Predicate = true> <Delay = 0.00>
ST_2 : Operation 30 [1/1] (0.00ns)   --->   "%zext_ln703 = zext i12 %shl_ln1 to i14" [firmware/nnet_utils/nnet_dense_resource.h:59]   --->   Operation 30 'zext' 'zext_ln703' <Predicate = true> <Delay = 0.00>
ST_2 : Operation 31 [1/1] (1.73ns)   --->   "%add_ln703 = add i11 %sext_ln1118, %zext_ln1118_9" [firmware/nnet_utils/nnet_dense_resource.h:59]   --->   Operation 31 'add' 'add_ln703' <Predicate = true> <Delay = 1.73> <Core = "AddSub">   --->   Core 14 'AddSub' <Latency = 0> <II = 1> <Delay = 1.94> <FuncUnit> <Opcode : 'add' 'sub'> <InPorts = 2> <OutPorts = 1>
ST_2 : Operation 32 [1/1] (1.67ns)   --->   "%add_ln703_1 = add i14 %sext_ln1118_1, %zext_ln703" [firmware/nnet_utils/nnet_dense_resource.h:59]   --->   Operation 32 'add' 'add_ln703_1' <Predicate = true> <Delay = 1.67> <Core = "AddSub">   --->   Core 14 'AddSub' <Latency = 0> <II = 1> <Delay = 1.94> <FuncUnit> <Opcode : 'add' 'sub'> <InPorts = 2> <OutPorts = 1>
ST_2 : Operation 33 [1/1] (4.17ns)   --->   "%mul_ln1118 = mul i14 %zext_ln708_1, -29" [firmware/nnet_utils/nnet_mult.h:73->firmware/nnet_utils/nnet_dense_resource.h:59]   --->   Operation 33 'mul' 'mul_ln1118' <Predicate = true> <Delay = 4.17> <Core = "Mul">   --->   Core 16 'Mul' <Latency = 0> <II = 1> <Delay = 4.17> <FuncUnit> <Opcode : 'mul'> <InPorts = 2> <OutPorts = 1>
ST_2 : Operation 34 [1/1] (0.00ns)   --->   "%tmp_125 = call i13 @_ssdm_op_PartSelect.i13.i14.i32.i32(i14 %mul_ln1118, i32 1, i32 13)" [firmware/nnet_utils/nnet_dense_resource.h:59]   --->   Operation 34 'partselect' 'tmp_125' <Predicate = true> <Delay = 0.00>
ST_2 : Operation 35 [1/1] (0.00ns)   --->   "%zext_ln708_3 = zext i8 %p_read_3 to i12" [firmware/nnet_utils/nnet_dense_resource.h:59]   --->   Operation 35 'zext' 'zext_ln708_3' <Predicate = true> <Delay = 0.00>
ST_2 : Operation 36 [1/1] (4.17ns)   --->   "%mul_ln708 = mul i12 %zext_ln708_3, 11" [firmware/nnet_utils/nnet_dense_resource.h:59]   --->   Operation 36 'mul' 'mul_ln708' <Predicate = true> <Delay = 4.17> <Core = "Mul">   --->   Core 16 'Mul' <Latency = 0> <II = 1> <Delay = 4.17> <FuncUnit> <Opcode : 'mul'> <InPorts = 2> <OutPorts = 1>
ST_2 : Operation 37 [1/1] (0.00ns)   --->   "%lshr_ln708_s = call i11 @_ssdm_op_PartSelect.i11.i12.i32.i32(i12 %mul_ln708, i32 1, i32 11)" [firmware/nnet_utils/nnet_dense_resource.h:59]   --->   Operation 37 'partselect' 'lshr_ln708_s' <Predicate = true> <Delay = 0.00>
ST_2 : Operation 38 [1/1] (0.00ns)   --->   "%shl_ln708_s = call i11 @_ssdm_op_BitConcatenate.i11.i8.i3(i8 %p_read_2, i3 0)" [firmware/nnet_utils/nnet_dense_resource.h:59]   --->   Operation 38 'bitconcatenate' 'shl_ln708_s' <Predicate = true> <Delay = 0.00>
ST_2 : Operation 39 [1/1] (0.00ns)   --->   "%zext_ln1118_6 = zext i11 %shl_ln708_s to i12" [firmware/nnet_utils/nnet_mult.h:73->firmware/nnet_utils/nnet_dense_resource.h:59]   --->   Operation 39 'zext' 'zext_ln1118_6' <Predicate = true> <Delay = 0.00>
ST_2 : Operation 40 [1/1] (4.17ns)   --->   "%mul_ln1118_1 = mul i14 %zext_ln1118_4, -21" [firmware/nnet_utils/nnet_mult.h:73->firmware/nnet_utils/nnet_dense_resource.h:59]   --->   Operation 40 'mul' 'mul_ln1118_1' <Predicate = true> <Delay = 4.17> <Core = "Mul">   --->   Core 16 'Mul' <Latency = 0> <II = 1> <Delay = 4.17> <FuncUnit> <Opcode : 'mul'> <InPorts = 2> <OutPorts = 1>
ST_2 : Operation 41 [1/1] (0.00ns)   --->   "%tmp_126 = call i13 @_ssdm_op_PartSelect.i13.i14.i32.i32(i14 %mul_ln1118_1, i32 1, i32 13)" [firmware/nnet_utils/nnet_dense_resource.h:59]   --->   Operation 41 'partselect' 'tmp_126' <Predicate = true> <Delay = 0.00>
ST_2 : Operation 42 [1/1] (1.63ns)   --->   "%add_ln703_4 = add i12 %zext_ln1118_6, -128" [firmware/nnet_utils/nnet_dense_resource.h:59]   --->   Operation 42 'add' 'add_ln703_4' <Predicate = true> <Delay = 1.63> <Core = "AddSub">   --->   Core 14 'AddSub' <Latency = 0> <II = 1> <Delay = 1.94> <FuncUnit> <Opcode : 'add' 'sub'> <InPorts = 2> <OutPorts = 1>
ST_2 : Operation 43 [1/1] (0.00ns)   --->   "%shl_ln1118_2 = call i12 @_ssdm_op_BitConcatenate.i12.i8.i4(i8 %p_read_4, i4 0)" [firmware/nnet_utils/nnet_mult.h:73->firmware/nnet_utils/nnet_dense_resource.h:59]   --->   Operation 43 'bitconcatenate' 'shl_ln1118_2' <Predicate = true> <Delay = 0.00>
ST_2 : Operation 44 [1/1] (0.00ns)   --->   "%zext_ln1118_7 = zext i12 %shl_ln1118_2 to i13" [firmware/nnet_utils/nnet_mult.h:73->firmware/nnet_utils/nnet_dense_resource.h:59]   --->   Operation 44 'zext' 'zext_ln1118_7' <Predicate = true> <Delay = 0.00>
ST_2 : Operation 45 [1/1] (1.54ns)   --->   "%add_ln1118 = add i13 %zext_ln1118_7, %zext_ln708" [firmware/nnet_utils/nnet_mult.h:73->firmware/nnet_utils/nnet_dense_resource.h:59]   --->   Operation 45 'add' 'add_ln1118' <Predicate = true> <Delay = 1.54> <Core = "AddSub">   --->   Core 14 'AddSub' <Latency = 0> <II = 1> <Delay = 1.94> <FuncUnit> <Opcode : 'add' 'sub'> <InPorts = 2> <OutPorts = 1>
ST_2 : Operation 46 [1/1] (0.00ns)   --->   "%tmp_127 = call i12 @_ssdm_op_PartSelect.i12.i13.i32.i32(i13 %add_ln1118, i32 1, i32 12)" [firmware/nnet_utils/nnet_dense_resource.h:59]   --->   Operation 46 'partselect' 'tmp_127' <Predicate = true> <Delay = 0.00>
ST_2 : Operation 47 [1/1] (0.00ns)   --->   "%zext_ln708_4 = zext i12 %tmp_127 to i14" [firmware/nnet_utils/nnet_dense_resource.h:59]   --->   Operation 47 'zext' 'zext_ln708_4' <Predicate = true> <Delay = 0.00>
ST_2 : Operation 48 [1/1] (0.00ns)   --->   "%shl_ln1118_3 = call i10 @_ssdm_op_BitConcatenate.i10.i8.i2(i8 %p_read_2, i2 0)" [firmware/nnet_utils/nnet_mult.h:73->firmware/nnet_utils/nnet_dense_resource.h:59]   --->   Operation 48 'bitconcatenate' 'shl_ln1118_3' <Predicate = true> <Delay = 0.00>
ST_2 : Operation 49 [1/1] (0.00ns)   --->   "%zext_ln1118_8 = zext i10 %shl_ln1118_3 to i14" [firmware/nnet_utils/nnet_mult.h:73->firmware/nnet_utils/nnet_dense_resource.h:59]   --->   Operation 49 'zext' 'zext_ln1118_8' <Predicate = true> <Delay = 0.00>
ST_2 : Operation 50 [1/1] (1.67ns)   --->   "%sub_ln1118_2 = sub i14 %zext_ln1118_8, %zext_ln1118_1" [firmware/nnet_utils/nnet_mult.h:73->firmware/nnet_utils/nnet_dense_resource.h:59]   --->   Operation 50 'sub' 'sub_ln1118_2' <Predicate = true> <Delay = 1.67> <Core = "AddSub">   --->   Core 14 'AddSub' <Latency = 0> <II = 1> <Delay = 1.94> <FuncUnit> <Opcode : 'add' 'sub'> <InPorts = 2> <OutPorts = 1>
ST_2 : Operation 51 [1/1] (0.00ns)   --->   "%tmp_128 = call i13 @_ssdm_op_PartSelect.i13.i14.i32.i32(i14 %sub_ln1118_2, i32 1, i32 13)" [firmware/nnet_utils/nnet_mult.h:73->firmware/nnet_utils/nnet_dense_resource.h:59]   --->   Operation 51 'partselect' 'tmp_128' <Predicate = true> <Delay = 0.00>
ST_2 : Operation 52 [1/1] (0.00ns)   --->   "%sext_ln1118_2 = sext i13 %tmp_128 to i14" [firmware/nnet_utils/nnet_mult.h:73->firmware/nnet_utils/nnet_dense_resource.h:59]   --->   Operation 52 'sext' 'sext_ln1118_2' <Predicate = true> <Delay = 0.00>
ST_2 : Operation 53 [1/1] (4.17ns)   --->   "%mul_ln1118_2 = mul i15 %zext_ln1118_3, -46" [firmware/nnet_utils/nnet_mult.h:73->firmware/nnet_utils/nnet_dense_resource.h:59]   --->   Operation 53 'mul' 'mul_ln1118_2' <Predicate = true> <Delay = 4.17> <Core = "Mul">   --->   Core 16 'Mul' <Latency = 0> <II = 1> <Delay = 4.17> <FuncUnit> <Opcode : 'mul'> <InPorts = 2> <OutPorts = 1>
ST_2 : Operation 54 [1/1] (0.00ns)   --->   "%tmp_129 = call i14 @_ssdm_op_PartSelect.i14.i15.i32.i32(i15 %mul_ln1118_2, i32 1, i32 14)" [firmware/nnet_utils/nnet_dense_resource.h:59]   --->   Operation 54 'partselect' 'tmp_129' <Predicate = true> <Delay = 0.00>
ST_2 : Operation 55 [1/1] (1.67ns)   --->   "%add_ln703_7 = add i14 %zext_ln708_4, %sext_ln1118_2" [firmware/nnet_utils/nnet_dense_resource.h:59]   --->   Operation 55 'add' 'add_ln703_7' <Predicate = true> <Delay = 1.67> <Core = "AddSub">   --->   Core 14 'AddSub' <Latency = 0> <II = 1> <Delay = 1.94> <FuncUnit> <Opcode : 'add' 'sub'> <InPorts = 2> <OutPorts = 1>
ST_2 : Operation 56 [1/1] (1.67ns)   --->   "%add_ln703_8 = add i13 %trunc_ln, 160" [firmware/nnet_utils/nnet_dense_resource.h:59]   --->   Operation 56 'add' 'add_ln703_8' <Predicate = true> <Delay = 1.67> <Core = "AddSub">   --->   Core 14 'AddSub' <Latency = 0> <II = 1> <Delay = 1.94> <FuncUnit> <Opcode : 'add' 'sub'> <InPorts = 2> <OutPorts = 1>

State 3 <SV = 2> <Delay = 3.75>
ST_3 : Operation 57 [1/1] (0.00ns)   --->   "%sext_ln703_1 = sext i11 %add_ln703 to i15" [firmware/nnet_utils/nnet_dense_resource.h:59]   --->   Operation 57 'sext' 'sext_ln703_1' <Predicate = true> <Delay = 0.00>
ST_3 : Operation 58 [1/1] (0.00ns)   --->   "%sext_ln703_2 = sext i14 %add_ln703_1 to i15" [firmware/nnet_utils/nnet_dense_resource.h:59]   --->   Operation 58 'sext' 'sext_ln703_2' <Predicate = true> <Delay = 0.00>
ST_3 : Operation 59 [1/1] (1.81ns)   --->   "%p_Val2_s = add i15 %sext_ln703_2, %sext_ln703_1" [firmware/nnet_utils/nnet_dense_resource.h:59]   --->   Operation 59 'add' 'p_Val2_s' <Predicate = true> <Delay = 1.81> <Core = "AddSub">   --->   Core 14 'AddSub' <Latency = 0> <II = 1> <Delay = 1.94> <FuncUnit> <Opcode : 'add' 'sub'> <InPorts = 2> <OutPorts = 1>
ST_3 : Operation 60 [1/1] (0.00ns)   --->   "%sext_ln708 = sext i13 %tmp_125 to i14" [firmware/nnet_utils/nnet_dense_resource.h:59]   --->   Operation 60 'sext' 'sext_ln708' <Predicate = true> <Delay = 0.00>
ST_3 : Operation 61 [1/1] (0.00ns)   --->   "%zext_ln1118_5 = zext i11 %lshr_ln708_s to i13" [firmware/nnet_utils/nnet_mult.h:73->firmware/nnet_utils/nnet_dense_resource.h:59]   --->   Operation 61 'zext' 'zext_ln1118_5' <Predicate = true> <Delay = 0.00>
ST_3 : Operation 62 [1/1] (0.00ns)   --->   "%sext_ln703_3 = sext i13 %tmp_126 to i14" [firmware/nnet_utils/nnet_dense_resource.h:59]   --->   Operation 62 'sext' 'sext_ln703_3' <Predicate = true> <Delay = 0.00>
ST_3 : Operation 63 [1/1] (1.67ns)   --->   "%add_ln703_3 = add i14 %sext_ln708, %sext_ln703_3" [firmware/nnet_utils/nnet_dense_resource.h:59]   --->   Operation 63 'add' 'add_ln703_3' <Predicate = true> <Delay = 1.67> <Core = "AddSub">   --->   Core 14 'AddSub' <Latency = 0> <II = 1> <Delay = 1.94> <FuncUnit> <Opcode : 'add' 'sub'> <InPorts = 2> <OutPorts = 1>
ST_3 : Operation 64 [1/1] (0.00ns)   --->   "%sext_ln703_4 = sext i14 %add_ln703_3 to i15" [firmware/nnet_utils/nnet_dense_resource.h:59]   --->   Operation 64 'sext' 'sext_ln703_4' <Predicate = true> <Delay = 0.00>
ST_3 : Operation 65 [1/1] (0.00ns)   --->   "%sext_ln703 = sext i12 %add_ln703_4 to i13" [firmware/nnet_utils/nnet_dense_resource.h:59]   --->   Operation 65 'sext' 'sext_ln703' <Predicate = true> <Delay = 0.00>
ST_3 : Operation 66 [1/1] (1.54ns)   --->   "%add_ln703_5 = add i13 %sext_ln703, %zext_ln1118_5" [firmware/nnet_utils/nnet_dense_resource.h:59]   --->   Operation 66 'add' 'add_ln703_5' <Predicate = true> <Delay = 1.54> <Core = "AddSub">   --->   Core 14 'AddSub' <Latency = 0> <II = 1> <Delay = 1.94> <FuncUnit> <Opcode : 'add' 'sub'> <InPorts = 2> <OutPorts = 1>
ST_3 : Operation 67 [1/1] (0.00ns)   --->   "%sext_ln703_5 = sext i13 %add_ln703_5 to i15" [firmware/nnet_utils/nnet_dense_resource.h:59]   --->   Operation 67 'sext' 'sext_ln703_5' <Predicate = true> <Delay = 0.00>
ST_3 : Operation 68 [1/1] (1.81ns)   --->   "%acc_1_V = add i15 %sext_ln703_5, %sext_ln703_4" [firmware/nnet_utils/nnet_dense_resource.h:59]   --->   Operation 68 'add' 'acc_1_V' <Predicate = true> <Delay = 1.81> <Core = "AddSub">   --->   Core 14 'AddSub' <Latency = 0> <II = 1> <Delay = 1.94> <FuncUnit> <Opcode : 'add' 'sub'> <InPorts = 2> <OutPorts = 1>
ST_3 : Operation 69 [1/1] (0.00ns)   --->   "%sext_ln703_6 = sext i14 %tmp_129 to i15" [firmware/nnet_utils/nnet_dense_resource.h:59]   --->   Operation 69 'sext' 'sext_ln703_6' <Predicate = true> <Delay = 0.00>
ST_3 : Operation 70 [1/1] (0.00ns)   --->   "%sext_ln703_7 = sext i14 %add_ln703_7 to i16" [firmware/nnet_utils/nnet_dense_resource.h:59]   --->   Operation 70 'sext' 'sext_ln703_7' <Predicate = true> <Delay = 0.00>
ST_3 : Operation 71 [1/1] (0.00ns)   --->   "%zext_ln703_1 = zext i13 %add_ln703_8 to i15" [firmware/nnet_utils/nnet_dense_resource.h:59]   --->   Operation 71 'zext' 'zext_ln703_1' <Predicate = true> <Delay = 0.00>
ST_3 : Operation 72 [1/1] (1.81ns)   --->   "%add_ln703_9 = add i15 %zext_ln703_1, %sext_ln703_6" [firmware/nnet_utils/nnet_dense_resource.h:59]   --->   Operation 72 'add' 'add_ln703_9' <Predicate = true> <Delay = 1.81> <Core = "AddSub">   --->   Core 14 'AddSub' <Latency = 0> <II = 1> <Delay = 1.94> <FuncUnit> <Opcode : 'add' 'sub'> <InPorts = 2> <OutPorts = 1>
ST_3 : Operation 73 [1/1] (0.00ns)   --->   "%sext_ln703_8 = sext i15 %add_ln703_9 to i16" [firmware/nnet_utils/nnet_dense_resource.h:59]   --->   Operation 73 'sext' 'sext_ln703_8' <Predicate = true> <Delay = 0.00>
ST_3 : Operation 74 [1/1] (1.94ns)   --->   "%acc_2_V = add i16 %sext_ln703_8, %sext_ln703_7" [firmware/nnet_utils/nnet_dense_resource.h:59]   --->   Operation 74 'add' 'acc_2_V' <Predicate = true> <Delay = 1.94> <Core = "AddSub">   --->   Core 14 'AddSub' <Latency = 0> <II = 1> <Delay = 1.94> <FuncUnit> <Opcode : 'add' 'sub'> <InPorts = 2> <OutPorts = 1>
ST_3 : Operation 75 [1/1] (0.00ns)   --->   "%tmp_130 = call i16 @_ssdm_op_BitConcatenate.i16.i15.i1(i15 %p_Val2_s, i1 false)" [firmware/nnet_utils/nnet_mult.h:111->firmware/nnet_utils/nnet_dense_resource.h:82]   --->   Operation 75 'bitconcatenate' 'tmp_130' <Predicate = true> <Delay = 0.00>
ST_3 : Operation 76 [1/1] (0.00ns)   --->   "%sext_ln728 = sext i16 %tmp_130 to i17" [firmware/nnet_utils/nnet_mult.h:111->firmware/nnet_utils/nnet_dense_resource.h:82]   --->   Operation 76 'sext' 'sext_ln728' <Predicate = true> <Delay = 0.00>
ST_3 : Operation 77 [1/1] (0.00ns)   --->   "%tmp_131 = call i16 @_ssdm_op_BitConcatenate.i16.i15.i1(i15 %acc_1_V, i1 false)" [firmware/nnet_utils/nnet_mult.h:111->firmware/nnet_utils/nnet_dense_resource.h:82]   --->   Operation 77 'bitconcatenate' 'tmp_131' <Predicate = true> <Delay = 0.00>
ST_3 : Operation 78 [1/1] (0.00ns)   --->   "%sext_ln728_1 = sext i16 %tmp_131 to i17" [firmware/nnet_utils/nnet_mult.h:111->firmware/nnet_utils/nnet_dense_resource.h:82]   --->   Operation 78 'sext' 'sext_ln728_1' <Predicate = true> <Delay = 0.00>
ST_3 : Operation 79 [1/1] (0.00ns)   --->   "%res_2_V_write_assign = call i17 @_ssdm_op_BitConcatenate.i17.i16.i1(i16 %acc_2_V, i1 false)" [firmware/nnet_utils/nnet_mult.h:111->firmware/nnet_utils/nnet_dense_resource.h:82]   --->   Operation 79 'bitconcatenate' 'res_2_V_write_assign' <Predicate = true> <Delay = 0.00>
ST_3 : Operation 80 [1/1] (0.00ns)   --->   "%mrv = insertvalue { i17, i17, i17 } undef, i17 %sext_ln728, 0" [firmware/nnet_utils/nnet_dense_resource.h:84]   --->   Operation 80 'insertvalue' 'mrv' <Predicate = true> <Delay = 0.00>
ST_3 : Operation 81 [1/1] (0.00ns)   --->   "%mrv_1 = insertvalue { i17, i17, i17 } %mrv, i17 %sext_ln728_1, 1" [firmware/nnet_utils/nnet_dense_resource.h:84]   --->   Operation 81 'insertvalue' 'mrv_1' <Predicate = true> <Delay = 0.00>
ST_3 : Operation 82 [1/1] (0.00ns)   --->   "%mrv_2 = insertvalue { i17, i17, i17 } %mrv_1, i17 %res_2_V_write_assign, 2" [firmware/nnet_utils/nnet_dense_resource.h:84]   --->   Operation 82 'insertvalue' 'mrv_2' <Predicate = true> <Delay = 0.00>
ST_3 : Operation 83 [1/1] (0.00ns)   --->   "ret { i17, i17, i17 } %mrv_2" [firmware/nnet_utils/nnet_dense_resource.h:84]   --->   Operation 83 'ret' <Predicate = true> <Delay = 0.00>


============================================================
+ Verbose Summary: Timing violations
============================================================
Target clock period: 5ns, clock uncertainty: 0.625ns.

 <State 1>: 4.17ns
The critical path consists of the following:
	wire read on port 'p_read1' (firmware/nnet_utils/nnet_dense_resource.h:13) [7]  (0 ns)
	'mul' operation ('mul_ln708_1', firmware/nnet_utils/nnet_dense_resource.h:59) [59]  (4.17 ns)

 <State 2>: 4.17ns
The critical path consists of the following:
	wire read on port 'p_read3' (firmware/nnet_utils/nnet_dense_resource.h:13) [5]  (0 ns)
	'mul' operation ('mul_ln1118_1', firmware/nnet_utils/nnet_mult.h:73->firmware/nnet_utils/nnet_dense_resource.h:59) [44]  (4.17 ns)

 <State 3>: 3.76ns
The critical path consists of the following:
	'add' operation ('add_ln703_9', firmware/nnet_utils/nnet_dense_resource.h:59) [73]  (1.81 ns)
	'add' operation ('acc[2].V', firmware/nnet_utils/nnet_dense_resource.h:59) [75]  (1.94 ns)


============================================================
+ Verbose Summary: Binding
============================================================
N/A
* FSMD analyzer results:
  - Output states:
 - Input state : 
  - Chain level:
	State 1
	State 2
	State 3


============================================================
+ Verbose Summary: Datapath Resource usage 
============================================================
N/A
