

================================================================
== Vivado HLS Report for 'dense_resource_rf_gt_nin_rem0_ap_fixed_ap_fixed_config2_1_0_0_0_0_0_0_0_0_0'
================================================================
* Date:           Thu May 21 12:28:25 2026

* Version:        2020.1 (Build 2897737 on Wed May 27 20:21:37 MDT 2020)
* Project:        myproject_prj
* Solution:       solution1
* Product family: zynq
* Target device:  xc7z020-clg400-1


================================================================
== Performance Estimates
================================================================
+ Timing: 
    * Summary: 
    +--------+---------+----------+------------+
    |  Clock |  Target | Estimated| Uncertainty|
    +--------+---------+----------+------------+
    |ap_clk  | 5.00 ns | 6.325 ns |   0.62 ns  |
    +--------+---------+----------+------------+

+ Latency: 
    * Summary: 
    +---------+---------+----------+----------+-----+-----+---------------------------------------------+
    |  Latency (cycles) |  Latency (absolute) |  Interval |                   Pipeline                  |
    |   min   |   max   |    min   |    max   | min | max |                     Type                    |
    +---------+---------+----------+----------+-----+-----+---------------------------------------------+
    |       68|       69| 0.430 us | 0.436 us |   56|   56| loop rewind(delay=0 initiation interval(s)) |
    +---------+---------+----------+----------+-----+-----+---------------------------------------------+

    + Detail: 
        * Instance: 
        N/A

        * Loop: 
        +-------------+---------+---------+----------+-----------+-----------+------+----------+
        |             |  Latency (cycles) | Iteration|  Initiation Interval  | Trip |          |
        |  Loop Name  |   min   |   max   |  Latency |  achieved |   target  | Count| Pipelined|
        +-------------+---------+---------+----------+-----------+-----------+------+----------+
        |- ReuseLoop  |       68|       68|        14|          1|          1|    56|    yes   |
        +-------------+---------+---------+----------+-----------+-----------+------+----------+



================================================================
== Utilization Estimates
================================================================
* Summary: 
+-----------------+---------+-------+--------+-------+-----+
|       Name      | BRAM_18K| DSP48E|   FF   |  LUT  | URAM|
+-----------------+---------+-------+--------+-------+-----+
|DSP              |        -|      2|       -|      -|    -|
|Expression       |        -|      -|       0|   1539|    -|
|FIFO             |        -|      -|       -|      -|    -|
|Instance         |        -|      -|    1679|   1459|    -|
|Memory           |        1|      -|       2|      2|    -|
|Multiplexer      |        -|      -|       -|    555|    -|
|Register         |        0|      -|    2682|    128|    -|
+-----------------+---------+-------+--------+-------+-----+
|Total            |        1|      2|    4363|   3683|    0|
+-----------------+---------+-------+--------+-------+-----+
|Available        |      280|    220|  106400|  53200|    0|
+-----------------+---------+-------+--------+-------+-----+
|Utilization (%)  |    ~0   |   ~0  |       4|      6|    0|
+-----------------+---------+-------+--------+-------+-----+

+ Detail: 
    * Instance: 
    +-----------------------------------------+--------------------------------------+---------+-------+------+------+-----+
    |                 Instance                |                Module                | BRAM_18K| DSP48E|  FF  |  LUT | URAM|
    +-----------------------------------------+--------------------------------------+---------+-------+------+------+-----+
    |myproject_axi_lshr_224ns_8ns_224_6_1_U1  |myproject_axi_lshr_224ns_8ns_224_6_1  |        0|      0|  1679|  1329|    0|
    |myproject_axi_mux_42_16_1_1_U2           |myproject_axi_mux_42_16_1_1           |        0|      0|     0|    65|    0|
    |myproject_axi_mux_83_16_1_1_U3           |myproject_axi_mux_83_16_1_1           |        0|      0|     0|    65|    0|
    +-----------------------------------------+--------------------------------------+---------+-------+------+------+-----+
    |Total                                    |                                      |        0|      0|  1679|  1459|    0|
    +-----------------------------------------+--------------------------------------+---------+-------+------+------+-----+

    * DSP48E: 
    +----------------------------------------+-------------------------------------+-----------+
    |                Instance                |                Module               | Expression|
    +----------------------------------------+-------------------------------------+-----------+
    |myproject_axi_mul_mul_16s_6s_21_3_1_U5  |myproject_axi_mul_mul_16s_6s_21_3_1  |  i0 * i1  |
    |myproject_axi_mul_mul_8s_16s_21_3_1_U4  |myproject_axi_mul_mul_8s_16s_21_3_1  |  i0 * i1  |
    +----------------------------------------+-------------------------------------+-----------+

    * Memory: 
    +-----------+----------------------------------------------------------------------------------+---------+---+----+-----+------+-----+------+-------------+
    |   Memory  |                                      Module                                      | BRAM_18K| FF| LUT| URAM| Words| Bits| Banks| W*Bits*Banks|
    +-----------+----------------------------------------------------------------------------------+---------+---+----+-----+------+-----+------+-------------+
    |outidx5_U  |dense_resource_rf_gt_nin_rem0_ap_fixed_ap_fixed_config2_1_0_0_0_0_0_0_0_0_0_obkb  |        0|  2|   2|    0|    56|    2|     1|          112|
    |w2_V_U     |dense_resource_rf_gt_nin_rem0_ap_fixed_ap_fixed_config2_1_0_0_0_0_0_0_0_0_0_wcud  |        1|  0|   0|    0|    56|   14|     1|          784|
    +-----------+----------------------------------------------------------------------------------+---------+---+----+-----+------+-----+------+-------------+
    |Total      |                                                                                  |        1|  2|   2|    0|   112|   16|     2|          896|
    +-----------+----------------------------------------------------------------------------------+---------+---+----+-----+------+-----+------+-------------+

    * FIFO: 
    N/A

    * Expression: 
    +--------------------------+----------+-------+---+-----+------------+------------+
    |       Variable Name      | Operation| DSP48E| FF| LUT | Bitwidth P0| Bitwidth P1|
    +--------------------------+----------+-------+---+-----+------------+------------+
    |acc_0_V_fu_691_p2         |     +    |      0|  0|   23|          16|          16|
    |acc_4_V_fu_735_p2         |     +    |      0|  0|   23|          16|          16|
    |add_ln135_fu_486_p2       |     +    |      0|  0|   15|           6|           1|
    |in_index_fu_492_p2        |     +    |      0|  0|   39|          32|           1|
    |sub_ln145_1_fu_566_p2     |     -    |      0|  0|   15|           7|           8|
    |sub_ln145_2_fu_572_p2     |     -    |      0|  0|   15|           8|           8|
    |sub_ln145_3_fu_602_p2     |     -    |      0|  0|   15|           7|           8|
    |sub_ln145_fu_560_p2       |     -    |      0|  0|   15|           8|           8|
    |and_ln145_fu_637_p2       |    and   |      0|  0|  224|         224|         224|
    |ap_condition_190          |    and   |      0|  0|    2|           1|           1|
    |ap_condition_258          |    and   |      0|  0|    2|           1|           1|
    |ap_condition_54           |    and   |      0|  0|    2|           1|           1|
    |icmp_ln135_fu_504_p2      |   icmp   |      0|  0|   11|           6|           5|
    |icmp_ln145_fu_532_p2      |   icmp   |      0|  0|   13|           9|           9|
    |icmp_ln154_fu_498_p2      |   icmp   |      0|  0|   18|          32|           4|
    |lshr_ln145_1_fu_631_p2    |   lshr   |      0|  0|  822|           2|         224|
    |ap_block_state1           |    or    |      0|  0|    2|           1|           1|
    |empty_42_fu_526_p2        |    or    |      0|  0|    9|           9|           4|
    |select_ln145_1_fu_586_p3  |  select  |      0|  0|  224|           1|         224|
    |select_ln145_2_fu_594_p3  |  select  |      0|  0|    8|           1|           8|
    |select_ln145_fu_578_p3    |  select  |      0|  0|    8|           1|           8|
    |select_ln154_fu_608_p3    |  select  |      0|  0|   32|           1|           1|
    |ap_enable_pp0             |    xor   |      0|  0|    2|           1|           2|
    +--------------------------+----------+-------+---+-----+------------+------------+
    |Total                     |          |      0|  0| 1539|         391|         783|
    +--------------------------+----------+-------+---+-----+------------+------------+

    * Multiplexer: 
    +-------------------------------------------------+----+-----------+-----+-----------+
    |                       Name                      | LUT| Input Size| Bits| Total Bits|
    +-------------------------------------------------+----+-----------+-----+-----------+
    |ap_NS_fsm                                        |  15|          3|    1|          3|
    |ap_done                                          |   9|          2|    1|          2|
    |ap_enable_reg_pp0_iter1                          |   9|          2|    1|          2|
    |ap_enable_reg_pp0_iter13                         |   9|          2|    1|          2|
    |ap_phi_mux_do_init_phi_fu_154_p6                 |  15|          3|    1|          3|
    |ap_phi_mux_in_index_025_i_phi_fu_185_p6          |  15|          3|   32|         96|
    |ap_phi_mux_input_4_V_load_phi_phi_fu_214_p4      |   9|          2|  224|        448|
    |ap_phi_mux_input_4_V_load_rewind_phi_fu_200_p6   |   9|          2|  224|        448|
    |ap_phi_mux_p_Val2_1622_i_phi_fu_241_p6           |  15|          3|   16|         48|
    |ap_phi_mux_p_Val2_1720_i_phi_fu_256_p6           |  15|          3|   16|         48|
    |ap_phi_mux_p_Val2_1818_i_phi_fu_271_p6           |  15|          3|   16|         48|
    |ap_phi_mux_p_Val2_1916_i_phi_fu_286_p6           |  15|          3|   16|         48|
    |ap_phi_mux_p_Val2_19_phi_fu_382_p8               |  15|          3|   16|         48|
    |ap_phi_mux_p_Val2_2014_i_phi_fu_301_p6           |  15|          3|   16|         48|
    |ap_phi_mux_p_Val2_20_phi_fu_364_p8               |  15|          3|   16|         48|
    |ap_phi_mux_p_Val2_2112_i_phi_fu_316_p6           |  15|          3|   16|         48|
    |ap_phi_mux_p_Val2_21_phi_fu_346_p8               |  15|          3|   16|         48|
    |ap_phi_mux_p_Val2_2210_i_phi_fu_331_p6           |  15|          3|   16|         48|
    |ap_phi_mux_p_Val2_22_phi_fu_472_p8               |   9|          2|   16|         32|
    |ap_phi_mux_p_Val2_23_phi_fu_454_p8               |   9|          2|   16|         32|
    |ap_phi_mux_p_Val2_24_i_phi_fu_226_p6             |  15|          3|   16|         48|
    |ap_phi_mux_p_Val2_24_phi_fu_436_p8               |   9|          2|   16|         32|
    |ap_phi_mux_p_Val2_25_phi_fu_418_p8               |   9|          2|   16|         32|
    |ap_phi_mux_p_Val2_s_phi_fu_400_p8                |  15|          3|   16|         48|
    |ap_phi_mux_w_index26_i_phi_fu_170_p6             |  15|          3|    6|         18|
    |ap_phi_reg_pp0_iter13_p_Val2_22_reg_468          |   9|          2|   16|         32|
    |ap_phi_reg_pp0_iter13_p_Val2_23_reg_450          |  15|          3|   16|         48|
    |ap_phi_reg_pp0_iter13_p_Val2_24_reg_432          |  15|          3|   16|         48|
    |ap_phi_reg_pp0_iter13_p_Val2_25_reg_414          |  15|          3|   16|         48|
    |ap_phi_reg_pp0_iter1_input_4_V_load_phi_reg_210  |   9|          2|  224|        448|
    |ap_return_0                                      |   9|          2|   16|         32|
    |ap_return_1                                      |   9|          2|   16|         32|
    |ap_return_2                                      |   9|          2|   16|         32|
    |ap_return_3                                      |   9|          2|   16|         32|
    |ap_return_4                                      |   9|          2|   16|         32|
    |ap_return_5                                      |   9|          2|   16|         32|
    |ap_return_6                                      |   9|          2|   16|         32|
    |ap_return_7                                      |   9|          2|   16|         32|
    |in_index_025_i_reg_181                           |   9|          2|   32|         64|
    |input_4_V_load_phi_reg_210                       |   9|          2|  224|        448|
    |p_Val2_1622_i_reg_237                            |   9|          2|   16|         32|
    |p_Val2_1720_i_reg_252                            |   9|          2|   16|         32|
    |p_Val2_1818_i_reg_267                            |   9|          2|   16|         32|
    |p_Val2_1916_i_reg_282                            |   9|          2|   16|         32|
    |p_Val2_2014_i_reg_297                            |   9|          2|   16|         32|
    |p_Val2_2112_i_reg_312                            |   9|          2|   16|         32|
    |p_Val2_2210_i_reg_327                            |   9|          2|   16|         32|
    |p_Val2_24_i_reg_222                              |   9|          2|   16|         32|
    |w_index26_i_reg_166                              |   9|          2|    6|         12|
    +-------------------------------------------------+----+-----------+-----+-----------+
    |Total                                            | 555|        117| 1553|       3386|
    +-------------------------------------------------+----+-----------+-----+-----------+

    * Register: 
    +-------------------------------------------------+-----+----+-----+-----------+
    |                       Name                      |  FF | LUT| Bits| Const Bits|
    +-------------------------------------------------+-----+----+-----+-----------+
    |acc_0_V_reg_980                                  |   16|   0|   16|          0|
    |acc_4_V_reg_992                                  |   16|   0|   16|          0|
    |add_ln135_reg_874                                |    6|   0|    6|          0|
    |ap_CS_fsm                                        |    2|   0|    2|          0|
    |ap_done_reg                                      |    1|   0|    1|          0|
    |ap_enable_reg_pp0_iter1                          |    1|   0|    1|          0|
    |ap_enable_reg_pp0_iter10                         |    1|   0|    1|          0|
    |ap_enable_reg_pp0_iter11                         |    1|   0|    1|          0|
    |ap_enable_reg_pp0_iter12                         |    1|   0|    1|          0|
    |ap_enable_reg_pp0_iter13                         |    1|   0|    1|          0|
    |ap_enable_reg_pp0_iter2                          |    1|   0|    1|          0|
    |ap_enable_reg_pp0_iter3                          |    1|   0|    1|          0|
    |ap_enable_reg_pp0_iter4                          |    1|   0|    1|          0|
    |ap_enable_reg_pp0_iter5                          |    1|   0|    1|          0|
    |ap_enable_reg_pp0_iter6                          |    1|   0|    1|          0|
    |ap_enable_reg_pp0_iter7                          |    1|   0|    1|          0|
    |ap_enable_reg_pp0_iter8                          |    1|   0|    1|          0|
    |ap_enable_reg_pp0_iter9                          |    1|   0|    1|          0|
    |ap_phi_reg_pp0_iter10_p_Val2_22_reg_468          |   16|   0|   16|          0|
    |ap_phi_reg_pp0_iter10_p_Val2_23_reg_450          |   16|   0|   16|          0|
    |ap_phi_reg_pp0_iter10_p_Val2_24_reg_432          |   16|   0|   16|          0|
    |ap_phi_reg_pp0_iter10_p_Val2_25_reg_414          |   16|   0|   16|          0|
    |ap_phi_reg_pp0_iter11_p_Val2_22_reg_468          |   16|   0|   16|          0|
    |ap_phi_reg_pp0_iter11_p_Val2_23_reg_450          |   16|   0|   16|          0|
    |ap_phi_reg_pp0_iter11_p_Val2_24_reg_432          |   16|   0|   16|          0|
    |ap_phi_reg_pp0_iter11_p_Val2_25_reg_414          |   16|   0|   16|          0|
    |ap_phi_reg_pp0_iter12_p_Val2_22_reg_468          |   16|   0|   16|          0|
    |ap_phi_reg_pp0_iter12_p_Val2_23_reg_450          |   16|   0|   16|          0|
    |ap_phi_reg_pp0_iter12_p_Val2_24_reg_432          |   16|   0|   16|          0|
    |ap_phi_reg_pp0_iter12_p_Val2_25_reg_414          |   16|   0|   16|          0|
    |ap_phi_reg_pp0_iter13_p_Val2_22_reg_468          |   16|   0|   16|          0|
    |ap_phi_reg_pp0_iter13_p_Val2_23_reg_450          |   16|   0|   16|          0|
    |ap_phi_reg_pp0_iter13_p_Val2_24_reg_432          |   16|   0|   16|          0|
    |ap_phi_reg_pp0_iter13_p_Val2_25_reg_414          |   16|   0|   16|          0|
    |ap_phi_reg_pp0_iter1_input_4_V_load_phi_reg_210  |  224|   0|  224|          0|
    |ap_phi_reg_pp0_iter1_p_Val2_22_reg_468           |   16|   0|   16|          0|
    |ap_phi_reg_pp0_iter1_p_Val2_23_reg_450           |   16|   0|   16|          0|
    |ap_phi_reg_pp0_iter1_p_Val2_24_reg_432           |   16|   0|   16|          0|
    |ap_phi_reg_pp0_iter1_p_Val2_25_reg_414           |   16|   0|   16|          0|
    |ap_phi_reg_pp0_iter2_p_Val2_22_reg_468           |   16|   0|   16|          0|
    |ap_phi_reg_pp0_iter2_p_Val2_23_reg_450           |   16|   0|   16|          0|
    |ap_phi_reg_pp0_iter2_p_Val2_24_reg_432           |   16|   0|   16|          0|
    |ap_phi_reg_pp0_iter2_p_Val2_25_reg_414           |   16|   0|   16|          0|
    |ap_phi_reg_pp0_iter3_p_Val2_22_reg_468           |   16|   0|   16|          0|
    |ap_phi_reg_pp0_iter3_p_Val2_23_reg_450           |   16|   0|   16|          0|
    |ap_phi_reg_pp0_iter3_p_Val2_24_reg_432           |   16|   0|   16|          0|
    |ap_phi_reg_pp0_iter3_p_Val2_25_reg_414           |   16|   0|   16|          0|
    |ap_phi_reg_pp0_iter4_p_Val2_22_reg_468           |   16|   0|   16|          0|
    |ap_phi_reg_pp0_iter4_p_Val2_23_reg_450           |   16|   0|   16|          0|
    |ap_phi_reg_pp0_iter4_p_Val2_24_reg_432           |   16|   0|   16|          0|
    |ap_phi_reg_pp0_iter4_p_Val2_25_reg_414           |   16|   0|   16|          0|
    |ap_phi_reg_pp0_iter5_p_Val2_22_reg_468           |   16|   0|   16|          0|
    |ap_phi_reg_pp0_iter5_p_Val2_23_reg_450           |   16|   0|   16|          0|
    |ap_phi_reg_pp0_iter5_p_Val2_24_reg_432           |   16|   0|   16|          0|
    |ap_phi_reg_pp0_iter5_p_Val2_25_reg_414           |   16|   0|   16|          0|
    |ap_phi_reg_pp0_iter6_p_Val2_22_reg_468           |   16|   0|   16|          0|
    |ap_phi_reg_pp0_iter6_p_Val2_23_reg_450           |   16|   0|   16|          0|
    |ap_phi_reg_pp0_iter6_p_Val2_24_reg_432           |   16|   0|   16|          0|
    |ap_phi_reg_pp0_iter6_p_Val2_25_reg_414           |   16|   0|   16|          0|
    |ap_phi_reg_pp0_iter7_p_Val2_22_reg_468           |   16|   0|   16|          0|
    |ap_phi_reg_pp0_iter7_p_Val2_23_reg_450           |   16|   0|   16|          0|
    |ap_phi_reg_pp0_iter7_p_Val2_24_reg_432           |   16|   0|   16|          0|
    |ap_phi_reg_pp0_iter7_p_Val2_25_reg_414           |   16|   0|   16|          0|
    |ap_phi_reg_pp0_iter8_p_Val2_22_reg_468           |   16|   0|   16|          0|
    |ap_phi_reg_pp0_iter8_p_Val2_23_reg_450           |   16|   0|   16|          0|
    |ap_phi_reg_pp0_iter8_p_Val2_24_reg_432           |   16|   0|   16|          0|
    |ap_phi_reg_pp0_iter8_p_Val2_25_reg_414           |   16|   0|   16|          0|
    |ap_phi_reg_pp0_iter9_p_Val2_22_reg_468           |   16|   0|   16|          0|
    |ap_phi_reg_pp0_iter9_p_Val2_23_reg_450           |   16|   0|   16|          0|
    |ap_phi_reg_pp0_iter9_p_Val2_24_reg_432           |   16|   0|   16|          0|
    |ap_phi_reg_pp0_iter9_p_Val2_25_reg_414           |   16|   0|   16|          0|
    |ap_return_0_preg                                 |   16|   0|   21|          5|
    |ap_return_1_preg                                 |   16|   0|   21|          5|
    |ap_return_2_preg                                 |   16|   0|   21|          5|
    |ap_return_3_preg                                 |   16|   0|   21|          5|
    |ap_return_4_preg                                 |   16|   0|   21|          5|
    |ap_return_5_preg                                 |   16|   0|   21|          5|
    |ap_return_6_preg                                 |   16|   0|   21|          5|
    |ap_return_7_preg                                 |   16|   0|   21|          5|
    |do_init_reg_150                                  |    1|   0|    1|          0|
    |icmp_ln135_reg_889                               |    1|   0|    1|          0|
    |icmp_ln154_reg_884                               |    1|   0|    1|          0|
    |in_index_025_i_reg_181                           |   32|   0|   32|          0|
    |in_index_reg_879                                 |   32|   0|   32|          0|
    |input_4_V_load_phi_reg_210                       |  224|   0|  224|          0|
    |input_4_V_load_rewind_reg_196                    |  224|   0|  224|          0|
    |lshr_ln145_reg_923                               |  224|   0|  224|          0|
    |mul_ln1118_1_reg_975                             |   21|   0|   21|          0|
    |mul_ln1118_reg_970                               |   21|   0|   21|          0|
    |or_ln_i_reg_988                                  |    2|   0|    3|          1|
    |out_index_reg_933                                |    2|   0|    2|          0|
    |p_Val2_1622_i_reg_237                            |   16|   0|   16|          0|
    |p_Val2_1720_i_reg_252                            |   16|   0|   16|          0|
    |p_Val2_1818_i_reg_267                            |   16|   0|   16|          0|
    |p_Val2_1916_i_reg_282                            |   16|   0|   16|          0|
    |p_Val2_2014_i_reg_297                            |   16|   0|   16|          0|
    |p_Val2_2112_i_reg_312                            |   16|   0|   16|          0|
    |p_Val2_2210_i_reg_327                            |   16|   0|   16|          0|
    |p_Val2_24_i_reg_222                              |   16|   0|   16|          0|
    |select_ln145_1_reg_893                           |  224|   0|  224|          0|
    |select_ln145_2_reg_898                           |    8|   0|    8|          0|
    |sub_ln145_3_reg_903                              |    7|   0|    8|          1|
    |tmp_40_i_reg_949                                 |    6|   0|    6|          0|
    |trunc_ln145_1_reg_939                            |   16|   0|   16|          0|
    |trunc_ln145_2_reg_944                            |    8|   0|    8|          0|
    |w_index26_i_reg_166                              |    6|   0|    6|          0|
    |icmp_ln135_reg_889                               |   64|  32|    1|          0|
    |out_index_reg_933                                |   64|  32|    2|          0|
    |sub_ln145_3_reg_903                              |   64|  32|    8|          1|
    |w_index26_i_reg_166                              |   64|  32|    6|          0|
    +-------------------------------------------------+-----+----+-----+-----------+
    |Total                                            | 2682| 128| 2485|         43|
    +-------------------------------------------------+-----+----+-----+-----------+



================================================================
== Interface
================================================================
* Summary: 
+-------------+-----+-----+------------+------------------------------------------------------------------------------+--------------+
|  RTL Ports  | Dir | Bits|  Protocol  |                                 Source Object                                |    C Type    |
+-------------+-----+-----+------------+------------------------------------------------------------------------------+--------------+
|ap_clk       |  in |    1| ap_ctrl_hs | dense_resource_rf_gt_nin_rem0<ap_fixed,ap_fixed,config2>.1.0.0.0.0.0.0.0.0.0 | return value |
|ap_rst       |  in |    1| ap_ctrl_hs | dense_resource_rf_gt_nin_rem0<ap_fixed,ap_fixed,config2>.1.0.0.0.0.0.0.0.0.0 | return value |
|ap_start     |  in |    1| ap_ctrl_hs | dense_resource_rf_gt_nin_rem0<ap_fixed,ap_fixed,config2>.1.0.0.0.0.0.0.0.0.0 | return value |
|ap_done      | out |    1| ap_ctrl_hs | dense_resource_rf_gt_nin_rem0<ap_fixed,ap_fixed,config2>.1.0.0.0.0.0.0.0.0.0 | return value |
|ap_continue  |  in |    1| ap_ctrl_hs | dense_resource_rf_gt_nin_rem0<ap_fixed,ap_fixed,config2>.1.0.0.0.0.0.0.0.0.0 | return value |
|ap_idle      | out |    1| ap_ctrl_hs | dense_resource_rf_gt_nin_rem0<ap_fixed,ap_fixed,config2>.1.0.0.0.0.0.0.0.0.0 | return value |
|ap_ready     | out |    1| ap_ctrl_hs | dense_resource_rf_gt_nin_rem0<ap_fixed,ap_fixed,config2>.1.0.0.0.0.0.0.0.0.0 | return value |
|ap_return_0  | out |   21| ap_ctrl_hs | dense_resource_rf_gt_nin_rem0<ap_fixed,ap_fixed,config2>.1.0.0.0.0.0.0.0.0.0 | return value |
|ap_return_1  | out |   21| ap_ctrl_hs | dense_resource_rf_gt_nin_rem0<ap_fixed,ap_fixed,config2>.1.0.0.0.0.0.0.0.0.0 | return value |
|ap_return_2  | out |   21| ap_ctrl_hs | dense_resource_rf_gt_nin_rem0<ap_fixed,ap_fixed,config2>.1.0.0.0.0.0.0.0.0.0 | return value |
|ap_return_3  | out |   21| ap_ctrl_hs | dense_resource_rf_gt_nin_rem0<ap_fixed,ap_fixed,config2>.1.0.0.0.0.0.0.0.0.0 | return value |
|ap_return_4  | out |   21| ap_ctrl_hs | dense_resource_rf_gt_nin_rem0<ap_fixed,ap_fixed,config2>.1.0.0.0.0.0.0.0.0.0 | return value |
|ap_return_5  | out |   21| ap_ctrl_hs | dense_resource_rf_gt_nin_rem0<ap_fixed,ap_fixed,config2>.1.0.0.0.0.0.0.0.0.0 | return value |
|ap_return_6  | out |   21| ap_ctrl_hs | dense_resource_rf_gt_nin_rem0<ap_fixed,ap_fixed,config2>.1.0.0.0.0.0.0.0.0.0 | return value |
|ap_return_7  | out |   21| ap_ctrl_hs | dense_resource_rf_gt_nin_rem0<ap_fixed,ap_fixed,config2>.1.0.0.0.0.0.0.0.0.0 | return value |
|input_4_V    |  in |  224|   ap_none  |                                   input_4_V                                  |    pointer   |
+-------------+-----+-----+------------+------------------------------------------------------------------------------+--------------+

