

================================================================
== Vivado HLS Report for 'relu_ap_fixed_19_8_5_3_0_ap_ufixed_8_2_4_0_0_relu_config10_s'
================================================================
* Date:           Thu May 21 12:28:28 2026

* Version:        2020.1 (Build 2897737 on Wed May 27 20:21:37 MDT 2020)
* Project:        myproject_prj
* Solution:       solution1
* Product family: zynq
* Target device:  xc7z020-clg400-1


================================================================
== Performance Estimates
================================================================
+ Timing: 
    * Summary: 
    +--------+---------+----------+------------+
    |  Clock |  Target | Estimated| Uncertainty|
    +--------+---------+----------+------------+
    |ap_clk  | 5.00 ns | 3.680 ns |   0.62 ns  |
    +--------+---------+----------+------------+

+ Latency: 
    * Summary: 
    +---------+---------+----------+----------+-----+-----+----------+
    |  Latency (cycles) |  Latency (absolute) |  Interval | Pipeline |
    |   min   |   max   |    min   |    max   | min | max |   Type   |
    +---------+---------+----------+----------+-----+-----+----------+
    |        1|        1| 5.000 ns | 5.000 ns |    1|    1| function |
    +---------+---------+----------+----------+-----+-----+----------+

    + Detail: 
        * Instance: 
        N/A

        * Loop: 
        N/A



================================================================
== Utilization Estimates
================================================================
* Summary: 
+-----------------+---------+-------+--------+-------+-----+
|       Name      | BRAM_18K| DSP48E|   FF   |  LUT  | URAM|
+-----------------+---------+-------+--------+-------+-----+
|DSP              |        -|      -|       -|      -|    -|
|Expression       |        -|      -|       0|    264|    -|
|FIFO             |        -|      -|       -|      -|    -|
|Instance         |        -|      -|       -|      -|    -|
|Memory           |        -|      -|       -|      -|    -|
|Multiplexer      |        -|      -|       -|     36|    -|
|Register         |        -|      -|     108|      -|    -|
+-----------------+---------+-------+--------+-------+-----+
|Total            |        0|      0|     108|    300|    0|
+-----------------+---------+-------+--------+-------+-----+
|Available        |      280|    220|  106400|  53200|    0|
+-----------------+---------+-------+--------+-------+-----+
|Utilization (%)  |        0|      0|   ~0   |   ~0  |    0|
+-----------------+---------+-------+--------+-------+-----+

+ Detail: 
    * Instance: 
    N/A

    * DSP48E: 
    N/A

    * Memory: 
    N/A

    * FIFO: 
    N/A

    * Expression: 
    +----------------------------------+----------+-------+---+----+------------+------------+
    |           Variable Name          | Operation| DSP48E| FF| LUT| Bitwidth P0| Bitwidth P1|
    +----------------------------------+----------+-------+---+----+------------+------------+
    |add_ln415_21_fu_202_p2            |     +    |      0|  0|  15|           8|           8|
    |add_ln415_22_fu_282_p2            |     +    |      0|  0|  15|           8|           8|
    |add_ln415_fu_122_p2               |     +    |      0|  0|  15|           8|           8|
    |and_ln415_1_fu_192_p2             |    and   |      0|  0|   2|           1|           1|
    |and_ln415_2_fu_272_p2             |    and   |      0|  0|   2|           1|           1|
    |and_ln415_fu_112_p2               |    and   |      0|  0|   2|           1|           1|
    |and_ln416_21_fu_387_p2            |    and   |      0|  0|   2|           1|           1|
    |and_ln416_22_fu_439_p2            |    and   |      0|  0|   2|           1|           1|
    |and_ln416_fu_335_p2               |    and   |      0|  0|   2|           1|           1|
    |icmp_ln1494_1_fu_362_p2           |   icmp   |      0|  0|  18|          17|           1|
    |icmp_ln1494_2_fu_414_p2           |   icmp   |      0|  0|  18|          17|           1|
    |icmp_ln1494_fu_310_p2             |   icmp   |      0|  0|  18|          17|           1|
    |icmp_ln718_14_fu_172_p2           |   icmp   |      0|  0|   9|           4|           1|
    |icmp_ln718_15_fu_252_p2           |   icmp   |      0|  0|   9|           4|           1|
    |icmp_ln718_fu_92_p2               |   icmp   |      0|  0|   9|           4|           1|
    |icmp_ln768_21_fu_224_p2           |   icmp   |      0|  0|   9|           4|           1|
    |icmp_ln768_22_fu_304_p2           |   icmp   |      0|  0|   9|           4|           1|
    |icmp_ln768_fu_144_p2              |   icmp   |      0|  0|   9|           4|           1|
    |icmp_ln879_21_fu_218_p2           |   icmp   |      0|  0|   9|           4|           2|
    |icmp_ln879_22_fu_298_p2           |   icmp   |      0|  0|   9|           4|           2|
    |icmp_ln879_fu_138_p2              |   icmp   |      0|  0|   9|           4|           2|
    |ap_block_pp0_stage0_11001         |    or    |      0|  0|   2|           1|           1|
    |ap_block_state1_pp0_stage0_iter0  |    or    |      0|  0|   2|           1|           1|
    |or_ln412_21_fu_178_p2             |    or    |      0|  0|   2|           1|           1|
    |or_ln412_22_fu_258_p2             |    or    |      0|  0|   2|           1|           1|
    |or_ln412_fu_98_p2                 |    or    |      0|  0|   2|           1|           1|
    |select_ln1494_21_fu_406_p3        |  select  |      0|  0|   8|           1|           8|
    |select_ln1494_22_fu_458_p3        |  select  |      0|  0|   8|           1|           8|
    |select_ln1494_fu_354_p3           |  select  |      0|  0|   8|           1|           8|
    |select_ln340_1_fu_399_p3          |  select  |      0|  0|   8|           1|           8|
    |select_ln340_2_fu_451_p3          |  select  |      0|  0|   8|           1|           8|
    |select_ln340_fu_347_p3            |  select  |      0|  0|   8|           1|           8|
    |select_ln777_21_fu_393_p3         |  select  |      0|  0|   2|           1|           1|
    |select_ln777_22_fu_445_p3         |  select  |      0|  0|   2|           1|           1|
    |select_ln777_fu_341_p3            |  select  |      0|  0|   2|           1|           1|
    |ap_enable_pp0                     |    xor   |      0|  0|   2|           1|           2|
    |xor_ln416_21_fu_381_p2            |    xor   |      0|  0|   2|           1|           2|
    |xor_ln416_22_fu_433_p2            |    xor   |      0|  0|   2|           1|           2|
    |xor_ln416_fu_329_p2               |    xor   |      0|  0|   2|           1|           2|
    +----------------------------------+----------+-------+---+----+------------+------------+
    |Total                             |          |      0|  0| 264|         135|         109|
    +----------------------------------+----------+-------+---+----+------------+------------+

    * Multiplexer: 
    +-------------+----+-----------+-----+-----------+
    |     Name    | LUT| Input Size| Bits| Total Bits|
    +-------------+----+-----------+-----+-----------+
    |ap_done      |   9|          2|    1|          2|
    |ap_return_0  |   9|          2|    8|         16|
    |ap_return_1  |   9|          2|    8|         16|
    |ap_return_2  |   9|          2|    8|         16|
    +-------------+----+-----------+-----+-----------+
    |Total        |  36|          8|   25|         50|
    +-------------+----+-----------+-----+-----------+

    * Register: 
    +-------------------------+----+----+-----+-----------+
    |           Name          | FF | LUT| Bits| Const Bits|
    +-------------------------+----+----+-----+-----------+
    |add_ln415_21_reg_518     |   8|   0|    8|          0|
    |add_ln415_22_reg_534     |   8|   0|    8|          0|
    |add_ln415_reg_502        |   8|   0|    8|          0|
    |ap_CS_fsm                |   1|   0|    1|          0|
    |ap_done_reg              |   1|   0|    1|          0|
    |ap_enable_reg_pp0_iter1  |   1|   0|    1|          0|
    |ap_return_0_preg         |   8|   0|    8|          0|
    |ap_return_1_preg         |   8|   0|    8|          0|
    |ap_return_2_preg         |   8|   0|    8|          0|
    |data_0_V_read_5_reg_496  |  17|   0|   17|          0|
    |data_1_V_read_5_reg_490  |  17|   0|   17|          0|
    |data_2_V_read_5_reg_484  |  17|   0|   17|          0|
    |icmp_ln768_21_reg_529    |   1|   0|    1|          0|
    |icmp_ln768_22_reg_545    |   1|   0|    1|          0|
    |icmp_ln768_reg_513       |   1|   0|    1|          0|
    |icmp_ln879_21_reg_524    |   1|   0|    1|          0|
    |icmp_ln879_22_reg_540    |   1|   0|    1|          0|
    |icmp_ln879_reg_508       |   1|   0|    1|          0|
    +-------------------------+----+----+-----+-----------+
    |Total                    | 108|   0|  108|          0|
    +-------------------------+----+----+-----+-----------+



================================================================
== Interface
================================================================
* Summary: 
+---------------+-----+-----+------------+-------------------------------------------------------------------------+--------------+
|   RTL Ports   | Dir | Bits|  Protocol  |                              Source Object                              |    C Type    |
+---------------+-----+-----+------------+-------------------------------------------------------------------------+--------------+
|ap_clk         |  in |    1| ap_ctrl_hs | relu<ap_fixed<19, 8, 5, 3, 0>, ap_ufixed<8, 2, 4, 0, 0>, relu_config10> | return value |
|ap_rst         |  in |    1| ap_ctrl_hs | relu<ap_fixed<19, 8, 5, 3, 0>, ap_ufixed<8, 2, 4, 0, 0>, relu_config10> | return value |
|ap_start       |  in |    1| ap_ctrl_hs | relu<ap_fixed<19, 8, 5, 3, 0>, ap_ufixed<8, 2, 4, 0, 0>, relu_config10> | return value |
|ap_done        | out |    1| ap_ctrl_hs | relu<ap_fixed<19, 8, 5, 3, 0>, ap_ufixed<8, 2, 4, 0, 0>, relu_config10> | return value |
|ap_continue    |  in |    1| ap_ctrl_hs | relu<ap_fixed<19, 8, 5, 3, 0>, ap_ufixed<8, 2, 4, 0, 0>, relu_config10> | return value |
|ap_idle        | out |    1| ap_ctrl_hs | relu<ap_fixed<19, 8, 5, 3, 0>, ap_ufixed<8, 2, 4, 0, 0>, relu_config10> | return value |
|ap_ready       | out |    1| ap_ctrl_hs | relu<ap_fixed<19, 8, 5, 3, 0>, ap_ufixed<8, 2, 4, 0, 0>, relu_config10> | return value |
|ap_return_0    | out |    8| ap_ctrl_hs | relu<ap_fixed<19, 8, 5, 3, 0>, ap_ufixed<8, 2, 4, 0, 0>, relu_config10> | return value |
|ap_return_1    | out |    8| ap_ctrl_hs | relu<ap_fixed<19, 8, 5, 3, 0>, ap_ufixed<8, 2, 4, 0, 0>, relu_config10> | return value |
|ap_return_2    | out |    8| ap_ctrl_hs | relu<ap_fixed<19, 8, 5, 3, 0>, ap_ufixed<8, 2, 4, 0, 0>, relu_config10> | return value |
|data_0_V_read  |  in |   17|   ap_none  |                              data_0_V_read                              |    scalar    |
|data_1_V_read  |  in |   17|   ap_none  |                              data_1_V_read                              |    scalar    |
|data_2_V_read  |  in |   17|   ap_none  |                              data_2_V_read                              |    scalar    |
+---------------+-----+-----+------------+-------------------------------------------------------------------------+--------------+

