

================================================================
== Vivado HLS Report for 'relu_ap_fixed_29_14_5_3_0_ap_ufixed_8_2_4_0_0_relu_config4_s'
================================================================
* Date:           Thu May 21 12:28:26 2026

* Version:        2020.1 (Build 2897737 on Wed May 27 20:21:37 MDT 2020)
* Project:        myproject_prj
* Solution:       solution1
* Product family: zynq
* Target device:  xc7z020-clg400-1


================================================================
== Performance Estimates
================================================================
+ Timing: 
    * Summary: 
    +--------+---------+----------+------------+
    |  Clock |  Target | Estimated| Uncertainty|
    +--------+---------+----------+------------+
    |ap_clk  | 5.00 ns | 3.691 ns |   0.62 ns  |
    +--------+---------+----------+------------+

+ Latency: 
    * Summary: 
    +---------+---------+----------+----------+-----+-----+----------+
    |  Latency (cycles) |  Latency (absolute) |  Interval | Pipeline |
    |   min   |   max   |    min   |    max   | min | max |   Type   |
    +---------+---------+----------+----------+-----+-----+----------+
    |        1|        1| 5.000 ns | 5.000 ns |    1|    1| function |
    +---------+---------+----------+----------+-----+-----+----------+

    + Detail: 
        * Instance: 
        N/A

        * Loop: 
        N/A



================================================================
== Utilization Estimates
================================================================
* Summary: 
+-----------------+---------+-------+--------+-------+-----+
|       Name      | BRAM_18K| DSP48E|   FF   |  LUT  | URAM|
+-----------------+---------+-------+--------+-------+-----+
|DSP              |        -|      -|       -|      -|    -|
|Expression       |        -|      -|       0|    710|    -|
|FIFO             |        -|      -|       -|      -|    -|
|Instance         |        -|      -|       -|      -|    -|
|Memory           |        -|      -|       -|      -|    -|
|Multiplexer      |        -|      -|       -|     81|    -|
|Register         |        -|      -|     315|      -|    -|
+-----------------+---------+-------+--------+-------+-----+
|Total            |        0|      0|     315|    791|    0|
+-----------------+---------+-------+--------+-------+-----+
|Available        |      280|    220|  106400|  53200|    0|
+-----------------+---------+-------+--------+-------+-----+
|Utilization (%)  |        0|      0|   ~0   |      1|    0|
+-----------------+---------+-------+--------+-------+-----+

+ Detail: 
    * Instance: 
    N/A

    * DSP48E: 
    N/A

    * Memory: 
    N/A

    * FIFO: 
    N/A

    * Expression: 
    +----------------------------------+----------+-------+---+----+------------+------------+
    |           Variable Name          | Operation| DSP48E| FF| LUT| Bitwidth P0| Bitwidth P1|
    +----------------------------------+----------+-------+---+----+------------+------------+
    |add_ln415_1_fu_282_p2             |     +    |      0|  0|  15|           8|           8|
    |add_ln415_2_fu_380_p2             |     +    |      0|  0|  15|           8|           8|
    |add_ln415_3_fu_478_p2             |     +    |      0|  0|  15|           8|           8|
    |add_ln415_4_fu_576_p2             |     +    |      0|  0|  15|           8|           8|
    |add_ln415_5_fu_674_p2             |     +    |      0|  0|  15|           8|           8|
    |add_ln415_6_fu_772_p2             |     +    |      0|  0|  15|           8|           8|
    |add_ln415_7_fu_870_p2             |     +    |      0|  0|  15|           8|           8|
    |add_ln415_fu_184_p2               |     +    |      0|  0|  15|           8|           8|
    |and_ln415_1_fu_272_p2             |    and   |      0|  0|   2|           1|           1|
    |and_ln415_2_fu_370_p2             |    and   |      0|  0|   2|           1|           1|
    |and_ln415_3_fu_468_p2             |    and   |      0|  0|   2|           1|           1|
    |and_ln415_4_fu_566_p2             |    and   |      0|  0|   2|           1|           1|
    |and_ln415_5_fu_664_p2             |    and   |      0|  0|   2|           1|           1|
    |and_ln415_6_fu_762_p2             |    and   |      0|  0|   2|           1|           1|
    |and_ln415_7_fu_860_p2             |    and   |      0|  0|   2|           1|           1|
    |and_ln415_fu_174_p2               |    and   |      0|  0|   2|           1|           1|
    |and_ln416_1_fu_975_p2             |    and   |      0|  0|   2|           1|           1|
    |and_ln416_2_fu_1027_p2            |    and   |      0|  0|   2|           1|           1|
    |and_ln416_3_fu_1079_p2            |    and   |      0|  0|   2|           1|           1|
    |and_ln416_4_fu_1131_p2            |    and   |      0|  0|   2|           1|           1|
    |and_ln416_5_fu_1183_p2            |    and   |      0|  0|   2|           1|           1|
    |and_ln416_6_fu_1235_p2            |    and   |      0|  0|   2|           1|           1|
    |and_ln416_7_fu_1287_p2            |    and   |      0|  0|   2|           1|           1|
    |and_ln416_fu_923_p2               |    and   |      0|  0|   2|           1|           1|
    |icmp_ln1494_1_fu_950_p2           |   icmp   |      0|  0|  18|          21|           1|
    |icmp_ln1494_2_fu_1002_p2          |   icmp   |      0|  0|  18|          21|           1|
    |icmp_ln1494_3_fu_1054_p2          |   icmp   |      0|  0|  18|          21|           1|
    |icmp_ln1494_4_fu_1106_p2          |   icmp   |      0|  0|  18|          21|           1|
    |icmp_ln1494_5_fu_1158_p2          |   icmp   |      0|  0|  18|          21|           1|
    |icmp_ln1494_6_fu_1210_p2          |   icmp   |      0|  0|  18|          21|           1|
    |icmp_ln1494_7_fu_1262_p2          |   icmp   |      0|  0|  18|          21|           1|
    |icmp_ln1494_fu_898_p2             |   icmp   |      0|  0|  18|          21|           1|
    |icmp_ln412_1_fu_258_p2            |   icmp   |      0|  0|  11|           8|           1|
    |icmp_ln412_2_fu_356_p2            |   icmp   |      0|  0|  11|           8|           1|
    |icmp_ln412_3_fu_454_p2            |   icmp   |      0|  0|  11|           8|           1|
    |icmp_ln412_4_fu_552_p2            |   icmp   |      0|  0|  11|           8|           1|
    |icmp_ln412_5_fu_650_p2            |   icmp   |      0|  0|  11|           8|           1|
    |icmp_ln412_6_fu_748_p2            |   icmp   |      0|  0|  11|           8|           1|
    |icmp_ln412_7_fu_846_p2            |   icmp   |      0|  0|  11|           8|           1|
    |icmp_ln412_fu_160_p2              |   icmp   |      0|  0|  11|           8|           1|
    |icmp_ln768_1_fu_304_p2            |   icmp   |      0|  0|   9|           4|           1|
    |icmp_ln768_2_fu_402_p2            |   icmp   |      0|  0|   9|           4|           1|
    |icmp_ln768_3_fu_500_p2            |   icmp   |      0|  0|   9|           4|           1|
    |icmp_ln768_4_fu_598_p2            |   icmp   |      0|  0|   9|           4|           1|
    |icmp_ln768_5_fu_696_p2            |   icmp   |      0|  0|   9|           4|           1|
    |icmp_ln768_6_fu_794_p2            |   icmp   |      0|  0|   9|           4|           1|
    |icmp_ln768_7_fu_892_p2            |   icmp   |      0|  0|   9|           4|           1|
    |icmp_ln768_fu_206_p2              |   icmp   |      0|  0|   9|           4|           1|
    |icmp_ln879_1_fu_298_p2            |   icmp   |      0|  0|   9|           4|           2|
    |icmp_ln879_2_fu_396_p2            |   icmp   |      0|  0|   9|           4|           2|
    |icmp_ln879_3_fu_494_p2            |   icmp   |      0|  0|   9|           4|           2|
    |icmp_ln879_4_fu_592_p2            |   icmp   |      0|  0|   9|           4|           2|
    |icmp_ln879_5_fu_690_p2            |   icmp   |      0|  0|   9|           4|           2|
    |icmp_ln879_6_fu_788_p2            |   icmp   |      0|  0|   9|           4|           2|
    |icmp_ln879_7_fu_886_p2            |   icmp   |      0|  0|   9|           4|           2|
    |icmp_ln879_fu_200_p2              |   icmp   |      0|  0|   9|           4|           2|
    |ap_block_pp0_stage0_11001         |    or    |      0|  0|   2|           1|           1|
    |ap_block_state1_pp0_stage0_iter0  |    or    |      0|  0|   2|           1|           1|
    |or_ln412_10_fu_430_p2             |    or    |      0|  0|   2|           1|           1|
    |or_ln412_11_fu_528_p2             |    or    |      0|  0|   2|           1|           1|
    |or_ln412_12_fu_626_p2             |    or    |      0|  0|   2|           1|           1|
    |or_ln412_13_fu_724_p2             |    or    |      0|  0|   2|           1|           1|
    |or_ln412_14_fu_822_p2             |    or    |      0|  0|   2|           1|           1|
    |or_ln412_8_fu_136_p2              |    or    |      0|  0|   2|           1|           1|
    |or_ln412_9_fu_332_p2              |    or    |      0|  0|   2|           1|           1|
    |or_ln412_fu_234_p2                |    or    |      0|  0|   2|           1|           1|
    |select_ln1494_1_fu_994_p3         |  select  |      0|  0|   8|           1|           8|
    |select_ln1494_2_fu_1046_p3        |  select  |      0|  0|   8|           1|           8|
    |select_ln1494_3_fu_1098_p3        |  select  |      0|  0|   8|           1|           8|
    |select_ln1494_4_fu_1150_p3        |  select  |      0|  0|   8|           1|           8|
    |select_ln1494_5_fu_1202_p3        |  select  |      0|  0|   8|           1|           8|
    |select_ln1494_6_fu_1254_p3        |  select  |      0|  0|   8|           1|           8|
    |select_ln1494_7_fu_1306_p3        |  select  |      0|  0|   8|           1|           8|
    |select_ln1494_fu_942_p3           |  select  |      0|  0|   8|           1|           8|
    |select_ln340_1_fu_987_p3          |  select  |      0|  0|   8|           1|           8|
    |select_ln340_2_fu_1039_p3         |  select  |      0|  0|   8|           1|           8|
    |select_ln340_3_fu_1091_p3         |  select  |      0|  0|   8|           1|           8|
    |select_ln340_4_fu_1143_p3         |  select  |      0|  0|   8|           1|           8|
    |select_ln340_5_fu_1195_p3         |  select  |      0|  0|   8|           1|           8|
    |select_ln340_6_fu_1247_p3         |  select  |      0|  0|   8|           1|           8|
    |select_ln340_7_fu_1299_p3         |  select  |      0|  0|   8|           1|           8|
    |select_ln340_fu_935_p3            |  select  |      0|  0|   8|           1|           8|
    |select_ln777_1_fu_981_p3          |  select  |      0|  0|   2|           1|           1|
    |select_ln777_2_fu_1033_p3         |  select  |      0|  0|   2|           1|           1|
    |select_ln777_3_fu_1085_p3         |  select  |      0|  0|   2|           1|           1|
    |select_ln777_4_fu_1137_p3         |  select  |      0|  0|   2|           1|           1|
    |select_ln777_5_fu_1189_p3         |  select  |      0|  0|   2|           1|           1|
    |select_ln777_6_fu_1241_p3         |  select  |      0|  0|   2|           1|           1|
    |select_ln777_7_fu_1293_p3         |  select  |      0|  0|   2|           1|           1|
    |select_ln777_fu_929_p3            |  select  |      0|  0|   2|           1|           1|
    |ap_enable_pp0                     |    xor   |      0|  0|   2|           1|           2|
    |xor_ln416_1_fu_969_p2             |    xor   |      0|  0|   2|           1|           2|
    |xor_ln416_2_fu_1021_p2            |    xor   |      0|  0|   2|           1|           2|
    |xor_ln416_3_fu_1073_p2            |    xor   |      0|  0|   2|           1|           2|
    |xor_ln416_4_fu_1125_p2            |    xor   |      0|  0|   2|           1|           2|
    |xor_ln416_5_fu_1177_p2            |    xor   |      0|  0|   2|           1|           2|
    |xor_ln416_6_fu_1229_p2            |    xor   |      0|  0|   2|           1|           2|
    |xor_ln416_7_fu_1281_p2            |    xor   |      0|  0|   2|           1|           2|
    |xor_ln416_fu_917_p2               |    xor   |      0|  0|   2|           1|           2|
    +----------------------------------+----------+-------+---+----+------------+------------+
    |Total                             |          |      0|  0| 710|         419|         284|
    +----------------------------------+----------+-------+---+----+------------+------------+

    * Multiplexer: 
    +-------------+----+-----------+-----+-----------+
    |     Name    | LUT| Input Size| Bits| Total Bits|
    +-------------+----+-----------+-----+-----------+
    |ap_done      |   9|          2|    1|          2|
    |ap_return_0  |   9|          2|    8|         16|
    |ap_return_1  |   9|          2|    8|         16|
    |ap_return_2  |   9|          2|    8|         16|
    |ap_return_3  |   9|          2|    8|         16|
    |ap_return_4  |   9|          2|    8|         16|
    |ap_return_5  |   9|          2|    8|         16|
    |ap_return_6  |   9|          2|    8|         16|
    |ap_return_7  |   9|          2|    8|         16|
    +-------------+----+-----------+-----+-----------+
    |Total        |  81|         18|   65|        130|
    +-------------+----+-----------+-----+-----------+

    * Register: 
    +--------------------------+----+----+-----+-----------+
    |           Name           | FF | LUT| Bits| Const Bits|
    +--------------------------+----+----+-----+-----------+
    |add_ln415_1_reg_1426      |   8|   0|    8|          0|
    |add_ln415_2_reg_1442      |   8|   0|    8|          0|
    |add_ln415_3_reg_1458      |   8|   0|    8|          0|
    |add_ln415_4_reg_1474      |   8|   0|    8|          0|
    |add_ln415_5_reg_1490      |   8|   0|    8|          0|
    |add_ln415_6_reg_1506      |   8|   0|    8|          0|
    |add_ln415_7_reg_1522      |   8|   0|    8|          0|
    |add_ln415_reg_1410        |   8|   0|    8|          0|
    |ap_CS_fsm                 |   1|   0|    1|          0|
    |ap_done_reg               |   1|   0|    1|          0|
    |ap_enable_reg_pp0_iter1   |   1|   0|    1|          0|
    |ap_return_0_preg          |   8|   0|    8|          0|
    |ap_return_1_preg          |   8|   0|    8|          0|
    |ap_return_2_preg          |   8|   0|    8|          0|
    |ap_return_3_preg          |   8|   0|    8|          0|
    |ap_return_4_preg          |   8|   0|    8|          0|
    |ap_return_5_preg          |   8|   0|    8|          0|
    |ap_return_6_preg          |   8|   0|    8|          0|
    |ap_return_7_preg          |   8|   0|    8|          0|
    |data_0_V_read_1_reg_1404  |  21|   0|   21|          0|
    |data_1_V_read_1_reg_1398  |  21|   0|   21|          0|
    |data_2_V_read_1_reg_1392  |  21|   0|   21|          0|
    |data_3_V_read_1_reg_1386  |  21|   0|   21|          0|
    |data_4_V_read_1_reg_1380  |  21|   0|   21|          0|
    |data_5_V_read_1_reg_1374  |  21|   0|   21|          0|
    |data_6_V_read_1_reg_1368  |  21|   0|   21|          0|
    |data_7_V_read_1_reg_1362  |  21|   0|   21|          0|
    |icmp_ln768_1_reg_1437     |   1|   0|    1|          0|
    |icmp_ln768_2_reg_1453     |   1|   0|    1|          0|
    |icmp_ln768_3_reg_1469     |   1|   0|    1|          0|
    |icmp_ln768_4_reg_1485     |   1|   0|    1|          0|
    |icmp_ln768_5_reg_1501     |   1|   0|    1|          0|
    |icmp_ln768_6_reg_1517     |   1|   0|    1|          0|
    |icmp_ln768_7_reg_1533     |   1|   0|    1|          0|
    |icmp_ln768_reg_1421       |   1|   0|    1|          0|
    |icmp_ln879_1_reg_1432     |   1|   0|    1|          0|
    |icmp_ln879_2_reg_1448     |   1|   0|    1|          0|
    |icmp_ln879_3_reg_1464     |   1|   0|    1|          0|
    |icmp_ln879_4_reg_1480     |   1|   0|    1|          0|
    |icmp_ln879_5_reg_1496     |   1|   0|    1|          0|
    |icmp_ln879_6_reg_1512     |   1|   0|    1|          0|
    |icmp_ln879_7_reg_1528     |   1|   0|    1|          0|
    |icmp_ln879_reg_1416       |   1|   0|    1|          0|
    +--------------------------+----+----+-----+-----------+
    |Total                     | 315|   0|  315|          0|
    +--------------------------+----+----+-----+-----------+



================================================================
== Interface
================================================================
* Summary: 
+---------------+-----+-----+------------+-------------------------------------------------------------------------+--------------+
|   RTL Ports   | Dir | Bits|  Protocol  |                              Source Object                              |    C Type    |
+---------------+-----+-----+------------+-------------------------------------------------------------------------+--------------+
|ap_clk         |  in |    1| ap_ctrl_hs | relu<ap_fixed<29, 14, 5, 3, 0>, ap_ufixed<8, 2, 4, 0, 0>, relu_config4> | return value |
|ap_rst         |  in |    1| ap_ctrl_hs | relu<ap_fixed<29, 14, 5, 3, 0>, ap_ufixed<8, 2, 4, 0, 0>, relu_config4> | return value |
|ap_start       |  in |    1| ap_ctrl_hs | relu<ap_fixed<29, 14, 5, 3, 0>, ap_ufixed<8, 2, 4, 0, 0>, relu_config4> | return value |
|ap_done        | out |    1| ap_ctrl_hs | relu<ap_fixed<29, 14, 5, 3, 0>, ap_ufixed<8, 2, 4, 0, 0>, relu_config4> | return value |
|ap_continue    |  in |    1| ap_ctrl_hs | relu<ap_fixed<29, 14, 5, 3, 0>, ap_ufixed<8, 2, 4, 0, 0>, relu_config4> | return value |
|ap_idle        | out |    1| ap_ctrl_hs | relu<ap_fixed<29, 14, 5, 3, 0>, ap_ufixed<8, 2, 4, 0, 0>, relu_config4> | return value |
|ap_ready       | out |    1| ap_ctrl_hs | relu<ap_fixed<29, 14, 5, 3, 0>, ap_ufixed<8, 2, 4, 0, 0>, relu_config4> | return value |
|ap_return_0    | out |    8| ap_ctrl_hs | relu<ap_fixed<29, 14, 5, 3, 0>, ap_ufixed<8, 2, 4, 0, 0>, relu_config4> | return value |
|ap_return_1    | out |    8| ap_ctrl_hs | relu<ap_fixed<29, 14, 5, 3, 0>, ap_ufixed<8, 2, 4, 0, 0>, relu_config4> | return value |
|ap_return_2    | out |    8| ap_ctrl_hs | relu<ap_fixed<29, 14, 5, 3, 0>, ap_ufixed<8, 2, 4, 0, 0>, relu_config4> | return value |
|ap_return_3    | out |    8| ap_ctrl_hs | relu<ap_fixed<29, 14, 5, 3, 0>, ap_ufixed<8, 2, 4, 0, 0>, relu_config4> | return value |
|ap_return_4    | out |    8| ap_ctrl_hs | relu<ap_fixed<29, 14, 5, 3, 0>, ap_ufixed<8, 2, 4, 0, 0>, relu_config4> | return value |
|ap_return_5    | out |    8| ap_ctrl_hs | relu<ap_fixed<29, 14, 5, 3, 0>, ap_ufixed<8, 2, 4, 0, 0>, relu_config4> | return value |
|ap_return_6    | out |    8| ap_ctrl_hs | relu<ap_fixed<29, 14, 5, 3, 0>, ap_ufixed<8, 2, 4, 0, 0>, relu_config4> | return value |
|ap_return_7    | out |    8| ap_ctrl_hs | relu<ap_fixed<29, 14, 5, 3, 0>, ap_ufixed<8, 2, 4, 0, 0>, relu_config4> | return value |
|data_0_V_read  |  in |   21|   ap_none  |                              data_0_V_read                              |    scalar    |
|data_1_V_read  |  in |   21|   ap_none  |                              data_1_V_read                              |    scalar    |
|data_2_V_read  |  in |   21|   ap_none  |                              data_2_V_read                              |    scalar    |
|data_3_V_read  |  in |   21|   ap_none  |                              data_3_V_read                              |    scalar    |
|data_4_V_read  |  in |   21|   ap_none  |                              data_4_V_read                              |    scalar    |
|data_5_V_read  |  in |   21|   ap_none  |                              data_5_V_read                              |    scalar    |
|data_6_V_read  |  in |   21|   ap_none  |                              data_6_V_read                              |    scalar    |
|data_7_V_read  |  in |   21|   ap_none  |                              data_7_V_read                              |    scalar    |
+---------------+-----+-----+------------+-------------------------------------------------------------------------+--------------+

