

================================================================
== Vivado HLS Report for 'dense_resource_rf_leq_nin_ap_ufixed_ap_fixed_config11_0_0_0_0_0'
================================================================
* Date:           Wed May 20 10:34:24 2026

* Version:        2020.1 (Build 2897737 on Wed May 27 20:21:37 MDT 2020)
* Project:        myproject_prj
* Solution:       solution1
* Product family: zynq
* Target device:  xc7z020-clg400-1


================================================================
== Performance Estimates
================================================================
+ Timing: 
    * Summary: 
    +--------+---------+----------+------------+
    |  Clock |  Target | Estimated| Uncertainty|
    +--------+---------+----------+------------+
    |ap_clk  | 5.00 ns | 4.170 ns |   0.62 ns  |
    +--------+---------+----------+------------+

+ Latency: 
    * Summary: 
    +---------+---------+-----------+-----------+-----+-----+---------------------------------------------+
    |  Latency (cycles) |   Latency (absolute)  |  Interval |                   Pipeline                  |
    |   min   |   max   |    min    |    max    | min | max |                     Type                    |
    +---------+---------+-----------+-----------+-----+-----+---------------------------------------------+
    |        5|        6| 25.000 ns | 30.000 ns |    3|    3| loop rewind(delay=0 initiation interval(s)) |
    +---------+---------+-----------+-----------+-----+-----+---------------------------------------------+

    + Detail: 
        * Instance: 
        N/A

        * Loop: 
        +-------------+---------+---------+----------+-----------+-----------+------+----------+
        |             |  Latency (cycles) | Iteration|  Initiation Interval  | Trip |          |
        |  Loop Name  |   min   |   max   |  Latency |  achieved |   target  | Count| Pipelined|
        +-------------+---------+---------+----------+-----------+-----------+------+----------+
        |- ReuseLoop  |        5|        5|         4|          1|          1|     3|    yes   |
        +-------------+---------+---------+----------+-----------+-----------+------+----------+



================================================================
== Utilization Estimates
================================================================
* Summary: 
+-----------------+---------+-------+--------+-------+-----+
|       Name      | BRAM_18K| DSP48E|   FF   |  LUT  | URAM|
+-----------------+---------+-------+--------+-------+-----+
|DSP              |        -|      -|       -|      -|    -|
|Expression       |        -|      0|       0|    285|    -|
|FIFO             |        -|      -|       -|      -|    -|
|Instance         |        -|      -|       0|     45|    -|
|Memory           |        1|      -|       0|      0|    -|
|Multiplexer      |        -|      -|       -|    261|    -|
|Register         |        0|      -|     374|     32|    -|
+-----------------+---------+-------+--------+-------+-----+
|Total            |        1|      0|     374|    623|    0|
+-----------------+---------+-------+--------+-------+-----+
|Available        |      280|    220|  106400|  53200|    0|
+-----------------+---------+-------+--------+-------+-----+
|Utilization (%)  |    ~0   |      0|   ~0   |      1|    0|
+-----------------+---------+-------+--------+-------+-----+

+ Detail: 
    * Instance: 
    +-----------------------------+------------------------+---------+-------+---+----+-----+
    |           Instance          |         Module         | BRAM_18K| DSP48E| FF| LUT| URAM|
    +-----------------------------+------------------------+---------+-------+---+----+-----+
    |myproject_mux_32_8_1_1_U109  |myproject_mux_32_8_1_1  |        0|      0|  0|  45|    0|
    +-----------------------------+------------------------+---------+-------+---+----+-----+
    |Total                        |                        |        0|      0|  0|  45|    0|
    +-----------------------------+------------------------+---------+-------+---+----+-----+

    * DSP48E: 
    N/A

    * Memory: 
    +---------+-----------------------------------------------------------------------+---------+---+----+-----+------+-----+------+-------------+
    |  Memory |                                 Module                                | BRAM_18K| FF| LUT| URAM| Words| Bits| Banks| W*Bits*Banks|
    +---------+-----------------------------------------------------------------------+---------+---+----+-----+------+-----+------+-------------+
    |w11_V_U  |dense_resource_rf_leq_nin_ap_ufixed_ap_fixed_config11_0_0_0_0_0_w11_V  |        1|  0|   0|    0|     3|   31|     1|           93|
    +---------+-----------------------------------------------------------------------+---------+---+----+-----+------+-----+------+-------------+
    |Total    |                                                                       |        1|  0|   0|    0|     3|   31|     1|           93|
    +---------+-----------------------------------------------------------------------+---------+---+----+-----+------+-----+------+-------------+

    * FIFO: 
    N/A

    * Expression: 
    +-------------------------+----------+-------+---+----+------------+------------+
    |      Variable Name      | Operation| DSP48E| FF| LUT| Bitwidth P0| Bitwidth P1|
    +-------------------------+----------+-------+---+----+------------+------------+
    |mul_ln1118_14_fu_372_p2  |     *    |      0|  0|  41|           8|           8|
    |mul_ln1118_15_fu_391_p2  |     *    |      0|  0|  41|           8|           8|
    |mul_ln1118_16_fu_413_p2  |     *    |      0|  0|  41|           7|           8|
    |mul_ln1118_fu_353_p2     |     *    |      0|  0|  41|           8|           8|
    |acc_0_V_fu_432_p2        |     +    |      0|  0|  23|          16|          16|
    |acc_1_V_fu_441_p2        |     +    |      0|  0|  23|          16|          16|
    |acc_2_V_fu_450_p2        |     +    |      0|  0|  23|          16|          16|
    |acc_3_V_fu_459_p2        |     +    |      0|  0|  23|          16|          16|
    |w_index_fu_289_p2        |     +    |      0|  0|  10|           1|           2|
    |ap_condition_147         |    and   |      0|  0|   2|           1|           1|
    |ap_condition_153         |    and   |      0|  0|   2|           1|           1|
    |ap_condition_44          |    and   |      0|  0|   2|           1|           1|
    |icmp_ln46_fu_295_p2      |   icmp   |      0|  0|   9|           2|           3|
    |ap_block_state1          |    or    |      0|  0|   2|           1|           1|
    |ap_enable_pp0            |    xor   |      0|  0|   2|           1|           2|
    +-------------------------+----------+-------+---+----+------------+------------+
    |Total                    |          |      0|  0| 285|         103|         107|
    +-------------------------+----------+-------+---+----+------------+------------+

    * Multiplexer: 
    +--------------------------------------------+----+-----------+-----+-----------+
    |                    Name                    | LUT| Input Size| Bits| Total Bits|
    +--------------------------------------------+----+-----------+-----+-----------+
    |ap_NS_fsm                                   |  15|          3|    1|          3|
    |ap_done                                     |   9|          2|    1|          2|
    |ap_enable_reg_pp0_iter1                     |   9|          2|    1|          2|
    |ap_enable_reg_pp0_iter3                     |   9|          2|    1|          2|
    |ap_phi_mux_do_init_phi_fu_123_p6            |  15|          3|    1|          3|
    |ap_phi_mux_p_read10_phi_phi_fu_196_p4       |   9|          2|    8|         16|
    |ap_phi_mux_p_read10_rewind_phi_fu_154_p6    |   9|          2|    8|         16|
    |ap_phi_mux_p_read111_phi_phi_fu_208_p4      |   9|          2|    8|         16|
    |ap_phi_mux_p_read111_rewind_phi_fu_168_p6   |   9|          2|    8|         16|
    |ap_phi_mux_p_read212_phi_phi_fu_220_p4      |   9|          2|    8|         16|
    |ap_phi_mux_p_read212_rewind_phi_fu_182_p6   |   9|          2|    8|         16|
    |ap_phi_mux_w_index9_phi_fu_139_p6           |  15|          3|    2|          6|
    |ap_phi_reg_pp0_iter1_p_read10_phi_reg_192   |   9|          2|    8|         16|
    |ap_phi_reg_pp0_iter1_p_read111_phi_reg_204  |   9|          2|    8|         16|
    |ap_phi_reg_pp0_iter1_p_read212_phi_reg_216  |   9|          2|    8|         16|
    |ap_return_0                                 |   9|          2|   16|         32|
    |ap_return_1                                 |   9|          2|   16|         32|
    |ap_return_2                                 |   9|          2|   16|         32|
    |ap_return_3                                 |   9|          2|   16|         32|
    |p_Val2_116_reg_242                          |   9|          2|   16|         32|
    |p_Val2_124_reg_256                          |   9|          2|   16|         32|
    |p_Val2_132_reg_270                          |   9|          2|   16|         32|
    |p_Val2_8_reg_228                            |   9|          2|   16|         32|
    |p_read10_phi_reg_192                        |   9|          2|    8|         16|
    |p_read111_phi_reg_204                       |   9|          2|    8|         16|
    |p_read212_phi_reg_216                       |   9|          2|    8|         16|
    |w_index9_reg_135                            |   9|          2|    2|          4|
    +--------------------------------------------+----+-----------+-----+-----------+
    |Total                                       | 261|         57|  233|        470|
    +--------------------------------------------+----+-----------+-----+-----------+

    * Register: 
    +--------------------------------------------+----+----+-----+-----------+
    |                    Name                    | FF | LUT| Bits| Const Bits|
    +--------------------------------------------+----+----+-----+-----------+
    |ap_CS_fsm                                   |   2|   0|    2|          0|
    |ap_done_reg                                 |   1|   0|    1|          0|
    |ap_enable_reg_pp0_iter1                     |   1|   0|    1|          0|
    |ap_enable_reg_pp0_iter2                     |   1|   0|    1|          0|
    |ap_enable_reg_pp0_iter3                     |   1|   0|    1|          0|
    |ap_phi_reg_pp0_iter1_p_read10_phi_reg_192   |   8|   0|    8|          0|
    |ap_phi_reg_pp0_iter1_p_read111_phi_reg_204  |   8|   0|    8|          0|
    |ap_phi_reg_pp0_iter1_p_read212_phi_reg_216  |   8|   0|    8|          0|
    |ap_return_0_preg                            |  16|   0|   17|          1|
    |ap_return_1_preg                            |  16|   0|   17|          1|
    |ap_return_2_preg                            |  16|   0|   17|          1|
    |ap_return_3_preg                            |  16|   0|   17|          1|
    |do_init_reg_119                             |   1|   0|    1|          0|
    |icmp_ln46_reg_550                           |   1|   0|    1|          0|
    |p_Val2_116_reg_242                          |  16|   0|   16|          0|
    |p_Val2_124_reg_256                          |  16|   0|   16|          0|
    |p_Val2_132_reg_270                          |  16|   0|   16|          0|
    |p_Val2_8_reg_228                            |  16|   0|   16|          0|
    |p_read10_phi_reg_192                        |   8|   0|    8|          0|
    |p_read10_rewind_reg_150                     |   8|   0|    8|          0|
    |p_read111_phi_reg_204                       |   8|   0|    8|          0|
    |p_read111_rewind_reg_164                    |   8|   0|    8|          0|
    |p_read212_phi_reg_216                       |   8|   0|    8|          0|
    |p_read212_rewind_reg_178                    |   8|   0|    8|          0|
    |tmp_38_reg_565                              |   8|   0|    8|          0|
    |tmp_39_reg_570                              |   8|   0|    8|          0|
    |tmp_40_reg_554                              |   8|   0|    8|          0|
    |tmp_41_reg_575                              |   7|   0|    7|          0|
    |trunc_ln59_reg_560                          |   8|   0|    8|          0|
    |trunc_ln708_13_reg_590                      |  15|   0|   15|          0|
    |trunc_ln708_14_reg_595                      |  14|   0|   14|          0|
    |trunc_ln708_s_reg_585                       |  15|   0|   15|          0|
    |trunc_ln_reg_580                            |  15|   0|   15|          0|
    |w_index9_reg_135                            |   2|   0|    2|          0|
    |w_index_reg_545                             |   2|   0|    2|          0|
    |icmp_ln46_reg_550                           |  64|  32|    1|          0|
    +--------------------------------------------+----+----+-----+-----------+
    |Total                                       | 374|  32|  315|          4|
    +--------------------------------------------+----+----+-----+-----------+



================================================================
== Interface
================================================================
* Summary: 
+-------------+-----+-----+------------+------------------------------------------------------------------+--------------+
|  RTL Ports  | Dir | Bits|  Protocol  |                           Source Object                          |    C Type    |
+-------------+-----+-----+------------+------------------------------------------------------------------+--------------+
|ap_clk       |  in |    1| ap_ctrl_hs | dense_resource_rf_leq_nin<ap_ufixed,ap_fixed,config11>.0.0.0.0.0 | return value |
|ap_rst       |  in |    1| ap_ctrl_hs | dense_resource_rf_leq_nin<ap_ufixed,ap_fixed,config11>.0.0.0.0.0 | return value |
|ap_start     |  in |    1| ap_ctrl_hs | dense_resource_rf_leq_nin<ap_ufixed,ap_fixed,config11>.0.0.0.0.0 | return value |
|ap_done      | out |    1| ap_ctrl_hs | dense_resource_rf_leq_nin<ap_ufixed,ap_fixed,config11>.0.0.0.0.0 | return value |
|ap_continue  |  in |    1| ap_ctrl_hs | dense_resource_rf_leq_nin<ap_ufixed,ap_fixed,config11>.0.0.0.0.0 | return value |
|ap_idle      | out |    1| ap_ctrl_hs | dense_resource_rf_leq_nin<ap_ufixed,ap_fixed,config11>.0.0.0.0.0 | return value |
|ap_ready     | out |    1| ap_ctrl_hs | dense_resource_rf_leq_nin<ap_ufixed,ap_fixed,config11>.0.0.0.0.0 | return value |
|ap_return_0  | out |   17| ap_ctrl_hs | dense_resource_rf_leq_nin<ap_ufixed,ap_fixed,config11>.0.0.0.0.0 | return value |
|ap_return_1  | out |   17| ap_ctrl_hs | dense_resource_rf_leq_nin<ap_ufixed,ap_fixed,config11>.0.0.0.0.0 | return value |
|ap_return_2  | out |   17| ap_ctrl_hs | dense_resource_rf_leq_nin<ap_ufixed,ap_fixed,config11>.0.0.0.0.0 | return value |
|ap_return_3  | out |   17| ap_ctrl_hs | dense_resource_rf_leq_nin<ap_ufixed,ap_fixed,config11>.0.0.0.0.0 | return value |
|p_read       |  in |    8|   ap_none  |                              p_read                              |    scalar    |
|p_read1      |  in |    8|   ap_none  |                              p_read1                             |    scalar    |
|p_read2      |  in |    8|   ap_none  |                              p_read2                             |    scalar    |
+-------------+-----+-----+------------+------------------------------------------------------------------+--------------+

