

================================================================
== Vivado HLS Report for 'myproject'
================================================================
* Date:           Wed May 20 10:34:28 2026

* Version:        2020.1 (Build 2897737 on Wed May 27 20:21:37 MDT 2020)
* Project:        myproject_prj
* Solution:       solution1
* Product family: zynq
* Target device:  xc7z020-clg400-1


================================================================
== Performance Estimates
================================================================
+ Timing: 
    * Summary: 
    +--------+---------+----------+------------+
    |  Clock |  Target | Estimated| Uncertainty|
    +--------+---------+----------+------------+
    |ap_clk  | 5.00 ns | 4.248 ns |   0.62 ns  |
    +--------+---------+----------+------------+

+ Latency: 
    * Summary: 
    +---------+---------+----------+----------+-----+-----+----------+
    |  Latency (cycles) |  Latency (absolute) |  Interval | Pipeline |
    |   min   |   max   |    min   |    max   | min | max |   Type   |
    +---------+---------+----------+----------+-----+-----+----------+
    |       58|       64| 0.290 us | 0.320 us |    4|    4| dataflow |
    +---------+---------+----------+----------+-----+-----+----------+

    + Detail: 
        * Instance: 
        +----------------------------------------------------------------------------+-------------------------------------------------------------------------+---------+---------+-----------+-----------+-----+-----+---------------------------------------------+
        |                                                                            |                                                                         |  Latency (cycles) |   Latency (absolute)  |  Interval |                   Pipeline                  |
        |                                  Instance                                  |                                  Module                                 |   min   |   max   |    min    |    max    | min | max |                     Type                    |
        +----------------------------------------------------------------------------+-------------------------------------------------------------------------+---------+---------+-----------+-----------+-----+-----+---------------------------------------------+
        |dense_resource_rf_leq_nin_ap_fixed_ap_fixed_config2_0_0_0_0_0_0_0_0_0_U0    |dense_resource_rf_leq_nin_ap_fixed_ap_fixed_config2_0_0_0_0_0_0_0_0_0    |       14|       15| 70.000 ns | 75.000 ns |    2|    2| loop rewind(delay=0 initiation interval(s)) |
        |dense_resource_rf_leq_nin_0_0_0_0_0_0_0_0_0_0_0_0_0_0_0_U0                  |dense_resource_rf_leq_nin_0_0_0_0_0_0_0_0_0_0_0_0_0_0_0                  |        6|        7| 30.000 ns | 35.000 ns |    4|    4| loop rewind(delay=0 initiation interval(s)) |
        |dense_resource_rf_leq_nin_ap_ufixed_ap_fixed_config5_0_0_0_0_0_U0           |dense_resource_rf_leq_nin_ap_ufixed_ap_fixed_config5_0_0_0_0_0           |        6|        7| 30.000 ns | 35.000 ns |    4|    4| loop rewind(delay=0 initiation interval(s)) |
        |dense_resource_rf_leq_nin_ap_ufixed_ap_fixed_config14_0_0_0_0_0_0_0_0_0_U0  |dense_resource_rf_leq_nin_ap_ufixed_ap_fixed_config14_0_0_0_0_0_0_0_0_0  |        6|        7| 30.000 ns | 35.000 ns |    4|    4| loop rewind(delay=0 initiation interval(s)) |
        |relu_ap_fixed_29_14_5_3_0_ap_ufixed_8_2_4_0_0_relu_config4_U0               |relu_ap_fixed_29_14_5_3_0_ap_ufixed_8_2_4_0_0_relu_config4_s             |        1|        1|  5.000 ns |  5.000 ns |    1|    1|                   function                  |
        |relu_ap_fixed_19_8_5_3_0_ap_ufixed_8_2_4_0_0_relu_config16_U0               |relu_ap_fixed_19_8_5_3_0_ap_ufixed_8_2_4_0_0_relu_config16_s             |        1|        1|  5.000 ns |  5.000 ns |    1|    1|                   function                  |
        |dense_resource_rf_leq_nin_ap_ufixed_ap_fixed_config11_0_0_0_0_0_U0          |dense_resource_rf_leq_nin_ap_ufixed_ap_fixed_config11_0_0_0_0_0          |        5|        6| 25.000 ns | 30.000 ns |    3|    3| loop rewind(delay=0 initiation interval(s)) |
        |dense_resource_rf_leq_nin_ap_ufixed_ap_fixed_19_8_5_3_0_config8_0_0_0_0_U0  |dense_resource_rf_leq_nin_ap_ufixed_ap_fixed_19_8_5_3_0_config8_0_0_0_0  |        6|        7| 30.000 ns | 35.000 ns |    4|    4| loop rewind(delay=0 initiation interval(s)) |
        |relu_ap_fixed_20_9_5_3_0_ap_ufixed_8_2_4_0_0_relu_config7_U0                |relu_ap_fixed_20_9_5_3_0_ap_ufixed_8_2_4_0_0_relu_config7_s              |        1|        1|  5.000 ns |  5.000 ns |    1|    1|                   function                  |
        |relu_ap_fixed_19_8_5_3_0_ap_ufixed_8_2_4_0_0_relu_config13_U0               |relu_ap_fixed_19_8_5_3_0_ap_ufixed_8_2_4_0_0_relu_config13_s             |        1|        1|  5.000 ns |  5.000 ns |    1|    1|                   function                  |
        |relu_ap_fixed_19_8_5_3_0_ap_ufixed_8_2_4_0_0_relu_config10_U0               |relu_ap_fixed_19_8_5_3_0_ap_ufixed_8_2_4_0_0_relu_config10_s             |        1|        1|  5.000 ns |  5.000 ns |    1|    1|                   function                  |
        +----------------------------------------------------------------------------+-------------------------------------------------------------------------+---------+---------+-----------+-----------+-----+-----+---------------------------------------------+

        * Loop: 
        N/A



================================================================
== Utilization Estimates
================================================================
* Summary: 
+-----------------+---------+-------+--------+-------+-----+
|       Name      | BRAM_18K| DSP48E|   FF   |  LUT  | URAM|
+-----------------+---------+-------+--------+-------+-----+
|DSP              |        -|      -|       -|      -|    -|
|Expression       |        -|      -|       0|    258|    -|
|FIFO             |        0|      -|     270|   1355|    -|
|Instance         |       26|     55|   22579|  29844|    -|
|Memory           |        -|      -|       -|      -|    -|
|Multiplexer      |        -|      -|       -|    486|    -|
|Register         |        -|      -|      54|      -|    -|
+-----------------+---------+-------+--------+-------+-----+
|Total            |       26|     55|   22903|  31943|    0|
+-----------------+---------+-------+--------+-------+-----+
|Available        |      280|    220|  106400|  53200|    0|
+-----------------+---------+-------+--------+-------+-----+
|Utilization (%)  |        9|     25|      21|     60|    0|
+-----------------+---------+-------+--------+-------+-----+

+ Detail: 
    * Instance: 
    +----------------------------------------------------------------------------+-------------------------------------------------------------------------+---------+-------+-------+-------+-----+
    |                                  Instance                                  |                                  Module                                 | BRAM_18K| DSP48E|   FF  |  LUT  | URAM|
    +----------------------------------------------------------------------------+-------------------------------------------------------------------------+---------+-------+-------+-------+-----+
    |dense_resource_rf_leq_nin_0_0_0_0_0_0_0_0_0_0_0_0_0_0_0_U0                  |dense_resource_rf_leq_nin_0_0_0_0_0_0_0_0_0_0_0_0_0_0_0                  |        7|      0|   1356|   3411|    0|
    |dense_resource_rf_leq_nin_ap_fixed_ap_fixed_config2_0_0_0_0_0_0_0_0_0_U0    |dense_resource_rf_leq_nin_ap_fixed_ap_fixed_config2_0_0_0_0_0_0_0_0_0    |       13|     55|  18260|  20275|    0|
    |dense_resource_rf_leq_nin_ap_ufixed_ap_fixed_19_8_5_3_0_config8_0_0_0_0_U0  |dense_resource_rf_leq_nin_ap_ufixed_ap_fixed_19_8_5_3_0_config8_0_0_0_0  |        1|      0|    343|    576|    0|
    |dense_resource_rf_leq_nin_ap_ufixed_ap_fixed_config11_0_0_0_0_0_U0          |dense_resource_rf_leq_nin_ap_ufixed_ap_fixed_config11_0_0_0_0_0          |        1|      0|    374|    623|    0|
    |dense_resource_rf_leq_nin_ap_ufixed_ap_fixed_config14_0_0_0_0_0_0_0_0_0_U0  |dense_resource_rf_leq_nin_ap_ufixed_ap_fixed_config14_0_0_0_0_0_0_0_0_0  |        2|      0|    618|    986|    0|
    |dense_resource_rf_leq_nin_ap_ufixed_ap_fixed_config5_0_0_0_0_0_U0           |dense_resource_rf_leq_nin_ap_ufixed_ap_fixed_config5_0_0_0_0_0           |        2|      0|    636|   1317|    0|
    |relu_ap_fixed_19_8_5_3_0_ap_ufixed_8_2_4_0_0_relu_config10_U0               |relu_ap_fixed_19_8_5_3_0_ap_ufixed_8_2_4_0_0_relu_config10_s             |        0|      0|    108|    300|    0|
    |relu_ap_fixed_19_8_5_3_0_ap_ufixed_8_2_4_0_0_relu_config13_U0               |relu_ap_fixed_19_8_5_3_0_ap_ufixed_8_2_4_0_0_relu_config13_s             |        0|      0|    143|    395|    0|
    |relu_ap_fixed_19_8_5_3_0_ap_ufixed_8_2_4_0_0_relu_config16_U0               |relu_ap_fixed_19_8_5_3_0_ap_ufixed_8_2_4_0_0_relu_config16_s             |        0|      0|    283|    775|    0|
    |relu_ap_fixed_20_9_5_3_0_ap_ufixed_8_2_4_0_0_relu_config7_U0                |relu_ap_fixed_20_9_5_3_0_ap_ufixed_8_2_4_0_0_relu_config7_s              |        0|      0|    143|    395|    0|
    |relu_ap_fixed_29_14_5_3_0_ap_ufixed_8_2_4_0_0_relu_config4_U0               |relu_ap_fixed_29_14_5_3_0_ap_ufixed_8_2_4_0_0_relu_config4_s             |        0|      0|    315|    791|    0|
    +----------------------------------------------------------------------------+-------------------------------------------------------------------------+---------+-------+-------+-------+-----+
    |Total                                                                       |                                                                         |       26|     55|  22579|  29844|    0|
    +----------------------------------------------------------------------------+-------------------------------------------------------------------------+---------+-------+-------+-------+-----+

    * DSP48E: 
    N/A

    * Memory: 
    N/A

    * FIFO: 
    +-------------------+---------+---+----+-----+------+-----+---------+
    |        Name       | BRAM_18K| FF| LUT| URAM| Depth| Bits| Size:D*B|
    +-------------------+---------+---+----+-----+------+-----+---------+
    |layer10_out_0_V_U  |        0|  5|   0|    -|     2|    8|       16|
    |layer10_out_1_V_U  |        0|  5|   0|    -|     2|    8|       16|
    |layer10_out_2_V_U  |        0|  5|   0|    -|     2|    8|       16|
    |layer11_out_0_V_U  |        0|  5|   0|    -|     2|   17|       34|
    |layer11_out_1_V_U  |        0|  5|   0|    -|     2|   17|       34|
    |layer11_out_2_V_U  |        0|  5|   0|    -|     2|   17|       34|
    |layer11_out_3_V_U  |        0|  5|   0|    -|     2|   17|       34|
    |layer13_out_0_V_U  |        0|  5|   0|    -|     2|    8|       16|
    |layer13_out_1_V_U  |        0|  5|   0|    -|     2|    8|       16|
    |layer13_out_2_V_U  |        0|  5|   0|    -|     2|    8|       16|
    |layer13_out_3_V_U  |        0|  5|   0|    -|     2|    8|       16|
    |layer14_out_0_V_U  |        0|  5|   0|    -|     2|   17|       34|
    |layer14_out_1_V_U  |        0|  5|   0|    -|     2|   17|       34|
    |layer14_out_2_V_U  |        0|  5|   0|    -|     2|   17|       34|
    |layer14_out_3_V_U  |        0|  5|   0|    -|     2|   17|       34|
    |layer14_out_4_V_U  |        0|  5|   0|    -|     2|   17|       34|
    |layer14_out_5_V_U  |        0|  5|   0|    -|     2|   17|       34|
    |layer14_out_6_V_U  |        0|  5|   0|    -|     2|   17|       34|
    |layer14_out_7_V_U  |        0|  5|   0|    -|     2|   17|       34|
    |layer16_out_0_V_U  |        0|  5|   0|    -|     2|    8|       16|
    |layer16_out_1_V_U  |        0|  5|   0|    -|     2|    8|       16|
    |layer16_out_2_V_U  |        0|  5|   0|    -|     2|    8|       16|
    |layer16_out_3_V_U  |        0|  5|   0|    -|     2|    8|       16|
    |layer16_out_4_V_U  |        0|  5|   0|    -|     2|    8|       16|
    |layer16_out_5_V_U  |        0|  5|   0|    -|     2|    8|       16|
    |layer16_out_6_V_U  |        0|  5|   0|    -|     2|    8|       16|
    |layer16_out_7_V_U  |        0|  5|   0|    -|     2|    8|       16|
    |layer2_out_0_V_U   |        0|  5|   0|    -|     2|   21|       42|
    |layer2_out_1_V_U   |        0|  5|   0|    -|     2|   21|       42|
    |layer2_out_2_V_U   |        0|  5|   0|    -|     2|   21|       42|
    |layer2_out_3_V_U   |        0|  5|   0|    -|     2|   21|       42|
    |layer2_out_4_V_U   |        0|  5|   0|    -|     2|   21|       42|
    |layer2_out_5_V_U   |        0|  5|   0|    -|     2|   21|       42|
    |layer2_out_6_V_U   |        0|  5|   0|    -|     2|   21|       42|
    |layer2_out_7_V_U   |        0|  5|   0|    -|     2|   21|       42|
    |layer4_out_0_V_U   |        0|  5|   0|    -|     2|    8|       16|
    |layer4_out_1_V_U   |        0|  5|   0|    -|     2|    8|       16|
    |layer4_out_2_V_U   |        0|  5|   0|    -|     2|    8|       16|
    |layer4_out_3_V_U   |        0|  5|   0|    -|     2|    8|       16|
    |layer4_out_4_V_U   |        0|  5|   0|    -|     2|    8|       16|
    |layer4_out_5_V_U   |        0|  5|   0|    -|     2|    8|       16|
    |layer4_out_6_V_U   |        0|  5|   0|    -|     2|    8|       16|
    |layer4_out_7_V_U   |        0|  5|   0|    -|     2|    8|       16|
    |layer5_out_0_V_U   |        0|  5|   0|    -|     2|   17|       34|
    |layer5_out_1_V_U   |        0|  5|   0|    -|     2|   17|       34|
    |layer5_out_2_V_U   |        0|  5|   0|    -|     2|   17|       34|
    |layer5_out_3_V_U   |        0|  5|   0|    -|     2|   17|       34|
    |layer7_out_0_V_U   |        0|  5|   0|    -|     2|    8|       16|
    |layer7_out_1_V_U   |        0|  5|   0|    -|     2|    8|       16|
    |layer7_out_2_V_U   |        0|  5|   0|    -|     2|    8|       16|
    |layer7_out_3_V_U   |        0|  5|   0|    -|     2|    8|       16|
    |layer8_out_0_V_U   |        0|  5|   0|    -|     2|   17|       34|
    |layer8_out_1_V_U   |        0|  5|   0|    -|     2|   17|       34|
    |layer8_out_2_V_U   |        0|  5|   0|    -|     2|   17|       34|
    +-------------------+---------+---+----+-----+------+-----+---------+
    |Total              |        0|270|   0|    0|   108|  707|     1414|
    +-------------------+---------+---+----+-----+------+-----+---------+

    * Expression: 
    +----------------------------------------------------------------------------------------+----------+-------+---+----+------------+------------+
    |                                      Variable Name                                     | Operation| DSP48E| FF| LUT| Bitwidth P0| Bitwidth P1|
    +----------------------------------------------------------------------------------------+----------+-------+---+----+------------+------------+
    |ap_channel_done_layer10_out_0_V                                                         |    and   |      0|  0|   2|           1|           1|
    |ap_channel_done_layer10_out_1_V                                                         |    and   |      0|  0|   2|           1|           1|
    |ap_channel_done_layer10_out_2_V                                                         |    and   |      0|  0|   2|           1|           1|
    |ap_channel_done_layer11_out_0_V                                                         |    and   |      0|  0|   2|           1|           1|
    |ap_channel_done_layer11_out_1_V                                                         |    and   |      0|  0|   2|           1|           1|
    |ap_channel_done_layer11_out_2_V                                                         |    and   |      0|  0|   2|           1|           1|
    |ap_channel_done_layer11_out_3_V                                                         |    and   |      0|  0|   2|           1|           1|
    |ap_channel_done_layer13_out_0_V                                                         |    and   |      0|  0|   2|           1|           1|
    |ap_channel_done_layer13_out_1_V                                                         |    and   |      0|  0|   2|           1|           1|
    |ap_channel_done_layer13_out_2_V                                                         |    and   |      0|  0|   2|           1|           1|
    |ap_channel_done_layer13_out_3_V                                                         |    and   |      0|  0|   2|           1|           1|
    |ap_channel_done_layer14_out_0_V                                                         |    and   |      0|  0|   2|           1|           1|
    |ap_channel_done_layer14_out_1_V                                                         |    and   |      0|  0|   2|           1|           1|
    |ap_channel_done_layer14_out_2_V                                                         |    and   |      0|  0|   2|           1|           1|
    |ap_channel_done_layer14_out_3_V                                                         |    and   |      0|  0|   2|           1|           1|
    |ap_channel_done_layer14_out_4_V                                                         |    and   |      0|  0|   2|           1|           1|
    |ap_channel_done_layer14_out_5_V                                                         |    and   |      0|  0|   2|           1|           1|
    |ap_channel_done_layer14_out_6_V                                                         |    and   |      0|  0|   2|           1|           1|
    |ap_channel_done_layer14_out_7_V                                                         |    and   |      0|  0|   2|           1|           1|
    |ap_channel_done_layer16_out_0_V                                                         |    and   |      0|  0|   2|           1|           1|
    |ap_channel_done_layer16_out_1_V                                                         |    and   |      0|  0|   2|           1|           1|
    |ap_channel_done_layer16_out_2_V                                                         |    and   |      0|  0|   2|           1|           1|
    |ap_channel_done_layer16_out_3_V                                                         |    and   |      0|  0|   2|           1|           1|
    |ap_channel_done_layer16_out_4_V                                                         |    and   |      0|  0|   2|           1|           1|
    |ap_channel_done_layer16_out_5_V                                                         |    and   |      0|  0|   2|           1|           1|
    |ap_channel_done_layer16_out_6_V                                                         |    and   |      0|  0|   2|           1|           1|
    |ap_channel_done_layer16_out_7_V                                                         |    and   |      0|  0|   2|           1|           1|
    |ap_channel_done_layer2_out_0_V                                                          |    and   |      0|  0|   2|           1|           1|
    |ap_channel_done_layer2_out_1_V                                                          |    and   |      0|  0|   2|           1|           1|
    |ap_channel_done_layer2_out_2_V                                                          |    and   |      0|  0|   2|           1|           1|
    |ap_channel_done_layer2_out_3_V                                                          |    and   |      0|  0|   2|           1|           1|
    |ap_channel_done_layer2_out_4_V                                                          |    and   |      0|  0|   2|           1|           1|
    |ap_channel_done_layer2_out_5_V                                                          |    and   |      0|  0|   2|           1|           1|
    |ap_channel_done_layer2_out_6_V                                                          |    and   |      0|  0|   2|           1|           1|
    |ap_channel_done_layer2_out_7_V                                                          |    and   |      0|  0|   2|           1|           1|
    |ap_channel_done_layer4_out_0_V                                                          |    and   |      0|  0|   2|           1|           1|
    |ap_channel_done_layer4_out_1_V                                                          |    and   |      0|  0|   2|           1|           1|
    |ap_channel_done_layer4_out_2_V                                                          |    and   |      0|  0|   2|           1|           1|
    |ap_channel_done_layer4_out_3_V                                                          |    and   |      0|  0|   2|           1|           1|
    |ap_channel_done_layer4_out_4_V                                                          |    and   |      0|  0|   2|           1|           1|
    |ap_channel_done_layer4_out_5_V                                                          |    and   |      0|  0|   2|           1|           1|
    |ap_channel_done_layer4_out_6_V                                                          |    and   |      0|  0|   2|           1|           1|
    |ap_channel_done_layer4_out_7_V                                                          |    and   |      0|  0|   2|           1|           1|
    |ap_channel_done_layer5_out_0_V                                                          |    and   |      0|  0|   2|           1|           1|
    |ap_channel_done_layer5_out_1_V                                                          |    and   |      0|  0|   2|           1|           1|
    |ap_channel_done_layer5_out_2_V                                                          |    and   |      0|  0|   2|           1|           1|
    |ap_channel_done_layer5_out_3_V                                                          |    and   |      0|  0|   2|           1|           1|
    |ap_channel_done_layer7_out_0_V                                                          |    and   |      0|  0|   2|           1|           1|
    |ap_channel_done_layer7_out_1_V                                                          |    and   |      0|  0|   2|           1|           1|
    |ap_channel_done_layer7_out_2_V                                                          |    and   |      0|  0|   2|           1|           1|
    |ap_channel_done_layer7_out_3_V                                                          |    and   |      0|  0|   2|           1|           1|
    |ap_channel_done_layer8_out_0_V                                                          |    and   |      0|  0|   2|           1|           1|
    |ap_channel_done_layer8_out_1_V                                                          |    and   |      0|  0|   2|           1|           1|
    |ap_channel_done_layer8_out_2_V                                                          |    and   |      0|  0|   2|           1|           1|
    |ap_idle                                                                                 |    and   |      0|  0|   2|           1|           1|
    |dense_resource_rf_leq_nin_0_0_0_0_0_0_0_0_0_0_0_0_0_0_0_U0_ap_start                     |    and   |      0|  0|   2|           1|           1|
    |dense_resource_rf_leq_nin_ap_fixed_ap_fixed_config2_0_0_0_0_0_0_0_0_0_U0_ap_continue    |    and   |      0|  0|   2|           1|           1|
    |dense_resource_rf_leq_nin_ap_ufixed_ap_fixed_19_8_5_3_0_config8_0_0_0_0_U0_ap_continue  |    and   |      0|  0|   2|           1|           1|
    |dense_resource_rf_leq_nin_ap_ufixed_ap_fixed_19_8_5_3_0_config8_0_0_0_0_U0_ap_start     |    and   |      0|  0|   2|           1|           1|
    |dense_resource_rf_leq_nin_ap_ufixed_ap_fixed_config11_0_0_0_0_0_U0_ap_continue          |    and   |      0|  0|   2|           1|           1|
    |dense_resource_rf_leq_nin_ap_ufixed_ap_fixed_config11_0_0_0_0_0_U0_ap_start             |    and   |      0|  0|   2|           1|           1|
    |dense_resource_rf_leq_nin_ap_ufixed_ap_fixed_config14_0_0_0_0_0_0_0_0_0_U0_ap_continue  |    and   |      0|  0|   2|           1|           1|
    |dense_resource_rf_leq_nin_ap_ufixed_ap_fixed_config14_0_0_0_0_0_0_0_0_0_U0_ap_start     |    and   |      0|  0|   2|           1|           1|
    |dense_resource_rf_leq_nin_ap_ufixed_ap_fixed_config5_0_0_0_0_0_U0_ap_continue           |    and   |      0|  0|   2|           1|           1|
    |dense_resource_rf_leq_nin_ap_ufixed_ap_fixed_config5_0_0_0_0_0_U0_ap_start              |    and   |      0|  0|   2|           1|           1|
    |relu_ap_fixed_19_8_5_3_0_ap_ufixed_8_2_4_0_0_relu_config10_U0_ap_continue               |    and   |      0|  0|   2|           1|           1|
    |relu_ap_fixed_19_8_5_3_0_ap_ufixed_8_2_4_0_0_relu_config10_U0_ap_start                  |    and   |      0|  0|   2|           1|           1|
    |relu_ap_fixed_19_8_5_3_0_ap_ufixed_8_2_4_0_0_relu_config13_U0_ap_continue               |    and   |      0|  0|   2|           1|           1|
    |relu_ap_fixed_19_8_5_3_0_ap_ufixed_8_2_4_0_0_relu_config13_U0_ap_start                  |    and   |      0|  0|   2|           1|           1|
    |relu_ap_fixed_19_8_5_3_0_ap_ufixed_8_2_4_0_0_relu_config16_U0_ap_continue               |    and   |      0|  0|   2|           1|           1|
    |relu_ap_fixed_19_8_5_3_0_ap_ufixed_8_2_4_0_0_relu_config16_U0_ap_start                  |    and   |      0|  0|   2|           1|           1|
    |relu_ap_fixed_20_9_5_3_0_ap_ufixed_8_2_4_0_0_relu_config7_U0_ap_continue                |    and   |      0|  0|   2|           1|           1|
    |relu_ap_fixed_20_9_5_3_0_ap_ufixed_8_2_4_0_0_relu_config7_U0_ap_start                   |    and   |      0|  0|   2|           1|           1|
    |relu_ap_fixed_29_14_5_3_0_ap_ufixed_8_2_4_0_0_relu_config4_U0_ap_continue               |    and   |      0|  0|   2|           1|           1|
    |relu_ap_fixed_29_14_5_3_0_ap_ufixed_8_2_4_0_0_relu_config4_U0_ap_start                  |    and   |      0|  0|   2|           1|           1|
    |ap_sync_channel_write_layer10_out_0_V                                                   |    or    |      0|  0|   2|           1|           1|
    |ap_sync_channel_write_layer10_out_1_V                                                   |    or    |      0|  0|   2|           1|           1|
    |ap_sync_channel_write_layer10_out_2_V                                                   |    or    |      0|  0|   2|           1|           1|
    |ap_sync_channel_write_layer11_out_0_V                                                   |    or    |      0|  0|   2|           1|           1|
    |ap_sync_channel_write_layer11_out_1_V                                                   |    or    |      0|  0|   2|           1|           1|
    |ap_sync_channel_write_layer11_out_2_V                                                   |    or    |      0|  0|   2|           1|           1|
    |ap_sync_channel_write_layer11_out_3_V                                                   |    or    |      0|  0|   2|           1|           1|
    |ap_sync_channel_write_layer13_out_0_V                                                   |    or    |      0|  0|   2|           1|           1|
    |ap_sync_channel_write_layer13_out_1_V                                                   |    or    |      0|  0|   2|           1|           1|
    |ap_sync_channel_write_layer13_out_2_V                                                   |    or    |      0|  0|   2|           1|           1|
    |ap_sync_channel_write_layer13_out_3_V                                                   |    or    |      0|  0|   2|           1|           1|
    |ap_sync_channel_write_layer14_out_0_V                                                   |    or    |      0|  0|   2|           1|           1|
    |ap_sync_channel_write_layer14_out_1_V                                                   |    or    |      0|  0|   2|           1|           1|
    |ap_sync_channel_write_layer14_out_2_V                                                   |    or    |      0|  0|   2|           1|           1|
    |ap_sync_channel_write_layer14_out_3_V                                                   |    or    |      0|  0|   2|           1|           1|
    |ap_sync_channel_write_layer14_out_4_V                                                   |    or    |      0|  0|   2|           1|           1|
    |ap_sync_channel_write_layer14_out_5_V                                                   |    or    |      0|  0|   2|           1|           1|
    |ap_sync_channel_write_layer14_out_6_V                                                   |    or    |      0|  0|   2|           1|           1|
    |ap_sync_channel_write_layer14_out_7_V                                                   |    or    |      0|  0|   2|           1|           1|
    |ap_sync_channel_write_layer16_out_0_V                                                   |    or    |      0|  0|   2|           1|           1|
    |ap_sync_channel_write_layer16_out_1_V                                                   |    or    |      0|  0|   2|           1|           1|
    |ap_sync_channel_write_layer16_out_2_V                                                   |    or    |      0|  0|   2|           1|           1|
    |ap_sync_channel_write_layer16_out_3_V                                                   |    or    |      0|  0|   2|           1|           1|
    |ap_sync_channel_write_layer16_out_4_V                                                   |    or    |      0|  0|   2|           1|           1|
    |ap_sync_channel_write_layer16_out_5_V                                                   |    or    |      0|  0|   2|           1|           1|
    |ap_sync_channel_write_layer16_out_6_V                                                   |    or    |      0|  0|   2|           1|           1|
    |ap_sync_channel_write_layer16_out_7_V                                                   |    or    |      0|  0|   2|           1|           1|
    |ap_sync_channel_write_layer2_out_0_V                                                    |    or    |      0|  0|   2|           1|           1|
    |ap_sync_channel_write_layer2_out_1_V                                                    |    or    |      0|  0|   2|           1|           1|
    |ap_sync_channel_write_layer2_out_2_V                                                    |    or    |      0|  0|   2|           1|           1|
    |ap_sync_channel_write_layer2_out_3_V                                                    |    or    |      0|  0|   2|           1|           1|
    |ap_sync_channel_write_layer2_out_4_V                                                    |    or    |      0|  0|   2|           1|           1|
    |ap_sync_channel_write_layer2_out_5_V                                                    |    or    |      0|  0|   2|           1|           1|
    |ap_sync_channel_write_layer2_out_6_V                                                    |    or    |      0|  0|   2|           1|           1|
    |ap_sync_channel_write_layer2_out_7_V                                                    |    or    |      0|  0|   2|           1|           1|
    |ap_sync_channel_write_layer4_out_0_V                                                    |    or    |      0|  0|   2|           1|           1|
    |ap_sync_channel_write_layer4_out_1_V                                                    |    or    |      0|  0|   2|           1|           1|
    |ap_sync_channel_write_layer4_out_2_V                                                    |    or    |      0|  0|   2|           1|           1|
    |ap_sync_channel_write_layer4_out_3_V                                                    |    or    |      0|  0|   2|           1|           1|
    |ap_sync_channel_write_layer4_out_4_V                                                    |    or    |      0|  0|   2|           1|           1|
    |ap_sync_channel_write_layer4_out_5_V                                                    |    or    |      0|  0|   2|           1|           1|
    |ap_sync_channel_write_layer4_out_6_V                                                    |    or    |      0|  0|   2|           1|           1|
    |ap_sync_channel_write_layer4_out_7_V                                                    |    or    |      0|  0|   2|           1|           1|
    |ap_sync_channel_write_layer5_out_0_V                                                    |    or    |      0|  0|   2|           1|           1|
    |ap_sync_channel_write_layer5_out_1_V                                                    |    or    |      0|  0|   2|           1|           1|
    |ap_sync_channel_write_layer5_out_2_V                                                    |    or    |      0|  0|   2|           1|           1|
    |ap_sync_channel_write_layer5_out_3_V                                                    |    or    |      0|  0|   2|           1|           1|
    |ap_sync_channel_write_layer7_out_0_V                                                    |    or    |      0|  0|   2|           1|           1|
    |ap_sync_channel_write_layer7_out_1_V                                                    |    or    |      0|  0|   2|           1|           1|
    |ap_sync_channel_write_layer7_out_2_V                                                    |    or    |      0|  0|   2|           1|           1|
    |ap_sync_channel_write_layer7_out_3_V                                                    |    or    |      0|  0|   2|           1|           1|
    |ap_sync_channel_write_layer8_out_0_V                                                    |    or    |      0|  0|   2|           1|           1|
    |ap_sync_channel_write_layer8_out_1_V                                                    |    or    |      0|  0|   2|           1|           1|
    |ap_sync_channel_write_layer8_out_2_V                                                    |    or    |      0|  0|   2|           1|           1|
    +----------------------------------------------------------------------------------------+----------+-------+---+----+------------+------------+
    |Total                                                                                   |          |      0|  0| 258|         129|         129|
    +----------------------------------------------------------------------------------------+----------+-------+---+----+------------+------------+

    * Multiplexer: 
    +-------------------------------------------+----+-----------+-----+-----------+
    |                    Name                   | LUT| Input Size| Bits| Total Bits|
    +-------------------------------------------+----+-----------+-----+-----------+
    |ap_sync_reg_channel_write_layer10_out_0_V  |   9|          2|    1|          2|
    |ap_sync_reg_channel_write_layer10_out_1_V  |   9|          2|    1|          2|
    |ap_sync_reg_channel_write_layer10_out_2_V  |   9|          2|    1|          2|
    |ap_sync_reg_channel_write_layer11_out_0_V  |   9|          2|    1|          2|
    |ap_sync_reg_channel_write_layer11_out_1_V  |   9|          2|    1|          2|
    |ap_sync_reg_channel_write_layer11_out_2_V  |   9|          2|    1|          2|
    |ap_sync_reg_channel_write_layer11_out_3_V  |   9|          2|    1|          2|
    |ap_sync_reg_channel_write_layer13_out_0_V  |   9|          2|    1|          2|
    |ap_sync_reg_channel_write_layer13_out_1_V  |   9|          2|    1|          2|
    |ap_sync_reg_channel_write_layer13_out_2_V  |   9|          2|    1|          2|
    |ap_sync_reg_channel_write_layer13_out_3_V  |   9|          2|    1|          2|
    |ap_sync_reg_channel_write_layer14_out_0_V  |   9|          2|    1|          2|
    |ap_sync_reg_channel_write_layer14_out_1_V  |   9|          2|    1|          2|
    |ap_sync_reg_channel_write_layer14_out_2_V  |   9|          2|    1|          2|
    |ap_sync_reg_channel_write_layer14_out_3_V  |   9|          2|    1|          2|
    |ap_sync_reg_channel_write_layer14_out_4_V  |   9|          2|    1|          2|
    |ap_sync_reg_channel_write_layer14_out_5_V  |   9|          2|    1|          2|
    |ap_sync_reg_channel_write_layer14_out_6_V  |   9|          2|    1|          2|
    |ap_sync_reg_channel_write_layer14_out_7_V  |   9|          2|    1|          2|
    |ap_sync_reg_channel_write_layer16_out_0_V  |   9|          2|    1|          2|
    |ap_sync_reg_channel_write_layer16_out_1_V  |   9|          2|    1|          2|
    |ap_sync_reg_channel_write_layer16_out_2_V  |   9|          2|    1|          2|
    |ap_sync_reg_channel_write_layer16_out_3_V  |   9|          2|    1|          2|
    |ap_sync_reg_channel_write_layer16_out_4_V  |   9|          2|    1|          2|
    |ap_sync_reg_channel_write_layer16_out_5_V  |   9|          2|    1|          2|
    |ap_sync_reg_channel_write_layer16_out_6_V  |   9|          2|    1|          2|
    |ap_sync_reg_channel_write_layer16_out_7_V  |   9|          2|    1|          2|
    |ap_sync_reg_channel_write_layer2_out_0_V   |   9|          2|    1|          2|
    |ap_sync_reg_channel_write_layer2_out_1_V   |   9|          2|    1|          2|
    |ap_sync_reg_channel_write_layer2_out_2_V   |   9|          2|    1|          2|
    |ap_sync_reg_channel_write_layer2_out_3_V   |   9|          2|    1|          2|
    |ap_sync_reg_channel_write_layer2_out_4_V   |   9|          2|    1|          2|
    |ap_sync_reg_channel_write_layer2_out_5_V   |   9|          2|    1|          2|
    |ap_sync_reg_channel_write_layer2_out_6_V   |   9|          2|    1|          2|
    |ap_sync_reg_channel_write_layer2_out_7_V   |   9|          2|    1|          2|
    |ap_sync_reg_channel_write_layer4_out_0_V   |   9|          2|    1|          2|
    |ap_sync_reg_channel_write_layer4_out_1_V   |   9|          2|    1|          2|
    |ap_sync_reg_channel_write_layer4_out_2_V   |   9|          2|    1|          2|
    |ap_sync_reg_channel_write_layer4_out_3_V   |   9|          2|    1|          2|
    |ap_sync_reg_channel_write_layer4_out_4_V   |   9|          2|    1|          2|
    |ap_sync_reg_channel_write_layer4_out_5_V   |   9|          2|    1|          2|
    |ap_sync_reg_channel_write_layer4_out_6_V   |   9|          2|    1|          2|
    |ap_sync_reg_channel_write_layer4_out_7_V   |   9|          2|    1|          2|
    |ap_sync_reg_channel_write_layer5_out_0_V   |   9|          2|    1|          2|
    |ap_sync_reg_channel_write_layer5_out_1_V   |   9|          2|    1|          2|
    |ap_sync_reg_channel_write_layer5_out_2_V   |   9|          2|    1|          2|
    |ap_sync_reg_channel_write_layer5_out_3_V   |   9|          2|    1|          2|
    |ap_sync_reg_channel_write_layer7_out_0_V   |   9|          2|    1|          2|
    |ap_sync_reg_channel_write_layer7_out_1_V   |   9|          2|    1|          2|
    |ap_sync_reg_channel_write_layer7_out_2_V   |   9|          2|    1|          2|
    |ap_sync_reg_channel_write_layer7_out_3_V   |   9|          2|    1|          2|
    |ap_sync_reg_channel_write_layer8_out_0_V   |   9|          2|    1|          2|
    |ap_sync_reg_channel_write_layer8_out_1_V   |   9|          2|    1|          2|
    |ap_sync_reg_channel_write_layer8_out_2_V   |   9|          2|    1|          2|
    +-------------------------------------------+----+-----------+-----+-----------+
    |Total                                      | 486|        108|   54|        108|
    +-------------------------------------------+----+-----------+-----+-----------+

    * Register: 
    +-------------------------------------------+---+----+-----+-----------+
    |                    Name                   | FF| LUT| Bits| Const Bits|
    +-------------------------------------------+---+----+-----+-----------+
    |ap_sync_reg_channel_write_layer10_out_0_V  |  1|   0|    1|          0|
    |ap_sync_reg_channel_write_layer10_out_1_V  |  1|   0|    1|          0|
    |ap_sync_reg_channel_write_layer10_out_2_V  |  1|   0|    1|          0|
    |ap_sync_reg_channel_write_layer11_out_0_V  |  1|   0|    1|          0|
    |ap_sync_reg_channel_write_layer11_out_1_V  |  1|   0|    1|          0|
    |ap_sync_reg_channel_write_layer11_out_2_V  |  1|   0|    1|          0|
    |ap_sync_reg_channel_write_layer11_out_3_V  |  1|   0|    1|          0|
    |ap_sync_reg_channel_write_layer13_out_0_V  |  1|   0|    1|          0|
    |ap_sync_reg_channel_write_layer13_out_1_V  |  1|   0|    1|          0|
    |ap_sync_reg_channel_write_layer13_out_2_V  |  1|   0|    1|          0|
    |ap_sync_reg_channel_write_layer13_out_3_V  |  1|   0|    1|          0|
    |ap_sync_reg_channel_write_layer14_out_0_V  |  1|   0|    1|          0|
    |ap_sync_reg_channel_write_layer14_out_1_V  |  1|   0|    1|          0|
    |ap_sync_reg_channel_write_layer14_out_2_V  |  1|   0|    1|          0|
    |ap_sync_reg_channel_write_layer14_out_3_V  |  1|   0|    1|          0|
    |ap_sync_reg_channel_write_layer14_out_4_V  |  1|   0|    1|          0|
    |ap_sync_reg_channel_write_layer14_out_5_V  |  1|   0|    1|          0|
    |ap_sync_reg_channel_write_layer14_out_6_V  |  1|   0|    1|          0|
    |ap_sync_reg_channel_write_layer14_out_7_V  |  1|   0|    1|          0|
    |ap_sync_reg_channel_write_layer16_out_0_V  |  1|   0|    1|          0|
    |ap_sync_reg_channel_write_layer16_out_1_V  |  1|   0|    1|          0|
    |ap_sync_reg_channel_write_layer16_out_2_V  |  1|   0|    1|          0|
    |ap_sync_reg_channel_write_layer16_out_3_V  |  1|   0|    1|          0|
    |ap_sync_reg_channel_write_layer16_out_4_V  |  1|   0|    1|          0|
    |ap_sync_reg_channel_write_layer16_out_5_V  |  1|   0|    1|          0|
    |ap_sync_reg_channel_write_layer16_out_6_V  |  1|   0|    1|          0|
    |ap_sync_reg_channel_write_layer16_out_7_V  |  1|   0|    1|          0|
    |ap_sync_reg_channel_write_layer2_out_0_V   |  1|   0|    1|          0|
    |ap_sync_reg_channel_write_layer2_out_1_V   |  1|   0|    1|          0|
    |ap_sync_reg_channel_write_layer2_out_2_V   |  1|   0|    1|          0|
    |ap_sync_reg_channel_write_layer2_out_3_V   |  1|   0|    1|          0|
    |ap_sync_reg_channel_write_layer2_out_4_V   |  1|   0|    1|          0|
    |ap_sync_reg_channel_write_layer2_out_5_V   |  1|   0|    1|          0|
    |ap_sync_reg_channel_write_layer2_out_6_V   |  1|   0|    1|          0|
    |ap_sync_reg_channel_write_layer2_out_7_V   |  1|   0|    1|          0|
    |ap_sync_reg_channel_write_layer4_out_0_V   |  1|   0|    1|          0|
    |ap_sync_reg_channel_write_layer4_out_1_V   |  1|   0|    1|          0|
    |ap_sync_reg_channel_write_layer4_out_2_V   |  1|   0|    1|          0|
    |ap_sync_reg_channel_write_layer4_out_3_V   |  1|   0|    1|          0|
    |ap_sync_reg_channel_write_layer4_out_4_V   |  1|   0|    1|          0|
    |ap_sync_reg_channel_write_layer4_out_5_V   |  1|   0|    1|          0|
    |ap_sync_reg_channel_write_layer4_out_6_V   |  1|   0|    1|          0|
    |ap_sync_reg_channel_write_layer4_out_7_V   |  1|   0|    1|          0|
    |ap_sync_reg_channel_write_layer5_out_0_V   |  1|   0|    1|          0|
    |ap_sync_reg_channel_write_layer5_out_1_V   |  1|   0|    1|          0|
    |ap_sync_reg_channel_write_layer5_out_2_V   |  1|   0|    1|          0|
    |ap_sync_reg_channel_write_layer5_out_3_V   |  1|   0|    1|          0|
    |ap_sync_reg_channel_write_layer7_out_0_V   |  1|   0|    1|          0|
    |ap_sync_reg_channel_write_layer7_out_1_V   |  1|   0|    1|          0|
    |ap_sync_reg_channel_write_layer7_out_2_V   |  1|   0|    1|          0|
    |ap_sync_reg_channel_write_layer7_out_3_V   |  1|   0|    1|          0|
    |ap_sync_reg_channel_write_layer8_out_0_V   |  1|   0|    1|          0|
    |ap_sync_reg_channel_write_layer8_out_1_V   |  1|   0|    1|          0|
    |ap_sync_reg_channel_write_layer8_out_2_V   |  1|   0|    1|          0|
    +-------------------------------------------+---+----+-----+-----------+
    |Total                                      | 54|   0|   54|          0|
    +-------------------------------------------+---+----+-----+-----------+



================================================================
== Interface
================================================================
* Summary: 
+-------------------------+-----+-----+------------+------------------+--------------+
|        RTL Ports        | Dir | Bits|  Protocol  |   Source Object  |    C Type    |
+-------------------------+-----+-----+------------+------------------+--------------+
|input_4_V                |  in |  224|   ap_vld   |     input_4_V    |    pointer   |
|input_4_V_ap_vld         |  in |    1|   ap_vld   |     input_4_V    |    pointer   |
|layer17_out_0_V          | out |   20|   ap_vld   |  layer17_out_0_V |    pointer   |
|layer17_out_0_V_ap_vld   | out |    1|   ap_vld   |  layer17_out_0_V |    pointer   |
|layer17_out_1_V          | out |   20|   ap_vld   |  layer17_out_1_V |    pointer   |
|layer17_out_1_V_ap_vld   | out |    1|   ap_vld   |  layer17_out_1_V |    pointer   |
|layer17_out_2_V          | out |   20|   ap_vld   |  layer17_out_2_V |    pointer   |
|layer17_out_2_V_ap_vld   | out |    1|   ap_vld   |  layer17_out_2_V |    pointer   |
|layer17_out_3_V          | out |   20|   ap_vld   |  layer17_out_3_V |    pointer   |
|layer17_out_3_V_ap_vld   | out |    1|   ap_vld   |  layer17_out_3_V |    pointer   |
|layer17_out_4_V          | out |   20|   ap_vld   |  layer17_out_4_V |    pointer   |
|layer17_out_4_V_ap_vld   | out |    1|   ap_vld   |  layer17_out_4_V |    pointer   |
|layer17_out_5_V          | out |   20|   ap_vld   |  layer17_out_5_V |    pointer   |
|layer17_out_5_V_ap_vld   | out |    1|   ap_vld   |  layer17_out_5_V |    pointer   |
|layer17_out_6_V          | out |   20|   ap_vld   |  layer17_out_6_V |    pointer   |
|layer17_out_6_V_ap_vld   | out |    1|   ap_vld   |  layer17_out_6_V |    pointer   |
|layer17_out_7_V          | out |   20|   ap_vld   |  layer17_out_7_V |    pointer   |
|layer17_out_7_V_ap_vld   | out |    1|   ap_vld   |  layer17_out_7_V |    pointer   |
|layer17_out_8_V          | out |   20|   ap_vld   |  layer17_out_8_V |    pointer   |
|layer17_out_8_V_ap_vld   | out |    1|   ap_vld   |  layer17_out_8_V |    pointer   |
|layer17_out_9_V          | out |   20|   ap_vld   |  layer17_out_9_V |    pointer   |
|layer17_out_9_V_ap_vld   | out |    1|   ap_vld   |  layer17_out_9_V |    pointer   |
|layer17_out_10_V         | out |   20|   ap_vld   | layer17_out_10_V |    pointer   |
|layer17_out_10_V_ap_vld  | out |    1|   ap_vld   | layer17_out_10_V |    pointer   |
|layer17_out_11_V         | out |   20|   ap_vld   | layer17_out_11_V |    pointer   |
|layer17_out_11_V_ap_vld  | out |    1|   ap_vld   | layer17_out_11_V |    pointer   |
|layer17_out_12_V         | out |   20|   ap_vld   | layer17_out_12_V |    pointer   |
|layer17_out_12_V_ap_vld  | out |    1|   ap_vld   | layer17_out_12_V |    pointer   |
|layer17_out_13_V         | out |   20|   ap_vld   | layer17_out_13_V |    pointer   |
|layer17_out_13_V_ap_vld  | out |    1|   ap_vld   | layer17_out_13_V |    pointer   |
|ap_clk                   |  in |    1| ap_ctrl_hs |     myproject    | return value |
|ap_rst                   |  in |    1| ap_ctrl_hs |     myproject    | return value |
|ap_start                 |  in |    1| ap_ctrl_hs |     myproject    | return value |
|ap_done                  | out |    1| ap_ctrl_hs |     myproject    | return value |
|ap_ready                 | out |    1| ap_ctrl_hs |     myproject    | return value |
|ap_idle                  | out |    1| ap_ctrl_hs |     myproject    | return value |
+-------------------------+-----+-----+------------+------------------+--------------+

