

================================================================
== Vivado HLS Report for 'relu_ap_fixed_19_8_5_3_0_ap_ufixed_8_2_4_0_0_relu_config16_s'
================================================================
* Date:           Wed May 20 10:34:25 2026

* Version:        2020.1 (Build 2897737 on Wed May 27 20:21:37 MDT 2020)
* Project:        myproject_prj
* Solution:       solution1
* Product family: zynq
* Target device:  xc7z020-clg400-1


================================================================
== Performance Estimates
================================================================
+ Timing: 
    * Summary: 
    +--------+---------+----------+------------+
    |  Clock |  Target | Estimated| Uncertainty|
    +--------+---------+----------+------------+
    |ap_clk  | 5.00 ns | 3.680 ns |   0.62 ns  |
    +--------+---------+----------+------------+

+ Latency: 
    * Summary: 
    +---------+---------+----------+----------+-----+-----+----------+
    |  Latency (cycles) |  Latency (absolute) |  Interval | Pipeline |
    |   min   |   max   |    min   |    max   | min | max |   Type   |
    +---------+---------+----------+----------+-----+-----+----------+
    |        1|        1| 5.000 ns | 5.000 ns |    1|    1| function |
    +---------+---------+----------+----------+-----+-----+----------+

    + Detail: 
        * Instance: 
        N/A

        * Loop: 
        N/A



================================================================
== Utilization Estimates
================================================================
* Summary: 
+-----------------+---------+-------+--------+-------+-----+
|       Name      | BRAM_18K| DSP48E|   FF   |  LUT  | URAM|
+-----------------+---------+-------+--------+-------+-----+
|DSP              |        -|      -|       -|      -|    -|
|Expression       |        -|      -|       0|    694|    -|
|FIFO             |        -|      -|       -|      -|    -|
|Instance         |        -|      -|       -|      -|    -|
|Memory           |        -|      -|       -|      -|    -|
|Multiplexer      |        -|      -|       -|     81|    -|
|Register         |        -|      -|     283|      -|    -|
+-----------------+---------+-------+--------+-------+-----+
|Total            |        0|      0|     283|    775|    0|
+-----------------+---------+-------+--------+-------+-----+
|Available        |      280|    220|  106400|  53200|    0|
+-----------------+---------+-------+--------+-------+-----+
|Utilization (%)  |        0|      0|   ~0   |      1|    0|
+-----------------+---------+-------+--------+-------+-----+

+ Detail: 
    * Instance: 
    N/A

    * DSP48E: 
    N/A

    * Memory: 
    N/A

    * FIFO: 
    N/A

    * Expression: 
    +----------------------------------+----------+-------+---+----+------------+------------+
    |           Variable Name          | Operation| DSP48E| FF| LUT| Bitwidth P0| Bitwidth P1|
    +----------------------------------+----------+-------+---+----+------------+------------+
    |add_ln415_11_fu_242_p2            |     +    |      0|  0|  15|           8|           8|
    |add_ln415_12_fu_322_p2            |     +    |      0|  0|  15|           8|           8|
    |add_ln415_13_fu_402_p2            |     +    |      0|  0|  15|           8|           8|
    |add_ln415_14_fu_482_p2            |     +    |      0|  0|  15|           8|           8|
    |add_ln415_15_fu_562_p2            |     +    |      0|  0|  15|           8|           8|
    |add_ln415_16_fu_642_p2            |     +    |      0|  0|  15|           8|           8|
    |add_ln415_17_fu_722_p2            |     +    |      0|  0|  15|           8|           8|
    |add_ln415_fu_162_p2               |     +    |      0|  0|  15|           8|           8|
    |and_ln415_1_fu_232_p2             |    and   |      0|  0|   2|           1|           1|
    |and_ln415_2_fu_312_p2             |    and   |      0|  0|   2|           1|           1|
    |and_ln415_3_fu_392_p2             |    and   |      0|  0|   2|           1|           1|
    |and_ln415_4_fu_472_p2             |    and   |      0|  0|   2|           1|           1|
    |and_ln415_5_fu_552_p2             |    and   |      0|  0|   2|           1|           1|
    |and_ln415_6_fu_632_p2             |    and   |      0|  0|   2|           1|           1|
    |and_ln415_7_fu_712_p2             |    and   |      0|  0|   2|           1|           1|
    |and_ln415_fu_152_p2               |    and   |      0|  0|   2|           1|           1|
    |and_ln416_11_fu_827_p2            |    and   |      0|  0|   2|           1|           1|
    |and_ln416_12_fu_879_p2            |    and   |      0|  0|   2|           1|           1|
    |and_ln416_13_fu_931_p2            |    and   |      0|  0|   2|           1|           1|
    |and_ln416_14_fu_983_p2            |    and   |      0|  0|   2|           1|           1|
    |and_ln416_15_fu_1035_p2           |    and   |      0|  0|   2|           1|           1|
    |and_ln416_16_fu_1087_p2           |    and   |      0|  0|   2|           1|           1|
    |and_ln416_17_fu_1139_p2           |    and   |      0|  0|   2|           1|           1|
    |and_ln416_fu_775_p2               |    and   |      0|  0|   2|           1|           1|
    |icmp_ln1494_1_fu_802_p2           |   icmp   |      0|  0|  18|          17|           1|
    |icmp_ln1494_2_fu_854_p2           |   icmp   |      0|  0|  18|          17|           1|
    |icmp_ln1494_3_fu_906_p2           |   icmp   |      0|  0|  18|          17|           1|
    |icmp_ln1494_4_fu_958_p2           |   icmp   |      0|  0|  18|          17|           1|
    |icmp_ln1494_5_fu_1010_p2          |   icmp   |      0|  0|  18|          17|           1|
    |icmp_ln1494_6_fu_1062_p2          |   icmp   |      0|  0|  18|          17|           1|
    |icmp_ln1494_7_fu_1114_p2          |   icmp   |      0|  0|  18|          17|           1|
    |icmp_ln1494_fu_750_p2             |   icmp   |      0|  0|  18|          17|           1|
    |icmp_ln718_10_fu_692_p2           |   icmp   |      0|  0|   9|           4|           1|
    |icmp_ln718_4_fu_212_p2            |   icmp   |      0|  0|   9|           4|           1|
    |icmp_ln718_5_fu_292_p2            |   icmp   |      0|  0|   9|           4|           1|
    |icmp_ln718_6_fu_372_p2            |   icmp   |      0|  0|   9|           4|           1|
    |icmp_ln718_7_fu_452_p2            |   icmp   |      0|  0|   9|           4|           1|
    |icmp_ln718_8_fu_532_p2            |   icmp   |      0|  0|   9|           4|           1|
    |icmp_ln718_9_fu_612_p2            |   icmp   |      0|  0|   9|           4|           1|
    |icmp_ln718_fu_132_p2              |   icmp   |      0|  0|   9|           4|           1|
    |icmp_ln768_11_fu_264_p2           |   icmp   |      0|  0|   9|           4|           1|
    |icmp_ln768_12_fu_344_p2           |   icmp   |      0|  0|   9|           4|           1|
    |icmp_ln768_13_fu_424_p2           |   icmp   |      0|  0|   9|           4|           1|
    |icmp_ln768_14_fu_504_p2           |   icmp   |      0|  0|   9|           4|           1|
    |icmp_ln768_15_fu_584_p2           |   icmp   |      0|  0|   9|           4|           1|
    |icmp_ln768_16_fu_664_p2           |   icmp   |      0|  0|   9|           4|           1|
    |icmp_ln768_17_fu_744_p2           |   icmp   |      0|  0|   9|           4|           1|
    |icmp_ln768_fu_184_p2              |   icmp   |      0|  0|   9|           4|           1|
    |icmp_ln879_11_fu_258_p2           |   icmp   |      0|  0|   9|           4|           2|
    |icmp_ln879_12_fu_338_p2           |   icmp   |      0|  0|   9|           4|           2|
    |icmp_ln879_13_fu_418_p2           |   icmp   |      0|  0|   9|           4|           2|
    |icmp_ln879_14_fu_498_p2           |   icmp   |      0|  0|   9|           4|           2|
    |icmp_ln879_15_fu_578_p2           |   icmp   |      0|  0|   9|           4|           2|
    |icmp_ln879_16_fu_658_p2           |   icmp   |      0|  0|   9|           4|           2|
    |icmp_ln879_17_fu_738_p2           |   icmp   |      0|  0|   9|           4|           2|
    |icmp_ln879_fu_178_p2              |   icmp   |      0|  0|   9|           4|           2|
    |ap_block_pp0_stage0_11001         |    or    |      0|  0|   2|           1|           1|
    |ap_block_state1_pp0_stage0_iter0  |    or    |      0|  0|   2|           1|           1|
    |or_ln412_11_fu_218_p2             |    or    |      0|  0|   2|           1|           1|
    |or_ln412_12_fu_298_p2             |    or    |      0|  0|   2|           1|           1|
    |or_ln412_13_fu_378_p2             |    or    |      0|  0|   2|           1|           1|
    |or_ln412_14_fu_458_p2             |    or    |      0|  0|   2|           1|           1|
    |or_ln412_15_fu_538_p2             |    or    |      0|  0|   2|           1|           1|
    |or_ln412_16_fu_618_p2             |    or    |      0|  0|   2|           1|           1|
    |or_ln412_17_fu_698_p2             |    or    |      0|  0|   2|           1|           1|
    |or_ln412_fu_138_p2                |    or    |      0|  0|   2|           1|           1|
    |select_ln1494_11_fu_846_p3        |  select  |      0|  0|   8|           1|           8|
    |select_ln1494_12_fu_898_p3        |  select  |      0|  0|   8|           1|           8|
    |select_ln1494_13_fu_950_p3        |  select  |      0|  0|   8|           1|           8|
    |select_ln1494_14_fu_1002_p3       |  select  |      0|  0|   8|           1|           8|
    |select_ln1494_15_fu_1054_p3       |  select  |      0|  0|   8|           1|           8|
    |select_ln1494_16_fu_1106_p3       |  select  |      0|  0|   8|           1|           8|
    |select_ln1494_17_fu_1158_p3       |  select  |      0|  0|   8|           1|           8|
    |select_ln1494_fu_794_p3           |  select  |      0|  0|   8|           1|           8|
    |select_ln340_1_fu_839_p3          |  select  |      0|  0|   8|           1|           8|
    |select_ln340_2_fu_891_p3          |  select  |      0|  0|   8|           1|           8|
    |select_ln340_3_fu_943_p3          |  select  |      0|  0|   8|           1|           8|
    |select_ln340_4_fu_995_p3          |  select  |      0|  0|   8|           1|           8|
    |select_ln340_5_fu_1047_p3         |  select  |      0|  0|   8|           1|           8|
    |select_ln340_6_fu_1099_p3         |  select  |      0|  0|   8|           1|           8|
    |select_ln340_7_fu_1151_p3         |  select  |      0|  0|   8|           1|           8|
    |select_ln340_fu_787_p3            |  select  |      0|  0|   8|           1|           8|
    |select_ln777_11_fu_833_p3         |  select  |      0|  0|   2|           1|           1|
    |select_ln777_12_fu_885_p3         |  select  |      0|  0|   2|           1|           1|
    |select_ln777_13_fu_937_p3         |  select  |      0|  0|   2|           1|           1|
    |select_ln777_14_fu_989_p3         |  select  |      0|  0|   2|           1|           1|
    |select_ln777_15_fu_1041_p3        |  select  |      0|  0|   2|           1|           1|
    |select_ln777_16_fu_1093_p3        |  select  |      0|  0|   2|           1|           1|
    |select_ln777_17_fu_1145_p3        |  select  |      0|  0|   2|           1|           1|
    |select_ln777_fu_781_p3            |  select  |      0|  0|   2|           1|           1|
    |ap_enable_pp0                     |    xor   |      0|  0|   2|           1|           2|
    |xor_ln416_11_fu_821_p2            |    xor   |      0|  0|   2|           1|           2|
    |xor_ln416_12_fu_873_p2            |    xor   |      0|  0|   2|           1|           2|
    |xor_ln416_13_fu_925_p2            |    xor   |      0|  0|   2|           1|           2|
    |xor_ln416_14_fu_977_p2            |    xor   |      0|  0|   2|           1|           2|
    |xor_ln416_15_fu_1029_p2           |    xor   |      0|  0|   2|           1|           2|
    |xor_ln416_16_fu_1081_p2           |    xor   |      0|  0|   2|           1|           2|
    |xor_ln416_17_fu_1133_p2           |    xor   |      0|  0|   2|           1|           2|
    |xor_ln416_fu_769_p2               |    xor   |      0|  0|   2|           1|           2|
    +----------------------------------+----------+-------+---+----+------------+------------+
    |Total                             |          |      0|  0| 694|         355|         284|
    +----------------------------------+----------+-------+---+----+------------+------------+

    * Multiplexer: 
    +-------------+----+-----------+-----+-----------+
    |     Name    | LUT| Input Size| Bits| Total Bits|
    +-------------+----+-----------+-----+-----------+
    |ap_done      |   9|          2|    1|          2|
    |ap_return_0  |   9|          2|    8|         16|
    |ap_return_1  |   9|          2|    8|         16|
    |ap_return_2  |   9|          2|    8|         16|
    |ap_return_3  |   9|          2|    8|         16|
    |ap_return_4  |   9|          2|    8|         16|
    |ap_return_5  |   9|          2|    8|         16|
    |ap_return_6  |   9|          2|    8|         16|
    |ap_return_7  |   9|          2|    8|         16|
    +-------------+----+-----------+-----+-----------+
    |Total        |  81|         18|   65|        130|
    +-------------+----+-----------+-----+-----------+

    * Register: 
    +--------------------------+----+----+-----+-----------+
    |           Name           | FF | LUT| Bits| Const Bits|
    +--------------------------+----+----+-----+-----------+
    |add_ln415_11_reg_1278     |   8|   0|    8|          0|
    |add_ln415_12_reg_1294     |   8|   0|    8|          0|
    |add_ln415_13_reg_1310     |   8|   0|    8|          0|
    |add_ln415_14_reg_1326     |   8|   0|    8|          0|
    |add_ln415_15_reg_1342     |   8|   0|    8|          0|
    |add_ln415_16_reg_1358     |   8|   0|    8|          0|
    |add_ln415_17_reg_1374     |   8|   0|    8|          0|
    |add_ln415_reg_1262        |   8|   0|    8|          0|
    |ap_CS_fsm                 |   1|   0|    1|          0|
    |ap_done_reg               |   1|   0|    1|          0|
    |ap_enable_reg_pp0_iter1   |   1|   0|    1|          0|
    |ap_return_0_preg          |   8|   0|    8|          0|
    |ap_return_1_preg          |   8|   0|    8|          0|
    |ap_return_2_preg          |   8|   0|    8|          0|
    |ap_return_3_preg          |   8|   0|    8|          0|
    |ap_return_4_preg          |   8|   0|    8|          0|
    |ap_return_5_preg          |   8|   0|    8|          0|
    |ap_return_6_preg          |   8|   0|    8|          0|
    |ap_return_7_preg          |   8|   0|    8|          0|
    |data_0_V_read_3_reg_1256  |  17|   0|   17|          0|
    |data_1_V_read_3_reg_1250  |  17|   0|   17|          0|
    |data_2_V_read_3_reg_1244  |  17|   0|   17|          0|
    |data_3_V_read_3_reg_1238  |  17|   0|   17|          0|
    |data_4_V_read_2_reg_1232  |  17|   0|   17|          0|
    |data_5_V_read_2_reg_1226  |  17|   0|   17|          0|
    |data_6_V_read_2_reg_1220  |  17|   0|   17|          0|
    |data_7_V_read_2_reg_1214  |  17|   0|   17|          0|
    |icmp_ln768_11_reg_1289    |   1|   0|    1|          0|
    |icmp_ln768_12_reg_1305    |   1|   0|    1|          0|
    |icmp_ln768_13_reg_1321    |   1|   0|    1|          0|
    |icmp_ln768_14_reg_1337    |   1|   0|    1|          0|
    |icmp_ln768_15_reg_1353    |   1|   0|    1|          0|
    |icmp_ln768_16_reg_1369    |   1|   0|    1|          0|
    |icmp_ln768_17_reg_1385    |   1|   0|    1|          0|
    |icmp_ln768_reg_1273       |   1|   0|    1|          0|
    |icmp_ln879_11_reg_1284    |   1|   0|    1|          0|
    |icmp_ln879_12_reg_1300    |   1|   0|    1|          0|
    |icmp_ln879_13_reg_1316    |   1|   0|    1|          0|
    |icmp_ln879_14_reg_1332    |   1|   0|    1|          0|
    |icmp_ln879_15_reg_1348    |   1|   0|    1|          0|
    |icmp_ln879_16_reg_1364    |   1|   0|    1|          0|
    |icmp_ln879_17_reg_1380    |   1|   0|    1|          0|
    |icmp_ln879_reg_1268       |   1|   0|    1|          0|
    +--------------------------+----+----+-----+-----------+
    |Total                     | 283|   0|  283|          0|
    +--------------------------+----+----+-----+-----------+



================================================================
== Interface
================================================================
* Summary: 
+---------------+-----+-----+------------+-------------------------------------------------------------------------+--------------+
|   RTL Ports   | Dir | Bits|  Protocol  |                              Source Object                              |    C Type    |
+---------------+-----+-----+------------+-------------------------------------------------------------------------+--------------+
|ap_clk         |  in |    1| ap_ctrl_hs | relu<ap_fixed<19, 8, 5, 3, 0>, ap_ufixed<8, 2, 4, 0, 0>, relu_config16> | return value |
|ap_rst         |  in |    1| ap_ctrl_hs | relu<ap_fixed<19, 8, 5, 3, 0>, ap_ufixed<8, 2, 4, 0, 0>, relu_config16> | return value |
|ap_start       |  in |    1| ap_ctrl_hs | relu<ap_fixed<19, 8, 5, 3, 0>, ap_ufixed<8, 2, 4, 0, 0>, relu_config16> | return value |
|ap_done        | out |    1| ap_ctrl_hs | relu<ap_fixed<19, 8, 5, 3, 0>, ap_ufixed<8, 2, 4, 0, 0>, relu_config16> | return value |
|ap_continue    |  in |    1| ap_ctrl_hs | relu<ap_fixed<19, 8, 5, 3, 0>, ap_ufixed<8, 2, 4, 0, 0>, relu_config16> | return value |
|ap_idle        | out |    1| ap_ctrl_hs | relu<ap_fixed<19, 8, 5, 3, 0>, ap_ufixed<8, 2, 4, 0, 0>, relu_config16> | return value |
|ap_ready       | out |    1| ap_ctrl_hs | relu<ap_fixed<19, 8, 5, 3, 0>, ap_ufixed<8, 2, 4, 0, 0>, relu_config16> | return value |
|ap_return_0    | out |    8| ap_ctrl_hs | relu<ap_fixed<19, 8, 5, 3, 0>, ap_ufixed<8, 2, 4, 0, 0>, relu_config16> | return value |
|ap_return_1    | out |    8| ap_ctrl_hs | relu<ap_fixed<19, 8, 5, 3, 0>, ap_ufixed<8, 2, 4, 0, 0>, relu_config16> | return value |
|ap_return_2    | out |    8| ap_ctrl_hs | relu<ap_fixed<19, 8, 5, 3, 0>, ap_ufixed<8, 2, 4, 0, 0>, relu_config16> | return value |
|ap_return_3    | out |    8| ap_ctrl_hs | relu<ap_fixed<19, 8, 5, 3, 0>, ap_ufixed<8, 2, 4, 0, 0>, relu_config16> | return value |
|ap_return_4    | out |    8| ap_ctrl_hs | relu<ap_fixed<19, 8, 5, 3, 0>, ap_ufixed<8, 2, 4, 0, 0>, relu_config16> | return value |
|ap_return_5    | out |    8| ap_ctrl_hs | relu<ap_fixed<19, 8, 5, 3, 0>, ap_ufixed<8, 2, 4, 0, 0>, relu_config16> | return value |
|ap_return_6    | out |    8| ap_ctrl_hs | relu<ap_fixed<19, 8, 5, 3, 0>, ap_ufixed<8, 2, 4, 0, 0>, relu_config16> | return value |
|ap_return_7    | out |    8| ap_ctrl_hs | relu<ap_fixed<19, 8, 5, 3, 0>, ap_ufixed<8, 2, 4, 0, 0>, relu_config16> | return value |
|data_0_V_read  |  in |   17|   ap_none  |                              data_0_V_read                              |    scalar    |
|data_1_V_read  |  in |   17|   ap_none  |                              data_1_V_read                              |    scalar    |
|data_2_V_read  |  in |   17|   ap_none  |                              data_2_V_read                              |    scalar    |
|data_3_V_read  |  in |   17|   ap_none  |                              data_3_V_read                              |    scalar    |
|data_4_V_read  |  in |   17|   ap_none  |                              data_4_V_read                              |    scalar    |
|data_5_V_read  |  in |   17|   ap_none  |                              data_5_V_read                              |    scalar    |
|data_6_V_read  |  in |   17|   ap_none  |                              data_6_V_read                              |    scalar    |
|data_7_V_read  |  in |   17|   ap_none  |                              data_7_V_read                              |    scalar    |
+---------------+-----+-----+------------+-------------------------------------------------------------------------+--------------+

