
****** Vivado(TM) HLS - High-Level Synthesis from C, C++ and SystemC v2020.1 (64-bit)
  **** SW Build 2902540 on Wed May 27 19:54:35 MDT 2020
  **** IP Build 2902112 on Wed May 27 22:43:36 MDT 2020
    ** Copyright 1986-2020 Xilinx, Inc. All Rights Reserved.

source /tools/Xilinx/Vivado/2020.1/scripts/vivado_hls/hls.tcl -notrace
INFO: [HLS 200-10] Running '/tools/Xilinx/Vivado/2020.1/bin/unwrapped/lnx64.o/vivado_hls'
INFO: [HLS 200-10] For user 'moi' on host 'petit-PC-portable.localdomain' (Linux_x86_64 version 6.6.114.1-microsoft-standard-WSL2) on Fri May 29 15:07:00 CEST 2026
INFO: [HLS 200-10] On os Ubuntu 22.04.5 LTS
INFO: [HLS 200-10] In directory '/home/moi/stage/notebooks/hls4ml_output/rf8'
Sourcing Tcl script 'build_prj.tcl'
INFO: [HLS 200-10] Opening project '/home/moi/stage/notebooks/hls4ml_output/rf8/myproject_prj'.
INFO: [HLS 200-10] Adding design file 'firmware/myproject_axi.cpp' to the project
INFO: [HLS 200-10] Adding design file 'firmware/myproject.cpp' to the project
INFO: [HLS 200-10] Adding test bench file 'myproject_test.cpp' to the project
INFO: [HLS 200-10] Adding test bench file 'firmware/weights' to the project
INFO: [HLS 200-10] Adding test bench file 'tb_data' to the project
INFO: [HLS 200-10] Opening solution '/home/moi/stage/notebooks/hls4ml_output/rf8/myproject_prj/solution1'.
INFO: [SYN 201-201] Setting up clock 'default' with a period of 5ns.
INFO: [SYN 201-201] Setting up clock 'default' with an uncertainty of 0.625ns.
INFO: [HLS 200-10] Setting target device to 'xc7z020-clg400-1'
INFO: [XFORM 203-101] Allowed max sub elements number after partition is 4096.
INFO: [XFORM 203-1161] The maximum of name length is set into 80.
INFO: [XFORM 203-101] Allowed max sub elements number after partition is 4096.
INFO: [XFORM 203-1161] The maximum of name length is set into 80.
***** C SIMULATION *****
***** C SIMULATION COMPLETED IN 0h0m0s *****
***** C/RTL SYNTHESIS *****
INFO: [SCHED 204-61] Option 'relax_ii_for_timing' is enabled, will increase II to preserve clock frequency constraints.
INFO: [HLS 200-10] Analyzing design file 'firmware/myproject.cpp' ... 
INFO: [HLS 200-10] Analyzing design file 'firmware/myproject_axi.cpp' ... 
INFO: [HLS 200-111] Finished Linking Time (s): cpu = 00:00:44 ; elapsed = 00:00:47 . Memory (MB): peak = 1498.758 ; gain = 1097.754 ; free physical = 2054 ; free virtual = 4335
INFO: [HLS 200-111] Finished Checking Pragmas Time (s): cpu = 00:00:44 ; elapsed = 00:00:47 . Memory (MB): peak = 1498.758 ; gain = 1097.754 ; free physical = 2067 ; free virtual = 4348
INFO: [HLS 200-10] Starting code transformations ...
INFO: [XFORM 203-603] Inlining function 'nnet::product::mult<ap_fixed<16, 6, (ap_q_mode)5, (ap_o_mode)3, 0>, ap_fixed<16, 6, (ap_q_mode)5, (ap_o_mode)3, 0> >::product' into 'nnet::dense_latency<ap_fixed<16, 6, (ap_q_mode)5, (ap_o_mode)3, 0>, ap_fixed<37, 17, (ap_q_mode)5, (ap_o_mode)3, 0>, config2>' (firmware/nnet_utils/nnet_dense_latency.h:42).
INFO: [XFORM 203-603] Inlining function 'nnet::product::mult<ap_fixed<16, 6, (ap_q_mode)5, (ap_o_mode)3, 0>, ap_fixed<16, 6, (ap_q_mode)5, (ap_o_mode)3, 0> >::product' into 'nnet::dense_latency<ap_fixed<16, 6, (ap_q_mode)5, (ap_o_mode)3, 0>, ap_fixed<36, 16, (ap_q_mode)5, (ap_o_mode)3, 0>, config4>' (firmware/nnet_utils/nnet_dense_latency.h:42).
INFO: [XFORM 203-603] Inlining function 'nnet::product::mult<ap_fixed<16, 6, (ap_q_mode)5, (ap_o_mode)3, 0>, ap_fixed<16, 6, (ap_q_mode)5, (ap_o_mode)3, 0> >::product' into 'nnet::dense_latency<ap_fixed<16, 6, (ap_q_mode)5, (ap_o_mode)3, 0>, ap_fixed<35, 15, (ap_q_mode)5, (ap_o_mode)3, 0>, config6>' (firmware/nnet_utils/nnet_dense_latency.h:42).
INFO: [XFORM 203-603] Inlining function 'nnet::product::mult<ap_fixed<16, 6, (ap_q_mode)5, (ap_o_mode)3, 0>, ap_fixed<16, 6, (ap_q_mode)5, (ap_o_mode)3, 0> >::product' into 'nnet::dense_latency<ap_fixed<16, 6, (ap_q_mode)5, (ap_o_mode)3, 0>, ap_fixed<36, 16, (ap_q_mode)5, (ap_o_mode)3, 0>, config8>' (firmware/nnet_utils/nnet_dense_latency.h:42).
INFO: [XFORM 203-603] Inlining function 'nnet::DenseLatency<ap_fixed<16, 6, (ap_q_mode)5, (ap_o_mode)3, 0>, ap_fixed<37, 17, (ap_q_mode)5, (ap_o_mode)3, 0>, config2>::dense' into 'nnet::dense<ap_fixed<16, 6, (ap_q_mode)5, (ap_o_mode)3, 0>, ap_fixed<37, 17, (ap_q_mode)5, (ap_o_mode)3, 0>, config2>' (firmware/nnet_utils/nnet_dense.h:45).
INFO: [XFORM 203-603] Inlining function 'nnet::dense<ap_fixed<16, 6, (ap_q_mode)5, (ap_o_mode)3, 0>, ap_fixed<37, 17, (ap_q_mode)5, (ap_o_mode)3, 0>, config2>' into 'myproject' (firmware/myproject.cpp:56).
INFO: [XFORM 203-603] Inlining function 'nnet::DenseLatency<ap_fixed<16, 6, (ap_q_mode)5, (ap_o_mode)3, 0>, ap_fixed<36, 16, (ap_q_mode)5, (ap_o_mode)3, 0>, config4>::dense' into 'nnet::dense<ap_fixed<16, 6, (ap_q_mode)5, (ap_o_mode)3, 0>, ap_fixed<36, 16, (ap_q_mode)5, (ap_o_mode)3, 0>, config4>' (firmware/nnet_utils/nnet_dense.h:45).
INFO: [XFORM 203-603] Inlining function 'nnet::dense<ap_fixed<16, 6, (ap_q_mode)5, (ap_o_mode)3, 0>, ap_fixed<36, 16, (ap_q_mode)5, (ap_o_mode)3, 0>, config4>' into 'myproject' (firmware/myproject.cpp:60).
INFO: [XFORM 203-603] Inlining function 'nnet::DenseLatency<ap_fixed<16, 6, (ap_q_mode)5, (ap_o_mode)3, 0>, ap_fixed<35, 15, (ap_q_mode)5, (ap_o_mode)3, 0>, config6>::dense' into 'nnet::dense<ap_fixed<16, 6, (ap_q_mode)5, (ap_o_mode)3, 0>, ap_fixed<35, 15, (ap_q_mode)5, (ap_o_mode)3, 0>, config6>' (firmware/nnet_utils/nnet_dense.h:45).
INFO: [XFORM 203-603] Inlining function 'nnet::dense<ap_fixed<16, 6, (ap_q_mode)5, (ap_o_mode)3, 0>, ap_fixed<35, 15, (ap_q_mode)5, (ap_o_mode)3, 0>, config6>' into 'myproject' (firmware/myproject.cpp:64).
INFO: [XFORM 203-603] Inlining function 'nnet::DenseLatency<ap_fixed<16, 6, (ap_q_mode)5, (ap_o_mode)3, 0>, ap_fixed<36, 16, (ap_q_mode)5, (ap_o_mode)3, 0>, config8>::dense' into 'nnet::dense<ap_fixed<16, 6, (ap_q_mode)5, (ap_o_mode)3, 0>, ap_fixed<36, 16, (ap_q_mode)5, (ap_o_mode)3, 0>, config8>' (firmware/nnet_utils/nnet_dense.h:45).
INFO: [XFORM 203-603] Inlining function 'nnet::dense<ap_fixed<16, 6, (ap_q_mode)5, (ap_o_mode)3, 0>, ap_fixed<36, 16, (ap_q_mode)5, (ap_o_mode)3, 0>, config8>' into 'myproject' (firmware/myproject.cpp:68).
INFO: [HLS 200-111] Finished Standard Transforms Time (s): cpu = 00:00:45 ; elapsed = 00:00:48 . Memory (MB): peak = 1498.758 ; gain = 1097.754 ; free physical = 2033 ; free virtual = 4313
INFO: [HLS 200-10] Checking synthesizability ...
INFO: [XFORM 203-602] Inlining function 'nnet::cast<ap_fixed<16, 6, (ap_q_mode)5, (ap_o_mode)3, 0>, ap_fixed<37, 17, (ap_q_mode)5, (ap_o_mode)3, 0>, config2>' into 'nnet::dense_latency<ap_fixed<16, 6, (ap_q_mode)5, (ap_o_mode)3, 0>, ap_fixed<37, 17, (ap_q_mode)5, (ap_o_mode)3, 0>, config2>' (firmware/nnet_utils/nnet_dense_latency.h:66) automatically.
INFO: [XFORM 203-602] Inlining function 'nnet::cast<ap_fixed<16, 6, (ap_q_mode)5, (ap_o_mode)3, 0>, ap_fixed<36, 16, (ap_q_mode)5, (ap_o_mode)3, 0>, config4>' into 'nnet::dense_latency<ap_fixed<16, 6, (ap_q_mode)5, (ap_o_mode)3, 0>, ap_fixed<36, 16, (ap_q_mode)5, (ap_o_mode)3, 0>, config4>' (firmware/nnet_utils/nnet_dense_latency.h:66) automatically.
INFO: [XFORM 203-602] Inlining function 'nnet::cast<ap_fixed<16, 6, (ap_q_mode)5, (ap_o_mode)3, 0>, ap_fixed<35, 15, (ap_q_mode)5, (ap_o_mode)3, 0>, config6>' into 'nnet::dense_latency<ap_fixed<16, 6, (ap_q_mode)5, (ap_o_mode)3, 0>, ap_fixed<35, 15, (ap_q_mode)5, (ap_o_mode)3, 0>, config6>' (firmware/nnet_utils/nnet_dense_latency.h:66) automatically.
INFO: [XFORM 203-602] Inlining function 'nnet::cast<ap_fixed<16, 6, (ap_q_mode)5, (ap_o_mode)3, 0>, ap_fixed<36, 16, (ap_q_mode)5, (ap_o_mode)3, 0>, config8>' into 'nnet::dense_latency<ap_fixed<16, 6, (ap_q_mode)5, (ap_o_mode)3, 0>, ap_fixed<36, 16, (ap_q_mode)5, (ap_o_mode)3, 0>, config8>' (firmware/nnet_utils/nnet_dense_latency.h:66) automatically.
WARNING: [SYNCHK 200-23] firmware/myproject_axi.cpp:23: variable-indexed range selection may cause suboptimal QoR.
INFO: [SYNCHK 200-10] 0 error(s), 1 warning(s).
INFO: [HLS 200-111] Finished Checking Synthesizability Time (s): cpu = 00:00:46 ; elapsed = 00:00:49 . Memory (MB): peak = 1498.758 ; gain = 1097.754 ; free physical = 2020 ; free virtual = 4300
WARNING: [XFORM 203-1103] Ignored data pack directive on non-struct variable 'out.data' (firmware/myproject_axi.cpp:3).
WARNING: [XFORM 203-1103] Ignored data pack directive on non-struct variable 'in.data' (firmware/myproject_axi.cpp:3).
INFO: [XFORM 203-502] Unrolling all loops for pipelining in function 'nnet::dense_latency<ap_fixed<16, 6, (ap_q_mode)5, (ap_o_mode)3, 0>, ap_fixed<36, 16, (ap_q_mode)5, (ap_o_mode)3, 0>, config8>' (firmware/nnet_utils/nnet_dense_latency.h:17:48).
INFO: [XFORM 203-502] Unrolling all loops for pipelining in function 'nnet::relu<ap_fixed<35, 15, (ap_q_mode)5, (ap_o_mode)3, 0>, ap_fixed<16, 6, (ap_q_mode)5, (ap_o_mode)3, 0>, relu_config7>' (firmware/nnet_utils/nnet_activation.h:40:43).
INFO: [XFORM 203-502] Unrolling all loops for pipelining in function 'nnet::dense_latency<ap_fixed<16, 6, (ap_q_mode)5, (ap_o_mode)3, 0>, ap_fixed<35, 15, (ap_q_mode)5, (ap_o_mode)3, 0>, config6>' (firmware/nnet_utils/nnet_dense_latency.h:17:48).
INFO: [XFORM 203-502] Unrolling all loops for pipelining in function 'nnet::relu<ap_fixed<36, 16, (ap_q_mode)5, (ap_o_mode)3, 0>, ap_fixed<16, 6, (ap_q_mode)5, (ap_o_mode)3, 0>, relu_config5>' (firmware/nnet_utils/nnet_activation.h:40:43).
INFO: [XFORM 203-502] Unrolling all loops for pipelining in function 'nnet::dense_latency<ap_fixed<16, 6, (ap_q_mode)5, (ap_o_mode)3, 0>, ap_fixed<36, 16, (ap_q_mode)5, (ap_o_mode)3, 0>, config4>' (firmware/nnet_utils/nnet_dense_latency.h:17:48).
INFO: [XFORM 203-502] Unrolling all loops for pipelining in function 'nnet::relu<ap_fixed<37, 17, (ap_q_mode)5, (ap_o_mode)3, 0>, ap_fixed<16, 6, (ap_q_mode)5, (ap_o_mode)3, 0>, relu_config3>' (firmware/nnet_utils/nnet_activation.h:40:43).
INFO: [XFORM 203-502] Unrolling all loops for pipelining in function 'nnet::dense_latency<ap_fixed<16, 6, (ap_q_mode)5, (ap_o_mode)3, 0>, ap_fixed<37, 17, (ap_q_mode)5, (ap_o_mode)3, 0>, config2>' (firmware/nnet_utils/nnet_dense_latency.h:17:48).
INFO: [HLS 200-489] Unrolling loop 'Product1' (firmware/nnet_utils/nnet_dense_latency.h:37) in function 'nnet::dense_latency<ap_fixed<16, 6, (ap_q_mode)5, (ap_o_mode)3, 0>, ap_fixed<36, 16, (ap_q_mode)5, (ap_o_mode)3, 0>, config8>' completely with a factor of 8.
INFO: [HLS 200-489] Unrolling loop 'Product2' (firmware/nnet_utils/nnet_dense_latency.h:40) in function 'nnet::dense_latency<ap_fixed<16, 6, (ap_q_mode)5, (ap_o_mode)3, 0>, ap_fixed<36, 16, (ap_q_mode)5, (ap_o_mode)3, 0>, config8>' completely with a factor of 14.
INFO: [HLS 200-489] Unrolling loop 'ResetAccum' (firmware/nnet_utils/nnet_dense_latency.h:48) in function 'nnet::dense_latency<ap_fixed<16, 6, (ap_q_mode)5, (ap_o_mode)3, 0>, ap_fixed<36, 16, (ap_q_mode)5, (ap_o_mode)3, 0>, config8>' completely with a factor of 14.
INFO: [HLS 200-489] Unrolling loop 'Accum1' (firmware/nnet_utils/nnet_dense_latency.h:54) in function 'nnet::dense_latency<ap_fixed<16, 6, (ap_q_mode)5, (ap_o_mode)3, 0>, ap_fixed<36, 16, (ap_q_mode)5, (ap_o_mode)3, 0>, config8>' completely with a factor of 8.
INFO: [HLS 200-489] Unrolling loop 'Accum2' (firmware/nnet_utils/nnet_dense_latency.h:56) in function 'nnet::dense_latency<ap_fixed<16, 6, (ap_q_mode)5, (ap_o_mode)3, 0>, ap_fixed<36, 16, (ap_q_mode)5, (ap_o_mode)3, 0>, config8>' completely with a factor of 14.
INFO: [HLS 200-489] Unrolling loop 'Result' (firmware/nnet_utils/nnet_dense_latency.h:64) in function 'nnet::dense_latency<ap_fixed<16, 6, (ap_q_mode)5, (ap_o_mode)3, 0>, ap_fixed<36, 16, (ap_q_mode)5, (ap_o_mode)3, 0>, config8>' completely with a factor of 14.
INFO: [HLS 200-489] Unrolling loop 'Loop-1' (firmware/nnet_utils/nnet_activation.h:43) in function 'nnet::relu<ap_fixed<35, 15, (ap_q_mode)5, (ap_o_mode)3, 0>, ap_fixed<16, 6, (ap_q_mode)5, (ap_o_mode)3, 0>, relu_config7>' completely with a factor of 8.
INFO: [HLS 200-489] Unrolling loop 'Product1' (firmware/nnet_utils/nnet_dense_latency.h:37) in function 'nnet::dense_latency<ap_fixed<16, 6, (ap_q_mode)5, (ap_o_mode)3, 0>, ap_fixed<35, 15, (ap_q_mode)5, (ap_o_mode)3, 0>, config6>' completely with a factor of 4.
INFO: [HLS 200-489] Unrolling loop 'Product2' (firmware/nnet_utils/nnet_dense_latency.h:40) in function 'nnet::dense_latency<ap_fixed<16, 6, (ap_q_mode)5, (ap_o_mode)3, 0>, ap_fixed<35, 15, (ap_q_mode)5, (ap_o_mode)3, 0>, config6>' completely with a factor of 8.
INFO: [HLS 200-489] Unrolling loop 'ResetAccum' (firmware/nnet_utils/nnet_dense_latency.h:48) in function 'nnet::dense_latency<ap_fixed<16, 6, (ap_q_mode)5, (ap_o_mode)3, 0>, ap_fixed<35, 15, (ap_q_mode)5, (ap_o_mode)3, 0>, config6>' completely with a factor of 8.
INFO: [HLS 200-489] Unrolling loop 'Accum1' (firmware/nnet_utils/nnet_dense_latency.h:54) in function 'nnet::dense_latency<ap_fixed<16, 6, (ap_q_mode)5, (ap_o_mode)3, 0>, ap_fixed<35, 15, (ap_q_mode)5, (ap_o_mode)3, 0>, config6>' completely with a factor of 4.
INFO: [HLS 200-489] Unrolling loop 'Accum2' (firmware/nnet_utils/nnet_dense_latency.h:56) in function 'nnet::dense_latency<ap_fixed<16, 6, (ap_q_mode)5, (ap_o_mode)3, 0>, ap_fixed<35, 15, (ap_q_mode)5, (ap_o_mode)3, 0>, config6>' completely with a factor of 8.
INFO: [HLS 200-489] Unrolling loop 'Result' (firmware/nnet_utils/nnet_dense_latency.h:64) in function 'nnet::dense_latency<ap_fixed<16, 6, (ap_q_mode)5, (ap_o_mode)3, 0>, ap_fixed<35, 15, (ap_q_mode)5, (ap_o_mode)3, 0>, config6>' completely with a factor of 8.
INFO: [HLS 200-489] Unrolling loop 'Loop-1' (firmware/nnet_utils/nnet_activation.h:43) in function 'nnet::relu<ap_fixed<36, 16, (ap_q_mode)5, (ap_o_mode)3, 0>, ap_fixed<16, 6, (ap_q_mode)5, (ap_o_mode)3, 0>, relu_config5>' completely with a factor of 4.
INFO: [HLS 200-489] Unrolling loop 'Product1' (firmware/nnet_utils/nnet_dense_latency.h:37) in function 'nnet::dense_latency<ap_fixed<16, 6, (ap_q_mode)5, (ap_o_mode)3, 0>, ap_fixed<36, 16, (ap_q_mode)5, (ap_o_mode)3, 0>, config4>' completely with a factor of 8.
INFO: [HLS 200-489] Unrolling loop 'Product2' (firmware/nnet_utils/nnet_dense_latency.h:40) in function 'nnet::dense_latency<ap_fixed<16, 6, (ap_q_mode)5, (ap_o_mode)3, 0>, ap_fixed<36, 16, (ap_q_mode)5, (ap_o_mode)3, 0>, config4>' completely with a factor of 4.
INFO: [HLS 200-489] Unrolling loop 'ResetAccum' (firmware/nnet_utils/nnet_dense_latency.h:48) in function 'nnet::dense_latency<ap_fixed<16, 6, (ap_q_mode)5, (ap_o_mode)3, 0>, ap_fixed<36, 16, (ap_q_mode)5, (ap_o_mode)3, 0>, config4>' completely with a factor of 4.
INFO: [HLS 200-489] Unrolling loop 'Accum1' (firmware/nnet_utils/nnet_dense_latency.h:54) in function 'nnet::dense_latency<ap_fixed<16, 6, (ap_q_mode)5, (ap_o_mode)3, 0>, ap_fixed<36, 16, (ap_q_mode)5, (ap_o_mode)3, 0>, config4>' completely with a factor of 8.
INFO: [HLS 200-489] Unrolling loop 'Accum2' (firmware/nnet_utils/nnet_dense_latency.h:56) in function 'nnet::dense_latency<ap_fixed<16, 6, (ap_q_mode)5, (ap_o_mode)3, 0>, ap_fixed<36, 16, (ap_q_mode)5, (ap_o_mode)3, 0>, config4>' completely with a factor of 4.
INFO: [HLS 200-489] Unrolling loop 'Result' (firmware/nnet_utils/nnet_dense_latency.h:64) in function 'nnet::dense_latency<ap_fixed<16, 6, (ap_q_mode)5, (ap_o_mode)3, 0>, ap_fixed<36, 16, (ap_q_mode)5, (ap_o_mode)3, 0>, config4>' completely with a factor of 4.
INFO: [HLS 200-489] Unrolling loop 'Loop-1' (firmware/nnet_utils/nnet_activation.h:43) in function 'nnet::relu<ap_fixed<37, 17, (ap_q_mode)5, (ap_o_mode)3, 0>, ap_fixed<16, 6, (ap_q_mode)5, (ap_o_mode)3, 0>, relu_config3>' completely with a factor of 8.
INFO: [HLS 200-489] Unrolling loop 'Product1' (firmware/nnet_utils/nnet_dense_latency.h:37) in function 'nnet::dense_latency<ap_fixed<16, 6, (ap_q_mode)5, (ap_o_mode)3, 0>, ap_fixed<37, 17, (ap_q_mode)5, (ap_o_mode)3, 0>, config2>' completely with a factor of 14.
INFO: [HLS 200-489] Unrolling loop 'Product2' (firmware/nnet_utils/nnet_dense_latency.h:40) in function 'nnet::dense_latency<ap_fixed<16, 6, (ap_q_mode)5, (ap_o_mode)3, 0>, ap_fixed<37, 17, (ap_q_mode)5, (ap_o_mode)3, 0>, config2>' completely with a factor of 8.
INFO: [HLS 200-489] Unrolling loop 'ResetAccum' (firmware/nnet_utils/nnet_dense_latency.h:48) in function 'nnet::dense_latency<ap_fixed<16, 6, (ap_q_mode)5, (ap_o_mode)3, 0>, ap_fixed<37, 17, (ap_q_mode)5, (ap_o_mode)3, 0>, config2>' completely with a factor of 8.
INFO: [HLS 200-489] Unrolling loop 'Accum1' (firmware/nnet_utils/nnet_dense_latency.h:54) in function 'nnet::dense_latency<ap_fixed<16, 6, (ap_q_mode)5, (ap_o_mode)3, 0>, ap_fixed<37, 17, (ap_q_mode)5, (ap_o_mode)3, 0>, config2>' completely with a factor of 14.
INFO: [HLS 200-489] Unrolling loop 'Accum2' (firmware/nnet_utils/nnet_dense_latency.h:56) in function 'nnet::dense_latency<ap_fixed<16, 6, (ap_q_mode)5, (ap_o_mode)3, 0>, ap_fixed<37, 17, (ap_q_mode)5, (ap_o_mode)3, 0>, config2>' completely with a factor of 8.
INFO: [HLS 200-489] Unrolling loop 'Result' (firmware/nnet_utils/nnet_dense_latency.h:64) in function 'nnet::dense_latency<ap_fixed<16, 6, (ap_q_mode)5, (ap_o_mode)3, 0>, ap_fixed<37, 17, (ap_q_mode)5, (ap_o_mode)3, 0>, config2>' completely with a factor of 8.
INFO: [XFORM 203-131] Reshaping array 'in_local.V' (firmware/myproject_axi.cpp:10) in dimension 1 completely.
INFO: [XFORM 203-101] Partitioning array 'out_local'  in dimension 1 completely.
INFO: [XFORM 203-101] Partitioning array 'layer2_out.V' (firmware/myproject.cpp:38) in dimension 1 completely.
INFO: [XFORM 203-101] Partitioning array 'layer3_out.V' (firmware/myproject.cpp:41) in dimension 1 completely.
INFO: [XFORM 203-101] Partitioning array 'layer4_out.V' (firmware/myproject.cpp:44) in dimension 1 completely.
INFO: [XFORM 203-101] Partitioning array 'layer5_out.V' (firmware/myproject.cpp:47) in dimension 1 completely.
INFO: [XFORM 203-101] Partitioning array 'layer6_out.V' (firmware/myproject.cpp:50) in dimension 1 completely.
INFO: [XFORM 203-101] Partitioning array 'layer7_out.V' (firmware/myproject.cpp:53) in dimension 1 completely.
INFO: [XFORM 203-101] Partitioning array 'b2.V'  in dimension 1 completely.
INFO: [XFORM 203-101] Partitioning array 'mult.V' (firmware/nnet_utils/nnet_dense_latency.h:17) in dimension 1 completely.
INFO: [XFORM 203-101] Partitioning array 'acc.V' (firmware/nnet_utils/nnet_dense_latency.h:18) in dimension 1 completely.
INFO: [XFORM 203-101] Partitioning array 'b8.V'  in dimension 1 completely.
INFO: [XFORM 203-101] Partitioning array 'mult.V' (firmware/nnet_utils/nnet_dense_latency.h:17) in dimension 1 completely.
INFO: [XFORM 203-101] Partitioning array 'acc.V' (firmware/nnet_utils/nnet_dense_latency.h:18) in dimension 1 completely.
INFO: [XFORM 203-101] Partitioning array 'b6.V'  in dimension 1 completely.
INFO: [XFORM 203-101] Partitioning array 'mult.V' (firmware/nnet_utils/nnet_dense_latency.h:17) in dimension 1 completely.
INFO: [XFORM 203-101] Partitioning array 'acc.V' (firmware/nnet_utils/nnet_dense_latency.h:18) in dimension 1 completely.
INFO: [XFORM 203-101] Partitioning array 'b4.V'  in dimension 1 completely.
INFO: [XFORM 203-101] Partitioning array 'mult.V' (firmware/nnet_utils/nnet_dense_latency.h:17) in dimension 1 completely.
INFO: [XFORM 203-101] Partitioning array 'acc.V' (firmware/nnet_utils/nnet_dense_latency.h:18) in dimension 1 completely.
INFO: [XFORM 203-602] Inlining function 'nnet::cast<ap_fixed<16, 6, (ap_q_mode)5, (ap_o_mode)3, 0>, ap_fixed<37, 17, (ap_q_mode)5, (ap_o_mode)3, 0>, config2>' into 'nnet::dense_latency<ap_fixed<16, 6, (ap_q_mode)5, (ap_o_mode)3, 0>, ap_fixed<37, 17, (ap_q_mode)5, (ap_o_mode)3, 0>, config2>' (firmware/nnet_utils/nnet_dense_latency.h:66) automatically.
INFO: [XFORM 203-602] Inlining function 'nnet::cast<ap_fixed<16, 6, (ap_q_mode)5, (ap_o_mode)3, 0>, ap_fixed<36, 16, (ap_q_mode)5, (ap_o_mode)3, 0>, config4>' into 'nnet::dense_latency<ap_fixed<16, 6, (ap_q_mode)5, (ap_o_mode)3, 0>, ap_fixed<36, 16, (ap_q_mode)5, (ap_o_mode)3, 0>, config4>' (firmware/nnet_utils/nnet_dense_latency.h:66) automatically.
INFO: [XFORM 203-602] Inlining function 'nnet::cast<ap_fixed<16, 6, (ap_q_mode)5, (ap_o_mode)3, 0>, ap_fixed<35, 15, (ap_q_mode)5, (ap_o_mode)3, 0>, config6>' into 'nnet::dense_latency<ap_fixed<16, 6, (ap_q_mode)5, (ap_o_mode)3, 0>, ap_fixed<35, 15, (ap_q_mode)5, (ap_o_mode)3, 0>, config6>' (firmware/nnet_utils/nnet_dense_latency.h:66) automatically.
INFO: [XFORM 203-602] Inlining function 'nnet::cast<ap_fixed<16, 6, (ap_q_mode)5, (ap_o_mode)3, 0>, ap_fixed<36, 16, (ap_q_mode)5, (ap_o_mode)3, 0>, config8>' into 'nnet::dense_latency<ap_fixed<16, 6, (ap_q_mode)5, (ap_o_mode)3, 0>, ap_fixed<36, 16, (ap_q_mode)5, (ap_o_mode)3, 0>, config8>' (firmware/nnet_utils/nnet_dense_latency.h:66) automatically.
INFO: [XFORM 203-622] Instantiating function 'nnet::dense_latency<ap_fixed<16, 6, (ap_q_mode)5, (ap_o_mode)3, 0>, ap_fixed<36, 16, (ap_q_mode)5, (ap_o_mode)3, 0>, config8>'(firmware/nnet_utils/nnet_dense_latency.h:26:27) to 'nnet::dense_latency<ap_fixed<16, 6, (ap_q_mode)5, (ap_o_mode)3, 0>, ap_fixed<36, 16, (ap_q_mode)5, (ap_o_mode)3, 0>, config8>.0' at call site (firmware/nnet_utils/nnet_dense.h:54->firmware/nnet_utils/nnet_dense.h:45->firmware/myproject.cpp:68) by setting 'weights.V' to 'w8.V'.
INFO: [XFORM 203-622] Instantiating function 'nnet::dense_latency<ap_fixed<16, 6, (ap_q_mode)5, (ap_o_mode)3, 0>, ap_fixed<36, 16, (ap_q_mode)5, (ap_o_mode)3, 0>, config8>.0'(firmware/nnet_utils/nnet_dense_latency.h:26:27) to 'nnet::dense_latency<ap_fixed<16, 6, (ap_q_mode)5, (ap_o_mode)3, 0>, ap_fixed<36, 16, (ap_q_mode)5, (ap_o_mode)3, 0>, config8>.0.0' at call site (firmware/nnet_utils/nnet_dense.h:54->firmware/nnet_utils/nnet_dense.h:45->firmware/myproject.cpp:68) by setting 'biases[0].V' to 'b8.V.0'.
INFO: [XFORM 203-622] Instantiating function 'nnet::dense_latency<ap_fixed<16, 6, (ap_q_mode)5, (ap_o_mode)3, 0>, ap_fixed<36, 16, (ap_q_mode)5, (ap_o_mode)3, 0>, config8>.0.0'(firmware/nnet_utils/nnet_dense_latency.h:26:27) to 'nnet::dense_latency<ap_fixed<16, 6, (ap_q_mode)5, (ap_o_mode)3, 0>, ap_fixed<36, 16, (ap_q_mode)5, (ap_o_mode)3, 0>, config8>.0.0.0' at call site (firmware/nnet_utils/nnet_dense.h:54->firmware/nnet_utils/nnet_dense.h:45->firmware/myproject.cpp:68) by setting 'biases[1].V' to 'b8.V.1'.
INFO: [XFORM 203-622] Instantiating function 'nnet::dense_latency<ap_fixed<16, 6, (ap_q_mode)5, (ap_o_mode)3, 0>, ap_fixed<36, 16, (ap_q_mode)5, (ap_o_mode)3, 0>, config8>.0.0.0'(firmware/nnet_utils/nnet_dense_latency.h:26:27) to 'nnet::dense_latency<ap_fixed<16, 6, (ap_q_mode)5, (ap_o_mode)3, 0>, ap_fixed<36, 16, (ap_q_mode)5, (ap_o_mode)3, 0>, config8>.0.0.0.0' at call site (firmware/nnet_utils/nnet_dense.h:54->firmware/nnet_utils/nnet_dense.h:45->firmware/myproject.cpp:68) by setting 'biases[2].V' to 'b8.V.2'.
INFO: [XFORM 203-622] Instantiating function 'nnet::dense_latency<ap_fixed<16, 6, (ap_q_mode)5, (ap_o_mode)3, 0>, ap_fixed<36, 16, (ap_q_mode)5, (ap_o_mode)3, 0>, config8>.0.0.0.0'(firmware/nnet_utils/nnet_dense_latency.h:26:27) to 'nnet::dense_latency<ap_fixed<16, 6, (ap_q_mode)5, (ap_o_mode)3, 0>, ap_fixed<36, 16, (ap_q_mode)5, (ap_o_mode)3, 0>, config8>.0.0.0.0.0' at call site (firmware/nnet_utils/nnet_dense.h:54->firmware/nnet_utils/nnet_dense.h:45->firmware/myproject.cpp:68) by setting 'biases[3].V' to 'b8.V.3'.
INFO: [XFORM 203-622] Instantiating function 'nnet::dense_latency<ap_fixed<16, 6, (ap_q_mode)5, (ap_o_mode)3, 0>, ap_fixed<36, 16, (ap_q_mode)5, (ap_o_mode)3, 0>, config8>.0.0.0.0.0'(firmware/nnet_utils/nnet_dense_latency.h:26:27) to 'nnet::dense_latency<ap_fixed<16, 6, (ap_q_mode)5, (ap_o_mode)3, 0>, ap_fixed<36, 16, (ap_q_mode)5, (ap_o_mode)3, 0>, config8>.0.0.0.0.0.0' at call site (firmware/nnet_utils/nnet_dense.h:54->firmware/nnet_utils/nnet_dense.h:45->firmware/myproject.cpp:68) by setting 'biases[4].V' to 'b8.V.4'.
INFO: [XFORM 203-622] Instantiating function 'nnet::dense_latency<ap_fixed<16, 6, (ap_q_mode)5, (ap_o_mode)3, 0>, ap_fixed<36, 16, (ap_q_mode)5, (ap_o_mode)3, 0>, config8>.0.0.0.0.0.0'(firmware/nnet_utils/nnet_dense_latency.h:26:27) to 'nnet::dense_latency<ap_fixed<16, 6, (ap_q_mode)5, (ap_o_mode)3, 0>, ap_fixed<36, 16, (ap_q_mode)5, (ap_o_mode)3, 0>, config8>.0.0.0.0.0.0.0' at call site (firmware/nnet_utils/nnet_dense.h:54->firmware/nnet_utils/nnet_dense.h:45->firmware/myproject.cpp:68) by setting 'biases[5].V' to 'b8.V.5'.
INFO: [XFORM 203-622] Instantiating function 'nnet::dense_latency<ap_fixed<16, 6, (ap_q_mode)5, (ap_o_mode)3, 0>, ap_fixed<36, 16, (ap_q_mode)5, (ap_o_mode)3, 0>, config8>.0.0.0.0.0.0.0'(firmware/nnet_utils/nnet_dense_latency.h:26:27) to 'nnet::dense_latency<ap_fixed<16, 6, (ap_q_mode)5, (ap_o_mode)3, 0>, ap_fixed<36, 16, (ap_q_mode)5, (ap_o_mode)3, 0>, config8>.0.0.0.0.0.0.0.0' at call site (firmware/nnet_utils/nnet_dense.h:54->firmware/nnet_utils/nnet_dense.h:45->firmware/myproject.cpp:68) by setting 'biases[6].V' to 'b8.V.6'.
INFO: [XFORM 203-622] Instantiating function 'nnet::dense_latency<ap_fixed<16, 6, (ap_q_mode)5, (ap_o_mode)3, 0>, ap_fixed<36, 16, (ap_q_mode)5, (ap_o_mode)3, 0>, config8>.0.0.0.0.0.0.0.0'(firmware/nnet_utils/nnet_dense_latency.h:26:27) to 'nnet::dense_latency<ap_fixed<16, 6, (ap_q_mode)5, (ap_o_mode)3, 0>, ap_fixed<36, 16, (ap_q_mode)5, (ap_o_mode)3, 0>, config8>.0.0.0.0.0.0.0.0.0' at call site (firmware/nnet_utils/nnet_dense.h:54->firmware/nnet_utils/nnet_dense.h:45->firmware/myproject.cpp:68) by setting 'biases[7].V' to 'b8.V.7'.
INFO: [XFORM 203-622] Instantiating function 'nnet::dense_latency<ap_fixed<16, 6, (ap_q_mode)5, (ap_o_mode)3, 0>, ap_fixed<36, 16, (ap_q_mode)5, (ap_o_mode)3, 0>, config8>.0.0.0.0.0.0.0.0.0'(firmware/nnet_utils/nnet_dense_latency.h:26:27) to 'nnet::dense_latency<ap_fixed<16, 6, (ap_q_mode)5, (ap_o_mode)3, 0>, ap_fixed<36, 16, (ap_q_mode)5, (ap_o_mode)3, 0>, config8>.0.0.0.0.0.0.0.0.0.0' at call site (firmware/nnet_utils/nnet_dense.h:54->firmware/nnet_utils/nnet_dense.h:45->firmware/myproject.cpp:68) by setting 'biases[8].V' to 'b8.V.8'.
INFO: [XFORM 203-622] Instantiating function 'nnet::dense_latency<ap_fixed<16, 6, (ap_q_mode)5, (ap_o_mode)3, 0>, ap_fixed<36, 16, (ap_q_mode)5, (ap_o_mode)3, 0>, config8>.0.0.0.0.0.0.0.0.0.0'(firmware/nnet_utils/nnet_dense_latency.h:26:27) to 'nnet::dense_latency<ap_fixed<16, 6, (ap_q_mode)5, (ap_o_mode)3, 0>, ap_fixed<36, 16, (ap_q_mode)5, (ap_o_mode)3, 0>, config8>.0.0.0.0.0.0.0.0.0.0.0' at call site (firmware/nnet_utils/nnet_dense.h:54->firmware/nnet_utils/nnet_dense.h:45->firmware/myproject.cpp:68) by setting 'biases[9].V' to 'b8.V.9'.
INFO: [XFORM 203-622] Instantiating function 'nnet::dense_latency<ap_fixed<16, 6, (ap_q_mode)5, (ap_o_mode)3, 0>, ap_fixed<36, 16, (ap_q_mode)5, (ap_o_mode)3, 0>, config8>.0.0.0.0.0.0.0.0.0.0.0'(firmware/nnet_utils/nnet_dense_latency.h:26:27) to 'nnet::dense_latency<ap_fixed<16, 6, (ap_q_mode)5, (ap_o_mode)3, 0>, ap_fixed<36, 16, (ap_q_mode)5, (ap_o_mode)3, 0>, config8>.0.0.0.0.0.0.0.0.0.0.0.0' at call site (firmware/nnet_utils/nnet_dense.h:54->firmware/nnet_utils/nnet_dense.h:45->firmware/myproject.cpp:68) by setting 'biases[10].V' to 'b8.V.10'.
INFO: [XFORM 203-622] Instantiating function 'nnet::dense_latency<ap_fixed<16, 6, (ap_q_mode)5, (ap_o_mode)3, 0>, ap_fixed<36, 16, (ap_q_mode)5, (ap_o_mode)3, 0>, config8>.0.0.0.0.0.0.0.0.0.0.0.0'(firmware/nnet_utils/nnet_dense_latency.h:26:27) to 'nnet::dense_latency<ap_fixed<16, 6, (ap_q_mode)5, (ap_o_mode)3, 0>, ap_fixed<36, 16, (ap_q_mode)5, (ap_o_mode)3, 0>, config8>.0.0.0.0.0.0.0.0.0.0.0.0.0' at call site (firmware/nnet_utils/nnet_dense.h:54->firmware/nnet_utils/nnet_dense.h:45->firmware/myproject.cpp:68) by setting 'biases[11].V' to 'b8.V.11'.
INFO: [XFORM 203-622] Instantiating function 'nnet::dense_latency<ap_fixed<16, 6, (ap_q_mode)5, (ap_o_mode)3, 0>, ap_fixed<36, 16, (ap_q_mode)5, (ap_o_mode)3, 0>, config8>.0.0.0.0.0.0.0.0.0.0.0.0.0'(firmware/nnet_utils/nnet_dense_latency.h:26:27) to 'nnet::dense_latency<ap_fixed<16, 6, (ap_q_mode)5, (ap_o_mode)3, 0>, ap_fixed<36, 16, (ap_q_mode)5, (ap_o_mode)3, 0>, config8>.0.0.0.0.0.0.0.0.0.0.0.0.0.0' at call site (firmware/nnet_utils/nnet_dense.h:54->firmware/nnet_utils/nnet_dense.h:45->firmware/myproject.cpp:68) by setting 'biases[12].V' to 'b8.V.12'.
INFO: [XFORM 203-622] Instantiating function 'nnet::dense_latency<ap_fixed<16, 6, (ap_q_mode)5, (ap_o_mode)3, 0>, ap_fixed<36, 16, (ap_q_mode)5, (ap_o_mode)3, 0>, config8>.0.0.0.0.0.0.0.0.0.0.0.0.0.0'(firmware/nnet_utils/nnet_dense_latency.h:26:27) to 'nnet::dense_latency<ap_fixed<16, 6, (ap_q_mode)5, (ap_o_mode)3, 0>, ap_fixed<36, 16, (ap_q_mode)5, (ap_o_mode)3, 0>, config8>.0.0.0.0.0.0.0.0.0.0.0.0.0.0.0' at call site (firmware/nnet_utils/nnet_dense.h:54->firmware/nnet_utils/nnet_dense.h:45->firmware/myproject.cpp:68) by setting 'biases[13].V' to 'b8.V.13'.
INFO: [XFORM 203-622] Instantiating function 'nnet::dense_latency<ap_fixed<16, 6, (ap_q_mode)5, (ap_o_mode)3, 0>, ap_fixed<35, 15, (ap_q_mode)5, (ap_o_mode)3, 0>, config6>'(firmware/nnet_utils/nnet_dense_latency.h:26:1) to 'nnet::dense_latency<ap_fixed<16, 6, (ap_q_mode)5, (ap_o_mode)3, 0>, ap_fixed<35, 15, (ap_q_mode)5, (ap_o_mode)3, 0>, config6>.0' at call site (firmware/nnet_utils/nnet_dense.h:54->firmware/nnet_utils/nnet_dense.h:45->firmware/myproject.cpp:64) by setting 'weights.V' to 'w6.V'.
INFO: [XFORM 203-622] Instantiating function 'nnet::dense_latency<ap_fixed<16, 6, (ap_q_mode)5, (ap_o_mode)3, 0>, ap_fixed<35, 15, (ap_q_mode)5, (ap_o_mode)3, 0>, config6>.0'(firmware/nnet_utils/nnet_dense_latency.h:26:1) to 'nnet::dense_latency<ap_fixed<16, 6, (ap_q_mode)5, (ap_o_mode)3, 0>, ap_fixed<35, 15, (ap_q_mode)5, (ap_o_mode)3, 0>, config6>.0.0' at call site (firmware/nnet_utils/nnet_dense.h:54->firmware/nnet_utils/nnet_dense.h:45->firmware/myproject.cpp:64) by setting 'biases[0].V' to 'b6.V.0'.
INFO: [XFORM 203-622] Instantiating function 'nnet::dense_latency<ap_fixed<16, 6, (ap_q_mode)5, (ap_o_mode)3, 0>, ap_fixed<35, 15, (ap_q_mode)5, (ap_o_mode)3, 0>, config6>.0.0'(firmware/nnet_utils/nnet_dense_latency.h:26:1) to 'nnet::dense_latency<ap_fixed<16, 6, (ap_q_mode)5, (ap_o_mode)3, 0>, ap_fixed<35, 15, (ap_q_mode)5, (ap_o_mode)3, 0>, config6>.0.0.0' at call site (firmware/nnet_utils/nnet_dense.h:54->firmware/nnet_utils/nnet_dense.h:45->firmware/myproject.cpp:64) by setting 'biases[1].V' to 'b6.V.1'.
INFO: [XFORM 203-622] Instantiating function 'nnet::dense_latency<ap_fixed<16, 6, (ap_q_mode)5, (ap_o_mode)3, 0>, ap_fixed<35, 15, (ap_q_mode)5, (ap_o_mode)3, 0>, config6>.0.0.0'(firmware/nnet_utils/nnet_dense_latency.h:26:1) to 'nnet::dense_latency<ap_fixed<16, 6, (ap_q_mode)5, (ap_o_mode)3, 0>, ap_fixed<35, 15, (ap_q_mode)5, (ap_o_mode)3, 0>, config6>.0.0.0.0' at call site (firmware/nnet_utils/nnet_dense.h:54->firmware/nnet_utils/nnet_dense.h:45->firmware/myproject.cpp:64) by setting 'biases[2].V' to 'b6.V.2'.
INFO: [XFORM 203-622] Instantiating function 'nnet::dense_latency<ap_fixed<16, 6, (ap_q_mode)5, (ap_o_mode)3, 0>, ap_fixed<35, 15, (ap_q_mode)5, (ap_o_mode)3, 0>, config6>.0.0.0.0'(firmware/nnet_utils/nnet_dense_latency.h:26:1) to 'nnet::dense_latency<ap_fixed<16, 6, (ap_q_mode)5, (ap_o_mode)3, 0>, ap_fixed<35, 15, (ap_q_mode)5, (ap_o_mode)3, 0>, config6>.0.0.0.0.0' at call site (firmware/nnet_utils/nnet_dense.h:54->firmware/nnet_utils/nnet_dense.h:45->firmware/myproject.cpp:64) by setting 'biases[3].V' to 'b6.V.3'.
INFO: [XFORM 203-622] Instantiating function 'nnet::dense_latency<ap_fixed<16, 6, (ap_q_mode)5, (ap_o_mode)3, 0>, ap_fixed<35, 15, (ap_q_mode)5, (ap_o_mode)3, 0>, config6>.0.0.0.0.0'(firmware/nnet_utils/nnet_dense_latency.h:26:1) to 'nnet::dense_latency<ap_fixed<16, 6, (ap_q_mode)5, (ap_o_mode)3, 0>, ap_fixed<35, 15, (ap_q_mode)5, (ap_o_mode)3, 0>, config6>.0.0.0.0.0.0' at call site (firmware/nnet_utils/nnet_dense.h:54->firmware/nnet_utils/nnet_dense.h:45->firmware/myproject.cpp:64) by setting 'biases[4].V' to 'b6.V.4'.
INFO: [XFORM 203-622] Instantiating function 'nnet::dense_latency<ap_fixed<16, 6, (ap_q_mode)5, (ap_o_mode)3, 0>, ap_fixed<35, 15, (ap_q_mode)5, (ap_o_mode)3, 0>, config6>.0.0.0.0.0.0'(firmware/nnet_utils/nnet_dense_latency.h:26:1) to 'nnet::dense_latency<ap_fixed<16, 6, (ap_q_mode)5, (ap_o_mode)3, 0>, ap_fixed<35, 15, (ap_q_mode)5, (ap_o_mode)3, 0>, config6>.0.0.0.0.0.0.0' at call site (firmware/nnet_utils/nnet_dense.h:54->firmware/nnet_utils/nnet_dense.h:45->firmware/myproject.cpp:64) by setting 'biases[5].V' to 'b6.V.5'.
INFO: [XFORM 203-622] Instantiating function 'nnet::dense_latency<ap_fixed<16, 6, (ap_q_mode)5, (ap_o_mode)3, 0>, ap_fixed<35, 15, (ap_q_mode)5, (ap_o_mode)3, 0>, config6>.0.0.0.0.0.0.0'(firmware/nnet_utils/nnet_dense_latency.h:26:1) to 'nnet::dense_latency<ap_fixed<16, 6, (ap_q_mode)5, (ap_o_mode)3, 0>, ap_fixed<35, 15, (ap_q_mode)5, (ap_o_mode)3, 0>, config6>.0.0.0.0.0.0.0.0' at call site (firmware/nnet_utils/nnet_dense.h:54->firmware/nnet_utils/nnet_dense.h:45->firmware/myproject.cpp:64) by setting 'biases[6].V' to 'b6.V.6'.
INFO: [XFORM 203-622] Instantiating function 'nnet::dense_latency<ap_fixed<16, 6, (ap_q_mode)5, (ap_o_mode)3, 0>, ap_fixed<35, 15, (ap_q_mode)5, (ap_o_mode)3, 0>, config6>.0.0.0.0.0.0.0.0'(firmware/nnet_utils/nnet_dense_latency.h:26:1) to 'nnet::dense_latency<ap_fixed<16, 6, (ap_q_mode)5, (ap_o_mode)3, 0>, ap_fixed<35, 15, (ap_q_mode)5, (ap_o_mode)3, 0>, config6>.0.0.0.0.0.0.0.0.0' at call site (firmware/nnet_utils/nnet_dense.h:54->firmware/nnet_utils/nnet_dense.h:45->firmware/myproject.cpp:64) by setting 'biases[7].V' to 'b6.V.7'.
INFO: [XFORM 203-622] Instantiating function 'nnet::dense_latency<ap_fixed<16, 6, (ap_q_mode)5, (ap_o_mode)3, 0>, ap_fixed<36, 16, (ap_q_mode)5, (ap_o_mode)3, 0>, config4>'(firmware/nnet_utils/nnet_dense_latency.h:26:1) to 'nnet::dense_latency<ap_fixed<16, 6, (ap_q_mode)5, (ap_o_mode)3, 0>, ap_fixed<36, 16, (ap_q_mode)5, (ap_o_mode)3, 0>, config4>.0' at call site (firmware/nnet_utils/nnet_dense.h:54->firmware/nnet_utils/nnet_dense.h:45->firmware/myproject.cpp:60) by setting 'weights.V' to 'w4.V'.
INFO: [XFORM 203-622] Instantiating function 'nnet::dense_latency<ap_fixed<16, 6, (ap_q_mode)5, (ap_o_mode)3, 0>, ap_fixed<36, 16, (ap_q_mode)5, (ap_o_mode)3, 0>, config4>.0'(firmware/nnet_utils/nnet_dense_latency.h:26:1) to 'nnet::dense_latency<ap_fixed<16, 6, (ap_q_mode)5, (ap_o_mode)3, 0>, ap_fixed<36, 16, (ap_q_mode)5, (ap_o_mode)3, 0>, config4>.0.0' at call site (firmware/nnet_utils/nnet_dense.h:54->firmware/nnet_utils/nnet_dense.h:45->firmware/myproject.cpp:60) by setting 'biases[0].V' to 'b4.V.0'.
INFO: [XFORM 203-622] Instantiating function 'nnet::dense_latency<ap_fixed<16, 6, (ap_q_mode)5, (ap_o_mode)3, 0>, ap_fixed<36, 16, (ap_q_mode)5, (ap_o_mode)3, 0>, config4>.0.0'(firmware/nnet_utils/nnet_dense_latency.h:26:1) to 'nnet::dense_latency<ap_fixed<16, 6, (ap_q_mode)5, (ap_o_mode)3, 0>, ap_fixed<36, 16, (ap_q_mode)5, (ap_o_mode)3, 0>, config4>.0.0.0' at call site (firmware/nnet_utils/nnet_dense.h:54->firmware/nnet_utils/nnet_dense.h:45->firmware/myproject.cpp:60) by setting 'biases[1].V' to 'b4.V.1'.
INFO: [XFORM 203-622] Instantiating function 'nnet::dense_latency<ap_fixed<16, 6, (ap_q_mode)5, (ap_o_mode)3, 0>, ap_fixed<36, 16, (ap_q_mode)5, (ap_o_mode)3, 0>, config4>.0.0.0'(firmware/nnet_utils/nnet_dense_latency.h:26:1) to 'nnet::dense_latency<ap_fixed<16, 6, (ap_q_mode)5, (ap_o_mode)3, 0>, ap_fixed<36, 16, (ap_q_mode)5, (ap_o_mode)3, 0>, config4>.0.0.0.0' at call site (firmware/nnet_utils/nnet_dense.h:54->firmware/nnet_utils/nnet_dense.h:45->firmware/myproject.cpp:60) by setting 'biases[2].V' to 'b4.V.2'.
INFO: [XFORM 203-622] Instantiating function 'nnet::dense_latency<ap_fixed<16, 6, (ap_q_mode)5, (ap_o_mode)3, 0>, ap_fixed<36, 16, (ap_q_mode)5, (ap_o_mode)3, 0>, config4>.0.0.0.0'(firmware/nnet_utils/nnet_dense_latency.h:26:1) to 'nnet::dense_latency<ap_fixed<16, 6, (ap_q_mode)5, (ap_o_mode)3, 0>, ap_fixed<36, 16, (ap_q_mode)5, (ap_o_mode)3, 0>, config4>.0.0.0.0.0' at call site (firmware/nnet_utils/nnet_dense.h:54->firmware/nnet_utils/nnet_dense.h:45->firmware/myproject.cpp:60) by setting 'biases[3].V' to 'b4.V.3'.
INFO: [XFORM 203-622] Instantiating function 'nnet::dense_latency<ap_fixed<16, 6, (ap_q_mode)5, (ap_o_mode)3, 0>, ap_fixed<37, 17, (ap_q_mode)5, (ap_o_mode)3, 0>, config2>'(firmware/nnet_utils/nnet_mult.h:26:9) to 'nnet::dense_latency<ap_fixed<16, 6, (ap_q_mode)5, (ap_o_mode)3, 0>, ap_fixed<37, 17, (ap_q_mode)5, (ap_o_mode)3, 0>, config2>.0' by setting 'weights.V' to 'w2.V'.
INFO: [XFORM 203-622] Instantiating function 'nnet::dense_latency<ap_fixed<16, 6, (ap_q_mode)5, (ap_o_mode)3, 0>, ap_fixed<37, 17, (ap_q_mode)5, (ap_o_mode)3, 0>, config2>.0'(firmware/nnet_utils/nnet_mult.h:26:9) to 'nnet::dense_latency<ap_fixed<16, 6, (ap_q_mode)5, (ap_o_mode)3, 0>, ap_fixed<37, 17, (ap_q_mode)5, (ap_o_mode)3, 0>, config2>.0.0' by setting 'biases[0].V' to 'b2.V.0'.
INFO: [XFORM 203-622] Instantiating function 'nnet::dense_latency<ap_fixed<16, 6, (ap_q_mode)5, (ap_o_mode)3, 0>, ap_fixed<37, 17, (ap_q_mode)5, (ap_o_mode)3, 0>, config2>.0.0'(firmware/nnet_utils/nnet_mult.h:26:9) to 'nnet::dense_latency<ap_fixed<16, 6, (ap_q_mode)5, (ap_o_mode)3, 0>, ap_fixed<37, 17, (ap_q_mode)5, (ap_o_mode)3, 0>, config2>.0.0.0' by setting 'biases[1].V' to 'b2.V.1'.
INFO: [XFORM 203-622] Instantiating function 'nnet::dense_latency<ap_fixed<16, 6, (ap_q_mode)5, (ap_o_mode)3, 0>, ap_fixed<37, 17, (ap_q_mode)5, (ap_o_mode)3, 0>, config2>.0.0.0'(firmware/nnet_utils/nnet_mult.h:26:9) to 'nnet::dense_latency<ap_fixed<16, 6, (ap_q_mode)5, (ap_o_mode)3, 0>, ap_fixed<37, 17, (ap_q_mode)5, (ap_o_mode)3, 0>, config2>.0.0.0.0' by setting 'biases[2].V' to 'b2.V.2'.
INFO: [XFORM 203-622] Instantiating function 'nnet::dense_latency<ap_fixed<16, 6, (ap_q_mode)5, (ap_o_mode)3, 0>, ap_fixed<37, 17, (ap_q_mode)5, (ap_o_mode)3, 0>, config2>.0.0.0.0'(firmware/nnet_utils/nnet_mult.h:26:9) to 'nnet::dense_latency<ap_fixed<16, 6, (ap_q_mode)5, (ap_o_mode)3, 0>, ap_fixed<37, 17, (ap_q_mode)5, (ap_o_mode)3, 0>, config2>.0.0.0.0.0' by setting 'biases[3].V' to 'b2.V.3'.
INFO: [XFORM 203-622] Instantiating function 'nnet::dense_latency<ap_fixed<16, 6, (ap_q_mode)5, (ap_o_mode)3, 0>, ap_fixed<37, 17, (ap_q_mode)5, (ap_o_mode)3, 0>, config2>.0.0.0.0.0'(firmware/nnet_utils/nnet_mult.h:26:9) to 'nnet::dense_latency<ap_fixed<16, 6, (ap_q_mode)5, (ap_o_mode)3, 0>, ap_fixed<37, 17, (ap_q_mode)5, (ap_o_mode)3, 0>, config2>.0.0.0.0.0.0' by setting 'biases[4].V' to 'b2.V.4'.
INFO: [XFORM 203-622] Instantiating function 'nnet::dense_latency<ap_fixed<16, 6, (ap_q_mode)5, (ap_o_mode)3, 0>, ap_fixed<37, 17, (ap_q_mode)5, (ap_o_mode)3, 0>, config2>.0.0.0.0.0.0'(firmware/nnet_utils/nnet_mult.h:26:9) to 'nnet::dense_latency<ap_fixed<16, 6, (ap_q_mode)5, (ap_o_mode)3, 0>, ap_fixed<37, 17, (ap_q_mode)5, (ap_o_mode)3, 0>, config2>.0.0.0.0.0.0.0' by setting 'biases[5].V' to 'b2.V.5'.
INFO: [XFORM 203-622] Instantiating function 'nnet::dense_latency<ap_fixed<16, 6, (ap_q_mode)5, (ap_o_mode)3, 0>, ap_fixed<37, 17, (ap_q_mode)5, (ap_o_mode)3, 0>, config2>.0.0.0.0.0.0.0'(firmware/nnet_utils/nnet_mult.h:26:9) to 'nnet::dense_latency<ap_fixed<16, 6, (ap_q_mode)5, (ap_o_mode)3, 0>, ap_fixed<37, 17, (ap_q_mode)5, (ap_o_mode)3, 0>, config2>.0.0.0.0.0.0.0.0' by setting 'biases[6].V' to 'b2.V.6'.
INFO: [XFORM 203-622] Instantiating function 'nnet::dense_latency<ap_fixed<16, 6, (ap_q_mode)5, (ap_o_mode)3, 0>, ap_fixed<37, 17, (ap_q_mode)5, (ap_o_mode)3, 0>, config2>.0.0.0.0.0.0.0.0'(firmware/nnet_utils/nnet_mult.h:26:9) to 'nnet::dense_latency<ap_fixed<16, 6, (ap_q_mode)5, (ap_o_mode)3, 0>, ap_fixed<37, 17, (ap_q_mode)5, (ap_o_mode)3, 0>, config2>.0.0.0.0.0.0.0.0.0' by setting 'biases[7].V' to 'b2.V.7'.
INFO: [XFORM 203-401] Performing if-conversion on hyperblock from (firmware/nnet_utils/nnet_activation.h:39:74) to (firmware/nnet_utils/nnet_activation.h:50:1) in function 'nnet::relu<ap_fixed<37, 17, (ap_q_mode)5, (ap_o_mode)3, 0>, ap_fixed<16, 6, (ap_q_mode)5, (ap_o_mode)3, 0>, relu_config3>'... converting 17 basic blocks.
INFO: [XFORM 203-401] Performing if-conversion on hyperblock from (firmware/nnet_utils/nnet_activation.h:39:74) to (firmware/nnet_utils/nnet_activation.h:50:1) in function 'nnet::relu<ap_fixed<36, 16, (ap_q_mode)5, (ap_o_mode)3, 0>, ap_fixed<16, 6, (ap_q_mode)5, (ap_o_mode)3, 0>, relu_config5>'... converting 9 basic blocks.
INFO: [XFORM 203-401] Performing if-conversion on hyperblock from (firmware/nnet_utils/nnet_activation.h:39:74) to (firmware/nnet_utils/nnet_activation.h:50:1) in function 'nnet::relu<ap_fixed<35, 15, (ap_q_mode)5, (ap_o_mode)3, 0>, ap_fixed<16, 6, (ap_q_mode)5, (ap_o_mode)3, 0>, relu_config7>'... converting 17 basic blocks.
INFO: [XFORM 203-401] Performing if-conversion on hyperblock from (firmware/myproject_axi.cpp:13:40) to (firmware/myproject_axi.cpp:13:35) in function 'myproject_axi'... converting 10 basic blocks.
INFO: [XFORM 203-401] Performing if-conversion on hyperblock from (firmware/myproject_axi.cpp:21:41) to (firmware/myproject_axi.cpp:21:36) in function 'myproject_axi'... converting 10 basic blocks.
INFO: [XFORM 203-11] Balancing expressions in function 'nnet::dense_latency<ap_fixed<16, 6, (ap_q_mode)5, (ap_o_mode)3, 0>, ap_fixed<37, 17, (ap_q_mode)5, (ap_o_mode)3, 0>, config2>.0.0.0.0.0.0.0.0.0' (firmware/nnet_utils/nnet_dense_latency.h:26:13)...112 expression(s) balanced.
INFO: [XFORM 203-11] Balancing expressions in function 'nnet::dense_latency<ap_fixed<16, 6, (ap_q_mode)5, (ap_o_mode)3, 0>, ap_fixed<36, 16, (ap_q_mode)5, (ap_o_mode)3, 0>, config8>.0.0.0.0.0.0.0.0.0.0.0.0.0.0.0' (firmware/nnet_utils/nnet_dense_latency.h:26:13)...111 expression(s) balanced.
INFO: [XFORM 203-11] Balancing expressions in function 'nnet::dense_latency<ap_fixed<16, 6, (ap_q_mode)5, (ap_o_mode)3, 0>, ap_fixed<36, 16, (ap_q_mode)5, (ap_o_mode)3, 0>, config4>.0.0.0.0.0' (firmware/nnet_utils/nnet_dense_latency.h:26:1)...32 expression(s) balanced.
INFO: [XFORM 203-11] Balancing expressions in function 'nnet::dense_latency<ap_fixed<16, 6, (ap_q_mode)5, (ap_o_mode)3, 0>, ap_fixed<35, 15, (ap_q_mode)5, (ap_o_mode)3, 0>, config6>.0.0.0.0.0.0.0.0.0' (firmware/nnet_utils/nnet_dense_latency.h:26:1)...32 expression(s) balanced.
INFO: [HLS 200-111] Finished Pre-synthesis Time (s): cpu = 00:00:49 ; elapsed = 00:00:53 . Memory (MB): peak = 1498.758 ; gain = 1097.754 ; free physical = 1992 ; free virtual = 4272
WARNING: [XFORM 203-631] Renaming function 'nnet::relu<ap_fixed<37, 17, (ap_q_mode)5, (ap_o_mode)3, 0>, ap_fixed<16, 6, (ap_q_mode)5, (ap_o_mode)3, 0>, relu_config3>' to 'relu<ap_fixed<37, 17, 5, 3, 0>, ap_fixed<16, 6, 5, 3, 0>, relu_config3>' (firmware/nnet_utils/nnet_activation.h:39)
WARNING: [XFORM 203-631] Renaming function 'nnet::relu<ap_fixed<36, 16, (ap_q_mode)5, (ap_o_mode)3, 0>, ap_fixed<16, 6, (ap_q_mode)5, (ap_o_mode)3, 0>, relu_config5>' to 'relu<ap_fixed<36, 16, 5, 3, 0>, ap_fixed<16, 6, 5, 3, 0>, relu_config5>' (firmware/nnet_utils/nnet_activation.h:39)
WARNING: [XFORM 203-631] Renaming function 'nnet::relu<ap_fixed<35, 15, (ap_q_mode)5, (ap_o_mode)3, 0>, ap_fixed<16, 6, (ap_q_mode)5, (ap_o_mode)3, 0>, relu_config7>' to 'relu<ap_fixed<35, 15, 5, 3, 0>, ap_fixed<16, 6, 5, 3, 0>, relu_config7>' (firmware/nnet_utils/nnet_activation.h:39)
WARNING: [XFORM 203-631] Renaming function 'nnet::dense_latency<ap_fixed<16, 6, (ap_q_mode)5, (ap_o_mode)3, 0>, ap_fixed<37, 17, (ap_q_mode)5, (ap_o_mode)3, 0>, config2>.0.0.0.0.0.0.0.0.0' to 'dense_latency<ap_fixed,ap_fixed<37,17,5,3,0>,config2>.0.0.0.0.0.0.0.0.0' (firmware/nnet_utils/nnet_dense_latency.h:26:13)
WARNING: [XFORM 203-631] Renaming function 'nnet::dense_latency<ap_fixed<16, 6, (ap_q_mode)5, (ap_o_mode)3, 0>, ap_fixed<36, 16, (ap_q_mode)5, (ap_o_mode)3, 0>, config8>.0.0.0.0.0.0.0.0.0.0.0.0.0.0.0' to 'dense_latency<ap_fixed,ap_fixed,config8>.0.0.0.0.0.0.0.0.0.0.0.0.0.0.0' (firmware/nnet_utils/nnet_dense_latency.h:26:1)
WARNING: [XFORM 203-631] Renaming function 'nnet::dense_latency<ap_fixed<16, 6, (ap_q_mode)5, (ap_o_mode)3, 0>, ap_fixed<36, 16, (ap_q_mode)5, (ap_o_mode)3, 0>, config4>.0.0.0.0.0' to 'dense_latency<ap_fixed,ap_fixed<36,16,5,3,0>,config4>.0.0.0.0.0' (firmware/nnet_utils/nnet_dense_latency.h:26:1)
WARNING: [XFORM 203-631] Renaming function 'nnet::dense_latency<ap_fixed<16, 6, (ap_q_mode)5, (ap_o_mode)3, 0>, ap_fixed<35, 15, (ap_q_mode)5, (ap_o_mode)3, 0>, config6>.0.0.0.0.0.0.0.0.0' to 'dense_latency<ap_fixed,ap_fixed<35,15,5,3,0>,config6>.0.0.0.0.0.0.0.0.0' (firmware/nnet_utils/nnet_dense_latency.h:26:1)
INFO: [HLS 200-111] Finished Architecture Synthesis Time (s): cpu = 00:00:51 ; elapsed = 00:00:54 . Memory (MB): peak = 1498.758 ; gain = 1097.754 ; free physical = 1917 ; free virtual = 4198
INFO: [HLS 200-10] Starting hardware synthesis ...
INFO: [HLS 200-10] Synthesizing 'myproject_axi' ...
WARNING: [SYN 201-103] Legalizing function name 'dense_latency<ap_fixed,ap_fixed<37,17,5,3,0>,config2>.0.0.0.0.0.0.0.0.0' to 'dense_latency_ap_fixed_ap_fixed_37_17_5_3_0_config2_0_0_0_0_0_0_0_0_0'.
WARNING: [SYN 201-103] Legalizing function name 'relu<ap_fixed<37, 17, 5, 3, 0>, ap_fixed<16, 6, 5, 3, 0>, relu_config3>' to 'relu_ap_fixed_37_17_5_3_0_ap_fixed_16_6_5_3_0_relu_config3_s'.
WARNING: [SYN 201-103] Legalizing function name 'dense_latency<ap_fixed,ap_fixed<36,16,5,3,0>,config4>.0.0.0.0.0' to 'dense_latency_ap_fixed_ap_fixed_36_16_5_3_0_config4_0_0_0_0_0'.
WARNING: [SYN 201-103] Legalizing function name 'relu<ap_fixed<36, 16, 5, 3, 0>, ap_fixed<16, 6, 5, 3, 0>, relu_config5>' to 'relu_ap_fixed_36_16_5_3_0_ap_fixed_16_6_5_3_0_relu_config5_s'.
WARNING: [SYN 201-103] Legalizing function name 'dense_latency<ap_fixed,ap_fixed<35,15,5,3,0>,config6>.0.0.0.0.0.0.0.0.0' to 'dense_latency_ap_fixed_ap_fixed_35_15_5_3_0_config6_0_0_0_0_0_0_0_0_0'.
WARNING: [SYN 201-103] Legalizing function name 'relu<ap_fixed<35, 15, 5, 3, 0>, ap_fixed<16, 6, 5, 3, 0>, relu_config7>' to 'relu_ap_fixed_35_15_5_3_0_ap_fixed_16_6_5_3_0_relu_config7_s'.
WARNING: [SYN 201-103] Legalizing function name 'dense_latency<ap_fixed,ap_fixed,config8>.0.0.0.0.0.0.0.0.0.0.0.0.0.0.0' to 'dense_latency_ap_fixed_ap_fixed_config8_0_0_0_0_0_0_0_0_0_0_0_0_0_0_0'.
INFO: [HLS 200-10] ----------------------------------------------------------------
INFO: [HLS 200-42] -- Implementing module 'dense_latency_ap_fixed_ap_fixed_37_17_5_3_0_config2_0_0_0_0_0_0_0_0_0' 
INFO: [HLS 200-10] ----------------------------------------------------------------
INFO: [SCHED 204-11] Starting scheduling ...
INFO: [SCHED 204-61] Pipelining function 'dense_latency<ap_fixed,ap_fixed<37,17,5,3,0>,config2>.0.0.0.0.0.0.0.0.0'.
INFO: [SCHED 204-61] Pipelining result : Target II = 8, Final II = 8, Depth = 9.
INFO: [SCHED 204-11] Finished scheduling.
INFO: [HLS 200-111]  Elapsed time: 56.32 seconds; current allocated memory: 238.623 MB.
INFO: [BIND 205-100] Starting micro-architecture generation ...
INFO: [BIND 205-101] Performing variable lifetime analysis.
INFO: [BIND 205-101] Exploring resource sharing.
INFO: [BIND 205-101] Binding ...
INFO: [BIND 205-100] Starting global binding ...
INFO: [BIND 205-100] Finished micro-architecture generation.
INFO: [HLS 200-111]  Elapsed time: 0.77 seconds; current allocated memory: 241.089 MB.
INFO: [HLS 200-10] ----------------------------------------------------------------
INFO: [HLS 200-42] -- Implementing module 'relu_ap_fixed_37_17_5_3_0_ap_fixed_16_6_5_3_0_relu_config3_s' 
INFO: [HLS 200-10] ----------------------------------------------------------------
INFO: [SCHED 204-11] Starting scheduling ...
INFO: [SCHED 204-61] Pipelining function 'relu<ap_fixed<37, 17, 5, 3, 0>, ap_fixed<16, 6, 5, 3, 0>, relu_config3>'.
INFO: [SCHED 204-61] Pipelining result : Target II = 1, Final II = 1, Depth = 1.
INFO: [SCHED 204-11] Finished scheduling.
INFO: [HLS 200-111]  Elapsed time: 0.6 seconds; current allocated memory: 241.376 MB.
INFO: [BIND 205-100] Starting micro-architecture generation ...
INFO: [BIND 205-101] Performing variable lifetime analysis.
INFO: [BIND 205-101] Exploring resource sharing.
INFO: [BIND 205-101] Binding ...
INFO: [BIND 205-100] Finished micro-architecture generation.
INFO: [HLS 200-111]  Elapsed time: 0.05 seconds; current allocated memory: 241.592 MB.
INFO: [HLS 200-10] ----------------------------------------------------------------
INFO: [HLS 200-42] -- Implementing module 'dense_latency_ap_fixed_ap_fixed_36_16_5_3_0_config4_0_0_0_0_0' 
INFO: [HLS 200-10] ----------------------------------------------------------------
INFO: [SCHED 204-11] Starting scheduling ...
INFO: [SCHED 204-61] Pipelining function 'dense_latency<ap_fixed,ap_fixed<36,16,5,3,0>,config4>.0.0.0.0.0'.
INFO: [SCHED 204-61] Pipelining result : Target II = 8, Final II = 8, Depth = 10.
INFO: [SCHED 204-11] Finished scheduling.
INFO: [HLS 200-111]  Elapsed time: 0.71 seconds; current allocated memory: 242.764 MB.
INFO: [BIND 205-100] Starting micro-architecture generation ...
INFO: [BIND 205-101] Performing variable lifetime analysis.
INFO: [BIND 205-101] Exploring resource sharing.
INFO: [BIND 205-101] Binding ...
INFO: [BIND 205-100] Starting global binding ...
INFO: [BIND 205-100] Finished micro-architecture generation.
INFO: [HLS 200-111]  Elapsed time: 0.18 seconds; current allocated memory: 243.524 MB.
INFO: [HLS 200-10] ----------------------------------------------------------------
INFO: [HLS 200-42] -- Implementing module 'relu_ap_fixed_36_16_5_3_0_ap_fixed_16_6_5_3_0_relu_config5_s' 
INFO: [HLS 200-10] ----------------------------------------------------------------
INFO: [SCHED 204-11] Starting scheduling ...
INFO: [SCHED 204-61] Pipelining function 'relu<ap_fixed<36, 16, 5, 3, 0>, ap_fixed<16, 6, 5, 3, 0>, relu_config5>'.
INFO: [SCHED 204-61] Pipelining result : Target II = 1, Final II = 1, Depth = 1.
INFO: [SCHED 204-11] Finished scheduling.
INFO: [HLS 200-111]  Elapsed time: 0.2 seconds; current allocated memory: 243.652 MB.
INFO: [BIND 205-100] Starting micro-architecture generation ...
INFO: [BIND 205-101] Performing variable lifetime analysis.
INFO: [BIND 205-101] Exploring resource sharing.
INFO: [BIND 205-101] Binding ...
INFO: [BIND 205-100] Finished micro-architecture generation.
INFO: [HLS 200-111]  Elapsed time: 0.03 seconds; current allocated memory: 243.779 MB.
INFO: [HLS 200-10] ----------------------------------------------------------------
INFO: [HLS 200-42] -- Implementing module 'dense_latency_ap_fixed_ap_fixed_35_15_5_3_0_config6_0_0_0_0_0_0_0_0_0' 
INFO: [HLS 200-10] ----------------------------------------------------------------
INFO: [SCHED 204-11] Starting scheduling ...
INFO: [SCHED 204-61] Pipelining function 'dense_latency<ap_fixed,ap_fixed<35,15,5,3,0>,config6>.0.0.0.0.0.0.0.0.0'.
INFO: [SCHED 204-61] Pipelining result : Target II = 8, Final II = 8, Depth = 9.
INFO: [SCHED 204-11] Finished scheduling.
INFO: [HLS 200-111]  Elapsed time: 0.67 seconds; current allocated memory: 244.926 MB.
INFO: [BIND 205-100] Starting micro-architecture generation ...
INFO: [BIND 205-101] Performing variable lifetime analysis.
INFO: [BIND 205-101] Exploring resource sharing.
INFO: [BIND 205-101] Binding ...
INFO: [BIND 205-100] Starting global binding ...
INFO: [BIND 205-100] Finished micro-architecture generation.
INFO: [HLS 200-111]  Elapsed time: 0.21 seconds; current allocated memory: 245.686 MB.
INFO: [HLS 200-10] ----------------------------------------------------------------
INFO: [HLS 200-42] -- Implementing module 'relu_ap_fixed_35_15_5_3_0_ap_fixed_16_6_5_3_0_relu_config7_s' 
INFO: [HLS 200-10] ----------------------------------------------------------------
INFO: [SCHED 204-11] Starting scheduling ...
INFO: [SCHED 204-61] Pipelining function 'relu<ap_fixed<35, 15, 5, 3, 0>, ap_fixed<16, 6, 5, 3, 0>, relu_config7>'.
INFO: [SCHED 204-61] Pipelining result : Target II = 1, Final II = 1, Depth = 1.
INFO: [SCHED 204-11] Finished scheduling.
INFO: [HLS 200-111]  Elapsed time: 0.22 seconds; current allocated memory: 245.853 MB.
INFO: [BIND 205-100] Starting micro-architecture generation ...
INFO: [BIND 205-101] Performing variable lifetime analysis.
INFO: [BIND 205-101] Exploring resource sharing.
INFO: [BIND 205-101] Binding ...
INFO: [BIND 205-100] Finished micro-architecture generation.
INFO: [HLS 200-111]  Elapsed time: 0.06 seconds; current allocated memory: 246.073 MB.
INFO: [HLS 200-10] ----------------------------------------------------------------
INFO: [HLS 200-42] -- Implementing module 'dense_latency_ap_fixed_ap_fixed_config8_0_0_0_0_0_0_0_0_0_0_0_0_0_0_0' 
INFO: [HLS 200-10] ----------------------------------------------------------------
INFO: [SCHED 204-11] Starting scheduling ...
INFO: [SCHED 204-61] Pipelining function 'dense_latency<ap_fixed,ap_fixed,config8>.0.0.0.0.0.0.0.0.0.0.0.0.0.0.0'.
INFO: [SCHED 204-61] Pipelining result : Target II = 8, Final II = 8, Depth = 11.
INFO: [SCHED 204-11] Finished scheduling.
INFO: [HLS 200-111]  Elapsed time: 2.48 seconds; current allocated memory: 250.128 MB.
INFO: [BIND 205-100] Starting micro-architecture generation ...
INFO: [BIND 205-101] Performing variable lifetime analysis.
INFO: [BIND 205-101] Exploring resource sharing.
INFO: [BIND 205-101] Binding ...
INFO: [BIND 205-100] Starting global binding ...
INFO: [BIND 205-100] Finished micro-architecture generation.
INFO: [HLS 200-111]  Elapsed time: 0.62 seconds; current allocated memory: 252.334 MB.
INFO: [HLS 200-10] ----------------------------------------------------------------
INFO: [HLS 200-42] -- Implementing module 'myproject' 
INFO: [HLS 200-10] ----------------------------------------------------------------
INFO: [SCHED 204-11] Starting scheduling ...
INFO: [SCHED 204-61] Pipelining function 'myproject'.
INFO: [SCHED 204-61] Pipelining result : Target II = 1, Final II = 8, Depth = 42.
INFO: [SCHED 204-11] Finished scheduling.
INFO: [HLS 200-111]  Elapsed time: 0.73 seconds; current allocated memory: 252.725 MB.
INFO: [BIND 205-100] Starting micro-architecture generation ...
INFO: [BIND 205-101] Performing variable lifetime analysis.
INFO: [BIND 205-101] Exploring resource sharing.
INFO: [BIND 205-101] Binding ...
INFO: [BIND 205-100] Finished micro-architecture generation.
INFO: [HLS 200-111]  Elapsed time: 1.48 seconds; current allocated memory: 253.561 MB.
INFO: [HLS 200-10] ----------------------------------------------------------------
INFO: [HLS 200-42] -- Implementing module 'myproject_axi' 
INFO: [HLS 200-10] ----------------------------------------------------------------
INFO: [SCHED 204-11] Starting scheduling ...
INFO: [SCHED 204-61] Pipelining loop 'Loop 1'.
INFO: [SCHED 204-61] Pipelining result : Target II = 1, Final II = 1, Depth = 9.
INFO: [SCHED 204-61] Pipelining loop 'Loop 2'.
INFO: [SCHED 204-61] Pipelining result : Target II = 1, Final II = 1, Depth = 10.
INFO: [SCHED 204-11] Finished scheduling.
INFO: [HLS 200-111]  Elapsed time: 0.91 seconds; current allocated memory: 254.462 MB.
INFO: [BIND 205-100] Starting micro-architecture generation ...
INFO: [BIND 205-101] Performing variable lifetime analysis.
INFO: [BIND 205-101] Exploring resource sharing.
INFO: [BIND 205-101] Binding ...
INFO: [BIND 205-100] Finished micro-architecture generation.
INFO: [HLS 200-111]  Elapsed time: 0.55 seconds; current allocated memory: 255.532 MB.
INFO: [HLS 200-10] ----------------------------------------------------------------
INFO: [HLS 200-10] -- Generating RTL for module 'dense_latency_ap_fixed_ap_fixed_37_17_5_3_0_config2_0_0_0_0_0_0_0_0_0' 
INFO: [HLS 200-10] ----------------------------------------------------------------
INFO: [RTGEN 206-100] Generating core module 'myproject_axi_mul_10s_16s_25_2_1': 2 instance(s).
INFO: [RTGEN 206-100] Generating core module 'myproject_axi_mul_11s_16s_26_2_1': 7 instance(s).
INFO: [RTGEN 206-100] Generating core module 'myproject_axi_mul_12s_16s_26_2_1': 4 instance(s).
INFO: [RTGEN 206-100] Generating core module 'myproject_axi_mul_13s_16s_26_2_1': 1 instance(s).
INFO: [RTGEN 206-100] Finished creating RTL model for 'dense_latency_ap_fixed_ap_fixed_37_17_5_3_0_config2_0_0_0_0_0_0_0_0_0'.
INFO: [HLS 200-111]  Elapsed time: 1.19 seconds; current allocated memory: 259.637 MB.
INFO: [HLS 200-10] ----------------------------------------------------------------
INFO: [HLS 200-10] -- Generating RTL for module 'relu_ap_fixed_37_17_5_3_0_ap_fixed_16_6_5_3_0_relu_config3_s' 
INFO: [HLS 200-10] ----------------------------------------------------------------
INFO: [RTGEN 206-100] Finished creating RTL model for 'relu_ap_fixed_37_17_5_3_0_ap_fixed_16_6_5_3_0_relu_config3_s'.
INFO: [HLS 200-111]  Elapsed time: 1.36 seconds; current allocated memory: 269.014 MB.
INFO: [HLS 200-10] ----------------------------------------------------------------
INFO: [HLS 200-10] -- Generating RTL for module 'dense_latency_ap_fixed_ap_fixed_36_16_5_3_0_config4_0_0_0_0_0' 
INFO: [HLS 200-10] ----------------------------------------------------------------
INFO: [RTGEN 206-100] Generating core module 'myproject_axi_mul_16s_12s_26_2_1': 1 instance(s).
INFO: [RTGEN 206-100] Generating core module 'myproject_axi_mul_16s_13s_26_2_1': 3 instance(s).
INFO: [RTGEN 206-100] Finished creating RTL model for 'dense_latency_ap_fixed_ap_fixed_36_16_5_3_0_config4_0_0_0_0_0'.
INFO: [HLS 200-111]  Elapsed time: 0.3 seconds; current allocated memory: 270.969 MB.
INFO: [HLS 200-10] ----------------------------------------------------------------
INFO: [HLS 200-10] -- Generating RTL for module 'relu_ap_fixed_36_16_5_3_0_ap_fixed_16_6_5_3_0_relu_config5_s' 
INFO: [HLS 200-10] ----------------------------------------------------------------
INFO: [RTGEN 206-100] Finished creating RTL model for 'relu_ap_fixed_36_16_5_3_0_ap_fixed_16_6_5_3_0_relu_config5_s'.
INFO: [HLS 200-111]  Elapsed time: 0.57 seconds; current allocated memory: 273.840 MB.
INFO: [HLS 200-10] ----------------------------------------------------------------
INFO: [HLS 200-10] -- Generating RTL for module 'dense_latency_ap_fixed_ap_fixed_35_15_5_3_0_config6_0_0_0_0_0_0_0_0_0' 
INFO: [HLS 200-10] ----------------------------------------------------------------
INFO: [RTGEN 206-100] Generating core module 'myproject_axi_mul_16s_11ns_26_2_1': 1 instance(s).
INFO: [RTGEN 206-100] Generating core module 'myproject_axi_mul_16s_11s_26_2_1': 1 instance(s).
INFO: [RTGEN 206-100] Generating core module 'myproject_axi_mul_16s_12s_26_2_1': 2 instance(s).
INFO: [RTGEN 206-100] Finished creating RTL model for 'dense_latency_ap_fixed_ap_fixed_35_15_5_3_0_config6_0_0_0_0_0_0_0_0_0'.
INFO: [HLS 200-111]  Elapsed time: 0.35 seconds; current allocated memory: 275.609 MB.
INFO: [HLS 200-10] ----------------------------------------------------------------
INFO: [HLS 200-10] -- Generating RTL for module 'relu_ap_fixed_35_15_5_3_0_ap_fixed_16_6_5_3_0_relu_config7_s' 
INFO: [HLS 200-10] ----------------------------------------------------------------
INFO: [RTGEN 206-100] Finished creating RTL model for 'relu_ap_fixed_35_15_5_3_0_ap_fixed_16_6_5_3_0_relu_config7_s'.
INFO: [HLS 200-111]  Elapsed time: 0.57 seconds; current allocated memory: 278.687 MB.
INFO: [HLS 200-10] ----------------------------------------------------------------
INFO: [HLS 200-10] -- Generating RTL for module 'dense_latency_ap_fixed_ap_fixed_config8_0_0_0_0_0_0_0_0_0_0_0_0_0_0_0' 
INFO: [HLS 200-10] ----------------------------------------------------------------
INFO: [RTGEN 206-100] Generating core module 'myproject_axi_mul_16s_11s_26_2_1': 2 instance(s).
INFO: [RTGEN 206-100] Generating core module 'myproject_axi_mul_16s_12s_26_2_1': 11 instance(s).
INFO: [RTGEN 206-100] Generating core module 'myproject_axi_mul_16s_13s_26_2_1': 1 instance(s).
INFO: [RTGEN 206-100] Finished creating RTL model for 'dense_latency_ap_fixed_ap_fixed_config8_0_0_0_0_0_0_0_0_0_0_0_0_0_0_0'.
INFO: [HLS 200-111]  Elapsed time: 0.46 seconds; current allocated memory: 282.799 MB.
INFO: [HLS 200-10] ----------------------------------------------------------------
INFO: [HLS 200-10] -- Generating RTL for module 'myproject' 
INFO: [HLS 200-10] ----------------------------------------------------------------
INFO: [RTGEN 206-100] Finished creating RTL model for 'myproject'.
INFO: [HLS 200-111]  Elapsed time: 1.46 seconds; current allocated memory: 292.356 MB.
INFO: [HLS 200-10] ----------------------------------------------------------------
INFO: [HLS 200-10] -- Generating RTL for module 'myproject_axi' 
INFO: [HLS 200-10] ----------------------------------------------------------------
INFO: [RTGEN 206-500] Setting interface mode on port 'myproject_axi/in_data' to 'axis' (register, both mode).
INFO: [RTGEN 206-500] Setting interface mode on port 'myproject_axi/in_last_V' to 'axis' (register, both mode).
INFO: [RTGEN 206-500] Setting interface mode on port 'myproject_axi/out_data' to 'axis' (register, both mode).
INFO: [RTGEN 206-500] Setting interface mode on port 'myproject_axi/out_last_V' to 'axis' (register, both mode).
INFO: [RTGEN 206-500] Setting interface mode on function 'myproject_axi' to 'ap_ctrl_none'.
INFO: [RTGEN 206-100] Generating core module 'myproject_axi_ashr_54ns_32ns_54_2_1': 1 instance(s).
INFO: [RTGEN 206-100] Generating core module 'myproject_axi_fpext_32ns_64_3_1': 1 instance(s).
INFO: [RTGEN 206-100] Generating core module 'myproject_axi_lshr_36ns_32ns_36_2_1': 1 instance(s).
INFO: [RTGEN 206-100] Generating core module 'myproject_axi_mux_144_36_1_1': 1 instance(s).
INFO: [RTGEN 206-100] Generating core module 'myproject_axi_shl_36ns_32ns_36_2_1': 1 instance(s).
INFO: [RTGEN 206-100] Finished creating RTL model for 'myproject_axi'.
INFO: [HLS 200-111]  Elapsed time: 1.21 seconds; current allocated memory: 295.746 MB.
INFO: [HLS 200-790] **** Loop Constraint Status: All loop constraints were satisfied.
INFO: [HLS 200-789] **** Estimated Fmax: 220.51 MHz
INFO: [RTMG 210-282] Generating pipelined core: 'myproject_axi_mul_11s_16s_26_2_1_MulnS_0'
INFO: [RTMG 210-282] Generating pipelined core: 'myproject_axi_mul_12s_16s_26_2_1_MulnS_1'
INFO: [RTMG 210-282] Generating pipelined core: 'myproject_axi_mul_10s_16s_25_2_1_MulnS_2'
INFO: [RTMG 210-282] Generating pipelined core: 'myproject_axi_mul_13s_16s_26_2_1_MulnS_3'
INFO: [RTMG 210-282] Generating pipelined core: 'myproject_axi_mul_16s_13s_26_2_1_MulnS_4'
INFO: [RTMG 210-282] Generating pipelined core: 'myproject_axi_mul_16s_12s_26_2_1_MulnS_5'
INFO: [RTMG 210-282] Generating pipelined core: 'myproject_axi_mul_16s_11ns_26_2_1_MulnS_6'
INFO: [RTMG 210-282] Generating pipelined core: 'myproject_axi_mul_16s_11s_26_2_1_MulnS_7'
INFO: [RTMG 210-286] Generating pipelined shifter : 'myproject_axi_ashr_54ns_32ns_54_2_1'
INFO: [RTMG 210-286] Generating pipelined shifter : 'myproject_axi_lshr_36ns_32ns_36_2_1'
INFO: [RTMG 210-286] Generating pipelined shifter : 'myproject_axi_shl_36ns_32ns_36_2_1'
INFO: [HLS 200-111] Finished generating all RTL models Time (s): cpu = 00:01:08 ; elapsed = 00:01:18 . Memory (MB): peak = 1498.758 ; gain = 1097.754 ; free physical = 1841 ; free virtual = 4119
INFO: [VHDL 208-304] Generating VHDL RTL for myproject_axi.
INFO: [VLOG 209-307] Generating Verilog RTL for myproject_axi.
***** C/RTL SYNTHESIS COMPLETED IN 0h1m14s *****
***** C/RTL SIMULATION *****
INFO: [HLS 200-10] Adding test bench file 'myproject_test.cpp' to the project
INFO:
***** C/RTL SIMULATION COMPLETED IN 0h0m0s *****
***** EXPORT IP *****
INFO: [IMPL 213-8] Exporting RTL as a Vivado IP.

****** Vivado v2020.1 (64-bit)
  **** SW Build 2902540 on Wed May 27 19:54:35 MDT 2020
  **** IP Build 2902112 on Wed May 27 22:43:36 MDT 2020
    ** Copyright 1986-2020 Xilinx, Inc. All Rights Reserved.

source run_ippack.tcl -notrace
INFO: [IP_Flow 19-234] Refreshing IP repositories
INFO: [IP_Flow 19-1704] No user IP repositories specified
INFO: [IP_Flow 19-2313] Loaded Vivado IP repository '/tools/Xilinx/Vivado/2020.1/data/ip'.
WARNING: [IP_Flow 19-4832] The IP name 'myproject_axi_ap_fpext_1_no_dsp_32' you have specified is long. The Windows operating system has path length limitations. It is recommended you use shorter names to reduce the likelihood of issues.
INFO: [IP_Flow 19-1686] Generating 'Synthesis' target for IP 'myproject_axi_ap_fpext_1_no_dsp_32'...
INFO: [IP_Flow 19-1686] Generating 'Simulation' target for IP 'myproject_axi_ap_fpext_1_no_dsp_32'...
INFO: [IP_Flow 19-234] Refreshing IP repositories
INFO: [IP_Flow 19-1704] No user IP repositories specified
INFO: [IP_Flow 19-2313] Loaded Vivado IP repository '/tools/Xilinx/Vivado/2020.1/data/ip'.
INFO: [Common 17-206] Exiting Vivado at Fri May 29 15:08:36 2026...
***** EXPORT IP COMPLETED IN 0h0m28s *****
INFO: [HLS 200-112] Total elapsed time: 106.76 seconds; peak allocated memory: 295.746 MB.
INFO: [Common 17-206] Exiting vivado_hls at Fri May 29 15:08:46 2026...
