

================================================================
== Vivado HLS Report for 'dense_resource_rf_gt_nin_rem0_ap_fixed_ap_fixed_config2_0_0_0_0_0_0_0_0_0'
================================================================
* Date:           Wed May 20 11:16:34 2026

* Version:        2020.1 (Build 2897737 on Wed May 27 20:21:37 MDT 2020)
* Project:        myproject_prj
* Solution:       solution1
* Product family: zynq
* Target device:  xc7z020-clg400-1


================================================================
== Performance Estimates
================================================================
+ Timing: 
    * Summary: 
    +--------+---------+----------+------------+
    |  Clock |  Target | Estimated| Uncertainty|
    +--------+---------+----------+------------+
    |ap_clk  | 5.00 ns | 6.325 ns |   0.62 ns  |
    +--------+---------+----------+------------+

+ Latency: 
    * Summary: 
    +---------+---------+----------+----------+-----+-----+---------------------------------------------+
    |  Latency (cycles) |  Latency (absolute) |  Interval |                   Pipeline                  |
    |   min   |   max   |    min   |    max   | min | max |                     Type                    |
    +---------+---------+----------+----------+-----+-----+---------------------------------------------+
    |       68|       69| 0.430 us | 0.436 us |   56|   56| loop rewind(delay=0 initiation interval(s)) |
    +---------+---------+----------+----------+-----+-----+---------------------------------------------+

    + Detail: 
        * Instance: 
        N/A

        * Loop: 
        +-------------+---------+---------+----------+-----------+-----------+------+----------+
        |             |  Latency (cycles) | Iteration|  Initiation Interval  | Trip |          |
        |  Loop Name  |   min   |   max   |  Latency |  achieved |   target  | Count| Pipelined|
        +-------------+---------+---------+----------+-----------+-----------+------+----------+
        |- ReuseLoop  |       68|       68|        14|          1|          1|    56|    yes   |
        +-------------+---------+---------+----------+-----------+-----------+------+----------+



================================================================
== Utilization Estimates
================================================================
* Summary: 
+-----------------+---------+-------+--------+-------+-----+
|       Name      | BRAM_18K| DSP48E|   FF   |  LUT  | URAM|
+-----------------+---------+-------+--------+-------+-----+
|DSP              |        -|      2|       -|      -|    -|
|Expression       |        -|      -|       0|   1537|    -|
|FIFO             |        -|      -|       -|      -|    -|
|Instance         |        -|      -|    1679|   1459|    -|
|Memory           |        1|      -|       2|      2|    -|
|Multiplexer      |        -|      -|       -|    423|    -|
|Register         |        0|      -|    1623|    128|    -|
+-----------------+---------+-------+--------+-------+-----+
|Total            |        1|      2|    3304|   3549|    0|
+-----------------+---------+-------+--------+-------+-----+
|Available        |      280|    220|  106400|  53200|    0|
+-----------------+---------+-------+--------+-------+-----+
|Utilization (%)  |    ~0   |   ~0  |       3|      6|    0|
+-----------------+---------+-------+--------+-------+-----+

+ Detail: 
    * Instance: 
    +-------------------------------------+----------------------------------+---------+-------+------+------+-----+
    |               Instance              |              Module              | BRAM_18K| DSP48E|  FF  |  LUT | URAM|
    +-------------------------------------+----------------------------------+---------+-------+------+------+-----+
    |myproject_lshr_224ns_8ns_224_6_1_U1  |myproject_lshr_224ns_8ns_224_6_1  |        0|      0|  1679|  1329|    0|
    |myproject_mux_42_16_1_1_U2           |myproject_mux_42_16_1_1           |        0|      0|     0|    65|    0|
    |myproject_mux_83_16_1_1_U3           |myproject_mux_83_16_1_1           |        0|      0|     0|    65|    0|
    +-------------------------------------+----------------------------------+---------+-------+------+------+-----+
    |Total                                |                                  |        0|      0|  1679|  1459|    0|
    +-------------------------------------+----------------------------------+---------+-------+------+------+-----+

    * DSP48E: 
    +------------------------------------+---------------------------------+-----------+
    |              Instance              |              Module             | Expression|
    +------------------------------------+---------------------------------+-----------+
    |myproject_mul_mul_16s_6s_21_3_1_U5  |myproject_mul_mul_16s_6s_21_3_1  |  i0 * i1  |
    |myproject_mul_mul_8s_16s_21_3_1_U4  |myproject_mul_mul_8s_16s_21_3_1  |  i0 * i1  |
    +------------------------------------+---------------------------------+-----------+

    * Memory: 
    +-----------+----------------------------------------------------------------------------------+---------+---+----+-----+------+-----+------+-------------+
    |   Memory  |                                      Module                                      | BRAM_18K| FF| LUT| URAM| Words| Bits| Banks| W*Bits*Banks|
    +-----------+----------------------------------------------------------------------------------+---------+---+----+-----+------+-----+------+-------------+
    |outidx5_U  |dense_resource_rf_gt_nin_rem0_ap_fixed_ap_fixed_config2_0_0_0_0_0_0_0_0_0_outbkb  |        0|  2|   2|    0|    56|    2|     1|          112|
    |w2_V_U     |dense_resource_rf_gt_nin_rem0_ap_fixed_ap_fixed_config2_0_0_0_0_0_0_0_0_0_w2_V    |        1|  0|   0|    0|    56|   14|     1|          784|
    +-----------+----------------------------------------------------------------------------------+---------+---+----+-----+------+-----+------+-------------+
    |Total      |                                                                                  |        1|  2|   2|    0|   112|   16|     2|          896|
    +-----------+----------------------------------------------------------------------------------+---------+---+----+-----+------+-----+------+-------------+

    * FIFO: 
    N/A

    * Expression: 
    +---------------------------+----------+-------+---+-----+------------+------------+
    |       Variable Name       | Operation| DSP48E| FF| LUT | Bitwidth P0| Bitwidth P1|
    +---------------------------+----------+-------+---+-----+------------+------------+
    |acc_0_V_fu_656_p2          |     +    |      0|  0|   23|          16|          16|
    |acc_4_V_fu_700_p2          |     +    |      0|  0|   23|          16|          16|
    |in_index_fu_469_p2         |     +    |      0|  0|   39|          32|           1|
    |w_index_fu_463_p2          |     +    |      0|  0|   15|           6|           1|
    |sub_ln145_1_fu_533_p2      |     -    |      0|  0|   15|           7|           8|
    |sub_ln145_2_fu_539_p2      |     -    |      0|  0|   15|           8|           8|
    |sub_ln145_3_fu_567_p2      |     -    |      0|  0|   15|           7|           8|
    |sub_ln145_fu_527_p2        |     -    |      0|  0|   15|           8|           8|
    |and_ln145_fu_602_p2        |    and   |      0|  0|  224|         224|         224|
    |ap_condition_247           |    and   |      0|  0|    2|           1|           1|
    |icmp_ln135_fu_481_p2       |   icmp   |      0|  0|   11|           6|           5|
    |icmp_ln145_fu_509_p2       |   icmp   |      0|  0|   13|           9|           9|
    |icmp_ln154_fu_475_p2       |   icmp   |      0|  0|   18|          32|           4|
    |lshr_ln145_1_fu_596_p2     |   lshr   |      0|  0|  822|           2|         224|
    |ap_block_pp0_stage0_11001  |    or    |      0|  0|    2|           1|           1|
    |ap_block_state1            |    or    |      0|  0|    2|           1|           1|
    |empty_25_fu_503_p2         |    or    |      0|  0|    9|           9|           4|
    |select_ln145_1_fu_553_p3   |  select  |      0|  0|  224|           1|         224|
    |select_ln145_2_fu_559_p3   |  select  |      0|  0|    8|           1|           8|
    |select_ln145_fu_545_p3     |  select  |      0|  0|    8|           1|           8|
    |select_ln154_fu_573_p3     |  select  |      0|  0|   32|           1|           1|
    |ap_enable_pp0              |    xor   |      0|  0|    2|           1|           2|
    +---------------------------+----------+-------+---+-----+------------+------------+
    |Total                      |          |      0|  0| 1537|         390|         782|
    +---------------------------+----------+-------+---+-----+------------+------------+

    * Multiplexer: 
    +---------------------------------------+----+-----------+-----+-----------+
    |                  Name                 | LUT| Input Size| Bits| Total Bits|
    +---------------------------------------+----+-----------+-----+-----------+
    |ap_NS_fsm                              |  15|          3|    1|          3|
    |ap_done                                |   9|          2|    1|          2|
    |ap_enable_reg_pp0_iter1                |   9|          2|    1|          2|
    |ap_enable_reg_pp0_iter13               |   9|          2|    1|          2|
    |ap_phi_mux_in_index_025_phi_fu_167_p6  |  15|          3|   32|         96|
    |ap_phi_mux_p_Val2_1422_phi_fu_197_p6   |  15|          3|   16|         48|
    |ap_phi_mux_p_Val2_1520_phi_fu_212_p6   |  15|          3|   16|         48|
    |ap_phi_mux_p_Val2_1618_phi_fu_227_p6   |  15|          3|   16|         48|
    |ap_phi_mux_p_Val2_16_phi_fu_349_p8     |  15|          3|   16|         48|
    |ap_phi_mux_p_Val2_17_phi_fu_331_p8     |  15|          3|   16|         48|
    |ap_phi_mux_p_Val2_18_phi_fu_313_p8     |  15|          3|   16|         48|
    |ap_phi_mux_p_Val2_19_phi_fu_439_p8     |  15|          3|   16|         48|
    |ap_phi_mux_p_Val2_20_phi_fu_421_p8     |  15|          3|   16|         48|
    |ap_phi_mux_p_Val2_21_phi_fu_403_p8     |  15|          3|   16|         48|
    |ap_phi_mux_p_Val2_22_phi_fu_385_p8     |  15|          3|   16|         48|
    |ap_phi_mux_p_Val2_24_phi_fu_182_p6     |  15|          3|   16|         48|
    |ap_phi_mux_p_Val2_s_phi_fu_367_p8      |  15|          3|   16|         48|
    |ap_phi_mux_w_index26_phi_fu_152_p6     |  15|          3|    6|         18|
    |ap_return_0                            |   9|          2|   16|         32|
    |ap_return_1                            |   9|          2|   16|         32|
    |ap_return_2                            |   9|          2|   16|         32|
    |ap_return_3                            |   9|          2|   16|         32|
    |ap_return_4                            |   9|          2|   16|         32|
    |ap_return_5                            |   9|          2|   16|         32|
    |ap_return_6                            |   9|          2|   16|         32|
    |ap_return_7                            |   9|          2|   16|         32|
    |data_V_blk_n                           |   9|          2|    1|          2|
    |in_index_025_reg_163                   |   9|          2|   32|         64|
    |p_Val2_1422_reg_193                    |   9|          2|   16|         32|
    |p_Val2_1520_reg_208                    |   9|          2|   16|         32|
    |p_Val2_1618_reg_223                    |   9|          2|   16|         32|
    |p_Val2_1716_reg_253                    |   9|          2|   16|         32|
    |p_Val2_1814_reg_267                    |   9|          2|   16|         32|
    |p_Val2_1912_reg_281                    |   9|          2|   16|         32|
    |p_Val2_2010_reg_295                    |   9|          2|   16|         32|
    |p_Val2_24_reg_178                      |   9|          2|   16|         32|
    |w_index26_reg_148                      |   9|          2|    6|         12|
    +---------------------------------------+----+-----------+-----+-----------+
    |Total                                  | 423|         89|  529|       1289|
    +---------------------------------------+----+-----------+-----+-----------+

    * Register: 
    +--------------------------+-----+----+-----+-----------+
    |           Name           |  FF | LUT| Bits| Const Bits|
    +--------------------------+-----+----+-----+-----------+
    |acc_0_V_reg_953           |   16|   0|   16|          0|
    |ap_CS_fsm                 |    2|   0|    2|          0|
    |ap_done_reg               |    1|   0|    1|          0|
    |ap_enable_reg_pp0_iter1   |    1|   0|    1|          0|
    |ap_enable_reg_pp0_iter10  |    1|   0|    1|          0|
    |ap_enable_reg_pp0_iter11  |    1|   0|    1|          0|
    |ap_enable_reg_pp0_iter12  |    1|   0|    1|          0|
    |ap_enable_reg_pp0_iter13  |    1|   0|    1|          0|
    |ap_enable_reg_pp0_iter2   |    1|   0|    1|          0|
    |ap_enable_reg_pp0_iter3   |    1|   0|    1|          0|
    |ap_enable_reg_pp0_iter4   |    1|   0|    1|          0|
    |ap_enable_reg_pp0_iter5   |    1|   0|    1|          0|
    |ap_enable_reg_pp0_iter6   |    1|   0|    1|          0|
    |ap_enable_reg_pp0_iter7   |    1|   0|    1|          0|
    |ap_enable_reg_pp0_iter8   |    1|   0|    1|          0|
    |ap_enable_reg_pp0_iter9   |    1|   0|    1|          0|
    |ap_return_0_preg          |   16|   0|   21|          5|
    |ap_return_1_preg          |   16|   0|   21|          5|
    |ap_return_2_preg          |   16|   0|   21|          5|
    |ap_return_3_preg          |   16|   0|   21|          5|
    |ap_return_4_preg          |   16|   0|   21|          5|
    |ap_return_5_preg          |   16|   0|   21|          5|
    |ap_return_6_preg          |   16|   0|   21|          5|
    |ap_return_7_preg          |   16|   0|   21|          5|
    |data_V_read_reg_837       |  224|   0|  224|          0|
    |icmp_ln135_reg_862        |    1|   0|    1|          0|
    |icmp_ln154_reg_857        |    1|   0|    1|          0|
    |in_index_025_reg_163      |   32|   0|   32|          0|
    |in_index_reg_852          |   32|   0|   32|          0|
    |lshr_ln145_reg_896        |  224|   0|  224|          0|
    |mul_ln1118_1_reg_948      |   21|   0|   21|          0|
    |mul_ln1118_reg_943        |   21|   0|   21|          0|
    |out_index_reg_906         |    2|   0|    2|          0|
    |p_Val2_1422_reg_193       |   16|   0|   16|          0|
    |p_Val2_1520_reg_208       |   16|   0|   16|          0|
    |p_Val2_1618_reg_223       |   16|   0|   16|          0|
    |p_Val2_1716_reg_253       |   16|   0|   16|          0|
    |p_Val2_1814_reg_267       |   16|   0|   16|          0|
    |p_Val2_1912_reg_281       |   16|   0|   16|          0|
    |p_Val2_2010_reg_295       |   16|   0|   16|          0|
    |p_Val2_24_reg_178         |   16|   0|   16|          0|
    |select_ln145_1_reg_866    |  224|   0|  224|          0|
    |select_ln145_2_reg_871    |    8|   0|    8|          0|
    |sub_ln145_3_reg_876       |    7|   0|    8|          1|
    |tmp_127_reg_842           |  224|   0|  224|          0|
    |tmp_40_reg_922            |    6|   0|    6|          0|
    |trunc_ln145_1_reg_912     |   16|   0|   16|          0|
    |trunc_ln145_2_reg_917     |    8|   0|    8|          0|
    |trunc_ln708_s_reg_961     |   16|   0|   16|          0|
    |w_index26_reg_148         |    6|   0|    6|          0|
    |w_index_reg_847           |    6|   0|    6|          0|
    |icmp_ln135_reg_862        |   64|  32|    1|          0|
    |out_index_reg_906         |   64|  32|    2|          0|
    |sub_ln145_3_reg_876       |   64|  32|    8|          1|
    |w_index26_reg_148         |   64|  32|    6|          0|
    +--------------------------+-----+----+-----+-----------+
    |Total                     | 1623| 128| 1425|         42|
    +--------------------------+-----+----+-----+-----------+



================================================================
== Interface
================================================================
* Summary: 
+---------------+-----+-----+------------+----------------------------------------------------------------------------+--------------+
|   RTL Ports   | Dir | Bits|  Protocol  |                                Source Object                               |    C Type    |
+---------------+-----+-----+------------+----------------------------------------------------------------------------+--------------+
|ap_clk         |  in |    1| ap_ctrl_hs | dense_resource_rf_gt_nin_rem0<ap_fixed,ap_fixed,config2>.0.0.0.0.0.0.0.0.0 | return value |
|ap_rst         |  in |    1| ap_ctrl_hs | dense_resource_rf_gt_nin_rem0<ap_fixed,ap_fixed,config2>.0.0.0.0.0.0.0.0.0 | return value |
|ap_start       |  in |    1| ap_ctrl_hs | dense_resource_rf_gt_nin_rem0<ap_fixed,ap_fixed,config2>.0.0.0.0.0.0.0.0.0 | return value |
|ap_done        | out |    1| ap_ctrl_hs | dense_resource_rf_gt_nin_rem0<ap_fixed,ap_fixed,config2>.0.0.0.0.0.0.0.0.0 | return value |
|ap_continue    |  in |    1| ap_ctrl_hs | dense_resource_rf_gt_nin_rem0<ap_fixed,ap_fixed,config2>.0.0.0.0.0.0.0.0.0 | return value |
|ap_idle        | out |    1| ap_ctrl_hs | dense_resource_rf_gt_nin_rem0<ap_fixed,ap_fixed,config2>.0.0.0.0.0.0.0.0.0 | return value |
|ap_ready       | out |    1| ap_ctrl_hs | dense_resource_rf_gt_nin_rem0<ap_fixed,ap_fixed,config2>.0.0.0.0.0.0.0.0.0 | return value |
|ap_return_0    | out |   21| ap_ctrl_hs | dense_resource_rf_gt_nin_rem0<ap_fixed,ap_fixed,config2>.0.0.0.0.0.0.0.0.0 | return value |
|ap_return_1    | out |   21| ap_ctrl_hs | dense_resource_rf_gt_nin_rem0<ap_fixed,ap_fixed,config2>.0.0.0.0.0.0.0.0.0 | return value |
|ap_return_2    | out |   21| ap_ctrl_hs | dense_resource_rf_gt_nin_rem0<ap_fixed,ap_fixed,config2>.0.0.0.0.0.0.0.0.0 | return value |
|ap_return_3    | out |   21| ap_ctrl_hs | dense_resource_rf_gt_nin_rem0<ap_fixed,ap_fixed,config2>.0.0.0.0.0.0.0.0.0 | return value |
|ap_return_4    | out |   21| ap_ctrl_hs | dense_resource_rf_gt_nin_rem0<ap_fixed,ap_fixed,config2>.0.0.0.0.0.0.0.0.0 | return value |
|ap_return_5    | out |   21| ap_ctrl_hs | dense_resource_rf_gt_nin_rem0<ap_fixed,ap_fixed,config2>.0.0.0.0.0.0.0.0.0 | return value |
|ap_return_6    | out |   21| ap_ctrl_hs | dense_resource_rf_gt_nin_rem0<ap_fixed,ap_fixed,config2>.0.0.0.0.0.0.0.0.0 | return value |
|ap_return_7    | out |   21| ap_ctrl_hs | dense_resource_rf_gt_nin_rem0<ap_fixed,ap_fixed,config2>.0.0.0.0.0.0.0.0.0 | return value |
|data_V_ap_vld  |  in |    1|   ap_vld   |                                   data_V                                   |    pointer   |
|data_V         |  in |  224|   ap_vld   |                                   data_V                                   |    pointer   |
+---------------+-----+-----+------------+----------------------------------------------------------------------------+--------------+

