

================================================================
== Vivado HLS Report for 'dense_resource_rf_gt_nin_rem0_ap_ufixed_ap_fixed_config11_0_0_0_0_0'
================================================================
* Date:           Wed May 20 11:16:37 2026

* Version:        2020.1 (Build 2897737 on Wed May 27 20:21:37 MDT 2020)
* Project:        myproject_prj
* Solution:       solution1
* Product family: zynq
* Target device:  xc7z020-clg400-1


================================================================
== Performance Estimates
================================================================
+ Timing: 
    * Summary: 
    +--------+---------+----------+------------+
    |  Clock |  Target | Estimated| Uncertainty|
    +--------+---------+----------+------------+
    |ap_clk  | 5.00 ns | 5.804 ns |   0.62 ns  |
    +--------+---------+----------+------------+

+ Latency: 
    * Summary: 
    +---------+---------+-----------+-----------+-----+-----+---------------------------------------------+
    |  Latency (cycles) |   Latency (absolute)  |  Interval |                   Pipeline                  |
    |   min   |   max   |    min    |    max    | min | max |                     Type                    |
    +---------+---------+-----------+-----------+-----+-----+---------------------------------------------+
    |       15|       16| 87.060 ns | 92.864 ns |   12|   12| loop rewind(delay=0 initiation interval(s)) |
    +---------+---------+-----------+-----------+-----+-----+---------------------------------------------+

    + Detail: 
        * Instance: 
        N/A

        * Loop: 
        +-------------+---------+---------+----------+-----------+-----------+------+----------+
        |             |  Latency (cycles) | Iteration|  Initiation Interval  | Trip |          |
        |  Loop Name  |   min   |   max   |  Latency |  achieved |   target  | Count| Pipelined|
        +-------------+---------+---------+----------+-----------+-----------+------+----------+
        |- ReuseLoop  |       15|       15|         5|          1|          1|    12|    yes   |
        +-------------+---------+---------+----------+-----------+-----------+------+----------+



================================================================
== Utilization Estimates
================================================================
* Summary: 
+-----------------+---------+-------+--------+-------+-----+
|       Name      | BRAM_18K| DSP48E|   FF   |  LUT  | URAM|
+-----------------+---------+-------+--------+-------+-----+
|DSP              |        -|      -|       -|      -|    -|
|Expression       |        -|      0|       0|    185|    -|
|FIFO             |        -|      -|       -|      -|    -|
|Instance         |        -|      -|       0|    130|    -|
|Memory           |        1|      -|       2|      1|    -|
|Multiplexer      |        -|      -|       -|    501|    -|
|Register         |        0|      -|     521|     64|    -|
+-----------------+---------+-------+--------+-------+-----+
|Total            |        1|      0|     523|    881|    0|
+-----------------+---------+-------+--------+-------+-----+
|Available        |      280|    220|  106400|  53200|    0|
+-----------------+---------+-------+--------+-------+-----+
|Utilization (%)  |    ~0   |      0|   ~0   |      1|    0|
+-----------------+---------+-------+--------+-------+-----+

+ Detail: 
    * Instance: 
    +-----------------------------+-------------------------+---------+-------+---+----+-----+
    |           Instance          |          Module         | BRAM_18K| DSP48E| FF| LUT| URAM|
    +-----------------------------+-------------------------+---------+-------+---+----+-----+
    |myproject_mux_32_8_1_1_U52   |myproject_mux_32_8_1_1   |        0|      0|  0|  65|    0|
    |myproject_mux_42_16_1_1_U53  |myproject_mux_42_16_1_1  |        0|      0|  0|  65|    0|
    +-----------------------------+-------------------------+---------+-------+---+----+-----+
    |Total                        |                         |        0|      0|  0| 130|    0|
    +-----------------------------+-------------------------+---------+-------+---+----+-----+

    * DSP48E: 
    N/A

    * Memory: 
    +-----------+-----------------------------------------------------------------------------+---------+---+----+-----+------+-----+------+-------------+
    |   Memory  |                                    Module                                   | BRAM_18K| FF| LUT| URAM| Words| Bits| Banks| W*Bits*Banks|
    +-----------+-----------------------------------------------------------------------------+---------+---+----+-----+------+-----+------+-------------+
    |outidx2_U  |dense_resource_rf_gt_nin_rem0_ap_ufixed_ap_fixed_config11_0_0_0_0_0_outidx2  |        0|  2|   1|    0|    12|    2|     1|           24|
    |w11_V_U    |dense_resource_rf_gt_nin_rem0_ap_ufixed_ap_fixed_config11_0_0_0_0_0_w11_V    |        1|  0|   0|    0|    12|    7|     1|           84|
    +-----------+-----------------------------------------------------------------------------+---------+---+----+-----+------+-----+------+-------------+
    |Total      |                                                                             |        1|  2|   1|    0|    24|    9|     2|          108|
    +-----------+-----------------------------------------------------------------------------+---------+---+----+-----+------+-----+------+-------------+

    * FIFO: 
    N/A

    * Expression: 
    +------------------------+----------+-------+---+----+------------+------------+
    |      Variable Name     | Operation| DSP48E| FF| LUT| Bitwidth P0| Bitwidth P1|
    +------------------------+----------+-------+---+----+------------+------------+
    |r_V_fu_567_p2           |     *    |      0|  0|  41|           7|           8|
    |acc_0_V_fu_599_p2       |     +    |      0|  0|  23|          16|          16|
    |in_index_fu_521_p2      |     +    |      0|  0|  39|          32|           1|
    |w_index_fu_515_p2       |     +    |      0|  0|  13|           1|           4|
    |ap_condition_159        |    and   |      0|  0|   2|           1|           1|
    |ap_condition_181        |    and   |      0|  0|   2|           1|           1|
    |ap_condition_45         |    and   |      0|  0|   2|           1|           1|
    |icmp_ln135_fu_533_p2    |   icmp   |      0|  0|   9|           4|           4|
    |icmp_ln154_fu_527_p2    |   icmp   |      0|  0|  18|          32|           2|
    |ap_block_state1         |    or    |      0|  0|   2|           1|           1|
    |select_ln154_fu_555_p3  |  select  |      0|  0|  32|           1|           1|
    |ap_enable_pp0           |    xor   |      0|  0|   2|           1|           2|
    +------------------------+----------+-------+---+----+------------+------------+
    |Total                   |          |      0|  0| 185|          98|          42|
    +------------------------+----------+-------+---+----+------------+------------+

    * Multiplexer: 
    +--------------------------------------------+----+-----------+-----+-----------+
    |                    Name                    | LUT| Input Size| Bits| Total Bits|
    +--------------------------------------------+----+-----------+-----+-----------+
    |acc_0_V_04_reg_249                          |   9|          2|   16|         32|
    |acc_1_V_03_reg_264                          |   9|          2|   16|         32|
    |acc_2_V_02_reg_279                          |   9|          2|   16|         32|
    |acc_3_V_01_reg_294                          |   9|          2|   16|         32|
    |ap_NS_fsm                                   |  15|          3|    1|          3|
    |ap_done                                     |   9|          2|    1|          2|
    |ap_enable_reg_pp0_iter1                     |   9|          2|    1|          2|
    |ap_enable_reg_pp0_iter4                     |   9|          2|    1|          2|
    |ap_phi_mux_acc_0_V_04_phi_fu_253_p6         |  15|          3|   16|         48|
    |ap_phi_mux_acc_0_V_1_phi_fu_423_p8          |  15|          3|   16|         48|
    |ap_phi_mux_acc_1_V_03_phi_fu_268_p6         |  15|          3|   16|         48|
    |ap_phi_mux_acc_1_V_1_phi_fu_405_p8          |  15|          3|   16|         48|
    |ap_phi_mux_acc_2_V_02_phi_fu_283_p6         |  15|          3|   16|         48|
    |ap_phi_mux_acc_2_V_1_phi_fu_387_p8          |  15|          3|   16|         48|
    |ap_phi_mux_acc_3_V_01_phi_fu_298_p6         |  15|          3|   16|         48|
    |ap_phi_mux_acc_3_V_1_phi_fu_369_p8          |  15|          3|   16|         48|
    |ap_phi_mux_do_init_phi_fu_130_p6            |  15|          3|    1|          3|
    |ap_phi_mux_in_index_013_phi_fu_160_p6       |  15|          3|   32|         96|
    |ap_phi_mux_p_Val2_13_phi_fu_477_p8          |  15|          3|   16|         48|
    |ap_phi_mux_p_Val2_14_phi_fu_459_p8          |  15|          3|   16|         48|
    |ap_phi_mux_p_Val2_15_phi_fu_441_p8          |  15|          3|   16|         48|
    |ap_phi_mux_p_Val2_s_phi_fu_495_p8           |  15|          3|   16|         48|
    |ap_phi_mux_p_read116_phi_phi_fu_229_p4      |   9|          2|    8|         16|
    |ap_phi_mux_p_read116_rewind_phi_fu_189_p6   |   9|          2|    8|         16|
    |ap_phi_mux_p_read15_phi_phi_fu_217_p4       |   9|          2|    8|         16|
    |ap_phi_mux_p_read15_rewind_phi_fu_175_p6    |   9|          2|    8|         16|
    |ap_phi_mux_p_read217_phi_phi_fu_241_p4      |   9|          2|    8|         16|
    |ap_phi_mux_p_read217_rewind_phi_fu_203_p6   |   9|          2|    8|         16|
    |ap_phi_mux_w_index14_phi_fu_146_p6          |  15|          3|    4|         12|
    |ap_phi_reg_pp0_iter1_p_read116_phi_reg_225  |   9|          2|    8|         16|
    |ap_phi_reg_pp0_iter1_p_read15_phi_reg_213   |   9|          2|    8|         16|
    |ap_phi_reg_pp0_iter1_p_read217_phi_reg_237  |   9|          2|    8|         16|
    |ap_return_0                                 |   9|          2|   16|         32|
    |ap_return_1                                 |   9|          2|   16|         32|
    |ap_return_2                                 |   9|          2|   16|         32|
    |ap_return_3                                 |   9|          2|   16|         32|
    |in_index_013_reg_156                        |   9|          2|   32|         64|
    |p_Val2_1110_reg_323                         |   9|          2|   16|         32|
    |p_Val2_128_reg_337                          |   9|          2|   16|         32|
    |p_Val2_12_reg_309                           |   9|          2|   16|         32|
    |p_Val2_136_reg_351                          |   9|          2|   16|         32|
    |p_read116_phi_reg_225                       |   9|          2|    8|         16|
    |p_read15_phi_reg_213                        |   9|          2|    8|         16|
    |p_read217_phi_reg_237                       |   9|          2|    8|         16|
    |w_index14_reg_142                           |   9|          2|    4|          8|
    +--------------------------------------------+----+-----------+-----+-----------+
    |Total                                       | 501|        106|  557|       1344|
    +--------------------------------------------+----+-----------+-----+-----------+

    * Register: 
    +--------------------------------------------+----+----+-----+-----------+
    |                    Name                    | FF | LUT| Bits| Const Bits|
    +--------------------------------------------+----+----+-----+-----------+
    |acc_0_V_04_reg_249                          |  16|   0|   16|          0|
    |acc_0_V_reg_734                             |  16|   0|   16|          0|
    |acc_1_V_03_reg_264                          |  16|   0|   16|          0|
    |acc_2_V_02_reg_279                          |  16|   0|   16|          0|
    |acc_3_V_01_reg_294                          |  16|   0|   16|          0|
    |ap_CS_fsm                                   |   2|   0|    2|          0|
    |ap_done_reg                                 |   1|   0|    1|          0|
    |ap_enable_reg_pp0_iter1                     |   1|   0|    1|          0|
    |ap_enable_reg_pp0_iter2                     |   1|   0|    1|          0|
    |ap_enable_reg_pp0_iter3                     |   1|   0|    1|          0|
    |ap_enable_reg_pp0_iter4                     |   1|   0|    1|          0|
    |ap_phi_reg_pp0_iter1_p_read116_phi_reg_225  |   8|   0|    8|          0|
    |ap_phi_reg_pp0_iter1_p_read15_phi_reg_213   |   8|   0|    8|          0|
    |ap_phi_reg_pp0_iter1_p_read217_phi_reg_237  |   8|   0|    8|          0|
    |ap_return_0_preg                            |  16|   0|   17|          1|
    |ap_return_1_preg                            |  16|   0|   17|          1|
    |ap_return_2_preg                            |  16|   0|   17|          1|
    |ap_return_3_preg                            |  16|   0|   17|          1|
    |do_init_reg_126                             |   1|   0|    1|          0|
    |icmp_ln135_reg_705                          |   1|   0|    1|          0|
    |icmp_ln154_reg_700                          |   1|   0|    1|          0|
    |in_index_013_reg_156                        |  32|   0|   32|          0|
    |in_index_reg_695                            |  32|   0|   32|          0|
    |out_index_reg_709                           |   2|   0|    2|          0|
    |p_Val2_1110_reg_323                         |  16|   0|   16|          0|
    |p_Val2_128_reg_337                          |  16|   0|   16|          0|
    |p_Val2_12_reg_309                           |  16|   0|   16|          0|
    |p_Val2_136_reg_351                          |  16|   0|   16|          0|
    |p_read116_phi_reg_225                       |   8|   0|    8|          0|
    |p_read116_rewind_reg_185                    |   8|   0|    8|          0|
    |p_read15_phi_reg_213                        |   8|   0|    8|          0|
    |p_read15_rewind_reg_171                     |   8|   0|    8|          0|
    |p_read217_phi_reg_237                       |   8|   0|    8|          0|
    |p_read217_rewind_reg_199                    |   8|   0|    8|          0|
    |tmp_38_reg_714                              |   8|   0|    8|          0|
    |trunc_ln_reg_729                            |  14|   0|   14|          0|
    |w11_V_load_reg_719                          |   7|   0|    7|          0|
    |w_index14_reg_142                           |   4|   0|    4|          0|
    |w_index_reg_690                             |   4|   0|    4|          0|
    |icmp_ln135_reg_705                          |  64|  32|    1|          0|
    |out_index_reg_709                           |  64|  32|    2|          0|
    +--------------------------------------------+----+----+-----+-----------+
    |Total                                       | 521|  64|  400|          4|
    +--------------------------------------------+----+----+-----+-----------+



================================================================
== Interface
================================================================
* Summary: 
+-------------+-----+-----+------------+----------------------------------------------------------------------+--------------+
|  RTL Ports  | Dir | Bits|  Protocol  |                             Source Object                            |    C Type    |
+-------------+-----+-----+------------+----------------------------------------------------------------------+--------------+
|ap_clk       |  in |    1| ap_ctrl_hs | dense_resource_rf_gt_nin_rem0<ap_ufixed,ap_fixed,config11>.0.0.0.0.0 | return value |
|ap_rst       |  in |    1| ap_ctrl_hs | dense_resource_rf_gt_nin_rem0<ap_ufixed,ap_fixed,config11>.0.0.0.0.0 | return value |
|ap_start     |  in |    1| ap_ctrl_hs | dense_resource_rf_gt_nin_rem0<ap_ufixed,ap_fixed,config11>.0.0.0.0.0 | return value |
|ap_done      | out |    1| ap_ctrl_hs | dense_resource_rf_gt_nin_rem0<ap_ufixed,ap_fixed,config11>.0.0.0.0.0 | return value |
|ap_continue  |  in |    1| ap_ctrl_hs | dense_resource_rf_gt_nin_rem0<ap_ufixed,ap_fixed,config11>.0.0.0.0.0 | return value |
|ap_idle      | out |    1| ap_ctrl_hs | dense_resource_rf_gt_nin_rem0<ap_ufixed,ap_fixed,config11>.0.0.0.0.0 | return value |
|ap_ready     | out |    1| ap_ctrl_hs | dense_resource_rf_gt_nin_rem0<ap_ufixed,ap_fixed,config11>.0.0.0.0.0 | return value |
|ap_return_0  | out |   17| ap_ctrl_hs | dense_resource_rf_gt_nin_rem0<ap_ufixed,ap_fixed,config11>.0.0.0.0.0 | return value |
|ap_return_1  | out |   17| ap_ctrl_hs | dense_resource_rf_gt_nin_rem0<ap_ufixed,ap_fixed,config11>.0.0.0.0.0 | return value |
|ap_return_2  | out |   17| ap_ctrl_hs | dense_resource_rf_gt_nin_rem0<ap_ufixed,ap_fixed,config11>.0.0.0.0.0 | return value |
|ap_return_3  | out |   17| ap_ctrl_hs | dense_resource_rf_gt_nin_rem0<ap_ufixed,ap_fixed,config11>.0.0.0.0.0 | return value |
|p_read       |  in |    8|   ap_none  |                                p_read                                |    scalar    |
|p_read1      |  in |    8|   ap_none  |                                p_read1                               |    scalar    |
|p_read2      |  in |    8|   ap_none  |                                p_read2                               |    scalar    |
+-------------+-----+-----+------------+----------------------------------------------------------------------+--------------+

