

================================================================
== Vivado HLS Report for 'dense_resource_rf_gt_nin_rem0_ap_ufixed_ap_fixed_config8_0_0_0_0'
================================================================
* Date:           Wed May 20 11:16:36 2026

* Version:        2020.1 (Build 2897737 on Wed May 27 20:21:37 MDT 2020)
* Project:        myproject_prj
* Solution:       solution1
* Product family: zynq
* Target device:  xc7z020-clg400-1


================================================================
== Performance Estimates
================================================================
+ Timing: 
    * Summary: 
    +--------+---------+----------+------------+
    |  Clock |  Target | Estimated| Uncertainty|
    +--------+---------+----------+------------+
    |ap_clk  | 5.00 ns | 5.717 ns |   0.62 ns  |
    +--------+---------+----------+------------+

+ Latency: 
    * Summary: 
    +---------+---------+-----------+-----------+-----+-----+---------------------------------------------+
    |  Latency (cycles) |   Latency (absolute)  |  Interval |                   Pipeline                  |
    |   min   |   max   |    min    |    max    | min | max |                     Type                    |
    +---------+---------+-----------+-----------+-----+-----+---------------------------------------------+
    |       15|       16| 85.762 ns | 91.480 ns |   12|   12| loop rewind(delay=0 initiation interval(s)) |
    +---------+---------+-----------+-----------+-----+-----+---------------------------------------------+

    + Detail: 
        * Instance: 
        N/A

        * Loop: 
        +-------------+---------+---------+----------+-----------+-----------+------+----------+
        |             |  Latency (cycles) | Iteration|  Initiation Interval  | Trip |          |
        |  Loop Name  |   min   |   max   |  Latency |  achieved |   target  | Count| Pipelined|
        +-------------+---------+---------+----------+-----------+-----------+------+----------+
        |- ReuseLoop  |       15|       15|         5|          1|          1|    12|    yes   |
        +-------------+---------+---------+----------+-----------+-----------+------+----------+



================================================================
== Utilization Estimates
================================================================
* Summary: 
+-----------------+---------+-------+--------+-------+-----+
|       Name      | BRAM_18K| DSP48E|   FF   |  LUT  | URAM|
+-----------------+---------+-------+--------+-------+-----+
|DSP              |        -|      -|       -|      -|    -|
|Expression       |        -|      0|       0|    185|    -|
|FIFO             |        -|      -|       -|      -|    -|
|Instance         |        -|      -|       0|    130|    -|
|Memory           |        1|      -|       2|      1|    -|
|Multiplexer      |        -|      -|       -|    465|    -|
|Register         |        0|      -|     497|     64|    -|
+-----------------+---------+-------+--------+-------+-----+
|Total            |        1|      0|     499|    845|    0|
+-----------------+---------+-------+--------+-------+-----+
|Available        |      280|    220|  106400|  53200|    0|
+-----------------+---------+-------+--------+-------+-----+
|Utilization (%)  |    ~0   |      0|   ~0   |      1|    0|
+-----------------+---------+-------+--------+-------+-----+

+ Detail: 
    * Instance: 
    +-----------------------------+-------------------------+---------+-------+---+----+-----+
    |           Instance          |          Module         | BRAM_18K| DSP48E| FF| LUT| URAM|
    +-----------------------------+-------------------------+---------+-------+---+----+-----+
    |myproject_mux_32_16_1_1_U40  |myproject_mux_32_16_1_1  |        0|      0|  0|  65|    0|
    |myproject_mux_42_8_1_1_U39   |myproject_mux_42_8_1_1   |        0|      0|  0|  65|    0|
    +-----------------------------+-------------------------+---------+-------+---+----+-----+
    |Total                        |                         |        0|      0|  0| 130|    0|
    +-----------------------------+-------------------------+---------+-------+---+----+-----+

    * DSP48E: 
    N/A

    * Memory: 
    +-----------+--------------------------------------------------------------------------+---------+---+----+-----+------+-----+------+-------------+
    |   Memory  |                                  Module                                  | BRAM_18K| FF| LUT| URAM| Words| Bits| Banks| W*Bits*Banks|
    +-----------+--------------------------------------------------------------------------+---------+---+----+-----+------+-----+------+-------------+
    |outidx3_U  |dense_resource_rf_gt_nin_rem0_ap_ufixed_ap_fixed_config8_0_0_0_0_outidx3  |        0|  2|   1|    0|    12|    2|     1|           24|
    |w8_V_U     |dense_resource_rf_gt_nin_rem0_ap_ufixed_ap_fixed_config8_0_0_0_0_w8_V     |        1|  0|   0|    0|    12|    7|     1|           84|
    +-----------+--------------------------------------------------------------------------+---------+---+----+-----+------+-----+------+-------------+
    |Total      |                                                                          |        1|  2|   1|    0|    24|    9|     2|          108|
    +-----------+--------------------------------------------------------------------------+---------+---+----+-----+------+-----+------+-------------+

    * FIFO: 
    N/A

    * Expression: 
    +------------------------+----------+-------+---+----+------------+------------+
    |      Variable Name     | Operation| DSP48E| FF| LUT| Bitwidth P0| Bitwidth P1|
    +------------------------+----------+-------+---+----+------------+------------+
    |r_V_fu_532_p2           |     *    |      0|  0|  41|           7|           8|
    |acc_0_V_fu_562_p2       |     +    |      0|  0|  23|          16|          16|
    |in_index_fu_474_p2      |     +    |      0|  0|  39|          32|           1|
    |w_index_fu_468_p2       |     +    |      0|  0|  13|           1|           4|
    |ap_condition_157        |    and   |      0|  0|   2|           1|           1|
    |ap_condition_179        |    and   |      0|  0|   2|           1|           1|
    |ap_condition_45         |    and   |      0|  0|   2|           1|           1|
    |icmp_ln135_fu_496_p2    |   icmp   |      0|  0|   9|           4|           4|
    |icmp_ln154_fu_490_p2    |   icmp   |      0|  0|  18|          30|           1|
    |ap_block_state1         |    or    |      0|  0|   2|           1|           1|
    |select_ln154_fu_520_p3  |  select  |      0|  0|  32|           1|           1|
    |ap_enable_pp0           |    xor   |      0|  0|   2|           1|           2|
    +------------------------+----------+-------+---+----+------------+------------+
    |Total                   |          |      0|  0| 185|          96|          41|
    +------------------------+----------+-------+---+----+------------+------------+

    * Multiplexer: 
    +--------------------------------------------+----+-----------+-----+-----------+
    |                    Name                    | LUT| Input Size| Bits| Total Bits|
    +--------------------------------------------+----+-----------+-----+-----------+
    |acc_0_V_03_reg_285                          |   9|          2|   16|         32|
    |acc_1_V_02_reg_300                          |   9|          2|   16|         32|
    |acc_2_V_01_reg_315                          |   9|          2|   16|         32|
    |ap_NS_fsm                                   |  15|          3|    1|          3|
    |ap_done                                     |   9|          2|    1|          2|
    |ap_enable_reg_pp0_iter1                     |   9|          2|    1|          2|
    |ap_enable_reg_pp0_iter4                     |   9|          2|    1|          2|
    |ap_phi_mux_acc_0_V_03_phi_fu_289_p6         |  15|          3|   16|         48|
    |ap_phi_mux_acc_0_V_1_phi_fu_406_p6          |  15|          3|   16|         48|
    |ap_phi_mux_acc_1_V_02_phi_fu_304_p6         |  15|          3|   16|         48|
    |ap_phi_mux_acc_1_V_1_phi_fu_391_p6          |  15|          3|   16|         48|
    |ap_phi_mux_acc_2_V_01_phi_fu_319_p6         |  15|          3|   16|         48|
    |ap_phi_mux_acc_2_V_1_phi_fu_376_p6          |  15|          3|   16|         48|
    |ap_phi_mux_do_init_phi_fu_140_p6            |  15|          3|    1|          3|
    |ap_phi_mux_in_index_010_phi_fu_170_p6       |  15|          3|   32|         96|
    |ap_phi_mux_p_Val2_1_phi_fu_436_p6           |  15|          3|   16|         48|
    |ap_phi_mux_p_Val2_2_phi_fu_421_p6           |  15|          3|   16|         48|
    |ap_phi_mux_p_Val2_s_phi_fu_451_p6           |  15|          3|   16|         48|
    |ap_phi_mux_p_read113_phi_phi_fu_253_p4      |   9|          2|    8|         16|
    |ap_phi_mux_p_read113_rewind_phi_fu_199_p6   |   9|          2|    8|         16|
    |ap_phi_mux_p_read12_phi_phi_fu_241_p4       |   9|          2|    8|         16|
    |ap_phi_mux_p_read12_rewind_phi_fu_185_p6    |   9|          2|    8|         16|
    |ap_phi_mux_p_read214_phi_phi_fu_265_p4      |   9|          2|    8|         16|
    |ap_phi_mux_p_read214_rewind_phi_fu_213_p6   |   9|          2|    8|         16|
    |ap_phi_mux_p_read315_phi_phi_fu_277_p4      |   9|          2|    8|         16|
    |ap_phi_mux_p_read315_rewind_phi_fu_227_p6   |   9|          2|    8|         16|
    |ap_phi_mux_w_index11_phi_fu_156_p6          |  15|          3|    4|         12|
    |ap_phi_reg_pp0_iter1_p_read113_phi_reg_249  |   9|          2|    8|         16|
    |ap_phi_reg_pp0_iter1_p_read12_phi_reg_237   |   9|          2|    8|         16|
    |ap_phi_reg_pp0_iter1_p_read214_phi_reg_261  |   9|          2|    8|         16|
    |ap_phi_reg_pp0_iter1_p_read315_phi_reg_273  |   9|          2|    8|         16|
    |ap_return_0                                 |   9|          2|   16|         32|
    |ap_return_1                                 |   9|          2|   16|         32|
    |ap_return_2                                 |   9|          2|   16|         32|
    |in_index_010_reg_166                        |   9|          2|   32|         64|
    |p_Val2_17_reg_344                           |   9|          2|   16|         32|
    |p_Val2_25_reg_358                           |   9|          2|   16|         32|
    |p_Val2_9_reg_330                            |   9|          2|   16|         32|
    |p_read113_phi_reg_249                       |   9|          2|    8|         16|
    |p_read12_phi_reg_237                        |   9|          2|    8|         16|
    |p_read214_phi_reg_261                       |   9|          2|    8|         16|
    |p_read315_phi_reg_273                       |   9|          2|    8|         16|
    |w_index11_reg_152                           |   9|          2|    4|          8|
    +--------------------------------------------+----+-----------+-----+-----------+
    |Total                                       | 465|         99|  493|       1168|
    +--------------------------------------------+----+-----------+-----+-----------+

    * Register: 
    +--------------------------------------------+----+----+-----+-----------+
    |                    Name                    | FF | LUT| Bits| Const Bits|
    +--------------------------------------------+----+----+-----+-----------+
    |acc_0_V_03_reg_285                          |  16|   0|   16|          0|
    |acc_0_V_reg_688                             |  16|   0|   16|          0|
    |acc_1_V_02_reg_300                          |  16|   0|   16|          0|
    |acc_2_V_01_reg_315                          |  16|   0|   16|          0|
    |ap_CS_fsm                                   |   2|   0|    2|          0|
    |ap_done_reg                                 |   1|   0|    1|          0|
    |ap_enable_reg_pp0_iter1                     |   1|   0|    1|          0|
    |ap_enable_reg_pp0_iter2                     |   1|   0|    1|          0|
    |ap_enable_reg_pp0_iter3                     |   1|   0|    1|          0|
    |ap_enable_reg_pp0_iter4                     |   1|   0|    1|          0|
    |ap_phi_reg_pp0_iter1_p_read113_phi_reg_249  |   8|   0|    8|          0|
    |ap_phi_reg_pp0_iter1_p_read12_phi_reg_237   |   8|   0|    8|          0|
    |ap_phi_reg_pp0_iter1_p_read214_phi_reg_261  |   8|   0|    8|          0|
    |ap_phi_reg_pp0_iter1_p_read315_phi_reg_273  |   8|   0|    8|          0|
    |ap_return_0_preg                            |  16|   0|   17|          1|
    |ap_return_1_preg                            |  16|   0|   17|          1|
    |ap_return_2_preg                            |  16|   0|   17|          1|
    |do_init_reg_136                             |   1|   0|    1|          0|
    |icmp_ln135_reg_659                          |   1|   0|    1|          0|
    |icmp_ln154_reg_654                          |   1|   0|    1|          0|
    |in_index_010_reg_166                        |  32|   0|   32|          0|
    |in_index_reg_649                            |  32|   0|   32|          0|
    |out_index_reg_663                           |   2|   0|    2|          0|
    |p_Val2_17_reg_344                           |  16|   0|   16|          0|
    |p_Val2_25_reg_358                           |  16|   0|   16|          0|
    |p_Val2_9_reg_330                            |  16|   0|   16|          0|
    |p_read113_phi_reg_249                       |   8|   0|    8|          0|
    |p_read113_rewind_reg_195                    |   8|   0|    8|          0|
    |p_read12_phi_reg_237                        |   8|   0|    8|          0|
    |p_read12_rewind_reg_181                     |   8|   0|    8|          0|
    |p_read214_phi_reg_261                       |   8|   0|    8|          0|
    |p_read214_rewind_reg_209                    |   8|   0|    8|          0|
    |p_read315_phi_reg_273                       |   8|   0|    8|          0|
    |p_read315_rewind_reg_223                    |   8|   0|    8|          0|
    |tmp_s_reg_668                               |   8|   0|    8|          0|
    |trunc_ln_reg_683                            |  14|   0|   14|          0|
    |w8_V_load_reg_673                           |   7|   0|    7|          0|
    |w_index11_reg_152                           |   4|   0|    4|          0|
    |w_index_reg_644                             |   4|   0|    4|          0|
    |icmp_ln135_reg_659                          |  64|  32|    1|          0|
    |out_index_reg_663                           |  64|  32|    2|          0|
    +--------------------------------------------+----+----+-----+-----------+
    |Total                                       | 497|  64|  375|          3|
    +--------------------------------------------+----+----+-----+-----------+



================================================================
== Interface
================================================================
* Summary: 
+-------------+-----+-----+------------+-------------------------------------------------------------------+--------------+
|  RTL Ports  | Dir | Bits|  Protocol  |                           Source Object                           |    C Type    |
+-------------+-----+-----+------------+-------------------------------------------------------------------+--------------+
|ap_clk       |  in |    1| ap_ctrl_hs | dense_resource_rf_gt_nin_rem0<ap_ufixed,ap_fixed,config8>.0.0.0.0 | return value |
|ap_rst       |  in |    1| ap_ctrl_hs | dense_resource_rf_gt_nin_rem0<ap_ufixed,ap_fixed,config8>.0.0.0.0 | return value |
|ap_start     |  in |    1| ap_ctrl_hs | dense_resource_rf_gt_nin_rem0<ap_ufixed,ap_fixed,config8>.0.0.0.0 | return value |
|ap_done      | out |    1| ap_ctrl_hs | dense_resource_rf_gt_nin_rem0<ap_ufixed,ap_fixed,config8>.0.0.0.0 | return value |
|ap_continue  |  in |    1| ap_ctrl_hs | dense_resource_rf_gt_nin_rem0<ap_ufixed,ap_fixed,config8>.0.0.0.0 | return value |
|ap_idle      | out |    1| ap_ctrl_hs | dense_resource_rf_gt_nin_rem0<ap_ufixed,ap_fixed,config8>.0.0.0.0 | return value |
|ap_ready     | out |    1| ap_ctrl_hs | dense_resource_rf_gt_nin_rem0<ap_ufixed,ap_fixed,config8>.0.0.0.0 | return value |
|ap_return_0  | out |   17| ap_ctrl_hs | dense_resource_rf_gt_nin_rem0<ap_ufixed,ap_fixed,config8>.0.0.0.0 | return value |
|ap_return_1  | out |   17| ap_ctrl_hs | dense_resource_rf_gt_nin_rem0<ap_ufixed,ap_fixed,config8>.0.0.0.0 | return value |
|ap_return_2  | out |   17| ap_ctrl_hs | dense_resource_rf_gt_nin_rem0<ap_ufixed,ap_fixed,config8>.0.0.0.0 | return value |
|p_read       |  in |    8|   ap_none  |                               p_read                              |    scalar    |
|p_read1      |  in |    8|   ap_none  |                              p_read1                              |    scalar    |
|p_read2      |  in |    8|   ap_none  |                              p_read2                              |    scalar    |
|p_read3      |  in |    8|   ap_none  |                              p_read3                              |    scalar    |
+-------------+-----+-----+------------+-------------------------------------------------------------------+--------------+

