

================================================================
== Vivado HLS Report for 'dense_resource_rf_gt_nin_rem0_ap_ufixed_ap_fixed_config14_0_0_0_0_0_0_0_0_0'
================================================================
* Date:           Mon Jun  1 10:26:59 2026

* Version:        2020.1 (Build 2897737 on Wed May 27 20:21:37 MDT 2020)
* Project:        myproject_prj
* Solution:       solution1
* Product family: zynq
* Target device:  xc7z020-clg400-1


================================================================
== Performance Estimates
================================================================
+ Timing: 
    * Summary: 
    +--------+---------+----------+------------+
    |  Clock |  Target | Estimated| Uncertainty|
    +--------+---------+----------+------------+
    |ap_clk  | 5.00 ns | 6.325 ns |   0.62 ns  |
    +--------+---------+----------+------------+

+ Latency: 
    * Summary: 
    +---------+---------+----------+----------+-----+-----+---------------------------------------------+
    |  Latency (cycles) |  Latency (absolute) |  Interval |                   Pipeline                  |
    |   min   |   max   |    min   |    max   | min | max |                     Type                    |
    +---------+---------+----------+----------+-----+-----+---------------------------------------------+
    |       34|       35| 0.215 us | 0.221 us |   32|   32| loop rewind(delay=0 initiation interval(s)) |
    +---------+---------+----------+----------+-----+-----+---------------------------------------------+

    + Detail: 
        * Instance: 
        N/A

        * Loop: 
        +-------------+---------+---------+----------+-----------+-----------+------+----------+
        |             |  Latency (cycles) | Iteration|  Initiation Interval  | Trip |          |
        |  Loop Name  |   min   |   max   |  Latency |  achieved |   target  | Count| Pipelined|
        +-------------+---------+---------+----------+-----------+-----------+------+----------+
        |- ReuseLoop  |       34|       34|         4|          1|          1|    32|    yes   |
        +-------------+---------+---------+----------+-----------+-----------+------+----------+



================================================================
== Utilization Estimates
================================================================
* Summary: 
+-----------------+---------+-------+--------+-------+-----+
|       Name      | BRAM_18K| DSP48E|   FF   |  LUT  | URAM|
+-----------------+---------+-------+--------+-------+-----+
|DSP              |        -|      -|       -|      -|    -|
|Expression       |        -|      0|       0|    189|    -|
|FIFO             |        -|      -|       -|      -|    -|
|Instance         |        -|      -|       0|    130|    -|
|Memory           |        1|      -|       3|      2|    -|
|Multiplexer      |        -|      -|       -|    705|    -|
|Register         |        0|      -|     662|     32|    -|
+-----------------+---------+-------+--------+-------+-----+
|Total            |        1|      0|     665|   1058|    0|
+-----------------+---------+-------+--------+-------+-----+
|Available        |      280|    220|  106400|  53200|    0|
+-----------------+---------+-------+--------+-------+-----+
|Utilization (%)  |    ~0   |      0|   ~0   |      1|    0|
+-----------------+---------+-------+--------+-------+-----+

+ Detail: 
    * Instance: 
    +-----------------------------+-------------------------+---------+-------+---+----+-----+
    |           Instance          |          Module         | BRAM_18K| DSP48E| FF| LUT| URAM|
    +-----------------------------+-------------------------+---------+-------+---+----+-----+
    |myproject_mux_42_8_1_1_U64   |myproject_mux_42_8_1_1   |        0|      0|  0|  65|    0|
    |myproject_mux_83_16_1_1_U65  |myproject_mux_83_16_1_1  |        0|      0|  0|  65|    0|
    +-----------------------------+-------------------------+---------+-------+---+----+-----+
    |Total                        |                         |        0|      0|  0| 130|    0|
    +-----------------------------+-------------------------+---------+-------+---+----+-----+

    * DSP48E: 
    N/A

    * Memory: 
    +-----------+----------------------------------------------------------------------------------+---------+---+----+-----+------+-----+------+-------------+
    |   Memory  |                                      Module                                      | BRAM_18K| FF| LUT| URAM| Words| Bits| Banks| W*Bits*Banks|
    +-----------+----------------------------------------------------------------------------------+---------+---+----+-----+------+-----+------+-------------+
    |outidx1_U  |dense_resource_rf_gt_nin_rem0_ap_ufixed_ap_fixed_config14_0_0_0_0_0_0_0_0_0_ocud  |        0|  3|   2|    0|    32|    3|     1|           96|
    |w14_V_U    |dense_resource_rf_gt_nin_rem0_ap_ufixed_ap_fixed_config14_0_0_0_0_0_0_0_0_0_wdEe  |        1|  0|   0|    0|    32|    7|     1|          224|
    +-----------+----------------------------------------------------------------------------------+---------+---+----+-----+------+-----+------+-------------+
    |Total      |                                                                                  |        1|  3|   2|    0|    64|   10|     2|          320|
    +-----------+----------------------------------------------------------------------------------+---------+---+----+-----+------+-----+------+-------------+

    * FIFO: 
    N/A

    * Expression: 
    +-------------------------+----------+-------+---+----+------------+------------+
    |      Variable Name      | Operation| DSP48E| FF| LUT| Bitwidth P0| Bitwidth P1|
    +-------------------------+----------+-------+---+----+------------+------------+
    |r_V_fu_1077_p2           |     *    |      0|  0|  41|           8|           7|
    |acc_0_V_fu_1117_p2       |     +    |      0|  0|  23|          16|          16|
    |in_index_fu_1019_p2      |     +    |      0|  0|  39|          32|           1|
    |w_index_fu_1013_p2       |     +    |      0|  0|  15|           1|           5|
    |ap_condition_198         |    and   |      0|  0|   2|           1|           1|
    |ap_condition_217         |    and   |      0|  0|   2|           1|           1|
    |ap_condition_44          |    and   |      0|  0|   2|           1|           1|
    |icmp_ln135_fu_1041_p2    |   icmp   |      0|  0|  11|           5|           2|
    |icmp_ln154_fu_1035_p2    |   icmp   |      0|  0|  18|          30|           1|
    |ap_block_state1          |    or    |      0|  0|   2|           1|           1|
    |select_ln154_fu_1065_p3  |  select  |      0|  0|  32|           1|           1|
    |ap_enable_pp0            |    xor   |      0|  0|   2|           1|           2|
    +-------------------------+----------+-------+---+----+------------+------------+
    |Total                    |          |      0|  0| 189|          98|          39|
    +-------------------------+----------+-------+---+----+------------+------------+

    * Multiplexer: 
    +--------------------------------------------+----+-----------+-----+-----------+
    |                    Name                    | LUT| Input Size| Bits| Total Bits|
    +--------------------------------------------+----+-----------+-----+-----------+
    |acc_0_V_08_reg_415                          |   9|          2|   16|         32|
    |acc_1_V_07_reg_429                          |   9|          2|   16|         32|
    |acc_2_V_06_reg_443                          |   9|          2|   16|         32|
    |acc_3_V_05_reg_457                          |   9|          2|   16|         32|
    |acc_4_V_04_reg_471                          |   9|          2|   16|         32|
    |acc_5_V_03_reg_485                          |   9|          2|   16|         32|
    |acc_6_V_02_reg_499                          |   9|          2|   16|         32|
    |acc_7_V_01_reg_513                          |   9|          2|   16|         32|
    |ap_NS_fsm                                   |  15|          3|    1|          3|
    |ap_done                                     |   9|          2|    1|          2|
    |ap_enable_reg_pp0_iter1                     |   9|          2|    1|          2|
    |ap_enable_reg_pp0_iter3                     |   9|          2|    1|          2|
    |ap_phi_mux_acc_0_V_1_phi_fu_741_p16         |  15|          3|   16|         48|
    |ap_phi_mux_acc_1_V_1_phi_fu_711_p16         |  15|          3|   16|         48|
    |ap_phi_mux_acc_2_V_1_phi_fu_681_p16         |  15|          3|   16|         48|
    |ap_phi_mux_acc_3_V_1_phi_fu_651_p16         |  15|          3|   16|         48|
    |ap_phi_mux_acc_4_V_1_phi_fu_621_p16         |  15|          3|   16|         48|
    |ap_phi_mux_acc_5_V_1_phi_fu_591_p16         |  15|          3|   16|         48|
    |ap_phi_mux_acc_6_V_1_phi_fu_561_p16         |  15|          3|   16|         48|
    |ap_phi_mux_acc_7_V_1_phi_fu_531_p16         |  15|          3|   16|         48|
    |ap_phi_mux_do_init_phi_fu_158_p6            |  15|          3|    1|          3|
    |ap_phi_mux_in_index_025_phi_fu_188_p6       |  15|          3|   32|         96|
    |ap_phi_mux_p_Val2_10_phi_fu_831_p16         |  15|          3|   16|         48|
    |ap_phi_mux_p_Val2_11_phi_fu_801_p16         |  15|          3|   16|         48|
    |ap_phi_mux_p_Val2_12_phi_fu_771_p16         |  15|          3|   16|         48|
    |ap_phi_mux_p_Val2_6_phi_fu_951_p16          |  15|          3|   16|         48|
    |ap_phi_mux_p_Val2_7_phi_fu_921_p16          |  15|          3|   16|         48|
    |ap_phi_mux_p_Val2_8_phi_fu_891_p16          |  15|          3|   16|         48|
    |ap_phi_mux_p_Val2_9_phi_fu_861_p16          |  15|          3|   16|         48|
    |ap_phi_mux_p_Val2_s_phi_fu_981_p16          |  15|          3|   16|         48|
    |ap_phi_mux_p_read128_phi_phi_fu_271_p4      |   9|          2|    8|         16|
    |ap_phi_mux_p_read128_rewind_phi_fu_217_p6   |   9|          2|    8|         16|
    |ap_phi_mux_p_read229_phi_phi_fu_283_p4      |   9|          2|    8|         16|
    |ap_phi_mux_p_read229_rewind_phi_fu_231_p6   |   9|          2|    8|         16|
    |ap_phi_mux_p_read27_phi_phi_fu_259_p4       |   9|          2|    8|         16|
    |ap_phi_mux_p_read27_rewind_phi_fu_203_p6    |   9|          2|    8|         16|
    |ap_phi_mux_p_read330_phi_phi_fu_295_p4      |   9|          2|    8|         16|
    |ap_phi_mux_p_read330_rewind_phi_fu_245_p6   |   9|          2|    8|         16|
    |ap_phi_mux_w_index26_phi_fu_174_p6          |  15|          3|    5|         15|
    |ap_phi_reg_pp0_iter1_p_read128_phi_reg_267  |   9|          2|    8|         16|
    |ap_phi_reg_pp0_iter1_p_read229_phi_reg_279  |   9|          2|    8|         16|
    |ap_phi_reg_pp0_iter1_p_read27_phi_reg_255   |   9|          2|    8|         16|
    |ap_phi_reg_pp0_iter1_p_read330_phi_reg_291  |   9|          2|    8|         16|
    |ap_return_0                                 |   9|          2|   16|         32|
    |ap_return_1                                 |   9|          2|   16|         32|
    |ap_return_2                                 |   9|          2|   16|         32|
    |ap_return_3                                 |   9|          2|   16|         32|
    |ap_return_4                                 |   9|          2|   16|         32|
    |ap_return_5                                 |   9|          2|   16|         32|
    |ap_return_6                                 |   9|          2|   16|         32|
    |ap_return_7                                 |   9|          2|   16|         32|
    |in_index_025_reg_184                        |   9|          2|   32|         64|
    |p_Val2_1010_reg_401                         |   9|          2|   16|         32|
    |p_Val2_24_reg_303                           |   9|          2|   16|         32|
    |p_Val2_422_reg_317                          |   9|          2|   16|         32|
    |p_Val2_520_reg_331                          |   9|          2|   16|         32|
    |p_Val2_618_reg_345                          |   9|          2|   16|         32|
    |p_Val2_716_reg_359                          |   9|          2|   16|         32|
    |p_Val2_814_reg_373                          |   9|          2|   16|         32|
    |p_Val2_912_reg_387                          |   9|          2|   16|         32|
    |p_read128_phi_reg_267                       |   9|          2|    8|         16|
    |p_read229_phi_reg_279                       |   9|          2|    8|         16|
    |p_read27_phi_reg_255                        |   9|          2|    8|         16|
    |p_read330_phi_reg_291                       |   9|          2|    8|         16|
    |w_index26_reg_170                           |   9|          2|    5|         10|
    +--------------------------------------------+----+-----------+-----+-----------+
    |Total                                       | 705|        150|  847|       1989|
    +--------------------------------------------+----+-----------+-----+-----------+

    * Register: 
    +--------------------------------------------+----+----+-----+-----------+
    |                    Name                    | FF | LUT| Bits| Const Bits|
    +--------------------------------------------+----+----+-----+-----------+
    |acc_0_V_08_reg_415                          |  16|   0|   16|          0|
    |acc_1_V_07_reg_429                          |  16|   0|   16|          0|
    |acc_2_V_06_reg_443                          |  16|   0|   16|          0|
    |acc_3_V_05_reg_457                          |  16|   0|   16|          0|
    |acc_4_V_04_reg_471                          |  16|   0|   16|          0|
    |acc_5_V_03_reg_485                          |  16|   0|   16|          0|
    |acc_6_V_02_reg_499                          |  16|   0|   16|          0|
    |acc_7_V_01_reg_513                          |  16|   0|   16|          0|
    |ap_CS_fsm                                   |   2|   0|    2|          0|
    |ap_done_reg                                 |   1|   0|    1|          0|
    |ap_enable_reg_pp0_iter1                     |   1|   0|    1|          0|
    |ap_enable_reg_pp0_iter2                     |   1|   0|    1|          0|
    |ap_enable_reg_pp0_iter3                     |   1|   0|    1|          0|
    |ap_phi_reg_pp0_iter1_p_read128_phi_reg_267  |   8|   0|    8|          0|
    |ap_phi_reg_pp0_iter1_p_read229_phi_reg_279  |   8|   0|    8|          0|
    |ap_phi_reg_pp0_iter1_p_read27_phi_reg_255   |   8|   0|    8|          0|
    |ap_phi_reg_pp0_iter1_p_read330_phi_reg_291  |   8|   0|    8|          0|
    |ap_return_0_preg                            |  16|   0|   17|          1|
    |ap_return_1_preg                            |  16|   0|   17|          1|
    |ap_return_2_preg                            |  16|   0|   17|          1|
    |ap_return_3_preg                            |  16|   0|   17|          1|
    |ap_return_4_preg                            |  16|   0|   17|          1|
    |ap_return_5_preg                            |  16|   0|   17|          1|
    |ap_return_6_preg                            |  16|   0|   17|          1|
    |ap_return_7_preg                            |  16|   0|   17|          1|
    |do_init_reg_154                             |   1|   0|    1|          0|
    |icmp_ln135_reg_1300                         |   1|   0|    1|          0|
    |icmp_ln154_reg_1295                         |   1|   0|    1|          0|
    |in_index_025_reg_184                        |  32|   0|   32|          0|
    |in_index_reg_1290                           |  32|   0|   32|          0|
    |out_index_reg_1304                          |   3|   0|    3|          0|
    |out_index_reg_1304_pp0_iter2_reg            |   3|   0|    3|          0|
    |p_Val2_1010_reg_401                         |  16|   0|   16|          0|
    |p_Val2_24_reg_303                           |  16|   0|   16|          0|
    |p_Val2_422_reg_317                          |  16|   0|   16|          0|
    |p_Val2_520_reg_331                          |  16|   0|   16|          0|
    |p_Val2_618_reg_345                          |  16|   0|   16|          0|
    |p_Val2_716_reg_359                          |  16|   0|   16|          0|
    |p_Val2_814_reg_373                          |  16|   0|   16|          0|
    |p_Val2_912_reg_387                          |  16|   0|   16|          0|
    |p_read128_phi_reg_267                       |   8|   0|    8|          0|
    |p_read128_rewind_reg_213                    |   8|   0|    8|          0|
    |p_read229_phi_reg_279                       |   8|   0|    8|          0|
    |p_read229_rewind_reg_227                    |   8|   0|    8|          0|
    |p_read27_phi_reg_255                        |   8|   0|    8|          0|
    |p_read27_rewind_reg_199                     |   8|   0|    8|          0|
    |p_read330_phi_reg_291                       |   8|   0|    8|          0|
    |p_read330_rewind_reg_241                    |   8|   0|    8|          0|
    |tmp_36_reg_1309                             |   8|   0|    8|          0|
    |trunc_ln_reg_1324                           |  14|   0|   14|          0|
    |w14_V_load_reg_1314                         |   7|   0|    7|          0|
    |w_index26_reg_170                           |   5|   0|    5|          0|
    |w_index_reg_1285                            |   5|   0|    5|          0|
    |icmp_ln135_reg_1300                         |  64|  32|    1|          0|
    +--------------------------------------------+----+----+-----+-----------+
    |Total                                       | 662|  32|  607|          8|
    +--------------------------------------------+----+----+-----+-----------+



================================================================
== Interface
================================================================
* Summary: 
+-------------+-----+-----+------------+------------------------------------------------------------------------------+--------------+
|  RTL Ports  | Dir | Bits|  Protocol  |                                 Source Object                                |    C Type    |
+-------------+-----+-----+------------+------------------------------------------------------------------------------+--------------+
|ap_clk       |  in |    1| ap_ctrl_hs | dense_resource_rf_gt_nin_rem0<ap_ufixed,ap_fixed,config14>.0.0.0.0.0.0.0.0.0 | return value |
|ap_rst       |  in |    1| ap_ctrl_hs | dense_resource_rf_gt_nin_rem0<ap_ufixed,ap_fixed,config14>.0.0.0.0.0.0.0.0.0 | return value |
|ap_start     |  in |    1| ap_ctrl_hs | dense_resource_rf_gt_nin_rem0<ap_ufixed,ap_fixed,config14>.0.0.0.0.0.0.0.0.0 | return value |
|ap_done      | out |    1| ap_ctrl_hs | dense_resource_rf_gt_nin_rem0<ap_ufixed,ap_fixed,config14>.0.0.0.0.0.0.0.0.0 | return value |
|ap_continue  |  in |    1| ap_ctrl_hs | dense_resource_rf_gt_nin_rem0<ap_ufixed,ap_fixed,config14>.0.0.0.0.0.0.0.0.0 | return value |
|ap_idle      | out |    1| ap_ctrl_hs | dense_resource_rf_gt_nin_rem0<ap_ufixed,ap_fixed,config14>.0.0.0.0.0.0.0.0.0 | return value |
|ap_ready     | out |    1| ap_ctrl_hs | dense_resource_rf_gt_nin_rem0<ap_ufixed,ap_fixed,config14>.0.0.0.0.0.0.0.0.0 | return value |
|ap_return_0  | out |   17| ap_ctrl_hs | dense_resource_rf_gt_nin_rem0<ap_ufixed,ap_fixed,config14>.0.0.0.0.0.0.0.0.0 | return value |
|ap_return_1  | out |   17| ap_ctrl_hs | dense_resource_rf_gt_nin_rem0<ap_ufixed,ap_fixed,config14>.0.0.0.0.0.0.0.0.0 | return value |
|ap_return_2  | out |   17| ap_ctrl_hs | dense_resource_rf_gt_nin_rem0<ap_ufixed,ap_fixed,config14>.0.0.0.0.0.0.0.0.0 | return value |
|ap_return_3  | out |   17| ap_ctrl_hs | dense_resource_rf_gt_nin_rem0<ap_ufixed,ap_fixed,config14>.0.0.0.0.0.0.0.0.0 | return value |
|ap_return_4  | out |   17| ap_ctrl_hs | dense_resource_rf_gt_nin_rem0<ap_ufixed,ap_fixed,config14>.0.0.0.0.0.0.0.0.0 | return value |
|ap_return_5  | out |   17| ap_ctrl_hs | dense_resource_rf_gt_nin_rem0<ap_ufixed,ap_fixed,config14>.0.0.0.0.0.0.0.0.0 | return value |
|ap_return_6  | out |   17| ap_ctrl_hs | dense_resource_rf_gt_nin_rem0<ap_ufixed,ap_fixed,config14>.0.0.0.0.0.0.0.0.0 | return value |
|ap_return_7  | out |   17| ap_ctrl_hs | dense_resource_rf_gt_nin_rem0<ap_ufixed,ap_fixed,config14>.0.0.0.0.0.0.0.0.0 | return value |
|p_read       |  in |    8|   ap_none  |                                    p_read                                    |    scalar    |
|p_read1      |  in |    8|   ap_none  |                                    p_read1                                   |    scalar    |
|p_read2      |  in |    8|   ap_none  |                                    p_read2                                   |    scalar    |
|p_read3      |  in |    8|   ap_none  |                                    p_read3                                   |    scalar    |
+-------------+-----+-----+------------+------------------------------------------------------------------------------+--------------+

