

================================================================
== Vivado HLS Report for 'dense_resource_rf_gt_nin_rem0_0_0_0_0_0_0_0_0_0_0_0_0_0_0_0'
================================================================
* Date:           Wed May 20 11:16:39 2026

* Version:        2020.1 (Build 2897737 on Wed May 27 20:21:37 MDT 2020)
* Project:        myproject_prj
* Solution:       solution1
* Product family: zynq
* Target device:  xc7z020-clg400-1


================================================================
== Performance Estimates
================================================================
+ Timing: 
    * Summary: 
    +--------+---------+----------+------------+
    |  Clock |  Target | Estimated| Uncertainty|
    +--------+---------+----------+------------+
    |ap_clk  | 5.00 ns | 6.325 ns |   0.62 ns  |
    +--------+---------+----------+------------+

+ Latency: 
    * Summary: 
    +---------+---------+----------+----------+-----+-----+---------------------------------------------+
    |  Latency (cycles) |  Latency (absolute) |  Interval |                   Pipeline                  |
    |   min   |   max   |    min   |    max   | min | max |                     Type                    |
    +---------+---------+----------+----------+-----+-----+---------------------------------------------+
    |       59|       60| 0.373 us | 0.380 us |   56|   56| loop rewind(delay=0 initiation interval(s)) |
    +---------+---------+----------+----------+-----+-----+---------------------------------------------+

    + Detail: 
        * Instance: 
        N/A

        * Loop: 
        +-------------+---------+---------+----------+-----------+-----------+------+----------+
        |             |  Latency (cycles) | Iteration|  Initiation Interval  | Trip |          |
        |  Loop Name  |   min   |   max   |  Latency |  achieved |   target  | Count| Pipelined|
        +-------------+---------+---------+----------+-----------+-----------+------+----------+
        |- ReuseLoop  |       59|       59|         5|          1|          1|    56|    yes   |
        +-------------+---------+---------+----------+-----------+-----------+------+----------+



================================================================
== Utilization Estimates
================================================================
* Summary: 
+-----------------+---------+-------+--------+-------+-----+
|       Name      | BRAM_18K| DSP48E|   FF   |  LUT  | URAM|
+-----------------+---------+-------+--------+-------+-----+
|DSP              |        -|      -|       -|      -|    -|
|Expression       |        -|      0|       0|    253|    -|
|FIFO             |        -|      -|       -|      -|    -|
|Instance         |        -|      -|       0|    195|    -|
|Memory           |        1|      -|       3|      3|    -|
|Multiplexer      |        -|      -|       -|   1044|    -|
|Register         |        0|      -|     813|     64|    -|
+-----------------+---------+-------+--------+-------+-----+
|Total            |        1|      0|     816|   1559|    0|
+-----------------+---------+-------+--------+-------+-----+
|Available        |      280|    220|  106400|  53200|    0|
+-----------------+---------+-------+--------+-------+-----+
|Utilization (%)  |    ~0   |      0|   ~0   |      2|    0|
+-----------------+---------+-------+--------+-------+-----+

+ Detail: 
    * Instance: 
    +------------------------------+--------------------------+---------+-------+---+----+-----+
    |           Instance           |          Module          | BRAM_18K| DSP48E| FF| LUT| URAM|
    +------------------------------+--------------------------+---------+-------+---+----+-----+
    |myproject_mux_164_16_1_1_U82  |myproject_mux_164_16_1_1  |        0|      0|  0|  65|    0|
    |myproject_mux_83_16_1_1_U81   |myproject_mux_83_16_1_1   |        0|      0|  0|  65|    0|
    |myproject_mux_83_8_1_1_U80    |myproject_mux_83_8_1_1    |        0|      0|  0|  65|    0|
    +------------------------------+--------------------------+---------+-------+---+----+-----+
    |Total                         |                          |        0|      0|  0| 195|    0|
    +------------------------------+--------------------------+---------+-------+---+----+-----+

    * DSP48E: 
    N/A

    * Memory: 
    +----------+--------------------------------------------------------------------+---------+---+----+-----+------+-----+------+-------------+
    |  Memory  |                               Module                               | BRAM_18K| FF| LUT| URAM| Words| Bits| Banks| W*Bits*Banks|
    +----------+--------------------------------------------------------------------+---------+---+----+-----+------+-----+------+-------------+
    |outidx_U  |dense_resource_rf_gt_nin_rem0_0_0_0_0_0_0_0_0_0_0_0_0_0_0_0_outidx  |        0|  3|   3|    0|    56|    3|     1|          168|
    |w17_V_U   |dense_resource_rf_gt_nin_rem0_0_0_0_0_0_0_0_0_0_0_0_0_0_0_0_w17_V   |        1|  0|   0|    0|    56|   15|     1|          840|
    +----------+--------------------------------------------------------------------+---------+---+----+-----+------+-----+------+-------------+
    |Total     |                                                                    |        1|  3|   3|    0|   112|   18|     2|         1008|
    +----------+--------------------------------------------------------------------+---------+---+----+-----+------+-----+------+-------------+

    * FIFO: 
    N/A

    * Expression: 
    +-------------------------+----------+-------+---+----+------------+------------+
    |      Variable Name      | Operation| DSP48E| FF| LUT| Bitwidth P0| Bitwidth P1|
    +-------------------------+----------+-------+---+----+------------+------------+
    |mul_ln1118_1_fu_1278_p2  |     *    |      0|  0|  41|           8|           7|
    |mul_ln1118_fu_1259_p2    |     *    |      0|  0|  41|           8|           8|
    |acc_0_V_fu_1321_p2       |     +    |      0|  0|  23|          16|          16|
    |acc_7_V_fu_1375_p2       |     +    |      0|  0|  23|          16|          16|
    |in_index_fu_1176_p2      |     +    |      0|  0|  39|          32|           1|
    |w_index_fu_1170_p2       |     +    |      0|  0|  15|           1|           6|
    |ap_condition_244         |    and   |      0|  0|   2|           1|           1|
    |ap_condition_268         |    and   |      0|  0|   2|           1|           1|
    |ap_condition_45          |    and   |      0|  0|   2|           1|           1|
    |icmp_ln135_fu_1198_p2    |   icmp   |      0|  0|  11|           6|           5|
    |icmp_ln154_fu_1192_p2    |   icmp   |      0|  0|  18|          29|           1|
    |ap_block_state1          |    or    |      0|  0|   2|           1|           1|
    |select_ln154_fu_1244_p3  |  select  |      0|  0|  32|           1|           1|
    |ap_enable_pp0            |    xor   |      0|  0|   2|           1|           2|
    +-------------------------+----------+-------+---+----+------------+------------+
    |Total                    |          |      0|  0| 253|         122|          67|
    +-------------------------+----------+-------+---+----+------------+------------+

    * Multiplexer: 
    +--------------------------------------------+----+-----------+-----+-----------+
    |                    Name                    | LUT| Input Size| Bits| Total Bits|
    +--------------------------------------------+----+-----------+-----+-----------+
    |ap_NS_fsm                                   |  15|          3|    1|          3|
    |ap_done                                     |   9|          2|    1|          2|
    |ap_enable_reg_pp0_iter1                     |   9|          2|    1|          2|
    |ap_enable_reg_pp0_iter4                     |   9|          2|    1|          2|
    |ap_phi_mux_do_init_phi_fu_334_p6            |  15|          3|    1|          3|
    |ap_phi_mux_in_index_045_phi_fu_364_p6       |  15|          3|   32|         96|
    |ap_phi_mux_p_Val2_1030_phi_fu_685_p6        |  15|          3|   16|         48|
    |ap_phi_mux_p_Val2_1128_phi_fu_700_p6        |  15|          3|   16|         48|
    |ap_phi_mux_p_Val2_1226_phi_fu_715_p6        |  15|          3|   16|         48|
    |ap_phi_mux_p_Val2_1324_phi_fu_730_p6        |  15|          3|   16|         48|
    |ap_phi_mux_p_Val2_1422_phi_fu_745_p6        |  15|          3|   16|         48|
    |ap_phi_mux_p_Val2_1520_phi_fu_760_p6        |  15|          3|   16|         48|
    |ap_phi_mux_p_Val2_1618_phi_fu_775_p6        |  15|          3|   16|         48|
    |ap_phi_mux_p_Val2_23_phi_fu_925_p14         |  15|          3|   16|         48|
    |ap_phi_mux_p_Val2_24_phi_fu_898_p14         |  15|          3|   16|         48|
    |ap_phi_mux_p_Val2_25_phi_fu_871_p14         |  15|          3|   16|         48|
    |ap_phi_mux_p_Val2_26_phi_fu_844_p14         |  15|          3|   16|         48|
    |ap_phi_mux_p_Val2_27_phi_fu_817_p14         |  15|          3|   16|         48|
    |ap_phi_mux_p_Val2_28_phi_fu_790_p14         |  15|          3|   16|         48|
    |ap_phi_mux_p_Val2_29_phi_fu_1141_p14        |  15|          3|   16|         48|
    |ap_phi_mux_p_Val2_30_phi_fu_1114_p14        |  15|          3|   16|         48|
    |ap_phi_mux_p_Val2_31_phi_fu_1087_p14        |  15|          3|   16|         48|
    |ap_phi_mux_p_Val2_32_phi_fu_1060_p14        |  15|          3|   16|         48|
    |ap_phi_mux_p_Val2_33_phi_fu_1033_p14        |  15|          3|   16|         48|
    |ap_phi_mux_p_Val2_34_phi_fu_1006_p14        |  15|          3|   16|         48|
    |ap_phi_mux_p_Val2_35_phi_fu_979_p14         |  15|          3|   16|         48|
    |ap_phi_mux_p_Val2_442_phi_fu_601_p6         |  15|          3|   16|         48|
    |ap_phi_mux_p_Val2_44_phi_fu_587_p6          |  15|          3|   16|         48|
    |ap_phi_mux_p_Val2_540_phi_fu_615_p6         |  15|          3|   16|         48|
    |ap_phi_mux_p_Val2_638_phi_fu_629_p6         |  15|          3|   16|         48|
    |ap_phi_mux_p_Val2_736_phi_fu_643_p6         |  15|          3|   16|         48|
    |ap_phi_mux_p_Val2_834_phi_fu_657_p6         |  15|          3|   16|         48|
    |ap_phi_mux_p_Val2_932_phi_fu_671_p6         |  15|          3|   16|         48|
    |ap_phi_mux_p_Val2_s_phi_fu_952_p14          |  15|          3|   16|         48|
    |ap_phi_mux_p_read148_phi_phi_fu_503_p4      |   9|          2|    8|         16|
    |ap_phi_mux_p_read148_rewind_phi_fu_393_p6   |   9|          2|    8|         16|
    |ap_phi_mux_p_read249_phi_phi_fu_515_p4      |   9|          2|    8|         16|
    |ap_phi_mux_p_read249_rewind_phi_fu_407_p6   |   9|          2|    8|         16|
    |ap_phi_mux_p_read350_phi_phi_fu_527_p4      |   9|          2|    8|         16|
    |ap_phi_mux_p_read350_rewind_phi_fu_421_p6   |   9|          2|    8|         16|
    |ap_phi_mux_p_read451_phi_phi_fu_539_p4      |   9|          2|    8|         16|
    |ap_phi_mux_p_read451_rewind_phi_fu_435_p6   |   9|          2|    8|         16|
    |ap_phi_mux_p_read47_phi_phi_fu_491_p4       |   9|          2|    8|         16|
    |ap_phi_mux_p_read47_rewind_phi_fu_379_p6    |   9|          2|    8|         16|
    |ap_phi_mux_p_read552_phi_phi_fu_551_p4      |   9|          2|    8|         16|
    |ap_phi_mux_p_read552_rewind_phi_fu_449_p6   |   9|          2|    8|         16|
    |ap_phi_mux_p_read653_phi_phi_fu_563_p4      |   9|          2|    8|         16|
    |ap_phi_mux_p_read653_rewind_phi_fu_463_p6   |   9|          2|    8|         16|
    |ap_phi_mux_p_read754_phi_phi_fu_575_p4      |   9|          2|    8|         16|
    |ap_phi_mux_p_read754_rewind_phi_fu_477_p6   |   9|          2|    8|         16|
    |ap_phi_mux_w_index46_phi_fu_350_p6          |  15|          3|    6|         18|
    |ap_phi_reg_pp0_iter1_p_read148_phi_reg_499  |   9|          2|    8|         16|
    |ap_phi_reg_pp0_iter1_p_read249_phi_reg_511  |   9|          2|    8|         16|
    |ap_phi_reg_pp0_iter1_p_read350_phi_reg_523  |   9|          2|    8|         16|
    |ap_phi_reg_pp0_iter1_p_read451_phi_reg_535  |   9|          2|    8|         16|
    |ap_phi_reg_pp0_iter1_p_read47_phi_reg_487   |   9|          2|    8|         16|
    |ap_phi_reg_pp0_iter1_p_read552_phi_reg_547  |   9|          2|    8|         16|
    |ap_phi_reg_pp0_iter1_p_read653_phi_reg_559  |   9|          2|    8|         16|
    |ap_phi_reg_pp0_iter1_p_read754_phi_reg_571  |   9|          2|    8|         16|
    |in_index_045_reg_360                        |   9|          2|   32|         64|
    |p_Val2_1030_reg_681                         |   9|          2|   16|         32|
    |p_Val2_1128_reg_696                         |   9|          2|   16|         32|
    |p_Val2_1226_reg_711                         |   9|          2|   16|         32|
    |p_Val2_1324_reg_726                         |   9|          2|   16|         32|
    |p_Val2_1422_reg_741                         |   9|          2|   16|         32|
    |p_Val2_1520_reg_756                         |   9|          2|   16|         32|
    |p_Val2_1618_reg_771                         |   9|          2|   16|         32|
    |p_Val2_23_reg_921                           |  15|          3|   16|         48|
    |p_Val2_24_reg_894                           |  15|          3|   16|         48|
    |p_Val2_25_reg_867                           |  15|          3|   16|         48|
    |p_Val2_26_reg_840                           |  15|          3|   16|         48|
    |p_Val2_27_reg_813                           |  15|          3|   16|         48|
    |p_Val2_28_reg_786                           |  15|          3|   16|         48|
    |p_Val2_442_reg_597                          |   9|          2|   16|         32|
    |p_Val2_44_reg_583                           |   9|          2|   16|         32|
    |p_Val2_540_reg_611                          |   9|          2|   16|         32|
    |p_Val2_638_reg_625                          |   9|          2|   16|         32|
    |p_Val2_736_reg_639                          |   9|          2|   16|         32|
    |p_Val2_834_reg_653                          |   9|          2|   16|         32|
    |p_Val2_932_reg_667                          |   9|          2|   16|         32|
    |p_Val2_s_reg_948                            |  15|          3|   16|         48|
    |p_read148_phi_reg_499                       |   9|          2|    8|         16|
    |p_read249_phi_reg_511                       |   9|          2|    8|         16|
    |p_read350_phi_reg_523                       |   9|          2|    8|         16|
    |p_read451_phi_reg_535                       |   9|          2|    8|         16|
    |p_read47_phi_reg_487                        |   9|          2|    8|         16|
    |p_read552_phi_reg_547                       |   9|          2|    8|         16|
    |p_read653_phi_reg_559                       |   9|          2|    8|         16|
    |p_read754_phi_reg_571                       |   9|          2|    8|         16|
    |w_index46_reg_346                           |   9|          2|    6|         12|
    +--------------------------------------------+----+-----------+-----+-----------+
    |Total                                       |1044|        219| 1121|       2842|
    +--------------------------------------------+----+-----------+-----+-----------+

    * Register: 
    +--------------------------------------------+----+----+-----+-----------+
    |                    Name                    | FF | LUT| Bits| Const Bits|
    +--------------------------------------------+----+----+-----+-----------+
    |acc_7_V_reg_1671                            |  16|   0|   16|          0|
    |ap_CS_fsm                                   |   2|   0|    2|          0|
    |ap_done_reg                                 |   1|   0|    1|          0|
    |ap_enable_reg_pp0_iter1                     |   1|   0|    1|          0|
    |ap_enable_reg_pp0_iter2                     |   1|   0|    1|          0|
    |ap_enable_reg_pp0_iter3                     |   1|   0|    1|          0|
    |ap_enable_reg_pp0_iter4                     |   1|   0|    1|          0|
    |ap_phi_reg_pp0_iter1_p_read148_phi_reg_499  |   8|   0|    8|          0|
    |ap_phi_reg_pp0_iter1_p_read249_phi_reg_511  |   8|   0|    8|          0|
    |ap_phi_reg_pp0_iter1_p_read350_phi_reg_523  |   8|   0|    8|          0|
    |ap_phi_reg_pp0_iter1_p_read451_phi_reg_535  |   8|   0|    8|          0|
    |ap_phi_reg_pp0_iter1_p_read47_phi_reg_487   |   8|   0|    8|          0|
    |ap_phi_reg_pp0_iter1_p_read552_phi_reg_547  |   8|   0|    8|          0|
    |ap_phi_reg_pp0_iter1_p_read653_phi_reg_559  |   8|   0|    8|          0|
    |ap_phi_reg_pp0_iter1_p_read754_phi_reg_571  |   8|   0|    8|          0|
    |do_init_reg_330                             |   1|   0|    1|          0|
    |icmp_ln135_reg_1630                         |   1|   0|    1|          0|
    |icmp_ln154_reg_1625                         |   1|   0|    1|          0|
    |in_index_045_reg_360                        |  32|   0|   32|          0|
    |in_index_reg_1620                           |  32|   0|   32|          0|
    |out_index_reg_1634                          |   3|   0|    3|          0|
    |p_Val2_1030_reg_681                         |  16|   0|   16|          0|
    |p_Val2_1128_reg_696                         |  16|   0|   16|          0|
    |p_Val2_1226_reg_711                         |  16|   0|   16|          0|
    |p_Val2_1324_reg_726                         |  16|   0|   16|          0|
    |p_Val2_1422_reg_741                         |  16|   0|   16|          0|
    |p_Val2_1520_reg_756                         |  16|   0|   16|          0|
    |p_Val2_1618_reg_771                         |  16|   0|   16|          0|
    |p_Val2_23_reg_921                           |  16|   0|   16|          0|
    |p_Val2_24_reg_894                           |  16|   0|   16|          0|
    |p_Val2_25_reg_867                           |  16|   0|   16|          0|
    |p_Val2_26_reg_840                           |  16|   0|   16|          0|
    |p_Val2_27_reg_813                           |  16|   0|   16|          0|
    |p_Val2_28_reg_786                           |  16|   0|   16|          0|
    |p_Val2_442_reg_597                          |  16|   0|   16|          0|
    |p_Val2_44_reg_583                           |  16|   0|   16|          0|
    |p_Val2_540_reg_611                          |  16|   0|   16|          0|
    |p_Val2_638_reg_625                          |  16|   0|   16|          0|
    |p_Val2_736_reg_639                          |  16|   0|   16|          0|
    |p_Val2_834_reg_653                          |  16|   0|   16|          0|
    |p_Val2_932_reg_667                          |  16|   0|   16|          0|
    |p_Val2_s_reg_948                            |  16|   0|   16|          0|
    |p_read148_phi_reg_499                       |   8|   0|    8|          0|
    |p_read148_rewind_reg_389                    |   8|   0|    8|          0|
    |p_read249_phi_reg_511                       |   8|   0|    8|          0|
    |p_read249_rewind_reg_403                    |   8|   0|    8|          0|
    |p_read350_phi_reg_523                       |   8|   0|    8|          0|
    |p_read350_rewind_reg_417                    |   8|   0|    8|          0|
    |p_read451_phi_reg_535                       |   8|   0|    8|          0|
    |p_read451_rewind_reg_431                    |   8|   0|    8|          0|
    |p_read47_phi_reg_487                        |   8|   0|    8|          0|
    |p_read47_rewind_reg_375                     |   8|   0|    8|          0|
    |p_read552_phi_reg_547                       |   8|   0|    8|          0|
    |p_read552_rewind_reg_445                    |   8|   0|    8|          0|
    |p_read653_phi_reg_559                       |   8|   0|    8|          0|
    |p_read653_rewind_reg_459                    |   8|   0|    8|          0|
    |p_read754_phi_reg_571                       |   8|   0|    8|          0|
    |p_read754_rewind_reg_473                    |   8|   0|    8|          0|
    |tmp_41_reg_1651                             |   7|   0|    7|          0|
    |tmp_s_reg_1640                              |   8|   0|    8|          0|
    |trunc_ln145_3_reg_1646                      |   8|   0|    8|          0|
    |trunc_ln708_s_reg_1666                      |  14|   0|   14|          0|
    |trunc_ln_reg_1661                           |  15|   0|   15|          0|
    |w_index46_reg_346                           |   6|   0|    6|          0|
    |w_index_reg_1615                            |   6|   0|    6|          0|
    |icmp_ln135_reg_1630                         |  64|  32|    1|          0|
    |out_index_reg_1634                          |  64|  32|    3|          0|
    +--------------------------------------------+----+----+-----+-----------+
    |Total                                       | 813|  64|  689|          0|
    +--------------------------------------------+----+----+-----+-----------+



================================================================
== Interface
================================================================
* Summary: 
+-----------------+-----+-----+------------+-------------------------------------------------------------+--------------+
|    RTL Ports    | Dir | Bits|  Protocol  |                        Source Object                        |    C Type    |
+-----------------+-----+-----+------------+-------------------------------------------------------------+--------------+
|ap_clk           |  in |    1| ap_ctrl_hs | dense_resource_rf_gt_nin_rem0.0.0.0.0.0.0.0.0.0.0.0.0.0.0.0 | return value |
|ap_rst           |  in |    1| ap_ctrl_hs | dense_resource_rf_gt_nin_rem0.0.0.0.0.0.0.0.0.0.0.0.0.0.0.0 | return value |
|ap_start         |  in |    1| ap_ctrl_hs | dense_resource_rf_gt_nin_rem0.0.0.0.0.0.0.0.0.0.0.0.0.0.0.0 | return value |
|ap_done          | out |    1| ap_ctrl_hs | dense_resource_rf_gt_nin_rem0.0.0.0.0.0.0.0.0.0.0.0.0.0.0.0 | return value |
|ap_continue      |  in |    1| ap_ctrl_hs | dense_resource_rf_gt_nin_rem0.0.0.0.0.0.0.0.0.0.0.0.0.0.0.0 | return value |
|ap_idle          | out |    1| ap_ctrl_hs | dense_resource_rf_gt_nin_rem0.0.0.0.0.0.0.0.0.0.0.0.0.0.0.0 | return value |
|ap_ready         | out |    1| ap_ctrl_hs | dense_resource_rf_gt_nin_rem0.0.0.0.0.0.0.0.0.0.0.0.0.0.0.0 | return value |
|p_read           |  in |    8|   ap_none  |                            p_read                           |    scalar    |
|p_read1          |  in |    8|   ap_none  |                           p_read1                           |    scalar    |
|p_read2          |  in |    8|   ap_none  |                           p_read2                           |    scalar    |
|p_read3          |  in |    8|   ap_none  |                           p_read3                           |    scalar    |
|p_read4          |  in |    8|   ap_none  |                           p_read4                           |    scalar    |
|p_read5          |  in |    8|   ap_none  |                           p_read5                           |    scalar    |
|p_read6          |  in |    8|   ap_none  |                           p_read6                           |    scalar    |
|p_read7          |  in |    8|   ap_none  |                           p_read7                           |    scalar    |
|res_0_V          | out |   20|   ap_vld   |                           res_0_V                           |    pointer   |
|res_0_V_ap_vld   | out |    1|   ap_vld   |                           res_0_V                           |    pointer   |
|res_1_V          | out |   20|   ap_vld   |                           res_1_V                           |    pointer   |
|res_1_V_ap_vld   | out |    1|   ap_vld   |                           res_1_V                           |    pointer   |
|res_2_V          | out |   20|   ap_vld   |                           res_2_V                           |    pointer   |
|res_2_V_ap_vld   | out |    1|   ap_vld   |                           res_2_V                           |    pointer   |
|res_3_V          | out |   20|   ap_vld   |                           res_3_V                           |    pointer   |
|res_3_V_ap_vld   | out |    1|   ap_vld   |                           res_3_V                           |    pointer   |
|res_4_V          | out |   20|   ap_vld   |                           res_4_V                           |    pointer   |
|res_4_V_ap_vld   | out |    1|   ap_vld   |                           res_4_V                           |    pointer   |
|res_5_V          | out |   20|   ap_vld   |                           res_5_V                           |    pointer   |
|res_5_V_ap_vld   | out |    1|   ap_vld   |                           res_5_V                           |    pointer   |
|res_6_V          | out |   20|   ap_vld   |                           res_6_V                           |    pointer   |
|res_6_V_ap_vld   | out |    1|   ap_vld   |                           res_6_V                           |    pointer   |
|res_7_V          | out |   20|   ap_vld   |                           res_7_V                           |    pointer   |
|res_7_V_ap_vld   | out |    1|   ap_vld   |                           res_7_V                           |    pointer   |
|res_8_V          | out |   20|   ap_vld   |                           res_8_V                           |    pointer   |
|res_8_V_ap_vld   | out |    1|   ap_vld   |                           res_8_V                           |    pointer   |
|res_9_V          | out |   20|   ap_vld   |                           res_9_V                           |    pointer   |
|res_9_V_ap_vld   | out |    1|   ap_vld   |                           res_9_V                           |    pointer   |
|res_10_V         | out |   20|   ap_vld   |                           res_10_V                          |    pointer   |
|res_10_V_ap_vld  | out |    1|   ap_vld   |                           res_10_V                          |    pointer   |
|res_11_V         | out |   20|   ap_vld   |                           res_11_V                          |    pointer   |
|res_11_V_ap_vld  | out |    1|   ap_vld   |                           res_11_V                          |    pointer   |
|res_12_V         | out |   20|   ap_vld   |                           res_12_V                          |    pointer   |
|res_12_V_ap_vld  | out |    1|   ap_vld   |                           res_12_V                          |    pointer   |
|res_13_V         | out |   20|   ap_vld   |                           res_13_V                          |    pointer   |
|res_13_V_ap_vld  | out |    1|   ap_vld   |                           res_13_V                          |    pointer   |
+-----------------+-----+-----+------------+-------------------------------------------------------------+--------------+

