

================================================================
== Vivado HLS Report for 'dense_resource_rf_leq_nin_ap_ufixed_ap_fixed_19_8_5_3_0_config8_0_0_0_0'
================================================================
* Date:           Mon Jun  1 10:25:03 2026

* Version:        2020.1 (Build 2897737 on Wed May 27 20:21:37 MDT 2020)
* Project:        myproject_prj
* Solution:       solution1
* Product family: zynq
* Target device:  xc7z020-clg400-1


================================================================
== Performance Estimates
================================================================
+ Timing: 
    * Summary: 
    +--------+---------+----------+------------+
    |  Clock |  Target | Estimated| Uncertainty|
    +--------+---------+----------+------------+
    |ap_clk  | 5.00 ns | 4.170 ns |   0.62 ns  |
    +--------+---------+----------+------------+

+ Latency: 
    * Summary: 
    +---------+---------+-----------+-----------+-----+-----+---------------------------------------------+
    |  Latency (cycles) |   Latency (absolute)  |  Interval |                   Pipeline                  |
    |   min   |   max   |    min    |    max    | min | max |                     Type                    |
    +---------+---------+-----------+-----------+-----+-----+---------------------------------------------+
    |        6|        7| 30.000 ns | 35.000 ns |    4|    4| loop rewind(delay=0 initiation interval(s)) |
    +---------+---------+-----------+-----------+-----+-----+---------------------------------------------+

    + Detail: 
        * Instance: 
        N/A

        * Loop: 
        +-------------+---------+---------+----------+-----------+-----------+------+----------+
        |             |  Latency (cycles) | Iteration|  Initiation Interval  | Trip |          |
        |  Loop Name  |   min   |   max   |  Latency |  achieved |   target  | Count| Pipelined|
        +-------------+---------+---------+----------+-----------+-----------+------+----------+
        |- ReuseLoop  |        6|        6|         4|          1|          1|     4|    yes   |
        +-------------+---------+---------+----------+-----------+-----------+------+----------+



================================================================
== Utilization Estimates
================================================================
* Summary: 
+-----------------+---------+-------+--------+-------+-----+
|       Name      | BRAM_18K| DSP48E|   FF   |  LUT  | URAM|
+-----------------+---------+-------+--------+-------+-----+
|DSP              |        -|      -|       -|      -|    -|
|Expression       |        -|      0|       0|    220|    -|
|FIFO             |        -|      -|       -|      -|    -|
|Instance         |        -|      -|       0|     45|    -|
|Memory           |        1|      -|       0|      0|    -|
|Multiplexer      |        -|      -|       -|    279|    -|
|Register         |        0|      -|     343|     32|    -|
+-----------------+---------+-------+--------+-------+-----+
|Total            |        1|      0|     343|    576|    0|
+-----------------+---------+-------+--------+-------+-----+
|Available        |      280|    220|  106400|  53200|    0|
+-----------------+---------+-------+--------+-------+-----+
|Utilization (%)  |    ~0   |      0|   ~0   |      1|    0|
+-----------------+---------+-------+--------+-------+-----+

+ Detail: 
    * Instance: 
    +----------------------------+------------------------+---------+-------+---+----+-----+
    |          Instance          |         Module         | BRAM_18K| DSP48E| FF| LUT| URAM|
    +----------------------------+------------------------+---------+-------+---+----+-----+
    |myproject_mux_42_8_1_1_U99  |myproject_mux_42_8_1_1  |        0|      0|  0|  45|    0|
    +----------------------------+------------------------+---------+-------+---+----+-----+
    |Total                       |                        |        0|      0|  0|  45|    0|
    +----------------------------+------------------------+---------+-------+---+----+-----+

    * DSP48E: 
    N/A

    * Memory: 
    +--------+------------------------------------------------------------------------------+---------+---+----+-----+------+-----+------+-------------+
    | Memory |                                    Module                                    | BRAM_18K| FF| LUT| URAM| Words| Bits| Banks| W*Bits*Banks|
    +--------+------------------------------------------------------------------------------+---------+---+----+-----+------+-----+------+-------------+
    |w8_V_U  |dense_resource_rf_leq_nin_ap_ufixed_ap_fixed_19_8_5_3_0_config8_0_0_0_0_w8_V  |        1|  0|   0|    0|     4|   23|     1|           92|
    +--------+------------------------------------------------------------------------------+---------+---+----+-----+------+-----+------+-------------+
    |Total   |                                                                              |        1|  0|   0|    0|     4|   23|     1|           92|
    +--------+------------------------------------------------------------------------------+---------+---+----+-----+------+-----+------+-------------+

    * FIFO: 
    N/A

    * Expression: 
    +------------------------+----------+-------+---+----+------------+------------+
    |      Variable Name     | Operation| DSP48E| FF| LUT| Bitwidth P0| Bitwidth P1|
    +------------------------+----------+-------+---+----+------------+------------+
    |mul_ln1118_1_fu_378_p2  |     *    |      0|  0|  41|           8|           8|
    |mul_ln1118_2_fu_400_p2  |     *    |      0|  0|  41|           7|           8|
    |mul_ln1118_fu_359_p2    |     *    |      0|  0|  41|           8|           8|
    |acc_0_V_fu_419_p2       |     +    |      0|  0|  23|          16|          16|
    |acc_1_V_fu_428_p2       |     +    |      0|  0|  23|          16|          16|
    |acc_2_V_fu_437_p2       |     +    |      0|  0|  23|          16|          16|
    |w_index_fu_303_p2       |     +    |      0|  0|  10|           1|           2|
    |ap_condition_145        |    and   |      0|  0|   2|           1|           1|
    |ap_condition_151        |    and   |      0|  0|   2|           1|           1|
    |ap_condition_44         |    and   |      0|  0|   2|           1|           1|
    |icmp_ln46_fu_309_p2     |   icmp   |      0|  0|   8|           2|           2|
    |ap_block_state1         |    or    |      0|  0|   2|           1|           1|
    |ap_enable_pp0           |    xor   |      0|  0|   2|           1|           2|
    +------------------------+----------+-------+---+----+------------+------------+
    |Total                   |          |      0|  0| 220|          79|          82|
    +------------------------+----------+-------+---+----+------------+------------+

    * Multiplexer: 
    +--------------------------------------------+----+-----------+-----+-----------+
    |                    Name                    | LUT| Input Size| Bits| Total Bits|
    +--------------------------------------------+----+-----------+-----+-----------+
    |ap_NS_fsm                                   |  15|          3|    1|          3|
    |ap_done                                     |   9|          2|    1|          2|
    |ap_enable_reg_pp0_iter1                     |   9|          2|    1|          2|
    |ap_enable_reg_pp0_iter3                     |   9|          2|    1|          2|
    |ap_phi_mux_do_init_phi_fu_125_p6            |  15|          3|    1|          3|
    |ap_phi_mux_p_read19_phi_phi_fu_224_p4       |   9|          2|    8|         16|
    |ap_phi_mux_p_read19_rewind_phi_fu_170_p6    |   9|          2|    8|         16|
    |ap_phi_mux_p_read210_phi_phi_fu_236_p4      |   9|          2|    8|         16|
    |ap_phi_mux_p_read210_rewind_phi_fu_184_p6   |   9|          2|    8|         16|
    |ap_phi_mux_p_read311_phi_phi_fu_248_p4      |   9|          2|    8|         16|
    |ap_phi_mux_p_read311_rewind_phi_fu_198_p6   |   9|          2|    8|         16|
    |ap_phi_mux_p_read8_phi_phi_fu_212_p4        |   9|          2|    8|         16|
    |ap_phi_mux_p_read8_rewind_phi_fu_156_p6     |   9|          2|    8|         16|
    |ap_phi_mux_w_index7_phi_fu_141_p6           |  15|          3|    2|          6|
    |ap_phi_reg_pp0_iter1_p_read19_phi_reg_220   |   9|          2|    8|         16|
    |ap_phi_reg_pp0_iter1_p_read210_phi_reg_232  |   9|          2|    8|         16|
    |ap_phi_reg_pp0_iter1_p_read311_phi_reg_244  |   9|          2|    8|         16|
    |ap_phi_reg_pp0_iter1_p_read8_phi_reg_208    |   9|          2|    8|         16|
    |ap_return_0                                 |   9|          2|   16|         32|
    |ap_return_1                                 |   9|          2|   16|         32|
    |ap_return_2                                 |   9|          2|   16|         32|
    |p_Val2_14_reg_270                           |   9|          2|   16|         32|
    |p_Val2_22_reg_284                           |   9|          2|   16|         32|
    |p_Val2_6_reg_256                            |   9|          2|   16|         32|
    |p_read19_phi_reg_220                        |   9|          2|    8|         16|
    |p_read210_phi_reg_232                       |   9|          2|    8|         16|
    |p_read311_phi_reg_244                       |   9|          2|    8|         16|
    |p_read8_phi_reg_208                         |   9|          2|    8|         16|
    |w_index7_reg_137                            |   9|          2|    2|          4|
    +--------------------------------------------+----+-----------+-----+-----------+
    |Total                                       | 279|         61|  233|        470|
    +--------------------------------------------+----+-----------+-----+-----------+

    * Register: 
    +--------------------------------------------+----+----+-----+-----------+
    |                    Name                    | FF | LUT| Bits| Const Bits|
    +--------------------------------------------+----+----+-----+-----------+
    |ap_CS_fsm                                   |   2|   0|    2|          0|
    |ap_done_reg                                 |   1|   0|    1|          0|
    |ap_enable_reg_pp0_iter1                     |   1|   0|    1|          0|
    |ap_enable_reg_pp0_iter2                     |   1|   0|    1|          0|
    |ap_enable_reg_pp0_iter3                     |   1|   0|    1|          0|
    |ap_phi_reg_pp0_iter1_p_read19_phi_reg_220   |   8|   0|    8|          0|
    |ap_phi_reg_pp0_iter1_p_read210_phi_reg_232  |   8|   0|    8|          0|
    |ap_phi_reg_pp0_iter1_p_read311_phi_reg_244  |   8|   0|    8|          0|
    |ap_phi_reg_pp0_iter1_p_read8_phi_reg_208    |   8|   0|    8|          0|
    |ap_return_0_preg                            |  16|   0|   17|          1|
    |ap_return_1_preg                            |  16|   0|   17|          1|
    |ap_return_2_preg                            |  16|   0|   17|          1|
    |do_init_reg_121                             |   1|   0|    1|          0|
    |icmp_ln46_reg_519                           |   1|   0|    1|          0|
    |p_Val2_14_reg_270                           |  16|   0|   16|          0|
    |p_Val2_22_reg_284                           |  16|   0|   16|          0|
    |p_Val2_6_reg_256                            |  16|   0|   16|          0|
    |p_read19_phi_reg_220                        |   8|   0|    8|          0|
    |p_read19_rewind_reg_166                     |   8|   0|    8|          0|
    |p_read210_phi_reg_232                       |   8|   0|    8|          0|
    |p_read210_rewind_reg_180                    |   8|   0|    8|          0|
    |p_read311_phi_reg_244                       |   8|   0|    8|          0|
    |p_read311_rewind_reg_194                    |   8|   0|    8|          0|
    |p_read8_phi_reg_208                         |   8|   0|    8|          0|
    |p_read8_rewind_reg_152                      |   8|   0|    8|          0|
    |tmp_29_reg_534                              |   8|   0|    8|          0|
    |tmp_34_reg_523                              |   8|   0|    8|          0|
    |tmp_35_reg_539                              |   7|   0|    7|          0|
    |trunc_ln59_reg_529                          |   8|   0|    8|          0|
    |trunc_ln708_1_reg_554                       |  14|   0|   14|          0|
    |trunc_ln708_s_reg_549                       |  15|   0|   15|          0|
    |trunc_ln_reg_544                            |  15|   0|   15|          0|
    |w_index7_reg_137                            |   2|   0|    2|          0|
    |w_index_reg_514                             |   2|   0|    2|          0|
    |icmp_ln46_reg_519                           |  64|  32|    1|          0|
    +--------------------------------------------+----+----+-----+-----------+
    |Total                                       | 343|  32|  283|          3|
    +--------------------------------------------+----+----+-----+-----------+



================================================================
== Interface
================================================================
* Summary: 
+-------------+-----+-----+------------+---------------------------------------------------------------------------+--------------+
|  RTL Ports  | Dir | Bits|  Protocol  |                               Source Object                               |    C Type    |
+-------------+-----+-----+------------+---------------------------------------------------------------------------+--------------+
|ap_clk       |  in |    1| ap_ctrl_hs | dense_resource_rf_leq_nin<ap_ufixed,ap_fixed<19,8,5,3,0>,config8>.0.0.0.0 | return value |
|ap_rst       |  in |    1| ap_ctrl_hs | dense_resource_rf_leq_nin<ap_ufixed,ap_fixed<19,8,5,3,0>,config8>.0.0.0.0 | return value |
|ap_start     |  in |    1| ap_ctrl_hs | dense_resource_rf_leq_nin<ap_ufixed,ap_fixed<19,8,5,3,0>,config8>.0.0.0.0 | return value |
|ap_done      | out |    1| ap_ctrl_hs | dense_resource_rf_leq_nin<ap_ufixed,ap_fixed<19,8,5,3,0>,config8>.0.0.0.0 | return value |
|ap_continue  |  in |    1| ap_ctrl_hs | dense_resource_rf_leq_nin<ap_ufixed,ap_fixed<19,8,5,3,0>,config8>.0.0.0.0 | return value |
|ap_idle      | out |    1| ap_ctrl_hs | dense_resource_rf_leq_nin<ap_ufixed,ap_fixed<19,8,5,3,0>,config8>.0.0.0.0 | return value |
|ap_ready     | out |    1| ap_ctrl_hs | dense_resource_rf_leq_nin<ap_ufixed,ap_fixed<19,8,5,3,0>,config8>.0.0.0.0 | return value |
|ap_return_0  | out |   17| ap_ctrl_hs | dense_resource_rf_leq_nin<ap_ufixed,ap_fixed<19,8,5,3,0>,config8>.0.0.0.0 | return value |
|ap_return_1  | out |   17| ap_ctrl_hs | dense_resource_rf_leq_nin<ap_ufixed,ap_fixed<19,8,5,3,0>,config8>.0.0.0.0 | return value |
|ap_return_2  | out |   17| ap_ctrl_hs | dense_resource_rf_leq_nin<ap_ufixed,ap_fixed<19,8,5,3,0>,config8>.0.0.0.0 | return value |
|p_read       |  in |    8|   ap_none  |                                   p_read                                  |    scalar    |
|p_read1      |  in |    8|   ap_none  |                                  p_read1                                  |    scalar    |
|p_read2      |  in |    8|   ap_none  |                                  p_read2                                  |    scalar    |
|p_read3      |  in |    8|   ap_none  |                                  p_read3                                  |    scalar    |
+-------------+-----+-----+------------+---------------------------------------------------------------------------+--------------+

