

================================================================
== Vivado HLS Report for 'dense_latency_ap_fixed_ap_fixed_35_15_5_3_0_config6_0_0_0_0_0_0_0_0_0'
================================================================
* Date:           Fri May 29 15:07:59 2026

* Version:        2020.1 (Build 2897737 on Wed May 27 20:21:37 MDT 2020)
* Project:        myproject_prj
* Solution:       solution1
* Product family: zynq
* Target device:  xc7z020-clg400-1


================================================================
== Performance Estimates
================================================================
+ Timing: 
    * Summary: 
    +--------+---------+----------+------------+
    |  Clock |  Target | Estimated| Uncertainty|
    +--------+---------+----------+------------+
    |ap_clk  | 5.00 ns | 4.108 ns |   0.62 ns  |
    +--------+---------+----------+------------+

+ Latency: 
    * Summary: 
    +---------+---------+-----------+-----------+-----+-----+----------+
    |  Latency (cycles) |   Latency (absolute)  |  Interval | Pipeline |
    |   min   |   max   |    min    |    max    | min | max |   Type   |
    +---------+---------+-----------+-----------+-----+-----+----------+
    |        8|        8| 40.000 ns | 40.000 ns |    8|    8| function |
    +---------+---------+-----------+-----------+-----+-----+----------+

    + Detail: 
        * Instance: 
        N/A

        * Loop: 
        N/A

============================================================
+ Verbose Summary: Synthesis Manager
============================================================
InlineROM: 1
ExposeGlobal: 0
============================================================
+ Verbose Summary: CDFG Model
============================================================
IsTopModel: 0
ResetActiveHigh: 1
IsCombinational: 0
IsDatapathOnly: 0
HasWiredReturn: 1
HasMFsm: 2
HasVarLatency: 0
IsPipeline: 1
IsRtlPipelined: 1
IsInstanceOverlapped: 0
IsDontTouch: 0
HasImplIP: 0
IsGatedGlobalClock: 0

+ Individual pipeline summary: 
  * Pipeline-0: initiation interval (II) = 8, depth = 9


============================================================
+ Verbose Summary: Schedule
============================================================
* Number of FSM states : 9
* Pipeline : 1
  Pipeline-0 : II = 8, D = 9, States = { 1 2 3 4 5 6 7 8 9 }
* Dataflow Pipeline: 0

* FSM state transitions: 
1 --> 2 
2 --> 3 
3 --> 4 
4 --> 5 
5 --> 6 
6 --> 7 
7 --> 8 
8 --> 9 
9 --> 

* FSM state operations: 

State 1 <SV = 0> <Delay = 3.34>
ST_1 : Operation 10 [1/1] (0.00ns)   --->   "%data_2_V_read_5 = call i16 @_ssdm_op_Read.ap_auto.i16(i16 %data_2_V_read)" [firmware/nnet_utils/nnet_dense_latency.h:13]   --->   Operation 10 'read' 'data_2_V_read_5' <Predicate = true> <Delay = 0.00>
ST_1 : Operation 11 [1/1] (0.00ns)   --->   "%sext_ln1118_121 = sext i16 %data_2_V_read_5 to i26" [firmware/nnet_utils/nnet_mult.h:73->firmware/nnet_utils/nnet_dense_latency.h:42]   --->   Operation 11 'sext' 'sext_ln1118_121' <Predicate = true> <Delay = 0.00>
ST_1 : Operation 12 [1/1] (0.00ns)   --->   "%sext_ln1118_122 = sext i16 %data_2_V_read_5 to i24" [firmware/nnet_utils/nnet_mult.h:73->firmware/nnet_utils/nnet_dense_latency.h:42]   --->   Operation 12 'sext' 'sext_ln1118_122' <Predicate = true> <Delay = 0.00>
ST_1 : Operation 13 [1/1] (0.00ns)   --->   "%sext_ln1118_123 = sext i16 %data_2_V_read_5 to i23" [firmware/nnet_utils/nnet_mult.h:73->firmware/nnet_utils/nnet_dense_latency.h:42]   --->   Operation 13 'sext' 'sext_ln1118_123' <Predicate = true> <Delay = 0.00>
ST_1 : Operation 14 [2/2] (3.34ns)   --->   "%mul_ln1118_113 = mul i24 %sext_ln1118_122, 70" [firmware/nnet_utils/nnet_mult.h:73->firmware/nnet_utils/nnet_dense_latency.h:42]   --->   Operation 14 'mul' 'mul_ln1118_113' <Predicate = true> <Delay = 3.34> <Core = "MulnS">   --->   Core 17 'MulnS' <Latency = 1> <II = 1> <Delay = 3.34> <FuncUnit> <Opcode : 'mul'> <InPorts = 2> <OutPorts = 1>
ST_1 : Operation 15 [2/2] (3.34ns)   --->   "%mul_ln1118_114 = mul i23 %sext_ln1118_123, -37" [firmware/nnet_utils/nnet_mult.h:73->firmware/nnet_utils/nnet_dense_latency.h:42]   --->   Operation 15 'mul' 'mul_ln1118_114' <Predicate = true> <Delay = 3.34> <Core = "MulnS">   --->   Core 17 'MulnS' <Latency = 1> <II = 1> <Delay = 3.34> <FuncUnit> <Opcode : 'mul'> <InPorts = 2> <OutPorts = 1>
ST_1 : Operation 16 [2/2] (3.34ns)   --->   "%mul_ln1118_115 = mul i26 %sext_ln1118_121, 622" [firmware/nnet_utils/nnet_mult.h:73->firmware/nnet_utils/nnet_dense_latency.h:42]   --->   Operation 16 'mul' 'mul_ln1118_115' <Predicate = true> <Delay = 3.34> <Core = "MulnS">   --->   Core 17 'MulnS' <Latency = 1> <II = 1> <Delay = 3.34> <FuncUnit> <Opcode : 'mul'> <InPorts = 2> <OutPorts = 1>
ST_1 : Operation 17 [2/2] (3.34ns)   --->   "%mul_ln1118_116 = mul i24 %sext_ln1118_122, -121" [firmware/nnet_utils/nnet_mult.h:73->firmware/nnet_utils/nnet_dense_latency.h:42]   --->   Operation 17 'mul' 'mul_ln1118_116' <Predicate = true> <Delay = 3.34> <Core = "MulnS">   --->   Core 17 'MulnS' <Latency = 1> <II = 1> <Delay = 3.34> <FuncUnit> <Opcode : 'mul'> <InPorts = 2> <OutPorts = 1>

State 2 <SV = 1> <Delay = 3.34>
ST_2 : Operation 18 [1/1] (0.00ns)   --->   "%data_3_V_read_5 = call i16 @_ssdm_op_Read.ap_auto.i16(i16 %data_3_V_read)" [firmware/nnet_utils/nnet_dense_latency.h:13]   --->   Operation 18 'read' 'data_3_V_read_5' <Predicate = true> <Delay = 0.00>
ST_2 : Operation 19 [1/2] (3.34ns)   --->   "%mul_ln1118_113 = mul i24 %sext_ln1118_122, 70" [firmware/nnet_utils/nnet_mult.h:73->firmware/nnet_utils/nnet_dense_latency.h:42]   --->   Operation 19 'mul' 'mul_ln1118_113' <Predicate = true> <Delay = 3.34> <Core = "MulnS">   --->   Core 17 'MulnS' <Latency = 1> <II = 1> <Delay = 3.34> <FuncUnit> <Opcode : 'mul'> <InPorts = 2> <OutPorts = 1>
ST_2 : Operation 20 [1/1] (0.00ns)   --->   "%trunc_ln708_120 = call i14 @_ssdm_op_PartSelect.i14.i24.i32.i32(i24 %mul_ln1118_113, i32 10, i32 23)" [firmware/nnet_utils/nnet_dense_latency.h:42]   --->   Operation 20 'partselect' 'trunc_ln708_120' <Predicate = true> <Delay = 0.00>
ST_2 : Operation 21 [1/2] (3.34ns)   --->   "%mul_ln1118_114 = mul i23 %sext_ln1118_123, -37" [firmware/nnet_utils/nnet_mult.h:73->firmware/nnet_utils/nnet_dense_latency.h:42]   --->   Operation 21 'mul' 'mul_ln1118_114' <Predicate = true> <Delay = 3.34> <Core = "MulnS">   --->   Core 17 'MulnS' <Latency = 1> <II = 1> <Delay = 3.34> <FuncUnit> <Opcode : 'mul'> <InPorts = 2> <OutPorts = 1>
ST_2 : Operation 22 [1/1] (0.00ns)   --->   "%trunc_ln708_122 = call i13 @_ssdm_op_PartSelect.i13.i23.i32.i32(i23 %mul_ln1118_114, i32 10, i32 22)" [firmware/nnet_utils/nnet_dense_latency.h:42]   --->   Operation 22 'partselect' 'trunc_ln708_122' <Predicate = true> <Delay = 0.00>
ST_2 : Operation 23 [1/2] (3.34ns)   --->   "%mul_ln1118_115 = mul i26 %sext_ln1118_121, 622" [firmware/nnet_utils/nnet_mult.h:73->firmware/nnet_utils/nnet_dense_latency.h:42]   --->   Operation 23 'mul' 'mul_ln1118_115' <Predicate = true> <Delay = 3.34> <Core = "MulnS">   --->   Core 17 'MulnS' <Latency = 1> <II = 1> <Delay = 3.34> <FuncUnit> <Opcode : 'mul'> <InPorts = 2> <OutPorts = 1>
ST_2 : Operation 24 [1/1] (0.00ns)   --->   "%trunc_ln708_123 = call i16 @_ssdm_op_PartSelect.i16.i26.i32.i32(i26 %mul_ln1118_115, i32 10, i32 25)" [firmware/nnet_utils/nnet_dense_latency.h:42]   --->   Operation 24 'partselect' 'trunc_ln708_123' <Predicate = true> <Delay = 0.00>
ST_2 : Operation 25 [1/2] (3.34ns)   --->   "%mul_ln1118_116 = mul i24 %sext_ln1118_122, -121" [firmware/nnet_utils/nnet_mult.h:73->firmware/nnet_utils/nnet_dense_latency.h:42]   --->   Operation 25 'mul' 'mul_ln1118_116' <Predicate = true> <Delay = 3.34> <Core = "MulnS">   --->   Core 17 'MulnS' <Latency = 1> <II = 1> <Delay = 3.34> <FuncUnit> <Opcode : 'mul'> <InPorts = 2> <OutPorts = 1>
ST_2 : Operation 26 [1/1] (0.00ns)   --->   "%trunc_ln708_124 = call i14 @_ssdm_op_PartSelect.i14.i24.i32.i32(i24 %mul_ln1118_116, i32 10, i32 23)" [firmware/nnet_utils/nnet_dense_latency.h:42]   --->   Operation 26 'partselect' 'trunc_ln708_124' <Predicate = true> <Delay = 0.00>
ST_2 : Operation 27 [1/1] (0.00ns)   --->   "%sext_ln1118_128 = sext i16 %data_3_V_read_5 to i25" [firmware/nnet_utils/nnet_mult.h:73->firmware/nnet_utils/nnet_dense_latency.h:42]   --->   Operation 27 'sext' 'sext_ln1118_128' <Predicate = true> <Delay = 0.00>
ST_2 : Operation 28 [1/1] (0.00ns)   --->   "%sext_ln1118_129 = sext i16 %data_3_V_read_5 to i26" [firmware/nnet_utils/nnet_mult.h:73->firmware/nnet_utils/nnet_dense_latency.h:42]   --->   Operation 28 'sext' 'sext_ln1118_129' <Predicate = true> <Delay = 0.00>
ST_2 : Operation 29 [2/2] (3.34ns)   --->   "%mul_ln1118_119 = mul i26 %sext_ln1118_129, 704" [firmware/nnet_utils/nnet_mult.h:73->firmware/nnet_utils/nnet_dense_latency.h:42]   --->   Operation 29 'mul' 'mul_ln1118_119' <Predicate = true> <Delay = 3.34> <Core = "MulnS">   --->   Core 17 'MulnS' <Latency = 1> <II = 1> <Delay = 3.34> <FuncUnit> <Opcode : 'mul'> <InPorts = 2> <OutPorts = 1>
ST_2 : Operation 30 [1/1] (0.00ns)   --->   "%shl_ln1118_43 = call i24 @_ssdm_op_BitConcatenate.i24.i16.i8(i16 %data_3_V_read_5, i8 0)" [firmware/nnet_utils/nnet_mult.h:73->firmware/nnet_utils/nnet_dense_latency.h:42]   --->   Operation 30 'bitconcatenate' 'shl_ln1118_43' <Predicate = true> <Delay = 0.00>
ST_2 : Operation 31 [1/1] (0.00ns)   --->   "%sext_ln1118_130 = sext i24 %shl_ln1118_43 to i25" [firmware/nnet_utils/nnet_mult.h:73->firmware/nnet_utils/nnet_dense_latency.h:42]   --->   Operation 31 'sext' 'sext_ln1118_130' <Predicate = true> <Delay = 0.00>
ST_2 : Operation 32 [1/1] (0.00ns)   --->   "%shl_ln1118_44 = call i19 @_ssdm_op_BitConcatenate.i19.i16.i3(i16 %data_3_V_read_5, i3 0)" [firmware/nnet_utils/nnet_mult.h:73->firmware/nnet_utils/nnet_dense_latency.h:42]   --->   Operation 32 'bitconcatenate' 'shl_ln1118_44' <Predicate = true> <Delay = 0.00>
ST_2 : Operation 33 [1/1] (0.00ns)   --->   "%sext_ln1118_131 = sext i19 %shl_ln1118_44 to i25" [firmware/nnet_utils/nnet_mult.h:73->firmware/nnet_utils/nnet_dense_latency.h:42]   --->   Operation 33 'sext' 'sext_ln1118_131' <Predicate = true> <Delay = 0.00>
ST_2 : Operation 34 [1/1] (2.31ns)   --->   "%add_ln1118_6 = add i25 %sext_ln1118_131, %sext_ln1118_130" [firmware/nnet_utils/nnet_mult.h:73->firmware/nnet_utils/nnet_dense_latency.h:42]   --->   Operation 34 'add' 'add_ln1118_6' <Predicate = true> <Delay = 2.31> <Core = "AddSub">   --->   Core 14 'AddSub' <Latency = 0> <II = 1> <Delay = 2.07> <FuncUnit> <Opcode : 'add' 'sub'> <InPorts = 2> <OutPorts = 1>
ST_2 : Operation 35 [1/1] (0.00ns)   --->   "%trunc_ln708_128 = call i15 @_ssdm_op_PartSelect.i15.i25.i32.i32(i25 %add_ln1118_6, i32 10, i32 24)" [firmware/nnet_utils/nnet_dense_latency.h:42]   --->   Operation 35 'partselect' 'trunc_ln708_128' <Predicate = true> <Delay = 0.00>
ST_2 : Operation 36 [2/2] (3.34ns)   --->   "%mul_ln1118_120 = mul i25 %sext_ln1118_128, -164" [firmware/nnet_utils/nnet_mult.h:73->firmware/nnet_utils/nnet_dense_latency.h:42]   --->   Operation 36 'mul' 'mul_ln1118_120' <Predicate = true> <Delay = 3.34> <Core = "MulnS">   --->   Core 17 'MulnS' <Latency = 1> <II = 1> <Delay = 3.34> <FuncUnit> <Opcode : 'mul'> <InPorts = 2> <OutPorts = 1>
ST_2 : Operation 37 [2/2] (3.34ns)   --->   "%mul_ln1118_121 = mul i26 %sext_ln1118_129, 715" [firmware/nnet_utils/nnet_mult.h:73->firmware/nnet_utils/nnet_dense_latency.h:42]   --->   Operation 37 'mul' 'mul_ln1118_121' <Predicate = true> <Delay = 3.34> <Core = "MulnS">   --->   Core 17 'MulnS' <Latency = 1> <II = 1> <Delay = 3.34> <FuncUnit> <Opcode : 'mul'> <InPorts = 2> <OutPorts = 1>
ST_2 : Operation 38 [2/2] (3.34ns)   --->   "%mul_ln1118_122 = mul i26 %sext_ln1118_129, -368" [firmware/nnet_utils/nnet_mult.h:73->firmware/nnet_utils/nnet_dense_latency.h:42]   --->   Operation 38 'mul' 'mul_ln1118_122' <Predicate = true> <Delay = 3.34> <Core = "MulnS">   --->   Core 17 'MulnS' <Latency = 1> <II = 1> <Delay = 3.34> <FuncUnit> <Opcode : 'mul'> <InPorts = 2> <OutPorts = 1>

State 3 <SV = 2> <Delay = 3.90>
ST_3 : Operation 39 [1/1] (0.00ns)   --->   "%data_0_V_read_5 = call i16 @_ssdm_op_Read.ap_auto.i16(i16 %data_0_V_read)" [firmware/nnet_utils/nnet_dense_latency.h:13]   --->   Operation 39 'read' 'data_0_V_read_5' <Predicate = true> <Delay = 0.00>
ST_3 : Operation 40 [1/1] (0.00ns)   --->   "%sext_ln1118_112 = sext i16 %data_0_V_read_5 to i26" [firmware/nnet_utils/nnet_mult.h:73->firmware/nnet_utils/nnet_dense_latency.h:42]   --->   Operation 40 'sext' 'sext_ln1118_112' <Predicate = true> <Delay = 0.00>
ST_3 : Operation 41 [2/2] (3.34ns)   --->   "%mul_ln1118 = mul i26 %sext_ln1118_112, 371" [firmware/nnet_utils/nnet_mult.h:73->firmware/nnet_utils/nnet_dense_latency.h:42]   --->   Operation 41 'mul' 'mul_ln1118' <Predicate = true> <Delay = 3.34> <Core = "MulnS">   --->   Core 17 'MulnS' <Latency = 1> <II = 1> <Delay = 3.34> <FuncUnit> <Opcode : 'mul'> <InPorts = 2> <OutPorts = 1>
ST_3 : Operation 42 [1/1] (0.00ns)   --->   "%trunc_ln708_111 = call i6 @_ssdm_op_PartSelect.i6.i16.i32.i32(i16 %data_0_V_read_5, i32 10, i32 15)" [firmware/nnet_utils/nnet_dense_latency.h:42]   --->   Operation 42 'partselect' 'trunc_ln708_111' <Predicate = true> <Delay = 0.00>
ST_3 : Operation 43 [1/1] (0.00ns)   --->   "%shl_ln1118_39 = call i21 @_ssdm_op_BitConcatenate.i21.i16.i5(i16 %data_2_V_read_5, i5 0)" [firmware/nnet_utils/nnet_mult.h:73->firmware/nnet_utils/nnet_dense_latency.h:42]   --->   Operation 43 'bitconcatenate' 'shl_ln1118_39' <Predicate = true> <Delay = 0.00>
ST_3 : Operation 44 [1/1] (0.00ns)   --->   "%sext_ln1118_124 = sext i21 %shl_ln1118_39 to i22" [firmware/nnet_utils/nnet_mult.h:73->firmware/nnet_utils/nnet_dense_latency.h:42]   --->   Operation 44 'sext' 'sext_ln1118_124' <Predicate = true> <Delay = 0.00>
ST_3 : Operation 45 [1/1] (0.00ns)   --->   "%shl_ln1118_40 = call i19 @_ssdm_op_BitConcatenate.i19.i16.i3(i16 %data_2_V_read_5, i3 0)" [firmware/nnet_utils/nnet_mult.h:73->firmware/nnet_utils/nnet_dense_latency.h:42]   --->   Operation 45 'bitconcatenate' 'shl_ln1118_40' <Predicate = true> <Delay = 0.00>
ST_3 : Operation 46 [1/1] (0.00ns)   --->   "%sext_ln1118_125 = sext i19 %shl_ln1118_40 to i22" [firmware/nnet_utils/nnet_mult.h:73->firmware/nnet_utils/nnet_dense_latency.h:42]   --->   Operation 46 'sext' 'sext_ln1118_125' <Predicate = true> <Delay = 0.00>
ST_3 : Operation 47 [1/1] (2.22ns)   --->   "%add_ln1118 = add i22 %sext_ln1118_125, %sext_ln1118_124" [firmware/nnet_utils/nnet_mult.h:73->firmware/nnet_utils/nnet_dense_latency.h:42]   --->   Operation 47 'add' 'add_ln1118' <Predicate = true> <Delay = 2.22> <Core = "AddSub">   --->   Core 14 'AddSub' <Latency = 0> <II = 1> <Delay = 2.07> <FuncUnit> <Opcode : 'add' 'sub'> <InPorts = 2> <OutPorts = 1>
ST_3 : Operation 48 [1/1] (0.00ns)   --->   "%trunc_ln708_119 = call i12 @_ssdm_op_PartSelect.i12.i22.i32.i32(i22 %add_ln1118, i32 10, i32 21)" [firmware/nnet_utils/nnet_dense_latency.h:42]   --->   Operation 48 'partselect' 'trunc_ln708_119' <Predicate = true> <Delay = 0.00>
ST_3 : Operation 49 [1/1] (0.00ns)   --->   "%sext_ln708_56 = sext i14 %trunc_ln708_120 to i16" [firmware/nnet_utils/nnet_dense_latency.h:42]   --->   Operation 49 'sext' 'sext_ln708_56' <Predicate = true> <Delay = 0.00>
ST_3 : Operation 50 [1/1] (0.00ns)   --->   "%shl_ln1118_41 = call i25 @_ssdm_op_BitConcatenate.i25.i16.i9(i16 %data_2_V_read_5, i9 0)" [firmware/nnet_utils/nnet_mult.h:73->firmware/nnet_utils/nnet_dense_latency.h:42]   --->   Operation 50 'bitconcatenate' 'shl_ln1118_41' <Predicate = true> <Delay = 0.00>
ST_3 : Operation 51 [1/1] (0.00ns)   --->   "%sext_ln1118_126 = sext i25 %shl_ln1118_41 to i26" [firmware/nnet_utils/nnet_mult.h:73->firmware/nnet_utils/nnet_dense_latency.h:42]   --->   Operation 51 'sext' 'sext_ln1118_126' <Predicate = true> <Delay = 0.00>
ST_3 : Operation 52 [1/1] (0.00ns)   --->   "%shl_ln1118_42 = call i23 @_ssdm_op_BitConcatenate.i23.i16.i7(i16 %data_2_V_read_5, i7 0)" [firmware/nnet_utils/nnet_mult.h:73->firmware/nnet_utils/nnet_dense_latency.h:42]   --->   Operation 52 'bitconcatenate' 'shl_ln1118_42' <Predicate = true> <Delay = 0.00>
ST_3 : Operation 53 [1/1] (0.00ns)   --->   "%sext_ln1118_127 = sext i23 %shl_ln1118_42 to i26" [firmware/nnet_utils/nnet_mult.h:73->firmware/nnet_utils/nnet_dense_latency.h:42]   --->   Operation 53 'sext' 'sext_ln1118_127' <Predicate = true> <Delay = 0.00>
ST_3 : Operation 54 [1/1] (2.34ns)   --->   "%add_ln1118_5 = add i26 %sext_ln1118_127, %sext_ln1118_126" [firmware/nnet_utils/nnet_mult.h:73->firmware/nnet_utils/nnet_dense_latency.h:42]   --->   Operation 54 'add' 'add_ln1118_5' <Predicate = true> <Delay = 2.34> <Core = "AddSub">   --->   Core 14 'AddSub' <Latency = 0> <II = 1> <Delay = 2.07> <FuncUnit> <Opcode : 'add' 'sub'> <InPorts = 2> <OutPorts = 1>
ST_3 : Operation 55 [1/1] (0.00ns)   --->   "%trunc_ln708_121 = call i16 @_ssdm_op_PartSelect.i16.i26.i32.i32(i26 %add_ln1118_5, i32 10, i32 25)" [firmware/nnet_utils/nnet_dense_latency.h:42]   --->   Operation 55 'partselect' 'trunc_ln708_121' <Predicate = true> <Delay = 0.00>
ST_3 : Operation 56 [1/2] (3.34ns)   --->   "%mul_ln1118_119 = mul i26 %sext_ln1118_129, 704" [firmware/nnet_utils/nnet_mult.h:73->firmware/nnet_utils/nnet_dense_latency.h:42]   --->   Operation 56 'mul' 'mul_ln1118_119' <Predicate = true> <Delay = 3.34> <Core = "MulnS">   --->   Core 17 'MulnS' <Latency = 1> <II = 1> <Delay = 3.34> <FuncUnit> <Opcode : 'mul'> <InPorts = 2> <OutPorts = 1>
ST_3 : Operation 57 [1/1] (0.00ns)   --->   "%trunc_ln708_127 = call i16 @_ssdm_op_PartSelect.i16.i26.i32.i32(i26 %mul_ln1118_119, i32 10, i32 25)" [firmware/nnet_utils/nnet_dense_latency.h:42]   --->   Operation 57 'partselect' 'trunc_ln708_127' <Predicate = true> <Delay = 0.00>
ST_3 : Operation 58 [1/1] (0.00ns)   --->   "%sext_ln708_59 = sext i15 %trunc_ln708_128 to i16" [firmware/nnet_utils/nnet_dense_latency.h:42]   --->   Operation 58 'sext' 'sext_ln708_59' <Predicate = true> <Delay = 0.00>
ST_3 : Operation 59 [1/2] (3.34ns)   --->   "%mul_ln1118_120 = mul i25 %sext_ln1118_128, -164" [firmware/nnet_utils/nnet_mult.h:73->firmware/nnet_utils/nnet_dense_latency.h:42]   --->   Operation 59 'mul' 'mul_ln1118_120' <Predicate = true> <Delay = 3.34> <Core = "MulnS">   --->   Core 17 'MulnS' <Latency = 1> <II = 1> <Delay = 3.34> <FuncUnit> <Opcode : 'mul'> <InPorts = 2> <OutPorts = 1>
ST_3 : Operation 60 [1/1] (0.00ns)   --->   "%trunc_ln708_129 = call i15 @_ssdm_op_PartSelect.i15.i25.i32.i32(i25 %mul_ln1118_120, i32 10, i32 24)" [firmware/nnet_utils/nnet_dense_latency.h:42]   --->   Operation 60 'partselect' 'trunc_ln708_129' <Predicate = true> <Delay = 0.00>
ST_3 : Operation 61 [1/2] (3.34ns)   --->   "%mul_ln1118_121 = mul i26 %sext_ln1118_129, 715" [firmware/nnet_utils/nnet_mult.h:73->firmware/nnet_utils/nnet_dense_latency.h:42]   --->   Operation 61 'mul' 'mul_ln1118_121' <Predicate = true> <Delay = 3.34> <Core = "MulnS">   --->   Core 17 'MulnS' <Latency = 1> <II = 1> <Delay = 3.34> <FuncUnit> <Opcode : 'mul'> <InPorts = 2> <OutPorts = 1>
ST_3 : Operation 62 [1/1] (0.00ns)   --->   "%trunc_ln708_130 = call i16 @_ssdm_op_PartSelect.i16.i26.i32.i32(i26 %mul_ln1118_121, i32 10, i32 25)" [firmware/nnet_utils/nnet_dense_latency.h:42]   --->   Operation 62 'partselect' 'trunc_ln708_130' <Predicate = true> <Delay = 0.00>
ST_3 : Operation 63 [1/2] (3.34ns)   --->   "%mul_ln1118_122 = mul i26 %sext_ln1118_129, -368" [firmware/nnet_utils/nnet_mult.h:73->firmware/nnet_utils/nnet_dense_latency.h:42]   --->   Operation 63 'mul' 'mul_ln1118_122' <Predicate = true> <Delay = 3.34> <Core = "MulnS">   --->   Core 17 'MulnS' <Latency = 1> <II = 1> <Delay = 3.34> <FuncUnit> <Opcode : 'mul'> <InPorts = 2> <OutPorts = 1>
ST_3 : Operation 64 [1/1] (0.00ns)   --->   "%trunc_ln708_131 = call i16 @_ssdm_op_PartSelect.i16.i26.i32.i32(i26 %mul_ln1118_122, i32 10, i32 25)" [firmware/nnet_utils/nnet_dense_latency.h:42]   --->   Operation 64 'partselect' 'trunc_ln708_131' <Predicate = true> <Delay = 0.00>
ST_3 : Operation 65 [2/2] (3.34ns)   --->   "%mul_ln1118_123 = mul i26 %sext_ln1118_129, -325" [firmware/nnet_utils/nnet_mult.h:73->firmware/nnet_utils/nnet_dense_latency.h:42]   --->   Operation 65 'mul' 'mul_ln1118_123' <Predicate = true> <Delay = 3.34> <Core = "MulnS">   --->   Core 17 'MulnS' <Latency = 1> <II = 1> <Delay = 3.34> <FuncUnit> <Opcode : 'mul'> <InPorts = 2> <OutPorts = 1>
ST_3 : Operation 66 [2/2] (3.34ns)   --->   "%mul_ln1118_124 = mul i26 %sext_ln1118_129, 567" [firmware/nnet_utils/nnet_mult.h:73->firmware/nnet_utils/nnet_dense_latency.h:42]   --->   Operation 66 'mul' 'mul_ln1118_124' <Predicate = true> <Delay = 3.34> <Core = "MulnS">   --->   Core 17 'MulnS' <Latency = 1> <II = 1> <Delay = 3.34> <FuncUnit> <Opcode : 'mul'> <InPorts = 2> <OutPorts = 1>
ST_3 : Operation 67 [2/2] (3.34ns)   --->   "%mul_ln1118_125 = mul i26 %sext_ln1118_129, 331" [firmware/nnet_utils/nnet_mult.h:73->firmware/nnet_utils/nnet_dense_latency.h:42]   --->   Operation 67 'mul' 'mul_ln1118_125' <Predicate = true> <Delay = 3.34> <Core = "MulnS">   --->   Core 17 'MulnS' <Latency = 1> <II = 1> <Delay = 3.34> <FuncUnit> <Opcode : 'mul'> <InPorts = 2> <OutPorts = 1>
ST_3 : Operation 68 [1/1] (0.00ns) (grouped into TernaryAdder)   --->   "%add_ln703_147 = add i16 %sext_ln708_59, -832" [firmware/nnet_utils/nnet_dense_latency.h:58]   --->   Operation 68 'add' 'add_ln703_147' <Predicate = true> <Delay = 0.00> <Core = "TAddSub">   --->   Core 83 'TAddSub' <Latency = 0> <II = 1> <Delay = 1.95> <IPBlock> <Opcode : 'add' 'sub'> <InPorts = 3> <OutPorts = 1> <Sync> <CReg>
ST_3 : Operation 69 [1/1] (3.90ns) (root node of TernaryAdder)   --->   "%add_ln703_148 = add i16 %add_ln703_147, %sext_ln708_56" [firmware/nnet_utils/nnet_dense_latency.h:58]   --->   Operation 69 'add' 'add_ln703_148' <Predicate = true> <Delay = 3.90> <Core = "TAddSub">   --->   Core 83 'TAddSub' <Latency = 0> <II = 1> <Delay = 1.95> <IPBlock> <Opcode : 'add' 'sub'> <InPorts = 3> <OutPorts = 1> <Sync> <CReg>

State 4 <SV = 3> <Delay = 3.90>
ST_4 : Operation 70 [1/2] (3.34ns)   --->   "%mul_ln1118 = mul i26 %sext_ln1118_112, 371" [firmware/nnet_utils/nnet_mult.h:73->firmware/nnet_utils/nnet_dense_latency.h:42]   --->   Operation 70 'mul' 'mul_ln1118' <Predicate = true> <Delay = 3.34> <Core = "MulnS">   --->   Core 17 'MulnS' <Latency = 1> <II = 1> <Delay = 3.34> <FuncUnit> <Opcode : 'mul'> <InPorts = 2> <OutPorts = 1>
ST_4 : Operation 71 [1/1] (0.00ns)   --->   "%trunc_ln = call i16 @_ssdm_op_PartSelect.i16.i26.i32.i32(i26 %mul_ln1118, i32 10, i32 25)" [firmware/nnet_utils/nnet_dense_latency.h:42]   --->   Operation 71 'partselect' 'trunc_ln' <Predicate = true> <Delay = 0.00>
ST_4 : Operation 72 [2/2] (3.34ns)   --->   "%mul_ln1118_102 = mul i26 %sext_ln1118_112, 668" [firmware/nnet_utils/nnet_mult.h:73->firmware/nnet_utils/nnet_dense_latency.h:42]   --->   Operation 72 'mul' 'mul_ln1118_102' <Predicate = true> <Delay = 3.34> <Core = "MulnS">   --->   Core 17 'MulnS' <Latency = 1> <II = 1> <Delay = 3.34> <FuncUnit> <Opcode : 'mul'> <InPorts = 2> <OutPorts = 1>
ST_4 : Operation 73 [2/2] (3.34ns)   --->   "%mul_ln1118_103 = mul i26 %sext_ln1118_112, 995" [firmware/nnet_utils/nnet_mult.h:73->firmware/nnet_utils/nnet_dense_latency.h:42]   --->   Operation 73 'mul' 'mul_ln1118_103' <Predicate = true> <Delay = 3.34> <Core = "MulnS">   --->   Core 17 'MulnS' <Latency = 1> <II = 1> <Delay = 3.34> <FuncUnit> <Opcode : 'mul'> <InPorts = 2> <OutPorts = 1>
ST_4 : Operation 74 [2/2] (3.34ns)   --->   "%mul_ln1118_104 = mul i26 %sext_ln1118_112, -586" [firmware/nnet_utils/nnet_mult.h:73->firmware/nnet_utils/nnet_dense_latency.h:42]   --->   Operation 74 'mul' 'mul_ln1118_104' <Predicate = true> <Delay = 3.34> <Core = "MulnS">   --->   Core 17 'MulnS' <Latency = 1> <II = 1> <Delay = 3.34> <FuncUnit> <Opcode : 'mul'> <InPorts = 2> <OutPorts = 1>
ST_4 : Operation 75 [2/2] (3.34ns)   --->   "%mul_ln1118_105 = mul i26 %sext_ln1118_112, -442" [firmware/nnet_utils/nnet_mult.h:73->firmware/nnet_utils/nnet_dense_latency.h:42]   --->   Operation 75 'mul' 'mul_ln1118_105' <Predicate = true> <Delay = 3.34> <Core = "MulnS">   --->   Core 17 'MulnS' <Latency = 1> <II = 1> <Delay = 3.34> <FuncUnit> <Opcode : 'mul'> <InPorts = 2> <OutPorts = 1>
ST_4 : Operation 76 [1/1] (0.00ns)   --->   "%sext_ln708_55 = sext i12 %trunc_ln708_119 to i16" [firmware/nnet_utils/nnet_dense_latency.h:42]   --->   Operation 76 'sext' 'sext_ln708_55' <Predicate = true> <Delay = 0.00>
ST_4 : Operation 77 [1/1] (0.00ns)   --->   "%sext_ln708_57 = sext i13 %trunc_ln708_122 to i16" [firmware/nnet_utils/nnet_dense_latency.h:42]   --->   Operation 77 'sext' 'sext_ln708_57' <Predicate = true> <Delay = 0.00>
ST_4 : Operation 78 [1/1] (0.00ns)   --->   "%sext_ln708_60 = sext i15 %trunc_ln708_129 to i16" [firmware/nnet_utils/nnet_dense_latency.h:42]   --->   Operation 78 'sext' 'sext_ln708_60' <Predicate = true> <Delay = 0.00>
ST_4 : Operation 79 [1/2] (3.34ns)   --->   "%mul_ln1118_123 = mul i26 %sext_ln1118_129, -325" [firmware/nnet_utils/nnet_mult.h:73->firmware/nnet_utils/nnet_dense_latency.h:42]   --->   Operation 79 'mul' 'mul_ln1118_123' <Predicate = true> <Delay = 3.34> <Core = "MulnS">   --->   Core 17 'MulnS' <Latency = 1> <II = 1> <Delay = 3.34> <FuncUnit> <Opcode : 'mul'> <InPorts = 2> <OutPorts = 1>
ST_4 : Operation 80 [1/1] (0.00ns)   --->   "%trunc_ln708_132 = call i16 @_ssdm_op_PartSelect.i16.i26.i32.i32(i26 %mul_ln1118_123, i32 10, i32 25)" [firmware/nnet_utils/nnet_dense_latency.h:42]   --->   Operation 80 'partselect' 'trunc_ln708_132' <Predicate = true> <Delay = 0.00>
ST_4 : Operation 81 [1/2] (3.34ns)   --->   "%mul_ln1118_124 = mul i26 %sext_ln1118_129, 567" [firmware/nnet_utils/nnet_mult.h:73->firmware/nnet_utils/nnet_dense_latency.h:42]   --->   Operation 81 'mul' 'mul_ln1118_124' <Predicate = true> <Delay = 3.34> <Core = "MulnS">   --->   Core 17 'MulnS' <Latency = 1> <II = 1> <Delay = 3.34> <FuncUnit> <Opcode : 'mul'> <InPorts = 2> <OutPorts = 1>
ST_4 : Operation 82 [1/1] (0.00ns)   --->   "%trunc_ln708_133 = call i16 @_ssdm_op_PartSelect.i16.i26.i32.i32(i26 %mul_ln1118_124, i32 10, i32 25)" [firmware/nnet_utils/nnet_dense_latency.h:42]   --->   Operation 82 'partselect' 'trunc_ln708_133' <Predicate = true> <Delay = 0.00>
ST_4 : Operation 83 [1/2] (3.34ns)   --->   "%mul_ln1118_125 = mul i26 %sext_ln1118_129, 331" [firmware/nnet_utils/nnet_mult.h:73->firmware/nnet_utils/nnet_dense_latency.h:42]   --->   Operation 83 'mul' 'mul_ln1118_125' <Predicate = true> <Delay = 3.34> <Core = "MulnS">   --->   Core 17 'MulnS' <Latency = 1> <II = 1> <Delay = 3.34> <FuncUnit> <Opcode : 'mul'> <InPorts = 2> <OutPorts = 1>
ST_4 : Operation 84 [1/1] (0.00ns)   --->   "%trunc_ln708_134 = call i16 @_ssdm_op_PartSelect.i16.i26.i32.i32(i26 %mul_ln1118_125, i32 10, i32 25)" [firmware/nnet_utils/nnet_dense_latency.h:42]   --->   Operation 84 'partselect' 'trunc_ln708_134' <Predicate = true> <Delay = 0.00>
ST_4 : Operation 85 [1/1] (0.00ns) (grouped into TernaryAdder)   --->   "%add_ln703_143 = add i16 %trunc_ln708_127, 320" [firmware/nnet_utils/nnet_dense_latency.h:58]   --->   Operation 85 'add' 'add_ln703_143' <Predicate = true> <Delay = 0.00> <Core = "TAddSub">   --->   Core 83 'TAddSub' <Latency = 0> <II = 1> <Delay = 1.95> <IPBlock> <Opcode : 'add' 'sub'> <InPorts = 3> <OutPorts = 1> <Sync> <CReg>
ST_4 : Operation 86 [1/1] (3.90ns) (root node of TernaryAdder)   --->   "%add_ln703_144 = add i16 %add_ln703_143, %sext_ln708_55" [firmware/nnet_utils/nnet_dense_latency.h:58]   --->   Operation 86 'add' 'add_ln703_144' <Predicate = true> <Delay = 3.90> <Core = "TAddSub">   --->   Core 83 'TAddSub' <Latency = 0> <II = 1> <Delay = 1.95> <IPBlock> <Opcode : 'add' 'sub'> <InPorts = 3> <OutPorts = 1> <Sync> <CReg>
ST_4 : Operation 87 [1/1] (0.00ns) (grouped into TernaryAdder)   --->   "%add_ln703_151 = add i16 %sext_ln708_60, 89" [firmware/nnet_utils/nnet_dense_latency.h:58]   --->   Operation 87 'add' 'add_ln703_151' <Predicate = true> <Delay = 0.00> <Core = "TAddSub">   --->   Core 83 'TAddSub' <Latency = 0> <II = 1> <Delay = 1.95> <IPBlock> <Opcode : 'add' 'sub'> <InPorts = 3> <OutPorts = 1> <Sync> <CReg>
ST_4 : Operation 88 [1/1] (3.90ns) (root node of TernaryAdder)   --->   "%add_ln703_152 = add i16 %add_ln703_151, %trunc_ln708_121" [firmware/nnet_utils/nnet_dense_latency.h:58]   --->   Operation 88 'add' 'add_ln703_152' <Predicate = true> <Delay = 3.90> <Core = "TAddSub">   --->   Core 83 'TAddSub' <Latency = 0> <II = 1> <Delay = 1.95> <IPBlock> <Opcode : 'add' 'sub'> <InPorts = 3> <OutPorts = 1> <Sync> <CReg>
ST_4 : Operation 89 [1/1] (0.00ns) (grouped into TernaryAdder)   --->   "%add_ln703_155 = add i16 %trunc_ln708_130, -1025" [firmware/nnet_utils/nnet_dense_latency.h:58]   --->   Operation 89 'add' 'add_ln703_155' <Predicate = true> <Delay = 0.00> <Core = "TAddSub">   --->   Core 83 'TAddSub' <Latency = 0> <II = 1> <Delay = 1.95> <IPBlock> <Opcode : 'add' 'sub'> <InPorts = 3> <OutPorts = 1> <Sync> <CReg>
ST_4 : Operation 90 [1/1] (3.90ns) (root node of TernaryAdder)   --->   "%add_ln703_156 = add i16 %add_ln703_155, %sext_ln708_57" [firmware/nnet_utils/nnet_dense_latency.h:58]   --->   Operation 90 'add' 'add_ln703_156' <Predicate = true> <Delay = 3.90> <Core = "TAddSub">   --->   Core 83 'TAddSub' <Latency = 0> <II = 1> <Delay = 1.95> <IPBlock> <Opcode : 'add' 'sub'> <InPorts = 3> <OutPorts = 1> <Sync> <CReg>
ST_4 : Operation 91 [1/1] (0.00ns) (grouped into TernaryAdder)   --->   "%add_ln703_159 = add i16 %trunc_ln708_131, 382" [firmware/nnet_utils/nnet_dense_latency.h:58]   --->   Operation 91 'add' 'add_ln703_159' <Predicate = true> <Delay = 0.00> <Core = "TAddSub">   --->   Core 83 'TAddSub' <Latency = 0> <II = 1> <Delay = 1.95> <IPBlock> <Opcode : 'add' 'sub'> <InPorts = 3> <OutPorts = 1> <Sync> <CReg>
ST_4 : Operation 92 [1/1] (3.90ns) (root node of TernaryAdder)   --->   "%add_ln703_160 = add i16 %add_ln703_159, %trunc_ln708_123" [firmware/nnet_utils/nnet_dense_latency.h:58]   --->   Operation 92 'add' 'add_ln703_160' <Predicate = true> <Delay = 3.90> <Core = "TAddSub">   --->   Core 83 'TAddSub' <Latency = 0> <II = 1> <Delay = 1.95> <IPBlock> <Opcode : 'add' 'sub'> <InPorts = 3> <OutPorts = 1> <Sync> <CReg>

State 5 <SV = 4> <Delay = 4.10>
ST_5 : Operation 93 [1/1] (0.00ns)   --->   "%data_1_V_read_5 = call i16 @_ssdm_op_Read.ap_auto.i16(i16 %data_1_V_read)" [firmware/nnet_utils/nnet_dense_latency.h:13]   --->   Operation 93 'read' 'data_1_V_read_5' <Predicate = true> <Delay = 0.00>
ST_5 : Operation 94 [1/1] (0.00ns)   --->   "%sext_ln1118 = sext i16 %data_0_V_read_5 to i25" [firmware/nnet_utils/nnet_mult.h:73->firmware/nnet_utils/nnet_dense_latency.h:42]   --->   Operation 94 'sext' 'sext_ln1118' <Predicate = true> <Delay = 0.00>
ST_5 : Operation 95 [1/2] (3.34ns)   --->   "%mul_ln1118_102 = mul i26 %sext_ln1118_112, 668" [firmware/nnet_utils/nnet_mult.h:73->firmware/nnet_utils/nnet_dense_latency.h:42]   --->   Operation 95 'mul' 'mul_ln1118_102' <Predicate = true> <Delay = 3.34> <Core = "MulnS">   --->   Core 17 'MulnS' <Latency = 1> <II = 1> <Delay = 3.34> <FuncUnit> <Opcode : 'mul'> <InPorts = 2> <OutPorts = 1>
ST_5 : Operation 96 [1/1] (0.00ns)   --->   "%trunc_ln708_s = call i16 @_ssdm_op_PartSelect.i16.i26.i32.i32(i26 %mul_ln1118_102, i32 10, i32 25)" [firmware/nnet_utils/nnet_dense_latency.h:42]   --->   Operation 96 'partselect' 'trunc_ln708_s' <Predicate = true> <Delay = 0.00>
ST_5 : Operation 97 [1/2] (3.34ns)   --->   "%mul_ln1118_103 = mul i26 %sext_ln1118_112, 995" [firmware/nnet_utils/nnet_mult.h:73->firmware/nnet_utils/nnet_dense_latency.h:42]   --->   Operation 97 'mul' 'mul_ln1118_103' <Predicate = true> <Delay = 3.34> <Core = "MulnS">   --->   Core 17 'MulnS' <Latency = 1> <II = 1> <Delay = 3.34> <FuncUnit> <Opcode : 'mul'> <InPorts = 2> <OutPorts = 1>
ST_5 : Operation 98 [1/1] (0.00ns)   --->   "%trunc_ln708_107 = call i16 @_ssdm_op_PartSelect.i16.i26.i32.i32(i26 %mul_ln1118_103, i32 10, i32 25)" [firmware/nnet_utils/nnet_dense_latency.h:42]   --->   Operation 98 'partselect' 'trunc_ln708_107' <Predicate = true> <Delay = 0.00>
ST_5 : Operation 99 [1/2] (3.34ns)   --->   "%mul_ln1118_104 = mul i26 %sext_ln1118_112, -586" [firmware/nnet_utils/nnet_mult.h:73->firmware/nnet_utils/nnet_dense_latency.h:42]   --->   Operation 99 'mul' 'mul_ln1118_104' <Predicate = true> <Delay = 3.34> <Core = "MulnS">   --->   Core 17 'MulnS' <Latency = 1> <II = 1> <Delay = 3.34> <FuncUnit> <Opcode : 'mul'> <InPorts = 2> <OutPorts = 1>
ST_5 : Operation 100 [1/1] (0.00ns)   --->   "%trunc_ln708_108 = call i16 @_ssdm_op_PartSelect.i16.i26.i32.i32(i26 %mul_ln1118_104, i32 10, i32 25)" [firmware/nnet_utils/nnet_dense_latency.h:42]   --->   Operation 100 'partselect' 'trunc_ln708_108' <Predicate = true> <Delay = 0.00>
ST_5 : Operation 101 [1/2] (3.34ns)   --->   "%mul_ln1118_105 = mul i26 %sext_ln1118_112, -442" [firmware/nnet_utils/nnet_mult.h:73->firmware/nnet_utils/nnet_dense_latency.h:42]   --->   Operation 101 'mul' 'mul_ln1118_105' <Predicate = true> <Delay = 3.34> <Core = "MulnS">   --->   Core 17 'MulnS' <Latency = 1> <II = 1> <Delay = 3.34> <FuncUnit> <Opcode : 'mul'> <InPorts = 2> <OutPorts = 1>
ST_5 : Operation 102 [1/1] (0.00ns)   --->   "%trunc_ln708_109 = call i16 @_ssdm_op_PartSelect.i16.i26.i32.i32(i26 %mul_ln1118_105, i32 10, i32 25)" [firmware/nnet_utils/nnet_dense_latency.h:42]   --->   Operation 102 'partselect' 'trunc_ln708_109' <Predicate = true> <Delay = 0.00>
ST_5 : Operation 103 [2/2] (3.34ns)   --->   "%mul_ln1118_106 = mul i25 %sext_ln1118, 151" [firmware/nnet_utils/nnet_mult.h:73->firmware/nnet_utils/nnet_dense_latency.h:42]   --->   Operation 103 'mul' 'mul_ln1118_106' <Predicate = true> <Delay = 3.34> <Core = "MulnS">   --->   Core 17 'MulnS' <Latency = 1> <II = 1> <Delay = 3.34> <FuncUnit> <Opcode : 'mul'> <InPorts = 2> <OutPorts = 1>
ST_5 : Operation 104 [1/1] (0.00ns)   --->   "%shl_ln = call i22 @_ssdm_op_BitConcatenate.i22.i16.i6(i16 %data_0_V_read_5, i6 0)" [firmware/nnet_utils/nnet_mult.h:73->firmware/nnet_utils/nnet_dense_latency.h:42]   --->   Operation 104 'bitconcatenate' 'shl_ln' <Predicate = true> <Delay = 0.00>
ST_5 : Operation 105 [1/1] (0.00ns)   --->   "%sext_ln1118_113 = sext i22 %shl_ln to i23" [firmware/nnet_utils/nnet_mult.h:73->firmware/nnet_utils/nnet_dense_latency.h:42]   --->   Operation 105 'sext' 'sext_ln1118_113' <Predicate = true> <Delay = 0.00>
ST_5 : Operation 106 [1/1] (0.00ns)   --->   "%shl_ln1118_s = call i18 @_ssdm_op_BitConcatenate.i18.i16.i2(i16 %data_0_V_read_5, i2 0)" [firmware/nnet_utils/nnet_mult.h:73->firmware/nnet_utils/nnet_dense_latency.h:42]   --->   Operation 106 'bitconcatenate' 'shl_ln1118_s' <Predicate = true> <Delay = 0.00>
ST_5 : Operation 107 [1/1] (0.00ns)   --->   "%sext_ln1118_114 = sext i18 %shl_ln1118_s to i23" [firmware/nnet_utils/nnet_mult.h:73->firmware/nnet_utils/nnet_dense_latency.h:42]   --->   Operation 107 'sext' 'sext_ln1118_114' <Predicate = true> <Delay = 0.00>
ST_5 : Operation 108 [1/1] (2.25ns)   --->   "%sub_ln1118 = sub i23 %sext_ln1118_114, %sext_ln1118_113" [firmware/nnet_utils/nnet_mult.h:73->firmware/nnet_utils/nnet_dense_latency.h:42]   --->   Operation 108 'sub' 'sub_ln1118' <Predicate = true> <Delay = 2.25> <Core = "AddSub">   --->   Core 14 'AddSub' <Latency = 0> <II = 1> <Delay = 2.07> <FuncUnit> <Opcode : 'add' 'sub'> <InPorts = 2> <OutPorts = 1>
ST_5 : Operation 109 [1/1] (0.00ns)   --->   "%tmp = call i13 @_ssdm_op_PartSelect.i13.i23.i32.i32(i23 %sub_ln1118, i32 10, i32 22)" [firmware/nnet_utils/nnet_dense_latency.h:42]   --->   Operation 109 'partselect' 'tmp' <Predicate = true> <Delay = 0.00>
ST_5 : Operation 110 [1/1] (0.00ns)   --->   "%sext_ln1116 = sext i6 %trunc_ln708_111 to i10" [firmware/nnet_utils/nnet_mult.h:73->firmware/nnet_utils/nnet_dense_latency.h:42]   --->   Operation 110 'sext' 'sext_ln1116' <Predicate = true> <Delay = 0.00>
ST_5 : Operation 111 [1/1] (0.00ns)   --->   "%sext_ln1118_115 = sext i16 %data_1_V_read_5 to i24" [firmware/nnet_utils/nnet_mult.h:73->firmware/nnet_utils/nnet_dense_latency.h:42]   --->   Operation 111 'sext' 'sext_ln1118_115' <Predicate = true> <Delay = 0.00>
ST_5 : Operation 112 [1/1] (0.00ns)   --->   "%sext_ln1118_116 = sext i16 %data_1_V_read_5 to i26" [firmware/nnet_utils/nnet_mult.h:73->firmware/nnet_utils/nnet_dense_latency.h:42]   --->   Operation 112 'sext' 'sext_ln1118_116' <Predicate = true> <Delay = 0.00>
ST_5 : Operation 113 [1/1] (0.00ns)   --->   "%sext_ln1118_117 = sext i16 %data_1_V_read_5 to i23" [firmware/nnet_utils/nnet_mult.h:73->firmware/nnet_utils/nnet_dense_latency.h:42]   --->   Operation 113 'sext' 'sext_ln1118_117' <Predicate = true> <Delay = 0.00>
ST_5 : Operation 114 [2/2] (3.34ns)   --->   "%mul_ln1118_107 = mul i26 %sext_ln1118_116, -677" [firmware/nnet_utils/nnet_mult.h:73->firmware/nnet_utils/nnet_dense_latency.h:42]   --->   Operation 114 'mul' 'mul_ln1118_107' <Predicate = true> <Delay = 3.34> <Core = "MulnS">   --->   Core 17 'MulnS' <Latency = 1> <II = 1> <Delay = 3.34> <FuncUnit> <Opcode : 'mul'> <InPorts = 2> <OutPorts = 1>
ST_5 : Operation 115 [2/2] (3.34ns)   --->   "%mul_ln1118_108 = mul i24 %sext_ln1118_115, 118" [firmware/nnet_utils/nnet_mult.h:73->firmware/nnet_utils/nnet_dense_latency.h:42]   --->   Operation 115 'mul' 'mul_ln1118_108' <Predicate = true> <Delay = 3.34> <Core = "MulnS">   --->   Core 17 'MulnS' <Latency = 1> <II = 1> <Delay = 3.34> <FuncUnit> <Opcode : 'mul'> <InPorts = 2> <OutPorts = 1>
ST_5 : Operation 116 [2/2] (3.34ns)   --->   "%mul_ln1118_109 = mul i24 %sext_ln1118_115, -104" [firmware/nnet_utils/nnet_mult.h:73->firmware/nnet_utils/nnet_dense_latency.h:42]   --->   Operation 116 'mul' 'mul_ln1118_109' <Predicate = true> <Delay = 3.34> <Core = "MulnS">   --->   Core 17 'MulnS' <Latency = 1> <II = 1> <Delay = 3.34> <FuncUnit> <Opcode : 'mul'> <InPorts = 2> <OutPorts = 1>
ST_5 : Operation 117 [1/1] (0.00ns)   --->   "%shl_ln1118_37 = call i25 @_ssdm_op_BitConcatenate.i25.i16.i9(i16 %data_1_V_read_5, i9 0)" [firmware/nnet_utils/nnet_mult.h:73->firmware/nnet_utils/nnet_dense_latency.h:42]   --->   Operation 117 'bitconcatenate' 'shl_ln1118_37' <Predicate = true> <Delay = 0.00>
ST_5 : Operation 118 [1/1] (0.00ns)   --->   "%sext_ln1118_118 = sext i25 %shl_ln1118_37 to i26" [firmware/nnet_utils/nnet_mult.h:73->firmware/nnet_utils/nnet_dense_latency.h:42]   --->   Operation 118 'sext' 'sext_ln1118_118' <Predicate = true> <Delay = 0.00>
ST_5 : Operation 119 [1/1] (0.00ns)   --->   "%shl_ln1118_38 = call i22 @_ssdm_op_BitConcatenate.i22.i16.i6(i16 %data_1_V_read_5, i6 0)" [firmware/nnet_utils/nnet_mult.h:73->firmware/nnet_utils/nnet_dense_latency.h:42]   --->   Operation 119 'bitconcatenate' 'shl_ln1118_38' <Predicate = true> <Delay = 0.00>
ST_5 : Operation 120 [1/1] (0.00ns)   --->   "%sext_ln1118_119 = sext i22 %shl_ln1118_38 to i23" [firmware/nnet_utils/nnet_mult.h:73->firmware/nnet_utils/nnet_dense_latency.h:42]   --->   Operation 120 'sext' 'sext_ln1118_119' <Predicate = true> <Delay = 0.00>
ST_5 : Operation 121 [1/1] (0.00ns)   --->   "%sext_ln1118_120 = sext i22 %shl_ln1118_38 to i26" [firmware/nnet_utils/nnet_mult.h:73->firmware/nnet_utils/nnet_dense_latency.h:42]   --->   Operation 121 'sext' 'sext_ln1118_120' <Predicate = true> <Delay = 0.00>
ST_5 : Operation 122 [1/1] (2.34ns)   --->   "%sub_ln1118_35 = sub i26 %sext_ln1118_118, %sext_ln1118_120" [firmware/nnet_utils/nnet_mult.h:73->firmware/nnet_utils/nnet_dense_latency.h:42]   --->   Operation 122 'sub' 'sub_ln1118_35' <Predicate = true> <Delay = 2.34> <Core = "AddSub">   --->   Core 14 'AddSub' <Latency = 0> <II = 1> <Delay = 2.07> <FuncUnit> <Opcode : 'add' 'sub'> <InPorts = 2> <OutPorts = 1>
ST_5 : Operation 123 [1/1] (0.00ns)   --->   "%trunc_ln708_115 = call i16 @_ssdm_op_PartSelect.i16.i26.i32.i32(i26 %sub_ln1118_35, i32 10, i32 25)" [firmware/nnet_utils/nnet_dense_latency.h:42]   --->   Operation 123 'partselect' 'trunc_ln708_115' <Predicate = true> <Delay = 0.00>
ST_5 : Operation 124 [1/1] (0.00ns) (grouped into TernaryAdder)   --->   "%sub_ln1118_36 = sub i23 0, %sext_ln1118_119" [firmware/nnet_utils/nnet_mult.h:73->firmware/nnet_utils/nnet_dense_latency.h:42]   --->   Operation 124 'sub' 'sub_ln1118_36' <Predicate = true> <Delay = 0.00> <Core = "TAddSub">   --->   Core 83 'TAddSub' <Latency = 0> <II = 1> <Delay = 1.95> <IPBlock> <Opcode : 'add' 'sub'> <InPorts = 3> <OutPorts = 1> <Sync> <CReg>
ST_5 : Operation 125 [1/1] (4.10ns) (root node of TernaryAdder)   --->   "%sub_ln1118_37 = sub i23 %sub_ln1118_36, %sext_ln1118_117" [firmware/nnet_utils/nnet_mult.h:73->firmware/nnet_utils/nnet_dense_latency.h:42]   --->   Operation 125 'sub' 'sub_ln1118_37' <Predicate = true> <Delay = 4.10> <Core = "TAddSub">   --->   Core 83 'TAddSub' <Latency = 0> <II = 1> <Delay = 1.95> <IPBlock> <Opcode : 'add' 'sub'> <InPorts = 3> <OutPorts = 1> <Sync> <CReg>
ST_5 : Operation 126 [1/1] (0.00ns)   --->   "%tmp_44 = call i13 @_ssdm_op_PartSelect.i13.i23.i32.i32(i23 %sub_ln1118_37, i32 10, i32 22)" [firmware/nnet_utils/nnet_mult.h:73->firmware/nnet_utils/nnet_dense_latency.h:42]   --->   Operation 126 'partselect' 'tmp_44' <Predicate = true> <Delay = 0.00>
ST_5 : Operation 127 [1/1] (0.00ns)   --->   "%sext_ln708_58 = sext i14 %trunc_ln708_124 to i16" [firmware/nnet_utils/nnet_dense_latency.h:42]   --->   Operation 127 'sext' 'sext_ln708_58' <Predicate = true> <Delay = 0.00>
ST_5 : Operation 128 [1/1] (0.00ns) (grouped into TernaryAdder)   --->   "%add_ln703_163 = add i16 %trunc_ln708_132, 630" [firmware/nnet_utils/nnet_dense_latency.h:58]   --->   Operation 128 'add' 'add_ln703_163' <Predicate = true> <Delay = 0.00> <Core = "TAddSub">   --->   Core 83 'TAddSub' <Latency = 0> <II = 1> <Delay = 1.95> <IPBlock> <Opcode : 'add' 'sub'> <InPorts = 3> <OutPorts = 1> <Sync> <CReg>
ST_5 : Operation 129 [1/1] (3.90ns) (root node of TernaryAdder)   --->   "%add_ln703_164 = add i16 %add_ln703_163, %sext_ln708_58" [firmware/nnet_utils/nnet_dense_latency.h:58]   --->   Operation 129 'add' 'add_ln703_164' <Predicate = true> <Delay = 3.90> <Core = "TAddSub">   --->   Core 83 'TAddSub' <Latency = 0> <II = 1> <Delay = 1.95> <IPBlock> <Opcode : 'add' 'sub'> <InPorts = 3> <OutPorts = 1> <Sync> <CReg>
ST_5 : Operation 130 [1/1] (1.82ns)   --->   "%add_ln703_171 = add i10 %sext_ln1116, -246" [firmware/nnet_utils/nnet_dense_latency.h:58]   --->   Operation 130 'add' 'add_ln703_171' <Predicate = true> <Delay = 1.82> <Core = "AddSub">   --->   Core 14 'AddSub' <Latency = 0> <II = 1> <Delay = 2.07> <FuncUnit> <Opcode : 'add' 'sub'> <InPorts = 2> <OutPorts = 1>
ST_5 : Operation 131 [1/1] (0.00ns)   --->   "%sext_ln703 = sext i10 %add_ln703_171 to i16" [firmware/nnet_utils/nnet_dense_latency.h:58]   --->   Operation 131 'sext' 'sext_ln703' <Predicate = true> <Delay = 0.00>
ST_5 : Operation 132 [1/1] (2.07ns)   --->   "%add_ln703_172 = add i16 %sext_ln703, %trunc_ln708_134" [firmware/nnet_utils/nnet_dense_latency.h:58]   --->   Operation 132 'add' 'add_ln703_172' <Predicate = true> <Delay = 2.07> <Core = "AddSub">   --->   Core 14 'AddSub' <Latency = 0> <II = 1> <Delay = 2.07> <FuncUnit> <Opcode : 'add' 'sub'> <InPorts = 2> <OutPorts = 1>

State 6 <SV = 5> <Delay = 3.90>
ST_6 : Operation 133 [1/2] (3.34ns)   --->   "%mul_ln1118_106 = mul i25 %sext_ln1118, 151" [firmware/nnet_utils/nnet_mult.h:73->firmware/nnet_utils/nnet_dense_latency.h:42]   --->   Operation 133 'mul' 'mul_ln1118_106' <Predicate = true> <Delay = 3.34> <Core = "MulnS">   --->   Core 17 'MulnS' <Latency = 1> <II = 1> <Delay = 3.34> <FuncUnit> <Opcode : 'mul'> <InPorts = 2> <OutPorts = 1>
ST_6 : Operation 134 [1/1] (0.00ns)   --->   "%trunc_ln708_110 = call i15 @_ssdm_op_PartSelect.i15.i25.i32.i32(i25 %mul_ln1118_106, i32 10, i32 24)" [firmware/nnet_utils/nnet_dense_latency.h:42]   --->   Operation 134 'partselect' 'trunc_ln708_110' <Predicate = true> <Delay = 0.00>
ST_6 : Operation 135 [1/1] (0.00ns)   --->   "%sext_ln708_52 = sext i13 %tmp to i14" [firmware/nnet_utils/nnet_dense_latency.h:42]   --->   Operation 135 'sext' 'sext_ln708_52' <Predicate = true> <Delay = 0.00>
ST_6 : Operation 136 [1/2] (3.34ns)   --->   "%mul_ln1118_107 = mul i26 %sext_ln1118_116, -677" [firmware/nnet_utils/nnet_mult.h:73->firmware/nnet_utils/nnet_dense_latency.h:42]   --->   Operation 136 'mul' 'mul_ln1118_107' <Predicate = true> <Delay = 3.34> <Core = "MulnS">   --->   Core 17 'MulnS' <Latency = 1> <II = 1> <Delay = 3.34> <FuncUnit> <Opcode : 'mul'> <InPorts = 2> <OutPorts = 1>
ST_6 : Operation 137 [1/1] (0.00ns)   --->   "%trunc_ln708_112 = call i16 @_ssdm_op_PartSelect.i16.i26.i32.i32(i26 %mul_ln1118_107, i32 10, i32 25)" [firmware/nnet_utils/nnet_dense_latency.h:42]   --->   Operation 137 'partselect' 'trunc_ln708_112' <Predicate = true> <Delay = 0.00>
ST_6 : Operation 138 [1/2] (3.34ns)   --->   "%mul_ln1118_108 = mul i24 %sext_ln1118_115, 118" [firmware/nnet_utils/nnet_mult.h:73->firmware/nnet_utils/nnet_dense_latency.h:42]   --->   Operation 138 'mul' 'mul_ln1118_108' <Predicate = true> <Delay = 3.34> <Core = "MulnS">   --->   Core 17 'MulnS' <Latency = 1> <II = 1> <Delay = 3.34> <FuncUnit> <Opcode : 'mul'> <InPorts = 2> <OutPorts = 1>
ST_6 : Operation 139 [1/1] (0.00ns)   --->   "%trunc_ln708_113 = call i14 @_ssdm_op_PartSelect.i14.i24.i32.i32(i24 %mul_ln1118_108, i32 10, i32 23)" [firmware/nnet_utils/nnet_dense_latency.h:42]   --->   Operation 139 'partselect' 'trunc_ln708_113' <Predicate = true> <Delay = 0.00>
ST_6 : Operation 140 [1/2] (3.34ns)   --->   "%mul_ln1118_109 = mul i24 %sext_ln1118_115, -104" [firmware/nnet_utils/nnet_mult.h:73->firmware/nnet_utils/nnet_dense_latency.h:42]   --->   Operation 140 'mul' 'mul_ln1118_109' <Predicate = true> <Delay = 3.34> <Core = "MulnS">   --->   Core 17 'MulnS' <Latency = 1> <II = 1> <Delay = 3.34> <FuncUnit> <Opcode : 'mul'> <InPorts = 2> <OutPorts = 1>
ST_6 : Operation 141 [1/1] (0.00ns)   --->   "%trunc_ln708_114 = call i14 @_ssdm_op_PartSelect.i14.i24.i32.i32(i24 %mul_ln1118_109, i32 10, i32 23)" [firmware/nnet_utils/nnet_dense_latency.h:42]   --->   Operation 141 'partselect' 'trunc_ln708_114' <Predicate = true> <Delay = 0.00>
ST_6 : Operation 142 [2/2] (3.34ns)   --->   "%mul_ln1118_110 = mul i26 %sext_ln1118_116, 605" [firmware/nnet_utils/nnet_mult.h:73->firmware/nnet_utils/nnet_dense_latency.h:42]   --->   Operation 142 'mul' 'mul_ln1118_110' <Predicate = true> <Delay = 3.34> <Core = "MulnS">   --->   Core 17 'MulnS' <Latency = 1> <II = 1> <Delay = 3.34> <FuncUnit> <Opcode : 'mul'> <InPorts = 2> <OutPorts = 1>
ST_6 : Operation 143 [2/2] (3.34ns)   --->   "%mul_ln1118_111 = mul i26 %sext_ln1118_116, 359" [firmware/nnet_utils/nnet_mult.h:73->firmware/nnet_utils/nnet_dense_latency.h:42]   --->   Operation 143 'mul' 'mul_ln1118_111' <Predicate = true> <Delay = 3.34> <Core = "MulnS">   --->   Core 17 'MulnS' <Latency = 1> <II = 1> <Delay = 3.34> <FuncUnit> <Opcode : 'mul'> <InPorts = 2> <OutPorts = 1>
ST_6 : Operation 144 [1/1] (0.00ns)   --->   "%sext_ln1118_132 = sext i13 %tmp_44 to i14" [firmware/nnet_utils/nnet_mult.h:73->firmware/nnet_utils/nnet_dense_latency.h:42]   --->   Operation 144 'sext' 'sext_ln1118_132' <Predicate = true> <Delay = 0.00>
ST_6 : Operation 145 [2/2] (3.34ns)   --->   "%mul_ln1118_112 = mul i26 %sext_ln1118_116, 732" [firmware/nnet_utils/nnet_mult.h:73->firmware/nnet_utils/nnet_dense_latency.h:42]   --->   Operation 145 'mul' 'mul_ln1118_112' <Predicate = true> <Delay = 3.34> <Core = "MulnS">   --->   Core 17 'MulnS' <Latency = 1> <II = 1> <Delay = 3.34> <FuncUnit> <Opcode : 'mul'> <InPorts = 2> <OutPorts = 1>
ST_6 : Operation 146 [2/2] (3.34ns)   --->   "%mul_ln1118_117 = mul i26 %sext_ln1118_121, -483" [firmware/nnet_utils/nnet_mult.h:73->firmware/nnet_utils/nnet_dense_latency.h:42]   --->   Operation 146 'mul' 'mul_ln1118_117' <Predicate = true> <Delay = 3.34> <Core = "MulnS">   --->   Core 17 'MulnS' <Latency = 1> <II = 1> <Delay = 3.34> <FuncUnit> <Opcode : 'mul'> <InPorts = 2> <OutPorts = 1>
ST_6 : Operation 147 [1/1] (0.00ns) (grouped into TernaryAdder)   --->   "%add_ln703_154 = add i16 %trunc_ln708_108, %trunc_ln708_115" [firmware/nnet_utils/nnet_dense_latency.h:58]   --->   Operation 147 'add' 'add_ln703_154' <Predicate = true> <Delay = 0.00> <Core = "TAddSub">   --->   Core 83 'TAddSub' <Latency = 0> <II = 1> <Delay = 1.95> <IPBlock> <Opcode : 'add' 'sub'> <InPorts = 3> <OutPorts = 1> <Sync> <CReg>
ST_6 : Operation 148 [1/1] (3.90ns) (root node of TernaryAdder)   --->   "%acc_3_V = add i16 %add_ln703_156, %add_ln703_154" [firmware/nnet_utils/nnet_dense_latency.h:58]   --->   Operation 148 'add' 'acc_3_V' <Predicate = true> <Delay = 3.90> <Core = "TAddSub">   --->   Core 83 'TAddSub' <Latency = 0> <II = 1> <Delay = 1.95> <IPBlock> <Opcode : 'add' 'sub'> <InPorts = 3> <OutPorts = 1> <Sync> <CReg>
ST_6 : Operation 149 [1/1] (1.67ns)   --->   "%add_ln703_166 = add i14 %sext_ln708_52, %sext_ln1118_132" [firmware/nnet_utils/nnet_dense_latency.h:58]   --->   Operation 149 'add' 'add_ln703_166' <Predicate = true> <Delay = 1.67> <Core = "AddSub">   --->   Core 14 'AddSub' <Latency = 0> <II = 1> <Delay = 2.07> <FuncUnit> <Opcode : 'add' 'sub'> <InPorts = 2> <OutPorts = 1>

State 7 <SV = 6> <Delay = 3.90>
ST_7 : Operation 150 [1/1] (0.00ns)   --->   "%sext_ln708_53 = sext i14 %trunc_ln708_113 to i16" [firmware/nnet_utils/nnet_dense_latency.h:42]   --->   Operation 150 'sext' 'sext_ln708_53' <Predicate = true> <Delay = 0.00>
ST_7 : Operation 151 [1/1] (0.00ns)   --->   "%sext_ln708_54 = sext i14 %trunc_ln708_114 to i16" [firmware/nnet_utils/nnet_dense_latency.h:42]   --->   Operation 151 'sext' 'sext_ln708_54' <Predicate = true> <Delay = 0.00>
ST_7 : Operation 152 [1/2] (3.34ns)   --->   "%mul_ln1118_110 = mul i26 %sext_ln1118_116, 605" [firmware/nnet_utils/nnet_mult.h:73->firmware/nnet_utils/nnet_dense_latency.h:42]   --->   Operation 152 'mul' 'mul_ln1118_110' <Predicate = true> <Delay = 3.34> <Core = "MulnS">   --->   Core 17 'MulnS' <Latency = 1> <II = 1> <Delay = 3.34> <FuncUnit> <Opcode : 'mul'> <InPorts = 2> <OutPorts = 1>
ST_7 : Operation 153 [1/1] (0.00ns)   --->   "%trunc_ln708_116 = call i16 @_ssdm_op_PartSelect.i16.i26.i32.i32(i26 %mul_ln1118_110, i32 10, i32 25)" [firmware/nnet_utils/nnet_dense_latency.h:42]   --->   Operation 153 'partselect' 'trunc_ln708_116' <Predicate = true> <Delay = 0.00>
ST_7 : Operation 154 [1/2] (3.34ns)   --->   "%mul_ln1118_111 = mul i26 %sext_ln1118_116, 359" [firmware/nnet_utils/nnet_mult.h:73->firmware/nnet_utils/nnet_dense_latency.h:42]   --->   Operation 154 'mul' 'mul_ln1118_111' <Predicate = true> <Delay = 3.34> <Core = "MulnS">   --->   Core 17 'MulnS' <Latency = 1> <II = 1> <Delay = 3.34> <FuncUnit> <Opcode : 'mul'> <InPorts = 2> <OutPorts = 1>
ST_7 : Operation 155 [1/1] (0.00ns)   --->   "%trunc_ln708_117 = call i16 @_ssdm_op_PartSelect.i16.i26.i32.i32(i26 %mul_ln1118_111, i32 10, i32 25)" [firmware/nnet_utils/nnet_dense_latency.h:42]   --->   Operation 155 'partselect' 'trunc_ln708_117' <Predicate = true> <Delay = 0.00>
ST_7 : Operation 156 [1/2] (3.34ns)   --->   "%mul_ln1118_112 = mul i26 %sext_ln1118_116, 732" [firmware/nnet_utils/nnet_mult.h:73->firmware/nnet_utils/nnet_dense_latency.h:42]   --->   Operation 156 'mul' 'mul_ln1118_112' <Predicate = true> <Delay = 3.34> <Core = "MulnS">   --->   Core 17 'MulnS' <Latency = 1> <II = 1> <Delay = 3.34> <FuncUnit> <Opcode : 'mul'> <InPorts = 2> <OutPorts = 1>
ST_7 : Operation 157 [1/1] (0.00ns)   --->   "%trunc_ln708_118 = call i16 @_ssdm_op_PartSelect.i16.i26.i32.i32(i26 %mul_ln1118_112, i32 10, i32 25)" [firmware/nnet_utils/nnet_dense_latency.h:42]   --->   Operation 157 'partselect' 'trunc_ln708_118' <Predicate = true> <Delay = 0.00>
ST_7 : Operation 158 [1/2] (3.34ns)   --->   "%mul_ln1118_117 = mul i26 %sext_ln1118_121, -483" [firmware/nnet_utils/nnet_mult.h:73->firmware/nnet_utils/nnet_dense_latency.h:42]   --->   Operation 158 'mul' 'mul_ln1118_117' <Predicate = true> <Delay = 3.34> <Core = "MulnS">   --->   Core 17 'MulnS' <Latency = 1> <II = 1> <Delay = 3.34> <FuncUnit> <Opcode : 'mul'> <InPorts = 2> <OutPorts = 1>
ST_7 : Operation 159 [1/1] (0.00ns)   --->   "%trunc_ln708_125 = call i16 @_ssdm_op_PartSelect.i16.i26.i32.i32(i26 %mul_ln1118_117, i32 10, i32 25)" [firmware/nnet_utils/nnet_dense_latency.h:42]   --->   Operation 159 'partselect' 'trunc_ln708_125' <Predicate = true> <Delay = 0.00>
ST_7 : Operation 160 [2/2] (3.34ns)   --->   "%mul_ln1118_118 = mul i26 %sext_ln1118_121, 632" [firmware/nnet_utils/nnet_mult.h:73->firmware/nnet_utils/nnet_dense_latency.h:42]   --->   Operation 160 'mul' 'mul_ln1118_118' <Predicate = true> <Delay = 3.34> <Core = "MulnS">   --->   Core 17 'MulnS' <Latency = 1> <II = 1> <Delay = 3.34> <FuncUnit> <Opcode : 'mul'> <InPorts = 2> <OutPorts = 1>
ST_7 : Operation 161 [1/1] (0.00ns) (grouped into TernaryAdder)   --->   "%add_ln703 = add i16 %trunc_ln, %trunc_ln708_112" [firmware/nnet_utils/nnet_dense_latency.h:58]   --->   Operation 161 'add' 'add_ln703' <Predicate = true> <Delay = 0.00> <Core = "TAddSub">   --->   Core 83 'TAddSub' <Latency = 0> <II = 1> <Delay = 1.95> <IPBlock> <Opcode : 'add' 'sub'> <InPorts = 3> <OutPorts = 1> <Sync> <CReg>
ST_7 : Operation 162 [1/1] (3.90ns) (root node of TernaryAdder)   --->   "%p_Val2_s = add i16 %add_ln703_144, %add_ln703" [firmware/nnet_utils/nnet_dense_latency.h:58]   --->   Operation 162 'add' 'p_Val2_s' <Predicate = true> <Delay = 3.90> <Core = "TAddSub">   --->   Core 83 'TAddSub' <Latency = 0> <II = 1> <Delay = 1.95> <IPBlock> <Opcode : 'add' 'sub'> <InPorts = 3> <OutPorts = 1> <Sync> <CReg>
ST_7 : Operation 163 [1/1] (0.00ns) (grouped into TernaryAdder)   --->   "%add_ln703_146 = add i16 %trunc_ln708_s, %sext_ln708_53" [firmware/nnet_utils/nnet_dense_latency.h:58]   --->   Operation 163 'add' 'add_ln703_146' <Predicate = true> <Delay = 0.00> <Core = "TAddSub">   --->   Core 83 'TAddSub' <Latency = 0> <II = 1> <Delay = 1.95> <IPBlock> <Opcode : 'add' 'sub'> <InPorts = 3> <OutPorts = 1> <Sync> <CReg>
ST_7 : Operation 164 [1/1] (3.90ns) (root node of TernaryAdder)   --->   "%acc_1_V = add i16 %add_ln703_148, %add_ln703_146" [firmware/nnet_utils/nnet_dense_latency.h:58]   --->   Operation 164 'add' 'acc_1_V' <Predicate = true> <Delay = 3.90> <Core = "TAddSub">   --->   Core 83 'TAddSub' <Latency = 0> <II = 1> <Delay = 1.95> <IPBlock> <Opcode : 'add' 'sub'> <InPorts = 3> <OutPorts = 1> <Sync> <CReg>
ST_7 : Operation 165 [1/1] (0.00ns) (grouped into TernaryAdder)   --->   "%add_ln703_150 = add i16 %trunc_ln708_107, %sext_ln708_54" [firmware/nnet_utils/nnet_dense_latency.h:58]   --->   Operation 165 'add' 'add_ln703_150' <Predicate = true> <Delay = 0.00> <Core = "TAddSub">   --->   Core 83 'TAddSub' <Latency = 0> <II = 1> <Delay = 1.95> <IPBlock> <Opcode : 'add' 'sub'> <InPorts = 3> <OutPorts = 1> <Sync> <CReg>
ST_7 : Operation 166 [1/1] (3.90ns) (root node of TernaryAdder)   --->   "%acc_2_V = add i16 %add_ln703_152, %add_ln703_150" [firmware/nnet_utils/nnet_dense_latency.h:58]   --->   Operation 166 'add' 'acc_2_V' <Predicate = true> <Delay = 3.90> <Core = "TAddSub">   --->   Core 83 'TAddSub' <Latency = 0> <II = 1> <Delay = 1.95> <IPBlock> <Opcode : 'add' 'sub'> <InPorts = 3> <OutPorts = 1> <Sync> <CReg>
ST_7 : Operation 167 [1/1] (2.07ns)   --->   "%add_ln703_167 = add i16 %trunc_ln708_133, 183" [firmware/nnet_utils/nnet_dense_latency.h:58]   --->   Operation 167 'add' 'add_ln703_167' <Predicate = true> <Delay = 2.07> <Core = "AddSub">   --->   Core 14 'AddSub' <Latency = 0> <II = 1> <Delay = 2.07> <FuncUnit> <Opcode : 'add' 'sub'> <InPorts = 2> <OutPorts = 1>

State 8 <SV = 7> <Delay = 3.90>
ST_8 : Operation 168 [1/1] (0.00ns)   --->   "%sext_ln708 = sext i15 %trunc_ln708_110 to i16" [firmware/nnet_utils/nnet_dense_latency.h:42]   --->   Operation 168 'sext' 'sext_ln708' <Predicate = true> <Delay = 0.00>
ST_8 : Operation 169 [1/2] (3.34ns)   --->   "%mul_ln1118_118 = mul i26 %sext_ln1118_121, 632" [firmware/nnet_utils/nnet_mult.h:73->firmware/nnet_utils/nnet_dense_latency.h:42]   --->   Operation 169 'mul' 'mul_ln1118_118' <Predicate = true> <Delay = 3.34> <Core = "MulnS">   --->   Core 17 'MulnS' <Latency = 1> <II = 1> <Delay = 3.34> <FuncUnit> <Opcode : 'mul'> <InPorts = 2> <OutPorts = 1>
ST_8 : Operation 170 [1/1] (0.00ns)   --->   "%trunc_ln708_126 = call i16 @_ssdm_op_PartSelect.i16.i26.i32.i32(i26 %mul_ln1118_118, i32 10, i32 25)" [firmware/nnet_utils/nnet_dense_latency.h:42]   --->   Operation 170 'partselect' 'trunc_ln708_126' <Predicate = true> <Delay = 0.00>
ST_8 : Operation 171 [1/1] (0.00ns) (grouped into TernaryAdder)   --->   "%add_ln703_158 = add i16 %trunc_ln708_109, %trunc_ln708_116" [firmware/nnet_utils/nnet_dense_latency.h:58]   --->   Operation 171 'add' 'add_ln703_158' <Predicate = true> <Delay = 0.00> <Core = "TAddSub">   --->   Core 83 'TAddSub' <Latency = 0> <II = 1> <Delay = 1.95> <IPBlock> <Opcode : 'add' 'sub'> <InPorts = 3> <OutPorts = 1> <Sync> <CReg>
ST_8 : Operation 172 [1/1] (3.90ns) (root node of TernaryAdder)   --->   "%acc_4_V = add i16 %add_ln703_160, %add_ln703_158" [firmware/nnet_utils/nnet_dense_latency.h:58]   --->   Operation 172 'add' 'acc_4_V' <Predicate = true> <Delay = 3.90> <Core = "TAddSub">   --->   Core 83 'TAddSub' <Latency = 0> <II = 1> <Delay = 1.95> <IPBlock> <Opcode : 'add' 'sub'> <InPorts = 3> <OutPorts = 1> <Sync> <CReg>
ST_8 : Operation 173 [1/1] (0.00ns) (grouped into TernaryAdder)   --->   "%add_ln703_162 = add i16 %sext_ln708, %trunc_ln708_117" [firmware/nnet_utils/nnet_dense_latency.h:58]   --->   Operation 173 'add' 'add_ln703_162' <Predicate = true> <Delay = 0.00> <Core = "TAddSub">   --->   Core 83 'TAddSub' <Latency = 0> <II = 1> <Delay = 1.95> <IPBlock> <Opcode : 'add' 'sub'> <InPorts = 3> <OutPorts = 1> <Sync> <CReg>
ST_8 : Operation 174 [1/1] (3.90ns) (root node of TernaryAdder)   --->   "%acc_5_V = add i16 %add_ln703_164, %add_ln703_162" [firmware/nnet_utils/nnet_dense_latency.h:58]   --->   Operation 174 'add' 'acc_5_V' <Predicate = true> <Delay = 3.90> <Core = "TAddSub">   --->   Core 83 'TAddSub' <Latency = 0> <II = 1> <Delay = 1.95> <IPBlock> <Opcode : 'add' 'sub'> <InPorts = 3> <OutPorts = 1> <Sync> <CReg>
ST_8 : Operation 175 [1/1] (0.00ns)   --->   "%sext_ln703_20 = sext i14 %add_ln703_166 to i16" [firmware/nnet_utils/nnet_dense_latency.h:58]   --->   Operation 175 'sext' 'sext_ln703_20' <Predicate = true> <Delay = 0.00>
ST_8 : Operation 176 [1/1] (0.00ns) (grouped into TernaryAdder)   --->   "%add_ln703_168 = add i16 %add_ln703_167, %trunc_ln708_125" [firmware/nnet_utils/nnet_dense_latency.h:58]   --->   Operation 176 'add' 'add_ln703_168' <Predicate = true> <Delay = 0.00> <Core = "TAddSub">   --->   Core 83 'TAddSub' <Latency = 0> <II = 1> <Delay = 1.95> <IPBlock> <Opcode : 'add' 'sub'> <InPorts = 3> <OutPorts = 1> <Sync> <CReg>
ST_8 : Operation 177 [1/1] (3.90ns) (root node of TernaryAdder)   --->   "%acc_6_V = add i16 %add_ln703_168, %sext_ln703_20" [firmware/nnet_utils/nnet_dense_latency.h:58]   --->   Operation 177 'add' 'acc_6_V' <Predicate = true> <Delay = 3.90> <Core = "TAddSub">   --->   Core 83 'TAddSub' <Latency = 0> <II = 1> <Delay = 1.95> <IPBlock> <Opcode : 'add' 'sub'> <InPorts = 3> <OutPorts = 1> <Sync> <CReg>

State 9 <SV = 8> <Delay = 3.90>
ST_9 : Operation 178 [1/1] (0.00ns)   --->   "call void (...)* @_ssdm_op_SpecPipeline(i32 8, i32 1, i32 1, i32 0, [1 x i8]* @p_str9) nounwind" [firmware/nnet_utils/nnet_dense_latency.h:26]   --->   Operation 178 'specpipeline' <Predicate = true> <Delay = 0.00>
ST_9 : Operation 179 [1/1] (0.00ns)   --->   "call void (...)* @_ssdm_op_SpecResourceLimit(i32 4, [4 x i8]* @p_str11, [1 x i8]* @p_str9, [1 x i8]* @p_str9, [1 x i8]* @p_str9) nounwind" [firmware/nnet_utils/nnet_dense_latency.h:33]   --->   Operation 179 'specresourcelimit' <Predicate = true> <Delay = 0.00>
ST_9 : Operation 180 [1/1] (0.00ns) (grouped into TernaryAdder)   --->   "%add_ln703_170 = add i16 %trunc_ln708_118, %trunc_ln708_126" [firmware/nnet_utils/nnet_dense_latency.h:58]   --->   Operation 180 'add' 'add_ln703_170' <Predicate = true> <Delay = 0.00> <Core = "TAddSub">   --->   Core 83 'TAddSub' <Latency = 0> <II = 1> <Delay = 1.95> <IPBlock> <Opcode : 'add' 'sub'> <InPorts = 3> <OutPorts = 1> <Sync> <CReg>
ST_9 : Operation 181 [1/1] (3.90ns) (root node of TernaryAdder)   --->   "%acc_7_V = add i16 %add_ln703_172, %add_ln703_170" [firmware/nnet_utils/nnet_dense_latency.h:58]   --->   Operation 181 'add' 'acc_7_V' <Predicate = true> <Delay = 3.90> <Core = "TAddSub">   --->   Core 83 'TAddSub' <Latency = 0> <II = 1> <Delay = 1.95> <IPBlock> <Opcode : 'add' 'sub'> <InPorts = 3> <OutPorts = 1> <Sync> <CReg>
ST_9 : Operation 182 [1/1] (0.00ns)   --->   "%res_0_V_write_assign = call i26 @_ssdm_op_BitConcatenate.i26.i16.i10(i16 %p_Val2_s, i10 0)" [firmware/nnet_utils/nnet_mult.h:111->firmware/nnet_utils/nnet_dense_latency.h:66]   --->   Operation 182 'bitconcatenate' 'res_0_V_write_assign' <Predicate = true> <Delay = 0.00>
ST_9 : Operation 183 [1/1] (0.00ns)   --->   "%sext_ln728 = sext i26 %res_0_V_write_assign to i35" [firmware/nnet_utils/nnet_mult.h:111->firmware/nnet_utils/nnet_dense_latency.h:66]   --->   Operation 183 'sext' 'sext_ln728' <Predicate = true> <Delay = 0.00>
ST_9 : Operation 184 [1/1] (0.00ns)   --->   "%res_1_V_write_assign = call i26 @_ssdm_op_BitConcatenate.i26.i16.i10(i16 %acc_1_V, i10 0)" [firmware/nnet_utils/nnet_mult.h:111->firmware/nnet_utils/nnet_dense_latency.h:66]   --->   Operation 184 'bitconcatenate' 'res_1_V_write_assign' <Predicate = true> <Delay = 0.00>
ST_9 : Operation 185 [1/1] (0.00ns)   --->   "%sext_ln728_11 = sext i26 %res_1_V_write_assign to i35" [firmware/nnet_utils/nnet_mult.h:111->firmware/nnet_utils/nnet_dense_latency.h:66]   --->   Operation 185 'sext' 'sext_ln728_11' <Predicate = true> <Delay = 0.00>
ST_9 : Operation 186 [1/1] (0.00ns)   --->   "%res_2_V_write_assign = call i26 @_ssdm_op_BitConcatenate.i26.i16.i10(i16 %acc_2_V, i10 0)" [firmware/nnet_utils/nnet_mult.h:111->firmware/nnet_utils/nnet_dense_latency.h:66]   --->   Operation 186 'bitconcatenate' 'res_2_V_write_assign' <Predicate = true> <Delay = 0.00>
ST_9 : Operation 187 [1/1] (0.00ns)   --->   "%sext_ln728_12 = sext i26 %res_2_V_write_assign to i35" [firmware/nnet_utils/nnet_mult.h:111->firmware/nnet_utils/nnet_dense_latency.h:66]   --->   Operation 187 'sext' 'sext_ln728_12' <Predicate = true> <Delay = 0.00>
ST_9 : Operation 188 [1/1] (0.00ns)   --->   "%res_3_V_write_assign = call i26 @_ssdm_op_BitConcatenate.i26.i16.i10(i16 %acc_3_V, i10 0)" [firmware/nnet_utils/nnet_mult.h:111->firmware/nnet_utils/nnet_dense_latency.h:66]   --->   Operation 188 'bitconcatenate' 'res_3_V_write_assign' <Predicate = true> <Delay = 0.00>
ST_9 : Operation 189 [1/1] (0.00ns)   --->   "%sext_ln728_13 = sext i26 %res_3_V_write_assign to i35" [firmware/nnet_utils/nnet_mult.h:111->firmware/nnet_utils/nnet_dense_latency.h:66]   --->   Operation 189 'sext' 'sext_ln728_13' <Predicate = true> <Delay = 0.00>
ST_9 : Operation 190 [1/1] (0.00ns)   --->   "%res_4_V_write_assign = call i26 @_ssdm_op_BitConcatenate.i26.i16.i10(i16 %acc_4_V, i10 0)" [firmware/nnet_utils/nnet_mult.h:111->firmware/nnet_utils/nnet_dense_latency.h:66]   --->   Operation 190 'bitconcatenate' 'res_4_V_write_assign' <Predicate = true> <Delay = 0.00>
ST_9 : Operation 191 [1/1] (0.00ns)   --->   "%sext_ln728_14 = sext i26 %res_4_V_write_assign to i35" [firmware/nnet_utils/nnet_mult.h:111->firmware/nnet_utils/nnet_dense_latency.h:66]   --->   Operation 191 'sext' 'sext_ln728_14' <Predicate = true> <Delay = 0.00>
ST_9 : Operation 192 [1/1] (0.00ns)   --->   "%res_5_V_write_assign = call i26 @_ssdm_op_BitConcatenate.i26.i16.i10(i16 %acc_5_V, i10 0)" [firmware/nnet_utils/nnet_mult.h:111->firmware/nnet_utils/nnet_dense_latency.h:66]   --->   Operation 192 'bitconcatenate' 'res_5_V_write_assign' <Predicate = true> <Delay = 0.00>
ST_9 : Operation 193 [1/1] (0.00ns)   --->   "%sext_ln728_15 = sext i26 %res_5_V_write_assign to i35" [firmware/nnet_utils/nnet_mult.h:111->firmware/nnet_utils/nnet_dense_latency.h:66]   --->   Operation 193 'sext' 'sext_ln728_15' <Predicate = true> <Delay = 0.00>
ST_9 : Operation 194 [1/1] (0.00ns)   --->   "%res_6_V_write_assign = call i26 @_ssdm_op_BitConcatenate.i26.i16.i10(i16 %acc_6_V, i10 0)" [firmware/nnet_utils/nnet_mult.h:111->firmware/nnet_utils/nnet_dense_latency.h:66]   --->   Operation 194 'bitconcatenate' 'res_6_V_write_assign' <Predicate = true> <Delay = 0.00>
ST_9 : Operation 195 [1/1] (0.00ns)   --->   "%sext_ln728_16 = sext i26 %res_6_V_write_assign to i35" [firmware/nnet_utils/nnet_mult.h:111->firmware/nnet_utils/nnet_dense_latency.h:66]   --->   Operation 195 'sext' 'sext_ln728_16' <Predicate = true> <Delay = 0.00>
ST_9 : Operation 196 [1/1] (0.00ns)   --->   "%res_7_V_write_assign = call i26 @_ssdm_op_BitConcatenate.i26.i16.i10(i16 %acc_7_V, i10 0)" [firmware/nnet_utils/nnet_mult.h:111->firmware/nnet_utils/nnet_dense_latency.h:66]   --->   Operation 196 'bitconcatenate' 'res_7_V_write_assign' <Predicate = true> <Delay = 0.00>
ST_9 : Operation 197 [1/1] (0.00ns)   --->   "%sext_ln728_17 = sext i26 %res_7_V_write_assign to i35" [firmware/nnet_utils/nnet_mult.h:111->firmware/nnet_utils/nnet_dense_latency.h:66]   --->   Operation 197 'sext' 'sext_ln728_17' <Predicate = true> <Delay = 0.00>
ST_9 : Operation 198 [1/1] (0.00ns)   --->   "%mrv = insertvalue { i35, i35, i35, i35, i35, i35, i35, i35 } undef, i35 %sext_ln728, 0" [firmware/nnet_utils/nnet_dense_latency.h:68]   --->   Operation 198 'insertvalue' 'mrv' <Predicate = true> <Delay = 0.00>
ST_9 : Operation 199 [1/1] (0.00ns)   --->   "%mrv_1 = insertvalue { i35, i35, i35, i35, i35, i35, i35, i35 } %mrv, i35 %sext_ln728_11, 1" [firmware/nnet_utils/nnet_dense_latency.h:68]   --->   Operation 199 'insertvalue' 'mrv_1' <Predicate = true> <Delay = 0.00>
ST_9 : Operation 200 [1/1] (0.00ns)   --->   "%mrv_2 = insertvalue { i35, i35, i35, i35, i35, i35, i35, i35 } %mrv_1, i35 %sext_ln728_12, 2" [firmware/nnet_utils/nnet_dense_latency.h:68]   --->   Operation 200 'insertvalue' 'mrv_2' <Predicate = true> <Delay = 0.00>
ST_9 : Operation 201 [1/1] (0.00ns)   --->   "%mrv_3 = insertvalue { i35, i35, i35, i35, i35, i35, i35, i35 } %mrv_2, i35 %sext_ln728_13, 3" [firmware/nnet_utils/nnet_dense_latency.h:68]   --->   Operation 201 'insertvalue' 'mrv_3' <Predicate = true> <Delay = 0.00>
ST_9 : Operation 202 [1/1] (0.00ns)   --->   "%mrv_4 = insertvalue { i35, i35, i35, i35, i35, i35, i35, i35 } %mrv_3, i35 %sext_ln728_14, 4" [firmware/nnet_utils/nnet_dense_latency.h:68]   --->   Operation 202 'insertvalue' 'mrv_4' <Predicate = true> <Delay = 0.00>
ST_9 : Operation 203 [1/1] (0.00ns)   --->   "%mrv_5 = insertvalue { i35, i35, i35, i35, i35, i35, i35, i35 } %mrv_4, i35 %sext_ln728_15, 5" [firmware/nnet_utils/nnet_dense_latency.h:68]   --->   Operation 203 'insertvalue' 'mrv_5' <Predicate = true> <Delay = 0.00>
ST_9 : Operation 204 [1/1] (0.00ns)   --->   "%mrv_6 = insertvalue { i35, i35, i35, i35, i35, i35, i35, i35 } %mrv_5, i35 %sext_ln728_16, 6" [firmware/nnet_utils/nnet_dense_latency.h:68]   --->   Operation 204 'insertvalue' 'mrv_6' <Predicate = true> <Delay = 0.00>
ST_9 : Operation 205 [1/1] (0.00ns)   --->   "%mrv_7 = insertvalue { i35, i35, i35, i35, i35, i35, i35, i35 } %mrv_6, i35 %sext_ln728_17, 7" [firmware/nnet_utils/nnet_dense_latency.h:68]   --->   Operation 205 'insertvalue' 'mrv_7' <Predicate = true> <Delay = 0.00>
ST_9 : Operation 206 [1/1] (0.00ns)   --->   "ret { i35, i35, i35, i35, i35, i35, i35, i35 } %mrv_7" [firmware/nnet_utils/nnet_dense_latency.h:68]   --->   Operation 206 'ret' <Predicate = true> <Delay = 0.00>


============================================================
+ Verbose Summary: Timing violations
============================================================
Target clock period: 5ns, clock uncertainty: 0.625ns.

 <State 1>: 3.35ns
The critical path consists of the following:
	wire read on port 'data_2_V_read' (firmware/nnet_utils/nnet_dense_latency.h:13) [6]  (0 ns)
	'mul' operation ('mul_ln1118_113', firmware/nnet_utils/nnet_mult.h:73->firmware/nnet_utils/nnet_dense_latency.h:42) [73]  (3.35 ns)

 <State 2>: 3.35ns
The critical path consists of the following:
	wire read on port 'data_3_V_read' (firmware/nnet_utils/nnet_dense_latency.h:13) [5]  (0 ns)
	'mul' operation ('mul_ln1118_119', firmware/nnet_utils/nnet_mult.h:73->firmware/nnet_utils/nnet_dense_latency.h:42) [96]  (3.35 ns)

 <State 3>: 3.9ns
The critical path consists of the following:
	'add' operation ('add_ln703_148', firmware/nnet_utils/nnet_dense_latency.h:58) [124]  (3.9 ns)

 <State 4>: 3.9ns
The critical path consists of the following:
	'add' operation ('add_ln703_144', firmware/nnet_utils/nnet_dense_latency.h:58) [120]  (3.9 ns)

 <State 5>: 4.11ns
The critical path consists of the following:
	wire read on port 'data_1_V_read' (firmware/nnet_utils/nnet_dense_latency.h:13) [7]  (0 ns)
	'sub' operation ('sub_ln1118_37', firmware/nnet_utils/nnet_mult.h:73->firmware/nnet_utils/nnet_dense_latency.h:42) [58]  (4.11 ns)

 <State 6>: 3.9ns
The critical path consists of the following:
	'add' operation ('add_ln703_154', firmware/nnet_utils/nnet_dense_latency.h:58) [130]  (0 ns)
	'add' operation ('acc[3].V', firmware/nnet_utils/nnet_dense_latency.h:58) [133]  (3.9 ns)

 <State 7>: 3.9ns
The critical path consists of the following:
	'add' operation ('add_ln703_146', firmware/nnet_utils/nnet_dense_latency.h:58) [122]  (0 ns)
	'add' operation ('acc[1].V', firmware/nnet_utils/nnet_dense_latency.h:58) [125]  (3.9 ns)

 <State 8>: 3.9ns
The critical path consists of the following:
	'add' operation ('add_ln703_162', firmware/nnet_utils/nnet_dense_latency.h:58) [138]  (0 ns)
	'add' operation ('acc[5].V', firmware/nnet_utils/nnet_dense_latency.h:58) [141]  (3.9 ns)

 <State 9>: 3.9ns
The critical path consists of the following:
	'add' operation ('add_ln703_170', firmware/nnet_utils/nnet_dense_latency.h:58) [147]  (0 ns)
	'add' operation ('acc[7].V', firmware/nnet_utils/nnet_dense_latency.h:58) [151]  (3.9 ns)


============================================================
+ Verbose Summary: Binding
============================================================
N/A
* FSMD analyzer results:
  - Output states:
 - Input state : 
  - Chain level:
	State 1
	State 2
	State 3
	State 4
	State 5
	State 6
	State 7
	State 8
	State 9


============================================================
+ Verbose Summary: Datapath Resource usage 
============================================================
N/A
