

================================================================
== Vivado HLS Report for 'dense_latency_ap_fixed_ap_fixed_36_16_5_3_0_config4_0_0_0_0_0'
================================================================
* Date:           Fri May 29 15:07:58 2026

* Version:        2020.1 (Build 2897737 on Wed May 27 20:21:37 MDT 2020)
* Project:        myproject_prj
* Solution:       solution1
* Product family: zynq
* Target device:  xc7z020-clg400-1


================================================================
== Performance Estimates
================================================================
+ Timing: 
    * Summary: 
    +--------+---------+----------+------------+
    |  Clock |  Target | Estimated| Uncertainty|
    +--------+---------+----------+------------+
    |ap_clk  | 5.00 ns | 3.903 ns |   0.62 ns  |
    +--------+---------+----------+------------+

+ Latency: 
    * Summary: 
    +---------+---------+-----------+-----------+-----+-----+----------+
    |  Latency (cycles) |   Latency (absolute)  |  Interval | Pipeline |
    |   min   |   max   |    min    |    max    | min | max |   Type   |
    +---------+---------+-----------+-----------+-----+-----+----------+
    |        9|        9| 45.000 ns | 45.000 ns |    8|    8| function |
    +---------+---------+-----------+-----------+-----+-----+----------+

    + Detail: 
        * Instance: 
        N/A

        * Loop: 
        N/A

============================================================
+ Verbose Summary: Synthesis Manager
============================================================
InlineROM: 1
ExposeGlobal: 0
============================================================
+ Verbose Summary: CDFG Model
============================================================
IsTopModel: 0
ResetActiveHigh: 1
IsCombinational: 0
IsDatapathOnly: 0
HasWiredReturn: 1
HasMFsm: 2
HasVarLatency: 0
IsPipeline: 1
IsRtlPipelined: 1
IsInstanceOverlapped: 0
IsDontTouch: 0
HasImplIP: 0
IsGatedGlobalClock: 0

+ Individual pipeline summary: 
  * Pipeline-0: initiation interval (II) = 8, depth = 10


============================================================
+ Verbose Summary: Schedule
============================================================
* Number of FSM states : 10
* Pipeline : 1
  Pipeline-0 : II = 8, D = 10, States = { 1 2 3 4 5 6 7 8 9 10 }
* Dataflow Pipeline: 0

* FSM state transitions: 
1 --> 2 
2 --> 3 
3 --> 4 
4 --> 5 
5 --> 6 
6 --> 7 
7 --> 8 
8 --> 9 
9 --> 10 
10 --> 

* FSM state operations: 

State 1 <SV = 0> <Delay = 3.77>
ST_1 : Operation 11 [1/1] (0.00ns)   --->   "%data_1_V_read_4 = call i16 @_ssdm_op_Read.ap_auto.i16(i16 %data_1_V_read)" [firmware/nnet_utils/nnet_dense_latency.h:13]   --->   Operation 11 'read' 'data_1_V_read_4' <Predicate = true> <Delay = 0.00>
ST_1 : Operation 12 [1/1] (0.00ns)   --->   "%data_0_V_read_4 = call i16 @_ssdm_op_Read.ap_auto.i16(i16 %data_0_V_read)" [firmware/nnet_utils/nnet_dense_latency.h:13]   --->   Operation 12 'read' 'data_0_V_read_4' <Predicate = true> <Delay = 0.00>
ST_1 : Operation 13 [1/1] (0.00ns)   --->   "%sext_ln1118 = sext i16 %data_0_V_read_4 to i26" [firmware/nnet_utils/nnet_mult.h:73->firmware/nnet_utils/nnet_dense_latency.h:42]   --->   Operation 13 'sext' 'sext_ln1118' <Predicate = true> <Delay = 0.00>
ST_1 : Operation 14 [2/2] (3.34ns)   --->   "%mul_ln1118 = mul i26 %sext_ln1118, 566" [firmware/nnet_utils/nnet_mult.h:73->firmware/nnet_utils/nnet_dense_latency.h:42]   --->   Operation 14 'mul' 'mul_ln1118' <Predicate = true> <Delay = 3.34> <Core = "MulnS">   --->   Core 17 'MulnS' <Latency = 1> <II = 1> <Delay = 3.34> <FuncUnit> <Opcode : 'mul'> <InPorts = 2> <OutPorts = 1>
ST_1 : Operation 15 [2/2] (3.34ns)   --->   "%mul_ln1118_78 = mul i26 %sext_ln1118, 1048" [firmware/nnet_utils/nnet_mult.h:73->firmware/nnet_utils/nnet_dense_latency.h:42]   --->   Operation 15 'mul' 'mul_ln1118_78' <Predicate = true> <Delay = 3.34> <Core = "MulnS">   --->   Core 17 'MulnS' <Latency = 1> <II = 1> <Delay = 3.34> <FuncUnit> <Opcode : 'mul'> <InPorts = 2> <OutPorts = 1>
ST_1 : Operation 16 [1/1] (0.00ns)   --->   "%shl_ln = call i21 @_ssdm_op_BitConcatenate.i21.i16.i5(i16 %data_0_V_read_4, i5 0)" [firmware/nnet_utils/nnet_mult.h:73->firmware/nnet_utils/nnet_dense_latency.h:42]   --->   Operation 16 'bitconcatenate' 'shl_ln' <Predicate = true> <Delay = 0.00>
ST_1 : Operation 17 [1/1] (0.00ns)   --->   "%sext_ln1118_88 = sext i21 %shl_ln to i22" [firmware/nnet_utils/nnet_mult.h:73->firmware/nnet_utils/nnet_dense_latency.h:42]   --->   Operation 17 'sext' 'sext_ln1118_88' <Predicate = true> <Delay = 0.00>
ST_1 : Operation 18 [1/1] (0.00ns)   --->   "%shl_ln1118_s = call i19 @_ssdm_op_BitConcatenate.i19.i16.i3(i16 %data_0_V_read_4, i3 0)" [firmware/nnet_utils/nnet_mult.h:73->firmware/nnet_utils/nnet_dense_latency.h:42]   --->   Operation 18 'bitconcatenate' 'shl_ln1118_s' <Predicate = true> <Delay = 0.00>
ST_1 : Operation 19 [1/1] (0.00ns)   --->   "%sext_ln1118_89 = sext i19 %shl_ln1118_s to i22" [firmware/nnet_utils/nnet_mult.h:73->firmware/nnet_utils/nnet_dense_latency.h:42]   --->   Operation 19 'sext' 'sext_ln1118_89' <Predicate = true> <Delay = 0.00>
ST_1 : Operation 20 [1/1] (2.22ns)   --->   "%sub_ln1118 = sub i22 %sext_ln1118_89, %sext_ln1118_88" [firmware/nnet_utils/nnet_mult.h:73->firmware/nnet_utils/nnet_dense_latency.h:42]   --->   Operation 20 'sub' 'sub_ln1118' <Predicate = true> <Delay = 2.22> <Core = "AddSub">   --->   Core 14 'AddSub' <Latency = 0> <II = 1> <Delay = 2.07> <FuncUnit> <Opcode : 'add' 'sub'> <InPorts = 2> <OutPorts = 1>
ST_1 : Operation 21 [1/1] (0.00ns)   --->   "%tmp_39 = call i12 @_ssdm_op_PartSelect.i12.i22.i32.i32(i22 %sub_ln1118, i32 10, i32 21)" [firmware/nnet_utils/nnet_mult.h:73->firmware/nnet_utils/nnet_dense_latency.h:42]   --->   Operation 21 'partselect' 'tmp_39' <Predicate = true> <Delay = 0.00>
ST_1 : Operation 22 [1/1] (0.00ns)   --->   "%sext_ln1118_112 = sext i12 %tmp_39 to i13" [firmware/nnet_utils/nnet_mult.h:73->firmware/nnet_utils/nnet_dense_latency.h:42]   --->   Operation 22 'sext' 'sext_ln1118_112' <Predicate = true> <Delay = 0.00>
ST_1 : Operation 23 [2/2] (3.34ns)   --->   "%mul_ln1118_79 = mul i26 %sext_ln1118, 1273" [firmware/nnet_utils/nnet_mult.h:73->firmware/nnet_utils/nnet_dense_latency.h:42]   --->   Operation 23 'mul' 'mul_ln1118_79' <Predicate = true> <Delay = 3.34> <Core = "MulnS">   --->   Core 17 'MulnS' <Latency = 1> <II = 1> <Delay = 3.34> <FuncUnit> <Opcode : 'mul'> <InPorts = 2> <OutPorts = 1>
ST_1 : Operation 24 [1/1] (0.00ns)   --->   "%sext_ln1118_90 = sext i16 %data_1_V_read_4 to i26" [firmware/nnet_utils/nnet_mult.h:73->firmware/nnet_utils/nnet_dense_latency.h:42]   --->   Operation 24 'sext' 'sext_ln1118_90' <Predicate = true> <Delay = 0.00>
ST_1 : Operation 25 [2/2] (3.34ns)   --->   "%mul_ln1118_80 = mul i26 %sext_ln1118_90, 275" [firmware/nnet_utils/nnet_mult.h:73->firmware/nnet_utils/nnet_dense_latency.h:42]   --->   Operation 25 'mul' 'mul_ln1118_80' <Predicate = true> <Delay = 3.34> <Core = "MulnS">   --->   Core 17 'MulnS' <Latency = 1> <II = 1> <Delay = 3.34> <FuncUnit> <Opcode : 'mul'> <InPorts = 2> <OutPorts = 1>
ST_1 : Operation 26 [1/1] (0.00ns)   --->   "%shl_ln1118_29 = call i20 @_ssdm_op_BitConcatenate.i20.i16.i4(i16 %data_1_V_read_4, i4 0)" [firmware/nnet_utils/nnet_mult.h:73->firmware/nnet_utils/nnet_dense_latency.h:42]   --->   Operation 26 'bitconcatenate' 'shl_ln1118_29' <Predicate = true> <Delay = 0.00>
ST_1 : Operation 27 [1/1] (0.00ns)   --->   "%sext_ln1118_91 = sext i20 %shl_ln1118_29 to i21" [firmware/nnet_utils/nnet_mult.h:73->firmware/nnet_utils/nnet_dense_latency.h:42]   --->   Operation 27 'sext' 'sext_ln1118_91' <Predicate = true> <Delay = 0.00>
ST_1 : Operation 28 [1/1] (0.00ns)   --->   "%shl_ln1118_30 = call i18 @_ssdm_op_BitConcatenate.i18.i16.i2(i16 %data_1_V_read_4, i2 0)" [firmware/nnet_utils/nnet_mult.h:73->firmware/nnet_utils/nnet_dense_latency.h:42]   --->   Operation 28 'bitconcatenate' 'shl_ln1118_30' <Predicate = true> <Delay = 0.00>
ST_1 : Operation 29 [1/1] (0.00ns)   --->   "%sext_ln1118_92 = sext i18 %shl_ln1118_30 to i21" [firmware/nnet_utils/nnet_mult.h:73->firmware/nnet_utils/nnet_dense_latency.h:42]   --->   Operation 29 'sext' 'sext_ln1118_92' <Predicate = true> <Delay = 0.00>
ST_1 : Operation 30 [1/1] (2.19ns)   --->   "%sub_ln1118_29 = sub i21 %sext_ln1118_92, %sext_ln1118_91" [firmware/nnet_utils/nnet_mult.h:73->firmware/nnet_utils/nnet_dense_latency.h:42]   --->   Operation 30 'sub' 'sub_ln1118_29' <Predicate = true> <Delay = 2.19> <Core = "AddSub">   --->   Core 14 'AddSub' <Latency = 0> <II = 1> <Delay = 2.07> <FuncUnit> <Opcode : 'add' 'sub'> <InPorts = 2> <OutPorts = 1>
ST_1 : Operation 31 [1/1] (0.00ns)   --->   "%tmp_40 = call i11 @_ssdm_op_PartSelect.i11.i21.i32.i32(i21 %sub_ln1118_29, i32 10, i32 20)" [firmware/nnet_utils/nnet_mult.h:73->firmware/nnet_utils/nnet_dense_latency.h:42]   --->   Operation 31 'partselect' 'tmp_40' <Predicate = true> <Delay = 0.00>
ST_1 : Operation 32 [1/1] (0.00ns)   --->   "%sext_ln1118_113 = sext i11 %tmp_40 to i13" [firmware/nnet_utils/nnet_mult.h:73->firmware/nnet_utils/nnet_dense_latency.h:42]   --->   Operation 32 'sext' 'sext_ln1118_113' <Predicate = true> <Delay = 0.00>
ST_1 : Operation 33 [1/1] (1.54ns)   --->   "%add_ln703_127 = add i13 %sext_ln1118_113, %sext_ln1118_112" [firmware/nnet_utils/nnet_dense_latency.h:58]   --->   Operation 33 'add' 'add_ln703_127' <Predicate = true> <Delay = 1.54> <Core = "AddSub">   --->   Core 14 'AddSub' <Latency = 0> <II = 1> <Delay = 2.07> <FuncUnit> <Opcode : 'add' 'sub'> <InPorts = 2> <OutPorts = 1>

State 2 <SV = 1> <Delay = 3.34>
ST_2 : Operation 34 [1/1] (0.00ns)   --->   "%data_2_V_read_4 = call i16 @_ssdm_op_Read.ap_auto.i16(i16 %data_2_V_read)" [firmware/nnet_utils/nnet_dense_latency.h:13]   --->   Operation 34 'read' 'data_2_V_read_4' <Predicate = true> <Delay = 0.00>
ST_2 : Operation 35 [1/2] (3.34ns)   --->   "%mul_ln1118 = mul i26 %sext_ln1118, 566" [firmware/nnet_utils/nnet_mult.h:73->firmware/nnet_utils/nnet_dense_latency.h:42]   --->   Operation 35 'mul' 'mul_ln1118' <Predicate = true> <Delay = 3.34> <Core = "MulnS">   --->   Core 17 'MulnS' <Latency = 1> <II = 1> <Delay = 3.34> <FuncUnit> <Opcode : 'mul'> <InPorts = 2> <OutPorts = 1>
ST_2 : Operation 36 [1/1] (0.00ns)   --->   "%trunc_ln = call i16 @_ssdm_op_PartSelect.i16.i26.i32.i32(i26 %mul_ln1118, i32 10, i32 25)" [firmware/nnet_utils/nnet_dense_latency.h:42]   --->   Operation 36 'partselect' 'trunc_ln' <Predicate = true> <Delay = 0.00>
ST_2 : Operation 37 [1/2] (3.34ns)   --->   "%mul_ln1118_78 = mul i26 %sext_ln1118, 1048" [firmware/nnet_utils/nnet_mult.h:73->firmware/nnet_utils/nnet_dense_latency.h:42]   --->   Operation 37 'mul' 'mul_ln1118_78' <Predicate = true> <Delay = 3.34> <Core = "MulnS">   --->   Core 17 'MulnS' <Latency = 1> <II = 1> <Delay = 3.34> <FuncUnit> <Opcode : 'mul'> <InPorts = 2> <OutPorts = 1>
ST_2 : Operation 38 [1/1] (0.00ns)   --->   "%trunc_ln708_s = call i16 @_ssdm_op_PartSelect.i16.i26.i32.i32(i26 %mul_ln1118_78, i32 10, i32 25)" [firmware/nnet_utils/nnet_dense_latency.h:42]   --->   Operation 38 'partselect' 'trunc_ln708_s' <Predicate = true> <Delay = 0.00>
ST_2 : Operation 39 [1/2] (3.34ns)   --->   "%mul_ln1118_79 = mul i26 %sext_ln1118, 1273" [firmware/nnet_utils/nnet_mult.h:73->firmware/nnet_utils/nnet_dense_latency.h:42]   --->   Operation 39 'mul' 'mul_ln1118_79' <Predicate = true> <Delay = 3.34> <Core = "MulnS">   --->   Core 17 'MulnS' <Latency = 1> <II = 1> <Delay = 3.34> <FuncUnit> <Opcode : 'mul'> <InPorts = 2> <OutPorts = 1>
ST_2 : Operation 40 [1/1] (0.00ns)   --->   "%trunc_ln708_82 = call i16 @_ssdm_op_PartSelect.i16.i26.i32.i32(i26 %mul_ln1118_79, i32 10, i32 25)" [firmware/nnet_utils/nnet_dense_latency.h:42]   --->   Operation 40 'partselect' 'trunc_ln708_82' <Predicate = true> <Delay = 0.00>
ST_2 : Operation 41 [1/2] (3.34ns)   --->   "%mul_ln1118_80 = mul i26 %sext_ln1118_90, 275" [firmware/nnet_utils/nnet_mult.h:73->firmware/nnet_utils/nnet_dense_latency.h:42]   --->   Operation 41 'mul' 'mul_ln1118_80' <Predicate = true> <Delay = 3.34> <Core = "MulnS">   --->   Core 17 'MulnS' <Latency = 1> <II = 1> <Delay = 3.34> <FuncUnit> <Opcode : 'mul'> <InPorts = 2> <OutPorts = 1>
ST_2 : Operation 42 [1/1] (0.00ns)   --->   "%trunc_ln708_83 = call i16 @_ssdm_op_PartSelect.i16.i26.i32.i32(i26 %mul_ln1118_80, i32 10, i32 25)" [firmware/nnet_utils/nnet_dense_latency.h:42]   --->   Operation 42 'partselect' 'trunc_ln708_83' <Predicate = true> <Delay = 0.00>
ST_2 : Operation 43 [2/2] (3.34ns)   --->   "%mul_ln1118_81 = mul i26 %sext_ln1118_90, -663" [firmware/nnet_utils/nnet_mult.h:73->firmware/nnet_utils/nnet_dense_latency.h:42]   --->   Operation 43 'mul' 'mul_ln1118_81' <Predicate = true> <Delay = 3.34> <Core = "MulnS">   --->   Core 17 'MulnS' <Latency = 1> <II = 1> <Delay = 3.34> <FuncUnit> <Opcode : 'mul'> <InPorts = 2> <OutPorts = 1>
ST_2 : Operation 44 [2/2] (3.34ns)   --->   "%mul_ln1118_82 = mul i26 %sext_ln1118_90, 386" [firmware/nnet_utils/nnet_mult.h:73->firmware/nnet_utils/nnet_dense_latency.h:42]   --->   Operation 44 'mul' 'mul_ln1118_82' <Predicate = true> <Delay = 3.34> <Core = "MulnS">   --->   Core 17 'MulnS' <Latency = 1> <II = 1> <Delay = 3.34> <FuncUnit> <Opcode : 'mul'> <InPorts = 2> <OutPorts = 1>
ST_2 : Operation 45 [1/1] (0.00ns)   --->   "%sext_ln1118_93 = sext i16 %data_2_V_read_4 to i23" [firmware/nnet_utils/nnet_mult.h:73->firmware/nnet_utils/nnet_dense_latency.h:42]   --->   Operation 45 'sext' 'sext_ln1118_93' <Predicate = true> <Delay = 0.00>
ST_2 : Operation 46 [1/1] (0.00ns)   --->   "%sext_ln1118_94 = sext i16 %data_2_V_read_4 to i26" [firmware/nnet_utils/nnet_mult.h:73->firmware/nnet_utils/nnet_dense_latency.h:42]   --->   Operation 46 'sext' 'sext_ln1118_94' <Predicate = true> <Delay = 0.00>
ST_2 : Operation 47 [2/2] (3.34ns)   --->   "%mul_ln1118_83 = mul i26 %sext_ln1118_94, -379" [firmware/nnet_utils/nnet_mult.h:73->firmware/nnet_utils/nnet_dense_latency.h:42]   --->   Operation 47 'mul' 'mul_ln1118_83' <Predicate = true> <Delay = 3.34> <Core = "MulnS">   --->   Core 17 'MulnS' <Latency = 1> <II = 1> <Delay = 3.34> <FuncUnit> <Opcode : 'mul'> <InPorts = 2> <OutPorts = 1>
ST_2 : Operation 48 [1/1] (0.00ns)   --->   "%shl_ln1118_31 = call i20 @_ssdm_op_BitConcatenate.i20.i16.i4(i16 %data_2_V_read_4, i4 0)" [firmware/nnet_utils/nnet_mult.h:73->firmware/nnet_utils/nnet_dense_latency.h:42]   --->   Operation 48 'bitconcatenate' 'shl_ln1118_31' <Predicate = true> <Delay = 0.00>
ST_2 : Operation 49 [1/1] (0.00ns)   --->   "%sext_ln1118_95 = sext i20 %shl_ln1118_31 to i21" [firmware/nnet_utils/nnet_mult.h:73->firmware/nnet_utils/nnet_dense_latency.h:42]   --->   Operation 49 'sext' 'sext_ln1118_95' <Predicate = true> <Delay = 0.00>
ST_2 : Operation 50 [1/1] (0.00ns)   --->   "%shl_ln1118_32 = call i18 @_ssdm_op_BitConcatenate.i18.i16.i2(i16 %data_2_V_read_4, i2 0)" [firmware/nnet_utils/nnet_mult.h:73->firmware/nnet_utils/nnet_dense_latency.h:42]   --->   Operation 50 'bitconcatenate' 'shl_ln1118_32' <Predicate = true> <Delay = 0.00>
ST_2 : Operation 51 [1/1] (0.00ns)   --->   "%sext_ln1118_96 = sext i18 %shl_ln1118_32 to i21" [firmware/nnet_utils/nnet_mult.h:73->firmware/nnet_utils/nnet_dense_latency.h:42]   --->   Operation 51 'sext' 'sext_ln1118_96' <Predicate = true> <Delay = 0.00>
ST_2 : Operation 52 [1/1] (2.19ns)   --->   "%sub_ln1118_30 = sub i21 %sext_ln1118_95, %sext_ln1118_96" [firmware/nnet_utils/nnet_mult.h:73->firmware/nnet_utils/nnet_dense_latency.h:42]   --->   Operation 52 'sub' 'sub_ln1118_30' <Predicate = true> <Delay = 2.19> <Core = "AddSub">   --->   Core 14 'AddSub' <Latency = 0> <II = 1> <Delay = 2.07> <FuncUnit> <Opcode : 'add' 'sub'> <InPorts = 2> <OutPorts = 1>
ST_2 : Operation 53 [1/1] (0.00ns)   --->   "%trunc_ln708_87 = call i11 @_ssdm_op_PartSelect.i11.i21.i32.i32(i21 %sub_ln1118_30, i32 10, i32 20)" [firmware/nnet_utils/nnet_dense_latency.h:42]   --->   Operation 53 'partselect' 'trunc_ln708_87' <Predicate = true> <Delay = 0.00>
ST_2 : Operation 54 [2/2] (3.34ns)   --->   "%mul_ln1118_84 = mul i23 %sext_ln1118_93, 39" [firmware/nnet_utils/nnet_mult.h:73->firmware/nnet_utils/nnet_dense_latency.h:42]   --->   Operation 54 'mul' 'mul_ln1118_84' <Predicate = true> <Delay = 3.34> <Core = "MulnS">   --->   Core 17 'MulnS' <Latency = 1> <II = 1> <Delay = 3.34> <FuncUnit> <Opcode : 'mul'> <InPorts = 2> <OutPorts = 1>

State 3 <SV = 2> <Delay = 3.34>
ST_3 : Operation 55 [1/1] (0.00ns)   --->   "%data_3_V_read_4 = call i16 @_ssdm_op_Read.ap_auto.i16(i16 %data_3_V_read)" [firmware/nnet_utils/nnet_dense_latency.h:13]   --->   Operation 55 'read' 'data_3_V_read_4' <Predicate = true> <Delay = 0.00>
ST_3 : Operation 56 [1/2] (3.34ns)   --->   "%mul_ln1118_81 = mul i26 %sext_ln1118_90, -663" [firmware/nnet_utils/nnet_mult.h:73->firmware/nnet_utils/nnet_dense_latency.h:42]   --->   Operation 56 'mul' 'mul_ln1118_81' <Predicate = true> <Delay = 3.34> <Core = "MulnS">   --->   Core 17 'MulnS' <Latency = 1> <II = 1> <Delay = 3.34> <FuncUnit> <Opcode : 'mul'> <InPorts = 2> <OutPorts = 1>
ST_3 : Operation 57 [1/1] (0.00ns)   --->   "%trunc_ln708_84 = call i16 @_ssdm_op_PartSelect.i16.i26.i32.i32(i26 %mul_ln1118_81, i32 10, i32 25)" [firmware/nnet_utils/nnet_dense_latency.h:42]   --->   Operation 57 'partselect' 'trunc_ln708_84' <Predicate = true> <Delay = 0.00>
ST_3 : Operation 58 [1/2] (3.34ns)   --->   "%mul_ln1118_82 = mul i26 %sext_ln1118_90, 386" [firmware/nnet_utils/nnet_mult.h:73->firmware/nnet_utils/nnet_dense_latency.h:42]   --->   Operation 58 'mul' 'mul_ln1118_82' <Predicate = true> <Delay = 3.34> <Core = "MulnS">   --->   Core 17 'MulnS' <Latency = 1> <II = 1> <Delay = 3.34> <FuncUnit> <Opcode : 'mul'> <InPorts = 2> <OutPorts = 1>
ST_3 : Operation 59 [1/1] (0.00ns)   --->   "%trunc_ln708_85 = call i16 @_ssdm_op_PartSelect.i16.i26.i32.i32(i26 %mul_ln1118_82, i32 10, i32 25)" [firmware/nnet_utils/nnet_dense_latency.h:42]   --->   Operation 59 'partselect' 'trunc_ln708_85' <Predicate = true> <Delay = 0.00>
ST_3 : Operation 60 [1/2] (3.34ns)   --->   "%mul_ln1118_83 = mul i26 %sext_ln1118_94, -379" [firmware/nnet_utils/nnet_mult.h:73->firmware/nnet_utils/nnet_dense_latency.h:42]   --->   Operation 60 'mul' 'mul_ln1118_83' <Predicate = true> <Delay = 3.34> <Core = "MulnS">   --->   Core 17 'MulnS' <Latency = 1> <II = 1> <Delay = 3.34> <FuncUnit> <Opcode : 'mul'> <InPorts = 2> <OutPorts = 1>
ST_3 : Operation 61 [1/1] (0.00ns)   --->   "%trunc_ln708_86 = call i16 @_ssdm_op_PartSelect.i16.i26.i32.i32(i26 %mul_ln1118_83, i32 10, i32 25)" [firmware/nnet_utils/nnet_dense_latency.h:42]   --->   Operation 61 'partselect' 'trunc_ln708_86' <Predicate = true> <Delay = 0.00>
ST_3 : Operation 62 [1/2] (3.34ns)   --->   "%mul_ln1118_84 = mul i23 %sext_ln1118_93, 39" [firmware/nnet_utils/nnet_mult.h:73->firmware/nnet_utils/nnet_dense_latency.h:42]   --->   Operation 62 'mul' 'mul_ln1118_84' <Predicate = true> <Delay = 3.34> <Core = "MulnS">   --->   Core 17 'MulnS' <Latency = 1> <II = 1> <Delay = 3.34> <FuncUnit> <Opcode : 'mul'> <InPorts = 2> <OutPorts = 1>
ST_3 : Operation 63 [1/1] (0.00ns)   --->   "%trunc_ln708_88 = call i13 @_ssdm_op_PartSelect.i13.i23.i32.i32(i23 %mul_ln1118_84, i32 10, i32 22)" [firmware/nnet_utils/nnet_dense_latency.h:42]   --->   Operation 63 'partselect' 'trunc_ln708_88' <Predicate = true> <Delay = 0.00>
ST_3 : Operation 64 [2/2] (3.34ns)   --->   "%mul_ln1118_85 = mul i26 %sext_ln1118_94, 548" [firmware/nnet_utils/nnet_mult.h:73->firmware/nnet_utils/nnet_dense_latency.h:42]   --->   Operation 64 'mul' 'mul_ln1118_85' <Predicate = true> <Delay = 3.34> <Core = "MulnS">   --->   Core 17 'MulnS' <Latency = 1> <II = 1> <Delay = 3.34> <FuncUnit> <Opcode : 'mul'> <InPorts = 2> <OutPorts = 1>
ST_3 : Operation 65 [1/1] (0.00ns)   --->   "%sext_ln1118_97 = sext i16 %data_3_V_read_4 to i26" [firmware/nnet_utils/nnet_mult.h:73->firmware/nnet_utils/nnet_dense_latency.h:42]   --->   Operation 65 'sext' 'sext_ln1118_97' <Predicate = true> <Delay = 0.00>
ST_3 : Operation 66 [1/1] (0.00ns)   --->   "%sext_ln1118_98 = sext i16 %data_3_V_read_4 to i25" [firmware/nnet_utils/nnet_mult.h:73->firmware/nnet_utils/nnet_dense_latency.h:42]   --->   Operation 66 'sext' 'sext_ln1118_98' <Predicate = true> <Delay = 0.00>
ST_3 : Operation 67 [2/2] (3.34ns)   --->   "%mul_ln1118_86 = mul i25 %sext_ln1118_98, -147" [firmware/nnet_utils/nnet_mult.h:73->firmware/nnet_utils/nnet_dense_latency.h:42]   --->   Operation 67 'mul' 'mul_ln1118_86' <Predicate = true> <Delay = 3.34> <Core = "MulnS">   --->   Core 17 'MulnS' <Latency = 1> <II = 1> <Delay = 3.34> <FuncUnit> <Opcode : 'mul'> <InPorts = 2> <OutPorts = 1>
ST_3 : Operation 68 [2/2] (3.34ns)   --->   "%mul_ln1118_87 = mul i26 %sext_ln1118_97, 416" [firmware/nnet_utils/nnet_mult.h:73->firmware/nnet_utils/nnet_dense_latency.h:42]   --->   Operation 68 'mul' 'mul_ln1118_87' <Predicate = true> <Delay = 3.34> <Core = "MulnS">   --->   Core 17 'MulnS' <Latency = 1> <II = 1> <Delay = 3.34> <FuncUnit> <Opcode : 'mul'> <InPorts = 2> <OutPorts = 1>
ST_3 : Operation 69 [2/2] (3.34ns)   --->   "%mul_ln1118_88 = mul i26 %sext_ln1118_97, -551" [firmware/nnet_utils/nnet_mult.h:73->firmware/nnet_utils/nnet_dense_latency.h:42]   --->   Operation 69 'mul' 'mul_ln1118_88' <Predicate = true> <Delay = 3.34> <Core = "MulnS">   --->   Core 17 'MulnS' <Latency = 1> <II = 1> <Delay = 3.34> <FuncUnit> <Opcode : 'mul'> <InPorts = 2> <OutPorts = 1>
ST_3 : Operation 70 [1/1] (2.07ns)   --->   "%add_ln703 = add i16 %trunc_ln708_83, %trunc_ln" [firmware/nnet_utils/nnet_dense_latency.h:58]   --->   Operation 70 'add' 'add_ln703' <Predicate = true> <Delay = 2.07> <Core = "AddSub">   --->   Core 14 'AddSub' <Latency = 0> <II = 1> <Delay = 2.07> <FuncUnit> <Opcode : 'add' 'sub'> <InPorts = 2> <OutPorts = 1>

State 4 <SV = 3> <Delay = 3.34>
ST_4 : Operation 71 [1/1] (0.00ns)   --->   "%data_4_V_read_3 = call i16 @_ssdm_op_Read.ap_auto.i16(i16 %data_4_V_read)" [firmware/nnet_utils/nnet_dense_latency.h:13]   --->   Operation 71 'read' 'data_4_V_read_3' <Predicate = true> <Delay = 0.00>
ST_4 : Operation 72 [1/2] (3.34ns)   --->   "%mul_ln1118_85 = mul i26 %sext_ln1118_94, 548" [firmware/nnet_utils/nnet_mult.h:73->firmware/nnet_utils/nnet_dense_latency.h:42]   --->   Operation 72 'mul' 'mul_ln1118_85' <Predicate = true> <Delay = 3.34> <Core = "MulnS">   --->   Core 17 'MulnS' <Latency = 1> <II = 1> <Delay = 3.34> <FuncUnit> <Opcode : 'mul'> <InPorts = 2> <OutPorts = 1>
ST_4 : Operation 73 [1/1] (0.00ns)   --->   "%trunc_ln708_89 = call i16 @_ssdm_op_PartSelect.i16.i26.i32.i32(i26 %mul_ln1118_85, i32 10, i32 25)" [firmware/nnet_utils/nnet_dense_latency.h:42]   --->   Operation 73 'partselect' 'trunc_ln708_89' <Predicate = true> <Delay = 0.00>
ST_4 : Operation 74 [1/2] (3.34ns)   --->   "%mul_ln1118_86 = mul i25 %sext_ln1118_98, -147" [firmware/nnet_utils/nnet_mult.h:73->firmware/nnet_utils/nnet_dense_latency.h:42]   --->   Operation 74 'mul' 'mul_ln1118_86' <Predicate = true> <Delay = 3.34> <Core = "MulnS">   --->   Core 17 'MulnS' <Latency = 1> <II = 1> <Delay = 3.34> <FuncUnit> <Opcode : 'mul'> <InPorts = 2> <OutPorts = 1>
ST_4 : Operation 75 [1/1] (0.00ns)   --->   "%trunc_ln708_90 = call i15 @_ssdm_op_PartSelect.i15.i25.i32.i32(i25 %mul_ln1118_86, i32 10, i32 24)" [firmware/nnet_utils/nnet_dense_latency.h:42]   --->   Operation 75 'partselect' 'trunc_ln708_90' <Predicate = true> <Delay = 0.00>
ST_4 : Operation 76 [1/2] (3.34ns)   --->   "%mul_ln1118_87 = mul i26 %sext_ln1118_97, 416" [firmware/nnet_utils/nnet_mult.h:73->firmware/nnet_utils/nnet_dense_latency.h:42]   --->   Operation 76 'mul' 'mul_ln1118_87' <Predicate = true> <Delay = 3.34> <Core = "MulnS">   --->   Core 17 'MulnS' <Latency = 1> <II = 1> <Delay = 3.34> <FuncUnit> <Opcode : 'mul'> <InPorts = 2> <OutPorts = 1>
ST_4 : Operation 77 [1/1] (0.00ns)   --->   "%trunc_ln708_91 = call i16 @_ssdm_op_PartSelect.i16.i26.i32.i32(i26 %mul_ln1118_87, i32 10, i32 25)" [firmware/nnet_utils/nnet_dense_latency.h:42]   --->   Operation 77 'partselect' 'trunc_ln708_91' <Predicate = true> <Delay = 0.00>
ST_4 : Operation 78 [1/2] (3.34ns)   --->   "%mul_ln1118_88 = mul i26 %sext_ln1118_97, -551" [firmware/nnet_utils/nnet_mult.h:73->firmware/nnet_utils/nnet_dense_latency.h:42]   --->   Operation 78 'mul' 'mul_ln1118_88' <Predicate = true> <Delay = 3.34> <Core = "MulnS">   --->   Core 17 'MulnS' <Latency = 1> <II = 1> <Delay = 3.34> <FuncUnit> <Opcode : 'mul'> <InPorts = 2> <OutPorts = 1>
ST_4 : Operation 79 [1/1] (0.00ns)   --->   "%trunc_ln708_92 = call i16 @_ssdm_op_PartSelect.i16.i26.i32.i32(i26 %mul_ln1118_88, i32 10, i32 25)" [firmware/nnet_utils/nnet_dense_latency.h:42]   --->   Operation 79 'partselect' 'trunc_ln708_92' <Predicate = true> <Delay = 0.00>
ST_4 : Operation 80 [2/2] (3.34ns)   --->   "%mul_ln1118_89 = mul i26 %sext_ln1118_97, -358" [firmware/nnet_utils/nnet_mult.h:73->firmware/nnet_utils/nnet_dense_latency.h:42]   --->   Operation 80 'mul' 'mul_ln1118_89' <Predicate = true> <Delay = 3.34> <Core = "MulnS">   --->   Core 17 'MulnS' <Latency = 1> <II = 1> <Delay = 3.34> <FuncUnit> <Opcode : 'mul'> <InPorts = 2> <OutPorts = 1>
ST_4 : Operation 81 [1/1] (0.00ns)   --->   "%sext_ln1118_99 = sext i16 %data_4_V_read_3 to i25" [firmware/nnet_utils/nnet_mult.h:73->firmware/nnet_utils/nnet_dense_latency.h:42]   --->   Operation 81 'sext' 'sext_ln1118_99' <Predicate = true> <Delay = 0.00>
ST_4 : Operation 82 [1/1] (0.00ns)   --->   "%sext_ln1118_100 = sext i16 %data_4_V_read_3 to i26" [firmware/nnet_utils/nnet_mult.h:73->firmware/nnet_utils/nnet_dense_latency.h:42]   --->   Operation 82 'sext' 'sext_ln1118_100' <Predicate = true> <Delay = 0.00>
ST_4 : Operation 83 [2/2] (3.34ns)   --->   "%mul_ln1118_90 = mul i26 %sext_ln1118_100, 715" [firmware/nnet_utils/nnet_mult.h:73->firmware/nnet_utils/nnet_dense_latency.h:42]   --->   Operation 83 'mul' 'mul_ln1118_90' <Predicate = true> <Delay = 3.34> <Core = "MulnS">   --->   Core 17 'MulnS' <Latency = 1> <II = 1> <Delay = 3.34> <FuncUnit> <Opcode : 'mul'> <InPorts = 2> <OutPorts = 1>
ST_4 : Operation 84 [2/2] (3.34ns)   --->   "%mul_ln1118_91 = mul i25 %sext_ln1118_99, 205" [firmware/nnet_utils/nnet_mult.h:73->firmware/nnet_utils/nnet_dense_latency.h:42]   --->   Operation 84 'mul' 'mul_ln1118_91' <Predicate = true> <Delay = 3.34> <Core = "MulnS">   --->   Core 17 'MulnS' <Latency = 1> <II = 1> <Delay = 3.34> <FuncUnit> <Opcode : 'mul'> <InPorts = 2> <OutPorts = 1>
ST_4 : Operation 85 [2/2] (3.34ns)   --->   "%mul_ln1118_92 = mul i26 %sext_ln1118_100, -366" [firmware/nnet_utils/nnet_mult.h:73->firmware/nnet_utils/nnet_dense_latency.h:42]   --->   Operation 85 'mul' 'mul_ln1118_92' <Predicate = true> <Delay = 3.34> <Core = "MulnS">   --->   Core 17 'MulnS' <Latency = 1> <II = 1> <Delay = 3.34> <FuncUnit> <Opcode : 'mul'> <InPorts = 2> <OutPorts = 1>
ST_4 : Operation 86 [1/1] (2.07ns)   --->   "%add_ln703_119 = add i16 %trunc_ln708_84, %trunc_ln708_s" [firmware/nnet_utils/nnet_dense_latency.h:58]   --->   Operation 86 'add' 'add_ln703_119' <Predicate = true> <Delay = 2.07> <Core = "AddSub">   --->   Core 14 'AddSub' <Latency = 0> <II = 1> <Delay = 2.07> <FuncUnit> <Opcode : 'add' 'sub'> <InPorts = 2> <OutPorts = 1>
ST_4 : Operation 87 [1/1] (2.07ns)   --->   "%add_ln703_135 = add i16 %trunc_ln708_85, %trunc_ln708_82" [firmware/nnet_utils/nnet_dense_latency.h:58]   --->   Operation 87 'add' 'add_ln703_135' <Predicate = true> <Delay = 2.07> <Core = "AddSub">   --->   Core 14 'AddSub' <Latency = 0> <II = 1> <Delay = 2.07> <FuncUnit> <Opcode : 'add' 'sub'> <InPorts = 2> <OutPorts = 1>

State 5 <SV = 4> <Delay = 3.90>
ST_5 : Operation 88 [1/1] (0.00ns)   --->   "%data_5_V_read_3 = call i16 @_ssdm_op_Read.ap_auto.i16(i16 %data_5_V_read)" [firmware/nnet_utils/nnet_dense_latency.h:13]   --->   Operation 88 'read' 'data_5_V_read_3' <Predicate = true> <Delay = 0.00>
ST_5 : Operation 89 [1/1] (0.00ns)   --->   "%sext_ln708 = sext i11 %trunc_ln708_87 to i16" [firmware/nnet_utils/nnet_dense_latency.h:42]   --->   Operation 89 'sext' 'sext_ln708' <Predicate = true> <Delay = 0.00>
ST_5 : Operation 90 [1/1] (0.00ns)   --->   "%sext_ln708_46 = sext i13 %trunc_ln708_88 to i16" [firmware/nnet_utils/nnet_dense_latency.h:42]   --->   Operation 90 'sext' 'sext_ln708_46' <Predicate = true> <Delay = 0.00>
ST_5 : Operation 91 [1/1] (0.00ns)   --->   "%sext_ln708_47 = sext i15 %trunc_ln708_90 to i16" [firmware/nnet_utils/nnet_dense_latency.h:42]   --->   Operation 91 'sext' 'sext_ln708_47' <Predicate = true> <Delay = 0.00>
ST_5 : Operation 92 [1/2] (3.34ns)   --->   "%mul_ln1118_89 = mul i26 %sext_ln1118_97, -358" [firmware/nnet_utils/nnet_mult.h:73->firmware/nnet_utils/nnet_dense_latency.h:42]   --->   Operation 92 'mul' 'mul_ln1118_89' <Predicate = true> <Delay = 3.34> <Core = "MulnS">   --->   Core 17 'MulnS' <Latency = 1> <II = 1> <Delay = 3.34> <FuncUnit> <Opcode : 'mul'> <InPorts = 2> <OutPorts = 1>
ST_5 : Operation 93 [1/1] (0.00ns)   --->   "%trunc_ln708_93 = call i16 @_ssdm_op_PartSelect.i16.i26.i32.i32(i26 %mul_ln1118_89, i32 10, i32 25)" [firmware/nnet_utils/nnet_dense_latency.h:42]   --->   Operation 93 'partselect' 'trunc_ln708_93' <Predicate = true> <Delay = 0.00>
ST_5 : Operation 94 [1/2] (3.34ns)   --->   "%mul_ln1118_90 = mul i26 %sext_ln1118_100, 715" [firmware/nnet_utils/nnet_mult.h:73->firmware/nnet_utils/nnet_dense_latency.h:42]   --->   Operation 94 'mul' 'mul_ln1118_90' <Predicate = true> <Delay = 3.34> <Core = "MulnS">   --->   Core 17 'MulnS' <Latency = 1> <II = 1> <Delay = 3.34> <FuncUnit> <Opcode : 'mul'> <InPorts = 2> <OutPorts = 1>
ST_5 : Operation 95 [1/1] (0.00ns)   --->   "%trunc_ln708_94 = call i16 @_ssdm_op_PartSelect.i16.i26.i32.i32(i26 %mul_ln1118_90, i32 10, i32 25)" [firmware/nnet_utils/nnet_dense_latency.h:42]   --->   Operation 95 'partselect' 'trunc_ln708_94' <Predicate = true> <Delay = 0.00>
ST_5 : Operation 96 [1/2] (3.34ns)   --->   "%mul_ln1118_91 = mul i25 %sext_ln1118_99, 205" [firmware/nnet_utils/nnet_mult.h:73->firmware/nnet_utils/nnet_dense_latency.h:42]   --->   Operation 96 'mul' 'mul_ln1118_91' <Predicate = true> <Delay = 3.34> <Core = "MulnS">   --->   Core 17 'MulnS' <Latency = 1> <II = 1> <Delay = 3.34> <FuncUnit> <Opcode : 'mul'> <InPorts = 2> <OutPorts = 1>
ST_5 : Operation 97 [1/1] (0.00ns)   --->   "%trunc_ln708_95 = call i15 @_ssdm_op_PartSelect.i15.i25.i32.i32(i25 %mul_ln1118_91, i32 10, i32 24)" [firmware/nnet_utils/nnet_dense_latency.h:42]   --->   Operation 97 'partselect' 'trunc_ln708_95' <Predicate = true> <Delay = 0.00>
ST_5 : Operation 98 [1/2] (3.34ns)   --->   "%mul_ln1118_92 = mul i26 %sext_ln1118_100, -366" [firmware/nnet_utils/nnet_mult.h:73->firmware/nnet_utils/nnet_dense_latency.h:42]   --->   Operation 98 'mul' 'mul_ln1118_92' <Predicate = true> <Delay = 3.34> <Core = "MulnS">   --->   Core 17 'MulnS' <Latency = 1> <II = 1> <Delay = 3.34> <FuncUnit> <Opcode : 'mul'> <InPorts = 2> <OutPorts = 1>
ST_5 : Operation 99 [1/1] (0.00ns)   --->   "%trunc_ln708_96 = call i16 @_ssdm_op_PartSelect.i16.i26.i32.i32(i26 %mul_ln1118_92, i32 10, i32 25)" [firmware/nnet_utils/nnet_dense_latency.h:42]   --->   Operation 99 'partselect' 'trunc_ln708_96' <Predicate = true> <Delay = 0.00>
ST_5 : Operation 100 [2/2] (3.34ns)   --->   "%mul_ln1118_93 = mul i26 %sext_ln1118_100, 350" [firmware/nnet_utils/nnet_mult.h:73->firmware/nnet_utils/nnet_dense_latency.h:42]   --->   Operation 100 'mul' 'mul_ln1118_93' <Predicate = true> <Delay = 3.34> <Core = "MulnS">   --->   Core 17 'MulnS' <Latency = 1> <II = 1> <Delay = 3.34> <FuncUnit> <Opcode : 'mul'> <InPorts = 2> <OutPorts = 1>
ST_5 : Operation 101 [1/1] (0.00ns)   --->   "%sext_ln1118_101 = sext i16 %data_5_V_read_3 to i23" [firmware/nnet_utils/nnet_mult.h:73->firmware/nnet_utils/nnet_dense_latency.h:42]   --->   Operation 101 'sext' 'sext_ln1118_101' <Predicate = true> <Delay = 0.00>
ST_5 : Operation 102 [1/1] (0.00ns)   --->   "%sext_ln1118_102 = sext i16 %data_5_V_read_3 to i26" [firmware/nnet_utils/nnet_mult.h:73->firmware/nnet_utils/nnet_dense_latency.h:42]   --->   Operation 102 'sext' 'sext_ln1118_102' <Predicate = true> <Delay = 0.00>
ST_5 : Operation 103 [2/2] (3.34ns)   --->   "%mul_ln1118_94 = mul i26 %sext_ln1118_102, 431" [firmware/nnet_utils/nnet_mult.h:73->firmware/nnet_utils/nnet_dense_latency.h:42]   --->   Operation 103 'mul' 'mul_ln1118_94' <Predicate = true> <Delay = 3.34> <Core = "MulnS">   --->   Core 17 'MulnS' <Latency = 1> <II = 1> <Delay = 3.34> <FuncUnit> <Opcode : 'mul'> <InPorts = 2> <OutPorts = 1>
ST_5 : Operation 104 [1/1] (0.00ns)   --->   "%shl_ln1118_33 = call i17 @_ssdm_op_BitConcatenate.i17.i16.i1(i16 %data_5_V_read_3, i1 false)" [firmware/nnet_utils/nnet_mult.h:73->firmware/nnet_utils/nnet_dense_latency.h:42]   --->   Operation 104 'bitconcatenate' 'shl_ln1118_33' <Predicate = true> <Delay = 0.00>
ST_5 : Operation 105 [1/1] (0.00ns)   --->   "%sext_ln1118_103 = sext i17 %shl_ln1118_33 to i18" [firmware/nnet_utils/nnet_mult.h:73->firmware/nnet_utils/nnet_dense_latency.h:42]   --->   Operation 105 'sext' 'sext_ln1118_103' <Predicate = true> <Delay = 0.00>
ST_5 : Operation 106 [1/1] (2.10ns)   --->   "%sub_ln1118_31 = sub i18 0, %sext_ln1118_103" [firmware/nnet_utils/nnet_mult.h:73->firmware/nnet_utils/nnet_dense_latency.h:42]   --->   Operation 106 'sub' 'sub_ln1118_31' <Predicate = true> <Delay = 2.10> <Core = "AddSub">   --->   Core 14 'AddSub' <Latency = 0> <II = 1> <Delay = 2.07> <FuncUnit> <Opcode : 'add' 'sub'> <InPorts = 2> <OutPorts = 1>
ST_5 : Operation 107 [1/1] (0.00ns)   --->   "%trunc_ln708_99 = call i8 @_ssdm_op_PartSelect.i8.i18.i32.i32(i18 %sub_ln1118_31, i32 10, i32 17)" [firmware/nnet_utils/nnet_dense_latency.h:42]   --->   Operation 107 'partselect' 'trunc_ln708_99' <Predicate = true> <Delay = 0.00>
ST_5 : Operation 108 [2/2] (3.34ns)   --->   "%mul_ln1118_95 = mul i23 %sext_ln1118_101, -53" [firmware/nnet_utils/nnet_mult.h:73->firmware/nnet_utils/nnet_dense_latency.h:42]   --->   Operation 108 'mul' 'mul_ln1118_95' <Predicate = true> <Delay = 3.34> <Core = "MulnS">   --->   Core 17 'MulnS' <Latency = 1> <II = 1> <Delay = 3.34> <FuncUnit> <Opcode : 'mul'> <InPorts = 2> <OutPorts = 1>
ST_5 : Operation 109 [2/2] (3.34ns)   --->   "%mul_ln1118_96 = mul i26 %sext_ln1118_102, -584" [firmware/nnet_utils/nnet_mult.h:73->firmware/nnet_utils/nnet_dense_latency.h:42]   --->   Operation 109 'mul' 'mul_ln1118_96' <Predicate = true> <Delay = 3.34> <Core = "MulnS">   --->   Core 17 'MulnS' <Latency = 1> <II = 1> <Delay = 3.34> <FuncUnit> <Opcode : 'mul'> <InPorts = 2> <OutPorts = 1>
ST_5 : Operation 110 [1/1] (0.00ns) (grouped into TernaryAdder)   --->   "%add_ln703_112 = add i16 %sext_ln708_47, %trunc_ln708_86" [firmware/nnet_utils/nnet_dense_latency.h:58]   --->   Operation 110 'add' 'add_ln703_112' <Predicate = true> <Delay = 0.00> <Core = "TAddSub">   --->   Core 83 'TAddSub' <Latency = 0> <II = 1> <Delay = 1.95> <IPBlock> <Opcode : 'add' 'sub'> <InPorts = 3> <OutPorts = 1> <Sync> <CReg>
ST_5 : Operation 111 [1/1] (3.90ns) (root node of TernaryAdder)   --->   "%add_ln703_113 = add i16 %add_ln703, %add_ln703_112" [firmware/nnet_utils/nnet_dense_latency.h:58]   --->   Operation 111 'add' 'add_ln703_113' <Predicate = true> <Delay = 3.90> <Core = "TAddSub">   --->   Core 83 'TAddSub' <Latency = 0> <II = 1> <Delay = 1.95> <IPBlock> <Opcode : 'add' 'sub'> <InPorts = 3> <OutPorts = 1> <Sync> <CReg>
ST_5 : Operation 112 [1/1] (0.00ns) (grouped into TernaryAdder)   --->   "%add_ln703_120 = add i16 %trunc_ln708_91, %sext_ln708" [firmware/nnet_utils/nnet_dense_latency.h:58]   --->   Operation 112 'add' 'add_ln703_120' <Predicate = true> <Delay = 0.00> <Core = "TAddSub">   --->   Core 83 'TAddSub' <Latency = 0> <II = 1> <Delay = 1.95> <IPBlock> <Opcode : 'add' 'sub'> <InPorts = 3> <OutPorts = 1> <Sync> <CReg>
ST_5 : Operation 113 [1/1] (3.90ns) (root node of TernaryAdder)   --->   "%add_ln703_121 = add i16 %add_ln703_119, %add_ln703_120" [firmware/nnet_utils/nnet_dense_latency.h:58]   --->   Operation 113 'add' 'add_ln703_121' <Predicate = true> <Delay = 3.90> <Core = "TAddSub">   --->   Core 83 'TAddSub' <Latency = 0> <II = 1> <Delay = 1.95> <IPBlock> <Opcode : 'add' 'sub'> <InPorts = 3> <OutPorts = 1> <Sync> <CReg>
ST_5 : Operation 114 [1/1] (0.00ns)   --->   "%sext_ln703_18 = sext i13 %add_ln703_127 to i16" [firmware/nnet_utils/nnet_dense_latency.h:58]   --->   Operation 114 'sext' 'sext_ln703_18' <Predicate = true> <Delay = 0.00>
ST_5 : Operation 115 [1/1] (0.00ns) (grouped into TernaryAdder)   --->   "%add_ln703_128 = add i16 %trunc_ln708_92, %sext_ln708_46" [firmware/nnet_utils/nnet_dense_latency.h:58]   --->   Operation 115 'add' 'add_ln703_128' <Predicate = true> <Delay = 0.00> <Core = "TAddSub">   --->   Core 83 'TAddSub' <Latency = 0> <II = 1> <Delay = 1.95> <IPBlock> <Opcode : 'add' 'sub'> <InPorts = 3> <OutPorts = 1> <Sync> <CReg>
ST_5 : Operation 116 [1/1] (3.90ns) (root node of TernaryAdder)   --->   "%add_ln703_129 = add i16 %sext_ln703_18, %add_ln703_128" [firmware/nnet_utils/nnet_dense_latency.h:58]   --->   Operation 116 'add' 'add_ln703_129' <Predicate = true> <Delay = 3.90> <Core = "TAddSub">   --->   Core 83 'TAddSub' <Latency = 0> <II = 1> <Delay = 1.95> <IPBlock> <Opcode : 'add' 'sub'> <InPorts = 3> <OutPorts = 1> <Sync> <CReg>

State 6 <SV = 5> <Delay = 3.90>
ST_6 : Operation 117 [1/1] (0.00ns)   --->   "%data_7_V_read_3 = call i16 @_ssdm_op_Read.ap_auto.i16(i16 %data_7_V_read)" [firmware/nnet_utils/nnet_dense_latency.h:13]   --->   Operation 117 'read' 'data_7_V_read_3' <Predicate = true> <Delay = 0.00>
ST_6 : Operation 118 [1/1] (0.00ns)   --->   "%data_6_V_read_3 = call i16 @_ssdm_op_Read.ap_auto.i16(i16 %data_6_V_read)" [firmware/nnet_utils/nnet_dense_latency.h:13]   --->   Operation 118 'read' 'data_6_V_read_3' <Predicate = true> <Delay = 0.00>
ST_6 : Operation 119 [1/1] (0.00ns)   --->   "%sext_ln708_48 = sext i15 %trunc_ln708_95 to i16" [firmware/nnet_utils/nnet_dense_latency.h:42]   --->   Operation 119 'sext' 'sext_ln708_48' <Predicate = true> <Delay = 0.00>
ST_6 : Operation 120 [1/2] (3.34ns)   --->   "%mul_ln1118_93 = mul i26 %sext_ln1118_100, 350" [firmware/nnet_utils/nnet_mult.h:73->firmware/nnet_utils/nnet_dense_latency.h:42]   --->   Operation 120 'mul' 'mul_ln1118_93' <Predicate = true> <Delay = 3.34> <Core = "MulnS">   --->   Core 17 'MulnS' <Latency = 1> <II = 1> <Delay = 3.34> <FuncUnit> <Opcode : 'mul'> <InPorts = 2> <OutPorts = 1>
ST_6 : Operation 121 [1/1] (0.00ns)   --->   "%trunc_ln708_97 = call i16 @_ssdm_op_PartSelect.i16.i26.i32.i32(i26 %mul_ln1118_93, i32 10, i32 25)" [firmware/nnet_utils/nnet_dense_latency.h:42]   --->   Operation 121 'partselect' 'trunc_ln708_97' <Predicate = true> <Delay = 0.00>
ST_6 : Operation 122 [1/2] (3.34ns)   --->   "%mul_ln1118_94 = mul i26 %sext_ln1118_102, 431" [firmware/nnet_utils/nnet_mult.h:73->firmware/nnet_utils/nnet_dense_latency.h:42]   --->   Operation 122 'mul' 'mul_ln1118_94' <Predicate = true> <Delay = 3.34> <Core = "MulnS">   --->   Core 17 'MulnS' <Latency = 1> <II = 1> <Delay = 3.34> <FuncUnit> <Opcode : 'mul'> <InPorts = 2> <OutPorts = 1>
ST_6 : Operation 123 [1/1] (0.00ns)   --->   "%trunc_ln708_98 = call i16 @_ssdm_op_PartSelect.i16.i26.i32.i32(i26 %mul_ln1118_94, i32 10, i32 25)" [firmware/nnet_utils/nnet_dense_latency.h:42]   --->   Operation 123 'partselect' 'trunc_ln708_98' <Predicate = true> <Delay = 0.00>
ST_6 : Operation 124 [1/1] (0.00ns)   --->   "%sext_ln708_49 = sext i8 %trunc_ln708_99 to i16" [firmware/nnet_utils/nnet_dense_latency.h:42]   --->   Operation 124 'sext' 'sext_ln708_49' <Predicate = true> <Delay = 0.00>
ST_6 : Operation 125 [1/2] (3.34ns)   --->   "%mul_ln1118_95 = mul i23 %sext_ln1118_101, -53" [firmware/nnet_utils/nnet_mult.h:73->firmware/nnet_utils/nnet_dense_latency.h:42]   --->   Operation 125 'mul' 'mul_ln1118_95' <Predicate = true> <Delay = 3.34> <Core = "MulnS">   --->   Core 17 'MulnS' <Latency = 1> <II = 1> <Delay = 3.34> <FuncUnit> <Opcode : 'mul'> <InPorts = 2> <OutPorts = 1>
ST_6 : Operation 126 [1/1] (0.00ns)   --->   "%trunc_ln708_100 = call i13 @_ssdm_op_PartSelect.i13.i23.i32.i32(i23 %mul_ln1118_95, i32 10, i32 22)" [firmware/nnet_utils/nnet_dense_latency.h:42]   --->   Operation 126 'partselect' 'trunc_ln708_100' <Predicate = true> <Delay = 0.00>
ST_6 : Operation 127 [1/2] (3.34ns)   --->   "%mul_ln1118_96 = mul i26 %sext_ln1118_102, -584" [firmware/nnet_utils/nnet_mult.h:73->firmware/nnet_utils/nnet_dense_latency.h:42]   --->   Operation 127 'mul' 'mul_ln1118_96' <Predicate = true> <Delay = 3.34> <Core = "MulnS">   --->   Core 17 'MulnS' <Latency = 1> <II = 1> <Delay = 3.34> <FuncUnit> <Opcode : 'mul'> <InPorts = 2> <OutPorts = 1>
ST_6 : Operation 128 [1/1] (0.00ns)   --->   "%trunc_ln708_101 = call i16 @_ssdm_op_PartSelect.i16.i26.i32.i32(i26 %mul_ln1118_96, i32 10, i32 25)" [firmware/nnet_utils/nnet_dense_latency.h:42]   --->   Operation 128 'partselect' 'trunc_ln708_101' <Predicate = true> <Delay = 0.00>
ST_6 : Operation 129 [1/1] (0.00ns)   --->   "%sext_ln1118_104 = sext i16 %data_6_V_read_3 to i24" [firmware/nnet_utils/nnet_mult.h:73->firmware/nnet_utils/nnet_dense_latency.h:42]   --->   Operation 129 'sext' 'sext_ln1118_104' <Predicate = true> <Delay = 0.00>
ST_6 : Operation 130 [1/1] (0.00ns)   --->   "%sext_ln1118_105 = sext i16 %data_6_V_read_3 to i26" [firmware/nnet_utils/nnet_mult.h:73->firmware/nnet_utils/nnet_dense_latency.h:42]   --->   Operation 130 'sext' 'sext_ln1118_105' <Predicate = true> <Delay = 0.00>
ST_6 : Operation 131 [1/1] (0.00ns)   --->   "%sext_ln1118_106 = sext i16 %data_6_V_read_3 to i20" [firmware/nnet_utils/nnet_mult.h:73->firmware/nnet_utils/nnet_dense_latency.h:42]   --->   Operation 131 'sext' 'sext_ln1118_106' <Predicate = true> <Delay = 0.00>
ST_6 : Operation 132 [1/1] (0.00ns)   --->   "%tmp = call i19 @_ssdm_op_BitConcatenate.i19.i16.i3(i16 %data_6_V_read_3, i3 0)" [firmware/nnet_utils/nnet_mult.h:73->firmware/nnet_utils/nnet_dense_latency.h:42]   --->   Operation 132 'bitconcatenate' 'tmp' <Predicate = true> <Delay = 0.00>
ST_6 : Operation 133 [1/1] (0.00ns)   --->   "%sext_ln1118_107 = sext i19 %tmp to i20" [firmware/nnet_utils/nnet_mult.h:73->firmware/nnet_utils/nnet_dense_latency.h:42]   --->   Operation 133 'sext' 'sext_ln1118_107' <Predicate = true> <Delay = 0.00>
ST_6 : Operation 134 [1/1] (2.16ns)   --->   "%sub_ln1118_32 = sub i20 %sext_ln1118_106, %sext_ln1118_107" [firmware/nnet_utils/nnet_mult.h:73->firmware/nnet_utils/nnet_dense_latency.h:42]   --->   Operation 134 'sub' 'sub_ln1118_32' <Predicate = true> <Delay = 2.16> <Core = "AddSub">   --->   Core 14 'AddSub' <Latency = 0> <II = 1> <Delay = 2.07> <FuncUnit> <Opcode : 'add' 'sub'> <InPorts = 2> <OutPorts = 1>
ST_6 : Operation 135 [1/1] (0.00ns)   --->   "%tmp_41 = call i10 @_ssdm_op_PartSelect.i10.i20.i32.i32(i20 %sub_ln1118_32, i32 10, i32 19)" [firmware/nnet_utils/nnet_mult.h:73->firmware/nnet_utils/nnet_dense_latency.h:42]   --->   Operation 135 'partselect' 'tmp_41' <Predicate = true> <Delay = 0.00>
ST_6 : Operation 136 [2/2] (3.34ns)   --->   "%mul_ln1118_97 = mul i26 %sext_ln1118_105, -676" [firmware/nnet_utils/nnet_mult.h:73->firmware/nnet_utils/nnet_dense_latency.h:42]   --->   Operation 136 'mul' 'mul_ln1118_97' <Predicate = true> <Delay = 3.34> <Core = "MulnS">   --->   Core 17 'MulnS' <Latency = 1> <II = 1> <Delay = 3.34> <FuncUnit> <Opcode : 'mul'> <InPorts = 2> <OutPorts = 1>
ST_6 : Operation 137 [2/2] (3.34ns)   --->   "%mul_ln1118_98 = mul i24 %sext_ln1118_104, -88" [firmware/nnet_utils/nnet_mult.h:73->firmware/nnet_utils/nnet_dense_latency.h:42]   --->   Operation 137 'mul' 'mul_ln1118_98' <Predicate = true> <Delay = 3.34> <Core = "MulnS">   --->   Core 17 'MulnS' <Latency = 1> <II = 1> <Delay = 3.34> <FuncUnit> <Opcode : 'mul'> <InPorts = 2> <OutPorts = 1>
ST_6 : Operation 138 [2/2] (3.34ns)   --->   "%mul_ln1118_99 = mul i26 %sext_ln1118_105, -1136" [firmware/nnet_utils/nnet_mult.h:73->firmware/nnet_utils/nnet_dense_latency.h:42]   --->   Operation 138 'mul' 'mul_ln1118_99' <Predicate = true> <Delay = 3.34> <Core = "MulnS">   --->   Core 17 'MulnS' <Latency = 1> <II = 1> <Delay = 3.34> <FuncUnit> <Opcode : 'mul'> <InPorts = 2> <OutPorts = 1>
ST_6 : Operation 139 [1/1] (0.00ns)   --->   "%sext_ln1118_108 = sext i16 %data_7_V_read_3 to i26" [firmware/nnet_utils/nnet_mult.h:73->firmware/nnet_utils/nnet_dense_latency.h:42]   --->   Operation 139 'sext' 'sext_ln1118_108' <Predicate = true> <Delay = 0.00>
ST_6 : Operation 140 [1/1] (0.00ns)   --->   "%shl_ln1118_34 = call i20 @_ssdm_op_BitConcatenate.i20.i16.i4(i16 %data_7_V_read_3, i4 0)" [firmware/nnet_utils/nnet_mult.h:73->firmware/nnet_utils/nnet_dense_latency.h:42]   --->   Operation 140 'bitconcatenate' 'shl_ln1118_34' <Predicate = true> <Delay = 0.00>
ST_6 : Operation 141 [1/1] (0.00ns)   --->   "%sext_ln1118_109 = sext i20 %shl_ln1118_34 to i21" [firmware/nnet_utils/nnet_mult.h:73->firmware/nnet_utils/nnet_dense_latency.h:42]   --->   Operation 141 'sext' 'sext_ln1118_109' <Predicate = true> <Delay = 0.00>
ST_6 : Operation 142 [1/1] (0.00ns)   --->   "%shl_ln1118_35 = call i17 @_ssdm_op_BitConcatenate.i17.i16.i1(i16 %data_7_V_read_3, i1 false)" [firmware/nnet_utils/nnet_mult.h:73->firmware/nnet_utils/nnet_dense_latency.h:42]   --->   Operation 142 'bitconcatenate' 'shl_ln1118_35' <Predicate = true> <Delay = 0.00>
ST_6 : Operation 143 [1/1] (0.00ns)   --->   "%sext_ln1118_110 = sext i17 %shl_ln1118_35 to i21" [firmware/nnet_utils/nnet_mult.h:73->firmware/nnet_utils/nnet_dense_latency.h:42]   --->   Operation 143 'sext' 'sext_ln1118_110' <Predicate = true> <Delay = 0.00>
ST_6 : Operation 144 [1/1] (2.19ns)   --->   "%sub_ln1118_33 = sub i21 %sext_ln1118_110, %sext_ln1118_109" [firmware/nnet_utils/nnet_mult.h:73->firmware/nnet_utils/nnet_dense_latency.h:42]   --->   Operation 144 'sub' 'sub_ln1118_33' <Predicate = true> <Delay = 2.19> <Core = "AddSub">   --->   Core 14 'AddSub' <Latency = 0> <II = 1> <Delay = 2.07> <FuncUnit> <Opcode : 'add' 'sub'> <InPorts = 2> <OutPorts = 1>
ST_6 : Operation 145 [1/1] (0.00ns)   --->   "%tmp_42 = call i11 @_ssdm_op_PartSelect.i11.i21.i32.i32(i21 %sub_ln1118_33, i32 10, i32 20)" [firmware/nnet_utils/nnet_mult.h:73->firmware/nnet_utils/nnet_dense_latency.h:42]   --->   Operation 145 'partselect' 'tmp_42' <Predicate = true> <Delay = 0.00>
ST_6 : Operation 146 [2/2] (3.34ns)   --->   "%mul_ln1118_100 = mul i26 %sext_ln1118_108, 647" [firmware/nnet_utils/nnet_mult.h:73->firmware/nnet_utils/nnet_dense_latency.h:42]   --->   Operation 146 'mul' 'mul_ln1118_100' <Predicate = true> <Delay = 3.34> <Core = "MulnS">   --->   Core 17 'MulnS' <Latency = 1> <II = 1> <Delay = 3.34> <FuncUnit> <Opcode : 'mul'> <InPorts = 2> <OutPorts = 1>
ST_6 : Operation 147 [1/1] (0.00ns)   --->   "%shl_ln1118_36 = call i23 @_ssdm_op_BitConcatenate.i23.i16.i7(i16 %data_7_V_read_3, i7 0)" [firmware/nnet_utils/nnet_mult.h:73->firmware/nnet_utils/nnet_dense_latency.h:42]   --->   Operation 147 'bitconcatenate' 'shl_ln1118_36' <Predicate = true> <Delay = 0.00>
ST_6 : Operation 148 [1/1] (0.00ns)   --->   "%sext_ln1118_111 = sext i23 %shl_ln1118_36 to i24" [firmware/nnet_utils/nnet_mult.h:73->firmware/nnet_utils/nnet_dense_latency.h:42]   --->   Operation 148 'sext' 'sext_ln1118_111' <Predicate = true> <Delay = 0.00>
ST_6 : Operation 149 [1/1] (2.28ns)   --->   "%sub_ln1118_34 = sub i24 0, %sext_ln1118_111" [firmware/nnet_utils/nnet_mult.h:73->firmware/nnet_utils/nnet_dense_latency.h:42]   --->   Operation 149 'sub' 'sub_ln1118_34' <Predicate = true> <Delay = 2.28> <Core = "AddSub">   --->   Core 14 'AddSub' <Latency = 0> <II = 1> <Delay = 2.07> <FuncUnit> <Opcode : 'add' 'sub'> <InPorts = 2> <OutPorts = 1>
ST_6 : Operation 150 [1/1] (0.00ns)   --->   "%tmp_43 = call i14 @_ssdm_op_PartSelect.i14.i24.i32.i32(i24 %sub_ln1118_34, i32 10, i32 23)" [firmware/nnet_utils/nnet_mult.h:73->firmware/nnet_utils/nnet_dense_latency.h:42]   --->   Operation 150 'partselect' 'tmp_43' <Predicate = true> <Delay = 0.00>
ST_6 : Operation 151 [1/1] (1.94ns)   --->   "%add_ln703_122 = add i16 %sext_ln708_49, %sext_ln708_48" [firmware/nnet_utils/nnet_dense_latency.h:58]   --->   Operation 151 'add' 'add_ln703_122' <Predicate = true> <Delay = 1.94> <Core = "AddSub">   --->   Core 14 'AddSub' <Latency = 0> <II = 1> <Delay = 2.07> <FuncUnit> <Opcode : 'add' 'sub'> <InPorts = 2> <OutPorts = 1>
ST_6 : Operation 152 [1/1] (0.00ns) (grouped into TernaryAdder)   --->   "%add_ln703_136 = add i16 %trunc_ln708_93, %trunc_ln708_89" [firmware/nnet_utils/nnet_dense_latency.h:58]   --->   Operation 152 'add' 'add_ln703_136' <Predicate = true> <Delay = 0.00> <Core = "TAddSub">   --->   Core 83 'TAddSub' <Latency = 0> <II = 1> <Delay = 1.95> <IPBlock> <Opcode : 'add' 'sub'> <InPorts = 3> <OutPorts = 1> <Sync> <CReg>
ST_6 : Operation 153 [1/1] (3.90ns) (root node of TernaryAdder)   --->   "%add_ln703_137 = add i16 %add_ln703_135, %add_ln703_136" [firmware/nnet_utils/nnet_dense_latency.h:58]   --->   Operation 153 'add' 'add_ln703_137' <Predicate = true> <Delay = 3.90> <Core = "TAddSub">   --->   Core 83 'TAddSub' <Latency = 0> <II = 1> <Delay = 1.95> <IPBlock> <Opcode : 'add' 'sub'> <InPorts = 3> <OutPorts = 1> <Sync> <CReg>

State 7 <SV = 6> <Delay = 3.34>
ST_7 : Operation 154 [1/1] (0.00ns)   --->   "%sext_ln708_50 = sext i13 %trunc_ln708_100 to i16" [firmware/nnet_utils/nnet_dense_latency.h:42]   --->   Operation 154 'sext' 'sext_ln708_50' <Predicate = true> <Delay = 0.00>
ST_7 : Operation 155 [1/1] (0.00ns)   --->   "%sext_ln1118_114 = sext i10 %tmp_41 to i13" [firmware/nnet_utils/nnet_mult.h:73->firmware/nnet_utils/nnet_dense_latency.h:42]   --->   Operation 155 'sext' 'sext_ln1118_114' <Predicate = true> <Delay = 0.00>
ST_7 : Operation 156 [1/2] (3.34ns)   --->   "%mul_ln1118_97 = mul i26 %sext_ln1118_105, -676" [firmware/nnet_utils/nnet_mult.h:73->firmware/nnet_utils/nnet_dense_latency.h:42]   --->   Operation 156 'mul' 'mul_ln1118_97' <Predicate = true> <Delay = 3.34> <Core = "MulnS">   --->   Core 17 'MulnS' <Latency = 1> <II = 1> <Delay = 3.34> <FuncUnit> <Opcode : 'mul'> <InPorts = 2> <OutPorts = 1>
ST_7 : Operation 157 [1/1] (0.00ns)   --->   "%trunc_ln708_102 = call i16 @_ssdm_op_PartSelect.i16.i26.i32.i32(i26 %mul_ln1118_97, i32 10, i32 25)" [firmware/nnet_utils/nnet_dense_latency.h:42]   --->   Operation 157 'partselect' 'trunc_ln708_102' <Predicate = true> <Delay = 0.00>
ST_7 : Operation 158 [1/2] (3.34ns)   --->   "%mul_ln1118_98 = mul i24 %sext_ln1118_104, -88" [firmware/nnet_utils/nnet_mult.h:73->firmware/nnet_utils/nnet_dense_latency.h:42]   --->   Operation 158 'mul' 'mul_ln1118_98' <Predicate = true> <Delay = 3.34> <Core = "MulnS">   --->   Core 17 'MulnS' <Latency = 1> <II = 1> <Delay = 3.34> <FuncUnit> <Opcode : 'mul'> <InPorts = 2> <OutPorts = 1>
ST_7 : Operation 159 [1/1] (0.00ns)   --->   "%trunc_ln708_103 = call i14 @_ssdm_op_PartSelect.i14.i24.i32.i32(i24 %mul_ln1118_98, i32 10, i32 23)" [firmware/nnet_utils/nnet_dense_latency.h:42]   --->   Operation 159 'partselect' 'trunc_ln708_103' <Predicate = true> <Delay = 0.00>
ST_7 : Operation 160 [1/2] (3.34ns)   --->   "%mul_ln1118_99 = mul i26 %sext_ln1118_105, -1136" [firmware/nnet_utils/nnet_mult.h:73->firmware/nnet_utils/nnet_dense_latency.h:42]   --->   Operation 160 'mul' 'mul_ln1118_99' <Predicate = true> <Delay = 3.34> <Core = "MulnS">   --->   Core 17 'MulnS' <Latency = 1> <II = 1> <Delay = 3.34> <FuncUnit> <Opcode : 'mul'> <InPorts = 2> <OutPorts = 1>
ST_7 : Operation 161 [1/1] (0.00ns)   --->   "%trunc_ln708_104 = call i16 @_ssdm_op_PartSelect.i16.i26.i32.i32(i26 %mul_ln1118_99, i32 10, i32 25)" [firmware/nnet_utils/nnet_dense_latency.h:42]   --->   Operation 161 'partselect' 'trunc_ln708_104' <Predicate = true> <Delay = 0.00>
ST_7 : Operation 162 [1/1] (0.00ns)   --->   "%sext_ln1118_115 = sext i11 %tmp_42 to i12" [firmware/nnet_utils/nnet_mult.h:73->firmware/nnet_utils/nnet_dense_latency.h:42]   --->   Operation 162 'sext' 'sext_ln1118_115' <Predicate = true> <Delay = 0.00>
ST_7 : Operation 163 [1/2] (3.34ns)   --->   "%mul_ln1118_100 = mul i26 %sext_ln1118_108, 647" [firmware/nnet_utils/nnet_mult.h:73->firmware/nnet_utils/nnet_dense_latency.h:42]   --->   Operation 163 'mul' 'mul_ln1118_100' <Predicate = true> <Delay = 3.34> <Core = "MulnS">   --->   Core 17 'MulnS' <Latency = 1> <II = 1> <Delay = 3.34> <FuncUnit> <Opcode : 'mul'> <InPorts = 2> <OutPorts = 1>
ST_7 : Operation 164 [1/1] (0.00ns)   --->   "%trunc_ln708_105 = call i16 @_ssdm_op_PartSelect.i16.i26.i32.i32(i26 %mul_ln1118_100, i32 10, i32 25)" [firmware/nnet_utils/nnet_dense_latency.h:42]   --->   Operation 164 'partselect' 'trunc_ln708_105' <Predicate = true> <Delay = 0.00>
ST_7 : Operation 165 [2/2] (3.34ns)   --->   "%mul_ln1118_101 = mul i26 %sext_ln1118_108, 1035" [firmware/nnet_utils/nnet_mult.h:73->firmware/nnet_utils/nnet_dense_latency.h:42]   --->   Operation 165 'mul' 'mul_ln1118_101' <Predicate = true> <Delay = 3.34> <Core = "MulnS">   --->   Core 17 'MulnS' <Latency = 1> <II = 1> <Delay = 3.34> <FuncUnit> <Opcode : 'mul'> <InPorts = 2> <OutPorts = 1>
ST_7 : Operation 166 [1/1] (2.07ns)   --->   "%add_ln703_114 = add i16 %trunc_ln708_98, %trunc_ln708_94" [firmware/nnet_utils/nnet_dense_latency.h:58]   --->   Operation 166 'add' 'add_ln703_114' <Predicate = true> <Delay = 2.07> <Core = "AddSub">   --->   Core 14 'AddSub' <Latency = 0> <II = 1> <Delay = 2.07> <FuncUnit> <Opcode : 'add' 'sub'> <InPorts = 2> <OutPorts = 1>
ST_7 : Operation 167 [1/1] (1.63ns)   --->   "%add_ln703_115 = add i12 %sext_ln1118_115, 750" [firmware/nnet_utils/nnet_dense_latency.h:58]   --->   Operation 167 'add' 'add_ln703_115' <Predicate = true> <Delay = 1.63> <Core = "AddSub">   --->   Core 14 'AddSub' <Latency = 0> <II = 1> <Delay = 2.07> <FuncUnit> <Opcode : 'add' 'sub'> <InPorts = 2> <OutPorts = 1>
ST_7 : Operation 168 [1/1] (0.00ns)   --->   "%sext_ln703 = sext i12 %add_ln703_115 to i13" [firmware/nnet_utils/nnet_dense_latency.h:58]   --->   Operation 168 'sext' 'sext_ln703' <Predicate = true> <Delay = 0.00>
ST_7 : Operation 169 [1/1] (1.54ns)   --->   "%add_ln703_116 = add i13 %sext_ln1118_114, %sext_ln703" [firmware/nnet_utils/nnet_dense_latency.h:58]   --->   Operation 169 'add' 'add_ln703_116' <Predicate = true> <Delay = 1.54> <Core = "AddSub">   --->   Core 14 'AddSub' <Latency = 0> <II = 1> <Delay = 2.07> <FuncUnit> <Opcode : 'add' 'sub'> <InPorts = 2> <OutPorts = 1>
ST_7 : Operation 170 [1/1] (2.07ns)   --->   "%add_ln703_130 = add i16 %sext_ln708_50, %trunc_ln708_96" [firmware/nnet_utils/nnet_dense_latency.h:58]   --->   Operation 170 'add' 'add_ln703_130' <Predicate = true> <Delay = 2.07> <Core = "AddSub">   --->   Core 14 'AddSub' <Latency = 0> <II = 1> <Delay = 2.07> <FuncUnit> <Opcode : 'add' 'sub'> <InPorts = 2> <OutPorts = 1>
ST_7 : Operation 171 [1/1] (2.07ns)   --->   "%add_ln703_138 = add i16 %trunc_ln708_101, %trunc_ln708_97" [firmware/nnet_utils/nnet_dense_latency.h:58]   --->   Operation 171 'add' 'add_ln703_138' <Predicate = true> <Delay = 2.07> <Core = "AddSub">   --->   Core 14 'AddSub' <Latency = 0> <II = 1> <Delay = 2.07> <FuncUnit> <Opcode : 'add' 'sub'> <InPorts = 2> <OutPorts = 1>

State 8 <SV = 7> <Delay = 3.90>
ST_8 : Operation 172 [1/1] (0.00ns)   --->   "%sext_ln708_51 = sext i14 %trunc_ln708_103 to i16" [firmware/nnet_utils/nnet_dense_latency.h:42]   --->   Operation 172 'sext' 'sext_ln708_51' <Predicate = true> <Delay = 0.00>
ST_8 : Operation 173 [1/1] (0.00ns)   --->   "%sext_ln1118_116 = sext i14 %tmp_43 to i15" [firmware/nnet_utils/nnet_mult.h:73->firmware/nnet_utils/nnet_dense_latency.h:42]   --->   Operation 173 'sext' 'sext_ln1118_116' <Predicate = true> <Delay = 0.00>
ST_8 : Operation 174 [1/2] (3.34ns)   --->   "%mul_ln1118_101 = mul i26 %sext_ln1118_108, 1035" [firmware/nnet_utils/nnet_mult.h:73->firmware/nnet_utils/nnet_dense_latency.h:42]   --->   Operation 174 'mul' 'mul_ln1118_101' <Predicate = true> <Delay = 3.34> <Core = "MulnS">   --->   Core 17 'MulnS' <Latency = 1> <II = 1> <Delay = 3.34> <FuncUnit> <Opcode : 'mul'> <InPorts = 2> <OutPorts = 1>
ST_8 : Operation 175 [1/1] (0.00ns)   --->   "%trunc_ln708_106 = call i16 @_ssdm_op_PartSelect.i16.i26.i32.i32(i26 %mul_ln1118_101, i32 10, i32 25)" [firmware/nnet_utils/nnet_dense_latency.h:42]   --->   Operation 175 'partselect' 'trunc_ln708_106' <Predicate = true> <Delay = 0.00>
ST_8 : Operation 176 [1/1] (0.00ns)   --->   "%sext_ln703_17 = sext i13 %add_ln703_116 to i16" [firmware/nnet_utils/nnet_dense_latency.h:58]   --->   Operation 176 'sext' 'sext_ln703_17' <Predicate = true> <Delay = 0.00>
ST_8 : Operation 177 [1/1] (0.00ns) (grouped into TernaryAdder)   --->   "%add_ln703_117 = add i16 %add_ln703_114, %sext_ln703_17" [firmware/nnet_utils/nnet_dense_latency.h:58]   --->   Operation 177 'add' 'add_ln703_117' <Predicate = true> <Delay = 0.00> <Core = "TAddSub">   --->   Core 83 'TAddSub' <Latency = 0> <II = 1> <Delay = 1.95> <IPBlock> <Opcode : 'add' 'sub'> <InPorts = 3> <OutPorts = 1> <Sync> <CReg>
ST_8 : Operation 178 [1/1] (3.90ns) (root node of TernaryAdder)   --->   "%p_Val2_s = add i16 %add_ln703_113, %add_ln703_117" [firmware/nnet_utils/nnet_dense_latency.h:58]   --->   Operation 178 'add' 'p_Val2_s' <Predicate = true> <Delay = 3.90> <Core = "TAddSub">   --->   Core 83 'TAddSub' <Latency = 0> <II = 1> <Delay = 1.95> <IPBlock> <Opcode : 'add' 'sub'> <InPorts = 3> <OutPorts = 1> <Sync> <CReg>
ST_8 : Operation 179 [1/1] (0.00ns) (grouped into TernaryAdder)   --->   "%add_ln703_123 = add i16 %trunc_ln708_105, 263" [firmware/nnet_utils/nnet_dense_latency.h:58]   --->   Operation 179 'add' 'add_ln703_123' <Predicate = true> <Delay = 0.00> <Core = "TAddSub">   --->   Core 83 'TAddSub' <Latency = 0> <II = 1> <Delay = 1.95> <IPBlock> <Opcode : 'add' 'sub'> <InPorts = 3> <OutPorts = 1> <Sync> <CReg>
ST_8 : Operation 180 [1/1] (3.90ns) (root node of TernaryAdder)   --->   "%add_ln703_124 = add i16 %trunc_ln708_102, %add_ln703_123" [firmware/nnet_utils/nnet_dense_latency.h:58]   --->   Operation 180 'add' 'add_ln703_124' <Predicate = true> <Delay = 3.90> <Core = "TAddSub">   --->   Core 83 'TAddSub' <Latency = 0> <II = 1> <Delay = 1.95> <IPBlock> <Opcode : 'add' 'sub'> <InPorts = 3> <OutPorts = 1> <Sync> <CReg>
ST_8 : Operation 181 [1/1] (1.81ns)   --->   "%add_ln703_131 = add i15 %sext_ln1118_116, -96" [firmware/nnet_utils/nnet_dense_latency.h:58]   --->   Operation 181 'add' 'add_ln703_131' <Predicate = true> <Delay = 1.81> <Core = "AddSub">   --->   Core 14 'AddSub' <Latency = 0> <II = 1> <Delay = 2.07> <FuncUnit> <Opcode : 'add' 'sub'> <InPorts = 2> <OutPorts = 1>
ST_8 : Operation 182 [1/1] (0.00ns)   --->   "%sext_ln703_19 = sext i15 %add_ln703_131 to i16" [firmware/nnet_utils/nnet_dense_latency.h:58]   --->   Operation 182 'sext' 'sext_ln703_19' <Predicate = true> <Delay = 0.00>
ST_8 : Operation 183 [1/1] (1.94ns)   --->   "%add_ln703_132 = add i16 %sext_ln708_51, %sext_ln703_19" [firmware/nnet_utils/nnet_dense_latency.h:58]   --->   Operation 183 'add' 'add_ln703_132' <Predicate = true> <Delay = 1.94> <Core = "AddSub">   --->   Core 14 'AddSub' <Latency = 0> <II = 1> <Delay = 2.07> <FuncUnit> <Opcode : 'add' 'sub'> <InPorts = 2> <OutPorts = 1>

State 9 <SV = 8> <Delay = 3.90>
ST_9 : Operation 184 [1/1] (0.00ns) (grouped into TernaryAdder)   --->   "%add_ln703_125 = add i16 %add_ln703_122, %add_ln703_124" [firmware/nnet_utils/nnet_dense_latency.h:58]   --->   Operation 184 'add' 'add_ln703_125' <Predicate = true> <Delay = 0.00> <Core = "TAddSub">   --->   Core 83 'TAddSub' <Latency = 0> <II = 1> <Delay = 1.95> <IPBlock> <Opcode : 'add' 'sub'> <InPorts = 3> <OutPorts = 1> <Sync> <CReg>
ST_9 : Operation 185 [1/1] (3.90ns) (root node of TernaryAdder)   --->   "%acc_1_V = add i16 %add_ln703_121, %add_ln703_125" [firmware/nnet_utils/nnet_dense_latency.h:58]   --->   Operation 185 'add' 'acc_1_V' <Predicate = true> <Delay = 3.90> <Core = "TAddSub">   --->   Core 83 'TAddSub' <Latency = 0> <II = 1> <Delay = 1.95> <IPBlock> <Opcode : 'add' 'sub'> <InPorts = 3> <OutPorts = 1> <Sync> <CReg>
ST_9 : Operation 186 [1/1] (0.00ns) (grouped into TernaryAdder)   --->   "%add_ln703_133 = add i16 %add_ln703_130, %add_ln703_132" [firmware/nnet_utils/nnet_dense_latency.h:58]   --->   Operation 186 'add' 'add_ln703_133' <Predicate = true> <Delay = 0.00> <Core = "TAddSub">   --->   Core 83 'TAddSub' <Latency = 0> <II = 1> <Delay = 1.95> <IPBlock> <Opcode : 'add' 'sub'> <InPorts = 3> <OutPorts = 1> <Sync> <CReg>
ST_9 : Operation 187 [1/1] (3.90ns) (root node of TernaryAdder)   --->   "%acc_2_V = add i16 %add_ln703_129, %add_ln703_133" [firmware/nnet_utils/nnet_dense_latency.h:58]   --->   Operation 187 'add' 'acc_2_V' <Predicate = true> <Delay = 3.90> <Core = "TAddSub">   --->   Core 83 'TAddSub' <Latency = 0> <II = 1> <Delay = 1.95> <IPBlock> <Opcode : 'add' 'sub'> <InPorts = 3> <OutPorts = 1> <Sync> <CReg>
ST_9 : Operation 188 [1/1] (0.00ns) (grouped into TernaryAdder)   --->   "%add_ln703_139 = add i16 %trunc_ln708_106, 282" [firmware/nnet_utils/nnet_dense_latency.h:58]   --->   Operation 188 'add' 'add_ln703_139' <Predicate = true> <Delay = 0.00> <Core = "TAddSub">   --->   Core 83 'TAddSub' <Latency = 0> <II = 1> <Delay = 1.95> <IPBlock> <Opcode : 'add' 'sub'> <InPorts = 3> <OutPorts = 1> <Sync> <CReg>
ST_9 : Operation 189 [1/1] (3.90ns) (root node of TernaryAdder)   --->   "%add_ln703_140 = add i16 %trunc_ln708_104, %add_ln703_139" [firmware/nnet_utils/nnet_dense_latency.h:58]   --->   Operation 189 'add' 'add_ln703_140' <Predicate = true> <Delay = 3.90> <Core = "TAddSub">   --->   Core 83 'TAddSub' <Latency = 0> <II = 1> <Delay = 1.95> <IPBlock> <Opcode : 'add' 'sub'> <InPorts = 3> <OutPorts = 1> <Sync> <CReg>

State 10 <SV = 9> <Delay = 3.90>
ST_10 : Operation 190 [1/1] (0.00ns)   --->   "call void (...)* @_ssdm_op_SpecPipeline(i32 8, i32 1, i32 1, i32 0, [1 x i8]* @p_str9) nounwind" [firmware/nnet_utils/nnet_dense_latency.h:26]   --->   Operation 190 'specpipeline' <Predicate = true> <Delay = 0.00>
ST_10 : Operation 191 [1/1] (0.00ns)   --->   "call void (...)* @_ssdm_op_SpecResourceLimit(i32 4, [4 x i8]* @p_str11, [1 x i8]* @p_str9, [1 x i8]* @p_str9, [1 x i8]* @p_str9) nounwind" [firmware/nnet_utils/nnet_dense_latency.h:33]   --->   Operation 191 'specresourcelimit' <Predicate = true> <Delay = 0.00>
ST_10 : Operation 192 [1/1] (0.00ns) (grouped into TernaryAdder)   --->   "%add_ln703_141 = add i16 %add_ln703_138, %add_ln703_140" [firmware/nnet_utils/nnet_dense_latency.h:58]   --->   Operation 192 'add' 'add_ln703_141' <Predicate = true> <Delay = 0.00> <Core = "TAddSub">   --->   Core 83 'TAddSub' <Latency = 0> <II = 1> <Delay = 1.95> <IPBlock> <Opcode : 'add' 'sub'> <InPorts = 3> <OutPorts = 1> <Sync> <CReg>
ST_10 : Operation 193 [1/1] (3.90ns) (root node of TernaryAdder)   --->   "%acc_3_V = add i16 %add_ln703_137, %add_ln703_141" [firmware/nnet_utils/nnet_dense_latency.h:58]   --->   Operation 193 'add' 'acc_3_V' <Predicate = true> <Delay = 3.90> <Core = "TAddSub">   --->   Core 83 'TAddSub' <Latency = 0> <II = 1> <Delay = 1.95> <IPBlock> <Opcode : 'add' 'sub'> <InPorts = 3> <OutPorts = 1> <Sync> <CReg>
ST_10 : Operation 194 [1/1] (0.00ns)   --->   "%res_0_V_write_assign = call i26 @_ssdm_op_BitConcatenate.i26.i16.i10(i16 %p_Val2_s, i10 0)" [firmware/nnet_utils/nnet_mult.h:111->firmware/nnet_utils/nnet_dense_latency.h:66]   --->   Operation 194 'bitconcatenate' 'res_0_V_write_assign' <Predicate = true> <Delay = 0.00>
ST_10 : Operation 195 [1/1] (0.00ns)   --->   "%sext_ln728 = sext i26 %res_0_V_write_assign to i36" [firmware/nnet_utils/nnet_mult.h:111->firmware/nnet_utils/nnet_dense_latency.h:66]   --->   Operation 195 'sext' 'sext_ln728' <Predicate = true> <Delay = 0.00>
ST_10 : Operation 196 [1/1] (0.00ns)   --->   "%res_1_V_write_assign = call i26 @_ssdm_op_BitConcatenate.i26.i16.i10(i16 %acc_1_V, i10 0)" [firmware/nnet_utils/nnet_mult.h:111->firmware/nnet_utils/nnet_dense_latency.h:66]   --->   Operation 196 'bitconcatenate' 'res_1_V_write_assign' <Predicate = true> <Delay = 0.00>
ST_10 : Operation 197 [1/1] (0.00ns)   --->   "%sext_ln728_8 = sext i26 %res_1_V_write_assign to i36" [firmware/nnet_utils/nnet_mult.h:111->firmware/nnet_utils/nnet_dense_latency.h:66]   --->   Operation 197 'sext' 'sext_ln728_8' <Predicate = true> <Delay = 0.00>
ST_10 : Operation 198 [1/1] (0.00ns)   --->   "%res_2_V_write_assign = call i26 @_ssdm_op_BitConcatenate.i26.i16.i10(i16 %acc_2_V, i10 0)" [firmware/nnet_utils/nnet_mult.h:111->firmware/nnet_utils/nnet_dense_latency.h:66]   --->   Operation 198 'bitconcatenate' 'res_2_V_write_assign' <Predicate = true> <Delay = 0.00>
ST_10 : Operation 199 [1/1] (0.00ns)   --->   "%sext_ln728_9 = sext i26 %res_2_V_write_assign to i36" [firmware/nnet_utils/nnet_mult.h:111->firmware/nnet_utils/nnet_dense_latency.h:66]   --->   Operation 199 'sext' 'sext_ln728_9' <Predicate = true> <Delay = 0.00>
ST_10 : Operation 200 [1/1] (0.00ns)   --->   "%res_3_V_write_assign = call i26 @_ssdm_op_BitConcatenate.i26.i16.i10(i16 %acc_3_V, i10 0)" [firmware/nnet_utils/nnet_mult.h:111->firmware/nnet_utils/nnet_dense_latency.h:66]   --->   Operation 200 'bitconcatenate' 'res_3_V_write_assign' <Predicate = true> <Delay = 0.00>
ST_10 : Operation 201 [1/1] (0.00ns)   --->   "%sext_ln728_10 = sext i26 %res_3_V_write_assign to i36" [firmware/nnet_utils/nnet_mult.h:111->firmware/nnet_utils/nnet_dense_latency.h:66]   --->   Operation 201 'sext' 'sext_ln728_10' <Predicate = true> <Delay = 0.00>
ST_10 : Operation 202 [1/1] (0.00ns)   --->   "%mrv = insertvalue { i36, i36, i36, i36 } undef, i36 %sext_ln728, 0" [firmware/nnet_utils/nnet_dense_latency.h:68]   --->   Operation 202 'insertvalue' 'mrv' <Predicate = true> <Delay = 0.00>
ST_10 : Operation 203 [1/1] (0.00ns)   --->   "%mrv_1 = insertvalue { i36, i36, i36, i36 } %mrv, i36 %sext_ln728_8, 1" [firmware/nnet_utils/nnet_dense_latency.h:68]   --->   Operation 203 'insertvalue' 'mrv_1' <Predicate = true> <Delay = 0.00>
ST_10 : Operation 204 [1/1] (0.00ns)   --->   "%mrv_2 = insertvalue { i36, i36, i36, i36 } %mrv_1, i36 %sext_ln728_9, 2" [firmware/nnet_utils/nnet_dense_latency.h:68]   --->   Operation 204 'insertvalue' 'mrv_2' <Predicate = true> <Delay = 0.00>
ST_10 : Operation 205 [1/1] (0.00ns)   --->   "%mrv_3 = insertvalue { i36, i36, i36, i36 } %mrv_2, i36 %sext_ln728_10, 3" [firmware/nnet_utils/nnet_dense_latency.h:68]   --->   Operation 205 'insertvalue' 'mrv_3' <Predicate = true> <Delay = 0.00>
ST_10 : Operation 206 [1/1] (0.00ns)   --->   "ret { i36, i36, i36, i36 } %mrv_3" [firmware/nnet_utils/nnet_dense_latency.h:68]   --->   Operation 206 'ret' <Predicate = true> <Delay = 0.00>


============================================================
+ Verbose Summary: Timing violations
============================================================
Target clock period: 5ns, clock uncertainty: 0.625ns.

 <State 1>: 3.77ns
The critical path consists of the following:
	wire read on port 'data_0_V_read' (firmware/nnet_utils/nnet_dense_latency.h:13) [16]  (0 ns)
	'sub' operation ('sub_ln1118', firmware/nnet_utils/nnet_mult.h:73->firmware/nnet_utils/nnet_dense_latency.h:42) [28]  (2.23 ns)
	'add' operation ('add_ln703_127', firmware/nnet_utils/nnet_dense_latency.h:58) [149]  (1.55 ns)

 <State 2>: 3.35ns
The critical path consists of the following:
	wire read on port 'data_2_V_read' (firmware/nnet_utils/nnet_dense_latency.h:13) [14]  (0 ns)
	'mul' operation ('mul_ln1118_83', firmware/nnet_utils/nnet_mult.h:73->firmware/nnet_utils/nnet_dense_latency.h:42) [49]  (3.35 ns)

 <State 3>: 3.35ns
The critical path consists of the following:
	wire read on port 'data_3_V_read' (firmware/nnet_utils/nnet_dense_latency.h:13) [13]  (0 ns)
	'mul' operation ('mul_ln1118_86', firmware/nnet_utils/nnet_mult.h:73->firmware/nnet_utils/nnet_dense_latency.h:42) [65]  (3.35 ns)

 <State 4>: 3.35ns
The critical path consists of the following:
	wire read on port 'data_4_V_read' (firmware/nnet_utils/nnet_dense_latency.h:13) [12]  (0 ns)
	'mul' operation ('mul_ln1118_90', firmware/nnet_utils/nnet_mult.h:73->firmware/nnet_utils/nnet_dense_latency.h:42) [76]  (3.35 ns)

 <State 5>: 3.9ns
The critical path consists of the following:
	'add' operation ('add_ln703_120', firmware/nnet_utils/nnet_dense_latency.h:58) [142]  (0 ns)
	'add' operation ('add_ln703_121', firmware/nnet_utils/nnet_dense_latency.h:58) [143]  (3.9 ns)

 <State 6>: 3.9ns
The critical path consists of the following:
	'add' operation ('add_ln703_136', firmware/nnet_utils/nnet_dense_latency.h:58) [160]  (0 ns)
	'add' operation ('add_ln703_137', firmware/nnet_utils/nnet_dense_latency.h:58) [161]  (3.9 ns)

 <State 7>: 3.35ns
The critical path consists of the following:
	'mul' operation ('mul_ln1118_97', firmware/nnet_utils/nnet_mult.h:73->firmware/nnet_utils/nnet_dense_latency.h:42) [107]  (3.35 ns)

 <State 8>: 3.9ns
The critical path consists of the following:
	'add' operation ('add_ln703_117', firmware/nnet_utils/nnet_dense_latency.h:58) [139]  (0 ns)
	'add' operation ('__Val2__', firmware/nnet_utils/nnet_dense_latency.h:58) [140]  (3.9 ns)

 <State 9>: 3.9ns
The critical path consists of the following:
	'add' operation ('add_ln703_125', firmware/nnet_utils/nnet_dense_latency.h:58) [147]  (0 ns)
	'add' operation ('acc[1].V', firmware/nnet_utils/nnet_dense_latency.h:58) [148]  (3.9 ns)

 <State 10>: 3.9ns
The critical path consists of the following:
	'add' operation ('add_ln703_141', firmware/nnet_utils/nnet_dense_latency.h:58) [165]  (0 ns)
	'add' operation ('acc[3].V', firmware/nnet_utils/nnet_dense_latency.h:58) [166]  (3.9 ns)


============================================================
+ Verbose Summary: Binding
============================================================
N/A
* FSMD analyzer results:
  - Output states:
 - Input state : 
  - Chain level:
	State 1
	State 2
	State 3
	State 4
	State 5
	State 6
	State 7
	State 8
	State 9
	State 10


============================================================
+ Verbose Summary: Datapath Resource usage 
============================================================
N/A
