

================================================================
== Vivado HLS Report for 'dense_resource_rf_gt_nin_rem0_ap_ufixed_ap_fixed_config11_0_0_0_0_0'
================================================================
* Date:           Wed May 20 11:16:29 2026

* Version:        2020.1 (Build 2897737 on Wed May 27 20:21:37 MDT 2020)
* Project:        myproject_prj
* Solution:       solution1
* Product family: zynq
* Target device:  xc7z020-clg400-1


================================================================
== Performance Estimates
================================================================
+ Timing: 
    * Summary: 
    +--------+---------+----------+------------+
    |  Clock |  Target | Estimated| Uncertainty|
    +--------+---------+----------+------------+
    |ap_clk  | 5.00 ns | 5.804 ns |   0.62 ns  |
    +--------+---------+----------+------------+

+ Latency: 
    * Summary: 
    +---------+---------+-----------+-----------+-----+-----+---------------------------------------------+
    |  Latency (cycles) |   Latency (absolute)  |  Interval |                   Pipeline                  |
    |   min   |   max   |    min    |    max    | min | max |                     Type                    |
    +---------+---------+-----------+-----------+-----+-----+---------------------------------------------+
    |       15|       16| 87.060 ns | 92.864 ns |   12|   12| loop rewind(delay=0 initiation interval(s)) |
    +---------+---------+-----------+-----------+-----+-----+---------------------------------------------+

    + Detail: 
        * Instance: 
        N/A

        * Loop: 
        +-------------+---------+---------+----------+-----------+-----------+------+----------+
        |             |  Latency (cycles) | Iteration|  Initiation Interval  | Trip |          |
        |  Loop Name  |   min   |   max   |  Latency |  achieved |   target  | Count| Pipelined|
        +-------------+---------+---------+----------+-----------+-----------+------+----------+
        |- ReuseLoop  |       15|       15|         5|          1|          1|    12|    yes   |
        +-------------+---------+---------+----------+-----------+-----------+------+----------+

============================================================
+ Verbose Summary: Synthesis Manager
============================================================
InlineROM: 1
ExposeGlobal: 0
============================================================
+ Verbose Summary: CDFG Model
============================================================
IsTopModel: 0
ResetActiveHigh: 1
IsCombinational: 2
IsDatapathOnly: 0
HasWiredReturn: 1
HasMFsm: 0
HasVarLatency: 1
IsPipeline: 0
IsRtlPipelined: 0
IsInstanceOverlapped: 0
IsDontTouch: 0
HasImplIP: 0
IsGatedGlobalClock: 0

+ Individual pipeline summary: 
  * Pipeline-0: initiation interval (II) = 1, depth = 5


============================================================
+ Verbose Summary: Schedule
============================================================
* Number of FSM states : 6
* Pipeline : 1
  Pipeline-0 : II = 1, D = 5, States = { 2 3 4 5 6 }
* Dataflow Pipeline: 0

* FSM state transitions: 
1 --> 2 
2 --> 3 
3 --> 4 
4 --> 5 
5 --> 6 
6 --> 2 

* FSM state operations: 

State 1 <SV = 0> <Delay = 1.76>
ST_1 : Operation 7 [1/1] (0.00ns)   --->   "%tmp = call i32 (...)* @_ssdm_op_SpecRegionBegin([12 x i8]* @p_str24)" [firmware/nnet_utils/nnet_dense_resource.h:106]   --->   Operation 7 'specregionbegin' 'tmp' <Predicate = true> <Delay = 0.00>
ST_1 : Operation 8 [1/1] (1.76ns)   --->   "br label %rewind_header" [firmware/nnet_utils/nnet_dense_resource.h:135]   --->   Operation 8 'br' <Predicate = true> <Delay = 1.76>

State 2 <SV = 1> <Delay = 5.02>
ST_2 : Operation 9 [1/1] (0.00ns)   --->   "%do_init = phi i1 [ true, %hls_label_3_begin ], [ false, %ReuseLoop_end ], [ true, %.preheader.0 ]"   --->   Operation 9 'phi' 'do_init' <Predicate = true> <Delay = 0.00>
ST_2 : Operation 10 [1/1] (0.00ns)   --->   "%w_index14 = phi i4 [ 0, %hls_label_3_begin ], [ %w_index, %ReuseLoop_end ], [ 0, %.preheader.0 ]"   --->   Operation 10 'phi' 'w_index14' <Predicate = true> <Delay = 0.00>
ST_2 : Operation 11 [1/1] (0.00ns)   --->   "%in_index_013 = phi i32 [ 0, %hls_label_3_begin ], [ %select_ln154, %ReuseLoop_end ], [ 0, %.preheader.0 ]" [firmware/nnet_utils/nnet_dense_resource.h:154]   --->   Operation 11 'phi' 'in_index_013' <Predicate = true> <Delay = 0.00>
ST_2 : Operation 12 [1/1] (0.00ns)   --->   "%p_read_14 = call i8 @_ssdm_op_Read.ap_auto.i8(i8 %p_read2)" [firmware/nnet_utils/nnet_dense_resource.h:87]   --->   Operation 12 'read' 'p_read_14' <Predicate = (do_init)> <Delay = 0.00>
ST_2 : Operation 13 [1/1] (0.00ns)   --->   "%p_read_15 = call i8 @_ssdm_op_Read.ap_auto.i8(i8 %p_read1)" [firmware/nnet_utils/nnet_dense_resource.h:87]   --->   Operation 13 'read' 'p_read_15' <Predicate = (do_init)> <Delay = 0.00>
ST_2 : Operation 14 [1/1] (0.00ns)   --->   "%p_read15 = call i8 @_ssdm_op_Read.ap_auto.i8(i8 %p_read)" [firmware/nnet_utils/nnet_dense_resource.h:87]   --->   Operation 14 'read' 'p_read15' <Predicate = (do_init)> <Delay = 0.00>
ST_2 : Operation 15 [1/1] (1.76ns)   --->   "br label %ReuseLoop_begin" [firmware/nnet_utils/nnet_dense_resource.h:135]   --->   Operation 15 'br' <Predicate = (do_init)> <Delay = 1.76>
ST_2 : Operation 16 [1/1] (0.00ns)   --->   "%zext_ln139 = zext i4 %w_index14 to i64" [firmware/nnet_utils/nnet_dense_resource.h:139]   --->   Operation 16 'zext' 'zext_ln139' <Predicate = true> <Delay = 0.00>
ST_2 : Operation 17 [1/1] (0.00ns)   --->   "%outidx2_addr = getelementptr [12 x i2]* @outidx2, i64 0, i64 %zext_ln139" [firmware/nnet_utils/nnet_dense_resource.h:139]   --->   Operation 17 'getelementptr' 'outidx2_addr' <Predicate = true> <Delay = 0.00>
ST_2 : Operation 18 [2/2] (3.25ns)   --->   "%out_index = load i2* %outidx2_addr, align 1" [firmware/nnet_utils/nnet_dense_resource.h:139]   --->   Operation 18 'load' 'out_index' <Predicate = true> <Delay = 3.25> <Core = "ROM_nP">   --->   Core 52 'ROM_nP' <Latency = 1> <II = 1> <Delay = 3.25> <Storage> <Opcode : 'load'> <Ports = 0> <Width = 2> <Depth = 12> <ROM>
ST_2 : Operation 19 [1/1] (0.00ns)   --->   "%w11_V_addr = getelementptr [12 x i7]* @w11_V, i64 0, i64 %zext_ln139" [firmware/nnet_utils/nnet_dense_resource.h:145]   --->   Operation 19 'getelementptr' 'w11_V_addr' <Predicate = true> <Delay = 0.00>
ST_2 : Operation 20 [2/2] (3.25ns)   --->   "%w11_V_load = load i7* %w11_V_addr, align 1" [firmware/nnet_utils/nnet_dense_resource.h:145]   --->   Operation 20 'load' 'w11_V_load' <Predicate = true> <Delay = 3.25> <Core = "ROM_nP_BRAM">   --->   Core 55 'ROM_nP_BRAM' <Latency = 1> <II = 1> <Delay = 3.25> <Storage> <Opcode : 'load'> <Ports = 0> <Width = 7> <Depth = 12> <ROM>
ST_2 : Operation 21 [1/1] (1.73ns)   --->   "%w_index = add i4 1, %w_index14" [firmware/nnet_utils/nnet_dense_resource.h:135]   --->   Operation 21 'add' 'w_index' <Predicate = true> <Delay = 1.73> <Core = "AddSub">   --->   Core 14 'AddSub' <Latency = 0> <II = 1> <Delay = 2.55> <FuncUnit> <Opcode : 'add' 'sub'> <InPorts = 2> <OutPorts = 1>
ST_2 : Operation 22 [1/1] (2.55ns)   --->   "%in_index = add nsw i32 %in_index_013, 1" [firmware/nnet_utils/nnet_dense_resource.h:153]   --->   Operation 22 'add' 'in_index' <Predicate = true> <Delay = 2.55> <Core = "AddSub">   --->   Core 14 'AddSub' <Latency = 0> <II = 1> <Delay = 2.55> <FuncUnit> <Opcode : 'add' 'sub'> <InPorts = 2> <OutPorts = 1>
ST_2 : Operation 23 [1/1] (2.47ns)   --->   "%icmp_ln154 = icmp sgt i32 %in_index, 2" [firmware/nnet_utils/nnet_dense_resource.h:154]   --->   Operation 23 'icmp' 'icmp_ln154' <Predicate = true> <Delay = 2.47> <Core = "Cmp">   --->   Core 25 'Cmp' <Latency = 0> <II = 1> <Delay = 1.30> <FuncUnit> <Opcode : 'icmp'> <InPorts = 2> <OutPorts = 1>
ST_2 : Operation 24 [1/1] (1.30ns)   --->   "%icmp_ln135 = icmp eq i4 %w_index14, -5" [firmware/nnet_utils/nnet_dense_resource.h:135]   --->   Operation 24 'icmp' 'icmp_ln135' <Predicate = true> <Delay = 1.30> <Core = "Cmp">   --->   Core 25 'Cmp' <Latency = 0> <II = 1> <Delay = 1.30> <FuncUnit> <Opcode : 'icmp'> <InPorts = 2> <OutPorts = 1>
ST_2 : Operation 25 [1/1] (0.00ns)   --->   "br i1 %icmp_ln135, label %.preheader.0, label %rewind_header" [firmware/nnet_utils/nnet_dense_resource.h:135]   --->   Operation 25 'br' <Predicate = true> <Delay = 0.00>
ST_2 : Operation 26 [1/1] (0.00ns)   --->   "br label %rewind_header" [firmware/nnet_utils/nnet_dense_resource.h:166]   --->   Operation 26 'br' <Predicate = (icmp_ln135)> <Delay = 0.00>

State 3 <SV = 2> <Delay = 5.72>
ST_3 : Operation 27 [1/1] (0.00ns)   --->   "%p_read15_rewind = phi i8 [ undef, %hls_label_3_begin ], [ %p_read15_phi, %ReuseLoop_end ], [ undef, %.preheader.0 ]" [firmware/nnet_utils/nnet_dense_resource.h:87]   --->   Operation 27 'phi' 'p_read15_rewind' <Predicate = true> <Delay = 0.00>
ST_3 : Operation 28 [1/1] (0.00ns)   --->   "%p_read116_rewind = phi i8 [ undef, %hls_label_3_begin ], [ %p_read116_phi, %ReuseLoop_end ], [ undef, %.preheader.0 ]" [firmware/nnet_utils/nnet_dense_resource.h:87]   --->   Operation 28 'phi' 'p_read116_rewind' <Predicate = true> <Delay = 0.00>
ST_3 : Operation 29 [1/1] (0.00ns)   --->   "%p_read217_rewind = phi i8 [ undef, %hls_label_3_begin ], [ %p_read217_phi, %ReuseLoop_end ], [ undef, %.preheader.0 ]" [firmware/nnet_utils/nnet_dense_resource.h:87]   --->   Operation 29 'phi' 'p_read217_rewind' <Predicate = true> <Delay = 0.00>
ST_3 : Operation 30 [1/1] (1.76ns)   --->   "br i1 %do_init, label %hls_label_3_end, label %ReuseLoop_begin"   --->   Operation 30 'br' <Predicate = true> <Delay = 1.76>
ST_3 : Operation 31 [1/1] (0.00ns)   --->   "%p_read15_phi = phi i8 [ %p_read15, %hls_label_3_end ], [ %p_read15_rewind, %rewind_header ]" [firmware/nnet_utils/nnet_dense_resource.h:87]   --->   Operation 31 'phi' 'p_read15_phi' <Predicate = true> <Delay = 0.00>
ST_3 : Operation 32 [1/1] (0.00ns)   --->   "%p_read116_phi = phi i8 [ %p_read_15, %hls_label_3_end ], [ %p_read116_rewind, %rewind_header ]" [firmware/nnet_utils/nnet_dense_resource.h:87]   --->   Operation 32 'phi' 'p_read116_phi' <Predicate = true> <Delay = 0.00>
ST_3 : Operation 33 [1/1] (0.00ns)   --->   "%p_read217_phi = phi i8 [ %p_read_14, %hls_label_3_end ], [ %p_read217_rewind, %rewind_header ]" [firmware/nnet_utils/nnet_dense_resource.h:87]   --->   Operation 33 'phi' 'p_read217_phi' <Predicate = true> <Delay = 0.00>
ST_3 : Operation 34 [1/2] (3.25ns)   --->   "%out_index = load i2* %outidx2_addr, align 1" [firmware/nnet_utils/nnet_dense_resource.h:139]   --->   Operation 34 'load' 'out_index' <Predicate = true> <Delay = 3.25> <Core = "ROM_nP">   --->   Core 52 'ROM_nP' <Latency = 1> <II = 1> <Delay = 3.25> <Storage> <Opcode : 'load'> <Ports = 0> <Width = 2> <Depth = 12> <ROM>
ST_3 : Operation 35 [1/1] (0.00ns)   --->   "%trunc_ln145 = trunc i32 %in_index_013 to i2" [firmware/nnet_utils/nnet_dense_resource.h:145]   --->   Operation 35 'trunc' 'trunc_ln145' <Predicate = true> <Delay = 0.00>
ST_3 : Operation 36 [1/1] (1.77ns)   --->   "%tmp_38 = call i8 @_ssdm_op_Mux.ap_auto.3i8.i2(i8 %p_read15_phi, i8 %p_read116_phi, i8 %p_read217_phi, i2 %trunc_ln145)" [firmware/nnet_utils/nnet_dense_resource.h:145]   --->   Operation 36 'mux' 'tmp_38' <Predicate = true> <Delay = 1.77> <Core = "MuxnS">   --->   Core 31 'MuxnS' <Latency = 0> <II = 1> <Delay = 1.95> <FuncUnit> <Opcode : 'mux'> <InPorts = 2> <OutPorts = 1>
ST_3 : Operation 37 [1/2] (3.25ns)   --->   "%w11_V_load = load i7* %w11_V_addr, align 1" [firmware/nnet_utils/nnet_dense_resource.h:145]   --->   Operation 37 'load' 'w11_V_load' <Predicate = true> <Delay = 3.25> <Core = "ROM_nP_BRAM">   --->   Core 55 'ROM_nP_BRAM' <Latency = 1> <II = 1> <Delay = 3.25> <Storage> <Opcode : 'load'> <Ports = 0> <Width = 7> <Depth = 12> <ROM>
ST_3 : Operation 38 [1/1] (0.69ns)   --->   "%select_ln154 = select i1 %icmp_ln154, i32 0, i32 %in_index" [firmware/nnet_utils/nnet_dense_resource.h:154]   --->   Operation 38 'select' 'select_ln154' <Predicate = true> <Delay = 0.69> <Core = "Sel">   --->   Core 26 'Sel' <Latency = 0> <II = 1> <Delay = 0.69> <FuncUnit> <Opcode : 'select'> <InPorts = 3> <OutPorts = 1>

State 4 <SV = 3> <Delay = 4.17>
ST_4 : Operation 39 [1/1] (0.00ns)   --->   "%zext_ln1116 = zext i8 %tmp_38 to i15" [firmware/nnet_utils/nnet_mult.h:73->firmware/nnet_utils/nnet_dense_resource.h:145]   --->   Operation 39 'zext' 'zext_ln1116' <Predicate = true> <Delay = 0.00>
ST_4 : Operation 40 [1/1] (0.00ns)   --->   "%sext_ln1118 = sext i7 %w11_V_load to i15" [firmware/nnet_utils/nnet_mult.h:73->firmware/nnet_utils/nnet_dense_resource.h:145]   --->   Operation 40 'sext' 'sext_ln1118' <Predicate = true> <Delay = 0.00>
ST_4 : Operation 41 [1/1] (4.17ns)   --->   "%r_V = mul i15 %sext_ln1118, %zext_ln1116" [firmware/nnet_utils/nnet_mult.h:73->firmware/nnet_utils/nnet_dense_resource.h:145]   --->   Operation 41 'mul' 'r_V' <Predicate = true> <Delay = 4.17> <Core = "Mul">   --->   Core 16 'Mul' <Latency = 0> <II = 1> <Delay = 4.17> <FuncUnit> <Opcode : 'mul'> <InPorts = 2> <OutPorts = 1>
ST_4 : Operation 42 [1/1] (0.00ns)   --->   "%trunc_ln = call i14 @_ssdm_op_PartSelect.i14.i15.i32.i32(i15 %r_V, i32 1, i32 14)" [firmware/nnet_utils/nnet_dense_resource.h:145]   --->   Operation 42 'partselect' 'trunc_ln' <Predicate = true> <Delay = 0.00>

State 5 <SV = 4> <Delay = 4.03>
ST_5 : Operation 43 [1/1] (0.00ns)   --->   "%acc_0_V_04 = phi i16 [ 224, %hls_label_3_begin ], [ %acc_0_V_1, %ReuseLoop_end ], [ 224, %.preheader.0 ]" [firmware/nnet_utils/nnet_dense_resource.h:145]   --->   Operation 43 'phi' 'acc_0_V_04' <Predicate = true> <Delay = 0.00>
ST_5 : Operation 44 [1/1] (0.00ns)   --->   "%acc_1_V_03 = phi i16 [ -96, %hls_label_3_begin ], [ %acc_1_V_1, %ReuseLoop_end ], [ -96, %.preheader.0 ]" [firmware/nnet_utils/nnet_dense_resource.h:145]   --->   Operation 44 'phi' 'acc_1_V_03' <Predicate = true> <Delay = 0.00>
ST_5 : Operation 45 [1/1] (0.00ns)   --->   "%acc_2_V_02 = phi i16 [ 288, %hls_label_3_begin ], [ %acc_2_V_1, %ReuseLoop_end ], [ 288, %.preheader.0 ]" [firmware/nnet_utils/nnet_dense_resource.h:145]   --->   Operation 45 'phi' 'acc_2_V_02' <Predicate = true> <Delay = 0.00>
ST_5 : Operation 46 [1/1] (0.00ns)   --->   "%acc_3_V_01 = phi i16 [ -192, %hls_label_3_begin ], [ %acc_3_V_1, %ReuseLoop_end ], [ -192, %.preheader.0 ]" [firmware/nnet_utils/nnet_dense_resource.h:145]   --->   Operation 46 'phi' 'acc_3_V_01' <Predicate = true> <Delay = 0.00>
ST_5 : Operation 47 [1/1] (0.00ns)   --->   "%sext_ln708 = sext i14 %trunc_ln to i16" [firmware/nnet_utils/nnet_dense_resource.h:145]   --->   Operation 47 'sext' 'sext_ln708' <Predicate = true> <Delay = 0.00>
ST_5 : Operation 48 [1/1] (1.95ns)   --->   "%tmp_39 = call i16 @_ssdm_op_Mux.ap_auto.4i16.i2(i16 %acc_0_V_04, i16 %acc_1_V_03, i16 %acc_2_V_02, i16 %acc_3_V_01, i2 %out_index)" [firmware/nnet_utils/nnet_dense_resource.h:145]   --->   Operation 48 'mux' 'tmp_39' <Predicate = true> <Delay = 1.95> <Core = "MuxnS">   --->   Core 31 'MuxnS' <Latency = 0> <II = 1> <Delay = 1.95> <FuncUnit> <Opcode : 'mux'> <InPorts = 2> <OutPorts = 1>
ST_5 : Operation 49 [1/1] (2.07ns)   --->   "%acc_0_V = add i16 %sext_ln708, %tmp_39" [firmware/nnet_utils/nnet_dense_resource.h:145]   --->   Operation 49 'add' 'acc_0_V' <Predicate = true> <Delay = 2.07> <Core = "AddSub">   --->   Core 14 'AddSub' <Latency = 0> <II = 1> <Delay = 2.55> <FuncUnit> <Opcode : 'add' 'sub'> <InPorts = 2> <OutPorts = 1>

State 6 <SV = 5> <Delay = 5.80>
ST_6 : Operation 50 [1/1] (0.00ns)   --->   "%p_Val2_12 = phi i16 [ 224, %hls_label_3_begin ], [ %p_Val2_s, %ReuseLoop_end ], [ 224, %.preheader.0 ]"   --->   Operation 50 'phi' 'p_Val2_12' <Predicate = true> <Delay = 0.00>
ST_6 : Operation 51 [1/1] (0.00ns)   --->   "%p_Val2_1110 = phi i16 [ -96, %hls_label_3_begin ], [ %p_Val2_13, %ReuseLoop_end ], [ -96, %.preheader.0 ]"   --->   Operation 51 'phi' 'p_Val2_1110' <Predicate = true> <Delay = 0.00>
ST_6 : Operation 52 [1/1] (0.00ns)   --->   "%p_Val2_128 = phi i16 [ 288, %hls_label_3_begin ], [ %p_Val2_14, %ReuseLoop_end ], [ 288, %.preheader.0 ]"   --->   Operation 52 'phi' 'p_Val2_128' <Predicate = true> <Delay = 0.00>
ST_6 : Operation 53 [1/1] (0.00ns)   --->   "%p_Val2_136 = phi i16 [ -192, %hls_label_3_begin ], [ %p_Val2_15, %ReuseLoop_end ], [ -192, %.preheader.0 ]"   --->   Operation 53 'phi' 'p_Val2_136' <Predicate = true> <Delay = 0.00>
ST_6 : Operation 54 [1/1] (0.00ns)   --->   "call void (...)* @_ssdm_op_SpecMemCore([12 x i7]* @w11_V, [1 x i8]* @p_str13, [12 x i8]* @p_str17, [1 x i8]* @p_str13, i32 -1, [1 x i8]* @p_str13, [1 x i8]* @p_str13, [1 x i8]* @p_str13, [1 x i8]* @p_str13, [1 x i8]* @p_str13)" [firmware/nnet_utils/nnet_dense_resource.h:107]   --->   Operation 54 'specmemcore' <Predicate = (do_init)> <Delay = 0.00>
ST_6 : Operation 55 [1/1] (0.00ns)   --->   "%empty_23 = call i32 (...)* @_ssdm_op_SpecRegionEnd([12 x i8]* @p_str24, i32 %tmp)" [firmware/nnet_utils/nnet_dense_resource.h:108]   --->   Operation 55 'specregionend' 'empty_23' <Predicate = (do_init)> <Delay = 0.00>
ST_6 : Operation 56 [1/1] (0.00ns)   --->   "call void (...)* @_ssdm_op_SpecLoopName([10 x i8]* @p_str20) nounwind" [firmware/nnet_utils/nnet_dense_resource.h:135]   --->   Operation 56 'specloopname' <Predicate = true> <Delay = 0.00>
ST_6 : Operation 57 [1/1] (0.00ns)   --->   "%tmp_s = call i32 (...)* @_ssdm_op_SpecRegionBegin([10 x i8]* @p_str20)" [firmware/nnet_utils/nnet_dense_resource.h:135]   --->   Operation 57 'specregionbegin' 'tmp_s' <Predicate = true> <Delay = 0.00>
ST_6 : Operation 58 [1/1] (0.00ns)   --->   "call void (...)* @_ssdm_op_SpecPipeline(i32 1, i32 1, i32 1, i32 0, [1 x i8]* @p_str13) nounwind" [firmware/nnet_utils/nnet_dense_resource.h:136]   --->   Operation 58 'specpipeline' <Predicate = true> <Delay = 0.00>
ST_6 : Operation 59 [1/1] (1.76ns)   --->   "switch i2 %out_index, label %branch3 [
    i2 0, label %ReuseLoop_end
    i2 1, label %branch1
    i2 -2, label %branch2
  ]" [firmware/nnet_utils/nnet_dense_resource.h:145]   --->   Operation 59 'switch' <Predicate = true> <Delay = 1.76>
ST_6 : Operation 60 [1/1] (1.76ns)   --->   "br label %ReuseLoop_end" [firmware/nnet_utils/nnet_dense_resource.h:145]   --->   Operation 60 'br' <Predicate = (out_index == 2)> <Delay = 1.76>
ST_6 : Operation 61 [1/1] (1.76ns)   --->   "br label %ReuseLoop_end" [firmware/nnet_utils/nnet_dense_resource.h:145]   --->   Operation 61 'br' <Predicate = (out_index == 1)> <Delay = 1.76>
ST_6 : Operation 62 [1/1] (1.76ns)   --->   "br label %ReuseLoop_end" [firmware/nnet_utils/nnet_dense_resource.h:145]   --->   Operation 62 'br' <Predicate = (out_index == 3)> <Delay = 1.76>
ST_6 : Operation 63 [1/1] (0.00ns)   --->   "%acc_3_V_1 = phi i16 [ %acc_0_V, %branch3 ], [ %acc_3_V_01, %branch2 ], [ %acc_3_V_01, %branch1 ], [ %acc_3_V_01, %ReuseLoop_begin ]"   --->   Operation 63 'phi' 'acc_3_V_1' <Predicate = true> <Delay = 0.00>
ST_6 : Operation 64 [1/1] (0.00ns)   --->   "%acc_2_V_1 = phi i16 [ %acc_2_V_02, %branch3 ], [ %acc_0_V, %branch2 ], [ %acc_2_V_02, %branch1 ], [ %acc_2_V_02, %ReuseLoop_begin ]"   --->   Operation 64 'phi' 'acc_2_V_1' <Predicate = true> <Delay = 0.00>
ST_6 : Operation 65 [1/1] (0.00ns)   --->   "%acc_1_V_1 = phi i16 [ %acc_1_V_03, %branch3 ], [ %acc_1_V_03, %branch2 ], [ %acc_0_V, %branch1 ], [ %acc_1_V_03, %ReuseLoop_begin ]"   --->   Operation 65 'phi' 'acc_1_V_1' <Predicate = true> <Delay = 0.00>
ST_6 : Operation 66 [1/1] (0.00ns)   --->   "%acc_0_V_1 = phi i16 [ %acc_0_V_04, %branch3 ], [ %acc_0_V_04, %branch2 ], [ %acc_0_V_04, %branch1 ], [ %acc_0_V, %ReuseLoop_begin ]"   --->   Operation 66 'phi' 'acc_0_V_1' <Predicate = true> <Delay = 0.00>
ST_6 : Operation 67 [1/1] (0.00ns)   --->   "%p_Val2_15 = phi i16 [ %acc_0_V, %branch3 ], [ %p_Val2_136, %branch2 ], [ %p_Val2_136, %branch1 ], [ %p_Val2_136, %ReuseLoop_begin ]"   --->   Operation 67 'phi' 'p_Val2_15' <Predicate = true> <Delay = 0.00>
ST_6 : Operation 68 [1/1] (0.00ns)   --->   "%p_Val2_14 = phi i16 [ %p_Val2_128, %branch3 ], [ %acc_0_V, %branch2 ], [ %p_Val2_128, %branch1 ], [ %p_Val2_128, %ReuseLoop_begin ]"   --->   Operation 68 'phi' 'p_Val2_14' <Predicate = true> <Delay = 0.00>
ST_6 : Operation 69 [1/1] (0.00ns)   --->   "%p_Val2_13 = phi i16 [ %p_Val2_1110, %branch3 ], [ %p_Val2_1110, %branch2 ], [ %acc_0_V, %branch1 ], [ %p_Val2_1110, %ReuseLoop_begin ]"   --->   Operation 69 'phi' 'p_Val2_13' <Predicate = true> <Delay = 0.00>
ST_6 : Operation 70 [1/1] (0.00ns)   --->   "%p_Val2_s = phi i16 [ %p_Val2_12, %branch3 ], [ %p_Val2_12, %branch2 ], [ %p_Val2_12, %branch1 ], [ %acc_0_V, %ReuseLoop_begin ]"   --->   Operation 70 'phi' 'p_Val2_s' <Predicate = true> <Delay = 0.00>
ST_6 : Operation 71 [1/1] (0.00ns)   --->   "%empty = call i32 (...)* @_ssdm_op_SpecRegionEnd([10 x i8]* @p_str20, i32 %tmp_s)" [firmware/nnet_utils/nnet_dense_resource.h:158]   --->   Operation 71 'specregionend' 'empty' <Predicate = true> <Delay = 0.00>
ST_6 : Operation 72 [1/1] (0.00ns)   --->   "%empty_22 = call i32 (...)* @_ssdm_op_SpecLoopTripCount(i64 12, i64 12, i64 12)"   --->   Operation 72 'speclooptripcount' 'empty_22' <Predicate = true> <Delay = 0.00>
ST_6 : Operation 73 [1/1] (0.00ns)   --->   "%res_0_V_write_assign = call i17 @_ssdm_op_BitConcatenate.i17.i16.i1(i16 %p_Val2_s, i1 false)" [firmware/nnet_utils/nnet_mult.h:111->firmware/nnet_utils/nnet_dense_resource.h:164]   --->   Operation 73 'bitconcatenate' 'res_0_V_write_assign' <Predicate = (icmp_ln135)> <Delay = 0.00>
ST_6 : Operation 74 [1/1] (0.00ns)   --->   "%res_1_V_write_assign = call i17 @_ssdm_op_BitConcatenate.i17.i16.i1(i16 %p_Val2_13, i1 false)" [firmware/nnet_utils/nnet_mult.h:111->firmware/nnet_utils/nnet_dense_resource.h:164]   --->   Operation 74 'bitconcatenate' 'res_1_V_write_assign' <Predicate = (icmp_ln135)> <Delay = 0.00>
ST_6 : Operation 75 [1/1] (0.00ns)   --->   "%res_2_V_write_assign = call i17 @_ssdm_op_BitConcatenate.i17.i16.i1(i16 %p_Val2_14, i1 false)" [firmware/nnet_utils/nnet_mult.h:111->firmware/nnet_utils/nnet_dense_resource.h:164]   --->   Operation 75 'bitconcatenate' 'res_2_V_write_assign' <Predicate = (icmp_ln135)> <Delay = 0.00>
ST_6 : Operation 76 [1/1] (0.00ns)   --->   "%res_3_V_write_assign = call i17 @_ssdm_op_BitConcatenate.i17.i16.i1(i16 %p_Val2_15, i1 false)" [firmware/nnet_utils/nnet_mult.h:111->firmware/nnet_utils/nnet_dense_resource.h:164]   --->   Operation 76 'bitconcatenate' 'res_3_V_write_assign' <Predicate = (icmp_ln135)> <Delay = 0.00>
ST_6 : Operation 77 [1/1] (0.00ns)   --->   "%mrv = insertvalue { i17, i17, i17, i17 } undef, i17 %res_0_V_write_assign, 0" [firmware/nnet_utils/nnet_dense_resource.h:166]   --->   Operation 77 'insertvalue' 'mrv' <Predicate = (icmp_ln135)> <Delay = 0.00>
ST_6 : Operation 78 [1/1] (0.00ns)   --->   "%mrv_1 = insertvalue { i17, i17, i17, i17 } %mrv, i17 %res_1_V_write_assign, 1" [firmware/nnet_utils/nnet_dense_resource.h:166]   --->   Operation 78 'insertvalue' 'mrv_1' <Predicate = (icmp_ln135)> <Delay = 0.00>
ST_6 : Operation 79 [1/1] (0.00ns)   --->   "%mrv_2 = insertvalue { i17, i17, i17, i17 } %mrv_1, i17 %res_2_V_write_assign, 2" [firmware/nnet_utils/nnet_dense_resource.h:166]   --->   Operation 79 'insertvalue' 'mrv_2' <Predicate = (icmp_ln135)> <Delay = 0.00>
ST_6 : Operation 80 [1/1] (0.00ns)   --->   "%mrv_3 = insertvalue { i17, i17, i17, i17 } %mrv_2, i17 %res_3_V_write_assign, 3" [firmware/nnet_utils/nnet_dense_resource.h:166]   --->   Operation 80 'insertvalue' 'mrv_3' <Predicate = (icmp_ln135)> <Delay = 0.00>
ST_6 : Operation 81 [1/1] (0.00ns)   --->   "call void (...)* @_ssdm_op_Return({ i17, i17, i17, i17 } %mrv_3)" [firmware/nnet_utils/nnet_dense_resource.h:166]   --->   Operation 81 'return' <Predicate = (icmp_ln135)> <Delay = 0.00>


============================================================
+ Verbose Summary: Timing violations
============================================================
Target clock period: 5ns, clock uncertainty: 0.625ns.

 <State 1>: 1.77ns
The critical path consists of the following:
	multiplexor before 'phi' operation ('do_init') [11]  (1.77 ns)

 <State 2>: 5.03ns
The critical path consists of the following:
	'phi' operation ('in_index_013', firmware/nnet_utils/nnet_dense_resource.h:154) with incoming values : ('select_ln154', firmware/nnet_utils/nnet_dense_resource.h:154) [16]  (0 ns)
	'add' operation ('in_index', firmware/nnet_utils/nnet_dense_resource.h:153) [71]  (2.55 ns)
	'icmp' operation ('icmp_ln154', firmware/nnet_utils/nnet_dense_resource.h:154) [72]  (2.47 ns)

 <State 3>: 5.72ns
The critical path consists of the following:
	'select' operation ('select_ln154', firmware/nnet_utils/nnet_dense_resource.h:154) [73]  (0.698 ns)
	'phi' operation ('in_index_013', firmware/nnet_utils/nnet_dense_resource.h:154) with incoming values : ('select_ln154', firmware/nnet_utils/nnet_dense_resource.h:154) [16]  (0 ns)
	'add' operation ('in_index', firmware/nnet_utils/nnet_dense_resource.h:153) [71]  (2.55 ns)
	'icmp' operation ('icmp_ln154', firmware/nnet_utils/nnet_dense_resource.h:154) [72]  (2.47 ns)

 <State 4>: 4.17ns
The critical path consists of the following:
	'mul' operation ('r.V', firmware/nnet_utils/nnet_mult.h:73->firmware/nnet_utils/nnet_dense_resource.h:145) [49]  (4.17 ns)

 <State 5>: 4.04ns
The critical path consists of the following:
	'phi' operation ('acc_0_V_04', firmware/nnet_utils/nnet_dense_resource.h:145) with incoming values : ('acc[0].V', firmware/nnet_utils/nnet_dense_resource.h:145) [21]  (0 ns)
	'mux' operation ('tmp_39', firmware/nnet_utils/nnet_dense_resource.h:145) [52]  (1.96 ns)
	'add' operation ('acc[0].V', firmware/nnet_utils/nnet_dense_resource.h:145) [53]  (2.08 ns)

 <State 6>: 5.8ns
The critical path consists of the following:
	multiplexor before 'phi' operation ('acc[1].V') with incoming values : ('acc[0].V', firmware/nnet_utils/nnet_dense_resource.h:145) [65]  (1.77 ns)
	'phi' operation ('acc[1].V') with incoming values : ('acc[0].V', firmware/nnet_utils/nnet_dense_resource.h:145) [65]  (0 ns)
	'phi' operation ('acc_1_V_03', firmware/nnet_utils/nnet_dense_resource.h:145) with incoming values : ('acc[0].V', firmware/nnet_utils/nnet_dense_resource.h:145) [22]  (0 ns)
	'mux' operation ('tmp_39', firmware/nnet_utils/nnet_dense_resource.h:145) [52]  (1.96 ns)
	'add' operation ('acc[0].V', firmware/nnet_utils/nnet_dense_resource.h:145) [53]  (2.08 ns)


============================================================
+ Verbose Summary: Binding
============================================================
N/A
* FSMD analyzer results:
  - Output states:
 - Input state : 
  - Chain level:
	State 1
	State 2
	State 3
	State 4
	State 5
	State 6


============================================================
+ Verbose Summary: Datapath Resource usage 
============================================================
N/A
