

================================================================
== Vivado HLS Report for 'dense_resource_rf_gt_nin_rem0_ap_ufixed_ap_fixed_config11_0_0_0_0_0'
================================================================
* Date:           Wed May 20 11:16:29 2026

* Version:        2020.1 (Build 2897737 on Wed May 27 20:21:37 MDT 2020)
* Project:        myproject_prj
* Solution:       solution1
* Product family: zynq
* Target device:  xc7z020-clg400-1


================================================================
== Performance Estimates
================================================================
+ Timing: 
    * Summary: 
    +--------+---------+----------+------------+
    |  Clock |  Target | Estimated| Uncertainty|
    +--------+---------+----------+------------+
    |ap_clk  | 5.00 ns | 5.804 ns |   0.62 ns  |
    +--------+---------+----------+------------+

+ Latency: 
    * Summary: 
    +---------+---------+-----------+-----------+-----+-----+---------------------------------------------+
    |  Latency (cycles) |   Latency (absolute)  |  Interval |                   Pipeline                  |
    |   min   |   max   |    min    |    max    | min | max |                     Type                    |
    +---------+---------+-----------+-----------+-----+-----+---------------------------------------------+
    |       15|       16| 87.060 ns | 92.864 ns |   12|   12| loop rewind(delay=0 initiation interval(s)) |
    +---------+---------+-----------+-----------+-----+-----+---------------------------------------------+

    + Detail: 
        * Instance: 
        N/A

        * Loop: 
        +-------------+---------+---------+----------+-----------+-----------+------+----------+
        |             |  Latency (cycles) | Iteration|  Initiation Interval  | Trip |          |
        |  Loop Name  |   min   |   max   |  Latency |  achieved |   target  | Count| Pipelined|
        +-------------+---------+---------+----------+-----------+-----------+------+----------+
        |- ReuseLoop  |       15|       15|         5|          1|          1|    12|    yes   |
        +-------------+---------+---------+----------+-----------+-----------+------+----------+

============================================================
+ Verbose Summary: Synthesis Manager
============================================================
InlineROM: 1
ExposeGlobal: 0
============================================================
+ Verbose Summary: CDFG Model
============================================================
IsTopModel: 0
ResetActiveHigh: 1
IsCombinational: 2
IsDatapathOnly: 0
HasWiredReturn: 1
HasMFsm: 0
HasVarLatency: 1
IsPipeline: 0
IsRtlPipelined: 0
IsInstanceOverlapped: 0
IsDontTouch: 0
HasImplIP: 0
IsGatedGlobalClock: 0

+ Individual pipeline summary: 
  * Pipeline-0: initiation interval (II) = 1, depth = 5


============================================================
+ Verbose Summary: Schedule
============================================================
* Number of FSM states : 6
* Pipeline : 1
  Pipeline-0 : II = 1, D = 5, States = { 2 3 4 5 6 }
* Dataflow Pipeline: 0

* FSM state transitions: 
1 --> 2 
2 --> 3 
3 --> 4 
4 --> 5 
5 --> 6 
6 --> 2 

* FSM state operations: 

State 1 <SV = 0> <Delay = 1.76>
ST_1 : Operation 7 [1/1] (0.00ns)   --->   "%tmp = call i32 (...)* @_ssdm_op_SpecRegionBegin([12 x i8]* @p_str24)" [firmware/nnet_utils/nnet_dense_resource.h:106]   --->   Operation 7 'specregionbegin' 'tmp' <Predicate = true> <Delay = 0.00>
ST_1 : Operation 8 [1/1] (1.76ns)   --->   "br label %rewind_header" [firmware/nnet_utils/nnet_dense_resource.h:135]   --->   Operation 8 'br' <Predicate = true> <Delay = 1.76>

State 2 <SV = 1> <Delay = 5.02>
ST_2 : Operation 9 [1/1] (0.00ns)   --->   "%do_init = phi i1 [ true, %hls_label_3_begin ], [ false, %ReuseLoop_end ], [ true, %.preheader.0 ]"   --->   Operation 9 'phi' 'do_init' <Predicate = true> <Delay = 0.00>
ST_2 : Operation 10 [1/1] (0.00ns)   --->   "%w_index14 = phi i4 [ 0, %hls_label_3_begin ], [ %w_index, %ReuseLoop_end ], [ 0, %.preheader.0 ]"   --->   Operation 10 'phi' 'w_index14' <Predicate = true> <Delay = 0.00>
ST_2 : Operation 11 [1/1] (0.00ns)   --->   "%in_index_013 = phi i32 [ 0, %hls_label_3_begin ], [ %select_ln154, %ReuseLoop_end ], [ 0, %.preheader.0 ]" [firmware/nnet_utils/nnet_dense_resource.h:154]   --->   Operation 11 'phi' 'in_index_013' <Predicate = true> <Delay = 0.00>
ST_2 : Operation 12 [1/1] (0.00ns)   --->   "%p_read_14 = call i8 @_ssdm_op_Read.ap_auto.i8(i8 %p_read2)" [firmware/nnet_utils/nnet_dense_resource.h:87]   --->   Operation 12 'read' 'p_read_14' <Predicate = (do_init)> <Delay = 0.00>
ST_2 : Operation 13 [1/1] (0.00ns)   --->   "%p_read_15 = call i8 @_ssdm_op_Read.ap_auto.i8(i8 %p_read1)" [firmware/nnet_utils/nnet_dense_resource.h:87]   --->   Operation 13 'read' 'p_read_15' <Predicate = (do_init)> <Delay = 0.00>
ST_2 : Operation 14 [1/1] (0.00ns)   --->   "%p_read15 = call i8 @_ssdm_op_Read.ap_auto.i8(i8 %p_read)" [firmware/nnet_utils/nnet_dense_resource.h:87]   --->   Operation 14 'read' 'p_read15' <Predicate = (do_init)> <Delay = 0.00>
ST_2 : Operation 15 [1/1] (1.76ns)   --->   "br label %ReuseLoop_begin" [firmware/nnet_utils/nnet_dense_resource.h:135]   --->   Operation 15 'br' <Predicate = (do_init)> <Delay = 1.76>
ST_2 : Operation 16 [1/1] (0.00ns)   --->   "%zext_ln139 = zext i4 %w_index14 to i64" [firmware/nnet_utils/nnet_dense_resource.h:139]   --->   Operation 16 'zext' 'zext_ln139' <Predicate = true> <Delay = 0.00>
ST_2 : Operation 17 [1/1] (0.00ns)   --->   "%outidx2_addr = getelementptr [12 x i2]* @outidx2, i64 0, i64 %zext_ln139" [firmware/nnet_utils/nnet_dense_resource.h:139]   --->   Operation 17 'getelementptr' 'outidx2_addr' <Predicate = true> <Delay = 0.00>
ST_2 : Operation 18 [2/2] (3.25ns)   --->   "%out_index = load i2* %outidx2_addr, align 1" [firmware/nnet_utils/nnet_dense_resource.h:139]   --->   Operation 18 'load' 'out_index' <Predicate = true> <Delay = 3.25> <Core = "ROM_nP">   --->   Core 52 'ROM_nP' <Latency = 1> <II = 1> <Delay = 3.25> <Storage> <Opcode : 'load'> <Ports = 0> <Width = 2> <Depth = 12> <ROM>
ST_2 : Operation 19 [1/1] (0.00ns)   --->   "%w11_V_addr = getelementptr [12 x i7]* @w11_V, i64 0, i64 %zext_ln139" [firmware/nnet_utils/nnet_dense_resource.h:145]   --->   Operation 19 'getelementptr' 'w11_V_addr' <Predicate = true> <Delay = 0.00>
ST_2 : Operation 20 [2/2] (3.25ns)   --->   "%w11_V_load = load i7* %w11_V_addr, align 1" [firmware/nnet_utils/nnet_dense_resource.h:145]   --->   Operation 20 'load' 'w11_V_load' <Predicate = true> <Delay = 3.25> <Core = "ROM_nP_BRAM">   --->   Core 55 'ROM_nP_BRAM' <Latency = 1> <II = 1> <Delay = 3.25> <Storage> <Opcode : 'load'> <Ports = 0> <Width = 7> <Depth = 12> <ROM>
ST_2 : Operation 21 [1/1] (1.73ns)   --->   "%w_index = add i4 1, %w_index14" [firmware/nnet_utils/nnet_dense_resource.h:135]   --->   Operation 21 'add' 'w_index' <Predicate = true> <Delay = 1.73> <Core = "AddSub">   --->   Core 14 'AddSub' <Latency = 0> <II = 1> <Delay = 2.07> <FuncUnit> <Opcode : 'add' 'sub'> <InPorts = 2> <OutPorts = 1>
ST_2 : Operation 22 [1/1] (2.55ns)   --->   "%in_index = add nsw i32 %in_index_013, 1" [firmware/nnet_utils/nnet_dense_resource.h:153]   --->   Operation 22 'add' 'in_index' <Predicate = true> <Delay = 2.55> <Core = "AddSub">   --->   Core 14 'AddSub' <Latency = 0> <II = 1> <Delay = 2.07> <FuncUnit> <Opcode : 'add' 'sub'> <InPorts = 2> <OutPorts = 1>
ST_2 : Operation 23 [1/1] (2.47ns)   --->   "%icmp_ln154 = icmp sgt i32 %in_index, 2" [firmware/nnet_utils/nnet_dense_resource.h:154]   --->   Operation 23 'icmp' 'icmp_ln154' <Predicate = true> <Delay = 2.47> <Core = "Cmp">   --->   Core 25 'Cmp' <Latency = 0> <II = 1> <Delay = 1.30> <FuncUnit> <Opcode : 'icmp'> <InPorts = 2> <OutPorts = 1>
ST_2 : Operation 24 [1/1] (1.30ns)   --->   "%icmp_ln135 = icmp eq i4 %w_index14, -5" [firmware/nnet_utils/nnet_dense_resource.h:135]   --->   Operation 24 'icmp' 'icmp_ln135' <Predicate = true> <Delay = 1.30> <Core = "Cmp">   --->   Core 25 'Cmp' <Latency = 0> <II = 1> <Delay = 1.30> <FuncUnit> <Opcode : 'icmp'> <InPorts = 2> <OutPorts = 1>
ST_2 : Operation 25 [1/1] (0.00ns)   --->   "br i1 %icmp_ln135, label %.preheader.0, label %rewind_header" [firmware/nnet_utils/nnet_dense_resource.h:135]   --->   Operation 25 'br' <Predicate = true> <Delay = 0.00>
ST_2 : Operation 26 [1/1] (0.00ns)   --->   "br label %rewind_header" [firmware/nnet_utils/nnet_dense_resource.h:166]   --->   Operation 26 'br' <Predicate = (icmp_ln135)> <Delay = 0.00>

State 3 <SV = 2> <Delay = 5.72>
ST_3 : Operation 27 [1/1] (0.00ns)   --->   "%p_read15_rewind = phi i8 [ undef, %hls_label_3_begin ], [ %p_read15_phi, %ReuseLoop_end ], [ undef, %.preheader.0 ]" [firmware/nnet_utils/nnet_dense_resource.h:87]   --->   Operation 27 'phi' 'p_read15_rewind' <Predicate = true> <Delay = 0.00>
ST_3 : Operation 28 [1/1] (0.00ns)   --->   "%p_read116_rewind = phi i8 [ undef, %hls_label_3_begin ], [ %p_read116_phi, %ReuseLoop_end ], [ undef, %.preheader.0 ]" [firmware/nnet_utils/nnet_dense_resource.h:87]   --->   Operation 28 'phi' 'p_read116_rewind' <Predicate = true> <Delay = 0.00>
ST_3 : Operation 29 [1/1] (0.00ns)   --->   "%p_read217_rewind = phi i8 [ undef, %hls_label_3_begin ], [ %p_read217_phi, %ReuseLoop_end ], [ undef, %.preheader.0 ]" [firmware/nnet_utils/nnet_dense_resource.h:87]   --->   Operation 29 'phi' 'p_read217_rewind' <Predicate = true> <Delay = 0.00>
ST_3 : Operation 30 [1/1] (1.76ns)   --->   "br i1 %do_init, label %hls_label_3_end, label %ReuseLoop_begin"   --->   Operation 30 'br' <Predicate = true> <Delay = 1.76>
ST_3 : Operation 31 [1/1] (0.00ns)   --->   "%p_read15_phi = phi i8 [ %p_read15, %hls_label_3_end ], [ %p_read15_rewind, %rewind_header ]" [firmware/nnet_utils/nnet_dense_resource.h:87]   --->   Operation 31 'phi' 'p_read15_phi' <Predicate = true> <Delay = 0.00>
ST_3 : Operation 32 [1/1] (0.00ns)   --->   "%p_read116_phi = phi i8 [ %p_read_15, %hls_label_3_end ], [ %p_read116_rewind, %rewind_header ]" [firmware/nnet_utils/nnet_dense_resource.h:87]   --->   Operation 32 'phi' 'p_read116_phi' <Predicate = true> <Delay = 0.00>
ST_3 : Operation 33 [1/1] (0.00ns)   --->   "%p_read217_phi = phi i8 [ %p_read_14, %hls_label_3_end ], [ %p_read217_rewind, %rewind_header ]" [firmware/nnet_utils/nnet_dense_resource.h:87]   --->   Operation 33 'phi' 'p_read217_phi' <Predicate = true> <Delay = 0.00>
ST_3 : Operation 34 [1/2] (3.25ns)   --->   "%out_index = load i2* %outidx2_addr, align 1" [firmware/nnet_utils/nnet_dense_resource.h:139]   --->   Operation 34 'load' 'out_index' <Predicate = true> <Delay = 3.25> <Core = "ROM_nP">   --->   Core 52 'ROM_nP' <Latency = 1> <II = 1> <Delay = 3.25> <Storage> <Opcode : 'load'> <Ports = 0> <Width = 2> <Depth = 12> <ROM>
ST_3 : Operation 35 [1/1] (0.00ns)   --->   "%trunc_ln145 = trunc i32 %in_index_013 to i2" [firmware/nnet_utils/nnet_dense_resource.h:145]   --->   Operation 35 'trunc' 'trunc_ln145' <Predicate = true> <Delay = 0.00>
ST_3 : Operation 36 [1/1] (1.77ns)   --->   "%tmp_38 = call i8 @_ssdm_op_Mux.ap_auto.3i8.i2(i8 %p_read15_phi, i8 %p_read116_phi, i8 %p_read217_phi, i2 %trunc_ln145)" [firmware/nnet_utils/nnet_dense_resource.h:145]   --->   Operation 36 'mux' 'tmp_38' <Predicate = true> <Delay = 1.77> <Core = "MuxnS">   --->   Core 31 'MuxnS' <Latency = 0> <II = 1> <Delay = 1.95> <FuncUnit> <Opcode : 'mux'> <InPorts = 2> <OutPorts = 1>
ST_3 : Operation 37 [1/2] (3.25ns)   --->   "%w11_V_load = load i7* %w11_V_addr, align 1" [firmware/nnet_utils/nnet_dense_resource.h:145]   --->   Operation 37 'load' 'w11_V_load' <Predicate = true> <Delay = 3.25> <Core = "ROM_nP_BRAM">   --->   Core 55 'ROM_nP_BRAM' <Latency = 1> <II = 1> <Delay = 3.25> <Storage> <Opcode : 'load'> <Ports = 0> <Width = 7> <Depth = 12> <ROM>
ST_3 : Operation 38 [1/1] (0.69ns)   --->   "%select_ln154 = select i1 %icmp_ln154, i32 0, i32 %in_index" [firmware/nnet_utils/nnet_dense_resource.h:154]   --->   Operation 38 'select' 'select_ln154' <Predicate = true> <Delay = 0.69> <Core = "Sel">   --->   Core 26 'Sel' <Latency = 0> <II = 1> <Delay = 0.69> <FuncUnit> <Opcode : 'select'> <InPorts = 3> <OutPorts = 1>

State 4 <SV = 3> <Delay = 4.17>
ST_4 : Operation 39 [1/1] (0.00ns)   --->   "%zext_ln1116 = zext i8 %tmp_38 to i15" [firmware/nnet_utils/nnet_mult.h:73->firmware/nnet_utils/nnet_dense_resource.h:145]   --->   Operation 39 'zext' 'zext_ln1116' <Predicate = true> <Delay = 0.00>
ST_4 : Operation 40 [1/1] (0.00ns)   --->   "%sext_ln1118 = sext i7 %w11_V_load to i15" [firmware/nnet_utils/nnet_mult.h:73->firmware/nnet_utils/nnet_dense_resource.h:145]   --->   Operation 40 'sext' 'sext_ln1118' <Predicate = true> <Delay = 0.00>
ST_4 : Operation 41 [1/1] (4.17ns)   --->   "%r_V = mul i15 %sext_ln1118, %zext_ln1116" [firmware/nnet_utils/nnet_mult.h:73->firmware/nnet_utils/nnet_dense_resource.h:145]   --->   Operation 41 'mul' 'r_V' <Predicate = true> <Delay = 4.17> <Core = "Mul">   --->   Core 16 'Mul' <Latency = 0> <II = 1> <Delay = 4.17> <FuncUnit> <Opcode : 'mul'> <InPorts = 2> <OutPorts = 1>
ST_4 : Operation 42 [1/1] (0.00ns)   --->   "%trunc_ln = call i14 @_ssdm_op_PartSelect.i14.i15.i32.i32(i15 %r_V, i32 1, i32 14)" [firmware/nnet_utils/nnet_dense_resource.h:145]   --->   Operation 42 'partselect' 'trunc_ln' <Predicate = true> <Delay = 0.00>

State 5 <SV = 4> <Delay = 4.03>
ST_5 : Operation 43 [1/1] (0.00ns)   --->   "%acc_0_V_04 = phi i16 [ 224, %hls_label_3_begin ], [ %acc_0_V_1, %ReuseLoop_end ], [ 224, %.preheader.0 ]" [firmware/nnet_utils/nnet_dense_resource.h:145]   --->   Operation 43 'phi' 'acc_0_V_04' <Predicate = true> <Delay = 0.00>
ST_5 : Operation 44 [1/1] (0.00ns)   --->   "%acc_1_V_03 = phi i16 [ -96, %hls_label_3_begin ], [ %acc_1_V_1, %ReuseLoop_end ], [ -96, %.preheader.0 ]" [firmware/nnet_utils/nnet_dense_resource.h:145]   --->   Operation 44 'phi' 'acc_1_V_03' <Predicate = true> <Delay = 0.00>
ST_5 : Operation 45 [1/1] (0.00ns)   --->   "%acc_2_V_02 = phi i16 [ 288, %hls_label_3_begin ], [ %acc_2_V_1, %ReuseLoop_end ], [ 288, %.preheader.0 ]" [firmware/nnet_utils/nnet_dense_resource.h:145]   --->   Operation 45 'phi' 'acc_2_V_02' <Predicate = true> <Delay = 0.00>
ST_5 : Operation 46 [1/1] (0.00ns)   --->   "%acc_3_V_01 = phi i16 [ -192, %hls_label_3_begin ], [ %acc_3_V_1, %ReuseLoop_end ], [ -192, %.preheader.0 ]" [firmware/nnet_utils/nnet_dense_resource.h:145]   --->   Operation 46 'phi' 'acc_3_V_01' <Predicate = true> <Delay = 0.00>
ST_5 : Operation 47 [1/1] (0.00ns)   --->   "%sext_ln708 = sext i14 %trunc_ln to i16" [firmware/nnet_utils/nnet_dense_resource.h:145]   --->   Operation 47 'sext' 'sext_ln708' <Predicate = true> <Delay = 0.00>
ST_5 : Operation 48 [1/1] (1.95ns)   --->   "%tmp_39 = call i16 @_ssdm_op_Mux.ap_auto.4i16.i2(i16 %acc_0_V_04, i16 %acc_1_V_03, i16 %acc_2_V_02, i16 %acc_3_V_01, i2 %out_index)" [firmware/nnet_utils/nnet_dense_resource.h:145]   --->   Operation 48 'mux' 'tmp_39' <Predicate = true> <Delay = 1.95> <Core = "MuxnS">   --->   Core 31 'MuxnS' <Latency = 0> <II = 1> <Delay = 1.95> <FuncUnit> <Opcode : 'mux'> <InPorts = 2> <OutPorts = 1>
ST_5 : Operation 49 [1/1] (2.07ns)   --->   "%acc_0_V = add i16 %sext_ln708, %tmp_39" [firmware/nnet_utils/nnet_dense_resource.h:145]   --->   Operation 49 'add' 'acc_0_V' <Predicate = true> <Delay = 2.07> <Core = "AddSub">   --->   Core 14 'AddSub' <Latency = 0> <II = 1> <Delay = 2.07> <FuncUnit> <Opcode : 'add' 'sub'> <InPorts = 2> <OutPorts = 1>

State 6 <SV = 5> <Delay = 5.80>
ST_6 : Operation 50 [1/1] (0.00ns)   --->   "%p_Val2_12 = phi i16 [ 224, %hls_label_3_begin ], [ %p_Val2_s, %ReuseLoop_end ], [ 224, %.preheader.0 ]"   --->   Operation 50 'phi' 'p_Val2_12' <Predicate = true> <Delay = 0.00>
ST_6 : Operation 51 [1/1] (0.00ns)   --->   "%p_Val2_1110 = phi i16 [ -96, %hls_label_3_begin ], [ %p_Val2_13, %ReuseLoop_end ], [ -96, %.preheader.0 ]"   --->   Operation 51 'phi' 'p_Val2_1110' <Predicate = true> <Delay = 0.00>
ST_6 : Operation 52 [1/1] (0.00ns)   --->   "%p_Val2_128 = phi i16 [ 288, %hls_label_3_begin ], [ %p_Val2_14, %ReuseLoop_end ], [ 288, %.preheader.0 ]"   --->   Operation 52 'phi' 'p_Val2_128' <Predicate = true> <Delay = 0.00>
ST_6 : Operation 53 [1/1] (0.00ns)   --->   "%p_Val2_136 = phi i16 [ -192, %hls_label_3_begin ], [ %p_Val2_15, %ReuseLoop_end ], [ -192, %.preheader.0 ]"   --->   Operation 53 'phi' 'p_Val2_136' <Predicate = true> <Delay = 0.00>
ST_6 : Operation 54 [1/1] (0.00ns)   --->   "call void (...)* @_ssdm_op_SpecMemCore([12 x i7]* @w11_V, [1 x i8]* @p_str13, [12 x i8]* @p_str17, [1 x i8]* @p_str13, i32 -1, [1 x i8]* @p_str13, [1 x i8]* @p_str13, [1 x i8]* @p_str13, [1 x i8]* @p_str13, [1 x i8]* @p_str13)" [firmware/nnet_utils/nnet_dense_resource.h:107]   --->   Operation 54 'specmemcore' <Predicate = (do_init)> <Delay = 0.00>
ST_6 : Operation 55 [1/1] (0.00ns)   --->   "%empty_23 = call i32 (...)* @_ssdm_op_SpecRegionEnd([12 x i8]* @p_str24, i32 %tmp)" [firmware/nnet_utils/nnet_dense_resource.h:108]   --->   Operation 55 'specregionend' 'empty_23' <Predicate = (do_init)> <Delay = 0.00>
ST_6 : Operation 56 [1/1] (0.00ns)   --->   "call void (...)* @_ssdm_op_SpecLoopName([10 x i8]* @p_str20) nounwind" [firmware/nnet_utils/nnet_dense_resource.h:135]   --->   Operation 56 'specloopname' <Predicate = true> <Delay = 0.00>
ST_6 : Operation 57 [1/1] (0.00ns)   --->   "%tmp_s = call i32 (...)* @_ssdm_op_SpecRegionBegin([10 x i8]* @p_str20)" [firmware/nnet_utils/nnet_dense_resource.h:135]   --->   Operation 57 'specregionbegin' 'tmp_s' <Predicate = true> <Delay = 0.00>
ST_6 : Operation 58 [1/1] (0.00ns)   --->   "call void (...)* @_ssdm_op_SpecPipeline(i32 1, i32 1, i32 1, i32 0, [1 x i8]* @p_str13) nounwind" [firmware/nnet_utils/nnet_dense_resource.h:136]   --->   Operation 58 'specpipeline' <Predicate = true> <Delay = 0.00>
ST_6 : Operation 59 [1/1] (1.76ns)   --->   "switch i2 %out_index, label %branch3 [
    i2 0, label %ReuseLoop_end
    i2 1, label %branch1
    i2 -2, label %branch2
  ]" [firmware/nnet_utils/nnet_dense_resource.h:145]   --->   Operation 59 'switch' <Predicate = true> <Delay = 1.76>
ST_6 : Operation 60 [1/1] (1.76ns)   --->   "br label %ReuseLoop_end" [firmware/nnet_utils/nnet_dense_resource.h:145]   --->   Operation 60 'br' <Predicate = (out_index == 2)> <Delay = 1.76>
ST_6 : Operation 61 [1/1] (1.76ns)   --->   "br label %ReuseLoop_end" [firmware/nnet_utils/nnet_dense_resource.h:145]   --->   Operation 61 'br' <Predicate = (out_index == 1)> <Delay = 1.76>
ST_6 : Operation 62 [1/1] (1.76ns)   --->   "br label %ReuseLoop_end" [firmware/nnet_utils/nnet_dense_resource.h:145]   --->   Operation 62 'br' <Predicate = (out_index == 3)> <Delay = 1.76>
ST_6 : Operation 63 [1/1] (0.00ns)   --->   "%acc_3_V_1 = phi i16 [ %acc_0_V, %branch3 ], [ %acc_3_V_01, %branch2 ], [ %acc_3_V_01, %branch1 ], [ %acc_3_V_01, %ReuseLoop_begin ]"   --->   Operation 63 'phi' 'acc_3_V_1' <Predicate = true> <Delay = 0.00>
ST_6 : Operation 64 [1/1] (0.00ns)   --->   "%acc_2_V_1 = phi i16 [ %acc_2_V_02, %branch3 ], [ %acc_0_V, %branch2 ], [ %acc_2_V_02, %branch1 ], [ %acc_2_V_02, %ReuseLoop_begin ]"   --->   Operation 64 'phi' 'acc_2_V_1' <Predicate = true> <Delay = 0.00>
ST_6 : Operation 65 [1/1] (0.00ns)   --->   "%acc_1_V_1 = phi i16 [ %acc_1_V_03, %branch3 ], [ %acc_1_V_03, %branch2 ], [ %acc_0_V, %branch1 ], [ %acc_1_V_03, %ReuseLoop_begin ]"   --->   Operation 65 'phi' 'acc_1_V_1' <Predicate = true> <Delay = 0.00>
ST_6 : Operation 66 [1/1] (0.00ns)   --->   "%acc_0_V_1 = phi i16 [ %acc_0_V_04, %branch3 ], [ %acc_0_V_04, %branch2 ], [ %acc_0_V_04, %branch1 ], [ %acc_0_V, %ReuseLoop_begin ]"   --->   Operation 66 'phi' 'acc_0_V_1' <Predicate = true> <Delay = 0.00>
ST_6 : Operation 67 [1/1] (0.00ns)   --->   "%p_Val2_15 = phi i16 [ %acc_0_V, %branch3 ], [ %p_Val2_136, %branch2 ], [ %p_Val2_136, %branch1 ], [ %p_Val2_136, %ReuseLoop_begin ]"   --->   Operation 67 'phi' 'p_Val2_15' <Predicate = true> <Delay = 0.00>
ST_6 : Operation 68 [1/1] (0.00ns)   --->   "%p_Val2_14 = phi i16 [ %p_Val2_128, %branch3 ], [ %acc_0_V, %branch2 ], [ %p_Val2_128, %branch1 ], [ %p_Val2_128, %ReuseLoop_begin ]"   --->   Operation 68 'phi' 'p_Val2_14' <Predicate = true> <Delay = 0.00>
ST_6 : Operation 69 [1/1] (0.00ns)   --->   "%p_Val2_13 = phi i16 [ %p_Val2_1110, %branch3 ], [ %p_Val2_1110, %branch2 ], [ %acc_0_V, %branch1 ], [ %p_Val2_1110, %ReuseLoop_begin ]"   --->   Operation 69 'phi' 'p_Val2_13' <Predicate = true> <Delay = 0.00>
ST_6 : Operation 70 [1/1] (0.00ns)   --->   "%p_Val2_s = phi i16 [ %p_Val2_12, %branch3 ], [ %p_Val2_12, %branch2 ], [ %p_Val2_12, %branch1 ], [ %acc_0_V, %ReuseLoop_begin ]"   --->   Operation 70 'phi' 'p_Val2_s' <Predicate = true> <Delay = 0.00>
ST_6 : Operation 71 [1/1] (0.00ns)   --->   "%empty = call i32 (...)* @_ssdm_op_SpecRegionEnd([10 x i8]* @p_str20, i32 %tmp_s)" [firmware/nnet_utils/nnet_dense_resource.h:158]   --->   Operation 71 'specregionend' 'empty' <Predicate = true> <Delay = 0.00>
ST_6 : Operation 72 [1/1] (0.00ns)   --->   "%empty_22 = call i32 (...)* @_ssdm_op_SpecLoopTripCount(i64 12, i64 12, i64 12)"   --->   Operation 72 'speclooptripcount' 'empty_22' <Predicate = true> <Delay = 0.00>
ST_6 : Operation 73 [1/1] (0.00ns)   --->   "%res_0_V_write_assign = call i17 @_ssdm_op_BitConcatenate.i17.i16.i1(i16 %p_Val2_s, i1 false)" [firmware/nnet_utils/nnet_mult.h:111->firmware/nnet_utils/nnet_dense_resource.h:164]   --->   Operation 73 'bitconcatenate' 'res_0_V_write_assign' <Predicate = (icmp_ln135)> <Delay = 0.00>
ST_6 : Operation 74 [1/1] (0.00ns)   --->   "%res_1_V_write_assign = call i17 @_ssdm_op_BitConcatenate.i17.i16.i1(i16 %p_Val2_13, i1 false)" [firmware/nnet_utils/nnet_mult.h:111->firmware/nnet_utils/nnet_dense_resource.h:164]   --->   Operation 74 'bitconcatenate' 'res_1_V_write_assign' <Predicate = (icmp_ln135)> <Delay = 0.00>
ST_6 : Operation 75 [1/1] (0.00ns)   --->   "%res_2_V_write_assign = call i17 @_ssdm_op_BitConcatenate.i17.i16.i1(i16 %p_Val2_14, i1 false)" [firmware/nnet_utils/nnet_mult.h:111->firmware/nnet_utils/nnet_dense_resource.h:164]   --->   Operation 75 'bitconcatenate' 'res_2_V_write_assign' <Predicate = (icmp_ln135)> <Delay = 0.00>
ST_6 : Operation 76 [1/1] (0.00ns)   --->   "%res_3_V_write_assign = call i17 @_ssdm_op_BitConcatenate.i17.i16.i1(i16 %p_Val2_15, i1 false)" [firmware/nnet_utils/nnet_mult.h:111->firmware/nnet_utils/nnet_dense_resource.h:164]   --->   Operation 76 'bitconcatenate' 'res_3_V_write_assign' <Predicate = (icmp_ln135)> <Delay = 0.00>
ST_6 : Operation 77 [1/1] (0.00ns)   --->   "%mrv = insertvalue { i17, i17, i17, i17 } undef, i17 %res_0_V_write_assign, 0" [firmware/nnet_utils/nnet_dense_resource.h:166]   --->   Operation 77 'insertvalue' 'mrv' <Predicate = (icmp_ln135)> <Delay = 0.00>
ST_6 : Operation 78 [1/1] (0.00ns)   --->   "%mrv_1 = insertvalue { i17, i17, i17, i17 } %mrv, i17 %res_1_V_write_assign, 1" [firmware/nnet_utils/nnet_dense_resource.h:166]   --->   Operation 78 'insertvalue' 'mrv_1' <Predicate = (icmp_ln135)> <Delay = 0.00>
ST_6 : Operation 79 [1/1] (0.00ns)   --->   "%mrv_2 = insertvalue { i17, i17, i17, i17 } %mrv_1, i17 %res_2_V_write_assign, 2" [firmware/nnet_utils/nnet_dense_resource.h:166]   --->   Operation 79 'insertvalue' 'mrv_2' <Predicate = (icmp_ln135)> <Delay = 0.00>
ST_6 : Operation 80 [1/1] (0.00ns)   --->   "%mrv_3 = insertvalue { i17, i17, i17, i17 } %mrv_2, i17 %res_3_V_write_assign, 3" [firmware/nnet_utils/nnet_dense_resource.h:166]   --->   Operation 80 'insertvalue' 'mrv_3' <Predicate = (icmp_ln135)> <Delay = 0.00>
ST_6 : Operation 81 [1/1] (0.00ns)   --->   "call void (...)* @_ssdm_op_Return({ i17, i17, i17, i17 } %mrv_3)" [firmware/nnet_utils/nnet_dense_resource.h:166]   --->   Operation 81 'return' <Predicate = (icmp_ln135)> <Delay = 0.00>


============================================================
+ Verbose Summary: Binding
============================================================
STG Binding: 
---------------- STG Properties BEGIN ----------------
- Is combinational: 0
- Is one-state seq: 0
- Is datapath-only: 0
- Is pipelined: 0
- Is top level: 0
Port [ Return ] is wired: 1; IO mode=ap_ctrl_hs:ce=0
Port [ p_read]:  wired=1; compound=0; hidden=0; nouse=0; global=0; static=0; extern=0; dir=0; type=0; pingpong=0; private_global=0; IO mode=ap_none:ce=0
Port [ p_read1]:  wired=1; compound=0; hidden=0; nouse=0; global=0; static=0; extern=0; dir=0; type=0; pingpong=0; private_global=0; IO mode=ap_none:ce=0
Port [ p_read2]:  wired=1; compound=0; hidden=0; nouse=0; global=0; static=0; extern=0; dir=0; type=0; pingpong=0; private_global=0; IO mode=ap_none:ce=0
Port [ outidx2]:  wired=0; compound=1; hidden=1; nouse=0; global=1; static=1; extern=0; dir=0; type=1; pingpong=0; private_global=1; linkage=7; visibility=0; MemPort=[1]; IO mode=ap_memory:ce=0
Port [ w11_V]:  wired=0; compound=1; hidden=1; nouse=0; global=1; static=0; extern=0; dir=0; type=1; pingpong=0; private_global=1; linkage=0; visibility=0; MemPort=[1]; IO mode=ap_memory:ce=0
---------------- STG Properties END ------------------

---------------- Datapath Model BEGIN ----------------

<LifeTime>
<method=bitvector/>
tmp                  (specregionbegin  ) [ 0011111]
br_ln135             (br               ) [ 0111111]
do_init              (phi              ) [ 0011111]
w_index14            (phi              ) [ 0011111]
in_index_013         (phi              ) [ 0011111]
p_read_14            (read             ) [ 0011111]
p_read_15            (read             ) [ 0011111]
p_read15             (read             ) [ 0011111]
br_ln135             (br               ) [ 0011111]
zext_ln139           (zext             ) [ 0000000]
outidx2_addr         (getelementptr    ) [ 0011000]
w11_V_addr           (getelementptr    ) [ 0011000]
w_index              (add              ) [ 0111111]
in_index             (add              ) [ 0011000]
icmp_ln154           (icmp             ) [ 0011000]
icmp_ln135           (icmp             ) [ 0011111]
br_ln135             (br               ) [ 0111111]
br_ln166             (br               ) [ 0111111]
p_read15_rewind      (phi              ) [ 0011000]
p_read116_rewind     (phi              ) [ 0011000]
p_read217_rewind     (phi              ) [ 0011000]
br_ln0               (br               ) [ 0000000]
p_read15_phi         (phi              ) [ 0111111]
p_read116_phi        (phi              ) [ 0111111]
p_read217_phi        (phi              ) [ 0111111]
out_index            (load             ) [ 0010111]
trunc_ln145          (trunc            ) [ 0000000]
tmp_38               (mux              ) [ 0010100]
w11_V_load           (load             ) [ 0010100]
select_ln154         (select           ) [ 0110111]
zext_ln1116          (zext             ) [ 0000000]
sext_ln1118          (sext             ) [ 0000000]
r_V                  (mul              ) [ 0000000]
trunc_ln             (partselect       ) [ 0010010]
acc_0_V_04           (phi              ) [ 0011111]
acc_1_V_03           (phi              ) [ 0011111]
acc_2_V_02           (phi              ) [ 0011111]
acc_3_V_01           (phi              ) [ 0011111]
sext_ln708           (sext             ) [ 0000000]
tmp_39               (mux              ) [ 0000000]
acc_0_V              (add              ) [ 0010001]
p_Val2_12            (phi              ) [ 0011111]
p_Val2_1110          (phi              ) [ 0011111]
p_Val2_128           (phi              ) [ 0011111]
p_Val2_136           (phi              ) [ 0011111]
specmemcore_ln107    (specmemcore      ) [ 0000000]
empty_23             (specregionend    ) [ 0000000]
specloopname_ln135   (specloopname     ) [ 0000000]
tmp_s                (specregionbegin  ) [ 0000000]
specpipeline_ln136   (specpipeline     ) [ 0000000]
switch_ln145         (switch           ) [ 0000000]
br_ln145             (br               ) [ 0000000]
br_ln145             (br               ) [ 0000000]
br_ln145             (br               ) [ 0000000]
acc_3_V_1            (phi              ) [ 0111111]
acc_2_V_1            (phi              ) [ 0111111]
acc_1_V_1            (phi              ) [ 0111111]
acc_0_V_1            (phi              ) [ 0111111]
p_Val2_15            (phi              ) [ 0110001]
p_Val2_14            (phi              ) [ 0110001]
p_Val2_13            (phi              ) [ 0110001]
p_Val2_s             (phi              ) [ 0110001]
empty                (specregionend    ) [ 0000000]
empty_22             (speclooptripcount) [ 0000000]
res_0_V_write_assign (bitconcatenate   ) [ 0000000]
res_1_V_write_assign (bitconcatenate   ) [ 0000000]
res_2_V_write_assign (bitconcatenate   ) [ 0000000]
res_3_V_write_assign (bitconcatenate   ) [ 0000000]
mrv                  (insertvalue      ) [ 0000000]
mrv_1                (insertvalue      ) [ 0000000]
mrv_2                (insertvalue      ) [ 0000000]
mrv_3                (insertvalue      ) [ 0000000]
return_ln166         (return           ) [ 0000000]
</LifeTime>

<model>

<comp_list>
<comp id="0" class="1000" name="p_read">
<pin_list>
<pin id="1" dir="1" index="0" bw="1" slack="0"/>
</pin_list>
<bind>
<StgValue><ssdm name="p_read"/></StgValue>
</bind>
</comp>

<comp id="2" class="1000" name="p_read1">
<pin_list>
<pin id="3" dir="1" index="0" bw="1" slack="0"/>
</pin_list>
<bind>
<StgValue><ssdm name="p_read1"/></StgValue>
</bind>
</comp>

<comp id="4" class="1000" name="p_read2">
<pin_list>
<pin id="5" dir="1" index="0" bw="1" slack="0"/>
</pin_list>
<bind>
<StgValue><ssdm name="p_read2"/></StgValue>
</bind>
</comp>

<comp id="6" class="1000" name="outidx2">
<pin_list>
<pin id="7" dir="1" index="0" bw="1" slack="0"/>
</pin_list>
<bind>
<StgValue><ssdm name="outidx2"/><MemPortTyVec>1 </MemPortTyVec>
</StgValue>
</bind>
</comp>

<comp id="8" class="1000" name="w11_V">
<pin_list>
<pin id="9" dir="1" index="0" bw="1" slack="0"/>
</pin_list>
<bind>
<StgValue><ssdm name="w11_V"/><MemPortTyVec>1 </MemPortTyVec>
</StgValue>
</bind>
</comp>

<comp id="10" class="1001" name="const_10">
<pin_list>
<pin id="11" dir="1" index="0" bw="1" slack="2147483647"/>
</pin_list>
<bind>
<StgValue><ssdm name="_ssdm_op_SpecRegionBegin"/></StgValue>
</bind>
</comp>

<comp id="12" class="1001" name="const_12">
<pin_list>
<pin id="13" dir="1" index="0" bw="1" slack="2147483647"/>
</pin_list>
<bind>
<StgValue><ssdm name="p_str24"/></StgValue>
</bind>
</comp>

<comp id="14" class="1001" name="const_14">
<pin_list>
<pin id="15" dir="1" index="0" bw="1" slack="0"/>
</pin_list>
<bind>
<StgValue><ssdm name=""/></StgValue>
</bind>
</comp>

<comp id="16" class="1001" name="const_16">
<pin_list>
<pin id="17" dir="1" index="0" bw="1" slack="0"/>
</pin_list>
<bind>
<StgValue><ssdm name=""/></StgValue>
</bind>
</comp>

<comp id="18" class="1001" name="const_18">
<pin_list>
<pin id="19" dir="1" index="0" bw="1" slack="0"/>
</pin_list>
<bind>
<StgValue><ssdm name=""/></StgValue>
</bind>
</comp>

<comp id="20" class="1001" name="const_20">
<pin_list>
<pin id="21" dir="1" index="0" bw="1" slack="0"/>
</pin_list>
<bind>
<StgValue><ssdm name=""/></StgValue>
</bind>
</comp>

<comp id="22" class="1001" name="const_22">
<pin_list>
<pin id="23" dir="1" index="0" bw="1" slack="0"/>
</pin_list>
<bind>
<StgValue><ssdm name="_ssdm_op_Read.ap_auto.i8"/></StgValue>
</bind>
</comp>

<comp id="24" class="1001" name="const_24">
<pin_list>
<pin id="25" dir="1" index="0" bw="1" slack="0"/>
</pin_list>
<bind>
<StgValue><ssdm name=""/></StgValue>
</bind>
</comp>

<comp id="26" class="1001" name="const_26">
<pin_list>
<pin id="27" dir="1" index="0" bw="1" slack="0"/>
</pin_list>
<bind>
<StgValue><ssdm name=""/></StgValue>
</bind>
</comp>

<comp id="28" class="1001" name="const_28">
<pin_list>
<pin id="29" dir="1" index="0" bw="1" slack="0"/>
</pin_list>
<bind>
<StgValue><ssdm name=""/></StgValue>
</bind>
</comp>

<comp id="30" class="1001" name="const_30">
<pin_list>
<pin id="31" dir="1" index="0" bw="1" slack="0"/>
</pin_list>
<bind>
<StgValue><ssdm name=""/></StgValue>
</bind>
</comp>

<comp id="32" class="1001" name="const_32">
<pin_list>
<pin id="33" dir="1" index="0" bw="1" slack="0"/>
</pin_list>
<bind>
<StgValue><ssdm name=""/></StgValue>
</bind>
</comp>

<comp id="34" class="1001" name="const_34">
<pin_list>
<pin id="35" dir="1" index="0" bw="1" slack="1"/>
</pin_list>
<bind>
<StgValue><ssdm name=""/></StgValue>
</bind>
</comp>

<comp id="36" class="1001" name="const_36">
<pin_list>
<pin id="37" dir="1" index="0" bw="1" slack="0"/>
</pin_list>
<bind>
<StgValue><ssdm name="_ssdm_op_Mux.ap_auto.3i8.i2"/></StgValue>
</bind>
</comp>

<comp id="38" class="1001" name="const_38">
<pin_list>
<pin id="39" dir="1" index="0" bw="1" slack="0"/>
</pin_list>
<bind>
<StgValue><ssdm name="_ssdm_op_PartSelect.i14.i15.i32.i32"/></StgValue>
</bind>
</comp>

<comp id="40" class="1001" name="const_40">
<pin_list>
<pin id="41" dir="1" index="0" bw="1" slack="0"/>
</pin_list>
<bind>
<StgValue><ssdm name=""/></StgValue>
</bind>
</comp>

<comp id="42" class="1001" name="const_42">
<pin_list>
<pin id="43" dir="1" index="0" bw="1" slack="3"/>
</pin_list>
<bind>
<StgValue><ssdm name=""/></StgValue>
</bind>
</comp>

<comp id="44" class="1001" name="const_44">
<pin_list>
<pin id="45" dir="1" index="0" bw="1" slack="3"/>
</pin_list>
<bind>
<StgValue><ssdm name=""/></StgValue>
</bind>
</comp>

<comp id="46" class="1001" name="const_46">
<pin_list>
<pin id="47" dir="1" index="0" bw="1" slack="3"/>
</pin_list>
<bind>
<StgValue><ssdm name=""/></StgValue>
</bind>
</comp>

<comp id="48" class="1001" name="const_48">
<pin_list>
<pin id="49" dir="1" index="0" bw="1" slack="3"/>
</pin_list>
<bind>
<StgValue><ssdm name=""/></StgValue>
</bind>
</comp>

<comp id="50" class="1001" name="const_50">
<pin_list>
<pin id="51" dir="1" index="0" bw="1" slack="0"/>
</pin_list>
<bind>
<StgValue><ssdm name="_ssdm_op_Mux.ap_auto.4i16.i2"/></StgValue>
</bind>
</comp>

<comp id="52" class="1001" name="const_52">
<pin_list>
<pin id="53" dir="1" index="0" bw="1" slack="2147483647"/>
</pin_list>
<bind>
<StgValue><ssdm name="_ssdm_op_SpecMemCore"/></StgValue>
</bind>
</comp>

<comp id="54" class="1001" name="const_54">
<pin_list>
<pin id="55" dir="1" index="0" bw="1" slack="2147483647"/>
</pin_list>
<bind>
<StgValue><ssdm name="p_str13"/></StgValue>
</bind>
</comp>

<comp id="56" class="1001" name="const_56">
<pin_list>
<pin id="57" dir="1" index="0" bw="1" slack="2147483647"/>
</pin_list>
<bind>
<StgValue><ssdm name="p_str17"/></StgValue>
</bind>
</comp>

<comp id="58" class="1001" name="const_58">
<pin_list>
<pin id="59" dir="1" index="0" bw="1" slack="2147483647"/>
</pin_list>
<bind>
<StgValue><ssdm name=""/></StgValue>
</bind>
</comp>

<comp id="60" class="1001" name="const_60">
<pin_list>
<pin id="61" dir="1" index="0" bw="1" slack="2147483647"/>
</pin_list>
<bind>
<StgValue><ssdm name="_ssdm_op_SpecRegionEnd"/></StgValue>
</bind>
</comp>

<comp id="62" class="1001" name="const_62">
<pin_list>
<pin id="63" dir="1" index="0" bw="1" slack="2147483647"/>
</pin_list>
<bind>
<StgValue><ssdm name="_ssdm_op_SpecLoopName"/></StgValue>
</bind>
</comp>

<comp id="64" class="1001" name="const_64">
<pin_list>
<pin id="65" dir="1" index="0" bw="1" slack="2147483647"/>
</pin_list>
<bind>
<StgValue><ssdm name="p_str20"/></StgValue>
</bind>
</comp>

<comp id="66" class="1001" name="const_66">
<pin_list>
<pin id="67" dir="1" index="0" bw="1" slack="2147483647"/>
</pin_list>
<bind>
<StgValue><ssdm name="_ssdm_op_SpecPipeline"/></StgValue>
</bind>
</comp>

<comp id="68" class="1001" name="const_68">
<pin_list>
<pin id="69" dir="1" index="0" bw="1" slack="2147483647"/>
</pin_list>
<bind>
<StgValue><ssdm name=""/></StgValue>
</bind>
</comp>

<comp id="70" class="1001" name="const_70">
<pin_list>
<pin id="71" dir="1" index="0" bw="1" slack="2147483647"/>
</pin_list>
<bind>
<StgValue><ssdm name=""/></StgValue>
</bind>
</comp>

<comp id="72" class="1001" name="const_72">
<pin_list>
<pin id="73" dir="1" index="0" bw="1" slack="2147483647"/>
</pin_list>
<bind>
<StgValue><ssdm name=""/></StgValue>
</bind>
</comp>

<comp id="74" class="1001" name="const_74">
<pin_list>
<pin id="75" dir="1" index="0" bw="1" slack="2147483647"/>
</pin_list>
<bind>
<StgValue><ssdm name="_ssdm_op_SpecLoopTripCount"/></StgValue>
</bind>
</comp>

<comp id="76" class="1001" name="const_76">
<pin_list>
<pin id="77" dir="1" index="0" bw="1" slack="2147483647"/>
</pin_list>
<bind>
<StgValue><ssdm name=""/></StgValue>
</bind>
</comp>

<comp id="78" class="1001" name="const_78">
<pin_list>
<pin id="79" dir="1" index="0" bw="1" slack="0"/>
</pin_list>
<bind>
<StgValue><ssdm name="_ssdm_op_BitConcatenate.i17.i16.i1"/></StgValue>
</bind>
</comp>

<comp id="80" class="1001" name="const_80">
<pin_list>
<pin id="81" dir="1" index="0" bw="1" slack="0"/>
</pin_list>
<bind>
<StgValue><ssdm name=""/></StgValue>
</bind>
</comp>

<comp id="82" class="1004" name="p_read_14_read_fu_82">
<pin_list>
<pin id="83" dir="0" index="0" bw="8" slack="0"/>
<pin id="84" dir="0" index="1" bw="8" slack="0"/>
<pin id="85" dir="1" index="2" bw="8" slack="1"/>
</pin_list>
<bind>
<opcode="read(1150) " fcode="read"/>
<opset="p_read_14/2 "/>
</bind>
</comp>

<comp id="88" class="1004" name="p_read_15_read_fu_88">
<pin_list>
<pin id="89" dir="0" index="0" bw="8" slack="0"/>
<pin id="90" dir="0" index="1" bw="8" slack="0"/>
<pin id="91" dir="1" index="2" bw="8" slack="1"/>
</pin_list>
<bind>
<opcode="read(1150) " fcode="read"/>
<opset="p_read_15/2 "/>
</bind>
</comp>

<comp id="94" class="1004" name="p_read15_read_fu_94">
<pin_list>
<pin id="95" dir="0" index="0" bw="8" slack="0"/>
<pin id="96" dir="0" index="1" bw="8" slack="0"/>
<pin id="97" dir="1" index="2" bw="8" slack="1"/>
</pin_list>
<bind>
<opcode="read(1150) " fcode="read"/>
<opset="p_read15/2 "/>
</bind>
</comp>

<comp id="100" class="1004" name="outidx2_addr_gep_fu_100">
<pin_list>
<pin id="101" dir="0" index="0" bw="2" slack="0"/>
<pin id="102" dir="0" index="1" bw="1" slack="0"/>
<pin id="103" dir="0" index="2" bw="4" slack="0"/>
<pin id="104" dir="1" index="3" bw="4" slack="0"/>
</pin_list>
<bind>
<opcode="getelementptr(29) " fcode="getelementptr"/>
<opset="outidx2_addr/2 "/>
</bind>
</comp>

<comp id="107" class="1004" name="grp_access_fu_107">
<pin_list>
<pin id="108" dir="0" index="0" bw="4" slack="0"/>
<pin id="109" dir="0" index="1" bw="2" slack="2147483647"/>
<pin id="110" dir="0" index="2" bw="0" slack="2147483647"/>
<pin id="111" dir="1" index="3" bw="2" slack="2"/>
</pin_list>
<bind>
<opcode="load(27) " fcode="load"/>
<opset="out_index/2 "/>
</bind>
</comp>

<comp id="113" class="1004" name="w11_V_addr_gep_fu_113">
<pin_list>
<pin id="114" dir="0" index="0" bw="7" slack="0"/>
<pin id="115" dir="0" index="1" bw="1" slack="0"/>
<pin id="116" dir="0" index="2" bw="4" slack="0"/>
<pin id="117" dir="1" index="3" bw="4" slack="0"/>
</pin_list>
<bind>
<opcode="getelementptr(29) " fcode="getelementptr"/>
<opset="w11_V_addr/2 "/>
</bind>
</comp>

<comp id="120" class="1004" name="grp_access_fu_120">
<pin_list>
<pin id="121" dir="0" index="0" bw="4" slack="0"/>
<pin id="122" dir="0" index="1" bw="7" slack="2147483647"/>
<pin id="123" dir="0" index="2" bw="0" slack="2147483647"/>
<pin id="124" dir="1" index="3" bw="7" slack="1"/>
</pin_list>
<bind>
<opcode="load(27) " fcode="load"/>
<opset="w11_V_load/2 "/>
</bind>
</comp>

<comp id="126" class="1005" name="do_init_reg_126">
<pin_list>
<pin id="127" dir="0" index="0" bw="1" slack="1"/>
<pin id="128" dir="1" index="1" bw="1" slack="1"/>
</pin_list>
<bind>
<opset="do_init (phireg) "/>
</bind>
</comp>

<comp id="130" class="1004" name="do_init_phi_fu_130">
<pin_list>
<pin id="131" dir="0" index="0" bw="1" slack="1"/>
<pin id="132" dir="0" index="1" bw="0" slack="2147483647"/>
<pin id="133" dir="0" index="2" bw="1" slack="0"/>
<pin id="134" dir="0" index="3" bw="0" slack="2147483647"/>
<pin id="135" dir="0" index="4" bw="1" slack="0"/>
<pin id="136" dir="0" index="5" bw="0" slack="2147483647"/>
<pin id="137" dir="1" index="6" bw="1" slack="1"/>
</pin_list>
<bind>
<opcode="phi(47) " fcode="phi"/>
<opset="do_init/2 "/>
</bind>
</comp>

<comp id="142" class="1005" name="w_index14_reg_142">
<pin_list>
<pin id="143" dir="0" index="0" bw="4" slack="1"/>
<pin id="144" dir="1" index="1" bw="4" slack="1"/>
</pin_list>
<bind>
<opset="w_index14 (phireg) "/>
</bind>
</comp>

<comp id="146" class="1004" name="w_index14_phi_fu_146">
<pin_list>
<pin id="147" dir="0" index="0" bw="1" slack="1"/>
<pin id="148" dir="0" index="1" bw="0" slack="2147483647"/>
<pin id="149" dir="0" index="2" bw="4" slack="0"/>
<pin id="150" dir="0" index="3" bw="0" slack="2147483647"/>
<pin id="151" dir="0" index="4" bw="1" slack="0"/>
<pin id="152" dir="0" index="5" bw="0" slack="2147483647"/>
<pin id="153" dir="1" index="6" bw="4" slack="0"/>
</pin_list>
<bind>
<opcode="phi(47) " fcode="phi"/>
<opset="w_index14/2 "/>
</bind>
</comp>

<comp id="156" class="1005" name="in_index_013_reg_156">
<pin_list>
<pin id="157" dir="0" index="0" bw="32" slack="1"/>
<pin id="158" dir="1" index="1" bw="32" slack="1"/>
</pin_list>
<bind>
<opset="in_index_013 (phireg) "/>
</bind>
</comp>

<comp id="160" class="1004" name="in_index_013_phi_fu_160">
<pin_list>
<pin id="161" dir="0" index="0" bw="1" slack="1"/>
<pin id="162" dir="0" index="1" bw="0" slack="2147483647"/>
<pin id="163" dir="0" index="2" bw="32" slack="1"/>
<pin id="164" dir="0" index="3" bw="0" slack="2147483647"/>
<pin id="165" dir="0" index="4" bw="1" slack="0"/>
<pin id="166" dir="0" index="5" bw="0" slack="2147483647"/>
<pin id="167" dir="1" index="6" bw="32" slack="0"/>
</pin_list>
<bind>
<opcode="phi(47) " fcode="phi"/>
<opset="in_index_013/2 "/>
</bind>
</comp>

<comp id="171" class="1005" name="p_read15_rewind_reg_171">
<pin_list>
<pin id="172" dir="0" index="0" bw="8" slack="1"/>
<pin id="173" dir="1" index="1" bw="8" slack="1"/>
</pin_list>
<bind>
<opset="p_read15_rewind (phireg) "/>
</bind>
</comp>

<comp id="175" class="1004" name="p_read15_rewind_phi_fu_175">
<pin_list>
<pin id="176" dir="0" index="0" bw="1" slack="2"/>
<pin id="177" dir="0" index="1" bw="0" slack="2147483647"/>
<pin id="178" dir="0" index="2" bw="8" slack="0"/>
<pin id="179" dir="0" index="3" bw="0" slack="2147483647"/>
<pin id="180" dir="0" index="4" bw="1" slack="1"/>
<pin id="181" dir="0" index="5" bw="0" slack="2147483647"/>
<pin id="182" dir="1" index="6" bw="8" slack="0"/>
</pin_list>
<bind>
<opcode="phi(47) " fcode="phi"/>
<opset="p_read15_rewind/3 "/>
</bind>
</comp>

<comp id="185" class="1005" name="p_read116_rewind_reg_185">
<pin_list>
<pin id="186" dir="0" index="0" bw="8" slack="1"/>
<pin id="187" dir="1" index="1" bw="8" slack="1"/>
</pin_list>
<bind>
<opset="p_read116_rewind (phireg) "/>
</bind>
</comp>

<comp id="189" class="1004" name="p_read116_rewind_phi_fu_189">
<pin_list>
<pin id="190" dir="0" index="0" bw="1" slack="2"/>
<pin id="191" dir="0" index="1" bw="0" slack="2147483647"/>
<pin id="192" dir="0" index="2" bw="8" slack="0"/>
<pin id="193" dir="0" index="3" bw="0" slack="2147483647"/>
<pin id="194" dir="0" index="4" bw="1" slack="1"/>
<pin id="195" dir="0" index="5" bw="0" slack="2147483647"/>
<pin id="196" dir="1" index="6" bw="8" slack="0"/>
</pin_list>
<bind>
<opcode="phi(47) " fcode="phi"/>
<opset="p_read116_rewind/3 "/>
</bind>
</comp>

<comp id="199" class="1005" name="p_read217_rewind_reg_199">
<pin_list>
<pin id="200" dir="0" index="0" bw="8" slack="1"/>
<pin id="201" dir="1" index="1" bw="8" slack="1"/>
</pin_list>
<bind>
<opset="p_read217_rewind (phireg) "/>
</bind>
</comp>

<comp id="203" class="1004" name="p_read217_rewind_phi_fu_203">
<pin_list>
<pin id="204" dir="0" index="0" bw="1" slack="2"/>
<pin id="205" dir="0" index="1" bw="0" slack="2147483647"/>
<pin id="206" dir="0" index="2" bw="8" slack="0"/>
<pin id="207" dir="0" index="3" bw="0" slack="2147483647"/>
<pin id="208" dir="0" index="4" bw="1" slack="1"/>
<pin id="209" dir="0" index="5" bw="0" slack="2147483647"/>
<pin id="210" dir="1" index="6" bw="8" slack="0"/>
</pin_list>
<bind>
<opcode="phi(47) " fcode="phi"/>
<opset="p_read217_rewind/3 "/>
</bind>
</comp>

<comp id="213" class="1005" name="p_read15_phi_reg_213">
<pin_list>
<pin id="214" dir="0" index="0" bw="8" slack="0"/>
<pin id="215" dir="1" index="1" bw="8" slack="0"/>
</pin_list>
<bind>
<opset="p_read15_phi (phireg) "/>
</bind>
</comp>

<comp id="217" class="1004" name="p_read15_phi_phi_fu_217">
<pin_list>
<pin id="218" dir="0" index="0" bw="8" slack="1"/>
<pin id="219" dir="0" index="1" bw="0" slack="2147483647"/>
<pin id="220" dir="0" index="2" bw="8" slack="0"/>
<pin id="221" dir="0" index="3" bw="0" slack="2147483647"/>
<pin id="222" dir="1" index="4" bw="8" slack="0"/>
</pin_list>
<bind>
<opcode="phi(47) " fcode="phi"/>
<opset="p_read15_phi/3 "/>
</bind>
</comp>

<comp id="225" class="1005" name="p_read116_phi_reg_225">
<pin_list>
<pin id="226" dir="0" index="0" bw="8" slack="0"/>
<pin id="227" dir="1" index="1" bw="8" slack="0"/>
</pin_list>
<bind>
<opset="p_read116_phi (phireg) "/>
</bind>
</comp>

<comp id="229" class="1004" name="p_read116_phi_phi_fu_229">
<pin_list>
<pin id="230" dir="0" index="0" bw="8" slack="1"/>
<pin id="231" dir="0" index="1" bw="0" slack="2147483647"/>
<pin id="232" dir="0" index="2" bw="8" slack="0"/>
<pin id="233" dir="0" index="3" bw="0" slack="2147483647"/>
<pin id="234" dir="1" index="4" bw="8" slack="0"/>
</pin_list>
<bind>
<opcode="phi(47) " fcode="phi"/>
<opset="p_read116_phi/3 "/>
</bind>
</comp>

<comp id="237" class="1005" name="p_read217_phi_reg_237">
<pin_list>
<pin id="238" dir="0" index="0" bw="8" slack="0"/>
<pin id="239" dir="1" index="1" bw="8" slack="0"/>
</pin_list>
<bind>
<opset="p_read217_phi (phireg) "/>
</bind>
</comp>

<comp id="241" class="1004" name="p_read217_phi_phi_fu_241">
<pin_list>
<pin id="242" dir="0" index="0" bw="8" slack="1"/>
<pin id="243" dir="0" index="1" bw="0" slack="2147483647"/>
<pin id="244" dir="0" index="2" bw="8" slack="0"/>
<pin id="245" dir="0" index="3" bw="0" slack="2147483647"/>
<pin id="246" dir="1" index="4" bw="8" slack="0"/>
</pin_list>
<bind>
<opcode="phi(47) " fcode="phi"/>
<opset="p_read217_phi/3 "/>
</bind>
</comp>

<comp id="249" class="1005" name="acc_0_V_04_reg_249">
<pin_list>
<pin id="250" dir="0" index="0" bw="16" slack="1"/>
<pin id="251" dir="1" index="1" bw="16" slack="1"/>
</pin_list>
<bind>
<opset="acc_0_V_04 (phireg) "/>
</bind>
</comp>

<comp id="253" class="1004" name="acc_0_V_04_phi_fu_253">
<pin_list>
<pin id="254" dir="0" index="0" bw="9" slack="4"/>
<pin id="255" dir="0" index="1" bw="0" slack="2147483647"/>
<pin id="256" dir="0" index="2" bw="16" slack="1"/>
<pin id="257" dir="0" index="3" bw="0" slack="2147483647"/>
<pin id="258" dir="0" index="4" bw="9" slack="3"/>
<pin id="259" dir="0" index="5" bw="0" slack="2147483647"/>
<pin id="260" dir="1" index="6" bw="16" slack="0"/>
</pin_list>
<bind>
<opcode="phi(47) " fcode="phi"/>
<opset="acc_0_V_04/5 "/>
</bind>
</comp>

<comp id="264" class="1005" name="acc_1_V_03_reg_264">
<pin_list>
<pin id="265" dir="0" index="0" bw="16" slack="1"/>
<pin id="266" dir="1" index="1" bw="16" slack="1"/>
</pin_list>
<bind>
<opset="acc_1_V_03 (phireg) "/>
</bind>
</comp>

<comp id="268" class="1004" name="acc_1_V_03_phi_fu_268">
<pin_list>
<pin id="269" dir="0" index="0" bw="8" slack="4"/>
<pin id="270" dir="0" index="1" bw="0" slack="2147483647"/>
<pin id="271" dir="0" index="2" bw="16" slack="1"/>
<pin id="272" dir="0" index="3" bw="0" slack="2147483647"/>
<pin id="273" dir="0" index="4" bw="8" slack="3"/>
<pin id="274" dir="0" index="5" bw="0" slack="2147483647"/>
<pin id="275" dir="1" index="6" bw="16" slack="0"/>
</pin_list>
<bind>
<opcode="phi(47) " fcode="phi"/>
<opset="acc_1_V_03/5 "/>
</bind>
</comp>

<comp id="279" class="1005" name="acc_2_V_02_reg_279">
<pin_list>
<pin id="280" dir="0" index="0" bw="16" slack="1"/>
<pin id="281" dir="1" index="1" bw="16" slack="1"/>
</pin_list>
<bind>
<opset="acc_2_V_02 (phireg) "/>
</bind>
</comp>

<comp id="283" class="1004" name="acc_2_V_02_phi_fu_283">
<pin_list>
<pin id="284" dir="0" index="0" bw="10" slack="4"/>
<pin id="285" dir="0" index="1" bw="0" slack="2147483647"/>
<pin id="286" dir="0" index="2" bw="16" slack="1"/>
<pin id="287" dir="0" index="3" bw="0" slack="2147483647"/>
<pin id="288" dir="0" index="4" bw="10" slack="3"/>
<pin id="289" dir="0" index="5" bw="0" slack="2147483647"/>
<pin id="290" dir="1" index="6" bw="16" slack="0"/>
</pin_list>
<bind>
<opcode="phi(47) " fcode="phi"/>
<opset="acc_2_V_02/5 "/>
</bind>
</comp>

<comp id="294" class="1005" name="acc_3_V_01_reg_294">
<pin_list>
<pin id="295" dir="0" index="0" bw="16" slack="1"/>
<pin id="296" dir="1" index="1" bw="16" slack="1"/>
</pin_list>
<bind>
<opset="acc_3_V_01 (phireg) "/>
</bind>
</comp>

<comp id="298" class="1004" name="acc_3_V_01_phi_fu_298">
<pin_list>
<pin id="299" dir="0" index="0" bw="9" slack="4"/>
<pin id="300" dir="0" index="1" bw="0" slack="2147483647"/>
<pin id="301" dir="0" index="2" bw="16" slack="1"/>
<pin id="302" dir="0" index="3" bw="0" slack="2147483647"/>
<pin id="303" dir="0" index="4" bw="9" slack="3"/>
<pin id="304" dir="0" index="5" bw="0" slack="2147483647"/>
<pin id="305" dir="1" index="6" bw="16" slack="0"/>
</pin_list>
<bind>
<opcode="phi(47) " fcode="phi"/>
<opset="acc_3_V_01/5 "/>
</bind>
</comp>

<comp id="309" class="1005" name="p_Val2_12_reg_309">
<pin_list>
<pin id="310" dir="0" index="0" bw="16" slack="4"/>
<pin id="311" dir="1" index="1" bw="16" slack="4"/>
</pin_list>
<bind>
<opset="p_Val2_12 (phireg) "/>
</bind>
</comp>

<comp id="313" class="1004" name="p_Val2_12_phi_fu_313">
<pin_list>
<pin id="314" dir="0" index="0" bw="9" slack="5"/>
<pin id="315" dir="0" index="1" bw="0" slack="2147483647"/>
<pin id="316" dir="0" index="2" bw="16" slack="0"/>
<pin id="317" dir="0" index="3" bw="0" slack="2147483647"/>
<pin id="318" dir="0" index="4" bw="9" slack="4"/>
<pin id="319" dir="0" index="5" bw="0" slack="2147483647"/>
<pin id="320" dir="1" index="6" bw="16" slack="0"/>
</pin_list>
<bind>
<opcode="phi(47) " fcode="phi"/>
<opset="p_Val2_12/6 "/>
</bind>
</comp>

<comp id="323" class="1005" name="p_Val2_1110_reg_323">
<pin_list>
<pin id="324" dir="0" index="0" bw="16" slack="4"/>
<pin id="325" dir="1" index="1" bw="16" slack="4"/>
</pin_list>
<bind>
<opset="p_Val2_1110 (phireg) "/>
</bind>
</comp>

<comp id="327" class="1004" name="p_Val2_1110_phi_fu_327">
<pin_list>
<pin id="328" dir="0" index="0" bw="8" slack="5"/>
<pin id="329" dir="0" index="1" bw="0" slack="2147483647"/>
<pin id="330" dir="0" index="2" bw="16" slack="0"/>
<pin id="331" dir="0" index="3" bw="0" slack="2147483647"/>
<pin id="332" dir="0" index="4" bw="8" slack="4"/>
<pin id="333" dir="0" index="5" bw="0" slack="2147483647"/>
<pin id="334" dir="1" index="6" bw="16" slack="0"/>
</pin_list>
<bind>
<opcode="phi(47) " fcode="phi"/>
<opset="p_Val2_1110/6 "/>
</bind>
</comp>

<comp id="337" class="1005" name="p_Val2_128_reg_337">
<pin_list>
<pin id="338" dir="0" index="0" bw="16" slack="4"/>
<pin id="339" dir="1" index="1" bw="16" slack="4"/>
</pin_list>
<bind>
<opset="p_Val2_128 (phireg) "/>
</bind>
</comp>

<comp id="341" class="1004" name="p_Val2_128_phi_fu_341">
<pin_list>
<pin id="342" dir="0" index="0" bw="10" slack="5"/>
<pin id="343" dir="0" index="1" bw="0" slack="2147483647"/>
<pin id="344" dir="0" index="2" bw="16" slack="0"/>
<pin id="345" dir="0" index="3" bw="0" slack="2147483647"/>
<pin id="346" dir="0" index="4" bw="10" slack="4"/>
<pin id="347" dir="0" index="5" bw="0" slack="2147483647"/>
<pin id="348" dir="1" index="6" bw="16" slack="0"/>
</pin_list>
<bind>
<opcode="phi(47) " fcode="phi"/>
<opset="p_Val2_128/6 "/>
</bind>
</comp>

<comp id="351" class="1005" name="p_Val2_136_reg_351">
<pin_list>
<pin id="352" dir="0" index="0" bw="16" slack="4"/>
<pin id="353" dir="1" index="1" bw="16" slack="4"/>
</pin_list>
<bind>
<opset="p_Val2_136 (phireg) "/>
</bind>
</comp>

<comp id="355" class="1004" name="p_Val2_136_phi_fu_355">
<pin_list>
<pin id="356" dir="0" index="0" bw="9" slack="5"/>
<pin id="357" dir="0" index="1" bw="0" slack="2147483647"/>
<pin id="358" dir="0" index="2" bw="16" slack="0"/>
<pin id="359" dir="0" index="3" bw="0" slack="2147483647"/>
<pin id="360" dir="0" index="4" bw="9" slack="4"/>
<pin id="361" dir="0" index="5" bw="0" slack="2147483647"/>
<pin id="362" dir="1" index="6" bw="16" slack="0"/>
</pin_list>
<bind>
<opcode="phi(47) " fcode="phi"/>
<opset="p_Val2_136/6 "/>
</bind>
</comp>

<comp id="365" class="1005" name="acc_3_V_1_reg_365">
<pin_list>
<pin id="366" dir="0" index="0" bw="16" slack="1"/>
<pin id="367" dir="1" index="1" bw="16" slack="1"/>
</pin_list>
<bind>
<opset="acc_3_V_1 (phireg) "/>
</bind>
</comp>

<comp id="369" class="1004" name="acc_3_V_1_phi_fu_369">
<pin_list>
<pin id="370" dir="0" index="0" bw="16" slack="1"/>
<pin id="371" dir="0" index="1" bw="0" slack="2147483647"/>
<pin id="372" dir="0" index="2" bw="16" slack="1"/>
<pin id="373" dir="0" index="3" bw="0" slack="2147483647"/>
<pin id="374" dir="0" index="4" bw="16" slack="1"/>
<pin id="375" dir="0" index="5" bw="0" slack="2147483647"/>
<pin id="376" dir="0" index="6" bw="16" slack="1"/>
<pin id="377" dir="0" index="7" bw="0" slack="2147483647"/>
<pin id="378" dir="1" index="8" bw="16" slack="1"/>
</pin_list>
<bind>
<opcode="phi(47) " fcode="phi"/>
<opset="acc_3_V_1/6 "/>
</bind>
</comp>

<comp id="383" class="1005" name="acc_2_V_1_reg_383">
<pin_list>
<pin id="384" dir="0" index="0" bw="16" slack="1"/>
<pin id="385" dir="1" index="1" bw="16" slack="1"/>
</pin_list>
<bind>
<opset="acc_2_V_1 (phireg) "/>
</bind>
</comp>

<comp id="387" class="1004" name="acc_2_V_1_phi_fu_387">
<pin_list>
<pin id="388" dir="0" index="0" bw="16" slack="1"/>
<pin id="389" dir="0" index="1" bw="0" slack="2147483647"/>
<pin id="390" dir="0" index="2" bw="16" slack="1"/>
<pin id="391" dir="0" index="3" bw="0" slack="2147483647"/>
<pin id="392" dir="0" index="4" bw="16" slack="1"/>
<pin id="393" dir="0" index="5" bw="0" slack="2147483647"/>
<pin id="394" dir="0" index="6" bw="16" slack="1"/>
<pin id="395" dir="0" index="7" bw="0" slack="2147483647"/>
<pin id="396" dir="1" index="8" bw="16" slack="1"/>
</pin_list>
<bind>
<opcode="phi(47) " fcode="phi"/>
<opset="acc_2_V_1/6 "/>
</bind>
</comp>

<comp id="401" class="1005" name="acc_1_V_1_reg_401">
<pin_list>
<pin id="402" dir="0" index="0" bw="16" slack="1"/>
<pin id="403" dir="1" index="1" bw="16" slack="1"/>
</pin_list>
<bind>
<opset="acc_1_V_1 (phireg) "/>
</bind>
</comp>

<comp id="405" class="1004" name="acc_1_V_1_phi_fu_405">
<pin_list>
<pin id="406" dir="0" index="0" bw="16" slack="1"/>
<pin id="407" dir="0" index="1" bw="0" slack="2147483647"/>
<pin id="408" dir="0" index="2" bw="16" slack="1"/>
<pin id="409" dir="0" index="3" bw="0" slack="2147483647"/>
<pin id="410" dir="0" index="4" bw="16" slack="1"/>
<pin id="411" dir="0" index="5" bw="0" slack="2147483647"/>
<pin id="412" dir="0" index="6" bw="16" slack="1"/>
<pin id="413" dir="0" index="7" bw="0" slack="2147483647"/>
<pin id="414" dir="1" index="8" bw="16" slack="1"/>
</pin_list>
<bind>
<opcode="phi(47) " fcode="phi"/>
<opset="acc_1_V_1/6 "/>
</bind>
</comp>

<comp id="419" class="1005" name="acc_0_V_1_reg_419">
<pin_list>
<pin id="420" dir="0" index="0" bw="16" slack="1"/>
<pin id="421" dir="1" index="1" bw="16" slack="1"/>
</pin_list>
<bind>
<opset="acc_0_V_1 (phireg) "/>
</bind>
</comp>

<comp id="423" class="1004" name="acc_0_V_1_phi_fu_423">
<pin_list>
<pin id="424" dir="0" index="0" bw="16" slack="1"/>
<pin id="425" dir="0" index="1" bw="0" slack="2147483647"/>
<pin id="426" dir="0" index="2" bw="16" slack="1"/>
<pin id="427" dir="0" index="3" bw="0" slack="2147483647"/>
<pin id="428" dir="0" index="4" bw="16" slack="1"/>
<pin id="429" dir="0" index="5" bw="0" slack="2147483647"/>
<pin id="430" dir="0" index="6" bw="16" slack="1"/>
<pin id="431" dir="0" index="7" bw="0" slack="2147483647"/>
<pin id="432" dir="1" index="8" bw="16" slack="1"/>
</pin_list>
<bind>
<opcode="phi(47) " fcode="phi"/>
<opset="acc_0_V_1/6 "/>
</bind>
</comp>

<comp id="437" class="1005" name="p_Val2_15_reg_437">
<pin_list>
<pin id="438" dir="0" index="0" bw="16" slack="0"/>
<pin id="439" dir="1" index="1" bw="16" slack="0"/>
</pin_list>
<bind>
<opset="p_Val2_15 (phireg) "/>
</bind>
</comp>

<comp id="441" class="1004" name="p_Val2_15_phi_fu_441">
<pin_list>
<pin id="442" dir="0" index="0" bw="16" slack="1"/>
<pin id="443" dir="0" index="1" bw="0" slack="2147483647"/>
<pin id="444" dir="0" index="2" bw="16" slack="0"/>
<pin id="445" dir="0" index="3" bw="0" slack="2147483647"/>
<pin id="446" dir="0" index="4" bw="16" slack="0"/>
<pin id="447" dir="0" index="5" bw="0" slack="2147483647"/>
<pin id="448" dir="0" index="6" bw="16" slack="0"/>
<pin id="449" dir="0" index="7" bw="0" slack="2147483647"/>
<pin id="450" dir="1" index="8" bw="16" slack="0"/>
</pin_list>
<bind>
<opcode="phi(47) " fcode="phi"/>
<opset="p_Val2_15/6 "/>
</bind>
</comp>

<comp id="455" class="1005" name="p_Val2_14_reg_455">
<pin_list>
<pin id="456" dir="0" index="0" bw="16" slack="0"/>
<pin id="457" dir="1" index="1" bw="16" slack="0"/>
</pin_list>
<bind>
<opset="p_Val2_14 (phireg) "/>
</bind>
</comp>

<comp id="459" class="1004" name="p_Val2_14_phi_fu_459">
<pin_list>
<pin id="460" dir="0" index="0" bw="16" slack="0"/>
<pin id="461" dir="0" index="1" bw="0" slack="2147483647"/>
<pin id="462" dir="0" index="2" bw="16" slack="1"/>
<pin id="463" dir="0" index="3" bw="0" slack="2147483647"/>
<pin id="464" dir="0" index="4" bw="16" slack="0"/>
<pin id="465" dir="0" index="5" bw="0" slack="2147483647"/>
<pin id="466" dir="0" index="6" bw="16" slack="0"/>
<pin id="467" dir="0" index="7" bw="0" slack="2147483647"/>
<pin id="468" dir="1" index="8" bw="16" slack="0"/>
</pin_list>
<bind>
<opcode="phi(47) " fcode="phi"/>
<opset="p_Val2_14/6 "/>
</bind>
</comp>

<comp id="473" class="1005" name="p_Val2_13_reg_473">
<pin_list>
<pin id="474" dir="0" index="0" bw="16" slack="0"/>
<pin id="475" dir="1" index="1" bw="16" slack="0"/>
</pin_list>
<bind>
<opset="p_Val2_13 (phireg) "/>
</bind>
</comp>

<comp id="477" class="1004" name="p_Val2_13_phi_fu_477">
<pin_list>
<pin id="478" dir="0" index="0" bw="16" slack="0"/>
<pin id="479" dir="0" index="1" bw="0" slack="2147483647"/>
<pin id="480" dir="0" index="2" bw="16" slack="0"/>
<pin id="481" dir="0" index="3" bw="0" slack="2147483647"/>
<pin id="482" dir="0" index="4" bw="16" slack="1"/>
<pin id="483" dir="0" index="5" bw="0" slack="2147483647"/>
<pin id="484" dir="0" index="6" bw="16" slack="0"/>
<pin id="485" dir="0" index="7" bw="0" slack="2147483647"/>
<pin id="486" dir="1" index="8" bw="16" slack="0"/>
</pin_list>
<bind>
<opcode="phi(47) " fcode="phi"/>
<opset="p_Val2_13/6 "/>
</bind>
</comp>

<comp id="491" class="1005" name="p_Val2_s_reg_491">
<pin_list>
<pin id="492" dir="0" index="0" bw="16" slack="0"/>
<pin id="493" dir="1" index="1" bw="16" slack="0"/>
</pin_list>
<bind>
<opset="p_Val2_s (phireg) "/>
</bind>
</comp>

<comp id="495" class="1004" name="p_Val2_s_phi_fu_495">
<pin_list>
<pin id="496" dir="0" index="0" bw="16" slack="0"/>
<pin id="497" dir="0" index="1" bw="0" slack="2147483647"/>
<pin id="498" dir="0" index="2" bw="16" slack="0"/>
<pin id="499" dir="0" index="3" bw="0" slack="2147483647"/>
<pin id="500" dir="0" index="4" bw="16" slack="0"/>
<pin id="501" dir="0" index="5" bw="0" slack="2147483647"/>
<pin id="502" dir="0" index="6" bw="16" slack="1"/>
<pin id="503" dir="0" index="7" bw="0" slack="2147483647"/>
<pin id="504" dir="1" index="8" bw="16" slack="0"/>
</pin_list>
<bind>
<opcode="phi(47) " fcode="phi"/>
<opset="p_Val2_s/6 "/>
</bind>
</comp>

<comp id="509" class="1004" name="zext_ln139_fu_509">
<pin_list>
<pin id="510" dir="0" index="0" bw="4" slack="0"/>
<pin id="511" dir="1" index="1" bw="64" slack="0"/>
</pin_list>
<bind>
<opcode="zext(34) " fcode="zext"/>
<opset="zext_ln139/2 "/>
</bind>
</comp>

<comp id="515" class="1004" name="w_index_fu_515">
<pin_list>
<pin id="516" dir="0" index="0" bw="1" slack="0"/>
<pin id="517" dir="0" index="1" bw="4" slack="0"/>
<pin id="518" dir="1" index="2" bw="4" slack="0"/>
</pin_list>
<bind>
<opcode="add(8) " fcode="add"/>
<opset="w_index/2 "/>
</bind>
</comp>

<comp id="521" class="1004" name="in_index_fu_521">
<pin_list>
<pin id="522" dir="0" index="0" bw="32" slack="0"/>
<pin id="523" dir="0" index="1" bw="1" slack="0"/>
<pin id="524" dir="1" index="2" bw="32" slack="0"/>
</pin_list>
<bind>
<opcode="add(8) " fcode="add"/>
<opset="in_index/2 "/>
</bind>
</comp>

<comp id="527" class="1004" name="icmp_ln154_fu_527">
<pin_list>
<pin id="528" dir="0" index="0" bw="32" slack="0"/>
<pin id="529" dir="0" index="1" bw="3" slack="0"/>
<pin id="530" dir="1" index="2" bw="1" slack="1"/>
</pin_list>
<bind>
<opcode="icmp(45) " fcode="icmp"/>
<opset="icmp_ln154/2 "/>
</bind>
</comp>

<comp id="533" class="1004" name="icmp_ln135_fu_533">
<pin_list>
<pin id="534" dir="0" index="0" bw="4" slack="0"/>
<pin id="535" dir="0" index="1" bw="4" slack="0"/>
<pin id="536" dir="1" index="2" bw="1" slack="1"/>
</pin_list>
<bind>
<opcode="icmp(45) " fcode="icmp"/>
<opset="icmp_ln135/2 "/>
</bind>
</comp>

<comp id="539" class="1004" name="trunc_ln145_fu_539">
<pin_list>
<pin id="540" dir="0" index="0" bw="32" slack="1"/>
<pin id="541" dir="1" index="1" bw="2" slack="0"/>
</pin_list>
<bind>
<opcode="trunc(33) " fcode="trunc"/>
<opset="trunc_ln145/3 "/>
</bind>
</comp>

<comp id="543" class="1004" name="tmp_38_fu_543">
<pin_list>
<pin id="544" dir="0" index="0" bw="8" slack="0"/>
<pin id="545" dir="0" index="1" bw="8" slack="0"/>
<pin id="546" dir="0" index="2" bw="8" slack="0"/>
<pin id="547" dir="0" index="3" bw="8" slack="0"/>
<pin id="548" dir="0" index="4" bw="2" slack="0"/>
<pin id="549" dir="1" index="5" bw="8" slack="1"/>
</pin_list>
<bind>
<opcode="mux(1196) " fcode="mux"/>
<opset="tmp_38/3 "/>
</bind>
</comp>

<comp id="555" class="1004" name="select_ln154_fu_555">
<pin_list>
<pin id="556" dir="0" index="0" bw="1" slack="1"/>
<pin id="557" dir="0" index="1" bw="1" slack="0"/>
<pin id="558" dir="0" index="2" bw="32" slack="1"/>
<pin id="559" dir="1" index="3" bw="32" slack="1"/>
</pin_list>
<bind>
<opcode="select(49) " fcode="select"/>
<opset="select_ln154/3 "/>
</bind>
</comp>

<comp id="561" class="1004" name="zext_ln1116_fu_561">
<pin_list>
<pin id="562" dir="0" index="0" bw="8" slack="1"/>
<pin id="563" dir="1" index="1" bw="15" slack="0"/>
</pin_list>
<bind>
<opcode="zext(34) " fcode="zext"/>
<opset="zext_ln1116/4 "/>
</bind>
</comp>

<comp id="564" class="1004" name="sext_ln1118_fu_564">
<pin_list>
<pin id="565" dir="0" index="0" bw="7" slack="1"/>
<pin id="566" dir="1" index="1" bw="15" slack="0"/>
</pin_list>
<bind>
<opcode="sext(35) " fcode="sext"/>
<opset="sext_ln1118/4 "/>
</bind>
</comp>

<comp id="567" class="1004" name="r_V_fu_567">
<pin_list>
<pin id="568" dir="0" index="0" bw="7" slack="0"/>
<pin id="569" dir="0" index="1" bw="8" slack="0"/>
<pin id="570" dir="1" index="2" bw="15" slack="0"/>
</pin_list>
<bind>
<opcode="mul(12) " fcode="mul"/>
<opset="r_V/4 "/>
</bind>
</comp>

<comp id="573" class="1004" name="trunc_ln_fu_573">
<pin_list>
<pin id="574" dir="0" index="0" bw="14" slack="0"/>
<pin id="575" dir="0" index="1" bw="15" slack="0"/>
<pin id="576" dir="0" index="2" bw="1" slack="0"/>
<pin id="577" dir="0" index="3" bw="5" slack="0"/>
<pin id="578" dir="1" index="4" bw="14" slack="1"/>
</pin_list>
<bind>
<opcode="partselect(1002) " fcode="partselect"/>
<opset="trunc_ln/4 "/>
</bind>
</comp>

<comp id="583" class="1004" name="sext_ln708_fu_583">
<pin_list>
<pin id="584" dir="0" index="0" bw="14" slack="1"/>
<pin id="585" dir="1" index="1" bw="16" slack="0"/>
</pin_list>
<bind>
<opcode="sext(35) " fcode="sext"/>
<opset="sext_ln708/5 "/>
</bind>
</comp>

<comp id="586" class="1004" name="tmp_39_fu_586">
<pin_list>
<pin id="587" dir="0" index="0" bw="16" slack="0"/>
<pin id="588" dir="0" index="1" bw="16" slack="0"/>
<pin id="589" dir="0" index="2" bw="16" slack="0"/>
<pin id="590" dir="0" index="3" bw="16" slack="0"/>
<pin id="591" dir="0" index="4" bw="16" slack="0"/>
<pin id="592" dir="0" index="5" bw="2" slack="2"/>
<pin id="593" dir="1" index="6" bw="16" slack="0"/>
</pin_list>
<bind>
<opcode="mux(1196) " fcode="mux"/>
<opset="tmp_39/5 "/>
</bind>
</comp>

<comp id="599" class="1004" name="acc_0_V_fu_599">
<pin_list>
<pin id="600" dir="0" index="0" bw="14" slack="0"/>
<pin id="601" dir="0" index="1" bw="16" slack="0"/>
<pin id="602" dir="1" index="2" bw="16" slack="1"/>
</pin_list>
<bind>
<opcode="add(8) " fcode="add"/>
<opset="acc_0_V/5 "/>
</bind>
</comp>

<comp id="605" class="1004" name="res_0_V_write_assign_fu_605">
<pin_list>
<pin id="606" dir="0" index="0" bw="17" slack="0"/>
<pin id="607" dir="0" index="1" bw="16" slack="0"/>
<pin id="608" dir="0" index="2" bw="1" slack="0"/>
<pin id="609" dir="1" index="3" bw="17" slack="0"/>
</pin_list>
<bind>
<opcode="bitconcatenate(1004) " fcode="bitconcatenate"/>
<opset="res_0_V_write_assign/6 "/>
</bind>
</comp>

<comp id="613" class="1004" name="res_1_V_write_assign_fu_613">
<pin_list>
<pin id="614" dir="0" index="0" bw="17" slack="0"/>
<pin id="615" dir="0" index="1" bw="16" slack="0"/>
<pin id="616" dir="0" index="2" bw="1" slack="0"/>
<pin id="617" dir="1" index="3" bw="17" slack="0"/>
</pin_list>
<bind>
<opcode="bitconcatenate(1004) " fcode="bitconcatenate"/>
<opset="res_1_V_write_assign/6 "/>
</bind>
</comp>

<comp id="621" class="1004" name="res_2_V_write_assign_fu_621">
<pin_list>
<pin id="622" dir="0" index="0" bw="17" slack="0"/>
<pin id="623" dir="0" index="1" bw="16" slack="0"/>
<pin id="624" dir="0" index="2" bw="1" slack="0"/>
<pin id="625" dir="1" index="3" bw="17" slack="0"/>
</pin_list>
<bind>
<opcode="bitconcatenate(1004) " fcode="bitconcatenate"/>
<opset="res_2_V_write_assign/6 "/>
</bind>
</comp>

<comp id="629" class="1004" name="res_3_V_write_assign_fu_629">
<pin_list>
<pin id="630" dir="0" index="0" bw="17" slack="0"/>
<pin id="631" dir="0" index="1" bw="16" slack="0"/>
<pin id="632" dir="0" index="2" bw="1" slack="0"/>
<pin id="633" dir="1" index="3" bw="17" slack="0"/>
</pin_list>
<bind>
<opcode="bitconcatenate(1004) " fcode="bitconcatenate"/>
<opset="res_3_V_write_assign/6 "/>
</bind>
</comp>

<comp id="637" class="1004" name="mrv_fu_637">
<pin_list>
<pin id="638" dir="0" index="0" bw="68" slack="0"/>
<pin id="639" dir="0" index="1" bw="17" slack="0"/>
<pin id="640" dir="1" index="2" bw="68" slack="0"/>
</pin_list>
<bind>
<opcode="insertvalue(57) " fcode="insertvalue"/>
<opset="mrv/6 "/>
</bind>
</comp>

<comp id="643" class="1004" name="mrv_1_fu_643">
<pin_list>
<pin id="644" dir="0" index="0" bw="68" slack="0"/>
<pin id="645" dir="0" index="1" bw="17" slack="0"/>
<pin id="646" dir="1" index="2" bw="68" slack="0"/>
</pin_list>
<bind>
<opcode="insertvalue(57) " fcode="insertvalue"/>
<opset="mrv_1/6 "/>
</bind>
</comp>

<comp id="649" class="1004" name="mrv_2_fu_649">
<pin_list>
<pin id="650" dir="0" index="0" bw="68" slack="0"/>
<pin id="651" dir="0" index="1" bw="17" slack="0"/>
<pin id="652" dir="1" index="2" bw="68" slack="0"/>
</pin_list>
<bind>
<opcode="insertvalue(57) " fcode="insertvalue"/>
<opset="mrv_2/6 "/>
</bind>
</comp>

<comp id="655" class="1004" name="mrv_3_fu_655">
<pin_list>
<pin id="656" dir="0" index="0" bw="68" slack="0"/>
<pin id="657" dir="0" index="1" bw="17" slack="0"/>
<pin id="658" dir="1" index="2" bw="68" slack="0"/>
</pin_list>
<bind>
<opcode="insertvalue(57) " fcode="insertvalue"/>
<opset="mrv_3/6 "/>
</bind>
</comp>

<comp id="661" class="1004" name="return_ln166_fu_661">
<pin_list>
<pin id="662" dir="0" index="0" bw="68" slack="0"/>
<pin id="663" dir="1" index="1" bw="0" slack="2147483647"/>
</pin_list>
<bind>
<opcode="return(1203) " fcode="return"/>
<opset="return_ln166/6 "/>
</bind>
</comp>

<comp id="665" class="1005" name="p_read_14_reg_665">
<pin_list>
<pin id="666" dir="0" index="0" bw="8" slack="1"/>
<pin id="667" dir="1" index="1" bw="8" slack="1"/>
</pin_list>
<bind>
<opset="p_read_14 "/>
</bind>
</comp>

<comp id="670" class="1005" name="p_read_15_reg_670">
<pin_list>
<pin id="671" dir="0" index="0" bw="8" slack="1"/>
<pin id="672" dir="1" index="1" bw="8" slack="1"/>
</pin_list>
<bind>
<opset="p_read_15 "/>
</bind>
</comp>

<comp id="675" class="1005" name="p_read15_reg_675">
<pin_list>
<pin id="676" dir="0" index="0" bw="8" slack="1"/>
<pin id="677" dir="1" index="1" bw="8" slack="1"/>
</pin_list>
<bind>
<opset="p_read15 "/>
</bind>
</comp>

<comp id="680" class="1005" name="outidx2_addr_reg_680">
<pin_list>
<pin id="681" dir="0" index="0" bw="4" slack="1"/>
<pin id="682" dir="1" index="1" bw="4" slack="1"/>
</pin_list>
<bind>
<opset="outidx2_addr "/>
</bind>
</comp>

<comp id="685" class="1005" name="w11_V_addr_reg_685">
<pin_list>
<pin id="686" dir="0" index="0" bw="4" slack="1"/>
<pin id="687" dir="1" index="1" bw="4" slack="1"/>
</pin_list>
<bind>
<opset="w11_V_addr "/>
</bind>
</comp>

<comp id="690" class="1005" name="w_index_reg_690">
<pin_list>
<pin id="691" dir="0" index="0" bw="4" slack="0"/>
<pin id="692" dir="1" index="1" bw="4" slack="0"/>
</pin_list>
<bind>
<opset="w_index "/>
</bind>
</comp>

<comp id="695" class="1005" name="in_index_reg_695">
<pin_list>
<pin id="696" dir="0" index="0" bw="32" slack="1"/>
<pin id="697" dir="1" index="1" bw="32" slack="1"/>
</pin_list>
<bind>
<opset="in_index "/>
</bind>
</comp>

<comp id="700" class="1005" name="icmp_ln154_reg_700">
<pin_list>
<pin id="701" dir="0" index="0" bw="1" slack="1"/>
<pin id="702" dir="1" index="1" bw="1" slack="1"/>
</pin_list>
<bind>
<opset="icmp_ln154 "/>
</bind>
</comp>

<comp id="705" class="1005" name="icmp_ln135_reg_705">
<pin_list>
<pin id="706" dir="0" index="0" bw="1" slack="1"/>
<pin id="707" dir="1" index="1" bw="1" slack="2147483647"/>
</pin_list>
<bind>
<opset="icmp_ln135 "/>
</bind>
</comp>

<comp id="709" class="1005" name="out_index_reg_709">
<pin_list>
<pin id="710" dir="0" index="0" bw="2" slack="2"/>
<pin id="711" dir="1" index="1" bw="2" slack="2"/>
</pin_list>
<bind>
<opset="out_index "/>
</bind>
</comp>

<comp id="714" class="1005" name="tmp_38_reg_714">
<pin_list>
<pin id="715" dir="0" index="0" bw="8" slack="1"/>
<pin id="716" dir="1" index="1" bw="8" slack="1"/>
</pin_list>
<bind>
<opset="tmp_38 "/>
</bind>
</comp>

<comp id="719" class="1005" name="w11_V_load_reg_719">
<pin_list>
<pin id="720" dir="0" index="0" bw="7" slack="1"/>
<pin id="721" dir="1" index="1" bw="7" slack="1"/>
</pin_list>
<bind>
<opset="w11_V_load "/>
</bind>
</comp>

<comp id="724" class="1005" name="select_ln154_reg_724">
<pin_list>
<pin id="725" dir="0" index="0" bw="32" slack="1"/>
<pin id="726" dir="1" index="1" bw="32" slack="1"/>
</pin_list>
<bind>
<opset="select_ln154 "/>
</bind>
</comp>

<comp id="729" class="1005" name="trunc_ln_reg_729">
<pin_list>
<pin id="730" dir="0" index="0" bw="14" slack="1"/>
<pin id="731" dir="1" index="1" bw="14" slack="1"/>
</pin_list>
<bind>
<opset="trunc_ln "/>
</bind>
</comp>

<comp id="734" class="1005" name="acc_0_V_reg_734">
<pin_list>
<pin id="735" dir="0" index="0" bw="16" slack="1"/>
<pin id="736" dir="1" index="1" bw="16" slack="1"/>
</pin_list>
<bind>
<opset="acc_0_V "/>
</bind>
</comp>

</comp_list>

<net_list>
<net id="86"><net_src comp="22" pin="0"/><net_sink comp="82" pin=0"/></net>

<net id="87"><net_src comp="4" pin="0"/><net_sink comp="82" pin=1"/></net>

<net id="92"><net_src comp="22" pin="0"/><net_sink comp="88" pin=0"/></net>

<net id="93"><net_src comp="2" pin="0"/><net_sink comp="88" pin=1"/></net>

<net id="98"><net_src comp="22" pin="0"/><net_sink comp="94" pin=0"/></net>

<net id="99"><net_src comp="0" pin="0"/><net_sink comp="94" pin=1"/></net>

<net id="105"><net_src comp="6" pin="0"/><net_sink comp="100" pin=0"/></net>

<net id="106"><net_src comp="24" pin="0"/><net_sink comp="100" pin=1"/></net>

<net id="112"><net_src comp="100" pin="3"/><net_sink comp="107" pin=0"/></net>

<net id="118"><net_src comp="8" pin="0"/><net_sink comp="113" pin=0"/></net>

<net id="119"><net_src comp="24" pin="0"/><net_sink comp="113" pin=1"/></net>

<net id="125"><net_src comp="113" pin="3"/><net_sink comp="120" pin=0"/></net>

<net id="129"><net_src comp="14" pin="0"/><net_sink comp="126" pin=0"/></net>

<net id="138"><net_src comp="126" pin="1"/><net_sink comp="130" pin=0"/></net>

<net id="139"><net_src comp="16" pin="0"/><net_sink comp="130" pin=2"/></net>

<net id="140"><net_src comp="14" pin="0"/><net_sink comp="130" pin=4"/></net>

<net id="141"><net_src comp="130" pin="6"/><net_sink comp="126" pin=0"/></net>

<net id="145"><net_src comp="18" pin="0"/><net_sink comp="142" pin=0"/></net>

<net id="154"><net_src comp="142" pin="1"/><net_sink comp="146" pin=0"/></net>

<net id="155"><net_src comp="18" pin="0"/><net_sink comp="146" pin=4"/></net>

<net id="159"><net_src comp="20" pin="0"/><net_sink comp="156" pin=0"/></net>

<net id="168"><net_src comp="156" pin="1"/><net_sink comp="160" pin=0"/></net>

<net id="169"><net_src comp="20" pin="0"/><net_sink comp="160" pin=4"/></net>

<net id="170"><net_src comp="160" pin="6"/><net_sink comp="156" pin=0"/></net>

<net id="174"><net_src comp="34" pin="0"/><net_sink comp="171" pin=0"/></net>

<net id="183"><net_src comp="171" pin="1"/><net_sink comp="175" pin=0"/></net>

<net id="184"><net_src comp="171" pin="1"/><net_sink comp="175" pin=4"/></net>

<net id="188"><net_src comp="34" pin="0"/><net_sink comp="185" pin=0"/></net>

<net id="197"><net_src comp="185" pin="1"/><net_sink comp="189" pin=0"/></net>

<net id="198"><net_src comp="185" pin="1"/><net_sink comp="189" pin=4"/></net>

<net id="202"><net_src comp="34" pin="0"/><net_sink comp="199" pin=0"/></net>

<net id="211"><net_src comp="199" pin="1"/><net_sink comp="203" pin=0"/></net>

<net id="212"><net_src comp="199" pin="1"/><net_sink comp="203" pin=4"/></net>

<net id="216"><net_src comp="213" pin="1"/><net_sink comp="175" pin=2"/></net>

<net id="223"><net_src comp="175" pin="6"/><net_sink comp="217" pin=2"/></net>

<net id="224"><net_src comp="217" pin="4"/><net_sink comp="213" pin=0"/></net>

<net id="228"><net_src comp="225" pin="1"/><net_sink comp="189" pin=2"/></net>

<net id="235"><net_src comp="189" pin="6"/><net_sink comp="229" pin=2"/></net>

<net id="236"><net_src comp="229" pin="4"/><net_sink comp="225" pin=0"/></net>

<net id="240"><net_src comp="237" pin="1"/><net_sink comp="203" pin=2"/></net>

<net id="247"><net_src comp="203" pin="6"/><net_sink comp="241" pin=2"/></net>

<net id="248"><net_src comp="241" pin="4"/><net_sink comp="237" pin=0"/></net>

<net id="252"><net_src comp="42" pin="0"/><net_sink comp="249" pin=0"/></net>

<net id="261"><net_src comp="249" pin="1"/><net_sink comp="253" pin=0"/></net>

<net id="262"><net_src comp="249" pin="1"/><net_sink comp="253" pin=4"/></net>

<net id="263"><net_src comp="253" pin="6"/><net_sink comp="249" pin=0"/></net>

<net id="267"><net_src comp="44" pin="0"/><net_sink comp="264" pin=0"/></net>

<net id="276"><net_src comp="264" pin="1"/><net_sink comp="268" pin=0"/></net>

<net id="277"><net_src comp="264" pin="1"/><net_sink comp="268" pin=4"/></net>

<net id="278"><net_src comp="268" pin="6"/><net_sink comp="264" pin=0"/></net>

<net id="282"><net_src comp="46" pin="0"/><net_sink comp="279" pin=0"/></net>

<net id="291"><net_src comp="279" pin="1"/><net_sink comp="283" pin=0"/></net>

<net id="292"><net_src comp="279" pin="1"/><net_sink comp="283" pin=4"/></net>

<net id="293"><net_src comp="283" pin="6"/><net_sink comp="279" pin=0"/></net>

<net id="297"><net_src comp="48" pin="0"/><net_sink comp="294" pin=0"/></net>

<net id="306"><net_src comp="294" pin="1"/><net_sink comp="298" pin=0"/></net>

<net id="307"><net_src comp="294" pin="1"/><net_sink comp="298" pin=4"/></net>

<net id="308"><net_src comp="298" pin="6"/><net_sink comp="294" pin=0"/></net>

<net id="312"><net_src comp="42" pin="0"/><net_sink comp="309" pin=0"/></net>

<net id="321"><net_src comp="309" pin="1"/><net_sink comp="313" pin=0"/></net>

<net id="322"><net_src comp="309" pin="1"/><net_sink comp="313" pin=4"/></net>

<net id="326"><net_src comp="44" pin="0"/><net_sink comp="323" pin=0"/></net>

<net id="335"><net_src comp="323" pin="1"/><net_sink comp="327" pin=0"/></net>

<net id="336"><net_src comp="323" pin="1"/><net_sink comp="327" pin=4"/></net>

<net id="340"><net_src comp="46" pin="0"/><net_sink comp="337" pin=0"/></net>

<net id="349"><net_src comp="337" pin="1"/><net_sink comp="341" pin=0"/></net>

<net id="350"><net_src comp="337" pin="1"/><net_sink comp="341" pin=4"/></net>

<net id="354"><net_src comp="48" pin="0"/><net_sink comp="351" pin=0"/></net>

<net id="363"><net_src comp="351" pin="1"/><net_sink comp="355" pin=0"/></net>

<net id="364"><net_src comp="351" pin="1"/><net_sink comp="355" pin=4"/></net>

<net id="368"><net_src comp="365" pin="1"/><net_sink comp="298" pin=2"/></net>

<net id="379"><net_src comp="294" pin="1"/><net_sink comp="369" pin=2"/></net>

<net id="380"><net_src comp="294" pin="1"/><net_sink comp="369" pin=4"/></net>

<net id="381"><net_src comp="294" pin="1"/><net_sink comp="369" pin=6"/></net>

<net id="382"><net_src comp="369" pin="8"/><net_sink comp="365" pin=0"/></net>

<net id="386"><net_src comp="383" pin="1"/><net_sink comp="283" pin=2"/></net>

<net id="397"><net_src comp="279" pin="1"/><net_sink comp="387" pin=0"/></net>

<net id="398"><net_src comp="279" pin="1"/><net_sink comp="387" pin=4"/></net>

<net id="399"><net_src comp="279" pin="1"/><net_sink comp="387" pin=6"/></net>

<net id="400"><net_src comp="387" pin="8"/><net_sink comp="383" pin=0"/></net>

<net id="404"><net_src comp="401" pin="1"/><net_sink comp="268" pin=2"/></net>

<net id="415"><net_src comp="264" pin="1"/><net_sink comp="405" pin=0"/></net>

<net id="416"><net_src comp="264" pin="1"/><net_sink comp="405" pin=2"/></net>

<net id="417"><net_src comp="264" pin="1"/><net_sink comp="405" pin=6"/></net>

<net id="418"><net_src comp="405" pin="8"/><net_sink comp="401" pin=0"/></net>

<net id="422"><net_src comp="419" pin="1"/><net_sink comp="253" pin=2"/></net>

<net id="433"><net_src comp="249" pin="1"/><net_sink comp="423" pin=0"/></net>

<net id="434"><net_src comp="249" pin="1"/><net_sink comp="423" pin=2"/></net>

<net id="435"><net_src comp="249" pin="1"/><net_sink comp="423" pin=4"/></net>

<net id="436"><net_src comp="423" pin="8"/><net_sink comp="419" pin=0"/></net>

<net id="440"><net_src comp="437" pin="1"/><net_sink comp="355" pin=2"/></net>

<net id="451"><net_src comp="355" pin="6"/><net_sink comp="441" pin=2"/></net>

<net id="452"><net_src comp="355" pin="6"/><net_sink comp="441" pin=4"/></net>

<net id="453"><net_src comp="355" pin="6"/><net_sink comp="441" pin=6"/></net>

<net id="454"><net_src comp="441" pin="8"/><net_sink comp="437" pin=0"/></net>

<net id="458"><net_src comp="455" pin="1"/><net_sink comp="341" pin=2"/></net>

<net id="469"><net_src comp="341" pin="6"/><net_sink comp="459" pin=0"/></net>

<net id="470"><net_src comp="341" pin="6"/><net_sink comp="459" pin=4"/></net>

<net id="471"><net_src comp="341" pin="6"/><net_sink comp="459" pin=6"/></net>

<net id="472"><net_src comp="459" pin="8"/><net_sink comp="455" pin=0"/></net>

<net id="476"><net_src comp="473" pin="1"/><net_sink comp="327" pin=2"/></net>

<net id="487"><net_src comp="327" pin="6"/><net_sink comp="477" pin=0"/></net>

<net id="488"><net_src comp="327" pin="6"/><net_sink comp="477" pin=2"/></net>

<net id="489"><net_src comp="327" pin="6"/><net_sink comp="477" pin=6"/></net>

<net id="490"><net_src comp="477" pin="8"/><net_sink comp="473" pin=0"/></net>

<net id="494"><net_src comp="491" pin="1"/><net_sink comp="313" pin=2"/></net>

<net id="505"><net_src comp="313" pin="6"/><net_sink comp="495" pin=0"/></net>

<net id="506"><net_src comp="313" pin="6"/><net_sink comp="495" pin=2"/></net>

<net id="507"><net_src comp="313" pin="6"/><net_sink comp="495" pin=4"/></net>

<net id="508"><net_src comp="495" pin="8"/><net_sink comp="491" pin=0"/></net>

<net id="512"><net_src comp="146" pin="6"/><net_sink comp="509" pin=0"/></net>

<net id="513"><net_src comp="509" pin="1"/><net_sink comp="100" pin=2"/></net>

<net id="514"><net_src comp="509" pin="1"/><net_sink comp="113" pin=2"/></net>

<net id="519"><net_src comp="26" pin="0"/><net_sink comp="515" pin=0"/></net>

<net id="520"><net_src comp="146" pin="6"/><net_sink comp="515" pin=1"/></net>

<net id="525"><net_src comp="160" pin="6"/><net_sink comp="521" pin=0"/></net>

<net id="526"><net_src comp="28" pin="0"/><net_sink comp="521" pin=1"/></net>

<net id="531"><net_src comp="521" pin="2"/><net_sink comp="527" pin=0"/></net>

<net id="532"><net_src comp="30" pin="0"/><net_sink comp="527" pin=1"/></net>

<net id="537"><net_src comp="146" pin="6"/><net_sink comp="533" pin=0"/></net>

<net id="538"><net_src comp="32" pin="0"/><net_sink comp="533" pin=1"/></net>

<net id="542"><net_src comp="156" pin="1"/><net_sink comp="539" pin=0"/></net>

<net id="550"><net_src comp="36" pin="0"/><net_sink comp="543" pin=0"/></net>

<net id="551"><net_src comp="217" pin="4"/><net_sink comp="543" pin=1"/></net>

<net id="552"><net_src comp="229" pin="4"/><net_sink comp="543" pin=2"/></net>

<net id="553"><net_src comp="241" pin="4"/><net_sink comp="543" pin=3"/></net>

<net id="554"><net_src comp="539" pin="1"/><net_sink comp="543" pin=4"/></net>

<net id="560"><net_src comp="20" pin="0"/><net_sink comp="555" pin=1"/></net>

<net id="571"><net_src comp="564" pin="1"/><net_sink comp="567" pin=0"/></net>

<net id="572"><net_src comp="561" pin="1"/><net_sink comp="567" pin=1"/></net>

<net id="579"><net_src comp="38" pin="0"/><net_sink comp="573" pin=0"/></net>

<net id="580"><net_src comp="567" pin="2"/><net_sink comp="573" pin=1"/></net>

<net id="581"><net_src comp="28" pin="0"/><net_sink comp="573" pin=2"/></net>

<net id="582"><net_src comp="40" pin="0"/><net_sink comp="573" pin=3"/></net>

<net id="594"><net_src comp="50" pin="0"/><net_sink comp="586" pin=0"/></net>

<net id="595"><net_src comp="253" pin="6"/><net_sink comp="586" pin=1"/></net>

<net id="596"><net_src comp="268" pin="6"/><net_sink comp="586" pin=2"/></net>

<net id="597"><net_src comp="283" pin="6"/><net_sink comp="586" pin=3"/></net>

<net id="598"><net_src comp="298" pin="6"/><net_sink comp="586" pin=4"/></net>

<net id="603"><net_src comp="583" pin="1"/><net_sink comp="599" pin=0"/></net>

<net id="604"><net_src comp="586" pin="6"/><net_sink comp="599" pin=1"/></net>

<net id="610"><net_src comp="78" pin="0"/><net_sink comp="605" pin=0"/></net>

<net id="611"><net_src comp="495" pin="8"/><net_sink comp="605" pin=1"/></net>

<net id="612"><net_src comp="16" pin="0"/><net_sink comp="605" pin=2"/></net>

<net id="618"><net_src comp="78" pin="0"/><net_sink comp="613" pin=0"/></net>

<net id="619"><net_src comp="477" pin="8"/><net_sink comp="613" pin=1"/></net>

<net id="620"><net_src comp="16" pin="0"/><net_sink comp="613" pin=2"/></net>

<net id="626"><net_src comp="78" pin="0"/><net_sink comp="621" pin=0"/></net>

<net id="627"><net_src comp="459" pin="8"/><net_sink comp="621" pin=1"/></net>

<net id="628"><net_src comp="16" pin="0"/><net_sink comp="621" pin=2"/></net>

<net id="634"><net_src comp="78" pin="0"/><net_sink comp="629" pin=0"/></net>

<net id="635"><net_src comp="441" pin="8"/><net_sink comp="629" pin=1"/></net>

<net id="636"><net_src comp="16" pin="0"/><net_sink comp="629" pin=2"/></net>

<net id="641"><net_src comp="80" pin="0"/><net_sink comp="637" pin=0"/></net>

<net id="642"><net_src comp="605" pin="3"/><net_sink comp="637" pin=1"/></net>

<net id="647"><net_src comp="637" pin="2"/><net_sink comp="643" pin=0"/></net>

<net id="648"><net_src comp="613" pin="3"/><net_sink comp="643" pin=1"/></net>

<net id="653"><net_src comp="643" pin="2"/><net_sink comp="649" pin=0"/></net>

<net id="654"><net_src comp="621" pin="3"/><net_sink comp="649" pin=1"/></net>

<net id="659"><net_src comp="649" pin="2"/><net_sink comp="655" pin=0"/></net>

<net id="660"><net_src comp="629" pin="3"/><net_sink comp="655" pin=1"/></net>

<net id="664"><net_src comp="655" pin="2"/><net_sink comp="661" pin=0"/></net>

<net id="668"><net_src comp="82" pin="2"/><net_sink comp="665" pin=0"/></net>

<net id="669"><net_src comp="665" pin="1"/><net_sink comp="241" pin=0"/></net>

<net id="673"><net_src comp="88" pin="2"/><net_sink comp="670" pin=0"/></net>

<net id="674"><net_src comp="670" pin="1"/><net_sink comp="229" pin=0"/></net>

<net id="678"><net_src comp="94" pin="2"/><net_sink comp="675" pin=0"/></net>

<net id="679"><net_src comp="675" pin="1"/><net_sink comp="217" pin=0"/></net>

<net id="683"><net_src comp="100" pin="3"/><net_sink comp="680" pin=0"/></net>

<net id="684"><net_src comp="680" pin="1"/><net_sink comp="107" pin=0"/></net>

<net id="688"><net_src comp="113" pin="3"/><net_sink comp="685" pin=0"/></net>

<net id="689"><net_src comp="685" pin="1"/><net_sink comp="120" pin=0"/></net>

<net id="693"><net_src comp="515" pin="2"/><net_sink comp="690" pin=0"/></net>

<net id="694"><net_src comp="690" pin="1"/><net_sink comp="146" pin=2"/></net>

<net id="698"><net_src comp="521" pin="2"/><net_sink comp="695" pin=0"/></net>

<net id="699"><net_src comp="695" pin="1"/><net_sink comp="555" pin=2"/></net>

<net id="703"><net_src comp="527" pin="2"/><net_sink comp="700" pin=0"/></net>

<net id="704"><net_src comp="700" pin="1"/><net_sink comp="555" pin=0"/></net>

<net id="708"><net_src comp="533" pin="2"/><net_sink comp="705" pin=0"/></net>

<net id="712"><net_src comp="107" pin="3"/><net_sink comp="709" pin=0"/></net>

<net id="713"><net_src comp="709" pin="1"/><net_sink comp="586" pin=5"/></net>

<net id="717"><net_src comp="543" pin="5"/><net_sink comp="714" pin=0"/></net>

<net id="718"><net_src comp="714" pin="1"/><net_sink comp="561" pin=0"/></net>

<net id="722"><net_src comp="120" pin="3"/><net_sink comp="719" pin=0"/></net>

<net id="723"><net_src comp="719" pin="1"/><net_sink comp="564" pin=0"/></net>

<net id="727"><net_src comp="555" pin="3"/><net_sink comp="724" pin=0"/></net>

<net id="728"><net_src comp="724" pin="1"/><net_sink comp="160" pin=2"/></net>

<net id="732"><net_src comp="573" pin="4"/><net_sink comp="729" pin=0"/></net>

<net id="733"><net_src comp="729" pin="1"/><net_sink comp="583" pin=0"/></net>

<net id="737"><net_src comp="599" pin="2"/><net_sink comp="734" pin=0"/></net>

<net id="738"><net_src comp="734" pin="1"/><net_sink comp="369" pin=0"/></net>

<net id="739"><net_src comp="734" pin="1"/><net_sink comp="387" pin=2"/></net>

<net id="740"><net_src comp="734" pin="1"/><net_sink comp="405" pin=4"/></net>

<net id="741"><net_src comp="734" pin="1"/><net_sink comp="423" pin=6"/></net>

<net id="742"><net_src comp="734" pin="1"/><net_sink comp="441" pin=0"/></net>

<net id="743"><net_src comp="734" pin="1"/><net_sink comp="459" pin=2"/></net>

<net id="744"><net_src comp="734" pin="1"/><net_sink comp="477" pin=4"/></net>

<net id="745"><net_src comp="734" pin="1"/><net_sink comp="495" pin=6"/></net>

</net_list>

</model> 
---------------- Datapath Model END ------------------

* FSMD analyzer results:
  - Output states:
 - Input state : 
	Port: dense_resource_rf_gt_nin_rem0<ap_ufixed,ap_fixed,config11>.0.0.0.0.0 : p_read | {2 }
	Port: dense_resource_rf_gt_nin_rem0<ap_ufixed,ap_fixed,config11>.0.0.0.0.0 : p_read1 | {2 }
	Port: dense_resource_rf_gt_nin_rem0<ap_ufixed,ap_fixed,config11>.0.0.0.0.0 : p_read2 | {2 }
	Port: dense_resource_rf_gt_nin_rem0<ap_ufixed,ap_fixed,config11>.0.0.0.0.0 : outidx2 | {2 3 }
	Port: dense_resource_rf_gt_nin_rem0<ap_ufixed,ap_fixed,config11>.0.0.0.0.0 : w11_V | {2 3 }
  - Chain level:
	State 1
	State 2
		zext_ln139 : 1
		outidx2_addr : 2
		out_index : 3
		w11_V_addr : 2
		w11_V_load : 3
		w_index : 1
		in_index : 1
		icmp_ln154 : 2
		icmp_ln135 : 1
		br_ln135 : 2
	State 3
		p_read15_phi : 1
		p_read116_phi : 1
		p_read217_phi : 1
		tmp_38 : 2
	State 4
		r_V : 1
		trunc_ln : 2
	State 5
		tmp_39 : 1
		acc_0_V : 2
	State 6
		acc_3_V_1 : 1
		acc_2_V_1 : 1
		acc_1_V_1 : 1
		acc_0_V_1 : 1
		p_Val2_15 : 1
		p_Val2_14 : 1
		p_Val2_13 : 1
		p_Val2_s : 1
		empty : 1
		res_0_V_write_assign : 2
		res_1_V_write_assign : 2
		res_2_V_write_assign : 2
		res_3_V_write_assign : 2
		mrv : 3
		mrv_1 : 4
		mrv_2 : 5
		mrv_3 : 6
		return_ln166 : 7


============================================================
+ Verbose Summary: Datapath Resource usage 
============================================================

* Functional unit list:
|----------|-----------------------------|---------|---------|---------|
| Operation|       Functional Unit       |  DSP48E |    FF   |   LUT   |
|----------|-----------------------------|---------|---------|---------|
|          |        w_index_fu_515       |    0    |    0    |    13   |
|    add   |       in_index_fu_521       |    0    |    0    |    39   |
|          |        acc_0_V_fu_599       |    0    |    0    |    23   |
|----------|-----------------------------|---------|---------|---------|
|    mux   |        tmp_38_fu_543        |    0    |    0    |    21   |
|          |        tmp_39_fu_586        |    0    |    0    |    21   |
|----------|-----------------------------|---------|---------|---------|
|    mul   |          r_V_fu_567         |    0    |    0    |    41   |
|----------|-----------------------------|---------|---------|---------|
|  select  |     select_ln154_fu_555     |    0    |    0    |    32   |
|----------|-----------------------------|---------|---------|---------|
|   icmp   |      icmp_ln154_fu_527      |    0    |    0    |    18   |
|          |      icmp_ln135_fu_533      |    0    |    0    |    9    |
|----------|-----------------------------|---------|---------|---------|
|          |     p_read_14_read_fu_82    |    0    |    0    |    0    |
|   read   |     p_read_15_read_fu_88    |    0    |    0    |    0    |
|          |     p_read15_read_fu_94     |    0    |    0    |    0    |
|----------|-----------------------------|---------|---------|---------|
|   zext   |      zext_ln139_fu_509      |    0    |    0    |    0    |
|          |      zext_ln1116_fu_561     |    0    |    0    |    0    |
|----------|-----------------------------|---------|---------|---------|
|   trunc  |      trunc_ln145_fu_539     |    0    |    0    |    0    |
|----------|-----------------------------|---------|---------|---------|
|   sext   |      sext_ln1118_fu_564     |    0    |    0    |    0    |
|          |      sext_ln708_fu_583      |    0    |    0    |    0    |
|----------|-----------------------------|---------|---------|---------|
|partselect|       trunc_ln_fu_573       |    0    |    0    |    0    |
|----------|-----------------------------|---------|---------|---------|
|          | res_0_V_write_assign_fu_605 |    0    |    0    |    0    |
|bitconcatenate| res_1_V_write_assign_fu_613 |    0    |    0    |    0    |
|          | res_2_V_write_assign_fu_621 |    0    |    0    |    0    |
|          | res_3_V_write_assign_fu_629 |    0    |    0    |    0    |
|----------|-----------------------------|---------|---------|---------|
|          |          mrv_fu_637         |    0    |    0    |    0    |
|insertvalue|         mrv_1_fu_643        |    0    |    0    |    0    |
|          |         mrv_2_fu_649        |    0    |    0    |    0    |
|          |         mrv_3_fu_655        |    0    |    0    |    0    |
|----------|-----------------------------|---------|---------|---------|
|  return  |     return_ln166_fu_661     |    0    |    0    |    0    |
|----------|-----------------------------|---------|---------|---------|
|   Total  |                             |    0    |    0    |   217   |
|----------|-----------------------------|---------|---------|---------|

Memories:
N/A

* Register list:
+------------------------+--------+
|                        |   FF   |
+------------------------+--------+
|   acc_0_V_04_reg_249   |   16   |
|    acc_0_V_1_reg_419   |   16   |
|     acc_0_V_reg_734    |   16   |
|   acc_1_V_03_reg_264   |   16   |
|    acc_1_V_1_reg_401   |   16   |
|   acc_2_V_02_reg_279   |   16   |
|    acc_2_V_1_reg_383   |   16   |
|   acc_3_V_01_reg_294   |   16   |
|    acc_3_V_1_reg_365   |   16   |
|     do_init_reg_126    |    1   |
|   icmp_ln135_reg_705   |    1   |
|   icmp_ln154_reg_700   |    1   |
|  in_index_013_reg_156  |   32   |
|    in_index_reg_695    |   32   |
|    out_index_reg_709   |    2   |
|  outidx2_addr_reg_680  |    4   |
|   p_Val2_1110_reg_323  |   16   |
|   p_Val2_128_reg_337   |   16   |
|    p_Val2_12_reg_309   |   16   |
|   p_Val2_136_reg_351   |   16   |
|    p_Val2_13_reg_473   |   16   |
|    p_Val2_14_reg_455   |   16   |
|    p_Val2_15_reg_437   |   16   |
|    p_Val2_s_reg_491    |   16   |
|  p_read116_phi_reg_225 |    8   |
|p_read116_rewind_reg_185|    8   |
|  p_read15_phi_reg_213  |    8   |
|    p_read15_reg_675    |    8   |
| p_read15_rewind_reg_171|    8   |
|  p_read217_phi_reg_237 |    8   |
|p_read217_rewind_reg_199|    8   |
|    p_read_14_reg_665   |    8   |
|    p_read_15_reg_670   |    8   |
|  select_ln154_reg_724  |   32   |
|     tmp_38_reg_714     |    8   |
|    trunc_ln_reg_729    |   14   |
|   w11_V_addr_reg_685   |    4   |
|   w11_V_load_reg_719   |    7   |
|    w_index14_reg_142   |    4   |
|     w_index_reg_690    |    4   |
+------------------------+--------+
|          Total         |   490  |
+------------------------+--------+

* Multiplexer (MUX) list: 
|----------------------|------|------|------|--------||---------||---------|
|         Comp         |  Pin | Size |  BW  | S x BW ||  Delay  ||   LUT   |
|----------------------|------|------|------|--------||---------||---------|
|   grp_access_fu_107  |  p0  |   2  |   4  |    8   ||    9    |
|   grp_access_fu_120  |  p0  |   2  |   4  |    8   ||    9    |
|    do_init_reg_126   |  p0  |   2  |   1  |    2   ||    9    |
| in_index_013_reg_156 |  p0  |   2  |  32  |   64   ||    9    |
|  acc_0_V_04_reg_249  |  p0  |   2  |  16  |   32   ||    9    |
|  acc_1_V_03_reg_264  |  p0  |   2  |  16  |   32   ||    9    |
|  acc_2_V_02_reg_279  |  p0  |   2  |  16  |   32   ||    9    |
|  acc_3_V_01_reg_294  |  p0  |   2  |  16  |   32   ||    9    |
|----------------------|------|------|------|--------||---------||---------|
|         Total        |      |      |      |   210  ||  14.152 ||    72   |
|----------------------|------|------|------|--------||---------||---------|



* Summary:
+-----------+--------+--------+--------+--------+
|           | DSP48E |  Delay |   FF   |   LUT  |
+-----------+--------+--------+--------+--------+
|  Function |    0   |    -   |    0   |   217  |
|   Memory  |    -   |    -   |    -   |    -   |
|Multiplexer|    -   |   14   |    -   |   72   |
|  Register |    -   |    -   |   490  |    -   |
+-----------+--------+--------+--------+--------+
|   Total   |    0   |   14   |   490  |   289  |
+-----------+--------+--------+--------+--------+
