

================================================================
== Vivado HLS Report for 'dense_resource_rf_gt_nin_rem0_ap_fixed_ap_fixed_config2_0_0_0_0_0_0_0_0_0'
================================================================
* Date:           Mon Jun  1 10:26:46 2026

* Version:        2020.1 (Build 2897737 on Wed May 27 20:21:37 MDT 2020)
* Project:        myproject_prj
* Solution:       solution1
* Product family: zynq
* Target device:  xc7z020-clg400-1


================================================================
== Performance Estimates
================================================================
+ Timing: 
    * Summary: 
    +--------+---------+----------+------------+
    |  Clock |  Target | Estimated| Uncertainty|
    +--------+---------+----------+------------+
    |ap_clk  | 5.00 ns | 6.325 ns |   0.62 ns  |
    +--------+---------+----------+------------+

+ Latency: 
    * Summary: 
    +---------+---------+----------+----------+-----+-----+---------------------------------------------+
    |  Latency (cycles) |  Latency (absolute) |  Interval |                   Pipeline                  |
    |   min   |   max   |    min   |    max   | min | max |                     Type                    |
    +---------+---------+----------+----------+-----+-----+---------------------------------------------+
    |       68|       69| 0.430 us | 0.436 us |   56|   56| loop rewind(delay=0 initiation interval(s)) |
    +---------+---------+----------+----------+-----+-----+---------------------------------------------+

    + Detail: 
        * Instance: 
        N/A

        * Loop: 
        +-------------+---------+---------+----------+-----------+-----------+------+----------+
        |             |  Latency (cycles) | Iteration|  Initiation Interval  | Trip |          |
        |  Loop Name  |   min   |   max   |  Latency |  achieved |   target  | Count| Pipelined|
        +-------------+---------+---------+----------+-----------+-----------+------+----------+
        |- ReuseLoop  |       68|       68|        14|          1|          1|    56|    yes   |
        +-------------+---------+---------+----------+-----------+-----------+------+----------+

============================================================
+ Verbose Summary: Synthesis Manager
============================================================
InlineROM: 1
ExposeGlobal: 0
============================================================
+ Verbose Summary: CDFG Model
============================================================
IsTopModel: 0
ResetActiveHigh: 1
IsCombinational: 2
IsDatapathOnly: 0
HasWiredReturn: 1
HasMFsm: 0
HasVarLatency: 1
IsPipeline: 0
IsRtlPipelined: 0
IsInstanceOverlapped: 0
IsDontTouch: 0
HasImplIP: 0
IsGatedGlobalClock: 0

+ Individual pipeline summary: 
  * Pipeline-0: initiation interval (II) = 1, depth = 14


============================================================
+ Verbose Summary: Schedule
============================================================
* Number of FSM states : 15
* Pipeline : 1
  Pipeline-0 : II = 1, D = 14, States = { 2 3 4 5 6 7 8 9 10 11 12 13 14 15 }
* Dataflow Pipeline: 0

* FSM state transitions: 
1 --> 2 
2 --> 3 
3 --> 4 
4 --> 5 
5 --> 6 
6 --> 7 
7 --> 8 
8 --> 9 
9 --> 10 
10 --> 11 
11 --> 12 
12 --> 13 
13 --> 14 
14 --> 15 
15 --> 2 

* FSM state operations: 

State 1 <SV = 0> <Delay = 1.76>
ST_1 : Operation 16 [1/1] (0.00ns)   --->   "%tmp = call i32 (...)* @_ssdm_op_SpecRegionBegin([12 x i8]* @p_str27)" [firmware/nnet_utils/nnet_dense_resource.h:106]   --->   Operation 16 'specregionbegin' 'tmp' <Predicate = true> <Delay = 0.00>
ST_1 : Operation 17 [1/1] (1.76ns)   --->   "br label %rewind_header" [firmware/nnet_utils/nnet_dense_resource.h:135]   --->   Operation 17 'br' <Predicate = true> <Delay = 1.76>

State 2 <SV = 1> <Delay = 5.02>
ST_2 : Operation 18 [1/1] (0.00ns)   --->   "%w_index26 = phi i6 [ 0, %hls_label_0_begin ], [ %w_index, %ReuseLoop_end ], [ 0, %.preheader.0 ]"   --->   Operation 18 'phi' 'w_index26' <Predicate = true> <Delay = 0.00>
ST_2 : Operation 19 [1/1] (0.00ns)   --->   "%in_index_025 = phi i32 [ 0, %hls_label_0_begin ], [ %select_ln154, %ReuseLoop_end ], [ 0, %.preheader.0 ]" [firmware/nnet_utils/nnet_dense_resource.h:154]   --->   Operation 19 'phi' 'in_index_025' <Predicate = true> <Delay = 0.00>
ST_2 : Operation 20 [1/1] (0.00ns)   --->   "%data_V_read = call i224 @_ssdm_op_Read.ap_auto.i224P(i224* %data_V)" [firmware/nnet_utils/nnet_dense_resource.h:145]   --->   Operation 20 'read' 'data_V_read' <Predicate = true> <Delay = 0.00>
ST_2 : Operation 21 [1/1] (0.00ns)   --->   "%tmp_127 = call i224 @llvm.part.select.i224(i224 %data_V_read, i32 223, i32 0)" [firmware/nnet_utils/nnet_dense_resource.h:145]   --->   Operation 21 'partselect' 'tmp_127' <Predicate = true> <Delay = 0.00>
ST_2 : Operation 22 [1/1] (1.82ns)   --->   "%w_index = add i6 %w_index26, 1" [firmware/nnet_utils/nnet_dense_resource.h:135]   --->   Operation 22 'add' 'w_index' <Predicate = true> <Delay = 1.82> <Core = "AddSub">   --->   Core 14 'AddSub' <Latency = 0> <II = 1> <Delay = 2.55> <FuncUnit> <Opcode : 'add' 'sub'> <InPorts = 2> <OutPorts = 1>
ST_2 : Operation 23 [1/1] (2.55ns)   --->   "%in_index = add nsw i32 %in_index_025, 1" [firmware/nnet_utils/nnet_dense_resource.h:153]   --->   Operation 23 'add' 'in_index' <Predicate = true> <Delay = 2.55> <Core = "AddSub">   --->   Core 14 'AddSub' <Latency = 0> <II = 1> <Delay = 2.55> <FuncUnit> <Opcode : 'add' 'sub'> <InPorts = 2> <OutPorts = 1>
ST_2 : Operation 24 [1/1] (2.47ns)   --->   "%icmp_ln154 = icmp sgt i32 %in_index, 13" [firmware/nnet_utils/nnet_dense_resource.h:154]   --->   Operation 24 'icmp' 'icmp_ln154' <Predicate = true> <Delay = 2.47> <Core = "Cmp">   --->   Core 25 'Cmp' <Latency = 0> <II = 1> <Delay = 1.42> <FuncUnit> <Opcode : 'icmp'> <InPorts = 2> <OutPorts = 1>
ST_2 : Operation 25 [1/1] (1.42ns)   --->   "%icmp_ln135 = icmp eq i6 %w_index26, -9" [firmware/nnet_utils/nnet_dense_resource.h:135]   --->   Operation 25 'icmp' 'icmp_ln135' <Predicate = true> <Delay = 1.42> <Core = "Cmp">   --->   Core 25 'Cmp' <Latency = 0> <II = 1> <Delay = 1.42> <FuncUnit> <Opcode : 'icmp'> <InPorts = 2> <OutPorts = 1>
ST_2 : Operation 26 [1/1] (0.00ns)   --->   "br label %rewind_header" [firmware/nnet_utils/nnet_dense_resource.h:166]   --->   Operation 26 'br' <Predicate = (icmp_ln135)> <Delay = 0.00>

State 3 <SV = 2> <Delay = 5.72>
ST_3 : Operation 27 [1/1] (0.00ns)   --->   "%empty = trunc i32 %in_index_025 to i5" [firmware/nnet_utils/nnet_dense_resource.h:154]   --->   Operation 27 'trunc' 'empty' <Predicate = true> <Delay = 0.00>
ST_3 : Operation 28 [1/1] (0.00ns)   --->   "%empty_24 = trunc i32 %in_index_025 to i4" [firmware/nnet_utils/nnet_dense_resource.h:154]   --->   Operation 28 'trunc' 'empty_24' <Predicate = true> <Delay = 0.00>
ST_3 : Operation 29 [1/1] (0.00ns)   --->   "%tmp_2 = call i9 @_ssdm_op_BitConcatenate.i9.i5.i4(i5 %empty, i4 0)" [firmware/nnet_utils/nnet_dense_resource.h:154]   --->   Operation 29 'bitconcatenate' 'tmp_2' <Predicate = true> <Delay = 0.00>
ST_3 : Operation 30 [1/1] (0.00ns)   --->   "%empty_25 = or i9 %tmp_2, 15" [firmware/nnet_utils/nnet_dense_resource.h:154]   --->   Operation 30 'or' 'empty_25' <Predicate = true> <Delay = 0.00>
ST_3 : Operation 31 [1/1] (1.66ns)   --->   "%icmp_ln145 = icmp ugt i9 %tmp_2, %empty_25" [firmware/nnet_utils/nnet_dense_resource.h:145]   --->   Operation 31 'icmp' 'icmp_ln145' <Predicate = true> <Delay = 1.66> <Core = "Cmp">   --->   Core 25 'Cmp' <Latency = 0> <II = 1> <Delay = 1.42> <FuncUnit> <Opcode : 'icmp'> <InPorts = 2> <OutPorts = 1>
ST_3 : Operation 32 [1/1] (0.00ns)   --->   "%tmp_126 = call i8 @_ssdm_op_BitConcatenate.i8.i4.i4(i4 %empty_24, i4 0)" [firmware/nnet_utils/nnet_dense_resource.h:145]   --->   Operation 32 'bitconcatenate' 'tmp_126' <Predicate = true> <Delay = 0.00>
ST_3 : Operation 33 [1/1] (0.00ns)   --->   "%trunc_ln145 = trunc i9 %empty_25 to i8" [firmware/nnet_utils/nnet_dense_resource.h:145]   --->   Operation 33 'trunc' 'trunc_ln145' <Predicate = true> <Delay = 0.00>
ST_3 : Operation 34 [1/1] (1.91ns)   --->   "%sub_ln145 = sub i8 %tmp_126, %trunc_ln145" [firmware/nnet_utils/nnet_dense_resource.h:145]   --->   Operation 34 'sub' 'sub_ln145' <Predicate = true> <Delay = 1.91> <Core = "AddSub">   --->   Core 14 'AddSub' <Latency = 0> <II = 1> <Delay = 2.55> <FuncUnit> <Opcode : 'add' 'sub'> <InPorts = 2> <OutPorts = 1>
ST_3 : Operation 35 [1/1] (1.91ns)   --->   "%sub_ln145_1 = sub i8 -33, %tmp_126" [firmware/nnet_utils/nnet_dense_resource.h:145]   --->   Operation 35 'sub' 'sub_ln145_1' <Predicate = true> <Delay = 1.91> <Core = "AddSub">   --->   Core 14 'AddSub' <Latency = 0> <II = 1> <Delay = 2.55> <FuncUnit> <Opcode : 'add' 'sub'> <InPorts = 2> <OutPorts = 1>
ST_3 : Operation 36 [1/1] (1.91ns)   --->   "%sub_ln145_2 = sub i8 %trunc_ln145, %tmp_126" [firmware/nnet_utils/nnet_dense_resource.h:145]   --->   Operation 36 'sub' 'sub_ln145_2' <Predicate = true> <Delay = 1.91> <Core = "AddSub">   --->   Core 14 'AddSub' <Latency = 0> <II = 1> <Delay = 2.55> <FuncUnit> <Opcode : 'add' 'sub'> <InPorts = 2> <OutPorts = 1>
ST_3 : Operation 37 [1/1] (0.00ns) (grouped into LUT with out node sub_ln145_3)   --->   "%select_ln145 = select i1 %icmp_ln145, i8 %sub_ln145, i8 %sub_ln145_2" [firmware/nnet_utils/nnet_dense_resource.h:145]   --->   Operation 37 'select' 'select_ln145' <Predicate = true> <Delay = 0.00> <Core = "Sel">   --->   Core 26 'Sel' <Latency = 0> <II = 1> <Delay = 0.69> <FuncUnit> <Opcode : 'select'> <InPorts = 3> <OutPorts = 1>
ST_3 : Operation 38 [1/1] (1.52ns)   --->   "%select_ln145_1 = select i1 %icmp_ln145, i224 %tmp_127, i224 %data_V_read" [firmware/nnet_utils/nnet_dense_resource.h:145]   --->   Operation 38 'select' 'select_ln145_1' <Predicate = true> <Delay = 1.52> <Core = "Sel">   --->   Core 26 'Sel' <Latency = 0> <II = 1> <Delay = 0.69> <FuncUnit> <Opcode : 'select'> <InPorts = 3> <OutPorts = 1>
ST_3 : Operation 39 [1/1] (1.24ns)   --->   "%select_ln145_2 = select i1 %icmp_ln145, i8 %sub_ln145_1, i8 %tmp_126" [firmware/nnet_utils/nnet_dense_resource.h:145]   --->   Operation 39 'select' 'select_ln145_2' <Predicate = true> <Delay = 1.24> <Core = "Sel">   --->   Core 26 'Sel' <Latency = 0> <II = 1> <Delay = 0.69> <FuncUnit> <Opcode : 'select'> <InPorts = 3> <OutPorts = 1>
ST_3 : Operation 40 [1/1] (1.91ns) (out node of the LUT)   --->   "%sub_ln145_3 = sub i8 -33, %select_ln145" [firmware/nnet_utils/nnet_dense_resource.h:145]   --->   Operation 40 'sub' 'sub_ln145_3' <Predicate = true> <Delay = 1.91> <Core = "AddSub">   --->   Core 14 'AddSub' <Latency = 0> <II = 1> <Delay = 2.55> <FuncUnit> <Opcode : 'add' 'sub'> <InPorts = 2> <OutPorts = 1>
ST_3 : Operation 41 [1/1] (0.69ns)   --->   "%select_ln154 = select i1 %icmp_ln154, i32 0, i32 %in_index" [firmware/nnet_utils/nnet_dense_resource.h:154]   --->   Operation 41 'select' 'select_ln154' <Predicate = true> <Delay = 0.69> <Core = "Sel">   --->   Core 26 'Sel' <Latency = 0> <II = 1> <Delay = 0.69> <FuncUnit> <Opcode : 'select'> <InPorts = 3> <OutPorts = 1>

State 4 <SV = 3> <Delay = 3.89>
ST_4 : Operation 42 [1/1] (0.00ns)   --->   "%zext_ln145 = zext i8 %select_ln145_2 to i224" [firmware/nnet_utils/nnet_dense_resource.h:145]   --->   Operation 42 'zext' 'zext_ln145' <Predicate = true> <Delay = 0.00>
ST_4 : Operation 43 [6/6] (3.89ns)   --->   "%lshr_ln145 = lshr i224 %select_ln145_1, %zext_ln145" [firmware/nnet_utils/nnet_dense_resource.h:145]   --->   Operation 43 'lshr' 'lshr_ln145' <Predicate = true> <Delay = 3.89> <Core = "ShiftnS">   --->   Core 29 'ShiftnS' <Latency = 5> <II = 1> <Delay = 3.89> <FuncUnit> <Opcode : 'shl' 'lshr' 'ashr'> <InPorts = 2> <OutPorts = 1>

State 5 <SV = 4> <Delay = 3.89>
ST_5 : Operation 44 [5/6] (3.89ns)   --->   "%lshr_ln145 = lshr i224 %select_ln145_1, %zext_ln145" [firmware/nnet_utils/nnet_dense_resource.h:145]   --->   Operation 44 'lshr' 'lshr_ln145' <Predicate = true> <Delay = 3.89> <Core = "ShiftnS">   --->   Core 29 'ShiftnS' <Latency = 5> <II = 1> <Delay = 3.89> <FuncUnit> <Opcode : 'shl' 'lshr' 'ashr'> <InPorts = 2> <OutPorts = 1>

State 6 <SV = 5> <Delay = 3.89>
ST_6 : Operation 45 [4/6] (3.89ns)   --->   "%lshr_ln145 = lshr i224 %select_ln145_1, %zext_ln145" [firmware/nnet_utils/nnet_dense_resource.h:145]   --->   Operation 45 'lshr' 'lshr_ln145' <Predicate = true> <Delay = 3.89> <Core = "ShiftnS">   --->   Core 29 'ShiftnS' <Latency = 5> <II = 1> <Delay = 3.89> <FuncUnit> <Opcode : 'shl' 'lshr' 'ashr'> <InPorts = 2> <OutPorts = 1>

State 7 <SV = 6> <Delay = 3.89>
ST_7 : Operation 46 [3/6] (3.89ns)   --->   "%lshr_ln145 = lshr i224 %select_ln145_1, %zext_ln145" [firmware/nnet_utils/nnet_dense_resource.h:145]   --->   Operation 46 'lshr' 'lshr_ln145' <Predicate = true> <Delay = 3.89> <Core = "ShiftnS">   --->   Core 29 'ShiftnS' <Latency = 5> <II = 1> <Delay = 3.89> <FuncUnit> <Opcode : 'shl' 'lshr' 'ashr'> <InPorts = 2> <OutPorts = 1>

State 8 <SV = 7> <Delay = 3.89>
ST_8 : Operation 47 [2/6] (3.89ns)   --->   "%lshr_ln145 = lshr i224 %select_ln145_1, %zext_ln145" [firmware/nnet_utils/nnet_dense_resource.h:145]   --->   Operation 47 'lshr' 'lshr_ln145' <Predicate = true> <Delay = 3.89> <Core = "ShiftnS">   --->   Core 29 'ShiftnS' <Latency = 5> <II = 1> <Delay = 3.89> <FuncUnit> <Opcode : 'shl' 'lshr' 'ashr'> <InPorts = 2> <OutPorts = 1>

State 9 <SV = 8> <Delay = 3.89>
ST_9 : Operation 48 [1/1] (0.00ns)   --->   "%zext_ln139 = zext i6 %w_index26 to i64" [firmware/nnet_utils/nnet_dense_resource.h:139]   --->   Operation 48 'zext' 'zext_ln139' <Predicate = true> <Delay = 0.00>
ST_9 : Operation 49 [1/1] (0.00ns)   --->   "%outidx5_addr = getelementptr [56 x i2]* @outidx5, i64 0, i64 %zext_ln139" [firmware/nnet_utils/nnet_dense_resource.h:139]   --->   Operation 49 'getelementptr' 'outidx5_addr' <Predicate = true> <Delay = 0.00>
ST_9 : Operation 50 [2/2] (3.25ns)   --->   "%out_index = load i2* %outidx5_addr, align 1" [firmware/nnet_utils/nnet_dense_resource.h:139]   --->   Operation 50 'load' 'out_index' <Predicate = true> <Delay = 3.25> <Core = "ROM_nP">   --->   Core 52 'ROM_nP' <Latency = 1> <II = 1> <Delay = 3.25> <Storage> <Opcode : 'load'> <Ports = 0> <Width = 2> <Depth = 56> <ROM>
ST_9 : Operation 51 [1/6] (3.89ns)   --->   "%lshr_ln145 = lshr i224 %select_ln145_1, %zext_ln145" [firmware/nnet_utils/nnet_dense_resource.h:145]   --->   Operation 51 'lshr' 'lshr_ln145' <Predicate = true> <Delay = 3.89> <Core = "ShiftnS">   --->   Core 29 'ShiftnS' <Latency = 5> <II = 1> <Delay = 3.89> <FuncUnit> <Opcode : 'shl' 'lshr' 'ashr'> <InPorts = 2> <OutPorts = 1>
ST_9 : Operation 52 [1/1] (0.00ns)   --->   "%w2_V_addr = getelementptr [56 x i14]* @w2_V, i64 0, i64 %zext_ln139" [firmware/nnet_utils/nnet_dense_resource.h:145]   --->   Operation 52 'getelementptr' 'w2_V_addr' <Predicate = true> <Delay = 0.00>
ST_9 : Operation 53 [2/2] (3.25ns)   --->   "%w2_V_load = load i14* %w2_V_addr, align 2" [firmware/nnet_utils/nnet_dense_resource.h:145]   --->   Operation 53 'load' 'w2_V_load' <Predicate = true> <Delay = 3.25> <Core = "ROM_nP_BRAM">   --->   Core 55 'ROM_nP_BRAM' <Latency = 1> <II = 1> <Delay = 3.25> <Storage> <Opcode : 'load'> <Ports = 0> <Width = 14> <Depth = 56> <ROM>

State 10 <SV = 9> <Delay = 3.25>
ST_10 : Operation 54 [1/2] (3.25ns)   --->   "%out_index = load i2* %outidx5_addr, align 1" [firmware/nnet_utils/nnet_dense_resource.h:139]   --->   Operation 54 'load' 'out_index' <Predicate = true> <Delay = 3.25> <Core = "ROM_nP">   --->   Core 52 'ROM_nP' <Latency = 1> <II = 1> <Delay = 3.25> <Storage> <Opcode : 'load'> <Ports = 0> <Width = 2> <Depth = 56> <ROM>
ST_10 : Operation 55 [1/1] (0.00ns) (grouped into LUT with out node and_ln145)   --->   "%zext_ln145_1 = zext i8 %sub_ln145_3 to i224" [firmware/nnet_utils/nnet_dense_resource.h:145]   --->   Operation 55 'zext' 'zext_ln145_1' <Predicate = true> <Delay = 0.00>
ST_10 : Operation 56 [1/1] (0.00ns) (grouped into LUT with out node and_ln145)   --->   "%lshr_ln145_1 = lshr i224 -1, %zext_ln145_1" [firmware/nnet_utils/nnet_dense_resource.h:145]   --->   Operation 56 'lshr' 'lshr_ln145_1' <Predicate = true> <Delay = 0.00> <Core = "Shift">   --->   Core 28 'Shift' <Latency = 0> <II = 1> <Delay = 3.14> <FuncUnit> <Opcode : 'shl' 'lshr' 'ashr'> <InPorts = 2> <OutPorts = 1>
ST_10 : Operation 57 [1/1] (3.14ns) (out node of the LUT)   --->   "%and_ln145 = and i224 %lshr_ln145, %lshr_ln145_1" [firmware/nnet_utils/nnet_dense_resource.h:145]   --->   Operation 57 'and' 'and_ln145' <Predicate = true> <Delay = 3.14> <Core = "LogicGate">   --->   Core 27 'LogicGate' <Latency = 0> <II = 1> <Delay = 1.03> <FuncUnit> <Opcode : 'and' 'or' 'xor'> <InPorts = 2> <OutPorts = 1>
ST_10 : Operation 58 [1/1] (0.00ns)   --->   "%trunc_ln145_1 = trunc i224 %and_ln145 to i16" [firmware/nnet_utils/nnet_dense_resource.h:145]   --->   Operation 58 'trunc' 'trunc_ln145_1' <Predicate = true> <Delay = 0.00>
ST_10 : Operation 59 [1/2] (3.25ns)   --->   "%w2_V_load = load i14* %w2_V_addr, align 2" [firmware/nnet_utils/nnet_dense_resource.h:145]   --->   Operation 59 'load' 'w2_V_load' <Predicate = true> <Delay = 3.25> <Core = "ROM_nP_BRAM">   --->   Core 55 'ROM_nP_BRAM' <Latency = 1> <II = 1> <Delay = 3.25> <Storage> <Opcode : 'load'> <Ports = 0> <Width = 14> <Depth = 56> <ROM>
ST_10 : Operation 60 [1/1] (0.00ns)   --->   "%trunc_ln145_2 = trunc i14 %w2_V_load to i8" [firmware/nnet_utils/nnet_dense_resource.h:145]   --->   Operation 60 'trunc' 'trunc_ln145_2' <Predicate = true> <Delay = 0.00>
ST_10 : Operation 61 [1/1] (0.00ns)   --->   "%tmp_40 = call i6 @_ssdm_op_PartSelect.i6.i14.i32.i32(i14 %w2_V_load, i32 8, i32 13)" [firmware/nnet_utils/nnet_dense_resource.h:145]   --->   Operation 61 'partselect' 'tmp_40' <Predicate = true> <Delay = 0.00>

State 11 <SV = 10> <Delay = 3.89>
ST_11 : Operation 62 [1/1] (0.00ns)   --->   "%sext_ln1116_cast = sext i16 %trunc_ln145_1 to i21" [firmware/nnet_utils/nnet_dense_resource.h:145]   --->   Operation 62 'sext' 'sext_ln1116_cast' <Predicate = true> <Delay = 0.00>
ST_11 : Operation 63 [1/1] (0.00ns)   --->   "%sext_ln1118 = sext i8 %trunc_ln145_2 to i21" [firmware/nnet_utils/nnet_mult.h:73->firmware/nnet_utils/nnet_dense_resource.h:145]   --->   Operation 63 'sext' 'sext_ln1118' <Predicate = true> <Delay = 0.00>
ST_11 : Operation 64 [3/3] (3.89ns) (root node of the DSP)   --->   "%mul_ln1118 = mul i21 %sext_ln1118, %sext_ln1116_cast" [firmware/nnet_utils/nnet_mult.h:73->firmware/nnet_utils/nnet_dense_resource.h:145]   --->   Operation 64 'mul' 'mul_ln1118' <Predicate = true> <Delay = 3.89> <Core = "DSP48">   --->   Core 88 'DSP48' <Latency = 2> <II = 1> <Delay = 3.89> <IPBlock> <Opcode : 'mul' 'add' 'sub' 'select'> <InPorts = 0> <OutPorts = 1> <Sync> <CReg>
ST_11 : Operation 65 [1/1] (0.00ns)   --->   "%sext_ln1118_1 = sext i6 %tmp_40 to i21" [firmware/nnet_utils/nnet_mult.h:73->firmware/nnet_utils/nnet_dense_resource.h:145]   --->   Operation 65 'sext' 'sext_ln1118_1' <Predicate = true> <Delay = 0.00>
ST_11 : Operation 66 [3/3] (3.89ns) (root node of the DSP)   --->   "%mul_ln1118_1 = mul i21 %sext_ln1116_cast, %sext_ln1118_1" [firmware/nnet_utils/nnet_mult.h:73->firmware/nnet_utils/nnet_dense_resource.h:145]   --->   Operation 66 'mul' 'mul_ln1118_1' <Predicate = true> <Delay = 3.89> <Core = "DSP48">   --->   Core 88 'DSP48' <Latency = 2> <II = 1> <Delay = 3.89> <IPBlock> <Opcode : 'mul' 'add' 'sub' 'select'> <InPorts = 0> <OutPorts = 1> <Sync> <CReg>

State 12 <SV = 11> <Delay = 3.89>
ST_12 : Operation 67 [2/3] (3.89ns) (root node of the DSP)   --->   "%mul_ln1118 = mul i21 %sext_ln1118, %sext_ln1116_cast" [firmware/nnet_utils/nnet_mult.h:73->firmware/nnet_utils/nnet_dense_resource.h:145]   --->   Operation 67 'mul' 'mul_ln1118' <Predicate = true> <Delay = 3.89> <Core = "DSP48">   --->   Core 88 'DSP48' <Latency = 2> <II = 1> <Delay = 3.89> <IPBlock> <Opcode : 'mul' 'add' 'sub' 'select'> <InPorts = 0> <OutPorts = 1> <Sync> <CReg>
ST_12 : Operation 68 [2/3] (3.89ns) (root node of the DSP)   --->   "%mul_ln1118_1 = mul i21 %sext_ln1116_cast, %sext_ln1118_1" [firmware/nnet_utils/nnet_mult.h:73->firmware/nnet_utils/nnet_dense_resource.h:145]   --->   Operation 68 'mul' 'mul_ln1118_1' <Predicate = true> <Delay = 3.89> <Core = "DSP48">   --->   Core 88 'DSP48' <Latency = 2> <II = 1> <Delay = 3.89> <IPBlock> <Opcode : 'mul' 'add' 'sub' 'select'> <InPorts = 0> <OutPorts = 1> <Sync> <CReg>

State 13 <SV = 12> <Delay = 0.00>
ST_13 : Operation 69 [1/3] (0.00ns) (root node of the DSP)   --->   "%mul_ln1118 = mul i21 %sext_ln1118, %sext_ln1116_cast" [firmware/nnet_utils/nnet_mult.h:73->firmware/nnet_utils/nnet_dense_resource.h:145]   --->   Operation 69 'mul' 'mul_ln1118' <Predicate = true> <Delay = 0.00> <Core = "DSP48">   --->   Core 88 'DSP48' <Latency = 2> <II = 1> <Delay = 3.89> <IPBlock> <Opcode : 'mul' 'add' 'sub' 'select'> <InPorts = 0> <OutPorts = 1> <Sync> <CReg>
ST_13 : Operation 70 [1/3] (0.00ns) (root node of the DSP)   --->   "%mul_ln1118_1 = mul i21 %sext_ln1116_cast, %sext_ln1118_1" [firmware/nnet_utils/nnet_mult.h:73->firmware/nnet_utils/nnet_dense_resource.h:145]   --->   Operation 70 'mul' 'mul_ln1118_1' <Predicate = true> <Delay = 0.00> <Core = "DSP48">   --->   Core 88 'DSP48' <Latency = 2> <II = 1> <Delay = 3.89> <IPBlock> <Opcode : 'mul' 'add' 'sub' 'select'> <InPorts = 0> <OutPorts = 1> <Sync> <CReg>

State 14 <SV = 13> <Delay = 4.03>
ST_14 : Operation 71 [1/1] (0.00ns)   --->   "%p_Val2_24 = phi i16 [ -256, %hls_label_0_begin ], [ %p_Val2_s, %ReuseLoop_end ], [ -256, %.preheader.0 ]"   --->   Operation 71 'phi' 'p_Val2_24' <Predicate = true> <Delay = 0.00>
ST_14 : Operation 72 [1/1] (0.00ns)   --->   "%p_Val2_1422 = phi i16 [ -448, %hls_label_0_begin ], [ %p_Val2_16, %ReuseLoop_end ], [ -448, %.preheader.0 ]"   --->   Operation 72 'phi' 'p_Val2_1422' <Predicate = true> <Delay = 0.00>
ST_14 : Operation 73 [1/1] (0.00ns)   --->   "%p_Val2_1520 = phi i16 [ 160, %hls_label_0_begin ], [ %p_Val2_17, %ReuseLoop_end ], [ 160, %.preheader.0 ]"   --->   Operation 73 'phi' 'p_Val2_1520' <Predicate = true> <Delay = 0.00>
ST_14 : Operation 74 [1/1] (0.00ns)   --->   "%p_Val2_1618 = phi i16 [ -32, %hls_label_0_begin ], [ %p_Val2_18, %ReuseLoop_end ], [ -32, %.preheader.0 ]"   --->   Operation 74 'phi' 'p_Val2_1618' <Predicate = true> <Delay = 0.00>
ST_14 : Operation 75 [1/1] (0.00ns)   --->   "%trunc_ln = call i16 @_ssdm_op_PartSelect.i16.i21.i32.i32(i21 %mul_ln1118, i32 5, i32 20)" [firmware/nnet_utils/nnet_dense_resource.h:145]   --->   Operation 75 'partselect' 'trunc_ln' <Predicate = true> <Delay = 0.00>
ST_14 : Operation 76 [1/1] (1.95ns)   --->   "%phi_ln = call i16 @_ssdm_op_Mux.ap_auto.4i16.i2(i16 %p_Val2_24, i16 %p_Val2_1422, i16 %p_Val2_1520, i16 %p_Val2_1618, i2 %out_index)" [firmware/nnet_utils/nnet_dense_resource.h:145]   --->   Operation 76 'mux' 'phi_ln' <Predicate = true> <Delay = 1.95> <Core = "MuxnS">   --->   Core 31 'MuxnS' <Latency = 0> <II = 1> <Delay = 2.47> <FuncUnit> <Opcode : 'mux'> <InPorts = 2> <OutPorts = 1>
ST_14 : Operation 77 [1/1] (2.07ns)   --->   "%acc_0_V = add i16 %phi_ln, %trunc_ln" [firmware/nnet_utils/nnet_dense_resource.h:145]   --->   Operation 77 'add' 'acc_0_V' <Predicate = true> <Delay = 2.07> <Core = "AddSub">   --->   Core 14 'AddSub' <Latency = 0> <II = 1> <Delay = 2.55> <FuncUnit> <Opcode : 'add' 'sub'> <InPorts = 2> <OutPorts = 1>
ST_14 : Operation 78 [1/1] (0.00ns)   --->   "%trunc_ln708_s = call i16 @_ssdm_op_PartSelect.i16.i21.i32.i32(i21 %mul_ln1118_1, i32 5, i32 20)" [firmware/nnet_utils/nnet_dense_resource.h:145]   --->   Operation 78 'partselect' 'trunc_ln708_s' <Predicate = true> <Delay = 0.00>

State 15 <SV = 14> <Delay = 6.32>
ST_15 : Operation 79 [1/1] (0.00ns)   --->   "%do_init = phi i1 [ true, %hls_label_0_begin ], [ false, %ReuseLoop_end ], [ true, %.preheader.0 ]"   --->   Operation 79 'phi' 'do_init' <Predicate = true> <Delay = 0.00>
ST_15 : Operation 80 [1/1] (0.00ns)   --->   "%p_Val2_1716 = phi i16 [ 448, %hls_label_0_begin ], [ %p_Val2_19, %ReuseLoop_end ], [ 448, %.preheader.0 ]"   --->   Operation 80 'phi' 'p_Val2_1716' <Predicate = true> <Delay = 0.00>
ST_15 : Operation 81 [1/1] (0.00ns)   --->   "%p_Val2_1814 = phi i16 [ 864, %hls_label_0_begin ], [ %p_Val2_20, %ReuseLoop_end ], [ 864, %.preheader.0 ]"   --->   Operation 81 'phi' 'p_Val2_1814' <Predicate = true> <Delay = 0.00>
ST_15 : Operation 82 [1/1] (0.00ns)   --->   "%p_Val2_1912 = phi i16 [ -64, %hls_label_0_begin ], [ %p_Val2_21, %ReuseLoop_end ], [ -64, %.preheader.0 ]"   --->   Operation 82 'phi' 'p_Val2_1912' <Predicate = true> <Delay = 0.00>
ST_15 : Operation 83 [1/1] (0.00ns)   --->   "%p_Val2_2010 = phi i16 [ -288, %hls_label_0_begin ], [ %p_Val2_22, %ReuseLoop_end ], [ -288, %.preheader.0 ]"   --->   Operation 83 'phi' 'p_Val2_2010' <Predicate = true> <Delay = 0.00>
ST_15 : Operation 84 [1/1] (0.00ns)   --->   "br i1 %do_init, label %hls_label_0_end, label %ReuseLoop_begin"   --->   Operation 84 'br' <Predicate = true> <Delay = 0.00>
ST_15 : Operation 85 [1/1] (0.00ns)   --->   "call void (...)* @_ssdm_op_SpecMemCore([56 x i14]* @w2_V, [1 x i8]* @p_str13, [12 x i8]* @p_str17, [1 x i8]* @p_str13, i32 -1, [1 x i8]* @p_str13, [1 x i8]* @p_str13, [1 x i8]* @p_str13, [1 x i8]* @p_str13, [1 x i8]* @p_str13)"   --->   Operation 85 'specmemcore' <Predicate = (do_init)> <Delay = 0.00>
ST_15 : Operation 86 [1/1] (0.00ns)   --->   "%empty_28 = call i32 (...)* @_ssdm_op_SpecRegionEnd([12 x i8]* @p_str27, i32 %tmp)" [firmware/nnet_utils/nnet_dense_resource.h:108]   --->   Operation 86 'specregionend' 'empty_28' <Predicate = (do_init)> <Delay = 0.00>
ST_15 : Operation 87 [1/1] (0.00ns)   --->   "br label %ReuseLoop_begin" [firmware/nnet_utils/nnet_dense_resource.h:135]   --->   Operation 87 'br' <Predicate = (do_init)> <Delay = 0.00>
ST_15 : Operation 88 [1/1] (0.00ns)   --->   "call void (...)* @_ssdm_op_SpecLoopName([10 x i8]* @p_str20) nounwind" [firmware/nnet_utils/nnet_dense_resource.h:135]   --->   Operation 88 'specloopname' <Predicate = true> <Delay = 0.00>
ST_15 : Operation 89 [1/1] (0.00ns)   --->   "%tmp_s = call i32 (...)* @_ssdm_op_SpecRegionBegin([10 x i8]* @p_str20)" [firmware/nnet_utils/nnet_dense_resource.h:135]   --->   Operation 89 'specregionbegin' 'tmp_s' <Predicate = true> <Delay = 0.00>
ST_15 : Operation 90 [1/1] (0.00ns)   --->   "call void (...)* @_ssdm_op_SpecPipeline(i32 1, i32 1, i32 1, i32 0, [1 x i8]* @p_str13) nounwind" [firmware/nnet_utils/nnet_dense_resource.h:136]   --->   Operation 90 'specpipeline' <Predicate = true> <Delay = 0.00>
ST_15 : Operation 91 [1/1] (1.76ns)   --->   "switch i2 %out_index, label %branch19 [
    i2 0, label %_ZN8ap_fixedILi16ELi6EL9ap_q_mode5EL9ap_o_mode3ELi0EEC1ILi24ELi9ELb1ELS0_5ELS1_3ELi0EEERK13ap_fixed_baseIXT_EXT0_EXT1_EXT2_EXT3_EXT4_EE.exit.029
    i2 1, label %branch17
    i2 -2, label %branch18
  ]" [firmware/nnet_utils/nnet_dense_resource.h:145]   --->   Operation 91 'switch' <Predicate = true> <Delay = 1.76>
ST_15 : Operation 92 [1/1] (1.76ns)   --->   "br label %_ZN8ap_fixedILi16ELi6EL9ap_q_mode5EL9ap_o_mode3ELi0EEC1ILi24ELi9ELb1ELS0_5ELS1_3ELi0EEERK13ap_fixed_baseIXT_EXT0_EXT1_EXT2_EXT3_EXT4_EE.exit.029" [firmware/nnet_utils/nnet_dense_resource.h:145]   --->   Operation 92 'br' <Predicate = (out_index == 2)> <Delay = 1.76>
ST_15 : Operation 93 [1/1] (1.76ns)   --->   "br label %_ZN8ap_fixedILi16ELi6EL9ap_q_mode5EL9ap_o_mode3ELi0EEC1ILi24ELi9ELb1ELS0_5ELS1_3ELi0EEERK13ap_fixed_baseIXT_EXT0_EXT1_EXT2_EXT3_EXT4_EE.exit.029" [firmware/nnet_utils/nnet_dense_resource.h:145]   --->   Operation 93 'br' <Predicate = (out_index == 1)> <Delay = 1.76>
ST_15 : Operation 94 [1/1] (1.76ns)   --->   "br label %_ZN8ap_fixedILi16ELi6EL9ap_q_mode5EL9ap_o_mode3ELi0EEC1ILi24ELi9ELb1ELS0_5ELS1_3ELi0EEERK13ap_fixed_baseIXT_EXT0_EXT1_EXT2_EXT3_EXT4_EE.exit.029" [firmware/nnet_utils/nnet_dense_resource.h:145]   --->   Operation 94 'br' <Predicate = (out_index == 3)> <Delay = 1.76>
ST_15 : Operation 95 [1/1] (0.00ns)   --->   "%p_Val2_18 = phi i16 [ %acc_0_V, %branch19 ], [ %p_Val2_1618, %branch18 ], [ %p_Val2_1618, %branch17 ], [ %p_Val2_1618, %ReuseLoop_begin ]"   --->   Operation 95 'phi' 'p_Val2_18' <Predicate = true> <Delay = 0.00>
ST_15 : Operation 96 [1/1] (0.00ns)   --->   "%p_Val2_17 = phi i16 [ %p_Val2_1520, %branch19 ], [ %acc_0_V, %branch18 ], [ %p_Val2_1520, %branch17 ], [ %p_Val2_1520, %ReuseLoop_begin ]"   --->   Operation 96 'phi' 'p_Val2_17' <Predicate = true> <Delay = 0.00>
ST_15 : Operation 97 [1/1] (0.00ns)   --->   "%p_Val2_16 = phi i16 [ %p_Val2_1422, %branch19 ], [ %p_Val2_1422, %branch18 ], [ %acc_0_V, %branch17 ], [ %p_Val2_1422, %ReuseLoop_begin ]"   --->   Operation 97 'phi' 'p_Val2_16' <Predicate = true> <Delay = 0.00>
ST_15 : Operation 98 [1/1] (0.00ns)   --->   "%p_Val2_s = phi i16 [ %p_Val2_24, %branch19 ], [ %p_Val2_24, %branch18 ], [ %p_Val2_24, %branch17 ], [ %acc_0_V, %ReuseLoop_begin ]"   --->   Operation 98 'phi' 'p_Val2_s' <Predicate = true> <Delay = 0.00>
ST_15 : Operation 99 [1/1] (0.00ns)   --->   "%or_ln = call i3 @_ssdm_op_BitConcatenate.i3.i1.i2(i1 true, i2 %out_index)" [firmware/nnet_utils/nnet_dense_resource.h:145]   --->   Operation 99 'bitconcatenate' 'or_ln' <Predicate = true> <Delay = 0.00>
ST_15 : Operation 100 [1/1] (2.47ns)   --->   "%phi_ln1265_2 = call i16 @_ssdm_op_Mux.ap_auto.8i16.i3(i16 %p_Val2_2010, i16 %p_Val2_2010, i16 %p_Val2_2010, i16 %p_Val2_2010, i16 %p_Val2_1716, i16 %p_Val2_1814, i16 %p_Val2_1912, i16 %p_Val2_2010, i3 %or_ln)" [firmware/nnet_utils/nnet_dense_resource.h:145]   --->   Operation 100 'mux' 'phi_ln1265_2' <Predicate = true> <Delay = 2.47> <Core = "MuxnS">   --->   Core 31 'MuxnS' <Latency = 0> <II = 1> <Delay = 2.47> <FuncUnit> <Opcode : 'mux'> <InPorts = 2> <OutPorts = 1>
ST_15 : Operation 101 [1/1] (2.07ns)   --->   "%acc_4_V = add i16 %phi_ln1265_2, %trunc_ln708_s" [firmware/nnet_utils/nnet_dense_resource.h:145]   --->   Operation 101 'add' 'acc_4_V' <Predicate = true> <Delay = 2.07> <Core = "AddSub">   --->   Core 14 'AddSub' <Latency = 0> <II = 1> <Delay = 2.55> <FuncUnit> <Opcode : 'add' 'sub'> <InPorts = 2> <OutPorts = 1>
ST_15 : Operation 102 [1/1] (1.76ns)   --->   "switch i3 %or_ln, label %branch7 [
    i3 -4, label %ReuseLoop_end
    i3 -3, label %branch5
    i3 -2, label %branch6
  ]" [firmware/nnet_utils/nnet_dense_resource.h:145]   --->   Operation 102 'switch' <Predicate = true> <Delay = 1.76>
ST_15 : Operation 103 [1/1] (1.76ns)   --->   "br label %ReuseLoop_end" [firmware/nnet_utils/nnet_dense_resource.h:145]   --->   Operation 103 'br' <Predicate = (or_ln == 6)> <Delay = 1.76>
ST_15 : Operation 104 [1/1] (1.76ns)   --->   "br label %ReuseLoop_end" [firmware/nnet_utils/nnet_dense_resource.h:145]   --->   Operation 104 'br' <Predicate = (or_ln == 5)> <Delay = 1.76>
ST_15 : Operation 105 [1/1] (1.76ns)   --->   "br label %ReuseLoop_end" [firmware/nnet_utils/nnet_dense_resource.h:145]   --->   Operation 105 'br' <Predicate = (or_ln != 4 & or_ln != 5 & or_ln != 6)> <Delay = 1.76>
ST_15 : Operation 106 [1/1] (0.00ns)   --->   "%p_Val2_22 = phi i16 [ %acc_4_V, %branch7 ], [ %p_Val2_2010, %branch6 ], [ %p_Val2_2010, %branch5 ], [ %p_Val2_2010, %_ZN8ap_fixedILi16ELi6EL9ap_q_mode5EL9ap_o_mode3ELi0EEC1ILi24ELi9ELb1ELS0_5ELS1_3ELi0EEERK13ap_fixed_baseIXT_EXT0_EXT1_EXT2_EXT3_EXT4_EE.exit.029 ]"   --->   Operation 106 'phi' 'p_Val2_22' <Predicate = true> <Delay = 0.00>
ST_15 : Operation 107 [1/1] (0.00ns)   --->   "%p_Val2_21 = phi i16 [ %p_Val2_1912, %branch7 ], [ %acc_4_V, %branch6 ], [ %p_Val2_1912, %branch5 ], [ %p_Val2_1912, %_ZN8ap_fixedILi16ELi6EL9ap_q_mode5EL9ap_o_mode3ELi0EEC1ILi24ELi9ELb1ELS0_5ELS1_3ELi0EEERK13ap_fixed_baseIXT_EXT0_EXT1_EXT2_EXT3_EXT4_EE.exit.029 ]"   --->   Operation 107 'phi' 'p_Val2_21' <Predicate = true> <Delay = 0.00>
ST_15 : Operation 108 [1/1] (0.00ns)   --->   "%p_Val2_20 = phi i16 [ %p_Val2_1814, %branch7 ], [ %p_Val2_1814, %branch6 ], [ %acc_4_V, %branch5 ], [ %p_Val2_1814, %_ZN8ap_fixedILi16ELi6EL9ap_q_mode5EL9ap_o_mode3ELi0EEC1ILi24ELi9ELb1ELS0_5ELS1_3ELi0EEERK13ap_fixed_baseIXT_EXT0_EXT1_EXT2_EXT3_EXT4_EE.exit.029 ]"   --->   Operation 108 'phi' 'p_Val2_20' <Predicate = true> <Delay = 0.00>
ST_15 : Operation 109 [1/1] (0.00ns)   --->   "%p_Val2_19 = phi i16 [ %p_Val2_1716, %branch7 ], [ %p_Val2_1716, %branch6 ], [ %p_Val2_1716, %branch5 ], [ %acc_4_V, %_ZN8ap_fixedILi16ELi6EL9ap_q_mode5EL9ap_o_mode3ELi0EEC1ILi24ELi9ELb1ELS0_5ELS1_3ELi0EEERK13ap_fixed_baseIXT_EXT0_EXT1_EXT2_EXT3_EXT4_EE.exit.029 ]"   --->   Operation 109 'phi' 'p_Val2_19' <Predicate = true> <Delay = 0.00>
ST_15 : Operation 110 [1/1] (0.00ns)   --->   "%empty_26 = call i32 (...)* @_ssdm_op_SpecRegionEnd([10 x i8]* @p_str20, i32 %tmp_s)" [firmware/nnet_utils/nnet_dense_resource.h:158]   --->   Operation 110 'specregionend' 'empty_26' <Predicate = true> <Delay = 0.00>
ST_15 : Operation 111 [1/1] (0.00ns)   --->   "%empty_27 = call i32 (...)* @_ssdm_op_SpecLoopTripCount(i64 56, i64 56, i64 56)"   --->   Operation 111 'speclooptripcount' 'empty_27' <Predicate = true> <Delay = 0.00>
ST_15 : Operation 112 [1/1] (0.00ns)   --->   "br i1 %icmp_ln135, label %.preheader.0, label %rewind_header" [firmware/nnet_utils/nnet_dense_resource.h:135]   --->   Operation 112 'br' <Predicate = true> <Delay = 0.00>
ST_15 : Operation 113 [1/1] (0.00ns)   --->   "%res_0_V_write_assign = call i21 @_ssdm_op_BitConcatenate.i21.i16.i5(i16 %p_Val2_s, i5 0)" [firmware/nnet_utils/nnet_mult.h:111->firmware/nnet_utils/nnet_dense_resource.h:164]   --->   Operation 113 'bitconcatenate' 'res_0_V_write_assign' <Predicate = (icmp_ln135)> <Delay = 0.00>
ST_15 : Operation 114 [1/1] (0.00ns)   --->   "%res_1_V_write_assign = call i21 @_ssdm_op_BitConcatenate.i21.i16.i5(i16 %p_Val2_16, i5 0)" [firmware/nnet_utils/nnet_mult.h:111->firmware/nnet_utils/nnet_dense_resource.h:164]   --->   Operation 114 'bitconcatenate' 'res_1_V_write_assign' <Predicate = (icmp_ln135)> <Delay = 0.00>
ST_15 : Operation 115 [1/1] (0.00ns)   --->   "%res_2_V_write_assign = call i21 @_ssdm_op_BitConcatenate.i21.i16.i5(i16 %p_Val2_17, i5 0)" [firmware/nnet_utils/nnet_mult.h:111->firmware/nnet_utils/nnet_dense_resource.h:164]   --->   Operation 115 'bitconcatenate' 'res_2_V_write_assign' <Predicate = (icmp_ln135)> <Delay = 0.00>
ST_15 : Operation 116 [1/1] (0.00ns)   --->   "%res_3_V_write_assign = call i21 @_ssdm_op_BitConcatenate.i21.i16.i5(i16 %p_Val2_18, i5 0)" [firmware/nnet_utils/nnet_mult.h:111->firmware/nnet_utils/nnet_dense_resource.h:164]   --->   Operation 116 'bitconcatenate' 'res_3_V_write_assign' <Predicate = (icmp_ln135)> <Delay = 0.00>
ST_15 : Operation 117 [1/1] (0.00ns)   --->   "%res_4_V_write_assign = call i21 @_ssdm_op_BitConcatenate.i21.i16.i5(i16 %p_Val2_19, i5 0)" [firmware/nnet_utils/nnet_mult.h:111->firmware/nnet_utils/nnet_dense_resource.h:164]   --->   Operation 117 'bitconcatenate' 'res_4_V_write_assign' <Predicate = (icmp_ln135)> <Delay = 0.00>
ST_15 : Operation 118 [1/1] (0.00ns)   --->   "%res_5_V_write_assign = call i21 @_ssdm_op_BitConcatenate.i21.i16.i5(i16 %p_Val2_20, i5 0)" [firmware/nnet_utils/nnet_mult.h:111->firmware/nnet_utils/nnet_dense_resource.h:164]   --->   Operation 118 'bitconcatenate' 'res_5_V_write_assign' <Predicate = (icmp_ln135)> <Delay = 0.00>
ST_15 : Operation 119 [1/1] (0.00ns)   --->   "%res_6_V_write_assign = call i21 @_ssdm_op_BitConcatenate.i21.i16.i5(i16 %p_Val2_21, i5 0)" [firmware/nnet_utils/nnet_mult.h:111->firmware/nnet_utils/nnet_dense_resource.h:164]   --->   Operation 119 'bitconcatenate' 'res_6_V_write_assign' <Predicate = (icmp_ln135)> <Delay = 0.00>
ST_15 : Operation 120 [1/1] (0.00ns)   --->   "%res_7_V_write_assign = call i21 @_ssdm_op_BitConcatenate.i21.i16.i5(i16 %p_Val2_22, i5 0)" [firmware/nnet_utils/nnet_mult.h:111->firmware/nnet_utils/nnet_dense_resource.h:164]   --->   Operation 120 'bitconcatenate' 'res_7_V_write_assign' <Predicate = (icmp_ln135)> <Delay = 0.00>
ST_15 : Operation 121 [1/1] (0.00ns)   --->   "%mrv = insertvalue { i21, i21, i21, i21, i21, i21, i21, i21 } undef, i21 %res_0_V_write_assign, 0" [firmware/nnet_utils/nnet_dense_resource.h:166]   --->   Operation 121 'insertvalue' 'mrv' <Predicate = (icmp_ln135)> <Delay = 0.00>
ST_15 : Operation 122 [1/1] (0.00ns)   --->   "%mrv_1 = insertvalue { i21, i21, i21, i21, i21, i21, i21, i21 } %mrv, i21 %res_1_V_write_assign, 1" [firmware/nnet_utils/nnet_dense_resource.h:166]   --->   Operation 122 'insertvalue' 'mrv_1' <Predicate = (icmp_ln135)> <Delay = 0.00>
ST_15 : Operation 123 [1/1] (0.00ns)   --->   "%mrv_2 = insertvalue { i21, i21, i21, i21, i21, i21, i21, i21 } %mrv_1, i21 %res_2_V_write_assign, 2" [firmware/nnet_utils/nnet_dense_resource.h:166]   --->   Operation 123 'insertvalue' 'mrv_2' <Predicate = (icmp_ln135)> <Delay = 0.00>
ST_15 : Operation 124 [1/1] (0.00ns)   --->   "%mrv_3 = insertvalue { i21, i21, i21, i21, i21, i21, i21, i21 } %mrv_2, i21 %res_3_V_write_assign, 3" [firmware/nnet_utils/nnet_dense_resource.h:166]   --->   Operation 124 'insertvalue' 'mrv_3' <Predicate = (icmp_ln135)> <Delay = 0.00>
ST_15 : Operation 125 [1/1] (0.00ns)   --->   "%mrv_4 = insertvalue { i21, i21, i21, i21, i21, i21, i21, i21 } %mrv_3, i21 %res_4_V_write_assign, 4" [firmware/nnet_utils/nnet_dense_resource.h:166]   --->   Operation 125 'insertvalue' 'mrv_4' <Predicate = (icmp_ln135)> <Delay = 0.00>
ST_15 : Operation 126 [1/1] (0.00ns)   --->   "%mrv_5 = insertvalue { i21, i21, i21, i21, i21, i21, i21, i21 } %mrv_4, i21 %res_5_V_write_assign, 5" [firmware/nnet_utils/nnet_dense_resource.h:166]   --->   Operation 126 'insertvalue' 'mrv_5' <Predicate = (icmp_ln135)> <Delay = 0.00>
ST_15 : Operation 127 [1/1] (0.00ns)   --->   "%mrv_6 = insertvalue { i21, i21, i21, i21, i21, i21, i21, i21 } %mrv_5, i21 %res_6_V_write_assign, 6" [firmware/nnet_utils/nnet_dense_resource.h:166]   --->   Operation 127 'insertvalue' 'mrv_6' <Predicate = (icmp_ln135)> <Delay = 0.00>
ST_15 : Operation 128 [1/1] (0.00ns)   --->   "%mrv_7 = insertvalue { i21, i21, i21, i21, i21, i21, i21, i21 } %mrv_6, i21 %res_7_V_write_assign, 7" [firmware/nnet_utils/nnet_dense_resource.h:166]   --->   Operation 128 'insertvalue' 'mrv_7' <Predicate = (icmp_ln135)> <Delay = 0.00>
ST_15 : Operation 129 [1/1] (0.00ns)   --->   "call void (...)* @_ssdm_op_Return({ i21, i21, i21, i21, i21, i21, i21, i21 } %mrv_7)" [firmware/nnet_utils/nnet_dense_resource.h:166]   --->   Operation 129 'return' <Predicate = (icmp_ln135)> <Delay = 0.00>


============================================================
+ Verbose Summary: Timing violations
============================================================
Target clock period: 5ns, clock uncertainty: 0.625ns.

 <State 1>: 1.77ns
The critical path consists of the following:
	multiplexor before 'phi' operation ('do_init') [9]  (1.77 ns)

 <State 2>: 5.03ns
The critical path consists of the following:
	'phi' operation ('in_index_025', firmware/nnet_utils/nnet_dense_resource.h:154) with incoming values : ('select_ln154', firmware/nnet_utils/nnet_dense_resource.h:154) [11]  (0 ns)
	'add' operation ('in_index', firmware/nnet_utils/nnet_dense_resource.h:153) [95]  (2.55 ns)
	'icmp' operation ('icmp_ln154', firmware/nnet_utils/nnet_dense_resource.h:154) [96]  (2.47 ns)

 <State 3>: 5.72ns
The critical path consists of the following:
	'select' operation ('select_ln154', firmware/nnet_utils/nnet_dense_resource.h:154) [97]  (0.698 ns)
	'phi' operation ('in_index_025', firmware/nnet_utils/nnet_dense_resource.h:154) with incoming values : ('select_ln154', firmware/nnet_utils/nnet_dense_resource.h:154) [11]  (0 ns)
	'add' operation ('in_index', firmware/nnet_utils/nnet_dense_resource.h:153) [95]  (2.55 ns)
	'icmp' operation ('icmp_ln154', firmware/nnet_utils/nnet_dense_resource.h:154) [96]  (2.47 ns)

 <State 4>: 3.89ns
The critical path consists of the following:
	'lshr' operation ('lshr_ln145', firmware/nnet_utils/nnet_dense_resource.h:145) [50]  (3.89 ns)

 <State 5>: 3.89ns
The critical path consists of the following:
	'lshr' operation ('lshr_ln145', firmware/nnet_utils/nnet_dense_resource.h:145) [50]  (3.89 ns)

 <State 6>: 3.89ns
The critical path consists of the following:
	'lshr' operation ('lshr_ln145', firmware/nnet_utils/nnet_dense_resource.h:145) [50]  (3.89 ns)

 <State 7>: 3.89ns
The critical path consists of the following:
	'lshr' operation ('lshr_ln145', firmware/nnet_utils/nnet_dense_resource.h:145) [50]  (3.89 ns)

 <State 8>: 3.89ns
The critical path consists of the following:
	'lshr' operation ('lshr_ln145', firmware/nnet_utils/nnet_dense_resource.h:145) [50]  (3.89 ns)

 <State 9>: 3.89ns
The critical path consists of the following:
	'lshr' operation ('lshr_ln145', firmware/nnet_utils/nnet_dense_resource.h:145) [50]  (3.89 ns)

 <State 10>: 3.25ns
The critical path consists of the following:
	'load' operation ('out_index', firmware/nnet_utils/nnet_dense_resource.h:139) on array 'outidx5' [31]  (3.25 ns)

 <State 11>: 3.89ns
The critical path consists of the following:
	'mul' operation of DSP[78] ('mul_ln1118_1', firmware/nnet_utils/nnet_mult.h:73->firmware/nnet_utils/nnet_dense_resource.h:145) [78]  (3.89 ns)

 <State 12>: 3.89ns
The critical path consists of the following:
	'mul' operation of DSP[59] ('mul_ln1118', firmware/nnet_utils/nnet_mult.h:73->firmware/nnet_utils/nnet_dense_resource.h:145) [59]  (3.89 ns)

 <State 13>: 0ns
The critical path consists of the following:

 <State 14>: 4.04ns
The critical path consists of the following:
	'phi' operation ('__Val2__') with incoming values : ('acc[0].V', firmware/nnet_utils/nnet_dense_resource.h:145) [12]  (0 ns)
	'mux' operation ('phi_ln', firmware/nnet_utils/nnet_dense_resource.h:145) [62]  (1.96 ns)
	'add' operation ('acc[0].V', firmware/nnet_utils/nnet_dense_resource.h:145) [63]  (2.08 ns)

 <State 15>: 6.33ns
The critical path consists of the following:
	'phi' operation ('__Val2__') with incoming values : ('acc[4].V', firmware/nnet_utils/nnet_dense_resource.h:145) [16]  (0 ns)
	'mux' operation ('phi_ln1265_2', firmware/nnet_utils/nnet_dense_resource.h:145) [81]  (2.48 ns)
	'add' operation ('acc[4].V', firmware/nnet_utils/nnet_dense_resource.h:145) [82]  (2.08 ns)
	multiplexor before 'phi' operation ('acc[7].V') with incoming values : ('acc[4].V', firmware/nnet_utils/nnet_dense_resource.h:145) [91]  (1.77 ns)
	'phi' operation ('acc[7].V') with incoming values : ('acc[4].V', firmware/nnet_utils/nnet_dense_resource.h:145) [91]  (0 ns)


============================================================
+ Verbose Summary: Binding
============================================================
N/A
* FSMD analyzer results:
  - Output states:
 - Input state : 
  - Chain level:
	State 1
	State 2
	State 3
	State 4
	State 5
	State 6
	State 7
	State 8
	State 9
	State 10
	State 11
	State 12
	State 13
	State 14
	State 15


============================================================
+ Verbose Summary: Datapath Resource usage 
============================================================
N/A
