

================================================================
== Vivado HLS Report for 'relu_ap_fixed_29_14_5_3_0_ap_ufixed_8_2_4_0_0_relu_config4_s'
================================================================
* Date:           Mon Jun  1 10:26:47 2026

* Version:        2020.1 (Build 2897737 on Wed May 27 20:21:37 MDT 2020)
* Project:        myproject_prj
* Solution:       solution1
* Product family: zynq
* Target device:  xc7z020-clg400-1


================================================================
== Performance Estimates
================================================================
+ Timing: 
    * Summary: 
    +--------+---------+----------+------------+
    |  Clock |  Target | Estimated| Uncertainty|
    +--------+---------+----------+------------+
    |ap_clk  | 5.00 ns | 3.691 ns |   0.62 ns  |
    +--------+---------+----------+------------+

+ Latency: 
    * Summary: 
    +---------+---------+----------+----------+-----+-----+----------+
    |  Latency (cycles) |  Latency (absolute) |  Interval | Pipeline |
    |   min   |   max   |    min   |    max   | min | max |   Type   |
    +---------+---------+----------+----------+-----+-----+----------+
    |        1|        1| 5.000 ns | 5.000 ns |    1|    1| function |
    +---------+---------+----------+----------+-----+-----+----------+

    + Detail: 
        * Instance: 
        N/A

        * Loop: 
        N/A

============================================================
+ Verbose Summary: Synthesis Manager
============================================================
InlineROM: 1
ExposeGlobal: 0
============================================================
+ Verbose Summary: CDFG Model
============================================================
IsTopModel: 0
ResetActiveHigh: 1
IsCombinational: 2
IsDatapathOnly: 0
HasWiredReturn: 1
HasMFsm: 2
HasVarLatency: 0
IsPipeline: 1
IsRtlPipelined: 1
IsInstanceOverlapped: 0
IsDontTouch: 0
HasImplIP: 0
IsGatedGlobalClock: 0

+ Individual pipeline summary: 
  * Pipeline-0: initiation interval (II) = 1, depth = 2


============================================================
+ Verbose Summary: Schedule
============================================================
* Number of FSM states : 2
* Pipeline : 1
  Pipeline-0 : II = 1, D = 2, States = { 1 2 }
* Dataflow Pipeline: 0

* FSM state transitions: 
1 --> 2 
2 --> 

* FSM state operations: 

State 1 <SV = 0> <Delay = 3.46>
ST_1 : Operation 3 [1/1] (0.00ns)   --->   "%data_7_V_read_1 = call i21 @_ssdm_op_Read.ap_auto.i21(i21 %data_7_V_read)" [firmware/nnet_utils/nnet_activation.h:39]   --->   Operation 3 'read' 'data_7_V_read_1' <Predicate = true> <Delay = 0.00>
ST_1 : Operation 4 [1/1] (0.00ns)   --->   "%data_6_V_read_1 = call i21 @_ssdm_op_Read.ap_auto.i21(i21 %data_6_V_read)" [firmware/nnet_utils/nnet_activation.h:39]   --->   Operation 4 'read' 'data_6_V_read_1' <Predicate = true> <Delay = 0.00>
ST_1 : Operation 5 [1/1] (0.00ns)   --->   "%data_5_V_read_1 = call i21 @_ssdm_op_Read.ap_auto.i21(i21 %data_5_V_read)" [firmware/nnet_utils/nnet_activation.h:39]   --->   Operation 5 'read' 'data_5_V_read_1' <Predicate = true> <Delay = 0.00>
ST_1 : Operation 6 [1/1] (0.00ns)   --->   "%data_4_V_read_1 = call i21 @_ssdm_op_Read.ap_auto.i21(i21 %data_4_V_read)" [firmware/nnet_utils/nnet_activation.h:39]   --->   Operation 6 'read' 'data_4_V_read_1' <Predicate = true> <Delay = 0.00>
ST_1 : Operation 7 [1/1] (0.00ns)   --->   "%data_3_V_read_1 = call i21 @_ssdm_op_Read.ap_auto.i21(i21 %data_3_V_read)" [firmware/nnet_utils/nnet_activation.h:39]   --->   Operation 7 'read' 'data_3_V_read_1' <Predicate = true> <Delay = 0.00>
ST_1 : Operation 8 [1/1] (0.00ns)   --->   "%data_2_V_read_1 = call i21 @_ssdm_op_Read.ap_auto.i21(i21 %data_2_V_read)" [firmware/nnet_utils/nnet_activation.h:39]   --->   Operation 8 'read' 'data_2_V_read_1' <Predicate = true> <Delay = 0.00>
ST_1 : Operation 9 [1/1] (0.00ns)   --->   "%data_1_V_read_1 = call i21 @_ssdm_op_Read.ap_auto.i21(i21 %data_1_V_read)" [firmware/nnet_utils/nnet_activation.h:39]   --->   Operation 9 'read' 'data_1_V_read_1' <Predicate = true> <Delay = 0.00>
ST_1 : Operation 10 [1/1] (0.00ns)   --->   "%data_0_V_read_1 = call i21 @_ssdm_op_Read.ap_auto.i21(i21 %data_0_V_read)" [firmware/nnet_utils/nnet_activation.h:39]   --->   Operation 10 'read' 'data_0_V_read_1' <Predicate = true> <Delay = 0.00>
ST_1 : Operation 11 [1/1] (0.00ns) (grouped into LUT with out node add_ln415)   --->   "%trunc_ln = call i8 @_ssdm_op_PartSelect.i8.i21.i32.i32(i21 %data_0_V_read_1, i32 9, i32 16)" [firmware/nnet_utils/nnet_activation.h:46]   --->   Operation 11 'partselect' 'trunc_ln' <Predicate = true> <Delay = 0.00>
ST_1 : Operation 12 [1/1] (0.00ns) (grouped into LUT with out node icmp_ln412)   --->   "%tmp = call i1 @_ssdm_op_BitSelect.i1.i21.i32(i21 %data_0_V_read_1, i32 9)" [firmware/nnet_utils/nnet_activation.h:46]   --->   Operation 12 'bitselect' 'tmp' <Predicate = true> <Delay = 0.00>
ST_1 : Operation 13 [1/1] (0.00ns) (grouped into LUT with out node icmp_ln412)   --->   "%trunc_ln412 = trunc i21 %data_0_V_read_1 to i1" [firmware/nnet_utils/nnet_activation.h:46]   --->   Operation 13 'trunc' 'trunc_ln412' <Predicate = true> <Delay = 0.00>
ST_1 : Operation 14 [1/1] (0.00ns) (grouped into LUT with out node icmp_ln412)   --->   "%or_ln412_8 = or i1 %trunc_ln412, %tmp" [firmware/nnet_utils/nnet_activation.h:46]   --->   Operation 14 'or' 'or_ln412_8' <Predicate = true> <Delay = 0.00> <Core = "LogicGate">   --->   Core 27 'LogicGate' <Latency = 0> <II = 1> <Delay = 0.97> <FuncUnit> <Opcode : 'and' 'or' 'xor'> <InPorts = 2> <OutPorts = 1>
ST_1 : Operation 15 [1/1] (0.00ns) (grouped into LUT with out node icmp_ln412)   --->   "%tmp_1 = call i7 @_ssdm_op_PartSelect.i7.i21.i32.i32(i21 %data_0_V_read_1, i32 1, i32 7)" [firmware/nnet_utils/nnet_activation.h:46]   --->   Operation 15 'partselect' 'tmp_1' <Predicate = true> <Delay = 0.00>
ST_1 : Operation 16 [1/1] (0.00ns) (grouped into LUT with out node icmp_ln412)   --->   "%or_ln = call i8 @_ssdm_op_BitConcatenate.i8.i7.i1(i7 %tmp_1, i1 %or_ln412_8)" [firmware/nnet_utils/nnet_activation.h:46]   --->   Operation 16 'bitconcatenate' 'or_ln' <Predicate = true> <Delay = 0.00>
ST_1 : Operation 17 [1/1] (1.55ns) (out node of the LUT)   --->   "%icmp_ln412 = icmp ne i8 %or_ln, 0" [firmware/nnet_utils/nnet_activation.h:46]   --->   Operation 17 'icmp' 'icmp_ln412' <Predicate = true> <Delay = 1.55> <Core = "Cmp">   --->   Core 25 'Cmp' <Latency = 0> <II = 1> <Delay = 1.30> <FuncUnit> <Opcode : 'icmp'> <InPorts = 2> <OutPorts = 1>
ST_1 : Operation 18 [1/1] (0.00ns) (grouped into LUT with out node add_ln415)   --->   "%tmp_6 = call i1 @_ssdm_op_BitSelect.i1.i21.i32(i21 %data_0_V_read_1, i32 8)" [firmware/nnet_utils/nnet_activation.h:46]   --->   Operation 18 'bitselect' 'tmp_6' <Predicate = true> <Delay = 0.00>
ST_1 : Operation 19 [1/1] (0.00ns) (grouped into LUT with out node add_ln415)   --->   "%and_ln415 = and i1 %icmp_ln412, %tmp_6" [firmware/nnet_utils/nnet_activation.h:46]   --->   Operation 19 'and' 'and_ln415' <Predicate = true> <Delay = 0.00> <Core = "LogicGate">   --->   Core 27 'LogicGate' <Latency = 0> <II = 1> <Delay = 0.97> <FuncUnit> <Opcode : 'and' 'or' 'xor'> <InPorts = 2> <OutPorts = 1>
ST_1 : Operation 20 [1/1] (0.00ns) (grouped into LUT with out node add_ln415)   --->   "%zext_ln415 = zext i1 %and_ln415 to i8" [firmware/nnet_utils/nnet_activation.h:46]   --->   Operation 20 'zext' 'zext_ln415' <Predicate = true> <Delay = 0.00>
ST_1 : Operation 21 [1/1] (1.91ns) (out node of the LUT)   --->   "%add_ln415 = add i8 %zext_ln415, %trunc_ln" [firmware/nnet_utils/nnet_activation.h:46]   --->   Operation 21 'add' 'add_ln415' <Predicate = true> <Delay = 1.91> <Core = "AddSub">   --->   Core 14 'AddSub' <Latency = 0> <II = 1> <Delay = 1.91> <FuncUnit> <Opcode : 'add' 'sub'> <InPorts = 2> <OutPorts = 1>
ST_1 : Operation 22 [1/1] (0.00ns)   --->   "%tmp_2 = call i4 @_ssdm_op_PartSelect.i4.i21.i32.i32(i21 %data_0_V_read_1, i32 17, i32 20)" [firmware/nnet_utils/nnet_activation.h:46]   --->   Operation 22 'partselect' 'tmp_2' <Predicate = true> <Delay = 0.00>
ST_1 : Operation 23 [1/1] (1.30ns)   --->   "%icmp_ln879 = icmp eq i4 %tmp_2, -1" [firmware/nnet_utils/nnet_activation.h:46]   --->   Operation 23 'icmp' 'icmp_ln879' <Predicate = true> <Delay = 1.30> <Core = "Cmp">   --->   Core 25 'Cmp' <Latency = 0> <II = 1> <Delay = 1.30> <FuncUnit> <Opcode : 'icmp'> <InPorts = 2> <OutPorts = 1>
ST_1 : Operation 24 [1/1] (1.30ns)   --->   "%icmp_ln768 = icmp eq i4 %tmp_2, 0" [firmware/nnet_utils/nnet_activation.h:46]   --->   Operation 24 'icmp' 'icmp_ln768' <Predicate = true> <Delay = 1.30> <Core = "Cmp">   --->   Core 25 'Cmp' <Latency = 0> <II = 1> <Delay = 1.30> <FuncUnit> <Opcode : 'icmp'> <InPorts = 2> <OutPorts = 1>
ST_1 : Operation 25 [1/1] (0.00ns) (grouped into LUT with out node add_ln415_1)   --->   "%trunc_ln708_1 = call i8 @_ssdm_op_PartSelect.i8.i21.i32.i32(i21 %data_1_V_read_1, i32 9, i32 16)" [firmware/nnet_utils/nnet_activation.h:46]   --->   Operation 25 'partselect' 'trunc_ln708_1' <Predicate = true> <Delay = 0.00>
ST_1 : Operation 26 [1/1] (0.00ns) (grouped into LUT with out node icmp_ln412_1)   --->   "%tmp_11 = call i1 @_ssdm_op_BitSelect.i1.i21.i32(i21 %data_1_V_read_1, i32 9)" [firmware/nnet_utils/nnet_activation.h:46]   --->   Operation 26 'bitselect' 'tmp_11' <Predicate = true> <Delay = 0.00>
ST_1 : Operation 27 [1/1] (0.00ns) (grouped into LUT with out node icmp_ln412_1)   --->   "%trunc_ln412_1 = trunc i21 %data_1_V_read_1 to i1" [firmware/nnet_utils/nnet_activation.h:46]   --->   Operation 27 'trunc' 'trunc_ln412_1' <Predicate = true> <Delay = 0.00>
ST_1 : Operation 28 [1/1] (0.00ns) (grouped into LUT with out node icmp_ln412_1)   --->   "%or_ln412 = or i1 %trunc_ln412_1, %tmp_11" [firmware/nnet_utils/nnet_activation.h:46]   --->   Operation 28 'or' 'or_ln412' <Predicate = true> <Delay = 0.00> <Core = "LogicGate">   --->   Core 27 'LogicGate' <Latency = 0> <II = 1> <Delay = 0.97> <FuncUnit> <Opcode : 'and' 'or' 'xor'> <InPorts = 2> <OutPorts = 1>
ST_1 : Operation 29 [1/1] (0.00ns) (grouped into LUT with out node icmp_ln412_1)   --->   "%tmp_4 = call i7 @_ssdm_op_PartSelect.i7.i21.i32.i32(i21 %data_1_V_read_1, i32 1, i32 7)" [firmware/nnet_utils/nnet_activation.h:46]   --->   Operation 29 'partselect' 'tmp_4' <Predicate = true> <Delay = 0.00>
ST_1 : Operation 30 [1/1] (0.00ns) (grouped into LUT with out node icmp_ln412_1)   --->   "%or_ln412_1 = call i8 @_ssdm_op_BitConcatenate.i8.i7.i1(i7 %tmp_4, i1 %or_ln412)" [firmware/nnet_utils/nnet_activation.h:46]   --->   Operation 30 'bitconcatenate' 'or_ln412_1' <Predicate = true> <Delay = 0.00>
ST_1 : Operation 31 [1/1] (1.55ns) (out node of the LUT)   --->   "%icmp_ln412_1 = icmp ne i8 %or_ln412_1, 0" [firmware/nnet_utils/nnet_activation.h:46]   --->   Operation 31 'icmp' 'icmp_ln412_1' <Predicate = true> <Delay = 1.55> <Core = "Cmp">   --->   Core 25 'Cmp' <Latency = 0> <II = 1> <Delay = 1.30> <FuncUnit> <Opcode : 'icmp'> <InPorts = 2> <OutPorts = 1>
ST_1 : Operation 32 [1/1] (0.00ns) (grouped into LUT with out node add_ln415_1)   --->   "%tmp_17 = call i1 @_ssdm_op_BitSelect.i1.i21.i32(i21 %data_1_V_read_1, i32 8)" [firmware/nnet_utils/nnet_activation.h:46]   --->   Operation 32 'bitselect' 'tmp_17' <Predicate = true> <Delay = 0.00>
ST_1 : Operation 33 [1/1] (0.00ns) (grouped into LUT with out node add_ln415_1)   --->   "%and_ln415_1 = and i1 %icmp_ln412_1, %tmp_17" [firmware/nnet_utils/nnet_activation.h:46]   --->   Operation 33 'and' 'and_ln415_1' <Predicate = true> <Delay = 0.00> <Core = "LogicGate">   --->   Core 27 'LogicGate' <Latency = 0> <II = 1> <Delay = 0.97> <FuncUnit> <Opcode : 'and' 'or' 'xor'> <InPorts = 2> <OutPorts = 1>
ST_1 : Operation 34 [1/1] (0.00ns) (grouped into LUT with out node add_ln415_1)   --->   "%zext_ln415_1 = zext i1 %and_ln415_1 to i8" [firmware/nnet_utils/nnet_activation.h:46]   --->   Operation 34 'zext' 'zext_ln415_1' <Predicate = true> <Delay = 0.00>
ST_1 : Operation 35 [1/1] (1.91ns) (out node of the LUT)   --->   "%add_ln415_1 = add i8 %zext_ln415_1, %trunc_ln708_1" [firmware/nnet_utils/nnet_activation.h:46]   --->   Operation 35 'add' 'add_ln415_1' <Predicate = true> <Delay = 1.91> <Core = "AddSub">   --->   Core 14 'AddSub' <Latency = 0> <II = 1> <Delay = 1.91> <FuncUnit> <Opcode : 'add' 'sub'> <InPorts = 2> <OutPorts = 1>
ST_1 : Operation 36 [1/1] (0.00ns)   --->   "%tmp_5 = call i4 @_ssdm_op_PartSelect.i4.i21.i32.i32(i21 %data_1_V_read_1, i32 17, i32 20)" [firmware/nnet_utils/nnet_activation.h:46]   --->   Operation 36 'partselect' 'tmp_5' <Predicate = true> <Delay = 0.00>
ST_1 : Operation 37 [1/1] (1.30ns)   --->   "%icmp_ln879_1 = icmp eq i4 %tmp_5, -1" [firmware/nnet_utils/nnet_activation.h:46]   --->   Operation 37 'icmp' 'icmp_ln879_1' <Predicate = true> <Delay = 1.30> <Core = "Cmp">   --->   Core 25 'Cmp' <Latency = 0> <II = 1> <Delay = 1.30> <FuncUnit> <Opcode : 'icmp'> <InPorts = 2> <OutPorts = 1>
ST_1 : Operation 38 [1/1] (1.30ns)   --->   "%icmp_ln768_1 = icmp eq i4 %tmp_5, 0" [firmware/nnet_utils/nnet_activation.h:46]   --->   Operation 38 'icmp' 'icmp_ln768_1' <Predicate = true> <Delay = 1.30> <Core = "Cmp">   --->   Core 25 'Cmp' <Latency = 0> <II = 1> <Delay = 1.30> <FuncUnit> <Opcode : 'icmp'> <InPorts = 2> <OutPorts = 1>
ST_1 : Operation 39 [1/1] (0.00ns) (grouped into LUT with out node add_ln415_2)   --->   "%trunc_ln708_2 = call i8 @_ssdm_op_PartSelect.i8.i21.i32.i32(i21 %data_2_V_read_1, i32 9, i32 16)" [firmware/nnet_utils/nnet_activation.h:46]   --->   Operation 39 'partselect' 'trunc_ln708_2' <Predicate = true> <Delay = 0.00>
ST_1 : Operation 40 [1/1] (0.00ns) (grouped into LUT with out node icmp_ln412_2)   --->   "%tmp_23 = call i1 @_ssdm_op_BitSelect.i1.i21.i32(i21 %data_2_V_read_1, i32 9)" [firmware/nnet_utils/nnet_activation.h:46]   --->   Operation 40 'bitselect' 'tmp_23' <Predicate = true> <Delay = 0.00>
ST_1 : Operation 41 [1/1] (0.00ns) (grouped into LUT with out node icmp_ln412_2)   --->   "%trunc_ln412_2 = trunc i21 %data_2_V_read_1 to i1" [firmware/nnet_utils/nnet_activation.h:46]   --->   Operation 41 'trunc' 'trunc_ln412_2' <Predicate = true> <Delay = 0.00>
ST_1 : Operation 42 [1/1] (0.00ns) (grouped into LUT with out node icmp_ln412_2)   --->   "%or_ln412_9 = or i1 %trunc_ln412_2, %tmp_23" [firmware/nnet_utils/nnet_activation.h:46]   --->   Operation 42 'or' 'or_ln412_9' <Predicate = true> <Delay = 0.00> <Core = "LogicGate">   --->   Core 27 'LogicGate' <Latency = 0> <II = 1> <Delay = 0.97> <FuncUnit> <Opcode : 'and' 'or' 'xor'> <InPorts = 2> <OutPorts = 1>
ST_1 : Operation 43 [1/1] (0.00ns) (grouped into LUT with out node icmp_ln412_2)   --->   "%tmp_7 = call i7 @_ssdm_op_PartSelect.i7.i21.i32.i32(i21 %data_2_V_read_1, i32 1, i32 7)" [firmware/nnet_utils/nnet_activation.h:46]   --->   Operation 43 'partselect' 'tmp_7' <Predicate = true> <Delay = 0.00>
ST_1 : Operation 44 [1/1] (0.00ns) (grouped into LUT with out node icmp_ln412_2)   --->   "%or_ln412_2 = call i8 @_ssdm_op_BitConcatenate.i8.i7.i1(i7 %tmp_7, i1 %or_ln412_9)" [firmware/nnet_utils/nnet_activation.h:46]   --->   Operation 44 'bitconcatenate' 'or_ln412_2' <Predicate = true> <Delay = 0.00>
ST_1 : Operation 45 [1/1] (1.55ns) (out node of the LUT)   --->   "%icmp_ln412_2 = icmp ne i8 %or_ln412_2, 0" [firmware/nnet_utils/nnet_activation.h:46]   --->   Operation 45 'icmp' 'icmp_ln412_2' <Predicate = true> <Delay = 1.55> <Core = "Cmp">   --->   Core 25 'Cmp' <Latency = 0> <II = 1> <Delay = 1.30> <FuncUnit> <Opcode : 'icmp'> <InPorts = 2> <OutPorts = 1>
ST_1 : Operation 46 [1/1] (0.00ns) (grouped into LUT with out node add_ln415_2)   --->   "%tmp_25 = call i1 @_ssdm_op_BitSelect.i1.i21.i32(i21 %data_2_V_read_1, i32 8)" [firmware/nnet_utils/nnet_activation.h:46]   --->   Operation 46 'bitselect' 'tmp_25' <Predicate = true> <Delay = 0.00>
ST_1 : Operation 47 [1/1] (0.00ns) (grouped into LUT with out node add_ln415_2)   --->   "%and_ln415_2 = and i1 %icmp_ln412_2, %tmp_25" [firmware/nnet_utils/nnet_activation.h:46]   --->   Operation 47 'and' 'and_ln415_2' <Predicate = true> <Delay = 0.00> <Core = "LogicGate">   --->   Core 27 'LogicGate' <Latency = 0> <II = 1> <Delay = 0.97> <FuncUnit> <Opcode : 'and' 'or' 'xor'> <InPorts = 2> <OutPorts = 1>
ST_1 : Operation 48 [1/1] (0.00ns) (grouped into LUT with out node add_ln415_2)   --->   "%zext_ln415_2 = zext i1 %and_ln415_2 to i8" [firmware/nnet_utils/nnet_activation.h:46]   --->   Operation 48 'zext' 'zext_ln415_2' <Predicate = true> <Delay = 0.00>
ST_1 : Operation 49 [1/1] (1.91ns) (out node of the LUT)   --->   "%add_ln415_2 = add i8 %zext_ln415_2, %trunc_ln708_2" [firmware/nnet_utils/nnet_activation.h:46]   --->   Operation 49 'add' 'add_ln415_2' <Predicate = true> <Delay = 1.91> <Core = "AddSub">   --->   Core 14 'AddSub' <Latency = 0> <II = 1> <Delay = 1.91> <FuncUnit> <Opcode : 'add' 'sub'> <InPorts = 2> <OutPorts = 1>
ST_1 : Operation 50 [1/1] (0.00ns)   --->   "%tmp_8 = call i4 @_ssdm_op_PartSelect.i4.i21.i32.i32(i21 %data_2_V_read_1, i32 17, i32 20)" [firmware/nnet_utils/nnet_activation.h:46]   --->   Operation 50 'partselect' 'tmp_8' <Predicate = true> <Delay = 0.00>
ST_1 : Operation 51 [1/1] (1.30ns)   --->   "%icmp_ln879_2 = icmp eq i4 %tmp_8, -1" [firmware/nnet_utils/nnet_activation.h:46]   --->   Operation 51 'icmp' 'icmp_ln879_2' <Predicate = true> <Delay = 1.30> <Core = "Cmp">   --->   Core 25 'Cmp' <Latency = 0> <II = 1> <Delay = 1.30> <FuncUnit> <Opcode : 'icmp'> <InPorts = 2> <OutPorts = 1>
ST_1 : Operation 52 [1/1] (1.30ns)   --->   "%icmp_ln768_2 = icmp eq i4 %tmp_8, 0" [firmware/nnet_utils/nnet_activation.h:46]   --->   Operation 52 'icmp' 'icmp_ln768_2' <Predicate = true> <Delay = 1.30> <Core = "Cmp">   --->   Core 25 'Cmp' <Latency = 0> <II = 1> <Delay = 1.30> <FuncUnit> <Opcode : 'icmp'> <InPorts = 2> <OutPorts = 1>
ST_1 : Operation 53 [1/1] (0.00ns) (grouped into LUT with out node add_ln415_3)   --->   "%trunc_ln708_3 = call i8 @_ssdm_op_PartSelect.i8.i21.i32.i32(i21 %data_3_V_read_1, i32 9, i32 16)" [firmware/nnet_utils/nnet_activation.h:46]   --->   Operation 53 'partselect' 'trunc_ln708_3' <Predicate = true> <Delay = 0.00>
ST_1 : Operation 54 [1/1] (0.00ns) (grouped into LUT with out node icmp_ln412_3)   --->   "%tmp_27 = call i1 @_ssdm_op_BitSelect.i1.i21.i32(i21 %data_3_V_read_1, i32 9)" [firmware/nnet_utils/nnet_activation.h:46]   --->   Operation 54 'bitselect' 'tmp_27' <Predicate = true> <Delay = 0.00>
ST_1 : Operation 55 [1/1] (0.00ns) (grouped into LUT with out node icmp_ln412_3)   --->   "%trunc_ln412_3 = trunc i21 %data_3_V_read_1 to i1" [firmware/nnet_utils/nnet_activation.h:46]   --->   Operation 55 'trunc' 'trunc_ln412_3' <Predicate = true> <Delay = 0.00>
ST_1 : Operation 56 [1/1] (0.00ns) (grouped into LUT with out node icmp_ln412_3)   --->   "%or_ln412_10 = or i1 %trunc_ln412_3, %tmp_27" [firmware/nnet_utils/nnet_activation.h:46]   --->   Operation 56 'or' 'or_ln412_10' <Predicate = true> <Delay = 0.00> <Core = "LogicGate">   --->   Core 27 'LogicGate' <Latency = 0> <II = 1> <Delay = 0.97> <FuncUnit> <Opcode : 'and' 'or' 'xor'> <InPorts = 2> <OutPorts = 1>
ST_1 : Operation 57 [1/1] (0.00ns) (grouped into LUT with out node icmp_ln412_3)   --->   "%tmp_s = call i7 @_ssdm_op_PartSelect.i7.i21.i32.i32(i21 %data_3_V_read_1, i32 1, i32 7)" [firmware/nnet_utils/nnet_activation.h:46]   --->   Operation 57 'partselect' 'tmp_s' <Predicate = true> <Delay = 0.00>
ST_1 : Operation 58 [1/1] (0.00ns) (grouped into LUT with out node icmp_ln412_3)   --->   "%or_ln412_3 = call i8 @_ssdm_op_BitConcatenate.i8.i7.i1(i7 %tmp_s, i1 %or_ln412_10)" [firmware/nnet_utils/nnet_activation.h:46]   --->   Operation 58 'bitconcatenate' 'or_ln412_3' <Predicate = true> <Delay = 0.00>
ST_1 : Operation 59 [1/1] (1.55ns) (out node of the LUT)   --->   "%icmp_ln412_3 = icmp ne i8 %or_ln412_3, 0" [firmware/nnet_utils/nnet_activation.h:46]   --->   Operation 59 'icmp' 'icmp_ln412_3' <Predicate = true> <Delay = 1.55> <Core = "Cmp">   --->   Core 25 'Cmp' <Latency = 0> <II = 1> <Delay = 1.30> <FuncUnit> <Opcode : 'icmp'> <InPorts = 2> <OutPorts = 1>
ST_1 : Operation 60 [1/1] (0.00ns) (grouped into LUT with out node add_ln415_3)   --->   "%tmp_29 = call i1 @_ssdm_op_BitSelect.i1.i21.i32(i21 %data_3_V_read_1, i32 8)" [firmware/nnet_utils/nnet_activation.h:46]   --->   Operation 60 'bitselect' 'tmp_29' <Predicate = true> <Delay = 0.00>
ST_1 : Operation 61 [1/1] (0.00ns) (grouped into LUT with out node add_ln415_3)   --->   "%and_ln415_3 = and i1 %icmp_ln412_3, %tmp_29" [firmware/nnet_utils/nnet_activation.h:46]   --->   Operation 61 'and' 'and_ln415_3' <Predicate = true> <Delay = 0.00> <Core = "LogicGate">   --->   Core 27 'LogicGate' <Latency = 0> <II = 1> <Delay = 0.97> <FuncUnit> <Opcode : 'and' 'or' 'xor'> <InPorts = 2> <OutPorts = 1>
ST_1 : Operation 62 [1/1] (0.00ns) (grouped into LUT with out node add_ln415_3)   --->   "%zext_ln415_3 = zext i1 %and_ln415_3 to i8" [firmware/nnet_utils/nnet_activation.h:46]   --->   Operation 62 'zext' 'zext_ln415_3' <Predicate = true> <Delay = 0.00>
ST_1 : Operation 63 [1/1] (1.91ns) (out node of the LUT)   --->   "%add_ln415_3 = add i8 %zext_ln415_3, %trunc_ln708_3" [firmware/nnet_utils/nnet_activation.h:46]   --->   Operation 63 'add' 'add_ln415_3' <Predicate = true> <Delay = 1.91> <Core = "AddSub">   --->   Core 14 'AddSub' <Latency = 0> <II = 1> <Delay = 1.91> <FuncUnit> <Opcode : 'add' 'sub'> <InPorts = 2> <OutPorts = 1>
ST_1 : Operation 64 [1/1] (0.00ns)   --->   "%tmp_10 = call i4 @_ssdm_op_PartSelect.i4.i21.i32.i32(i21 %data_3_V_read_1, i32 17, i32 20)" [firmware/nnet_utils/nnet_activation.h:46]   --->   Operation 64 'partselect' 'tmp_10' <Predicate = true> <Delay = 0.00>
ST_1 : Operation 65 [1/1] (1.30ns)   --->   "%icmp_ln879_3 = icmp eq i4 %tmp_10, -1" [firmware/nnet_utils/nnet_activation.h:46]   --->   Operation 65 'icmp' 'icmp_ln879_3' <Predicate = true> <Delay = 1.30> <Core = "Cmp">   --->   Core 25 'Cmp' <Latency = 0> <II = 1> <Delay = 1.30> <FuncUnit> <Opcode : 'icmp'> <InPorts = 2> <OutPorts = 1>
ST_1 : Operation 66 [1/1] (1.30ns)   --->   "%icmp_ln768_3 = icmp eq i4 %tmp_10, 0" [firmware/nnet_utils/nnet_activation.h:46]   --->   Operation 66 'icmp' 'icmp_ln768_3' <Predicate = true> <Delay = 1.30> <Core = "Cmp">   --->   Core 25 'Cmp' <Latency = 0> <II = 1> <Delay = 1.30> <FuncUnit> <Opcode : 'icmp'> <InPorts = 2> <OutPorts = 1>
ST_1 : Operation 67 [1/1] (0.00ns) (grouped into LUT with out node add_ln415_4)   --->   "%trunc_ln708_4 = call i8 @_ssdm_op_PartSelect.i8.i21.i32.i32(i21 %data_4_V_read_1, i32 9, i32 16)" [firmware/nnet_utils/nnet_activation.h:46]   --->   Operation 67 'partselect' 'trunc_ln708_4' <Predicate = true> <Delay = 0.00>
ST_1 : Operation 68 [1/1] (0.00ns) (grouped into LUT with out node icmp_ln412_4)   --->   "%tmp_31 = call i1 @_ssdm_op_BitSelect.i1.i21.i32(i21 %data_4_V_read_1, i32 9)" [firmware/nnet_utils/nnet_activation.h:46]   --->   Operation 68 'bitselect' 'tmp_31' <Predicate = true> <Delay = 0.00>
ST_1 : Operation 69 [1/1] (0.00ns) (grouped into LUT with out node icmp_ln412_4)   --->   "%trunc_ln412_4 = trunc i21 %data_4_V_read_1 to i1" [firmware/nnet_utils/nnet_activation.h:46]   --->   Operation 69 'trunc' 'trunc_ln412_4' <Predicate = true> <Delay = 0.00>
ST_1 : Operation 70 [1/1] (0.00ns) (grouped into LUT with out node icmp_ln412_4)   --->   "%or_ln412_11 = or i1 %trunc_ln412_4, %tmp_31" [firmware/nnet_utils/nnet_activation.h:46]   --->   Operation 70 'or' 'or_ln412_11' <Predicate = true> <Delay = 0.00> <Core = "LogicGate">   --->   Core 27 'LogicGate' <Latency = 0> <II = 1> <Delay = 0.97> <FuncUnit> <Opcode : 'and' 'or' 'xor'> <InPorts = 2> <OutPorts = 1>
ST_1 : Operation 71 [1/1] (0.00ns) (grouped into LUT with out node icmp_ln412_4)   --->   "%tmp_12 = call i7 @_ssdm_op_PartSelect.i7.i21.i32.i32(i21 %data_4_V_read_1, i32 1, i32 7)" [firmware/nnet_utils/nnet_activation.h:46]   --->   Operation 71 'partselect' 'tmp_12' <Predicate = true> <Delay = 0.00>
ST_1 : Operation 72 [1/1] (0.00ns) (grouped into LUT with out node icmp_ln412_4)   --->   "%or_ln412_4 = call i8 @_ssdm_op_BitConcatenate.i8.i7.i1(i7 %tmp_12, i1 %or_ln412_11)" [firmware/nnet_utils/nnet_activation.h:46]   --->   Operation 72 'bitconcatenate' 'or_ln412_4' <Predicate = true> <Delay = 0.00>
ST_1 : Operation 73 [1/1] (1.55ns) (out node of the LUT)   --->   "%icmp_ln412_4 = icmp ne i8 %or_ln412_4, 0" [firmware/nnet_utils/nnet_activation.h:46]   --->   Operation 73 'icmp' 'icmp_ln412_4' <Predicate = true> <Delay = 1.55> <Core = "Cmp">   --->   Core 25 'Cmp' <Latency = 0> <II = 1> <Delay = 1.30> <FuncUnit> <Opcode : 'icmp'> <InPorts = 2> <OutPorts = 1>
ST_1 : Operation 74 [1/1] (0.00ns) (grouped into LUT with out node add_ln415_4)   --->   "%tmp_33 = call i1 @_ssdm_op_BitSelect.i1.i21.i32(i21 %data_4_V_read_1, i32 8)" [firmware/nnet_utils/nnet_activation.h:46]   --->   Operation 74 'bitselect' 'tmp_33' <Predicate = true> <Delay = 0.00>
ST_1 : Operation 75 [1/1] (0.00ns) (grouped into LUT with out node add_ln415_4)   --->   "%and_ln415_4 = and i1 %icmp_ln412_4, %tmp_33" [firmware/nnet_utils/nnet_activation.h:46]   --->   Operation 75 'and' 'and_ln415_4' <Predicate = true> <Delay = 0.00> <Core = "LogicGate">   --->   Core 27 'LogicGate' <Latency = 0> <II = 1> <Delay = 0.97> <FuncUnit> <Opcode : 'and' 'or' 'xor'> <InPorts = 2> <OutPorts = 1>
ST_1 : Operation 76 [1/1] (0.00ns) (grouped into LUT with out node add_ln415_4)   --->   "%zext_ln415_4 = zext i1 %and_ln415_4 to i8" [firmware/nnet_utils/nnet_activation.h:46]   --->   Operation 76 'zext' 'zext_ln415_4' <Predicate = true> <Delay = 0.00>
ST_1 : Operation 77 [1/1] (1.91ns) (out node of the LUT)   --->   "%add_ln415_4 = add i8 %zext_ln415_4, %trunc_ln708_4" [firmware/nnet_utils/nnet_activation.h:46]   --->   Operation 77 'add' 'add_ln415_4' <Predicate = true> <Delay = 1.91> <Core = "AddSub">   --->   Core 14 'AddSub' <Latency = 0> <II = 1> <Delay = 1.91> <FuncUnit> <Opcode : 'add' 'sub'> <InPorts = 2> <OutPorts = 1>
ST_1 : Operation 78 [1/1] (0.00ns)   --->   "%tmp_13 = call i4 @_ssdm_op_PartSelect.i4.i21.i32.i32(i21 %data_4_V_read_1, i32 17, i32 20)" [firmware/nnet_utils/nnet_activation.h:46]   --->   Operation 78 'partselect' 'tmp_13' <Predicate = true> <Delay = 0.00>
ST_1 : Operation 79 [1/1] (1.30ns)   --->   "%icmp_ln879_4 = icmp eq i4 %tmp_13, -1" [firmware/nnet_utils/nnet_activation.h:46]   --->   Operation 79 'icmp' 'icmp_ln879_4' <Predicate = true> <Delay = 1.30> <Core = "Cmp">   --->   Core 25 'Cmp' <Latency = 0> <II = 1> <Delay = 1.30> <FuncUnit> <Opcode : 'icmp'> <InPorts = 2> <OutPorts = 1>
ST_1 : Operation 80 [1/1] (1.30ns)   --->   "%icmp_ln768_4 = icmp eq i4 %tmp_13, 0" [firmware/nnet_utils/nnet_activation.h:46]   --->   Operation 80 'icmp' 'icmp_ln768_4' <Predicate = true> <Delay = 1.30> <Core = "Cmp">   --->   Core 25 'Cmp' <Latency = 0> <II = 1> <Delay = 1.30> <FuncUnit> <Opcode : 'icmp'> <InPorts = 2> <OutPorts = 1>
ST_1 : Operation 81 [1/1] (0.00ns) (grouped into LUT with out node add_ln415_5)   --->   "%trunc_ln708_5 = call i8 @_ssdm_op_PartSelect.i8.i21.i32.i32(i21 %data_5_V_read_1, i32 9, i32 16)" [firmware/nnet_utils/nnet_activation.h:46]   --->   Operation 81 'partselect' 'trunc_ln708_5' <Predicate = true> <Delay = 0.00>
ST_1 : Operation 82 [1/1] (0.00ns) (grouped into LUT with out node icmp_ln412_5)   --->   "%tmp_35 = call i1 @_ssdm_op_BitSelect.i1.i21.i32(i21 %data_5_V_read_1, i32 9)" [firmware/nnet_utils/nnet_activation.h:46]   --->   Operation 82 'bitselect' 'tmp_35' <Predicate = true> <Delay = 0.00>
ST_1 : Operation 83 [1/1] (0.00ns) (grouped into LUT with out node icmp_ln412_5)   --->   "%trunc_ln412_5 = trunc i21 %data_5_V_read_1 to i1" [firmware/nnet_utils/nnet_activation.h:46]   --->   Operation 83 'trunc' 'trunc_ln412_5' <Predicate = true> <Delay = 0.00>
ST_1 : Operation 84 [1/1] (0.00ns) (grouped into LUT with out node icmp_ln412_5)   --->   "%or_ln412_12 = or i1 %trunc_ln412_5, %tmp_35" [firmware/nnet_utils/nnet_activation.h:46]   --->   Operation 84 'or' 'or_ln412_12' <Predicate = true> <Delay = 0.00> <Core = "LogicGate">   --->   Core 27 'LogicGate' <Latency = 0> <II = 1> <Delay = 0.97> <FuncUnit> <Opcode : 'and' 'or' 'xor'> <InPorts = 2> <OutPorts = 1>
ST_1 : Operation 85 [1/1] (0.00ns) (grouped into LUT with out node icmp_ln412_5)   --->   "%tmp_15 = call i7 @_ssdm_op_PartSelect.i7.i21.i32.i32(i21 %data_5_V_read_1, i32 1, i32 7)" [firmware/nnet_utils/nnet_activation.h:46]   --->   Operation 85 'partselect' 'tmp_15' <Predicate = true> <Delay = 0.00>
ST_1 : Operation 86 [1/1] (0.00ns) (grouped into LUT with out node icmp_ln412_5)   --->   "%or_ln412_5 = call i8 @_ssdm_op_BitConcatenate.i8.i7.i1(i7 %tmp_15, i1 %or_ln412_12)" [firmware/nnet_utils/nnet_activation.h:46]   --->   Operation 86 'bitconcatenate' 'or_ln412_5' <Predicate = true> <Delay = 0.00>
ST_1 : Operation 87 [1/1] (1.55ns) (out node of the LUT)   --->   "%icmp_ln412_5 = icmp ne i8 %or_ln412_5, 0" [firmware/nnet_utils/nnet_activation.h:46]   --->   Operation 87 'icmp' 'icmp_ln412_5' <Predicate = true> <Delay = 1.55> <Core = "Cmp">   --->   Core 25 'Cmp' <Latency = 0> <II = 1> <Delay = 1.30> <FuncUnit> <Opcode : 'icmp'> <InPorts = 2> <OutPorts = 1>
ST_1 : Operation 88 [1/1] (0.00ns) (grouped into LUT with out node add_ln415_5)   --->   "%tmp_37 = call i1 @_ssdm_op_BitSelect.i1.i21.i32(i21 %data_5_V_read_1, i32 8)" [firmware/nnet_utils/nnet_activation.h:46]   --->   Operation 88 'bitselect' 'tmp_37' <Predicate = true> <Delay = 0.00>
ST_1 : Operation 89 [1/1] (0.00ns) (grouped into LUT with out node add_ln415_5)   --->   "%and_ln415_5 = and i1 %icmp_ln412_5, %tmp_37" [firmware/nnet_utils/nnet_activation.h:46]   --->   Operation 89 'and' 'and_ln415_5' <Predicate = true> <Delay = 0.00> <Core = "LogicGate">   --->   Core 27 'LogicGate' <Latency = 0> <II = 1> <Delay = 0.97> <FuncUnit> <Opcode : 'and' 'or' 'xor'> <InPorts = 2> <OutPorts = 1>
ST_1 : Operation 90 [1/1] (0.00ns) (grouped into LUT with out node add_ln415_5)   --->   "%zext_ln415_5 = zext i1 %and_ln415_5 to i8" [firmware/nnet_utils/nnet_activation.h:46]   --->   Operation 90 'zext' 'zext_ln415_5' <Predicate = true> <Delay = 0.00>
ST_1 : Operation 91 [1/1] (1.91ns) (out node of the LUT)   --->   "%add_ln415_5 = add i8 %zext_ln415_5, %trunc_ln708_5" [firmware/nnet_utils/nnet_activation.h:46]   --->   Operation 91 'add' 'add_ln415_5' <Predicate = true> <Delay = 1.91> <Core = "AddSub">   --->   Core 14 'AddSub' <Latency = 0> <II = 1> <Delay = 1.91> <FuncUnit> <Opcode : 'add' 'sub'> <InPorts = 2> <OutPorts = 1>
ST_1 : Operation 92 [1/1] (0.00ns)   --->   "%tmp_16 = call i4 @_ssdm_op_PartSelect.i4.i21.i32.i32(i21 %data_5_V_read_1, i32 17, i32 20)" [firmware/nnet_utils/nnet_activation.h:46]   --->   Operation 92 'partselect' 'tmp_16' <Predicate = true> <Delay = 0.00>
ST_1 : Operation 93 [1/1] (1.30ns)   --->   "%icmp_ln879_5 = icmp eq i4 %tmp_16, -1" [firmware/nnet_utils/nnet_activation.h:46]   --->   Operation 93 'icmp' 'icmp_ln879_5' <Predicate = true> <Delay = 1.30> <Core = "Cmp">   --->   Core 25 'Cmp' <Latency = 0> <II = 1> <Delay = 1.30> <FuncUnit> <Opcode : 'icmp'> <InPorts = 2> <OutPorts = 1>
ST_1 : Operation 94 [1/1] (1.30ns)   --->   "%icmp_ln768_5 = icmp eq i4 %tmp_16, 0" [firmware/nnet_utils/nnet_activation.h:46]   --->   Operation 94 'icmp' 'icmp_ln768_5' <Predicate = true> <Delay = 1.30> <Core = "Cmp">   --->   Core 25 'Cmp' <Latency = 0> <II = 1> <Delay = 1.30> <FuncUnit> <Opcode : 'icmp'> <InPorts = 2> <OutPorts = 1>
ST_1 : Operation 95 [1/1] (0.00ns) (grouped into LUT with out node add_ln415_6)   --->   "%trunc_ln708_6 = call i8 @_ssdm_op_PartSelect.i8.i21.i32.i32(i21 %data_6_V_read_1, i32 9, i32 16)" [firmware/nnet_utils/nnet_activation.h:46]   --->   Operation 95 'partselect' 'trunc_ln708_6' <Predicate = true> <Delay = 0.00>
ST_1 : Operation 96 [1/1] (0.00ns) (grouped into LUT with out node icmp_ln412_6)   --->   "%tmp_39 = call i1 @_ssdm_op_BitSelect.i1.i21.i32(i21 %data_6_V_read_1, i32 9)" [firmware/nnet_utils/nnet_activation.h:46]   --->   Operation 96 'bitselect' 'tmp_39' <Predicate = true> <Delay = 0.00>
ST_1 : Operation 97 [1/1] (0.00ns) (grouped into LUT with out node icmp_ln412_6)   --->   "%trunc_ln412_6 = trunc i21 %data_6_V_read_1 to i1" [firmware/nnet_utils/nnet_activation.h:46]   --->   Operation 97 'trunc' 'trunc_ln412_6' <Predicate = true> <Delay = 0.00>
ST_1 : Operation 98 [1/1] (0.00ns) (grouped into LUT with out node icmp_ln412_6)   --->   "%or_ln412_13 = or i1 %trunc_ln412_6, %tmp_39" [firmware/nnet_utils/nnet_activation.h:46]   --->   Operation 98 'or' 'or_ln412_13' <Predicate = true> <Delay = 0.00> <Core = "LogicGate">   --->   Core 27 'LogicGate' <Latency = 0> <II = 1> <Delay = 0.97> <FuncUnit> <Opcode : 'and' 'or' 'xor'> <InPorts = 2> <OutPorts = 1>
ST_1 : Operation 99 [1/1] (0.00ns) (grouped into LUT with out node icmp_ln412_6)   --->   "%tmp_18 = call i7 @_ssdm_op_PartSelect.i7.i21.i32.i32(i21 %data_6_V_read_1, i32 1, i32 7)" [firmware/nnet_utils/nnet_activation.h:46]   --->   Operation 99 'partselect' 'tmp_18' <Predicate = true> <Delay = 0.00>
ST_1 : Operation 100 [1/1] (0.00ns) (grouped into LUT with out node icmp_ln412_6)   --->   "%or_ln412_6 = call i8 @_ssdm_op_BitConcatenate.i8.i7.i1(i7 %tmp_18, i1 %or_ln412_13)" [firmware/nnet_utils/nnet_activation.h:46]   --->   Operation 100 'bitconcatenate' 'or_ln412_6' <Predicate = true> <Delay = 0.00>
ST_1 : Operation 101 [1/1] (1.55ns) (out node of the LUT)   --->   "%icmp_ln412_6 = icmp ne i8 %or_ln412_6, 0" [firmware/nnet_utils/nnet_activation.h:46]   --->   Operation 101 'icmp' 'icmp_ln412_6' <Predicate = true> <Delay = 1.55> <Core = "Cmp">   --->   Core 25 'Cmp' <Latency = 0> <II = 1> <Delay = 1.30> <FuncUnit> <Opcode : 'icmp'> <InPorts = 2> <OutPorts = 1>
ST_1 : Operation 102 [1/1] (0.00ns) (grouped into LUT with out node add_ln415_6)   --->   "%tmp_41 = call i1 @_ssdm_op_BitSelect.i1.i21.i32(i21 %data_6_V_read_1, i32 8)" [firmware/nnet_utils/nnet_activation.h:46]   --->   Operation 102 'bitselect' 'tmp_41' <Predicate = true> <Delay = 0.00>
ST_1 : Operation 103 [1/1] (0.00ns) (grouped into LUT with out node add_ln415_6)   --->   "%and_ln415_6 = and i1 %icmp_ln412_6, %tmp_41" [firmware/nnet_utils/nnet_activation.h:46]   --->   Operation 103 'and' 'and_ln415_6' <Predicate = true> <Delay = 0.00> <Core = "LogicGate">   --->   Core 27 'LogicGate' <Latency = 0> <II = 1> <Delay = 0.97> <FuncUnit> <Opcode : 'and' 'or' 'xor'> <InPorts = 2> <OutPorts = 1>
ST_1 : Operation 104 [1/1] (0.00ns) (grouped into LUT with out node add_ln415_6)   --->   "%zext_ln415_6 = zext i1 %and_ln415_6 to i8" [firmware/nnet_utils/nnet_activation.h:46]   --->   Operation 104 'zext' 'zext_ln415_6' <Predicate = true> <Delay = 0.00>
ST_1 : Operation 105 [1/1] (1.91ns) (out node of the LUT)   --->   "%add_ln415_6 = add i8 %zext_ln415_6, %trunc_ln708_6" [firmware/nnet_utils/nnet_activation.h:46]   --->   Operation 105 'add' 'add_ln415_6' <Predicate = true> <Delay = 1.91> <Core = "AddSub">   --->   Core 14 'AddSub' <Latency = 0> <II = 1> <Delay = 1.91> <FuncUnit> <Opcode : 'add' 'sub'> <InPorts = 2> <OutPorts = 1>
ST_1 : Operation 106 [1/1] (0.00ns)   --->   "%tmp_19 = call i4 @_ssdm_op_PartSelect.i4.i21.i32.i32(i21 %data_6_V_read_1, i32 17, i32 20)" [firmware/nnet_utils/nnet_activation.h:46]   --->   Operation 106 'partselect' 'tmp_19' <Predicate = true> <Delay = 0.00>
ST_1 : Operation 107 [1/1] (1.30ns)   --->   "%icmp_ln879_6 = icmp eq i4 %tmp_19, -1" [firmware/nnet_utils/nnet_activation.h:46]   --->   Operation 107 'icmp' 'icmp_ln879_6' <Predicate = true> <Delay = 1.30> <Core = "Cmp">   --->   Core 25 'Cmp' <Latency = 0> <II = 1> <Delay = 1.30> <FuncUnit> <Opcode : 'icmp'> <InPorts = 2> <OutPorts = 1>
ST_1 : Operation 108 [1/1] (1.30ns)   --->   "%icmp_ln768_6 = icmp eq i4 %tmp_19, 0" [firmware/nnet_utils/nnet_activation.h:46]   --->   Operation 108 'icmp' 'icmp_ln768_6' <Predicate = true> <Delay = 1.30> <Core = "Cmp">   --->   Core 25 'Cmp' <Latency = 0> <II = 1> <Delay = 1.30> <FuncUnit> <Opcode : 'icmp'> <InPorts = 2> <OutPorts = 1>
ST_1 : Operation 109 [1/1] (0.00ns) (grouped into LUT with out node add_ln415_7)   --->   "%trunc_ln708_7 = call i8 @_ssdm_op_PartSelect.i8.i21.i32.i32(i21 %data_7_V_read_1, i32 9, i32 16)" [firmware/nnet_utils/nnet_activation.h:46]   --->   Operation 109 'partselect' 'trunc_ln708_7' <Predicate = true> <Delay = 0.00>
ST_1 : Operation 110 [1/1] (0.00ns) (grouped into LUT with out node icmp_ln412_7)   --->   "%tmp_43 = call i1 @_ssdm_op_BitSelect.i1.i21.i32(i21 %data_7_V_read_1, i32 9)" [firmware/nnet_utils/nnet_activation.h:46]   --->   Operation 110 'bitselect' 'tmp_43' <Predicate = true> <Delay = 0.00>
ST_1 : Operation 111 [1/1] (0.00ns) (grouped into LUT with out node icmp_ln412_7)   --->   "%trunc_ln412_7 = trunc i21 %data_7_V_read_1 to i1" [firmware/nnet_utils/nnet_activation.h:46]   --->   Operation 111 'trunc' 'trunc_ln412_7' <Predicate = true> <Delay = 0.00>
ST_1 : Operation 112 [1/1] (0.00ns) (grouped into LUT with out node icmp_ln412_7)   --->   "%or_ln412_14 = or i1 %trunc_ln412_7, %tmp_43" [firmware/nnet_utils/nnet_activation.h:46]   --->   Operation 112 'or' 'or_ln412_14' <Predicate = true> <Delay = 0.00> <Core = "LogicGate">   --->   Core 27 'LogicGate' <Latency = 0> <II = 1> <Delay = 0.97> <FuncUnit> <Opcode : 'and' 'or' 'xor'> <InPorts = 2> <OutPorts = 1>
ST_1 : Operation 113 [1/1] (0.00ns) (grouped into LUT with out node icmp_ln412_7)   --->   "%tmp_21 = call i7 @_ssdm_op_PartSelect.i7.i21.i32.i32(i21 %data_7_V_read_1, i32 1, i32 7)" [firmware/nnet_utils/nnet_activation.h:46]   --->   Operation 113 'partselect' 'tmp_21' <Predicate = true> <Delay = 0.00>
ST_1 : Operation 114 [1/1] (0.00ns) (grouped into LUT with out node icmp_ln412_7)   --->   "%or_ln412_7 = call i8 @_ssdm_op_BitConcatenate.i8.i7.i1(i7 %tmp_21, i1 %or_ln412_14)" [firmware/nnet_utils/nnet_activation.h:46]   --->   Operation 114 'bitconcatenate' 'or_ln412_7' <Predicate = true> <Delay = 0.00>
ST_1 : Operation 115 [1/1] (1.55ns) (out node of the LUT)   --->   "%icmp_ln412_7 = icmp ne i8 %or_ln412_7, 0" [firmware/nnet_utils/nnet_activation.h:46]   --->   Operation 115 'icmp' 'icmp_ln412_7' <Predicate = true> <Delay = 1.55> <Core = "Cmp">   --->   Core 25 'Cmp' <Latency = 0> <II = 1> <Delay = 1.30> <FuncUnit> <Opcode : 'icmp'> <InPorts = 2> <OutPorts = 1>
ST_1 : Operation 116 [1/1] (0.00ns) (grouped into LUT with out node add_ln415_7)   --->   "%tmp_45 = call i1 @_ssdm_op_BitSelect.i1.i21.i32(i21 %data_7_V_read_1, i32 8)" [firmware/nnet_utils/nnet_activation.h:46]   --->   Operation 116 'bitselect' 'tmp_45' <Predicate = true> <Delay = 0.00>
ST_1 : Operation 117 [1/1] (0.00ns) (grouped into LUT with out node add_ln415_7)   --->   "%and_ln415_7 = and i1 %icmp_ln412_7, %tmp_45" [firmware/nnet_utils/nnet_activation.h:46]   --->   Operation 117 'and' 'and_ln415_7' <Predicate = true> <Delay = 0.00> <Core = "LogicGate">   --->   Core 27 'LogicGate' <Latency = 0> <II = 1> <Delay = 0.97> <FuncUnit> <Opcode : 'and' 'or' 'xor'> <InPorts = 2> <OutPorts = 1>
ST_1 : Operation 118 [1/1] (0.00ns) (grouped into LUT with out node add_ln415_7)   --->   "%zext_ln415_7 = zext i1 %and_ln415_7 to i8" [firmware/nnet_utils/nnet_activation.h:46]   --->   Operation 118 'zext' 'zext_ln415_7' <Predicate = true> <Delay = 0.00>
ST_1 : Operation 119 [1/1] (1.91ns) (out node of the LUT)   --->   "%add_ln415_7 = add i8 %zext_ln415_7, %trunc_ln708_7" [firmware/nnet_utils/nnet_activation.h:46]   --->   Operation 119 'add' 'add_ln415_7' <Predicate = true> <Delay = 1.91> <Core = "AddSub">   --->   Core 14 'AddSub' <Latency = 0> <II = 1> <Delay = 1.91> <FuncUnit> <Opcode : 'add' 'sub'> <InPorts = 2> <OutPorts = 1>
ST_1 : Operation 120 [1/1] (0.00ns)   --->   "%tmp_22 = call i4 @_ssdm_op_PartSelect.i4.i21.i32.i32(i21 %data_7_V_read_1, i32 17, i32 20)" [firmware/nnet_utils/nnet_activation.h:46]   --->   Operation 120 'partselect' 'tmp_22' <Predicate = true> <Delay = 0.00>
ST_1 : Operation 121 [1/1] (1.30ns)   --->   "%icmp_ln879_7 = icmp eq i4 %tmp_22, -1" [firmware/nnet_utils/nnet_activation.h:46]   --->   Operation 121 'icmp' 'icmp_ln879_7' <Predicate = true> <Delay = 1.30> <Core = "Cmp">   --->   Core 25 'Cmp' <Latency = 0> <II = 1> <Delay = 1.30> <FuncUnit> <Opcode : 'icmp'> <InPorts = 2> <OutPorts = 1>
ST_1 : Operation 122 [1/1] (1.30ns)   --->   "%icmp_ln768_7 = icmp eq i4 %tmp_22, 0" [firmware/nnet_utils/nnet_activation.h:46]   --->   Operation 122 'icmp' 'icmp_ln768_7' <Predicate = true> <Delay = 1.30> <Core = "Cmp">   --->   Core 25 'Cmp' <Latency = 0> <II = 1> <Delay = 1.30> <FuncUnit> <Opcode : 'icmp'> <InPorts = 2> <OutPorts = 1>

State 2 <SV = 1> <Delay = 3.69>
ST_2 : Operation 123 [1/1] (0.00ns)   --->   "call void (...)* @_ssdm_op_SpecPipeline(i32 -1, i32 1, i32 1, i32 0, [1 x i8]* @p_str13) nounwind" [firmware/nnet_utils/nnet_activation.h:40]   --->   Operation 123 'specpipeline' <Predicate = true> <Delay = 0.00>
ST_2 : Operation 124 [1/1] (2.44ns)   --->   "%icmp_ln1494 = icmp sgt i21 %data_0_V_read_1, 0" [firmware/nnet_utils/nnet_activation.h:45]   --->   Operation 124 'icmp' 'icmp_ln1494' <Predicate = true> <Delay = 2.44> <Core = "Cmp">   --->   Core 25 'Cmp' <Latency = 0> <II = 1> <Delay = 1.30> <FuncUnit> <Opcode : 'icmp'> <InPorts = 2> <OutPorts = 1>
ST_2 : Operation 125 [1/1] (0.00ns) (grouped into LUT with out node select_ln1494)   --->   "%tmp_3 = call i1 @_ssdm_op_BitSelect.i1.i21.i32(i21 %data_0_V_read_1, i32 16)" [firmware/nnet_utils/nnet_activation.h:46]   --->   Operation 125 'bitselect' 'tmp_3' <Predicate = true> <Delay = 0.00>
ST_2 : Operation 126 [1/1] (0.00ns) (grouped into LUT with out node select_ln1494)   --->   "%tmp_9 = call i1 @_ssdm_op_BitSelect.i1.i8.i32(i8 %add_ln415, i32 7)" [firmware/nnet_utils/nnet_activation.h:46]   --->   Operation 126 'bitselect' 'tmp_9' <Predicate = true> <Delay = 0.00>
ST_2 : Operation 127 [1/1] (0.00ns) (grouped into LUT with out node select_ln1494)   --->   "%xor_ln416 = xor i1 %tmp_9, true" [firmware/nnet_utils/nnet_activation.h:46]   --->   Operation 127 'xor' 'xor_ln416' <Predicate = true> <Delay = 0.00> <Core = "LogicGate">   --->   Core 27 'LogicGate' <Latency = 0> <II = 1> <Delay = 0.97> <FuncUnit> <Opcode : 'and' 'or' 'xor'> <InPorts = 2> <OutPorts = 1>
ST_2 : Operation 128 [1/1] (0.00ns) (grouped into LUT with out node select_ln1494)   --->   "%and_ln416 = and i1 %tmp_3, %xor_ln416" [firmware/nnet_utils/nnet_activation.h:46]   --->   Operation 128 'and' 'and_ln416' <Predicate = true> <Delay = 0.00> <Core = "LogicGate">   --->   Core 27 'LogicGate' <Latency = 0> <II = 1> <Delay = 0.97> <FuncUnit> <Opcode : 'and' 'or' 'xor'> <InPorts = 2> <OutPorts = 1>
ST_2 : Operation 129 [1/1] (0.00ns) (grouped into LUT with out node select_ln1494)   --->   "%select_ln777 = select i1 %and_ln416, i1 %icmp_ln879, i1 %icmp_ln768" [firmware/nnet_utils/nnet_activation.h:46]   --->   Operation 129 'select' 'select_ln777' <Predicate = true> <Delay = 0.00> <Core = "Sel">   --->   Core 26 'Sel' <Latency = 0> <II = 1> <Delay = 1.24> <FuncUnit> <Opcode : 'select'> <InPorts = 3> <OutPorts = 1>
ST_2 : Operation 130 [1/1] (0.00ns) (grouped into LUT with out node select_ln1494)   --->   "%select_ln340 = select i1 %select_ln777, i8 %add_ln415, i8 -1" [firmware/nnet_utils/nnet_activation.h:46]   --->   Operation 130 'select' 'select_ln340' <Predicate = true> <Delay = 0.00> <Core = "Sel">   --->   Core 26 'Sel' <Latency = 0> <II = 1> <Delay = 1.24> <FuncUnit> <Opcode : 'select'> <InPorts = 3> <OutPorts = 1>
ST_2 : Operation 131 [1/1] (1.24ns) (out node of the LUT)   --->   "%select_ln1494 = select i1 %icmp_ln1494, i8 %select_ln340, i8 0" [firmware/nnet_utils/nnet_activation.h:45]   --->   Operation 131 'select' 'select_ln1494' <Predicate = true> <Delay = 1.24> <Core = "Sel">   --->   Core 26 'Sel' <Latency = 0> <II = 1> <Delay = 1.24> <FuncUnit> <Opcode : 'select'> <InPorts = 3> <OutPorts = 1>
ST_2 : Operation 132 [1/1] (2.44ns)   --->   "%icmp_ln1494_1 = icmp sgt i21 %data_1_V_read_1, 0" [firmware/nnet_utils/nnet_activation.h:45]   --->   Operation 132 'icmp' 'icmp_ln1494_1' <Predicate = true> <Delay = 2.44> <Core = "Cmp">   --->   Core 25 'Cmp' <Latency = 0> <II = 1> <Delay = 1.30> <FuncUnit> <Opcode : 'icmp'> <InPorts = 2> <OutPorts = 1>
ST_2 : Operation 133 [1/1] (0.00ns) (grouped into LUT with out node select_ln1494_1)   --->   "%tmp_14 = call i1 @_ssdm_op_BitSelect.i1.i21.i32(i21 %data_1_V_read_1, i32 16)" [firmware/nnet_utils/nnet_activation.h:46]   --->   Operation 133 'bitselect' 'tmp_14' <Predicate = true> <Delay = 0.00>
ST_2 : Operation 134 [1/1] (0.00ns) (grouped into LUT with out node select_ln1494_1)   --->   "%tmp_20 = call i1 @_ssdm_op_BitSelect.i1.i8.i32(i8 %add_ln415_1, i32 7)" [firmware/nnet_utils/nnet_activation.h:46]   --->   Operation 134 'bitselect' 'tmp_20' <Predicate = true> <Delay = 0.00>
ST_2 : Operation 135 [1/1] (0.00ns) (grouped into LUT with out node select_ln1494_1)   --->   "%xor_ln416_1 = xor i1 %tmp_20, true" [firmware/nnet_utils/nnet_activation.h:46]   --->   Operation 135 'xor' 'xor_ln416_1' <Predicate = true> <Delay = 0.00> <Core = "LogicGate">   --->   Core 27 'LogicGate' <Latency = 0> <II = 1> <Delay = 0.97> <FuncUnit> <Opcode : 'and' 'or' 'xor'> <InPorts = 2> <OutPorts = 1>
ST_2 : Operation 136 [1/1] (0.00ns) (grouped into LUT with out node select_ln1494_1)   --->   "%and_ln416_1 = and i1 %tmp_14, %xor_ln416_1" [firmware/nnet_utils/nnet_activation.h:46]   --->   Operation 136 'and' 'and_ln416_1' <Predicate = true> <Delay = 0.00> <Core = "LogicGate">   --->   Core 27 'LogicGate' <Latency = 0> <II = 1> <Delay = 0.97> <FuncUnit> <Opcode : 'and' 'or' 'xor'> <InPorts = 2> <OutPorts = 1>
ST_2 : Operation 137 [1/1] (0.00ns) (grouped into LUT with out node select_ln1494_1)   --->   "%select_ln777_1 = select i1 %and_ln416_1, i1 %icmp_ln879_1, i1 %icmp_ln768_1" [firmware/nnet_utils/nnet_activation.h:46]   --->   Operation 137 'select' 'select_ln777_1' <Predicate = true> <Delay = 0.00> <Core = "Sel">   --->   Core 26 'Sel' <Latency = 0> <II = 1> <Delay = 1.24> <FuncUnit> <Opcode : 'select'> <InPorts = 3> <OutPorts = 1>
ST_2 : Operation 138 [1/1] (0.00ns) (grouped into LUT with out node select_ln1494_1)   --->   "%select_ln340_1 = select i1 %select_ln777_1, i8 %add_ln415_1, i8 -1" [firmware/nnet_utils/nnet_activation.h:46]   --->   Operation 138 'select' 'select_ln340_1' <Predicate = true> <Delay = 0.00> <Core = "Sel">   --->   Core 26 'Sel' <Latency = 0> <II = 1> <Delay = 1.24> <FuncUnit> <Opcode : 'select'> <InPorts = 3> <OutPorts = 1>
ST_2 : Operation 139 [1/1] (1.24ns) (out node of the LUT)   --->   "%select_ln1494_1 = select i1 %icmp_ln1494_1, i8 %select_ln340_1, i8 0" [firmware/nnet_utils/nnet_activation.h:45]   --->   Operation 139 'select' 'select_ln1494_1' <Predicate = true> <Delay = 1.24> <Core = "Sel">   --->   Core 26 'Sel' <Latency = 0> <II = 1> <Delay = 1.24> <FuncUnit> <Opcode : 'select'> <InPorts = 3> <OutPorts = 1>
ST_2 : Operation 140 [1/1] (2.44ns)   --->   "%icmp_ln1494_2 = icmp sgt i21 %data_2_V_read_1, 0" [firmware/nnet_utils/nnet_activation.h:45]   --->   Operation 140 'icmp' 'icmp_ln1494_2' <Predicate = true> <Delay = 2.44> <Core = "Cmp">   --->   Core 25 'Cmp' <Latency = 0> <II = 1> <Delay = 1.30> <FuncUnit> <Opcode : 'icmp'> <InPorts = 2> <OutPorts = 1>
ST_2 : Operation 141 [1/1] (0.00ns) (grouped into LUT with out node select_ln1494_2)   --->   "%tmp_24 = call i1 @_ssdm_op_BitSelect.i1.i21.i32(i21 %data_2_V_read_1, i32 16)" [firmware/nnet_utils/nnet_activation.h:46]   --->   Operation 141 'bitselect' 'tmp_24' <Predicate = true> <Delay = 0.00>
ST_2 : Operation 142 [1/1] (0.00ns) (grouped into LUT with out node select_ln1494_2)   --->   "%tmp_26 = call i1 @_ssdm_op_BitSelect.i1.i8.i32(i8 %add_ln415_2, i32 7)" [firmware/nnet_utils/nnet_activation.h:46]   --->   Operation 142 'bitselect' 'tmp_26' <Predicate = true> <Delay = 0.00>
ST_2 : Operation 143 [1/1] (0.00ns) (grouped into LUT with out node select_ln1494_2)   --->   "%xor_ln416_2 = xor i1 %tmp_26, true" [firmware/nnet_utils/nnet_activation.h:46]   --->   Operation 143 'xor' 'xor_ln416_2' <Predicate = true> <Delay = 0.00> <Core = "LogicGate">   --->   Core 27 'LogicGate' <Latency = 0> <II = 1> <Delay = 0.97> <FuncUnit> <Opcode : 'and' 'or' 'xor'> <InPorts = 2> <OutPorts = 1>
ST_2 : Operation 144 [1/1] (0.00ns) (grouped into LUT with out node select_ln1494_2)   --->   "%and_ln416_2 = and i1 %tmp_24, %xor_ln416_2" [firmware/nnet_utils/nnet_activation.h:46]   --->   Operation 144 'and' 'and_ln416_2' <Predicate = true> <Delay = 0.00> <Core = "LogicGate">   --->   Core 27 'LogicGate' <Latency = 0> <II = 1> <Delay = 0.97> <FuncUnit> <Opcode : 'and' 'or' 'xor'> <InPorts = 2> <OutPorts = 1>
ST_2 : Operation 145 [1/1] (0.00ns) (grouped into LUT with out node select_ln1494_2)   --->   "%select_ln777_2 = select i1 %and_ln416_2, i1 %icmp_ln879_2, i1 %icmp_ln768_2" [firmware/nnet_utils/nnet_activation.h:46]   --->   Operation 145 'select' 'select_ln777_2' <Predicate = true> <Delay = 0.00> <Core = "Sel">   --->   Core 26 'Sel' <Latency = 0> <II = 1> <Delay = 1.24> <FuncUnit> <Opcode : 'select'> <InPorts = 3> <OutPorts = 1>
ST_2 : Operation 146 [1/1] (0.00ns) (grouped into LUT with out node select_ln1494_2)   --->   "%select_ln340_2 = select i1 %select_ln777_2, i8 %add_ln415_2, i8 -1" [firmware/nnet_utils/nnet_activation.h:46]   --->   Operation 146 'select' 'select_ln340_2' <Predicate = true> <Delay = 0.00> <Core = "Sel">   --->   Core 26 'Sel' <Latency = 0> <II = 1> <Delay = 1.24> <FuncUnit> <Opcode : 'select'> <InPorts = 3> <OutPorts = 1>
ST_2 : Operation 147 [1/1] (1.24ns) (out node of the LUT)   --->   "%select_ln1494_2 = select i1 %icmp_ln1494_2, i8 %select_ln340_2, i8 0" [firmware/nnet_utils/nnet_activation.h:45]   --->   Operation 147 'select' 'select_ln1494_2' <Predicate = true> <Delay = 1.24> <Core = "Sel">   --->   Core 26 'Sel' <Latency = 0> <II = 1> <Delay = 1.24> <FuncUnit> <Opcode : 'select'> <InPorts = 3> <OutPorts = 1>
ST_2 : Operation 148 [1/1] (2.44ns)   --->   "%icmp_ln1494_3 = icmp sgt i21 %data_3_V_read_1, 0" [firmware/nnet_utils/nnet_activation.h:45]   --->   Operation 148 'icmp' 'icmp_ln1494_3' <Predicate = true> <Delay = 2.44> <Core = "Cmp">   --->   Core 25 'Cmp' <Latency = 0> <II = 1> <Delay = 1.30> <FuncUnit> <Opcode : 'icmp'> <InPorts = 2> <OutPorts = 1>
ST_2 : Operation 149 [1/1] (0.00ns) (grouped into LUT with out node select_ln1494_3)   --->   "%tmp_28 = call i1 @_ssdm_op_BitSelect.i1.i21.i32(i21 %data_3_V_read_1, i32 16)" [firmware/nnet_utils/nnet_activation.h:46]   --->   Operation 149 'bitselect' 'tmp_28' <Predicate = true> <Delay = 0.00>
ST_2 : Operation 150 [1/1] (0.00ns) (grouped into LUT with out node select_ln1494_3)   --->   "%tmp_30 = call i1 @_ssdm_op_BitSelect.i1.i8.i32(i8 %add_ln415_3, i32 7)" [firmware/nnet_utils/nnet_activation.h:46]   --->   Operation 150 'bitselect' 'tmp_30' <Predicate = true> <Delay = 0.00>
ST_2 : Operation 151 [1/1] (0.00ns) (grouped into LUT with out node select_ln1494_3)   --->   "%xor_ln416_3 = xor i1 %tmp_30, true" [firmware/nnet_utils/nnet_activation.h:46]   --->   Operation 151 'xor' 'xor_ln416_3' <Predicate = true> <Delay = 0.00> <Core = "LogicGate">   --->   Core 27 'LogicGate' <Latency = 0> <II = 1> <Delay = 0.97> <FuncUnit> <Opcode : 'and' 'or' 'xor'> <InPorts = 2> <OutPorts = 1>
ST_2 : Operation 152 [1/1] (0.00ns) (grouped into LUT with out node select_ln1494_3)   --->   "%and_ln416_3 = and i1 %tmp_28, %xor_ln416_3" [firmware/nnet_utils/nnet_activation.h:46]   --->   Operation 152 'and' 'and_ln416_3' <Predicate = true> <Delay = 0.00> <Core = "LogicGate">   --->   Core 27 'LogicGate' <Latency = 0> <II = 1> <Delay = 0.97> <FuncUnit> <Opcode : 'and' 'or' 'xor'> <InPorts = 2> <OutPorts = 1>
ST_2 : Operation 153 [1/1] (0.00ns) (grouped into LUT with out node select_ln1494_3)   --->   "%select_ln777_3 = select i1 %and_ln416_3, i1 %icmp_ln879_3, i1 %icmp_ln768_3" [firmware/nnet_utils/nnet_activation.h:46]   --->   Operation 153 'select' 'select_ln777_3' <Predicate = true> <Delay = 0.00> <Core = "Sel">   --->   Core 26 'Sel' <Latency = 0> <II = 1> <Delay = 1.24> <FuncUnit> <Opcode : 'select'> <InPorts = 3> <OutPorts = 1>
ST_2 : Operation 154 [1/1] (0.00ns) (grouped into LUT with out node select_ln1494_3)   --->   "%select_ln340_3 = select i1 %select_ln777_3, i8 %add_ln415_3, i8 -1" [firmware/nnet_utils/nnet_activation.h:46]   --->   Operation 154 'select' 'select_ln340_3' <Predicate = true> <Delay = 0.00> <Core = "Sel">   --->   Core 26 'Sel' <Latency = 0> <II = 1> <Delay = 1.24> <FuncUnit> <Opcode : 'select'> <InPorts = 3> <OutPorts = 1>
ST_2 : Operation 155 [1/1] (1.24ns) (out node of the LUT)   --->   "%select_ln1494_3 = select i1 %icmp_ln1494_3, i8 %select_ln340_3, i8 0" [firmware/nnet_utils/nnet_activation.h:45]   --->   Operation 155 'select' 'select_ln1494_3' <Predicate = true> <Delay = 1.24> <Core = "Sel">   --->   Core 26 'Sel' <Latency = 0> <II = 1> <Delay = 1.24> <FuncUnit> <Opcode : 'select'> <InPorts = 3> <OutPorts = 1>
ST_2 : Operation 156 [1/1] (2.44ns)   --->   "%icmp_ln1494_4 = icmp sgt i21 %data_4_V_read_1, 0" [firmware/nnet_utils/nnet_activation.h:45]   --->   Operation 156 'icmp' 'icmp_ln1494_4' <Predicate = true> <Delay = 2.44> <Core = "Cmp">   --->   Core 25 'Cmp' <Latency = 0> <II = 1> <Delay = 1.30> <FuncUnit> <Opcode : 'icmp'> <InPorts = 2> <OutPorts = 1>
ST_2 : Operation 157 [1/1] (0.00ns) (grouped into LUT with out node select_ln1494_4)   --->   "%tmp_32 = call i1 @_ssdm_op_BitSelect.i1.i21.i32(i21 %data_4_V_read_1, i32 16)" [firmware/nnet_utils/nnet_activation.h:46]   --->   Operation 157 'bitselect' 'tmp_32' <Predicate = true> <Delay = 0.00>
ST_2 : Operation 158 [1/1] (0.00ns) (grouped into LUT with out node select_ln1494_4)   --->   "%tmp_34 = call i1 @_ssdm_op_BitSelect.i1.i8.i32(i8 %add_ln415_4, i32 7)" [firmware/nnet_utils/nnet_activation.h:46]   --->   Operation 158 'bitselect' 'tmp_34' <Predicate = true> <Delay = 0.00>
ST_2 : Operation 159 [1/1] (0.00ns) (grouped into LUT with out node select_ln1494_4)   --->   "%xor_ln416_4 = xor i1 %tmp_34, true" [firmware/nnet_utils/nnet_activation.h:46]   --->   Operation 159 'xor' 'xor_ln416_4' <Predicate = true> <Delay = 0.00> <Core = "LogicGate">   --->   Core 27 'LogicGate' <Latency = 0> <II = 1> <Delay = 0.97> <FuncUnit> <Opcode : 'and' 'or' 'xor'> <InPorts = 2> <OutPorts = 1>
ST_2 : Operation 160 [1/1] (0.00ns) (grouped into LUT with out node select_ln1494_4)   --->   "%and_ln416_4 = and i1 %tmp_32, %xor_ln416_4" [firmware/nnet_utils/nnet_activation.h:46]   --->   Operation 160 'and' 'and_ln416_4' <Predicate = true> <Delay = 0.00> <Core = "LogicGate">   --->   Core 27 'LogicGate' <Latency = 0> <II = 1> <Delay = 0.97> <FuncUnit> <Opcode : 'and' 'or' 'xor'> <InPorts = 2> <OutPorts = 1>
ST_2 : Operation 161 [1/1] (0.00ns) (grouped into LUT with out node select_ln1494_4)   --->   "%select_ln777_4 = select i1 %and_ln416_4, i1 %icmp_ln879_4, i1 %icmp_ln768_4" [firmware/nnet_utils/nnet_activation.h:46]   --->   Operation 161 'select' 'select_ln777_4' <Predicate = true> <Delay = 0.00> <Core = "Sel">   --->   Core 26 'Sel' <Latency = 0> <II = 1> <Delay = 1.24> <FuncUnit> <Opcode : 'select'> <InPorts = 3> <OutPorts = 1>
ST_2 : Operation 162 [1/1] (0.00ns) (grouped into LUT with out node select_ln1494_4)   --->   "%select_ln340_4 = select i1 %select_ln777_4, i8 %add_ln415_4, i8 -1" [firmware/nnet_utils/nnet_activation.h:46]   --->   Operation 162 'select' 'select_ln340_4' <Predicate = true> <Delay = 0.00> <Core = "Sel">   --->   Core 26 'Sel' <Latency = 0> <II = 1> <Delay = 1.24> <FuncUnit> <Opcode : 'select'> <InPorts = 3> <OutPorts = 1>
ST_2 : Operation 163 [1/1] (1.24ns) (out node of the LUT)   --->   "%select_ln1494_4 = select i1 %icmp_ln1494_4, i8 %select_ln340_4, i8 0" [firmware/nnet_utils/nnet_activation.h:45]   --->   Operation 163 'select' 'select_ln1494_4' <Predicate = true> <Delay = 1.24> <Core = "Sel">   --->   Core 26 'Sel' <Latency = 0> <II = 1> <Delay = 1.24> <FuncUnit> <Opcode : 'select'> <InPorts = 3> <OutPorts = 1>
ST_2 : Operation 164 [1/1] (2.44ns)   --->   "%icmp_ln1494_5 = icmp sgt i21 %data_5_V_read_1, 0" [firmware/nnet_utils/nnet_activation.h:45]   --->   Operation 164 'icmp' 'icmp_ln1494_5' <Predicate = true> <Delay = 2.44> <Core = "Cmp">   --->   Core 25 'Cmp' <Latency = 0> <II = 1> <Delay = 1.30> <FuncUnit> <Opcode : 'icmp'> <InPorts = 2> <OutPorts = 1>
ST_2 : Operation 165 [1/1] (0.00ns) (grouped into LUT with out node select_ln1494_5)   --->   "%tmp_36 = call i1 @_ssdm_op_BitSelect.i1.i21.i32(i21 %data_5_V_read_1, i32 16)" [firmware/nnet_utils/nnet_activation.h:46]   --->   Operation 165 'bitselect' 'tmp_36' <Predicate = true> <Delay = 0.00>
ST_2 : Operation 166 [1/1] (0.00ns) (grouped into LUT with out node select_ln1494_5)   --->   "%tmp_38 = call i1 @_ssdm_op_BitSelect.i1.i8.i32(i8 %add_ln415_5, i32 7)" [firmware/nnet_utils/nnet_activation.h:46]   --->   Operation 166 'bitselect' 'tmp_38' <Predicate = true> <Delay = 0.00>
ST_2 : Operation 167 [1/1] (0.00ns) (grouped into LUT with out node select_ln1494_5)   --->   "%xor_ln416_5 = xor i1 %tmp_38, true" [firmware/nnet_utils/nnet_activation.h:46]   --->   Operation 167 'xor' 'xor_ln416_5' <Predicate = true> <Delay = 0.00> <Core = "LogicGate">   --->   Core 27 'LogicGate' <Latency = 0> <II = 1> <Delay = 0.97> <FuncUnit> <Opcode : 'and' 'or' 'xor'> <InPorts = 2> <OutPorts = 1>
ST_2 : Operation 168 [1/1] (0.00ns) (grouped into LUT with out node select_ln1494_5)   --->   "%and_ln416_5 = and i1 %tmp_36, %xor_ln416_5" [firmware/nnet_utils/nnet_activation.h:46]   --->   Operation 168 'and' 'and_ln416_5' <Predicate = true> <Delay = 0.00> <Core = "LogicGate">   --->   Core 27 'LogicGate' <Latency = 0> <II = 1> <Delay = 0.97> <FuncUnit> <Opcode : 'and' 'or' 'xor'> <InPorts = 2> <OutPorts = 1>
ST_2 : Operation 169 [1/1] (0.00ns) (grouped into LUT with out node select_ln1494_5)   --->   "%select_ln777_5 = select i1 %and_ln416_5, i1 %icmp_ln879_5, i1 %icmp_ln768_5" [firmware/nnet_utils/nnet_activation.h:46]   --->   Operation 169 'select' 'select_ln777_5' <Predicate = true> <Delay = 0.00> <Core = "Sel">   --->   Core 26 'Sel' <Latency = 0> <II = 1> <Delay = 1.24> <FuncUnit> <Opcode : 'select'> <InPorts = 3> <OutPorts = 1>
ST_2 : Operation 170 [1/1] (0.00ns) (grouped into LUT with out node select_ln1494_5)   --->   "%select_ln340_5 = select i1 %select_ln777_5, i8 %add_ln415_5, i8 -1" [firmware/nnet_utils/nnet_activation.h:46]   --->   Operation 170 'select' 'select_ln340_5' <Predicate = true> <Delay = 0.00> <Core = "Sel">   --->   Core 26 'Sel' <Latency = 0> <II = 1> <Delay = 1.24> <FuncUnit> <Opcode : 'select'> <InPorts = 3> <OutPorts = 1>
ST_2 : Operation 171 [1/1] (1.24ns) (out node of the LUT)   --->   "%select_ln1494_5 = select i1 %icmp_ln1494_5, i8 %select_ln340_5, i8 0" [firmware/nnet_utils/nnet_activation.h:45]   --->   Operation 171 'select' 'select_ln1494_5' <Predicate = true> <Delay = 1.24> <Core = "Sel">   --->   Core 26 'Sel' <Latency = 0> <II = 1> <Delay = 1.24> <FuncUnit> <Opcode : 'select'> <InPorts = 3> <OutPorts = 1>
ST_2 : Operation 172 [1/1] (2.44ns)   --->   "%icmp_ln1494_6 = icmp sgt i21 %data_6_V_read_1, 0" [firmware/nnet_utils/nnet_activation.h:45]   --->   Operation 172 'icmp' 'icmp_ln1494_6' <Predicate = true> <Delay = 2.44> <Core = "Cmp">   --->   Core 25 'Cmp' <Latency = 0> <II = 1> <Delay = 1.30> <FuncUnit> <Opcode : 'icmp'> <InPorts = 2> <OutPorts = 1>
ST_2 : Operation 173 [1/1] (0.00ns) (grouped into LUT with out node select_ln1494_6)   --->   "%tmp_40 = call i1 @_ssdm_op_BitSelect.i1.i21.i32(i21 %data_6_V_read_1, i32 16)" [firmware/nnet_utils/nnet_activation.h:46]   --->   Operation 173 'bitselect' 'tmp_40' <Predicate = true> <Delay = 0.00>
ST_2 : Operation 174 [1/1] (0.00ns) (grouped into LUT with out node select_ln1494_6)   --->   "%tmp_42 = call i1 @_ssdm_op_BitSelect.i1.i8.i32(i8 %add_ln415_6, i32 7)" [firmware/nnet_utils/nnet_activation.h:46]   --->   Operation 174 'bitselect' 'tmp_42' <Predicate = true> <Delay = 0.00>
ST_2 : Operation 175 [1/1] (0.00ns) (grouped into LUT with out node select_ln1494_6)   --->   "%xor_ln416_6 = xor i1 %tmp_42, true" [firmware/nnet_utils/nnet_activation.h:46]   --->   Operation 175 'xor' 'xor_ln416_6' <Predicate = true> <Delay = 0.00> <Core = "LogicGate">   --->   Core 27 'LogicGate' <Latency = 0> <II = 1> <Delay = 0.97> <FuncUnit> <Opcode : 'and' 'or' 'xor'> <InPorts = 2> <OutPorts = 1>
ST_2 : Operation 176 [1/1] (0.00ns) (grouped into LUT with out node select_ln1494_6)   --->   "%and_ln416_6 = and i1 %tmp_40, %xor_ln416_6" [firmware/nnet_utils/nnet_activation.h:46]   --->   Operation 176 'and' 'and_ln416_6' <Predicate = true> <Delay = 0.00> <Core = "LogicGate">   --->   Core 27 'LogicGate' <Latency = 0> <II = 1> <Delay = 0.97> <FuncUnit> <Opcode : 'and' 'or' 'xor'> <InPorts = 2> <OutPorts = 1>
ST_2 : Operation 177 [1/1] (0.00ns) (grouped into LUT with out node select_ln1494_6)   --->   "%select_ln777_6 = select i1 %and_ln416_6, i1 %icmp_ln879_6, i1 %icmp_ln768_6" [firmware/nnet_utils/nnet_activation.h:46]   --->   Operation 177 'select' 'select_ln777_6' <Predicate = true> <Delay = 0.00> <Core = "Sel">   --->   Core 26 'Sel' <Latency = 0> <II = 1> <Delay = 1.24> <FuncUnit> <Opcode : 'select'> <InPorts = 3> <OutPorts = 1>
ST_2 : Operation 178 [1/1] (0.00ns) (grouped into LUT with out node select_ln1494_6)   --->   "%select_ln340_6 = select i1 %select_ln777_6, i8 %add_ln415_6, i8 -1" [firmware/nnet_utils/nnet_activation.h:46]   --->   Operation 178 'select' 'select_ln340_6' <Predicate = true> <Delay = 0.00> <Core = "Sel">   --->   Core 26 'Sel' <Latency = 0> <II = 1> <Delay = 1.24> <FuncUnit> <Opcode : 'select'> <InPorts = 3> <OutPorts = 1>
ST_2 : Operation 179 [1/1] (1.24ns) (out node of the LUT)   --->   "%select_ln1494_6 = select i1 %icmp_ln1494_6, i8 %select_ln340_6, i8 0" [firmware/nnet_utils/nnet_activation.h:45]   --->   Operation 179 'select' 'select_ln1494_6' <Predicate = true> <Delay = 1.24> <Core = "Sel">   --->   Core 26 'Sel' <Latency = 0> <II = 1> <Delay = 1.24> <FuncUnit> <Opcode : 'select'> <InPorts = 3> <OutPorts = 1>
ST_2 : Operation 180 [1/1] (2.44ns)   --->   "%icmp_ln1494_7 = icmp sgt i21 %data_7_V_read_1, 0" [firmware/nnet_utils/nnet_activation.h:45]   --->   Operation 180 'icmp' 'icmp_ln1494_7' <Predicate = true> <Delay = 2.44> <Core = "Cmp">   --->   Core 25 'Cmp' <Latency = 0> <II = 1> <Delay = 1.30> <FuncUnit> <Opcode : 'icmp'> <InPorts = 2> <OutPorts = 1>
ST_2 : Operation 181 [1/1] (0.00ns) (grouped into LUT with out node select_ln1494_7)   --->   "%tmp_44 = call i1 @_ssdm_op_BitSelect.i1.i21.i32(i21 %data_7_V_read_1, i32 16)" [firmware/nnet_utils/nnet_activation.h:46]   --->   Operation 181 'bitselect' 'tmp_44' <Predicate = true> <Delay = 0.00>
ST_2 : Operation 182 [1/1] (0.00ns) (grouped into LUT with out node select_ln1494_7)   --->   "%tmp_46 = call i1 @_ssdm_op_BitSelect.i1.i8.i32(i8 %add_ln415_7, i32 7)" [firmware/nnet_utils/nnet_activation.h:46]   --->   Operation 182 'bitselect' 'tmp_46' <Predicate = true> <Delay = 0.00>
ST_2 : Operation 183 [1/1] (0.00ns) (grouped into LUT with out node select_ln1494_7)   --->   "%xor_ln416_7 = xor i1 %tmp_46, true" [firmware/nnet_utils/nnet_activation.h:46]   --->   Operation 183 'xor' 'xor_ln416_7' <Predicate = true> <Delay = 0.00> <Core = "LogicGate">   --->   Core 27 'LogicGate' <Latency = 0> <II = 1> <Delay = 0.97> <FuncUnit> <Opcode : 'and' 'or' 'xor'> <InPorts = 2> <OutPorts = 1>
ST_2 : Operation 184 [1/1] (0.00ns) (grouped into LUT with out node select_ln1494_7)   --->   "%and_ln416_7 = and i1 %tmp_44, %xor_ln416_7" [firmware/nnet_utils/nnet_activation.h:46]   --->   Operation 184 'and' 'and_ln416_7' <Predicate = true> <Delay = 0.00> <Core = "LogicGate">   --->   Core 27 'LogicGate' <Latency = 0> <II = 1> <Delay = 0.97> <FuncUnit> <Opcode : 'and' 'or' 'xor'> <InPorts = 2> <OutPorts = 1>
ST_2 : Operation 185 [1/1] (0.00ns) (grouped into LUT with out node select_ln1494_7)   --->   "%select_ln777_7 = select i1 %and_ln416_7, i1 %icmp_ln879_7, i1 %icmp_ln768_7" [firmware/nnet_utils/nnet_activation.h:46]   --->   Operation 185 'select' 'select_ln777_7' <Predicate = true> <Delay = 0.00> <Core = "Sel">   --->   Core 26 'Sel' <Latency = 0> <II = 1> <Delay = 1.24> <FuncUnit> <Opcode : 'select'> <InPorts = 3> <OutPorts = 1>
ST_2 : Operation 186 [1/1] (0.00ns) (grouped into LUT with out node select_ln1494_7)   --->   "%select_ln340_7 = select i1 %select_ln777_7, i8 %add_ln415_7, i8 -1" [firmware/nnet_utils/nnet_activation.h:46]   --->   Operation 186 'select' 'select_ln340_7' <Predicate = true> <Delay = 0.00> <Core = "Sel">   --->   Core 26 'Sel' <Latency = 0> <II = 1> <Delay = 1.24> <FuncUnit> <Opcode : 'select'> <InPorts = 3> <OutPorts = 1>
ST_2 : Operation 187 [1/1] (1.24ns) (out node of the LUT)   --->   "%select_ln1494_7 = select i1 %icmp_ln1494_7, i8 %select_ln340_7, i8 0" [firmware/nnet_utils/nnet_activation.h:45]   --->   Operation 187 'select' 'select_ln1494_7' <Predicate = true> <Delay = 1.24> <Core = "Sel">   --->   Core 26 'Sel' <Latency = 0> <II = 1> <Delay = 1.24> <FuncUnit> <Opcode : 'select'> <InPorts = 3> <OutPorts = 1>
ST_2 : Operation 188 [1/1] (0.00ns)   --->   "%mrv = insertvalue { i8, i8, i8, i8, i8, i8, i8, i8 } undef, i8 %select_ln1494, 0" [firmware/nnet_utils/nnet_activation.h:50]   --->   Operation 188 'insertvalue' 'mrv' <Predicate = true> <Delay = 0.00>
ST_2 : Operation 189 [1/1] (0.00ns)   --->   "%mrv_1 = insertvalue { i8, i8, i8, i8, i8, i8, i8, i8 } %mrv, i8 %select_ln1494_1, 1" [firmware/nnet_utils/nnet_activation.h:50]   --->   Operation 189 'insertvalue' 'mrv_1' <Predicate = true> <Delay = 0.00>
ST_2 : Operation 190 [1/1] (0.00ns)   --->   "%mrv_2 = insertvalue { i8, i8, i8, i8, i8, i8, i8, i8 } %mrv_1, i8 %select_ln1494_2, 2" [firmware/nnet_utils/nnet_activation.h:50]   --->   Operation 190 'insertvalue' 'mrv_2' <Predicate = true> <Delay = 0.00>
ST_2 : Operation 191 [1/1] (0.00ns)   --->   "%mrv_3 = insertvalue { i8, i8, i8, i8, i8, i8, i8, i8 } %mrv_2, i8 %select_ln1494_3, 3" [firmware/nnet_utils/nnet_activation.h:50]   --->   Operation 191 'insertvalue' 'mrv_3' <Predicate = true> <Delay = 0.00>
ST_2 : Operation 192 [1/1] (0.00ns)   --->   "%mrv_4 = insertvalue { i8, i8, i8, i8, i8, i8, i8, i8 } %mrv_3, i8 %select_ln1494_4, 4" [firmware/nnet_utils/nnet_activation.h:50]   --->   Operation 192 'insertvalue' 'mrv_4' <Predicate = true> <Delay = 0.00>
ST_2 : Operation 193 [1/1] (0.00ns)   --->   "%mrv_5 = insertvalue { i8, i8, i8, i8, i8, i8, i8, i8 } %mrv_4, i8 %select_ln1494_5, 5" [firmware/nnet_utils/nnet_activation.h:50]   --->   Operation 193 'insertvalue' 'mrv_5' <Predicate = true> <Delay = 0.00>
ST_2 : Operation 194 [1/1] (0.00ns)   --->   "%mrv_6 = insertvalue { i8, i8, i8, i8, i8, i8, i8, i8 } %mrv_5, i8 %select_ln1494_6, 6" [firmware/nnet_utils/nnet_activation.h:50]   --->   Operation 194 'insertvalue' 'mrv_6' <Predicate = true> <Delay = 0.00>
ST_2 : Operation 195 [1/1] (0.00ns)   --->   "%mrv_7 = insertvalue { i8, i8, i8, i8, i8, i8, i8, i8 } %mrv_6, i8 %select_ln1494_7, 7" [firmware/nnet_utils/nnet_activation.h:50]   --->   Operation 195 'insertvalue' 'mrv_7' <Predicate = true> <Delay = 0.00>
ST_2 : Operation 196 [1/1] (0.00ns)   --->   "ret { i8, i8, i8, i8, i8, i8, i8, i8 } %mrv_7" [firmware/nnet_utils/nnet_activation.h:50]   --->   Operation 196 'ret' <Predicate = true> <Delay = 0.00>


============================================================
+ Verbose Summary: Timing violations
============================================================
Target clock period: 5ns, clock uncertainty: 0.625ns.

 <State 1>: 3.47ns
The critical path consists of the following:
	wire read on port 'data_7_V_read' (firmware/nnet_utils/nnet_activation.h:39) [9]  (0 ns)
	'or' operation ('or_ln412_14', firmware/nnet_utils/nnet_activation.h:46) [177]  (0 ns)
	'icmp' operation ('icmp_ln412_7', firmware/nnet_utils/nnet_activation.h:46) [180]  (1.55 ns)
	'and' operation ('and_ln415_7', firmware/nnet_utils/nnet_activation.h:46) [182]  (0 ns)
	'add' operation ('add_ln415_7', firmware/nnet_utils/nnet_activation.h:46) [184]  (1.92 ns)

 <State 2>: 3.69ns
The critical path consists of the following:
	'icmp' operation ('icmp_ln1494', firmware/nnet_utils/nnet_activation.h:45) [18]  (2.44 ns)
	'select' operation ('res[0].V', firmware/nnet_utils/nnet_activation.h:45) [39]  (1.25 ns)


============================================================
+ Verbose Summary: Binding
============================================================
N/A
* FSMD analyzer results:
  - Output states:
 - Input state : 
  - Chain level:
	State 1
	State 2


============================================================
+ Verbose Summary: Datapath Resource usage 
============================================================
N/A
