

================================================================
== Vivado HLS Report for 'dense_resource_rf_leq_nin_ap_fixed_ap_fixed_config2_0_0_0_0_0_0_0_0_0'
================================================================
* Date:           Wed May 20 11:15:35 2026

* Version:        2020.1 (Build 2897737 on Wed May 27 20:21:37 MDT 2020)
* Project:        myproject_prj
* Solution:       solution1
* Product family: zynq
* Target device:  xc7z020-clg400-1


================================================================
== Performance Estimates
================================================================
+ Timing: 
    * Summary: 
    +--------+---------+----------+------------+
    |  Clock |  Target | Estimated| Uncertainty|
    +--------+---------+----------+------------+
    |ap_clk  | 5.00 ns | 3.895 ns |   0.62 ns  |
    +--------+---------+----------+------------+

+ Latency: 
    * Summary: 
    +---------+---------+----------+----------+-----+-----+---------------------------------------------+
    |  Latency (cycles) |  Latency (absolute) |  Interval |                   Pipeline                  |
    |   min   |   max   |    min   |    max   | min | max |                     Type                    |
    +---------+---------+----------+----------+-----+-----+---------------------------------------------+
    |       24|       25| 0.120 us | 0.125 us |   14|   14| loop rewind(delay=0 initiation interval(s)) |
    +---------+---------+----------+----------+-----+-----+---------------------------------------------+

    + Detail: 
        * Instance: 
        N/A

        * Loop: 
        +-------------+---------+---------+----------+-----------+-----------+------+----------+
        |             |  Latency (cycles) | Iteration|  Initiation Interval  | Trip |          |
        |  Loop Name  |   min   |   max   |  Latency |  achieved |   target  | Count| Pipelined|
        +-------------+---------+---------+----------+-----------+-----------+------+----------+
        |- ReuseLoop  |       24|       24|        12|          1|          1|    14|    yes   |
        +-------------+---------+---------+----------+-----------+-----------+------+----------+

============================================================
+ Verbose Summary: Synthesis Manager
============================================================
InlineROM: 1
ExposeGlobal: 0
============================================================
+ Verbose Summary: CDFG Model
============================================================
IsTopModel: 0
ResetActiveHigh: 1
IsCombinational: 2
IsDatapathOnly: 0
HasWiredReturn: 1
HasMFsm: 0
HasVarLatency: 1
IsPipeline: 0
IsRtlPipelined: 0
IsInstanceOverlapped: 0
IsDontTouch: 0
HasImplIP: 0
IsGatedGlobalClock: 0

+ Individual pipeline summary: 
  * Pipeline-0: initiation interval (II) = 1, depth = 12


============================================================
+ Verbose Summary: Schedule
============================================================
* Number of FSM states : 13
* Pipeline : 1
  Pipeline-0 : II = 1, D = 12, States = { 2 3 4 5 6 7 8 9 10 11 12 13 }
* Dataflow Pipeline: 0

* FSM state transitions: 
1 --> 2 
2 --> 3 
3 --> 4 
4 --> 5 
5 --> 6 
6 --> 7 
7 --> 8 
8 --> 9 
9 --> 10 
10 --> 11 
11 --> 12 
12 --> 13 
13 --> 2 

* FSM state operations: 

State 1 <SV = 0> <Delay = 1.76>
ST_1 : Operation 14 [1/1] (0.00ns)   --->   "%tmp = call i32 (...)* @_ssdm_op_SpecRegionBegin([12 x i8]* @p_str27)" [firmware/nnet_utils/nnet_dense_resource.h:32]   --->   Operation 14 'specregionbegin' 'tmp' <Predicate = true> <Delay = 0.00>
ST_1 : Operation 15 [1/1] (1.76ns)   --->   "br label %rewind_header" [firmware/nnet_utils/nnet_dense_resource.h:46]   --->   Operation 15 'br' <Predicate = true> <Delay = 1.76>

State 2 <SV = 1> <Delay = 3.83>
ST_2 : Operation 16 [1/1] (0.00ns)   --->   "%w_index19 = phi i4 [ 0, %hls_label_0_begin ], [ %w_index, %ReuseLoop ], [ 0, %.preheader.0 ]"   --->   Operation 16 'phi' 'w_index19' <Predicate = true> <Delay = 0.00>
ST_2 : Operation 17 [1/1] (0.00ns)   --->   "%data_V_read = call i224 @_ssdm_op_Read.ap_auto.i224P(i224* %data_V)" [firmware/nnet_utils/nnet_dense_resource.h:59]   --->   Operation 17 'read' 'data_V_read' <Predicate = true> <Delay = 0.00>
ST_2 : Operation 18 [1/1] (0.00ns)   --->   "%tmp_10 = call i8 @_ssdm_op_BitConcatenate.i8.i4.i4(i4 %w_index19, i4 0)" [firmware/nnet_utils/nnet_dense_resource.h:46]   --->   Operation 18 'bitconcatenate' 'tmp_10' <Predicate = true> <Delay = 0.00>
ST_2 : Operation 19 [1/1] (0.00ns)   --->   "%empty = or i8 %tmp_10, 15" [firmware/nnet_utils/nnet_dense_resource.h:46]   --->   Operation 19 'or' 'empty' <Predicate = true> <Delay = 0.00>
ST_2 : Operation 20 [1/1] (1.55ns)   --->   "%icmp_ln59 = icmp ugt i8 %tmp_10, %empty" [firmware/nnet_utils/nnet_dense_resource.h:59]   --->   Operation 20 'icmp' 'icmp_ln59' <Predicate = true> <Delay = 1.55> <Core = "Cmp">   --->   Core 25 'Cmp' <Latency = 0> <II = 1> <Delay = 1.30> <FuncUnit> <Opcode : 'icmp'> <InPorts = 2> <OutPorts = 1>
ST_2 : Operation 21 [1/1] (0.00ns)   --->   "%tmp_123 = call i224 @llvm.part.select.i224(i224 %data_V_read, i32 223, i32 0)" [firmware/nnet_utils/nnet_dense_resource.h:59]   --->   Operation 21 'partselect' 'tmp_123' <Predicate = true> <Delay = 0.00>
ST_2 : Operation 22 [1/1] (1.91ns)   --->   "%sub_ln59 = sub i8 %tmp_10, %empty" [firmware/nnet_utils/nnet_dense_resource.h:59]   --->   Operation 22 'sub' 'sub_ln59' <Predicate = true> <Delay = 1.91> <Core = "AddSub">   --->   Core 14 'AddSub' <Latency = 0> <II = 1> <Delay = 1.73> <FuncUnit> <Opcode : 'add' 'sub'> <InPorts = 2> <OutPorts = 1>
ST_2 : Operation 23 [1/1] (1.91ns)   --->   "%sub_ln59_1 = sub i8 -33, %tmp_10" [firmware/nnet_utils/nnet_dense_resource.h:59]   --->   Operation 23 'sub' 'sub_ln59_1' <Predicate = true> <Delay = 1.91> <Core = "AddSub">   --->   Core 14 'AddSub' <Latency = 0> <II = 1> <Delay = 1.73> <FuncUnit> <Opcode : 'add' 'sub'> <InPorts = 2> <OutPorts = 1>
ST_2 : Operation 24 [1/1] (1.91ns)   --->   "%sub_ln59_2 = sub i8 %empty, %tmp_10" [firmware/nnet_utils/nnet_dense_resource.h:59]   --->   Operation 24 'sub' 'sub_ln59_2' <Predicate = true> <Delay = 1.91> <Core = "AddSub">   --->   Core 14 'AddSub' <Latency = 0> <II = 1> <Delay = 1.73> <FuncUnit> <Opcode : 'add' 'sub'> <InPorts = 2> <OutPorts = 1>
ST_2 : Operation 25 [1/1] (0.00ns) (grouped into LUT with out node sub_ln59_3)   --->   "%select_ln59 = select i1 %icmp_ln59, i8 %sub_ln59, i8 %sub_ln59_2" [firmware/nnet_utils/nnet_dense_resource.h:59]   --->   Operation 25 'select' 'select_ln59' <Predicate = true> <Delay = 0.00> <Core = "Sel">   --->   Core 26 'Sel' <Latency = 0> <II = 1> <Delay = 1.24> <FuncUnit> <Opcode : 'select'> <InPorts = 3> <OutPorts = 1>
ST_2 : Operation 26 [1/1] (1.52ns)   --->   "%select_ln59_1 = select i1 %icmp_ln59, i224 %tmp_123, i224 %data_V_read" [firmware/nnet_utils/nnet_dense_resource.h:59]   --->   Operation 26 'select' 'select_ln59_1' <Predicate = true> <Delay = 1.52> <Core = "Sel">   --->   Core 26 'Sel' <Latency = 0> <II = 1> <Delay = 1.24> <FuncUnit> <Opcode : 'select'> <InPorts = 3> <OutPorts = 1>
ST_2 : Operation 27 [1/1] (1.24ns)   --->   "%select_ln59_2 = select i1 %icmp_ln59, i8 %sub_ln59_1, i8 %tmp_10" [firmware/nnet_utils/nnet_dense_resource.h:59]   --->   Operation 27 'select' 'select_ln59_2' <Predicate = true> <Delay = 1.24> <Core = "Sel">   --->   Core 26 'Sel' <Latency = 0> <II = 1> <Delay = 1.24> <FuncUnit> <Opcode : 'select'> <InPorts = 3> <OutPorts = 1>
ST_2 : Operation 28 [1/1] (1.91ns) (out node of the LUT)   --->   "%sub_ln59_3 = sub i8 -33, %select_ln59" [firmware/nnet_utils/nnet_dense_resource.h:59]   --->   Operation 28 'sub' 'sub_ln59_3' <Predicate = true> <Delay = 1.91> <Core = "AddSub">   --->   Core 14 'AddSub' <Latency = 0> <II = 1> <Delay = 1.73> <FuncUnit> <Opcode : 'add' 'sub'> <InPorts = 2> <OutPorts = 1>
ST_2 : Operation 29 [1/1] (1.73ns)   --->   "%w_index = add i4 1, %w_index19" [firmware/nnet_utils/nnet_dense_resource.h:46]   --->   Operation 29 'add' 'w_index' <Predicate = true> <Delay = 1.73> <Core = "AddSub">   --->   Core 14 'AddSub' <Latency = 0> <II = 1> <Delay = 1.73> <FuncUnit> <Opcode : 'add' 'sub'> <InPorts = 2> <OutPorts = 1>
ST_2 : Operation 30 [1/1] (1.30ns)   --->   "%icmp_ln46 = icmp eq i4 %w_index19, -3" [firmware/nnet_utils/nnet_dense_resource.h:46]   --->   Operation 30 'icmp' 'icmp_ln46' <Predicate = true> <Delay = 1.30> <Core = "Cmp">   --->   Core 25 'Cmp' <Latency = 0> <II = 1> <Delay = 1.30> <FuncUnit> <Opcode : 'icmp'> <InPorts = 2> <OutPorts = 1>
ST_2 : Operation 31 [1/1] (0.00ns)   --->   "br label %rewind_header" [firmware/nnet_utils/nnet_dense_resource.h:84]   --->   Operation 31 'br' <Predicate = (icmp_ln46)> <Delay = 0.00>

State 3 <SV = 2> <Delay = 3.89>
ST_3 : Operation 32 [1/1] (0.00ns)   --->   "%zext_ln59_1 = zext i8 %select_ln59_2 to i224" [firmware/nnet_utils/nnet_dense_resource.h:59]   --->   Operation 32 'zext' 'zext_ln59_1' <Predicate = true> <Delay = 0.00>
ST_3 : Operation 33 [6/6] (3.89ns)   --->   "%lshr_ln59 = lshr i224 %select_ln59_1, %zext_ln59_1" [firmware/nnet_utils/nnet_dense_resource.h:59]   --->   Operation 33 'lshr' 'lshr_ln59' <Predicate = true> <Delay = 3.89> <Core = "ShiftnS">   --->   Core 29 'ShiftnS' <Latency = 5> <II = 1> <Delay = 3.89> <FuncUnit> <Opcode : 'shl' 'lshr' 'ashr'> <InPorts = 2> <OutPorts = 1>

State 4 <SV = 3> <Delay = 3.89>
ST_4 : Operation 34 [5/6] (3.89ns)   --->   "%lshr_ln59 = lshr i224 %select_ln59_1, %zext_ln59_1" [firmware/nnet_utils/nnet_dense_resource.h:59]   --->   Operation 34 'lshr' 'lshr_ln59' <Predicate = true> <Delay = 3.89> <Core = "ShiftnS">   --->   Core 29 'ShiftnS' <Latency = 5> <II = 1> <Delay = 3.89> <FuncUnit> <Opcode : 'shl' 'lshr' 'ashr'> <InPorts = 2> <OutPorts = 1>

State 5 <SV = 4> <Delay = 3.89>
ST_5 : Operation 35 [4/6] (3.89ns)   --->   "%lshr_ln59 = lshr i224 %select_ln59_1, %zext_ln59_1" [firmware/nnet_utils/nnet_dense_resource.h:59]   --->   Operation 35 'lshr' 'lshr_ln59' <Predicate = true> <Delay = 3.89> <Core = "ShiftnS">   --->   Core 29 'ShiftnS' <Latency = 5> <II = 1> <Delay = 3.89> <FuncUnit> <Opcode : 'shl' 'lshr' 'ashr'> <InPorts = 2> <OutPorts = 1>

State 6 <SV = 5> <Delay = 3.89>
ST_6 : Operation 36 [3/6] (3.89ns)   --->   "%lshr_ln59 = lshr i224 %select_ln59_1, %zext_ln59_1" [firmware/nnet_utils/nnet_dense_resource.h:59]   --->   Operation 36 'lshr' 'lshr_ln59' <Predicate = true> <Delay = 3.89> <Core = "ShiftnS">   --->   Core 29 'ShiftnS' <Latency = 5> <II = 1> <Delay = 3.89> <FuncUnit> <Opcode : 'shl' 'lshr' 'ashr'> <InPorts = 2> <OutPorts = 1>

State 7 <SV = 6> <Delay = 3.89>
ST_7 : Operation 37 [2/6] (3.89ns)   --->   "%lshr_ln59 = lshr i224 %select_ln59_1, %zext_ln59_1" [firmware/nnet_utils/nnet_dense_resource.h:59]   --->   Operation 37 'lshr' 'lshr_ln59' <Predicate = true> <Delay = 3.89> <Core = "ShiftnS">   --->   Core 29 'ShiftnS' <Latency = 5> <II = 1> <Delay = 3.89> <FuncUnit> <Opcode : 'shl' 'lshr' 'ashr'> <InPorts = 2> <OutPorts = 1>

State 8 <SV = 7> <Delay = 3.89>
ST_8 : Operation 38 [1/6] (3.89ns)   --->   "%lshr_ln59 = lshr i224 %select_ln59_1, %zext_ln59_1" [firmware/nnet_utils/nnet_dense_resource.h:59]   --->   Operation 38 'lshr' 'lshr_ln59' <Predicate = true> <Delay = 3.89> <Core = "ShiftnS">   --->   Core 29 'ShiftnS' <Latency = 5> <II = 1> <Delay = 3.89> <FuncUnit> <Opcode : 'shl' 'lshr' 'ashr'> <InPorts = 2> <OutPorts = 1>
ST_8 : Operation 39 [1/1] (0.00ns)   --->   "%zext_ln59 = zext i4 %w_index19 to i64" [firmware/nnet_utils/nnet_dense_resource.h:59]   --->   Operation 39 'zext' 'zext_ln59' <Predicate = true> <Delay = 0.00>
ST_8 : Operation 40 [1/1] (0.00ns)   --->   "%w2_V_addr = getelementptr [14 x i62]* @w2_V, i64 0, i64 %zext_ln59" [firmware/nnet_utils/nnet_dense_resource.h:59]   --->   Operation 40 'getelementptr' 'w2_V_addr' <Predicate = true> <Delay = 0.00>
ST_8 : Operation 41 [2/2] (3.25ns)   --->   "%w2_V_load = load i62* %w2_V_addr, align 8" [firmware/nnet_utils/nnet_dense_resource.h:59]   --->   Operation 41 'load' 'w2_V_load' <Predicate = true> <Delay = 3.25> <Core = "ROM_nP_BRAM">   --->   Core 55 'ROM_nP_BRAM' <Latency = 1> <II = 1> <Delay = 3.25> <Storage> <Opcode : 'load'> <Ports = 0> <Width = 62> <Depth = 14> <ROM>

State 9 <SV = 8> <Delay = 3.25>
ST_9 : Operation 42 [1/1] (0.00ns) (grouped into LUT with out node and_ln59)   --->   "%zext_ln59_2 = zext i8 %sub_ln59_3 to i224" [firmware/nnet_utils/nnet_dense_resource.h:59]   --->   Operation 42 'zext' 'zext_ln59_2' <Predicate = true> <Delay = 0.00>
ST_9 : Operation 43 [1/1] (0.00ns) (grouped into LUT with out node and_ln59)   --->   "%lshr_ln59_1 = lshr i224 -1, %zext_ln59_2" [firmware/nnet_utils/nnet_dense_resource.h:59]   --->   Operation 43 'lshr' 'lshr_ln59_1' <Predicate = true> <Delay = 0.00> <Core = "Shift">   --->   Core 28 'Shift' <Latency = 0> <II = 1> <Delay = 3.14> <FuncUnit> <Opcode : 'shl' 'lshr' 'ashr'> <InPorts = 2> <OutPorts = 1>
ST_9 : Operation 44 [1/1] (3.14ns) (out node of the LUT)   --->   "%and_ln59 = and i224 %lshr_ln59, %lshr_ln59_1" [firmware/nnet_utils/nnet_dense_resource.h:59]   --->   Operation 44 'and' 'and_ln59' <Predicate = true> <Delay = 3.14> <Core = "LogicGate">   --->   Core 27 'LogicGate' <Latency = 0> <II = 1> <Delay = 1.03> <FuncUnit> <Opcode : 'and' 'or' 'xor'> <InPorts = 2> <OutPorts = 1>
ST_9 : Operation 45 [1/1] (0.00ns)   --->   "%trunc_ln59 = trunc i224 %and_ln59 to i16" [firmware/nnet_utils/nnet_dense_resource.h:59]   --->   Operation 45 'trunc' 'trunc_ln59' <Predicate = true> <Delay = 0.00>
ST_9 : Operation 46 [1/2] (3.25ns)   --->   "%w2_V_load = load i62* %w2_V_addr, align 8" [firmware/nnet_utils/nnet_dense_resource.h:59]   --->   Operation 46 'load' 'w2_V_load' <Predicate = true> <Delay = 3.25> <Core = "ROM_nP_BRAM">   --->   Core 55 'ROM_nP_BRAM' <Latency = 1> <II = 1> <Delay = 3.25> <Storage> <Opcode : 'load'> <Ports = 0> <Width = 62> <Depth = 14> <ROM>
ST_9 : Operation 47 [1/1] (0.00ns)   --->   "%trunc_ln59_1 = trunc i62 %w2_V_load to i8" [firmware/nnet_utils/nnet_dense_resource.h:59]   --->   Operation 47 'trunc' 'trunc_ln59_1' <Predicate = true> <Delay = 0.00>
ST_9 : Operation 48 [1/1] (0.00ns)   --->   "%tmp_4 = call i8 @_ssdm_op_PartSelect.i8.i62.i32.i32(i62 %w2_V_load, i32 8, i32 15)" [firmware/nnet_utils/nnet_dense_resource.h:59]   --->   Operation 48 'partselect' 'tmp_4' <Predicate = true> <Delay = 0.00>
ST_9 : Operation 49 [1/1] (0.00ns)   --->   "%tmp_5 = call i8 @_ssdm_op_PartSelect.i8.i62.i32.i32(i62 %w2_V_load, i32 16, i32 23)" [firmware/nnet_utils/nnet_dense_resource.h:59]   --->   Operation 49 'partselect' 'tmp_5' <Predicate = true> <Delay = 0.00>
ST_9 : Operation 50 [1/1] (0.00ns)   --->   "%tmp_6 = call i8 @_ssdm_op_PartSelect.i8.i62.i32.i32(i62 %w2_V_load, i32 24, i32 31)" [firmware/nnet_utils/nnet_dense_resource.h:59]   --->   Operation 50 'partselect' 'tmp_6' <Predicate = true> <Delay = 0.00>
ST_9 : Operation 51 [1/1] (0.00ns)   --->   "%tmp_7 = call i8 @_ssdm_op_PartSelect.i8.i62.i32.i32(i62 %w2_V_load, i32 32, i32 39)" [firmware/nnet_utils/nnet_dense_resource.h:59]   --->   Operation 51 'partselect' 'tmp_7' <Predicate = true> <Delay = 0.00>
ST_9 : Operation 52 [1/1] (0.00ns)   --->   "%tmp_8 = call i8 @_ssdm_op_PartSelect.i8.i62.i32.i32(i62 %w2_V_load, i32 40, i32 47)" [firmware/nnet_utils/nnet_dense_resource.h:59]   --->   Operation 52 'partselect' 'tmp_8' <Predicate = true> <Delay = 0.00>
ST_9 : Operation 53 [1/1] (0.00ns)   --->   "%tmp_9 = call i8 @_ssdm_op_PartSelect.i8.i62.i32.i32(i62 %w2_V_load, i32 48, i32 55)" [firmware/nnet_utils/nnet_dense_resource.h:59]   --->   Operation 53 'partselect' 'tmp_9' <Predicate = true> <Delay = 0.00>
ST_9 : Operation 54 [1/1] (0.00ns)   --->   "%tmp_s = call i6 @_ssdm_op_PartSelect.i6.i62.i32.i32(i62 %w2_V_load, i32 56, i32 61)" [firmware/nnet_utils/nnet_dense_resource.h:59]   --->   Operation 54 'partselect' 'tmp_s' <Predicate = true> <Delay = 0.00>

State 10 <SV = 9> <Delay = 3.89>
ST_10 : Operation 55 [1/1] (0.00ns)   --->   "%sext_ln1116_cast = sext i16 %trunc_ln59 to i21" [firmware/nnet_utils/nnet_dense_resource.h:59]   --->   Operation 55 'sext' 'sext_ln1116_cast' <Predicate = true> <Delay = 0.00>
ST_10 : Operation 56 [1/1] (0.00ns)   --->   "%sext_ln1118 = sext i8 %trunc_ln59_1 to i21" [firmware/nnet_utils/nnet_mult.h:73->firmware/nnet_utils/nnet_dense_resource.h:59]   --->   Operation 56 'sext' 'sext_ln1118' <Predicate = true> <Delay = 0.00>
ST_10 : Operation 57 [3/3] (3.89ns) (root node of the DSP)   --->   "%mul_ln1118 = mul i21 %sext_ln1116_cast, %sext_ln1118" [firmware/nnet_utils/nnet_mult.h:73->firmware/nnet_utils/nnet_dense_resource.h:59]   --->   Operation 57 'mul' 'mul_ln1118' <Predicate = true> <Delay = 3.89> <Core = "DSP48">   --->   Core 88 'DSP48' <Latency = 2> <II = 1> <Delay = 3.89> <IPBlock> <Opcode : 'mul' 'add' 'sub' 'select'> <InPorts = 0> <OutPorts = 1> <Sync> <CReg>
ST_10 : Operation 58 [1/1] (0.00ns)   --->   "%sext_ln1118_1 = sext i8 %tmp_4 to i21" [firmware/nnet_utils/nnet_mult.h:73->firmware/nnet_utils/nnet_dense_resource.h:59]   --->   Operation 58 'sext' 'sext_ln1118_1' <Predicate = true> <Delay = 0.00>
ST_10 : Operation 59 [3/3] (3.89ns) (root node of the DSP)   --->   "%mul_ln1118_1 = mul i21 %sext_ln1116_cast, %sext_ln1118_1" [firmware/nnet_utils/nnet_mult.h:73->firmware/nnet_utils/nnet_dense_resource.h:59]   --->   Operation 59 'mul' 'mul_ln1118_1' <Predicate = true> <Delay = 3.89> <Core = "DSP48">   --->   Core 88 'DSP48' <Latency = 2> <II = 1> <Delay = 3.89> <IPBlock> <Opcode : 'mul' 'add' 'sub' 'select'> <InPorts = 0> <OutPorts = 1> <Sync> <CReg>
ST_10 : Operation 60 [1/1] (0.00ns)   --->   "%sext_ln1118_2 = sext i8 %tmp_5 to i21" [firmware/nnet_utils/nnet_mult.h:73->firmware/nnet_utils/nnet_dense_resource.h:59]   --->   Operation 60 'sext' 'sext_ln1118_2' <Predicate = true> <Delay = 0.00>
ST_10 : Operation 61 [3/3] (3.89ns) (root node of the DSP)   --->   "%mul_ln1118_2 = mul i21 %sext_ln1116_cast, %sext_ln1118_2" [firmware/nnet_utils/nnet_mult.h:73->firmware/nnet_utils/nnet_dense_resource.h:59]   --->   Operation 61 'mul' 'mul_ln1118_2' <Predicate = true> <Delay = 3.89> <Core = "DSP48">   --->   Core 88 'DSP48' <Latency = 2> <II = 1> <Delay = 3.89> <IPBlock> <Opcode : 'mul' 'add' 'sub' 'select'> <InPorts = 0> <OutPorts = 1> <Sync> <CReg>
ST_10 : Operation 62 [1/1] (0.00ns)   --->   "%sext_ln1118_3 = sext i8 %tmp_6 to i21" [firmware/nnet_utils/nnet_mult.h:73->firmware/nnet_utils/nnet_dense_resource.h:59]   --->   Operation 62 'sext' 'sext_ln1118_3' <Predicate = true> <Delay = 0.00>
ST_10 : Operation 63 [3/3] (3.89ns) (root node of the DSP)   --->   "%mul_ln1118_3 = mul i21 %sext_ln1116_cast, %sext_ln1118_3" [firmware/nnet_utils/nnet_mult.h:73->firmware/nnet_utils/nnet_dense_resource.h:59]   --->   Operation 63 'mul' 'mul_ln1118_3' <Predicate = true> <Delay = 3.89> <Core = "DSP48">   --->   Core 88 'DSP48' <Latency = 2> <II = 1> <Delay = 3.89> <IPBlock> <Opcode : 'mul' 'add' 'sub' 'select'> <InPorts = 0> <OutPorts = 1> <Sync> <CReg>
ST_10 : Operation 64 [1/1] (0.00ns)   --->   "%sext_ln1118_4 = sext i8 %tmp_7 to i21" [firmware/nnet_utils/nnet_mult.h:73->firmware/nnet_utils/nnet_dense_resource.h:59]   --->   Operation 64 'sext' 'sext_ln1118_4' <Predicate = true> <Delay = 0.00>
ST_10 : Operation 65 [3/3] (3.89ns) (root node of the DSP)   --->   "%mul_ln1118_4 = mul i21 %sext_ln1116_cast, %sext_ln1118_4" [firmware/nnet_utils/nnet_mult.h:73->firmware/nnet_utils/nnet_dense_resource.h:59]   --->   Operation 65 'mul' 'mul_ln1118_4' <Predicate = true> <Delay = 3.89> <Core = "DSP48">   --->   Core 88 'DSP48' <Latency = 2> <II = 1> <Delay = 3.89> <IPBlock> <Opcode : 'mul' 'add' 'sub' 'select'> <InPorts = 0> <OutPorts = 1> <Sync> <CReg>
ST_10 : Operation 66 [1/1] (0.00ns)   --->   "%sext_ln1118_5 = sext i8 %tmp_8 to i21" [firmware/nnet_utils/nnet_mult.h:73->firmware/nnet_utils/nnet_dense_resource.h:59]   --->   Operation 66 'sext' 'sext_ln1118_5' <Predicate = true> <Delay = 0.00>
ST_10 : Operation 67 [3/3] (3.89ns) (root node of the DSP)   --->   "%mul_ln1118_5 = mul i21 %sext_ln1116_cast, %sext_ln1118_5" [firmware/nnet_utils/nnet_mult.h:73->firmware/nnet_utils/nnet_dense_resource.h:59]   --->   Operation 67 'mul' 'mul_ln1118_5' <Predicate = true> <Delay = 3.89> <Core = "DSP48">   --->   Core 88 'DSP48' <Latency = 2> <II = 1> <Delay = 3.89> <IPBlock> <Opcode : 'mul' 'add' 'sub' 'select'> <InPorts = 0> <OutPorts = 1> <Sync> <CReg>
ST_10 : Operation 68 [1/1] (0.00ns)   --->   "%sext_ln1118_6 = sext i8 %tmp_9 to i21" [firmware/nnet_utils/nnet_mult.h:73->firmware/nnet_utils/nnet_dense_resource.h:59]   --->   Operation 68 'sext' 'sext_ln1118_6' <Predicate = true> <Delay = 0.00>
ST_10 : Operation 69 [3/3] (3.89ns) (root node of the DSP)   --->   "%mul_ln1118_6 = mul i21 %sext_ln1116_cast, %sext_ln1118_6" [firmware/nnet_utils/nnet_mult.h:73->firmware/nnet_utils/nnet_dense_resource.h:59]   --->   Operation 69 'mul' 'mul_ln1118_6' <Predicate = true> <Delay = 3.89> <Core = "DSP48">   --->   Core 88 'DSP48' <Latency = 2> <II = 1> <Delay = 3.89> <IPBlock> <Opcode : 'mul' 'add' 'sub' 'select'> <InPorts = 0> <OutPorts = 1> <Sync> <CReg>
ST_10 : Operation 70 [1/1] (0.00ns)   --->   "%sext_ln1118_7 = sext i6 %tmp_s to i21" [firmware/nnet_utils/nnet_mult.h:73->firmware/nnet_utils/nnet_dense_resource.h:59]   --->   Operation 70 'sext' 'sext_ln1118_7' <Predicate = true> <Delay = 0.00>
ST_10 : Operation 71 [3/3] (3.89ns) (root node of the DSP)   --->   "%mul_ln1118_7 = mul i21 %sext_ln1116_cast, %sext_ln1118_7" [firmware/nnet_utils/nnet_mult.h:73->firmware/nnet_utils/nnet_dense_resource.h:59]   --->   Operation 71 'mul' 'mul_ln1118_7' <Predicate = true> <Delay = 3.89> <Core = "DSP48">   --->   Core 88 'DSP48' <Latency = 2> <II = 1> <Delay = 3.89> <IPBlock> <Opcode : 'mul' 'add' 'sub' 'select'> <InPorts = 0> <OutPorts = 1> <Sync> <CReg>

State 11 <SV = 10> <Delay = 3.89>
ST_11 : Operation 72 [2/3] (3.89ns) (root node of the DSP)   --->   "%mul_ln1118 = mul i21 %sext_ln1116_cast, %sext_ln1118" [firmware/nnet_utils/nnet_mult.h:73->firmware/nnet_utils/nnet_dense_resource.h:59]   --->   Operation 72 'mul' 'mul_ln1118' <Predicate = true> <Delay = 3.89> <Core = "DSP48">   --->   Core 88 'DSP48' <Latency = 2> <II = 1> <Delay = 3.89> <IPBlock> <Opcode : 'mul' 'add' 'sub' 'select'> <InPorts = 0> <OutPorts = 1> <Sync> <CReg>
ST_11 : Operation 73 [2/3] (3.89ns) (root node of the DSP)   --->   "%mul_ln1118_1 = mul i21 %sext_ln1116_cast, %sext_ln1118_1" [firmware/nnet_utils/nnet_mult.h:73->firmware/nnet_utils/nnet_dense_resource.h:59]   --->   Operation 73 'mul' 'mul_ln1118_1' <Predicate = true> <Delay = 3.89> <Core = "DSP48">   --->   Core 88 'DSP48' <Latency = 2> <II = 1> <Delay = 3.89> <IPBlock> <Opcode : 'mul' 'add' 'sub' 'select'> <InPorts = 0> <OutPorts = 1> <Sync> <CReg>
ST_11 : Operation 74 [2/3] (3.89ns) (root node of the DSP)   --->   "%mul_ln1118_2 = mul i21 %sext_ln1116_cast, %sext_ln1118_2" [firmware/nnet_utils/nnet_mult.h:73->firmware/nnet_utils/nnet_dense_resource.h:59]   --->   Operation 74 'mul' 'mul_ln1118_2' <Predicate = true> <Delay = 3.89> <Core = "DSP48">   --->   Core 88 'DSP48' <Latency = 2> <II = 1> <Delay = 3.89> <IPBlock> <Opcode : 'mul' 'add' 'sub' 'select'> <InPorts = 0> <OutPorts = 1> <Sync> <CReg>
ST_11 : Operation 75 [2/3] (3.89ns) (root node of the DSP)   --->   "%mul_ln1118_3 = mul i21 %sext_ln1116_cast, %sext_ln1118_3" [firmware/nnet_utils/nnet_mult.h:73->firmware/nnet_utils/nnet_dense_resource.h:59]   --->   Operation 75 'mul' 'mul_ln1118_3' <Predicate = true> <Delay = 3.89> <Core = "DSP48">   --->   Core 88 'DSP48' <Latency = 2> <II = 1> <Delay = 3.89> <IPBlock> <Opcode : 'mul' 'add' 'sub' 'select'> <InPorts = 0> <OutPorts = 1> <Sync> <CReg>
ST_11 : Operation 76 [2/3] (3.89ns) (root node of the DSP)   --->   "%mul_ln1118_4 = mul i21 %sext_ln1116_cast, %sext_ln1118_4" [firmware/nnet_utils/nnet_mult.h:73->firmware/nnet_utils/nnet_dense_resource.h:59]   --->   Operation 76 'mul' 'mul_ln1118_4' <Predicate = true> <Delay = 3.89> <Core = "DSP48">   --->   Core 88 'DSP48' <Latency = 2> <II = 1> <Delay = 3.89> <IPBlock> <Opcode : 'mul' 'add' 'sub' 'select'> <InPorts = 0> <OutPorts = 1> <Sync> <CReg>
ST_11 : Operation 77 [2/3] (3.89ns) (root node of the DSP)   --->   "%mul_ln1118_5 = mul i21 %sext_ln1116_cast, %sext_ln1118_5" [firmware/nnet_utils/nnet_mult.h:73->firmware/nnet_utils/nnet_dense_resource.h:59]   --->   Operation 77 'mul' 'mul_ln1118_5' <Predicate = true> <Delay = 3.89> <Core = "DSP48">   --->   Core 88 'DSP48' <Latency = 2> <II = 1> <Delay = 3.89> <IPBlock> <Opcode : 'mul' 'add' 'sub' 'select'> <InPorts = 0> <OutPorts = 1> <Sync> <CReg>
ST_11 : Operation 78 [2/3] (3.89ns) (root node of the DSP)   --->   "%mul_ln1118_6 = mul i21 %sext_ln1116_cast, %sext_ln1118_6" [firmware/nnet_utils/nnet_mult.h:73->firmware/nnet_utils/nnet_dense_resource.h:59]   --->   Operation 78 'mul' 'mul_ln1118_6' <Predicate = true> <Delay = 3.89> <Core = "DSP48">   --->   Core 88 'DSP48' <Latency = 2> <II = 1> <Delay = 3.89> <IPBlock> <Opcode : 'mul' 'add' 'sub' 'select'> <InPorts = 0> <OutPorts = 1> <Sync> <CReg>
ST_11 : Operation 79 [2/3] (3.89ns) (root node of the DSP)   --->   "%mul_ln1118_7 = mul i21 %sext_ln1116_cast, %sext_ln1118_7" [firmware/nnet_utils/nnet_mult.h:73->firmware/nnet_utils/nnet_dense_resource.h:59]   --->   Operation 79 'mul' 'mul_ln1118_7' <Predicate = true> <Delay = 3.89> <Core = "DSP48">   --->   Core 88 'DSP48' <Latency = 2> <II = 1> <Delay = 3.89> <IPBlock> <Opcode : 'mul' 'add' 'sub' 'select'> <InPorts = 0> <OutPorts = 1> <Sync> <CReg>

State 12 <SV = 11> <Delay = 0.00>
ST_12 : Operation 80 [1/3] (0.00ns) (root node of the DSP)   --->   "%mul_ln1118 = mul i21 %sext_ln1116_cast, %sext_ln1118" [firmware/nnet_utils/nnet_mult.h:73->firmware/nnet_utils/nnet_dense_resource.h:59]   --->   Operation 80 'mul' 'mul_ln1118' <Predicate = true> <Delay = 0.00> <Core = "DSP48">   --->   Core 88 'DSP48' <Latency = 2> <II = 1> <Delay = 3.89> <IPBlock> <Opcode : 'mul' 'add' 'sub' 'select'> <InPorts = 0> <OutPorts = 1> <Sync> <CReg>
ST_12 : Operation 81 [1/3] (0.00ns) (root node of the DSP)   --->   "%mul_ln1118_1 = mul i21 %sext_ln1116_cast, %sext_ln1118_1" [firmware/nnet_utils/nnet_mult.h:73->firmware/nnet_utils/nnet_dense_resource.h:59]   --->   Operation 81 'mul' 'mul_ln1118_1' <Predicate = true> <Delay = 0.00> <Core = "DSP48">   --->   Core 88 'DSP48' <Latency = 2> <II = 1> <Delay = 3.89> <IPBlock> <Opcode : 'mul' 'add' 'sub' 'select'> <InPorts = 0> <OutPorts = 1> <Sync> <CReg>
ST_12 : Operation 82 [1/3] (0.00ns) (root node of the DSP)   --->   "%mul_ln1118_2 = mul i21 %sext_ln1116_cast, %sext_ln1118_2" [firmware/nnet_utils/nnet_mult.h:73->firmware/nnet_utils/nnet_dense_resource.h:59]   --->   Operation 82 'mul' 'mul_ln1118_2' <Predicate = true> <Delay = 0.00> <Core = "DSP48">   --->   Core 88 'DSP48' <Latency = 2> <II = 1> <Delay = 3.89> <IPBlock> <Opcode : 'mul' 'add' 'sub' 'select'> <InPorts = 0> <OutPorts = 1> <Sync> <CReg>
ST_12 : Operation 83 [1/3] (0.00ns) (root node of the DSP)   --->   "%mul_ln1118_3 = mul i21 %sext_ln1116_cast, %sext_ln1118_3" [firmware/nnet_utils/nnet_mult.h:73->firmware/nnet_utils/nnet_dense_resource.h:59]   --->   Operation 83 'mul' 'mul_ln1118_3' <Predicate = true> <Delay = 0.00> <Core = "DSP48">   --->   Core 88 'DSP48' <Latency = 2> <II = 1> <Delay = 3.89> <IPBlock> <Opcode : 'mul' 'add' 'sub' 'select'> <InPorts = 0> <OutPorts = 1> <Sync> <CReg>
ST_12 : Operation 84 [1/3] (0.00ns) (root node of the DSP)   --->   "%mul_ln1118_4 = mul i21 %sext_ln1116_cast, %sext_ln1118_4" [firmware/nnet_utils/nnet_mult.h:73->firmware/nnet_utils/nnet_dense_resource.h:59]   --->   Operation 84 'mul' 'mul_ln1118_4' <Predicate = true> <Delay = 0.00> <Core = "DSP48">   --->   Core 88 'DSP48' <Latency = 2> <II = 1> <Delay = 3.89> <IPBlock> <Opcode : 'mul' 'add' 'sub' 'select'> <InPorts = 0> <OutPorts = 1> <Sync> <CReg>
ST_12 : Operation 85 [1/3] (0.00ns) (root node of the DSP)   --->   "%mul_ln1118_5 = mul i21 %sext_ln1116_cast, %sext_ln1118_5" [firmware/nnet_utils/nnet_mult.h:73->firmware/nnet_utils/nnet_dense_resource.h:59]   --->   Operation 85 'mul' 'mul_ln1118_5' <Predicate = true> <Delay = 0.00> <Core = "DSP48">   --->   Core 88 'DSP48' <Latency = 2> <II = 1> <Delay = 3.89> <IPBlock> <Opcode : 'mul' 'add' 'sub' 'select'> <InPorts = 0> <OutPorts = 1> <Sync> <CReg>
ST_12 : Operation 86 [1/3] (0.00ns) (root node of the DSP)   --->   "%mul_ln1118_6 = mul i21 %sext_ln1116_cast, %sext_ln1118_6" [firmware/nnet_utils/nnet_mult.h:73->firmware/nnet_utils/nnet_dense_resource.h:59]   --->   Operation 86 'mul' 'mul_ln1118_6' <Predicate = true> <Delay = 0.00> <Core = "DSP48">   --->   Core 88 'DSP48' <Latency = 2> <II = 1> <Delay = 3.89> <IPBlock> <Opcode : 'mul' 'add' 'sub' 'select'> <InPorts = 0> <OutPorts = 1> <Sync> <CReg>
ST_12 : Operation 87 [1/3] (0.00ns) (root node of the DSP)   --->   "%mul_ln1118_7 = mul i21 %sext_ln1116_cast, %sext_ln1118_7" [firmware/nnet_utils/nnet_mult.h:73->firmware/nnet_utils/nnet_dense_resource.h:59]   --->   Operation 87 'mul' 'mul_ln1118_7' <Predicate = true> <Delay = 0.00> <Core = "DSP48">   --->   Core 88 'DSP48' <Latency = 2> <II = 1> <Delay = 3.89> <IPBlock> <Opcode : 'mul' 'add' 'sub' 'select'> <InPorts = 0> <OutPorts = 1> <Sync> <CReg>

State 13 <SV = 12> <Delay = 2.07>
ST_13 : Operation 88 [1/1] (0.00ns)   --->   "%do_init = phi i1 [ true, %hls_label_0_begin ], [ false, %ReuseLoop ], [ true, %.preheader.0 ]"   --->   Operation 88 'phi' 'do_init' <Predicate = true> <Delay = 0.00>
ST_13 : Operation 89 [1/1] (0.00ns)   --->   "%p_Val2_18 = phi i16 [ -256, %hls_label_0_begin ], [ %acc_0_V, %ReuseLoop ], [ -256, %.preheader.0 ]"   --->   Operation 89 'phi' 'p_Val2_18' <Predicate = true> <Delay = 0.00>
ST_13 : Operation 90 [1/1] (0.00ns)   --->   "%p_Val2_116 = phi i16 [ -448, %hls_label_0_begin ], [ %acc_1_V, %ReuseLoop ], [ -448, %.preheader.0 ]"   --->   Operation 90 'phi' 'p_Val2_116' <Predicate = true> <Delay = 0.00>
ST_13 : Operation 91 [1/1] (0.00ns)   --->   "%p_Val2_214 = phi i16 [ 160, %hls_label_0_begin ], [ %acc_2_V, %ReuseLoop ], [ 160, %.preheader.0 ]"   --->   Operation 91 'phi' 'p_Val2_214' <Predicate = true> <Delay = 0.00>
ST_13 : Operation 92 [1/1] (0.00ns)   --->   "%p_Val2_312 = phi i16 [ -32, %hls_label_0_begin ], [ %acc_3_V, %ReuseLoop ], [ -32, %.preheader.0 ]"   --->   Operation 92 'phi' 'p_Val2_312' <Predicate = true> <Delay = 0.00>
ST_13 : Operation 93 [1/1] (0.00ns)   --->   "%p_Val2_410 = phi i16 [ 448, %hls_label_0_begin ], [ %acc_4_V, %ReuseLoop ], [ 448, %.preheader.0 ]"   --->   Operation 93 'phi' 'p_Val2_410' <Predicate = true> <Delay = 0.00>
ST_13 : Operation 94 [1/1] (0.00ns)   --->   "%p_Val2_58 = phi i16 [ 864, %hls_label_0_begin ], [ %acc_5_V, %ReuseLoop ], [ 864, %.preheader.0 ]"   --->   Operation 94 'phi' 'p_Val2_58' <Predicate = true> <Delay = 0.00>
ST_13 : Operation 95 [1/1] (0.00ns)   --->   "%p_Val2_66 = phi i16 [ -64, %hls_label_0_begin ], [ %acc_6_V, %ReuseLoop ], [ -64, %.preheader.0 ]"   --->   Operation 95 'phi' 'p_Val2_66' <Predicate = true> <Delay = 0.00>
ST_13 : Operation 96 [1/1] (0.00ns)   --->   "%p_Val2_74 = phi i16 [ -288, %hls_label_0_begin ], [ %acc_7_V, %ReuseLoop ], [ -288, %.preheader.0 ]"   --->   Operation 96 'phi' 'p_Val2_74' <Predicate = true> <Delay = 0.00>
ST_13 : Operation 97 [1/1] (0.00ns)   --->   "br i1 %do_init, label %hls_label_0_end, label %ReuseLoop"   --->   Operation 97 'br' <Predicate = true> <Delay = 0.00>
ST_13 : Operation 98 [1/1] (0.00ns)   --->   "call void (...)* @_ssdm_op_SpecMemCore([14 x i62]* @w2_V, [1 x i8]* @p_str13, [12 x i8]* @p_str17, [1 x i8]* @p_str13, i32 -1, [1 x i8]* @p_str13, [1 x i8]* @p_str13, [1 x i8]* @p_str13, [1 x i8]* @p_str13, [1 x i8]* @p_str13)"   --->   Operation 98 'specmemcore' <Predicate = (do_init)> <Delay = 0.00>
ST_13 : Operation 99 [1/1] (0.00ns)   --->   "%empty_22 = call i32 (...)* @_ssdm_op_SpecRegionEnd([12 x i8]* @p_str27, i32 %tmp)" [firmware/nnet_utils/nnet_dense_resource.h:34]   --->   Operation 99 'specregionend' 'empty_22' <Predicate = (do_init)> <Delay = 0.00>
ST_13 : Operation 100 [1/1] (0.00ns)   --->   "br label %ReuseLoop" [firmware/nnet_utils/nnet_dense_resource.h:46]   --->   Operation 100 'br' <Predicate = (do_init)> <Delay = 0.00>
ST_13 : Operation 101 [1/1] (0.00ns)   --->   "call void (...)* @_ssdm_op_SpecLoopName([10 x i8]* @p_str20) nounwind" [firmware/nnet_utils/nnet_dense_resource.h:46]   --->   Operation 101 'specloopname' <Predicate = true> <Delay = 0.00>
ST_13 : Operation 102 [1/1] (0.00ns)   --->   "%tmp_1 = call i32 (...)* @_ssdm_op_SpecRegionBegin([10 x i8]* @p_str20)" [firmware/nnet_utils/nnet_dense_resource.h:46]   --->   Operation 102 'specregionbegin' 'tmp_1' <Predicate = true> <Delay = 0.00>
ST_13 : Operation 103 [1/1] (0.00ns)   --->   "call void (...)* @_ssdm_op_SpecPipeline(i32 1, i32 1, i32 1, i32 0, [1 x i8]* @p_str13) nounwind" [firmware/nnet_utils/nnet_dense_resource.h:47]   --->   Operation 103 'specpipeline' <Predicate = true> <Delay = 0.00>
ST_13 : Operation 104 [1/1] (0.00ns)   --->   "%trunc_ln = call i16 @_ssdm_op_PartSelect.i16.i21.i32.i32(i21 %mul_ln1118, i32 5, i32 20)" [firmware/nnet_utils/nnet_dense_resource.h:59]   --->   Operation 104 'partselect' 'trunc_ln' <Predicate = true> <Delay = 0.00>
ST_13 : Operation 105 [1/1] (2.07ns)   --->   "%acc_0_V = add i16 %trunc_ln, %p_Val2_18" [firmware/nnet_utils/nnet_dense_resource.h:59]   --->   Operation 105 'add' 'acc_0_V' <Predicate = true> <Delay = 2.07> <Core = "AddSub">   --->   Core 14 'AddSub' <Latency = 0> <II = 1> <Delay = 1.73> <FuncUnit> <Opcode : 'add' 'sub'> <InPorts = 2> <OutPorts = 1>
ST_13 : Operation 106 [1/1] (0.00ns)   --->   "%trunc_ln708_s = call i16 @_ssdm_op_PartSelect.i16.i21.i32.i32(i21 %mul_ln1118_1, i32 5, i32 20)" [firmware/nnet_utils/nnet_dense_resource.h:59]   --->   Operation 106 'partselect' 'trunc_ln708_s' <Predicate = true> <Delay = 0.00>
ST_13 : Operation 107 [1/1] (2.07ns)   --->   "%acc_1_V = add i16 %trunc_ln708_s, %p_Val2_116" [firmware/nnet_utils/nnet_dense_resource.h:59]   --->   Operation 107 'add' 'acc_1_V' <Predicate = true> <Delay = 2.07> <Core = "AddSub">   --->   Core 14 'AddSub' <Latency = 0> <II = 1> <Delay = 1.73> <FuncUnit> <Opcode : 'add' 'sub'> <InPorts = 2> <OutPorts = 1>
ST_13 : Operation 108 [1/1] (0.00ns)   --->   "%trunc_ln708_1 = call i16 @_ssdm_op_PartSelect.i16.i21.i32.i32(i21 %mul_ln1118_2, i32 5, i32 20)" [firmware/nnet_utils/nnet_dense_resource.h:59]   --->   Operation 108 'partselect' 'trunc_ln708_1' <Predicate = true> <Delay = 0.00>
ST_13 : Operation 109 [1/1] (2.07ns)   --->   "%acc_2_V = add i16 %trunc_ln708_1, %p_Val2_214" [firmware/nnet_utils/nnet_dense_resource.h:59]   --->   Operation 109 'add' 'acc_2_V' <Predicate = true> <Delay = 2.07> <Core = "AddSub">   --->   Core 14 'AddSub' <Latency = 0> <II = 1> <Delay = 1.73> <FuncUnit> <Opcode : 'add' 'sub'> <InPorts = 2> <OutPorts = 1>
ST_13 : Operation 110 [1/1] (0.00ns)   --->   "%trunc_ln708_2 = call i16 @_ssdm_op_PartSelect.i16.i21.i32.i32(i21 %mul_ln1118_3, i32 5, i32 20)" [firmware/nnet_utils/nnet_dense_resource.h:59]   --->   Operation 110 'partselect' 'trunc_ln708_2' <Predicate = true> <Delay = 0.00>
ST_13 : Operation 111 [1/1] (2.07ns)   --->   "%acc_3_V = add i16 %trunc_ln708_2, %p_Val2_312" [firmware/nnet_utils/nnet_dense_resource.h:59]   --->   Operation 111 'add' 'acc_3_V' <Predicate = true> <Delay = 2.07> <Core = "AddSub">   --->   Core 14 'AddSub' <Latency = 0> <II = 1> <Delay = 1.73> <FuncUnit> <Opcode : 'add' 'sub'> <InPorts = 2> <OutPorts = 1>
ST_13 : Operation 112 [1/1] (0.00ns)   --->   "%trunc_ln708_3 = call i16 @_ssdm_op_PartSelect.i16.i21.i32.i32(i21 %mul_ln1118_4, i32 5, i32 20)" [firmware/nnet_utils/nnet_dense_resource.h:59]   --->   Operation 112 'partselect' 'trunc_ln708_3' <Predicate = true> <Delay = 0.00>
ST_13 : Operation 113 [1/1] (2.07ns)   --->   "%acc_4_V = add i16 %trunc_ln708_3, %p_Val2_410" [firmware/nnet_utils/nnet_dense_resource.h:59]   --->   Operation 113 'add' 'acc_4_V' <Predicate = true> <Delay = 2.07> <Core = "AddSub">   --->   Core 14 'AddSub' <Latency = 0> <II = 1> <Delay = 1.73> <FuncUnit> <Opcode : 'add' 'sub'> <InPorts = 2> <OutPorts = 1>
ST_13 : Operation 114 [1/1] (0.00ns)   --->   "%trunc_ln708_4 = call i16 @_ssdm_op_PartSelect.i16.i21.i32.i32(i21 %mul_ln1118_5, i32 5, i32 20)" [firmware/nnet_utils/nnet_dense_resource.h:59]   --->   Operation 114 'partselect' 'trunc_ln708_4' <Predicate = true> <Delay = 0.00>
ST_13 : Operation 115 [1/1] (2.07ns)   --->   "%acc_5_V = add i16 %trunc_ln708_4, %p_Val2_58" [firmware/nnet_utils/nnet_dense_resource.h:59]   --->   Operation 115 'add' 'acc_5_V' <Predicate = true> <Delay = 2.07> <Core = "AddSub">   --->   Core 14 'AddSub' <Latency = 0> <II = 1> <Delay = 1.73> <FuncUnit> <Opcode : 'add' 'sub'> <InPorts = 2> <OutPorts = 1>
ST_13 : Operation 116 [1/1] (0.00ns)   --->   "%trunc_ln708_5 = call i16 @_ssdm_op_PartSelect.i16.i21.i32.i32(i21 %mul_ln1118_6, i32 5, i32 20)" [firmware/nnet_utils/nnet_dense_resource.h:59]   --->   Operation 116 'partselect' 'trunc_ln708_5' <Predicate = true> <Delay = 0.00>
ST_13 : Operation 117 [1/1] (2.07ns)   --->   "%acc_6_V = add i16 %trunc_ln708_5, %p_Val2_66" [firmware/nnet_utils/nnet_dense_resource.h:59]   --->   Operation 117 'add' 'acc_6_V' <Predicate = true> <Delay = 2.07> <Core = "AddSub">   --->   Core 14 'AddSub' <Latency = 0> <II = 1> <Delay = 1.73> <FuncUnit> <Opcode : 'add' 'sub'> <InPorts = 2> <OutPorts = 1>
ST_13 : Operation 118 [1/1] (0.00ns)   --->   "%trunc_ln708_6 = call i16 @_ssdm_op_PartSelect.i16.i21.i32.i32(i21 %mul_ln1118_7, i32 5, i32 20)" [firmware/nnet_utils/nnet_dense_resource.h:59]   --->   Operation 118 'partselect' 'trunc_ln708_6' <Predicate = true> <Delay = 0.00>
ST_13 : Operation 119 [1/1] (2.07ns)   --->   "%acc_7_V = add i16 %trunc_ln708_6, %p_Val2_74" [firmware/nnet_utils/nnet_dense_resource.h:59]   --->   Operation 119 'add' 'acc_7_V' <Predicate = true> <Delay = 2.07> <Core = "AddSub">   --->   Core 14 'AddSub' <Latency = 0> <II = 1> <Delay = 1.73> <FuncUnit> <Opcode : 'add' 'sub'> <InPorts = 2> <OutPorts = 1>
ST_13 : Operation 120 [1/1] (0.00ns)   --->   "%empty_20 = call i32 (...)* @_ssdm_op_SpecRegionEnd([10 x i8]* @p_str20, i32 %tmp_1)" [firmware/nnet_utils/nnet_dense_resource.h:76]   --->   Operation 120 'specregionend' 'empty_20' <Predicate = true> <Delay = 0.00>
ST_13 : Operation 121 [1/1] (0.00ns)   --->   "%empty_21 = call i32 (...)* @_ssdm_op_SpecLoopTripCount(i64 14, i64 14, i64 14)"   --->   Operation 121 'speclooptripcount' 'empty_21' <Predicate = true> <Delay = 0.00>
ST_13 : Operation 122 [1/1] (0.00ns)   --->   "br i1 %icmp_ln46, label %.preheader.0, label %rewind_header" [firmware/nnet_utils/nnet_dense_resource.h:46]   --->   Operation 122 'br' <Predicate = true> <Delay = 0.00>
ST_13 : Operation 123 [1/1] (0.00ns)   --->   "%res_0_V_write_assign = call i21 @_ssdm_op_BitConcatenate.i21.i16.i5(i16 %acc_0_V, i5 0)" [firmware/nnet_utils/nnet_mult.h:111->firmware/nnet_utils/nnet_dense_resource.h:82]   --->   Operation 123 'bitconcatenate' 'res_0_V_write_assign' <Predicate = (icmp_ln46)> <Delay = 0.00>
ST_13 : Operation 124 [1/1] (0.00ns)   --->   "%res_1_V_write_assign = call i21 @_ssdm_op_BitConcatenate.i21.i16.i5(i16 %acc_1_V, i5 0)" [firmware/nnet_utils/nnet_mult.h:111->firmware/nnet_utils/nnet_dense_resource.h:82]   --->   Operation 124 'bitconcatenate' 'res_1_V_write_assign' <Predicate = (icmp_ln46)> <Delay = 0.00>
ST_13 : Operation 125 [1/1] (0.00ns)   --->   "%res_2_V_write_assign = call i21 @_ssdm_op_BitConcatenate.i21.i16.i5(i16 %acc_2_V, i5 0)" [firmware/nnet_utils/nnet_mult.h:111->firmware/nnet_utils/nnet_dense_resource.h:82]   --->   Operation 125 'bitconcatenate' 'res_2_V_write_assign' <Predicate = (icmp_ln46)> <Delay = 0.00>
ST_13 : Operation 126 [1/1] (0.00ns)   --->   "%res_3_V_write_assign = call i21 @_ssdm_op_BitConcatenate.i21.i16.i5(i16 %acc_3_V, i5 0)" [firmware/nnet_utils/nnet_mult.h:111->firmware/nnet_utils/nnet_dense_resource.h:82]   --->   Operation 126 'bitconcatenate' 'res_3_V_write_assign' <Predicate = (icmp_ln46)> <Delay = 0.00>
ST_13 : Operation 127 [1/1] (0.00ns)   --->   "%res_4_V_write_assign = call i21 @_ssdm_op_BitConcatenate.i21.i16.i5(i16 %acc_4_V, i5 0)" [firmware/nnet_utils/nnet_mult.h:111->firmware/nnet_utils/nnet_dense_resource.h:82]   --->   Operation 127 'bitconcatenate' 'res_4_V_write_assign' <Predicate = (icmp_ln46)> <Delay = 0.00>
ST_13 : Operation 128 [1/1] (0.00ns)   --->   "%res_5_V_write_assign = call i21 @_ssdm_op_BitConcatenate.i21.i16.i5(i16 %acc_5_V, i5 0)" [firmware/nnet_utils/nnet_mult.h:111->firmware/nnet_utils/nnet_dense_resource.h:82]   --->   Operation 128 'bitconcatenate' 'res_5_V_write_assign' <Predicate = (icmp_ln46)> <Delay = 0.00>
ST_13 : Operation 129 [1/1] (0.00ns)   --->   "%res_6_V_write_assign = call i21 @_ssdm_op_BitConcatenate.i21.i16.i5(i16 %acc_6_V, i5 0)" [firmware/nnet_utils/nnet_mult.h:111->firmware/nnet_utils/nnet_dense_resource.h:82]   --->   Operation 129 'bitconcatenate' 'res_6_V_write_assign' <Predicate = (icmp_ln46)> <Delay = 0.00>
ST_13 : Operation 130 [1/1] (0.00ns)   --->   "%res_7_V_write_assign = call i21 @_ssdm_op_BitConcatenate.i21.i16.i5(i16 %acc_7_V, i5 0)" [firmware/nnet_utils/nnet_mult.h:111->firmware/nnet_utils/nnet_dense_resource.h:82]   --->   Operation 130 'bitconcatenate' 'res_7_V_write_assign' <Predicate = (icmp_ln46)> <Delay = 0.00>
ST_13 : Operation 131 [1/1] (0.00ns)   --->   "%mrv = insertvalue { i21, i21, i21, i21, i21, i21, i21, i21 } undef, i21 %res_0_V_write_assign, 0" [firmware/nnet_utils/nnet_dense_resource.h:84]   --->   Operation 131 'insertvalue' 'mrv' <Predicate = (icmp_ln46)> <Delay = 0.00>
ST_13 : Operation 132 [1/1] (0.00ns)   --->   "%mrv_1 = insertvalue { i21, i21, i21, i21, i21, i21, i21, i21 } %mrv, i21 %res_1_V_write_assign, 1" [firmware/nnet_utils/nnet_dense_resource.h:84]   --->   Operation 132 'insertvalue' 'mrv_1' <Predicate = (icmp_ln46)> <Delay = 0.00>
ST_13 : Operation 133 [1/1] (0.00ns)   --->   "%mrv_2 = insertvalue { i21, i21, i21, i21, i21, i21, i21, i21 } %mrv_1, i21 %res_2_V_write_assign, 2" [firmware/nnet_utils/nnet_dense_resource.h:84]   --->   Operation 133 'insertvalue' 'mrv_2' <Predicate = (icmp_ln46)> <Delay = 0.00>
ST_13 : Operation 134 [1/1] (0.00ns)   --->   "%mrv_3 = insertvalue { i21, i21, i21, i21, i21, i21, i21, i21 } %mrv_2, i21 %res_3_V_write_assign, 3" [firmware/nnet_utils/nnet_dense_resource.h:84]   --->   Operation 134 'insertvalue' 'mrv_3' <Predicate = (icmp_ln46)> <Delay = 0.00>
ST_13 : Operation 135 [1/1] (0.00ns)   --->   "%mrv_4 = insertvalue { i21, i21, i21, i21, i21, i21, i21, i21 } %mrv_3, i21 %res_4_V_write_assign, 4" [firmware/nnet_utils/nnet_dense_resource.h:84]   --->   Operation 135 'insertvalue' 'mrv_4' <Predicate = (icmp_ln46)> <Delay = 0.00>
ST_13 : Operation 136 [1/1] (0.00ns)   --->   "%mrv_5 = insertvalue { i21, i21, i21, i21, i21, i21, i21, i21 } %mrv_4, i21 %res_5_V_write_assign, 5" [firmware/nnet_utils/nnet_dense_resource.h:84]   --->   Operation 136 'insertvalue' 'mrv_5' <Predicate = (icmp_ln46)> <Delay = 0.00>
ST_13 : Operation 137 [1/1] (0.00ns)   --->   "%mrv_6 = insertvalue { i21, i21, i21, i21, i21, i21, i21, i21 } %mrv_5, i21 %res_6_V_write_assign, 6" [firmware/nnet_utils/nnet_dense_resource.h:84]   --->   Operation 137 'insertvalue' 'mrv_6' <Predicate = (icmp_ln46)> <Delay = 0.00>
ST_13 : Operation 138 [1/1] (0.00ns)   --->   "%mrv_7 = insertvalue { i21, i21, i21, i21, i21, i21, i21, i21 } %mrv_6, i21 %res_7_V_write_assign, 7" [firmware/nnet_utils/nnet_dense_resource.h:84]   --->   Operation 138 'insertvalue' 'mrv_7' <Predicate = (icmp_ln46)> <Delay = 0.00>
ST_13 : Operation 139 [1/1] (0.00ns)   --->   "call void (...)* @_ssdm_op_Return({ i21, i21, i21, i21, i21, i21, i21, i21 } %mrv_7)" [firmware/nnet_utils/nnet_dense_resource.h:84]   --->   Operation 139 'return' <Predicate = (icmp_ln46)> <Delay = 0.00>


============================================================
+ Verbose Summary: Timing violations
============================================================
Target clock period: 5ns, clock uncertainty: 0.625ns.

 <State 1>: 1.77ns
The critical path consists of the following:
	multiplexor before 'phi' operation ('do_init') [7]  (1.77 ns)

 <State 2>: 3.83ns
The critical path consists of the following:
	'phi' operation ('ir') with incoming values : ('ir', firmware/nnet_utils/nnet_dense_resource.h:46) [8]  (0 ns)
	'sub' operation ('sub_ln59', firmware/nnet_utils/nnet_dense_resource.h:59) [31]  (1.92 ns)
	'select' operation ('select_ln59', firmware/nnet_utils/nnet_dense_resource.h:59) [34]  (0 ns)
	'sub' operation ('sub_ln59_3', firmware/nnet_utils/nnet_dense_resource.h:59) [37]  (1.92 ns)

 <State 3>: 3.89ns
The critical path consists of the following:
	'lshr' operation ('lshr_ln59', firmware/nnet_utils/nnet_dense_resource.h:59) [40]  (3.89 ns)

 <State 4>: 3.89ns
The critical path consists of the following:
	'lshr' operation ('lshr_ln59', firmware/nnet_utils/nnet_dense_resource.h:59) [40]  (3.89 ns)

 <State 5>: 3.89ns
The critical path consists of the following:
	'lshr' operation ('lshr_ln59', firmware/nnet_utils/nnet_dense_resource.h:59) [40]  (3.89 ns)

 <State 6>: 3.89ns
The critical path consists of the following:
	'lshr' operation ('lshr_ln59', firmware/nnet_utils/nnet_dense_resource.h:59) [40]  (3.89 ns)

 <State 7>: 3.89ns
The critical path consists of the following:
	'lshr' operation ('lshr_ln59', firmware/nnet_utils/nnet_dense_resource.h:59) [40]  (3.89 ns)

 <State 8>: 3.89ns
The critical path consists of the following:
	'lshr' operation ('lshr_ln59', firmware/nnet_utils/nnet_dense_resource.h:59) [40]  (3.89 ns)

 <State 9>: 3.25ns
The critical path consists of the following:
	'load' operation ('w2_V_load', firmware/nnet_utils/nnet_dense_resource.h:59) on array 'w2_V' [46]  (3.25 ns)

 <State 10>: 3.89ns
The critical path consists of the following:
	'mul' operation of DSP[50] ('mul_ln1118', firmware/nnet_utils/nnet_mult.h:73->firmware/nnet_utils/nnet_dense_resource.h:59) [50]  (3.89 ns)

 <State 11>: 3.89ns
The critical path consists of the following:
	'mul' operation of DSP[50] ('mul_ln1118', firmware/nnet_utils/nnet_mult.h:73->firmware/nnet_utils/nnet_dense_resource.h:59) [50]  (3.89 ns)

 <State 12>: 0ns
The critical path consists of the following:

 <State 13>: 2.08ns
The critical path consists of the following:
	'phi' operation ('acc[0].V') with incoming values : ('acc[0].V', firmware/nnet_utils/nnet_dense_resource.h:59) [9]  (0 ns)
	'add' operation ('acc[0].V', firmware/nnet_utils/nnet_dense_resource.h:59) [52]  (2.08 ns)


============================================================
+ Verbose Summary: Binding
============================================================
N/A
* FSMD analyzer results:
  - Output states:
 - Input state : 
  - Chain level:
	State 1
	State 2
	State 3
	State 4
	State 5
	State 6
	State 7
	State 8
	State 9
	State 10
	State 11
	State 12
	State 13


============================================================
+ Verbose Summary: Datapath Resource usage 
============================================================
N/A
