

================================================================
== Vivado HLS Report for 'dense_resource_rf_gt_nin_rem0_ap_ufixed_ap_fixed_config5_0_0_0_0_0'
================================================================
* Date:           Wed May 20 11:15:36 2026

* Version:        2020.1 (Build 2897737 on Wed May 27 20:21:37 MDT 2020)
* Project:        myproject_prj
* Solution:       solution1
* Product family: zynq
* Target device:  xc7z020-clg400-1


================================================================
== Performance Estimates
================================================================
+ Timing: 
    * Summary: 
    +--------+---------+----------+------------+
    |  Clock |  Target | Estimated| Uncertainty|
    +--------+---------+----------+------------+
    |ap_clk  | 5.00 ns | 5.715 ns |   0.62 ns  |
    +--------+---------+----------+------------+

+ Latency: 
    * Summary: 
    +---------+---------+----------+----------+-----+-----+---------------------------------------------+
    |  Latency (cycles) |  Latency (absolute) |  Interval |                   Pipeline                  |
    |   min   |   max   |    min   |    max   | min | max |                     Type                    |
    +---------+---------+----------+----------+-----+-----+---------------------------------------------+
    |       18|       19| 0.103 us | 0.109 us |   16|   16| loop rewind(delay=0 initiation interval(s)) |
    +---------+---------+----------+----------+-----+-----+---------------------------------------------+

    + Detail: 
        * Instance: 
        N/A

        * Loop: 
        +-------------+---------+---------+----------+-----------+-----------+------+----------+
        |             |  Latency (cycles) | Iteration|  Initiation Interval  | Trip |          |
        |  Loop Name  |   min   |   max   |  Latency |  achieved |   target  | Count| Pipelined|
        +-------------+---------+---------+----------+-----------+-----------+------+----------+
        |- ReuseLoop  |       18|       18|         4|          1|          1|    16|    yes   |
        +-------------+---------+---------+----------+-----------+-----------+------+----------+

============================================================
+ Verbose Summary: Synthesis Manager
============================================================
InlineROM: 1
ExposeGlobal: 0
============================================================
+ Verbose Summary: CDFG Model
============================================================
IsTopModel: 0
ResetActiveHigh: 1
IsCombinational: 2
IsDatapathOnly: 0
HasWiredReturn: 1
HasMFsm: 0
HasVarLatency: 1
IsPipeline: 0
IsRtlPipelined: 0
IsInstanceOverlapped: 0
IsDontTouch: 0
HasImplIP: 0
IsGatedGlobalClock: 0

+ Individual pipeline summary: 
  * Pipeline-0: initiation interval (II) = 1, depth = 4


============================================================
+ Verbose Summary: Schedule
============================================================
* Number of FSM states : 5
* Pipeline : 1
  Pipeline-0 : II = 1, D = 4, States = { 2 3 4 5 }
* Dataflow Pipeline: 0

* FSM state transitions: 
1 --> 2 
2 --> 3 
3 --> 4 
4 --> 5 
5 --> 2 

* FSM state operations: 

State 1 <SV = 0> <Delay = 1.76>
ST_1 : Operation 6 [1/1] (0.00ns)   --->   "%tmp = call i32 (...)* @_ssdm_op_SpecRegionBegin([12 x i8]* @p_str26)" [firmware/nnet_utils/nnet_dense_resource.h:106]   --->   Operation 6 'specregionbegin' 'tmp' <Predicate = true> <Delay = 0.00>
ST_1 : Operation 7 [1/1] (1.76ns)   --->   "br label %rewind_header" [firmware/nnet_utils/nnet_dense_resource.h:135]   --->   Operation 7 'br' <Predicate = true> <Delay = 1.76>

State 2 <SV = 1> <Delay = 5.01>
ST_2 : Operation 8 [1/1] (0.00ns)   --->   "%do_init = phi i1 [ true, %hls_label_1_begin ], [ false, %ReuseLoop ], [ true, %.preheader.0 ]"   --->   Operation 8 'phi' 'do_init' <Predicate = true> <Delay = 0.00>
ST_2 : Operation 9 [1/1] (0.00ns)   --->   "%w_index18 = phi i4 [ 0, %hls_label_1_begin ], [ %w_index, %ReuseLoop ], [ 0, %.preheader.0 ]"   --->   Operation 9 'phi' 'w_index18' <Predicate = true> <Delay = 0.00>
ST_2 : Operation 10 [1/1] (0.00ns)   --->   "%in_index_017 = phi i32 [ 0, %hls_label_1_begin ], [ %select_ln154, %ReuseLoop ], [ 0, %.preheader.0 ]" [firmware/nnet_utils/nnet_dense_resource.h:154]   --->   Operation 10 'phi' 'in_index_017' <Predicate = true> <Delay = 0.00>
ST_2 : Operation 11 [1/1] (0.00ns)   --->   "%p_read_5 = call i8 @_ssdm_op_Read.ap_auto.i8(i8 %p_read7)" [firmware/nnet_utils/nnet_dense_resource.h:87]   --->   Operation 11 'read' 'p_read_5' <Predicate = (do_init)> <Delay = 0.00>
ST_2 : Operation 12 [1/1] (0.00ns)   --->   "%p_read_6 = call i8 @_ssdm_op_Read.ap_auto.i8(i8 %p_read6)" [firmware/nnet_utils/nnet_dense_resource.h:87]   --->   Operation 12 'read' 'p_read_6' <Predicate = (do_init)> <Delay = 0.00>
ST_2 : Operation 13 [1/1] (0.00ns)   --->   "%p_read_7 = call i8 @_ssdm_op_Read.ap_auto.i8(i8 %p_read5)" [firmware/nnet_utils/nnet_dense_resource.h:87]   --->   Operation 13 'read' 'p_read_7' <Predicate = (do_init)> <Delay = 0.00>
ST_2 : Operation 14 [1/1] (0.00ns)   --->   "%p_read_8 = call i8 @_ssdm_op_Read.ap_auto.i8(i8 %p_read4)" [firmware/nnet_utils/nnet_dense_resource.h:87]   --->   Operation 14 'read' 'p_read_8' <Predicate = (do_init)> <Delay = 0.00>
ST_2 : Operation 15 [1/1] (0.00ns)   --->   "%p_read_9 = call i8 @_ssdm_op_Read.ap_auto.i8(i8 %p_read3)" [firmware/nnet_utils/nnet_dense_resource.h:87]   --->   Operation 15 'read' 'p_read_9' <Predicate = (do_init)> <Delay = 0.00>
ST_2 : Operation 16 [1/1] (0.00ns)   --->   "%p_read_10 = call i8 @_ssdm_op_Read.ap_auto.i8(i8 %p_read2)" [firmware/nnet_utils/nnet_dense_resource.h:87]   --->   Operation 16 'read' 'p_read_10' <Predicate = (do_init)> <Delay = 0.00>
ST_2 : Operation 17 [1/1] (0.00ns)   --->   "%p_read_11 = call i8 @_ssdm_op_Read.ap_auto.i8(i8 %p_read1)" [firmware/nnet_utils/nnet_dense_resource.h:87]   --->   Operation 17 'read' 'p_read_11' <Predicate = (do_init)> <Delay = 0.00>
ST_2 : Operation 18 [1/1] (0.00ns)   --->   "%p_read19 = call i8 @_ssdm_op_Read.ap_auto.i8(i8 %p_read)" [firmware/nnet_utils/nnet_dense_resource.h:87]   --->   Operation 18 'read' 'p_read19' <Predicate = (do_init)> <Delay = 0.00>
ST_2 : Operation 19 [1/1] (1.76ns)   --->   "br label %ReuseLoop" [firmware/nnet_utils/nnet_dense_resource.h:135]   --->   Operation 19 'br' <Predicate = (do_init)> <Delay = 1.76>
ST_2 : Operation 20 [1/1] (0.00ns)   --->   "%zext_ln139 = zext i4 %w_index18 to i64" [firmware/nnet_utils/nnet_dense_resource.h:139]   --->   Operation 20 'zext' 'zext_ln139' <Predicate = true> <Delay = 0.00>
ST_2 : Operation 21 [1/1] (0.00ns)   --->   "%outidx4_addr = getelementptr [16 x i1]* @outidx4, i64 0, i64 %zext_ln139" [firmware/nnet_utils/nnet_dense_resource.h:139]   --->   Operation 21 'getelementptr' 'outidx4_addr' <Predicate = true> <Delay = 0.00>
ST_2 : Operation 22 [2/2] (3.25ns)   --->   "%out_index = load i1* %outidx4_addr, align 1" [firmware/nnet_utils/nnet_dense_resource.h:139]   --->   Operation 22 'load' 'out_index' <Predicate = true> <Delay = 3.25> <Core = "ROM_nP">   --->   Core 52 'ROM_nP' <Latency = 1> <II = 1> <Delay = 3.25> <Storage> <Opcode : 'load'> <Ports = 0> <Width = 1> <Depth = 16> <ROM>
ST_2 : Operation 23 [1/1] (0.00ns)   --->   "%w5_V_addr = getelementptr [16 x i13]* @w5_V, i64 0, i64 %zext_ln139" [firmware/nnet_utils/nnet_dense_resource.h:145]   --->   Operation 23 'getelementptr' 'w5_V_addr' <Predicate = true> <Delay = 0.00>
ST_2 : Operation 24 [2/2] (3.25ns)   --->   "%w5_V_load = load i13* %w5_V_addr, align 2" [firmware/nnet_utils/nnet_dense_resource.h:145]   --->   Operation 24 'load' 'w5_V_load' <Predicate = true> <Delay = 3.25> <Core = "ROM_nP_BRAM">   --->   Core 55 'ROM_nP_BRAM' <Latency = 1> <II = 1> <Delay = 3.25> <Storage> <Opcode : 'load'> <Ports = 0> <Width = 13> <Depth = 16> <ROM>
ST_2 : Operation 25 [1/1] (2.55ns)   --->   "%in_index = add nsw i32 1, %in_index_017" [firmware/nnet_utils/nnet_dense_resource.h:153]   --->   Operation 25 'add' 'in_index' <Predicate = true> <Delay = 2.55> <Core = "AddSub">   --->   Core 14 'AddSub' <Latency = 0> <II = 1> <Delay = 1.73> <FuncUnit> <Opcode : 'add' 'sub'> <InPorts = 2> <OutPorts = 1>
ST_2 : Operation 26 [1/1] (0.00ns)   --->   "%tmp_125 = call i29 @_ssdm_op_PartSelect.i29.i32.i32.i32(i32 %in_index, i32 3, i32 31)" [firmware/nnet_utils/nnet_dense_resource.h:154]   --->   Operation 26 'partselect' 'tmp_125' <Predicate = true> <Delay = 0.00>
ST_2 : Operation 27 [1/1] (2.46ns)   --->   "%icmp_ln154 = icmp sgt i29 %tmp_125, 0" [firmware/nnet_utils/nnet_dense_resource.h:154]   --->   Operation 27 'icmp' 'icmp_ln154' <Predicate = true> <Delay = 2.46> <Core = "Cmp">   --->   Core 25 'Cmp' <Latency = 0> <II = 1> <Delay = 1.30> <FuncUnit> <Opcode : 'icmp'> <InPorts = 2> <OutPorts = 1>
ST_2 : Operation 28 [1/1] (1.73ns)   --->   "%w_index = add i4 1, %w_index18" [firmware/nnet_utils/nnet_dense_resource.h:135]   --->   Operation 28 'add' 'w_index' <Predicate = true> <Delay = 1.73> <Core = "AddSub">   --->   Core 14 'AddSub' <Latency = 0> <II = 1> <Delay = 1.73> <FuncUnit> <Opcode : 'add' 'sub'> <InPorts = 2> <OutPorts = 1>
ST_2 : Operation 29 [1/1] (1.30ns)   --->   "%icmp_ln135 = icmp eq i4 %w_index18, -1" [firmware/nnet_utils/nnet_dense_resource.h:135]   --->   Operation 29 'icmp' 'icmp_ln135' <Predicate = true> <Delay = 1.30> <Core = "Cmp">   --->   Core 25 'Cmp' <Latency = 0> <II = 1> <Delay = 1.30> <FuncUnit> <Opcode : 'icmp'> <InPorts = 2> <OutPorts = 1>
ST_2 : Operation 30 [1/1] (0.00ns)   --->   "br i1 %icmp_ln135, label %.preheader.0, label %rewind_header" [firmware/nnet_utils/nnet_dense_resource.h:135]   --->   Operation 30 'br' <Predicate = true> <Delay = 0.00>
ST_2 : Operation 31 [1/1] (0.00ns)   --->   "br label %rewind_header" [firmware/nnet_utils/nnet_dense_resource.h:166]   --->   Operation 31 'br' <Predicate = (icmp_ln135)> <Delay = 0.00>

State 3 <SV = 2> <Delay = 5.71>
ST_3 : Operation 32 [1/1] (0.00ns)   --->   "%p_read19_rewind = phi i8 [ undef, %hls_label_1_begin ], [ %p_read19_phi, %ReuseLoop ], [ undef, %.preheader.0 ]" [firmware/nnet_utils/nnet_dense_resource.h:87]   --->   Operation 32 'phi' 'p_read19_rewind' <Predicate = true> <Delay = 0.00>
ST_3 : Operation 33 [1/1] (0.00ns)   --->   "%p_read120_rewind = phi i8 [ undef, %hls_label_1_begin ], [ %p_read120_phi, %ReuseLoop ], [ undef, %.preheader.0 ]" [firmware/nnet_utils/nnet_dense_resource.h:87]   --->   Operation 33 'phi' 'p_read120_rewind' <Predicate = true> <Delay = 0.00>
ST_3 : Operation 34 [1/1] (0.00ns)   --->   "%p_read221_rewind = phi i8 [ undef, %hls_label_1_begin ], [ %p_read221_phi, %ReuseLoop ], [ undef, %.preheader.0 ]" [firmware/nnet_utils/nnet_dense_resource.h:87]   --->   Operation 34 'phi' 'p_read221_rewind' <Predicate = true> <Delay = 0.00>
ST_3 : Operation 35 [1/1] (0.00ns)   --->   "%p_read322_rewind = phi i8 [ undef, %hls_label_1_begin ], [ %p_read322_phi, %ReuseLoop ], [ undef, %.preheader.0 ]" [firmware/nnet_utils/nnet_dense_resource.h:87]   --->   Operation 35 'phi' 'p_read322_rewind' <Predicate = true> <Delay = 0.00>
ST_3 : Operation 36 [1/1] (0.00ns)   --->   "%p_read423_rewind = phi i8 [ undef, %hls_label_1_begin ], [ %p_read423_phi, %ReuseLoop ], [ undef, %.preheader.0 ]" [firmware/nnet_utils/nnet_dense_resource.h:87]   --->   Operation 36 'phi' 'p_read423_rewind' <Predicate = true> <Delay = 0.00>
ST_3 : Operation 37 [1/1] (0.00ns)   --->   "%p_read524_rewind = phi i8 [ undef, %hls_label_1_begin ], [ %p_read524_phi, %ReuseLoop ], [ undef, %.preheader.0 ]" [firmware/nnet_utils/nnet_dense_resource.h:87]   --->   Operation 37 'phi' 'p_read524_rewind' <Predicate = true> <Delay = 0.00>
ST_3 : Operation 38 [1/1] (0.00ns)   --->   "%p_read625_rewind = phi i8 [ undef, %hls_label_1_begin ], [ %p_read625_phi, %ReuseLoop ], [ undef, %.preheader.0 ]" [firmware/nnet_utils/nnet_dense_resource.h:87]   --->   Operation 38 'phi' 'p_read625_rewind' <Predicate = true> <Delay = 0.00>
ST_3 : Operation 39 [1/1] (0.00ns)   --->   "%p_read726_rewind = phi i8 [ undef, %hls_label_1_begin ], [ %p_read726_phi, %ReuseLoop ], [ undef, %.preheader.0 ]" [firmware/nnet_utils/nnet_dense_resource.h:87]   --->   Operation 39 'phi' 'p_read726_rewind' <Predicate = true> <Delay = 0.00>
ST_3 : Operation 40 [1/1] (1.76ns)   --->   "br i1 %do_init, label %hls_label_1_end, label %ReuseLoop"   --->   Operation 40 'br' <Predicate = true> <Delay = 1.76>
ST_3 : Operation 41 [1/1] (0.00ns)   --->   "%p_read19_phi = phi i8 [ %p_read19, %hls_label_1_end ], [ %p_read19_rewind, %rewind_header ]" [firmware/nnet_utils/nnet_dense_resource.h:87]   --->   Operation 41 'phi' 'p_read19_phi' <Predicate = true> <Delay = 0.00>
ST_3 : Operation 42 [1/1] (0.00ns)   --->   "%p_read120_phi = phi i8 [ %p_read_11, %hls_label_1_end ], [ %p_read120_rewind, %rewind_header ]" [firmware/nnet_utils/nnet_dense_resource.h:87]   --->   Operation 42 'phi' 'p_read120_phi' <Predicate = true> <Delay = 0.00>
ST_3 : Operation 43 [1/1] (0.00ns)   --->   "%p_read221_phi = phi i8 [ %p_read_10, %hls_label_1_end ], [ %p_read221_rewind, %rewind_header ]" [firmware/nnet_utils/nnet_dense_resource.h:87]   --->   Operation 43 'phi' 'p_read221_phi' <Predicate = true> <Delay = 0.00>
ST_3 : Operation 44 [1/1] (0.00ns)   --->   "%p_read322_phi = phi i8 [ %p_read_9, %hls_label_1_end ], [ %p_read322_rewind, %rewind_header ]" [firmware/nnet_utils/nnet_dense_resource.h:87]   --->   Operation 44 'phi' 'p_read322_phi' <Predicate = true> <Delay = 0.00>
ST_3 : Operation 45 [1/1] (0.00ns)   --->   "%p_read423_phi = phi i8 [ %p_read_8, %hls_label_1_end ], [ %p_read423_rewind, %rewind_header ]" [firmware/nnet_utils/nnet_dense_resource.h:87]   --->   Operation 45 'phi' 'p_read423_phi' <Predicate = true> <Delay = 0.00>
ST_3 : Operation 46 [1/1] (0.00ns)   --->   "%p_read524_phi = phi i8 [ %p_read_7, %hls_label_1_end ], [ %p_read524_rewind, %rewind_header ]" [firmware/nnet_utils/nnet_dense_resource.h:87]   --->   Operation 46 'phi' 'p_read524_phi' <Predicate = true> <Delay = 0.00>
ST_3 : Operation 47 [1/1] (0.00ns)   --->   "%p_read625_phi = phi i8 [ %p_read_6, %hls_label_1_end ], [ %p_read625_rewind, %rewind_header ]" [firmware/nnet_utils/nnet_dense_resource.h:87]   --->   Operation 47 'phi' 'p_read625_phi' <Predicate = true> <Delay = 0.00>
ST_3 : Operation 48 [1/1] (0.00ns)   --->   "%p_read726_phi = phi i8 [ %p_read_5, %hls_label_1_end ], [ %p_read726_rewind, %rewind_header ]" [firmware/nnet_utils/nnet_dense_resource.h:87]   --->   Operation 48 'phi' 'p_read726_phi' <Predicate = true> <Delay = 0.00>
ST_3 : Operation 49 [1/2] (3.25ns)   --->   "%out_index = load i1* %outidx4_addr, align 1" [firmware/nnet_utils/nnet_dense_resource.h:139]   --->   Operation 49 'load' 'out_index' <Predicate = true> <Delay = 3.25> <Core = "ROM_nP">   --->   Core 52 'ROM_nP' <Latency = 1> <II = 1> <Delay = 3.25> <Storage> <Opcode : 'load'> <Ports = 0> <Width = 1> <Depth = 16> <ROM>
ST_3 : Operation 50 [1/1] (0.00ns)   --->   "%trunc_ln145 = trunc i32 %in_index_017 to i3" [firmware/nnet_utils/nnet_dense_resource.h:145]   --->   Operation 50 'trunc' 'trunc_ln145' <Predicate = true> <Delay = 0.00>
ST_3 : Operation 51 [1/1] (2.47ns)   --->   "%tmp_36 = call i8 @_ssdm_op_Mux.ap_auto.8i8.i3(i8 %p_read19_phi, i8 %p_read120_phi, i8 %p_read221_phi, i8 %p_read322_phi, i8 %p_read423_phi, i8 %p_read524_phi, i8 %p_read625_phi, i8 %p_read726_phi, i3 %trunc_ln145)" [firmware/nnet_utils/nnet_dense_resource.h:145]   --->   Operation 51 'mux' 'tmp_36' <Predicate = true> <Delay = 2.47> <Core = "MuxnS">   --->   Core 31 'MuxnS' <Latency = 0> <II = 1> <Delay = 2.47> <FuncUnit> <Opcode : 'mux'> <InPorts = 2> <OutPorts = 1>
ST_3 : Operation 52 [1/2] (3.25ns)   --->   "%w5_V_load = load i13* %w5_V_addr, align 2" [firmware/nnet_utils/nnet_dense_resource.h:145]   --->   Operation 52 'load' 'w5_V_load' <Predicate = true> <Delay = 3.25> <Core = "ROM_nP_BRAM">   --->   Core 55 'ROM_nP_BRAM' <Latency = 1> <II = 1> <Delay = 3.25> <Storage> <Opcode : 'load'> <Ports = 0> <Width = 13> <Depth = 16> <ROM>
ST_3 : Operation 53 [1/1] (0.00ns)   --->   "%trunc_ln145_1 = trunc i13 %w5_V_load to i8" [firmware/nnet_utils/nnet_dense_resource.h:145]   --->   Operation 53 'trunc' 'trunc_ln145_1' <Predicate = true> <Delay = 0.00>
ST_3 : Operation 54 [1/1] (0.00ns)   --->   "%tmp_37 = call i5 @_ssdm_op_PartSelect.i5.i13.i32.i32(i13 %w5_V_load, i32 8, i32 12)" [firmware/nnet_utils/nnet_dense_resource.h:145]   --->   Operation 54 'partselect' 'tmp_37' <Predicate = true> <Delay = 0.00>
ST_3 : Operation 55 [1/1] (0.69ns)   --->   "%select_ln154 = select i1 %icmp_ln154, i32 0, i32 %in_index" [firmware/nnet_utils/nnet_dense_resource.h:154]   --->   Operation 55 'select' 'select_ln154' <Predicate = true> <Delay = 0.69> <Core = "Sel">   --->   Core 26 'Sel' <Latency = 0> <II = 1> <Delay = 0.69> <FuncUnit> <Opcode : 'select'> <InPorts = 3> <OutPorts = 1>

State 4 <SV = 3> <Delay = 4.17>
ST_4 : Operation 56 [1/1] (0.00ns)   --->   "%zext_ln1116 = zext i8 %tmp_36 to i16" [firmware/nnet_utils/nnet_mult.h:73->firmware/nnet_utils/nnet_dense_resource.h:145]   --->   Operation 56 'zext' 'zext_ln1116' <Predicate = true> <Delay = 0.00>
ST_4 : Operation 57 [1/1] (0.00ns)   --->   "%zext_ln1118 = zext i8 %tmp_36 to i13" [firmware/nnet_utils/nnet_mult.h:73->firmware/nnet_utils/nnet_dense_resource.h:145]   --->   Operation 57 'zext' 'zext_ln1118' <Predicate = true> <Delay = 0.00>
ST_4 : Operation 58 [1/1] (0.00ns)   --->   "%sext_ln1118 = sext i8 %trunc_ln145_1 to i16" [firmware/nnet_utils/nnet_mult.h:73->firmware/nnet_utils/nnet_dense_resource.h:145]   --->   Operation 58 'sext' 'sext_ln1118' <Predicate = true> <Delay = 0.00>
ST_4 : Operation 59 [1/1] (4.17ns)   --->   "%mul_ln1118 = mul i16 %zext_ln1116, %sext_ln1118" [firmware/nnet_utils/nnet_mult.h:73->firmware/nnet_utils/nnet_dense_resource.h:145]   --->   Operation 59 'mul' 'mul_ln1118' <Predicate = true> <Delay = 4.17> <Core = "Mul">   --->   Core 16 'Mul' <Latency = 0> <II = 1> <Delay = 4.17> <FuncUnit> <Opcode : 'mul'> <InPorts = 2> <OutPorts = 1>
ST_4 : Operation 60 [1/1] (0.00ns)   --->   "%sext_ln1118_8 = sext i5 %tmp_37 to i13" [firmware/nnet_utils/nnet_mult.h:73->firmware/nnet_utils/nnet_dense_resource.h:145]   --->   Operation 60 'sext' 'sext_ln1118_8' <Predicate = true> <Delay = 0.00>
ST_4 : Operation 61 [1/1] (4.17ns)   --->   "%mul_ln1118_8 = mul i13 %zext_ln1118, %sext_ln1118_8" [firmware/nnet_utils/nnet_mult.h:73->firmware/nnet_utils/nnet_dense_resource.h:145]   --->   Operation 61 'mul' 'mul_ln1118_8' <Predicate = true> <Delay = 4.17> <Core = "Mul">   --->   Core 16 'Mul' <Latency = 0> <II = 1> <Delay = 4.17> <FuncUnit> <Opcode : 'mul'> <InPorts = 2> <OutPorts = 1>

State 5 <SV = 4> <Delay = 2.88>
ST_5 : Operation 62 [1/1] (0.00ns)   --->   "%p_Val2_16 = phi i16 [ 480, %hls_label_1_begin ], [ %acc_1_V_3, %ReuseLoop ], [ 480, %.preheader.0 ]"   --->   Operation 62 'phi' 'p_Val2_16' <Predicate = true> <Delay = 0.00>
ST_5 : Operation 63 [1/1] (0.00ns)   --->   "%p_Val2_814 = phi i16 [ 320, %hls_label_1_begin ], [ %acc_1_V, %ReuseLoop ], [ 320, %.preheader.0 ]"   --->   Operation 63 'phi' 'p_Val2_814' <Predicate = true> <Delay = 0.00>
ST_5 : Operation 64 [1/1] (0.00ns)   --->   "%p_Val2_912 = phi i16 [ -160, %hls_label_1_begin ], [ %acc_3_V_3, %ReuseLoop ], [ -160, %.preheader.0 ]"   --->   Operation 64 'phi' 'p_Val2_912' <Predicate = true> <Delay = 0.00>
ST_5 : Operation 65 [1/1] (0.00ns)   --->   "%p_Val2_1010 = phi i16 [ 288, %hls_label_1_begin ], [ %acc_3_V, %ReuseLoop ], [ 288, %.preheader.0 ]"   --->   Operation 65 'phi' 'p_Val2_1010' <Predicate = true> <Delay = 0.00>
ST_5 : Operation 66 [1/1] (0.00ns)   --->   "call void (...)* @_ssdm_op_SpecMemCore([16 x i13]* @w5_V, [1 x i8]* @p_str13, [12 x i8]* @p_str17, [1 x i8]* @p_str13, i32 -1, [1 x i8]* @p_str13, [1 x i8]* @p_str13, [1 x i8]* @p_str13, [1 x i8]* @p_str13, [1 x i8]* @p_str13)"   --->   Operation 66 'specmemcore' <Predicate = (do_init)> <Delay = 0.00>
ST_5 : Operation 67 [1/1] (0.00ns)   --->   "%empty_26 = call i32 (...)* @_ssdm_op_SpecRegionEnd([12 x i8]* @p_str26, i32 %tmp)" [firmware/nnet_utils/nnet_dense_resource.h:108]   --->   Operation 67 'specregionend' 'empty_26' <Predicate = (do_init)> <Delay = 0.00>
ST_5 : Operation 68 [1/1] (0.00ns)   --->   "call void (...)* @_ssdm_op_SpecLoopName([10 x i8]* @p_str20) nounwind" [firmware/nnet_utils/nnet_dense_resource.h:135]   --->   Operation 68 'specloopname' <Predicate = true> <Delay = 0.00>
ST_5 : Operation 69 [1/1] (0.00ns)   --->   "%tmp_s = call i32 (...)* @_ssdm_op_SpecRegionBegin([10 x i8]* @p_str20)" [firmware/nnet_utils/nnet_dense_resource.h:135]   --->   Operation 69 'specregionbegin' 'tmp_s' <Predicate = true> <Delay = 0.00>
ST_5 : Operation 70 [1/1] (0.00ns)   --->   "call void (...)* @_ssdm_op_SpecPipeline(i32 1, i32 1, i32 1, i32 0, [1 x i8]* @p_str13) nounwind" [firmware/nnet_utils/nnet_dense_resource.h:136]   --->   Operation 70 'specpipeline' <Predicate = true> <Delay = 0.00>
ST_5 : Operation 71 [1/1] (0.00ns) (grouped into LUT with out node acc_0_V)   --->   "%trunc_ln = call i15 @_ssdm_op_PartSelect.i15.i16.i32.i32(i16 %mul_ln1118, i32 1, i32 15)" [firmware/nnet_utils/nnet_dense_resource.h:145]   --->   Operation 71 'partselect' 'trunc_ln' <Predicate = true> <Delay = 0.00>
ST_5 : Operation 72 [1/1] (0.00ns) (grouped into LUT with out node acc_0_V)   --->   "%sext_ln708 = sext i15 %trunc_ln to i16" [firmware/nnet_utils/nnet_dense_resource.h:145]   --->   Operation 72 'sext' 'sext_ln708' <Predicate = true> <Delay = 0.00>
ST_5 : Operation 73 [1/1] (0.00ns) (grouped into LUT with out node acc_0_V)   --->   "%select_ln1265 = select i1 %out_index, i16 %p_Val2_814, i16 %p_Val2_16" [firmware/nnet_utils/nnet_dense_resource.h:145]   --->   Operation 73 'select' 'select_ln1265' <Predicate = true> <Delay = 0.00> <Core = "Sel">   --->   Core 26 'Sel' <Latency = 0> <II = 1> <Delay = 0.69> <FuncUnit> <Opcode : 'select'> <InPorts = 3> <OutPorts = 1>
ST_5 : Operation 74 [1/1] (2.07ns) (out node of the LUT)   --->   "%acc_0_V = add i16 %select_ln1265, %sext_ln708" [firmware/nnet_utils/nnet_dense_resource.h:145]   --->   Operation 74 'add' 'acc_0_V' <Predicate = true> <Delay = 2.07> <Core = "AddSub">   --->   Core 14 'AddSub' <Latency = 0> <II = 1> <Delay = 1.73> <FuncUnit> <Opcode : 'add' 'sub'> <InPorts = 2> <OutPorts = 1>
ST_5 : Operation 75 [1/1] (0.80ns)   --->   "%acc_1_V = select i1 %out_index, i16 %acc_0_V, i16 %p_Val2_814" [firmware/nnet_utils/nnet_dense_resource.h:145]   --->   Operation 75 'select' 'acc_1_V' <Predicate = true> <Delay = 0.80> <Core = "Sel">   --->   Core 26 'Sel' <Latency = 0> <II = 1> <Delay = 0.69> <FuncUnit> <Opcode : 'select'> <InPorts = 3> <OutPorts = 1>
ST_5 : Operation 76 [1/1] (0.80ns)   --->   "%acc_1_V_3 = select i1 %out_index, i16 %p_Val2_16, i16 %acc_0_V" [firmware/nnet_utils/nnet_dense_resource.h:145]   --->   Operation 76 'select' 'acc_1_V_3' <Predicate = true> <Delay = 0.80> <Core = "Sel">   --->   Core 26 'Sel' <Latency = 0> <II = 1> <Delay = 0.69> <FuncUnit> <Opcode : 'select'> <InPorts = 3> <OutPorts = 1>
ST_5 : Operation 77 [1/1] (0.00ns) (grouped into LUT with out node acc_2_V)   --->   "%trunc_ln708_s = call i12 @_ssdm_op_PartSelect.i12.i13.i32.i32(i13 %mul_ln1118_8, i32 1, i32 12)" [firmware/nnet_utils/nnet_dense_resource.h:145]   --->   Operation 77 'partselect' 'trunc_ln708_s' <Predicate = true> <Delay = 0.00>
ST_5 : Operation 78 [1/1] (0.00ns) (grouped into LUT with out node acc_2_V)   --->   "%sext_ln708_1 = sext i12 %trunc_ln708_s to i16" [firmware/nnet_utils/nnet_dense_resource.h:145]   --->   Operation 78 'sext' 'sext_ln708_1' <Predicate = true> <Delay = 0.00>
ST_5 : Operation 79 [1/1] (0.00ns) (grouped into LUT with out node acc_2_V)   --->   "%select_ln1265_1 = select i1 %out_index, i16 %p_Val2_1010, i16 %p_Val2_912" [firmware/nnet_utils/nnet_dense_resource.h:145]   --->   Operation 79 'select' 'select_ln1265_1' <Predicate = true> <Delay = 0.00> <Core = "Sel">   --->   Core 26 'Sel' <Latency = 0> <II = 1> <Delay = 0.69> <FuncUnit> <Opcode : 'select'> <InPorts = 3> <OutPorts = 1>
ST_5 : Operation 80 [1/1] (2.07ns) (out node of the LUT)   --->   "%acc_2_V = add i16 %select_ln1265_1, %sext_ln708_1" [firmware/nnet_utils/nnet_dense_resource.h:145]   --->   Operation 80 'add' 'acc_2_V' <Predicate = true> <Delay = 2.07> <Core = "AddSub">   --->   Core 14 'AddSub' <Latency = 0> <II = 1> <Delay = 1.73> <FuncUnit> <Opcode : 'add' 'sub'> <InPorts = 2> <OutPorts = 1>
ST_5 : Operation 81 [1/1] (0.80ns)   --->   "%acc_3_V = select i1 %out_index, i16 %acc_2_V, i16 %p_Val2_1010" [firmware/nnet_utils/nnet_dense_resource.h:145]   --->   Operation 81 'select' 'acc_3_V' <Predicate = true> <Delay = 0.80> <Core = "Sel">   --->   Core 26 'Sel' <Latency = 0> <II = 1> <Delay = 0.69> <FuncUnit> <Opcode : 'select'> <InPorts = 3> <OutPorts = 1>
ST_5 : Operation 82 [1/1] (0.80ns)   --->   "%acc_3_V_3 = select i1 %out_index, i16 %p_Val2_912, i16 %acc_2_V" [firmware/nnet_utils/nnet_dense_resource.h:145]   --->   Operation 82 'select' 'acc_3_V_3' <Predicate = true> <Delay = 0.80> <Core = "Sel">   --->   Core 26 'Sel' <Latency = 0> <II = 1> <Delay = 0.69> <FuncUnit> <Opcode : 'select'> <InPorts = 3> <OutPorts = 1>
ST_5 : Operation 83 [1/1] (0.00ns)   --->   "%empty = call i32 (...)* @_ssdm_op_SpecRegionEnd([10 x i8]* @p_str20, i32 %tmp_s)" [firmware/nnet_utils/nnet_dense_resource.h:158]   --->   Operation 83 'specregionend' 'empty' <Predicate = true> <Delay = 0.00>
ST_5 : Operation 84 [1/1] (0.00ns)   --->   "%empty_25 = call i32 (...)* @_ssdm_op_SpecLoopTripCount(i64 16, i64 16, i64 16)"   --->   Operation 84 'speclooptripcount' 'empty_25' <Predicate = true> <Delay = 0.00>
ST_5 : Operation 85 [1/1] (0.00ns)   --->   "%res_0_V_write_assign = call i17 @_ssdm_op_BitConcatenate.i17.i16.i1(i16 %acc_1_V_3, i1 false)" [firmware/nnet_utils/nnet_mult.h:111->firmware/nnet_utils/nnet_dense_resource.h:164]   --->   Operation 85 'bitconcatenate' 'res_0_V_write_assign' <Predicate = (icmp_ln135)> <Delay = 0.00>
ST_5 : Operation 86 [1/1] (0.00ns)   --->   "%res_1_V_write_assign = call i17 @_ssdm_op_BitConcatenate.i17.i16.i1(i16 %acc_1_V, i1 false)" [firmware/nnet_utils/nnet_mult.h:111->firmware/nnet_utils/nnet_dense_resource.h:164]   --->   Operation 86 'bitconcatenate' 'res_1_V_write_assign' <Predicate = (icmp_ln135)> <Delay = 0.00>
ST_5 : Operation 87 [1/1] (0.00ns)   --->   "%res_2_V_write_assign = call i17 @_ssdm_op_BitConcatenate.i17.i16.i1(i16 %acc_3_V_3, i1 false)" [firmware/nnet_utils/nnet_mult.h:111->firmware/nnet_utils/nnet_dense_resource.h:164]   --->   Operation 87 'bitconcatenate' 'res_2_V_write_assign' <Predicate = (icmp_ln135)> <Delay = 0.00>
ST_5 : Operation 88 [1/1] (0.00ns)   --->   "%res_3_V_write_assign = call i17 @_ssdm_op_BitConcatenate.i17.i16.i1(i16 %acc_3_V, i1 false)" [firmware/nnet_utils/nnet_mult.h:111->firmware/nnet_utils/nnet_dense_resource.h:164]   --->   Operation 88 'bitconcatenate' 'res_3_V_write_assign' <Predicate = (icmp_ln135)> <Delay = 0.00>
ST_5 : Operation 89 [1/1] (0.00ns)   --->   "%mrv = insertvalue { i17, i17, i17, i17 } undef, i17 %res_0_V_write_assign, 0" [firmware/nnet_utils/nnet_dense_resource.h:166]   --->   Operation 89 'insertvalue' 'mrv' <Predicate = (icmp_ln135)> <Delay = 0.00>
ST_5 : Operation 90 [1/1] (0.00ns)   --->   "%mrv_1 = insertvalue { i17, i17, i17, i17 } %mrv, i17 %res_1_V_write_assign, 1" [firmware/nnet_utils/nnet_dense_resource.h:166]   --->   Operation 90 'insertvalue' 'mrv_1' <Predicate = (icmp_ln135)> <Delay = 0.00>
ST_5 : Operation 91 [1/1] (0.00ns)   --->   "%mrv_2 = insertvalue { i17, i17, i17, i17 } %mrv_1, i17 %res_2_V_write_assign, 2" [firmware/nnet_utils/nnet_dense_resource.h:166]   --->   Operation 91 'insertvalue' 'mrv_2' <Predicate = (icmp_ln135)> <Delay = 0.00>
ST_5 : Operation 92 [1/1] (0.00ns)   --->   "%mrv_3 = insertvalue { i17, i17, i17, i17 } %mrv_2, i17 %res_3_V_write_assign, 3" [firmware/nnet_utils/nnet_dense_resource.h:166]   --->   Operation 92 'insertvalue' 'mrv_3' <Predicate = (icmp_ln135)> <Delay = 0.00>
ST_5 : Operation 93 [1/1] (0.00ns)   --->   "call void (...)* @_ssdm_op_Return({ i17, i17, i17, i17 } %mrv_3)" [firmware/nnet_utils/nnet_dense_resource.h:166]   --->   Operation 93 'return' <Predicate = (icmp_ln135)> <Delay = 0.00>


============================================================
+ Verbose Summary: Timing violations
============================================================
Target clock period: 5ns, clock uncertainty: 0.625ns.

 <State 1>: 1.77ns
The critical path consists of the following:
	multiplexor before 'phi' operation ('do_init') [16]  (1.77 ns)

 <State 2>: 5.02ns
The critical path consists of the following:
	'phi' operation ('in_index_017', firmware/nnet_utils/nnet_dense_resource.h:154) with incoming values : ('select_ln154', firmware/nnet_utils/nnet_dense_resource.h:154) [26]  (0 ns)
	'add' operation ('in_index', firmware/nnet_utils/nnet_dense_resource.h:153) [83]  (2.55 ns)
	'icmp' operation ('icmp_ln154', firmware/nnet_utils/nnet_dense_resource.h:154) [85]  (2.46 ns)

 <State 3>: 5.71ns
The critical path consists of the following:
	'select' operation ('select_ln154', firmware/nnet_utils/nnet_dense_resource.h:154) [86]  (0.698 ns)
	'phi' operation ('in_index_017', firmware/nnet_utils/nnet_dense_resource.h:154) with incoming values : ('select_ln154', firmware/nnet_utils/nnet_dense_resource.h:154) [26]  (0 ns)
	'add' operation ('in_index', firmware/nnet_utils/nnet_dense_resource.h:153) [83]  (2.55 ns)
	'icmp' operation ('icmp_ln154', firmware/nnet_utils/nnet_dense_resource.h:154) [85]  (2.46 ns)

 <State 4>: 4.17ns
The critical path consists of the following:
	'mul' operation ('mul_ln1118', firmware/nnet_utils/nnet_mult.h:73->firmware/nnet_utils/nnet_dense_resource.h:145) [67]  (4.17 ns)

 <State 5>: 2.88ns
The critical path consists of the following:
	'phi' operation ('acc[1].V') with incoming values : ('acc[1].V', firmware/nnet_utils/nnet_dense_resource.h:145) [27]  (0 ns)
	'select' operation ('select_ln1265', firmware/nnet_utils/nnet_dense_resource.h:145) [70]  (0 ns)
	'add' operation ('acc[0].V', firmware/nnet_utils/nnet_dense_resource.h:145) [71]  (2.08 ns)
	'select' operation ('acc[1].V', firmware/nnet_utils/nnet_dense_resource.h:145) [73]  (0.805 ns)


============================================================
+ Verbose Summary: Binding
============================================================
N/A
* FSMD analyzer results:
  - Output states:
 - Input state : 
  - Chain level:
	State 1
	State 2
	State 3
	State 4
	State 5


============================================================
+ Verbose Summary: Datapath Resource usage 
============================================================
N/A
