

================================================================
== Vivado HLS Report for 'dense_resource_rf_gt_nin_rem0_ap_ufixed_ap_fixed_config14_0_0_0_0_0_0_0_0_0'
================================================================
* Date:           Wed May 20 11:15:38 2026

* Version:        2020.1 (Build 2897737 on Wed May 27 20:21:37 MDT 2020)
* Project:        myproject_prj
* Solution:       solution1
* Product family: zynq
* Target device:  xc7z020-clg400-1


================================================================
== Performance Estimates
================================================================
+ Timing: 
    * Summary: 
    +--------+---------+----------+------------+
    |  Clock |  Target | Estimated| Uncertainty|
    +--------+---------+----------+------------+
    |ap_clk  | 5.00 ns | 6.325 ns |   0.62 ns  |
    +--------+---------+----------+------------+

+ Latency: 
    * Summary: 
    +---------+---------+----------+----------+-----+-----+---------------------------------------------+
    |  Latency (cycles) |  Latency (absolute) |  Interval |                   Pipeline                  |
    |   min   |   max   |    min   |    max   | min | max |                     Type                    |
    +---------+---------+----------+----------+-----+-----+---------------------------------------------+
    |       19|       20| 0.120 us | 0.127 us |   16|   16| loop rewind(delay=0 initiation interval(s)) |
    +---------+---------+----------+----------+-----+-----+---------------------------------------------+

    + Detail: 
        * Instance: 
        N/A

        * Loop: 
        +-------------+---------+---------+----------+-----------+-----------+------+----------+
        |             |  Latency (cycles) | Iteration|  Initiation Interval  | Trip |          |
        |  Loop Name  |   min   |   max   |  Latency |  achieved |   target  | Count| Pipelined|
        +-------------+---------+---------+----------+-----------+-----------+------+----------+
        |- ReuseLoop  |       19|       19|         5|          1|          1|    16|    yes   |
        +-------------+---------+---------+----------+-----------+-----------+------+----------+

============================================================
+ Verbose Summary: Synthesis Manager
============================================================
InlineROM: 1
ExposeGlobal: 0
============================================================
+ Verbose Summary: CDFG Model
============================================================
IsTopModel: 0
ResetActiveHigh: 1
IsCombinational: 2
IsDatapathOnly: 0
HasWiredReturn: 1
HasMFsm: 0
HasVarLatency: 1
IsPipeline: 0
IsRtlPipelined: 0
IsInstanceOverlapped: 0
IsDontTouch: 0
HasImplIP: 0
IsGatedGlobalClock: 0

+ Individual pipeline summary: 
  * Pipeline-0: initiation interval (II) = 1, depth = 5


============================================================
+ Verbose Summary: Schedule
============================================================
* Number of FSM states : 6
* Pipeline : 1
  Pipeline-0 : II = 1, D = 5, States = { 2 3 4 5 6 }
* Dataflow Pipeline: 0

* FSM state transitions: 
1 --> 2 
2 --> 3 
3 --> 4 
4 --> 5 
5 --> 6 
6 --> 2 

* FSM state operations: 

State 1 <SV = 0> <Delay = 1.76>
ST_1 : Operation 7 [1/1] (0.00ns)   --->   "%tmp = call i32 (...)* @_ssdm_op_SpecRegionBegin([12 x i8]* @p_str23)" [firmware/nnet_utils/nnet_dense_resource.h:106]   --->   Operation 7 'specregionbegin' 'tmp' <Predicate = true> <Delay = 0.00>
ST_1 : Operation 8 [1/1] (1.76ns)   --->   "br label %rewind_header" [firmware/nnet_utils/nnet_dense_resource.h:135]   --->   Operation 8 'br' <Predicate = true> <Delay = 1.76>

State 2 <SV = 1> <Delay = 5.01>
ST_2 : Operation 9 [1/1] (0.00ns)   --->   "%do_init = phi i1 [ true, %hls_label_4_begin ], [ false, %ReuseLoop_end ], [ true, %.preheader.0 ]"   --->   Operation 9 'phi' 'do_init' <Predicate = true> <Delay = 0.00>
ST_2 : Operation 10 [1/1] (0.00ns)   --->   "%w_index26 = phi i4 [ 0, %hls_label_4_begin ], [ %w_index, %ReuseLoop_end ], [ 0, %.preheader.0 ]"   --->   Operation 10 'phi' 'w_index26' <Predicate = true> <Delay = 0.00>
ST_2 : Operation 11 [1/1] (0.00ns)   --->   "%in_index_025 = phi i32 [ 0, %hls_label_4_begin ], [ %select_ln154, %ReuseLoop_end ], [ 0, %.preheader.0 ]" [firmware/nnet_utils/nnet_dense_resource.h:154]   --->   Operation 11 'phi' 'in_index_025' <Predicate = true> <Delay = 0.00>
ST_2 : Operation 12 [1/1] (0.00ns)   --->   "%p_read_12 = call i8 @_ssdm_op_Read.ap_auto.i8(i8 %p_read3)" [firmware/nnet_utils/nnet_dense_resource.h:87]   --->   Operation 12 'read' 'p_read_12' <Predicate = (do_init)> <Delay = 0.00>
ST_2 : Operation 13 [1/1] (0.00ns)   --->   "%p_read_13 = call i8 @_ssdm_op_Read.ap_auto.i8(i8 %p_read2)" [firmware/nnet_utils/nnet_dense_resource.h:87]   --->   Operation 13 'read' 'p_read_13' <Predicate = (do_init)> <Delay = 0.00>
ST_2 : Operation 14 [1/1] (0.00ns)   --->   "%p_read_14 = call i8 @_ssdm_op_Read.ap_auto.i8(i8 %p_read1)" [firmware/nnet_utils/nnet_dense_resource.h:87]   --->   Operation 14 'read' 'p_read_14' <Predicate = (do_init)> <Delay = 0.00>
ST_2 : Operation 15 [1/1] (0.00ns)   --->   "%p_read27 = call i8 @_ssdm_op_Read.ap_auto.i8(i8 %p_read)" [firmware/nnet_utils/nnet_dense_resource.h:87]   --->   Operation 15 'read' 'p_read27' <Predicate = (do_init)> <Delay = 0.00>
ST_2 : Operation 16 [1/1] (1.76ns)   --->   "br label %ReuseLoop_begin" [firmware/nnet_utils/nnet_dense_resource.h:135]   --->   Operation 16 'br' <Predicate = (do_init)> <Delay = 1.76>
ST_2 : Operation 17 [1/1] (0.00ns)   --->   "%zext_ln139 = zext i4 %w_index26 to i64" [firmware/nnet_utils/nnet_dense_resource.h:139]   --->   Operation 17 'zext' 'zext_ln139' <Predicate = true> <Delay = 0.00>
ST_2 : Operation 18 [1/1] (0.00ns)   --->   "%outidx1_addr = getelementptr [16 x i2]* @outidx1, i64 0, i64 %zext_ln139" [firmware/nnet_utils/nnet_dense_resource.h:139]   --->   Operation 18 'getelementptr' 'outidx1_addr' <Predicate = true> <Delay = 0.00>
ST_2 : Operation 19 [2/2] (3.25ns)   --->   "%out_index = load i2* %outidx1_addr, align 1" [firmware/nnet_utils/nnet_dense_resource.h:139]   --->   Operation 19 'load' 'out_index' <Predicate = true> <Delay = 3.25> <Core = "ROM_nP">   --->   Core 52 'ROM_nP' <Latency = 1> <II = 1> <Delay = 3.25> <Storage> <Opcode : 'load'> <Ports = 0> <Width = 2> <Depth = 16> <ROM>
ST_2 : Operation 20 [1/1] (0.00ns)   --->   "%w14_V_addr = getelementptr [16 x i15]* @w14_V, i64 0, i64 %zext_ln139" [firmware/nnet_utils/nnet_dense_resource.h:145]   --->   Operation 20 'getelementptr' 'w14_V_addr' <Predicate = true> <Delay = 0.00>
ST_2 : Operation 21 [2/2] (3.25ns)   --->   "%w14_V_load = load i15* %w14_V_addr, align 2" [firmware/nnet_utils/nnet_dense_resource.h:145]   --->   Operation 21 'load' 'w14_V_load' <Predicate = true> <Delay = 3.25> <Core = "ROM_nP_BRAM">   --->   Core 55 'ROM_nP_BRAM' <Latency = 1> <II = 1> <Delay = 3.25> <Storage> <Opcode : 'load'> <Ports = 0> <Width = 15> <Depth = 16> <ROM>
ST_2 : Operation 22 [1/1] (1.73ns)   --->   "%w_index = add i4 1, %w_index26" [firmware/nnet_utils/nnet_dense_resource.h:135]   --->   Operation 22 'add' 'w_index' <Predicate = true> <Delay = 1.73> <Core = "AddSub">   --->   Core 14 'AddSub' <Latency = 0> <II = 1> <Delay = 2.55> <FuncUnit> <Opcode : 'add' 'sub'> <InPorts = 2> <OutPorts = 1>
ST_2 : Operation 23 [1/1] (2.55ns)   --->   "%in_index = add nsw i32 %in_index_025, 1" [firmware/nnet_utils/nnet_dense_resource.h:153]   --->   Operation 23 'add' 'in_index' <Predicate = true> <Delay = 2.55> <Core = "AddSub">   --->   Core 14 'AddSub' <Latency = 0> <II = 1> <Delay = 2.55> <FuncUnit> <Opcode : 'add' 'sub'> <InPorts = 2> <OutPorts = 1>
ST_2 : Operation 24 [1/1] (0.00ns)   --->   "%tmp_126 = call i30 @_ssdm_op_PartSelect.i30.i32.i32.i32(i32 %in_index, i32 2, i32 31)" [firmware/nnet_utils/nnet_dense_resource.h:154]   --->   Operation 24 'partselect' 'tmp_126' <Predicate = true> <Delay = 0.00>
ST_2 : Operation 25 [1/1] (2.46ns)   --->   "%icmp_ln154 = icmp sgt i30 %tmp_126, 0" [firmware/nnet_utils/nnet_dense_resource.h:154]   --->   Operation 25 'icmp' 'icmp_ln154' <Predicate = true> <Delay = 2.46> <Core = "Cmp">   --->   Core 25 'Cmp' <Latency = 0> <II = 1> <Delay = 1.30> <FuncUnit> <Opcode : 'icmp'> <InPorts = 2> <OutPorts = 1>
ST_2 : Operation 26 [1/1] (1.30ns)   --->   "%icmp_ln135 = icmp eq i4 %w_index26, -1" [firmware/nnet_utils/nnet_dense_resource.h:135]   --->   Operation 26 'icmp' 'icmp_ln135' <Predicate = true> <Delay = 1.30> <Core = "Cmp">   --->   Core 25 'Cmp' <Latency = 0> <II = 1> <Delay = 1.30> <FuncUnit> <Opcode : 'icmp'> <InPorts = 2> <OutPorts = 1>
ST_2 : Operation 27 [1/1] (0.00ns)   --->   "br i1 %icmp_ln135, label %.preheader.0, label %rewind_header" [firmware/nnet_utils/nnet_dense_resource.h:135]   --->   Operation 27 'br' <Predicate = true> <Delay = 0.00>
ST_2 : Operation 28 [1/1] (0.00ns)   --->   "br label %rewind_header" [firmware/nnet_utils/nnet_dense_resource.h:166]   --->   Operation 28 'br' <Predicate = (icmp_ln135)> <Delay = 0.00>

State 3 <SV = 2> <Delay = 5.71>
ST_3 : Operation 29 [1/1] (0.00ns)   --->   "%p_read27_rewind = phi i8 [ undef, %hls_label_4_begin ], [ %p_read27_phi, %ReuseLoop_end ], [ undef, %.preheader.0 ]" [firmware/nnet_utils/nnet_dense_resource.h:87]   --->   Operation 29 'phi' 'p_read27_rewind' <Predicate = true> <Delay = 0.00>
ST_3 : Operation 30 [1/1] (0.00ns)   --->   "%p_read128_rewind = phi i8 [ undef, %hls_label_4_begin ], [ %p_read128_phi, %ReuseLoop_end ], [ undef, %.preheader.0 ]" [firmware/nnet_utils/nnet_dense_resource.h:87]   --->   Operation 30 'phi' 'p_read128_rewind' <Predicate = true> <Delay = 0.00>
ST_3 : Operation 31 [1/1] (0.00ns)   --->   "%p_read229_rewind = phi i8 [ undef, %hls_label_4_begin ], [ %p_read229_phi, %ReuseLoop_end ], [ undef, %.preheader.0 ]" [firmware/nnet_utils/nnet_dense_resource.h:87]   --->   Operation 31 'phi' 'p_read229_rewind' <Predicate = true> <Delay = 0.00>
ST_3 : Operation 32 [1/1] (0.00ns)   --->   "%p_read330_rewind = phi i8 [ undef, %hls_label_4_begin ], [ %p_read330_phi, %ReuseLoop_end ], [ undef, %.preheader.0 ]" [firmware/nnet_utils/nnet_dense_resource.h:87]   --->   Operation 32 'phi' 'p_read330_rewind' <Predicate = true> <Delay = 0.00>
ST_3 : Operation 33 [1/1] (1.76ns)   --->   "br i1 %do_init, label %hls_label_4_end, label %ReuseLoop_begin"   --->   Operation 33 'br' <Predicate = true> <Delay = 1.76>
ST_3 : Operation 34 [1/1] (0.00ns)   --->   "%p_read27_phi = phi i8 [ %p_read27, %hls_label_4_end ], [ %p_read27_rewind, %rewind_header ]" [firmware/nnet_utils/nnet_dense_resource.h:87]   --->   Operation 34 'phi' 'p_read27_phi' <Predicate = true> <Delay = 0.00>
ST_3 : Operation 35 [1/1] (0.00ns)   --->   "%p_read128_phi = phi i8 [ %p_read_14, %hls_label_4_end ], [ %p_read128_rewind, %rewind_header ]" [firmware/nnet_utils/nnet_dense_resource.h:87]   --->   Operation 35 'phi' 'p_read128_phi' <Predicate = true> <Delay = 0.00>
ST_3 : Operation 36 [1/1] (0.00ns)   --->   "%p_read229_phi = phi i8 [ %p_read_13, %hls_label_4_end ], [ %p_read229_rewind, %rewind_header ]" [firmware/nnet_utils/nnet_dense_resource.h:87]   --->   Operation 36 'phi' 'p_read229_phi' <Predicate = true> <Delay = 0.00>
ST_3 : Operation 37 [1/1] (0.00ns)   --->   "%p_read330_phi = phi i8 [ %p_read_12, %hls_label_4_end ], [ %p_read330_rewind, %rewind_header ]" [firmware/nnet_utils/nnet_dense_resource.h:87]   --->   Operation 37 'phi' 'p_read330_phi' <Predicate = true> <Delay = 0.00>
ST_3 : Operation 38 [1/2] (3.25ns)   --->   "%out_index = load i2* %outidx1_addr, align 1" [firmware/nnet_utils/nnet_dense_resource.h:139]   --->   Operation 38 'load' 'out_index' <Predicate = true> <Delay = 3.25> <Core = "ROM_nP">   --->   Core 52 'ROM_nP' <Latency = 1> <II = 1> <Delay = 3.25> <Storage> <Opcode : 'load'> <Ports = 0> <Width = 2> <Depth = 16> <ROM>
ST_3 : Operation 39 [1/1] (0.00ns)   --->   "%trunc_ln145 = trunc i32 %in_index_025 to i2" [firmware/nnet_utils/nnet_dense_resource.h:145]   --->   Operation 39 'trunc' 'trunc_ln145' <Predicate = true> <Delay = 0.00>
ST_3 : Operation 40 [1/1] (1.95ns)   --->   "%tmp_38 = call i8 @_ssdm_op_Mux.ap_auto.4i8.i2(i8 %p_read27_phi, i8 %p_read128_phi, i8 %p_read229_phi, i8 %p_read330_phi, i2 %trunc_ln145)" [firmware/nnet_utils/nnet_dense_resource.h:145]   --->   Operation 40 'mux' 'tmp_38' <Predicate = true> <Delay = 1.95> <Core = "MuxnS">   --->   Core 31 'MuxnS' <Latency = 0> <II = 1> <Delay = 2.47> <FuncUnit> <Opcode : 'mux'> <InPorts = 2> <OutPorts = 1>
ST_3 : Operation 41 [1/2] (3.25ns)   --->   "%w14_V_load = load i15* %w14_V_addr, align 2" [firmware/nnet_utils/nnet_dense_resource.h:145]   --->   Operation 41 'load' 'w14_V_load' <Predicate = true> <Delay = 3.25> <Core = "ROM_nP_BRAM">   --->   Core 55 'ROM_nP_BRAM' <Latency = 1> <II = 1> <Delay = 3.25> <Storage> <Opcode : 'load'> <Ports = 0> <Width = 15> <Depth = 16> <ROM>
ST_3 : Operation 42 [1/1] (0.00ns)   --->   "%trunc_ln145_2 = trunc i15 %w14_V_load to i8" [firmware/nnet_utils/nnet_dense_resource.h:145]   --->   Operation 42 'trunc' 'trunc_ln145_2' <Predicate = true> <Delay = 0.00>
ST_3 : Operation 43 [1/1] (0.00ns)   --->   "%tmp_39 = call i7 @_ssdm_op_PartSelect.i7.i15.i32.i32(i15 %w14_V_load, i32 8, i32 14)" [firmware/nnet_utils/nnet_dense_resource.h:145]   --->   Operation 43 'partselect' 'tmp_39' <Predicate = true> <Delay = 0.00>
ST_3 : Operation 44 [1/1] (0.69ns)   --->   "%select_ln154 = select i1 %icmp_ln154, i32 0, i32 %in_index" [firmware/nnet_utils/nnet_dense_resource.h:154]   --->   Operation 44 'select' 'select_ln154' <Predicate = true> <Delay = 0.69> <Core = "Sel">   --->   Core 26 'Sel' <Latency = 0> <II = 1> <Delay = 0.69> <FuncUnit> <Opcode : 'select'> <InPorts = 3> <OutPorts = 1>

State 4 <SV = 3> <Delay = 4.17>
ST_4 : Operation 45 [1/1] (0.00ns)   --->   "%zext_ln1116 = zext i8 %tmp_38 to i16" [firmware/nnet_utils/nnet_mult.h:73->firmware/nnet_utils/nnet_dense_resource.h:145]   --->   Operation 45 'zext' 'zext_ln1116' <Predicate = true> <Delay = 0.00>
ST_4 : Operation 46 [1/1] (0.00ns)   --->   "%zext_ln1118 = zext i8 %tmp_38 to i15" [firmware/nnet_utils/nnet_mult.h:73->firmware/nnet_utils/nnet_dense_resource.h:145]   --->   Operation 46 'zext' 'zext_ln1118' <Predicate = true> <Delay = 0.00>
ST_4 : Operation 47 [1/1] (0.00ns)   --->   "%sext_ln1118 = sext i8 %trunc_ln145_2 to i16" [firmware/nnet_utils/nnet_mult.h:73->firmware/nnet_utils/nnet_dense_resource.h:145]   --->   Operation 47 'sext' 'sext_ln1118' <Predicate = true> <Delay = 0.00>
ST_4 : Operation 48 [1/1] (4.17ns)   --->   "%mul_ln1118 = mul i16 %zext_ln1116, %sext_ln1118" [firmware/nnet_utils/nnet_mult.h:73->firmware/nnet_utils/nnet_dense_resource.h:145]   --->   Operation 48 'mul' 'mul_ln1118' <Predicate = true> <Delay = 4.17> <Core = "Mul">   --->   Core 16 'Mul' <Latency = 0> <II = 1> <Delay = 4.17> <FuncUnit> <Opcode : 'mul'> <InPorts = 2> <OutPorts = 1>
ST_4 : Operation 49 [1/1] (0.00ns)   --->   "%trunc_ln = call i15 @_ssdm_op_PartSelect.i15.i16.i32.i32(i16 %mul_ln1118, i32 1, i32 15)" [firmware/nnet_utils/nnet_dense_resource.h:145]   --->   Operation 49 'partselect' 'trunc_ln' <Predicate = true> <Delay = 0.00>
ST_4 : Operation 50 [1/1] (0.00ns)   --->   "%sext_ln1118_9 = sext i7 %tmp_39 to i15" [firmware/nnet_utils/nnet_mult.h:73->firmware/nnet_utils/nnet_dense_resource.h:145]   --->   Operation 50 'sext' 'sext_ln1118_9' <Predicate = true> <Delay = 0.00>
ST_4 : Operation 51 [1/1] (4.17ns)   --->   "%mul_ln1118_9 = mul i15 %zext_ln1118, %sext_ln1118_9" [firmware/nnet_utils/nnet_mult.h:73->firmware/nnet_utils/nnet_dense_resource.h:145]   --->   Operation 51 'mul' 'mul_ln1118_9' <Predicate = true> <Delay = 4.17> <Core = "Mul">   --->   Core 16 'Mul' <Latency = 0> <II = 1> <Delay = 4.17> <FuncUnit> <Opcode : 'mul'> <InPorts = 2> <OutPorts = 1>
ST_4 : Operation 52 [1/1] (0.00ns)   --->   "%trunc_ln708_s = call i14 @_ssdm_op_PartSelect.i14.i15.i32.i32(i15 %mul_ln1118_9, i32 1, i32 14)" [firmware/nnet_utils/nnet_dense_resource.h:145]   --->   Operation 52 'partselect' 'trunc_ln708_s' <Predicate = true> <Delay = 0.00>

State 5 <SV = 4> <Delay = 4.55>
ST_5 : Operation 53 [1/1] (0.00ns)   --->   "%p_Val2_24 = phi i16 [ 0, %hls_label_4_begin ], [ %p_Val2_s, %ReuseLoop_end ], [ 0, %.preheader.0 ]"   --->   Operation 53 'phi' 'p_Val2_24' <Predicate = true> <Delay = 0.00>
ST_5 : Operation 54 [1/1] (0.00ns)   --->   "%p_Val2_1122 = phi i16 [ 0, %hls_label_4_begin ], [ %p_Val2_13, %ReuseLoop_end ], [ 0, %.preheader.0 ]"   --->   Operation 54 'phi' 'p_Val2_1122' <Predicate = true> <Delay = 0.00>
ST_5 : Operation 55 [1/1] (0.00ns)   --->   "%p_Val2_1220 = phi i16 [ -64, %hls_label_4_begin ], [ %p_Val2_14, %ReuseLoop_end ], [ -64, %.preheader.0 ]"   --->   Operation 55 'phi' 'p_Val2_1220' <Predicate = true> <Delay = 0.00>
ST_5 : Operation 56 [1/1] (0.00ns)   --->   "%p_Val2_1318 = phi i16 [ 384, %hls_label_4_begin ], [ %p_Val2_15, %ReuseLoop_end ], [ 384, %.preheader.0 ]"   --->   Operation 56 'phi' 'p_Val2_1318' <Predicate = true> <Delay = 0.00>
ST_5 : Operation 57 [1/1] (0.00ns)   --->   "%p_Val2_1416 = phi i16 [ 448, %hls_label_4_begin ], [ %p_Val2_16, %ReuseLoop_end ], [ 448, %.preheader.0 ]"   --->   Operation 57 'phi' 'p_Val2_1416' <Predicate = true> <Delay = 0.00>
ST_5 : Operation 58 [1/1] (0.00ns)   --->   "%p_Val2_1514 = phi i16 [ -320, %hls_label_4_begin ], [ %p_Val2_17, %ReuseLoop_end ], [ -320, %.preheader.0 ]"   --->   Operation 58 'phi' 'p_Val2_1514' <Predicate = true> <Delay = 0.00>
ST_5 : Operation 59 [1/1] (0.00ns)   --->   "%p_Val2_1612 = phi i16 [ 224, %hls_label_4_begin ], [ %p_Val2_18, %ReuseLoop_end ], [ 224, %.preheader.0 ]"   --->   Operation 59 'phi' 'p_Val2_1612' <Predicate = true> <Delay = 0.00>
ST_5 : Operation 60 [1/1] (0.00ns)   --->   "%p_Val2_1710 = phi i16 [ -192, %hls_label_4_begin ], [ %p_Val2_19, %ReuseLoop_end ], [ -192, %.preheader.0 ]"   --->   Operation 60 'phi' 'p_Val2_1710' <Predicate = true> <Delay = 0.00>
ST_5 : Operation 61 [1/1] (0.00ns)   --->   "%sext_ln708 = sext i15 %trunc_ln to i16" [firmware/nnet_utils/nnet_dense_resource.h:145]   --->   Operation 61 'sext' 'sext_ln708' <Predicate = true> <Delay = 0.00>
ST_5 : Operation 62 [1/1] (1.95ns)   --->   "%phi_ln = call i16 @_ssdm_op_Mux.ap_auto.4i16.i2(i16 %p_Val2_24, i16 %p_Val2_1122, i16 %p_Val2_1220, i16 %p_Val2_1318, i2 %out_index)" [firmware/nnet_utils/nnet_dense_resource.h:145]   --->   Operation 62 'mux' 'phi_ln' <Predicate = true> <Delay = 1.95> <Core = "MuxnS">   --->   Core 31 'MuxnS' <Latency = 0> <II = 1> <Delay = 2.47> <FuncUnit> <Opcode : 'mux'> <InPorts = 2> <OutPorts = 1>
ST_5 : Operation 63 [1/1] (2.07ns)   --->   "%acc_0_V = add i16 %phi_ln, %sext_ln708" [firmware/nnet_utils/nnet_dense_resource.h:145]   --->   Operation 63 'add' 'acc_0_V' <Predicate = true> <Delay = 2.07> <Core = "AddSub">   --->   Core 14 'AddSub' <Latency = 0> <II = 1> <Delay = 2.55> <FuncUnit> <Opcode : 'add' 'sub'> <InPorts = 2> <OutPorts = 1>
ST_5 : Operation 64 [1/1] (0.00ns)   --->   "%sext_ln708_2 = sext i14 %trunc_ln708_s to i16" [firmware/nnet_utils/nnet_dense_resource.h:145]   --->   Operation 64 'sext' 'sext_ln708_2' <Predicate = true> <Delay = 0.00>
ST_5 : Operation 65 [1/1] (0.00ns)   --->   "%or_ln = call i3 @_ssdm_op_BitConcatenate.i3.i1.i2(i1 true, i2 %out_index)" [firmware/nnet_utils/nnet_dense_resource.h:145]   --->   Operation 65 'bitconcatenate' 'or_ln' <Predicate = true> <Delay = 0.00>
ST_5 : Operation 66 [1/1] (2.47ns)   --->   "%phi_ln1265_1 = call i16 @_ssdm_op_Mux.ap_auto.8i16.i3(i16 %p_Val2_1710, i16 %p_Val2_1710, i16 %p_Val2_1710, i16 %p_Val2_1710, i16 %p_Val2_1416, i16 %p_Val2_1514, i16 %p_Val2_1612, i16 %p_Val2_1710, i3 %or_ln)" [firmware/nnet_utils/nnet_dense_resource.h:145]   --->   Operation 66 'mux' 'phi_ln1265_1' <Predicate = true> <Delay = 2.47> <Core = "MuxnS">   --->   Core 31 'MuxnS' <Latency = 0> <II = 1> <Delay = 2.47> <FuncUnit> <Opcode : 'mux'> <InPorts = 2> <OutPorts = 1>
ST_5 : Operation 67 [1/1] (2.07ns)   --->   "%acc_4_V = add i16 %phi_ln1265_1, %sext_ln708_2" [firmware/nnet_utils/nnet_dense_resource.h:145]   --->   Operation 67 'add' 'acc_4_V' <Predicate = true> <Delay = 2.07> <Core = "AddSub">   --->   Core 14 'AddSub' <Latency = 0> <II = 1> <Delay = 2.55> <FuncUnit> <Opcode : 'add' 'sub'> <InPorts = 2> <OutPorts = 1>
ST_5 : Operation 68 [1/1] (1.76ns)   --->   "br label %ReuseLoop_end" [firmware/nnet_utils/nnet_dense_resource.h:145]   --->   Operation 68 'br' <Predicate = (or_ln == 6)> <Delay = 1.76>
ST_5 : Operation 69 [1/1] (1.76ns)   --->   "br label %ReuseLoop_end" [firmware/nnet_utils/nnet_dense_resource.h:145]   --->   Operation 69 'br' <Predicate = (or_ln == 5)> <Delay = 1.76>
ST_5 : Operation 70 [1/1] (1.76ns)   --->   "br label %ReuseLoop_end" [firmware/nnet_utils/nnet_dense_resource.h:145]   --->   Operation 70 'br' <Predicate = (or_ln != 4 & or_ln != 5 & or_ln != 6)> <Delay = 1.76>

State 6 <SV = 5> <Delay = 6.32>
ST_6 : Operation 71 [1/1] (0.00ns)   --->   "call void (...)* @_ssdm_op_SpecMemCore([16 x i15]* @w14_V, [1 x i8]* @p_str13, [12 x i8]* @p_str17, [1 x i8]* @p_str13, i32 -1, [1 x i8]* @p_str13, [1 x i8]* @p_str13, [1 x i8]* @p_str13, [1 x i8]* @p_str13, [1 x i8]* @p_str13)"   --->   Operation 71 'specmemcore' <Predicate = (do_init)> <Delay = 0.00>
ST_6 : Operation 72 [1/1] (0.00ns)   --->   "%empty_28 = call i32 (...)* @_ssdm_op_SpecRegionEnd([12 x i8]* @p_str23, i32 %tmp)" [firmware/nnet_utils/nnet_dense_resource.h:108]   --->   Operation 72 'specregionend' 'empty_28' <Predicate = (do_init)> <Delay = 0.00>
ST_6 : Operation 73 [1/1] (0.00ns)   --->   "call void (...)* @_ssdm_op_SpecLoopName([10 x i8]* @p_str20) nounwind" [firmware/nnet_utils/nnet_dense_resource.h:135]   --->   Operation 73 'specloopname' <Predicate = true> <Delay = 0.00>
ST_6 : Operation 74 [1/1] (0.00ns)   --->   "%tmp_s = call i32 (...)* @_ssdm_op_SpecRegionBegin([10 x i8]* @p_str20)" [firmware/nnet_utils/nnet_dense_resource.h:135]   --->   Operation 74 'specregionbegin' 'tmp_s' <Predicate = true> <Delay = 0.00>
ST_6 : Operation 75 [1/1] (0.00ns)   --->   "call void (...)* @_ssdm_op_SpecPipeline(i32 1, i32 1, i32 1, i32 0, [1 x i8]* @p_str13) nounwind" [firmware/nnet_utils/nnet_dense_resource.h:136]   --->   Operation 75 'specpipeline' <Predicate = true> <Delay = 0.00>
ST_6 : Operation 76 [1/1] (1.76ns)   --->   "switch i2 %out_index, label %branch19 [
    i2 0, label %_ZN8ap_fixedILi16ELi6EL9ap_q_mode5EL9ap_o_mode3ELi0EEC1ILi16ELi5ELb1ELS0_5ELS1_3ELi0EEERK13ap_fixed_baseIXT_EXT0_EXT1_EXT2_EXT3_EXT4_EE.exit.029
    i2 1, label %branch17
    i2 -2, label %branch18
  ]" [firmware/nnet_utils/nnet_dense_resource.h:145]   --->   Operation 76 'switch' <Predicate = true> <Delay = 1.76>
ST_6 : Operation 77 [1/1] (1.76ns)   --->   "br label %_ZN8ap_fixedILi16ELi6EL9ap_q_mode5EL9ap_o_mode3ELi0EEC1ILi16ELi5ELb1ELS0_5ELS1_3ELi0EEERK13ap_fixed_baseIXT_EXT0_EXT1_EXT2_EXT3_EXT4_EE.exit.029" [firmware/nnet_utils/nnet_dense_resource.h:145]   --->   Operation 77 'br' <Predicate = (out_index == 2)> <Delay = 1.76>
ST_6 : Operation 78 [1/1] (1.76ns)   --->   "br label %_ZN8ap_fixedILi16ELi6EL9ap_q_mode5EL9ap_o_mode3ELi0EEC1ILi16ELi5ELb1ELS0_5ELS1_3ELi0EEERK13ap_fixed_baseIXT_EXT0_EXT1_EXT2_EXT3_EXT4_EE.exit.029" [firmware/nnet_utils/nnet_dense_resource.h:145]   --->   Operation 78 'br' <Predicate = (out_index == 1)> <Delay = 1.76>
ST_6 : Operation 79 [1/1] (1.76ns)   --->   "br label %_ZN8ap_fixedILi16ELi6EL9ap_q_mode5EL9ap_o_mode3ELi0EEC1ILi16ELi5ELb1ELS0_5ELS1_3ELi0EEERK13ap_fixed_baseIXT_EXT0_EXT1_EXT2_EXT3_EXT4_EE.exit.029" [firmware/nnet_utils/nnet_dense_resource.h:145]   --->   Operation 79 'br' <Predicate = (out_index == 3)> <Delay = 1.76>
ST_6 : Operation 80 [1/1] (0.00ns)   --->   "%p_Val2_15 = phi i16 [ %acc_0_V, %branch19 ], [ %p_Val2_1318, %branch18 ], [ %p_Val2_1318, %branch17 ], [ %p_Val2_1318, %ReuseLoop_begin ]"   --->   Operation 80 'phi' 'p_Val2_15' <Predicate = true> <Delay = 0.00>
ST_6 : Operation 81 [1/1] (0.00ns)   --->   "%p_Val2_14 = phi i16 [ %p_Val2_1220, %branch19 ], [ %acc_0_V, %branch18 ], [ %p_Val2_1220, %branch17 ], [ %p_Val2_1220, %ReuseLoop_begin ]"   --->   Operation 81 'phi' 'p_Val2_14' <Predicate = true> <Delay = 0.00>
ST_6 : Operation 82 [1/1] (0.00ns)   --->   "%p_Val2_13 = phi i16 [ %p_Val2_1122, %branch19 ], [ %p_Val2_1122, %branch18 ], [ %acc_0_V, %branch17 ], [ %p_Val2_1122, %ReuseLoop_begin ]"   --->   Operation 82 'phi' 'p_Val2_13' <Predicate = true> <Delay = 0.00>
ST_6 : Operation 83 [1/1] (0.00ns)   --->   "%p_Val2_s = phi i16 [ %p_Val2_24, %branch19 ], [ %p_Val2_24, %branch18 ], [ %p_Val2_24, %branch17 ], [ %acc_0_V, %ReuseLoop_begin ]"   --->   Operation 83 'phi' 'p_Val2_s' <Predicate = true> <Delay = 0.00>
ST_6 : Operation 84 [1/1] (1.76ns)   --->   "switch i3 %or_ln, label %branch7 [
    i3 -4, label %ReuseLoop_end
    i3 -3, label %branch5
    i3 -2, label %branch6
  ]" [firmware/nnet_utils/nnet_dense_resource.h:145]   --->   Operation 84 'switch' <Predicate = true> <Delay = 1.76>
ST_6 : Operation 85 [1/1] (0.00ns)   --->   "%p_Val2_19 = phi i16 [ %acc_4_V, %branch7 ], [ %p_Val2_1710, %branch6 ], [ %p_Val2_1710, %branch5 ], [ %p_Val2_1710, %_ZN8ap_fixedILi16ELi6EL9ap_q_mode5EL9ap_o_mode3ELi0EEC1ILi16ELi5ELb1ELS0_5ELS1_3ELi0EEERK13ap_fixed_baseIXT_EXT0_EXT1_EXT2_EXT3_EXT4_EE.exit.029 ]"   --->   Operation 85 'phi' 'p_Val2_19' <Predicate = true> <Delay = 0.00>
ST_6 : Operation 86 [1/1] (0.00ns)   --->   "%p_Val2_18 = phi i16 [ %p_Val2_1612, %branch7 ], [ %acc_4_V, %branch6 ], [ %p_Val2_1612, %branch5 ], [ %p_Val2_1612, %_ZN8ap_fixedILi16ELi6EL9ap_q_mode5EL9ap_o_mode3ELi0EEC1ILi16ELi5ELb1ELS0_5ELS1_3ELi0EEERK13ap_fixed_baseIXT_EXT0_EXT1_EXT2_EXT3_EXT4_EE.exit.029 ]"   --->   Operation 86 'phi' 'p_Val2_18' <Predicate = true> <Delay = 0.00>
ST_6 : Operation 87 [1/1] (0.00ns)   --->   "%p_Val2_17 = phi i16 [ %p_Val2_1514, %branch7 ], [ %p_Val2_1514, %branch6 ], [ %acc_4_V, %branch5 ], [ %p_Val2_1514, %_ZN8ap_fixedILi16ELi6EL9ap_q_mode5EL9ap_o_mode3ELi0EEC1ILi16ELi5ELb1ELS0_5ELS1_3ELi0EEERK13ap_fixed_baseIXT_EXT0_EXT1_EXT2_EXT3_EXT4_EE.exit.029 ]"   --->   Operation 87 'phi' 'p_Val2_17' <Predicate = true> <Delay = 0.00>
ST_6 : Operation 88 [1/1] (0.00ns)   --->   "%p_Val2_16 = phi i16 [ %p_Val2_1416, %branch7 ], [ %p_Val2_1416, %branch6 ], [ %p_Val2_1416, %branch5 ], [ %acc_4_V, %_ZN8ap_fixedILi16ELi6EL9ap_q_mode5EL9ap_o_mode3ELi0EEC1ILi16ELi5ELb1ELS0_5ELS1_3ELi0EEERK13ap_fixed_baseIXT_EXT0_EXT1_EXT2_EXT3_EXT4_EE.exit.029 ]"   --->   Operation 88 'phi' 'p_Val2_16' <Predicate = true> <Delay = 0.00>
ST_6 : Operation 89 [1/1] (0.00ns)   --->   "%empty = call i32 (...)* @_ssdm_op_SpecRegionEnd([10 x i8]* @p_str20, i32 %tmp_s)" [firmware/nnet_utils/nnet_dense_resource.h:158]   --->   Operation 89 'specregionend' 'empty' <Predicate = true> <Delay = 0.00>
ST_6 : Operation 90 [1/1] (0.00ns)   --->   "%empty_27 = call i32 (...)* @_ssdm_op_SpecLoopTripCount(i64 16, i64 16, i64 16)"   --->   Operation 90 'speclooptripcount' 'empty_27' <Predicate = true> <Delay = 0.00>
ST_6 : Operation 91 [1/1] (0.00ns)   --->   "%res_0_V_write_assign = call i17 @_ssdm_op_BitConcatenate.i17.i16.i1(i16 %p_Val2_s, i1 false)" [firmware/nnet_utils/nnet_mult.h:111->firmware/nnet_utils/nnet_dense_resource.h:164]   --->   Operation 91 'bitconcatenate' 'res_0_V_write_assign' <Predicate = (icmp_ln135)> <Delay = 0.00>
ST_6 : Operation 92 [1/1] (0.00ns)   --->   "%res_1_V_write_assign = call i17 @_ssdm_op_BitConcatenate.i17.i16.i1(i16 %p_Val2_13, i1 false)" [firmware/nnet_utils/nnet_mult.h:111->firmware/nnet_utils/nnet_dense_resource.h:164]   --->   Operation 92 'bitconcatenate' 'res_1_V_write_assign' <Predicate = (icmp_ln135)> <Delay = 0.00>
ST_6 : Operation 93 [1/1] (0.00ns)   --->   "%res_2_V_write_assign = call i17 @_ssdm_op_BitConcatenate.i17.i16.i1(i16 %p_Val2_14, i1 false)" [firmware/nnet_utils/nnet_mult.h:111->firmware/nnet_utils/nnet_dense_resource.h:164]   --->   Operation 93 'bitconcatenate' 'res_2_V_write_assign' <Predicate = (icmp_ln135)> <Delay = 0.00>
ST_6 : Operation 94 [1/1] (0.00ns)   --->   "%res_3_V_write_assign = call i17 @_ssdm_op_BitConcatenate.i17.i16.i1(i16 %p_Val2_15, i1 false)" [firmware/nnet_utils/nnet_mult.h:111->firmware/nnet_utils/nnet_dense_resource.h:164]   --->   Operation 94 'bitconcatenate' 'res_3_V_write_assign' <Predicate = (icmp_ln135)> <Delay = 0.00>
ST_6 : Operation 95 [1/1] (0.00ns)   --->   "%res_4_V_write_assign = call i17 @_ssdm_op_BitConcatenate.i17.i16.i1(i16 %p_Val2_16, i1 false)" [firmware/nnet_utils/nnet_mult.h:111->firmware/nnet_utils/nnet_dense_resource.h:164]   --->   Operation 95 'bitconcatenate' 'res_4_V_write_assign' <Predicate = (icmp_ln135)> <Delay = 0.00>
ST_6 : Operation 96 [1/1] (0.00ns)   --->   "%res_5_V_write_assign = call i17 @_ssdm_op_BitConcatenate.i17.i16.i1(i16 %p_Val2_17, i1 false)" [firmware/nnet_utils/nnet_mult.h:111->firmware/nnet_utils/nnet_dense_resource.h:164]   --->   Operation 96 'bitconcatenate' 'res_5_V_write_assign' <Predicate = (icmp_ln135)> <Delay = 0.00>
ST_6 : Operation 97 [1/1] (0.00ns)   --->   "%res_6_V_write_assign = call i17 @_ssdm_op_BitConcatenate.i17.i16.i1(i16 %p_Val2_18, i1 false)" [firmware/nnet_utils/nnet_mult.h:111->firmware/nnet_utils/nnet_dense_resource.h:164]   --->   Operation 97 'bitconcatenate' 'res_6_V_write_assign' <Predicate = (icmp_ln135)> <Delay = 0.00>
ST_6 : Operation 98 [1/1] (0.00ns)   --->   "%res_7_V_write_assign = call i17 @_ssdm_op_BitConcatenate.i17.i16.i1(i16 %p_Val2_19, i1 false)" [firmware/nnet_utils/nnet_mult.h:111->firmware/nnet_utils/nnet_dense_resource.h:164]   --->   Operation 98 'bitconcatenate' 'res_7_V_write_assign' <Predicate = (icmp_ln135)> <Delay = 0.00>
ST_6 : Operation 99 [1/1] (0.00ns)   --->   "%mrv = insertvalue { i17, i17, i17, i17, i17, i17, i17, i17 } undef, i17 %res_0_V_write_assign, 0" [firmware/nnet_utils/nnet_dense_resource.h:166]   --->   Operation 99 'insertvalue' 'mrv' <Predicate = (icmp_ln135)> <Delay = 0.00>
ST_6 : Operation 100 [1/1] (0.00ns)   --->   "%mrv_1 = insertvalue { i17, i17, i17, i17, i17, i17, i17, i17 } %mrv, i17 %res_1_V_write_assign, 1" [firmware/nnet_utils/nnet_dense_resource.h:166]   --->   Operation 100 'insertvalue' 'mrv_1' <Predicate = (icmp_ln135)> <Delay = 0.00>
ST_6 : Operation 101 [1/1] (0.00ns)   --->   "%mrv_2 = insertvalue { i17, i17, i17, i17, i17, i17, i17, i17 } %mrv_1, i17 %res_2_V_write_assign, 2" [firmware/nnet_utils/nnet_dense_resource.h:166]   --->   Operation 101 'insertvalue' 'mrv_2' <Predicate = (icmp_ln135)> <Delay = 0.00>
ST_6 : Operation 102 [1/1] (0.00ns)   --->   "%mrv_3 = insertvalue { i17, i17, i17, i17, i17, i17, i17, i17 } %mrv_2, i17 %res_3_V_write_assign, 3" [firmware/nnet_utils/nnet_dense_resource.h:166]   --->   Operation 102 'insertvalue' 'mrv_3' <Predicate = (icmp_ln135)> <Delay = 0.00>
ST_6 : Operation 103 [1/1] (0.00ns)   --->   "%mrv_4 = insertvalue { i17, i17, i17, i17, i17, i17, i17, i17 } %mrv_3, i17 %res_4_V_write_assign, 4" [firmware/nnet_utils/nnet_dense_resource.h:166]   --->   Operation 103 'insertvalue' 'mrv_4' <Predicate = (icmp_ln135)> <Delay = 0.00>
ST_6 : Operation 104 [1/1] (0.00ns)   --->   "%mrv_5 = insertvalue { i17, i17, i17, i17, i17, i17, i17, i17 } %mrv_4, i17 %res_5_V_write_assign, 5" [firmware/nnet_utils/nnet_dense_resource.h:166]   --->   Operation 104 'insertvalue' 'mrv_5' <Predicate = (icmp_ln135)> <Delay = 0.00>
ST_6 : Operation 105 [1/1] (0.00ns)   --->   "%mrv_6 = insertvalue { i17, i17, i17, i17, i17, i17, i17, i17 } %mrv_5, i17 %res_6_V_write_assign, 6" [firmware/nnet_utils/nnet_dense_resource.h:166]   --->   Operation 105 'insertvalue' 'mrv_6' <Predicate = (icmp_ln135)> <Delay = 0.00>
ST_6 : Operation 106 [1/1] (0.00ns)   --->   "%mrv_7 = insertvalue { i17, i17, i17, i17, i17, i17, i17, i17 } %mrv_6, i17 %res_7_V_write_assign, 7" [firmware/nnet_utils/nnet_dense_resource.h:166]   --->   Operation 106 'insertvalue' 'mrv_7' <Predicate = (icmp_ln135)> <Delay = 0.00>
ST_6 : Operation 107 [1/1] (0.00ns)   --->   "call void (...)* @_ssdm_op_Return({ i17, i17, i17, i17, i17, i17, i17, i17 } %mrv_7)" [firmware/nnet_utils/nnet_dense_resource.h:166]   --->   Operation 107 'return' <Predicate = (icmp_ln135)> <Delay = 0.00>


============================================================
+ Verbose Summary: Timing violations
============================================================
Target clock period: 5ns, clock uncertainty: 0.625ns.

 <State 1>: 1.77ns
The critical path consists of the following:
	multiplexor before 'phi' operation ('do_init') [12]  (1.77 ns)

 <State 2>: 5.02ns
The critical path consists of the following:
	'phi' operation ('in_index_025', firmware/nnet_utils/nnet_dense_resource.h:154) with incoming values : ('select_ln154', firmware/nnet_utils/nnet_dense_resource.h:154) [18]  (0 ns)
	'add' operation ('in_index', firmware/nnet_utils/nnet_dense_resource.h:153) [93]  (2.55 ns)
	'icmp' operation ('icmp_ln154', firmware/nnet_utils/nnet_dense_resource.h:154) [95]  (2.47 ns)

 <State 3>: 5.72ns
The critical path consists of the following:
	'select' operation ('select_ln154', firmware/nnet_utils/nnet_dense_resource.h:154) [96]  (0.698 ns)
	'phi' operation ('in_index_025', firmware/nnet_utils/nnet_dense_resource.h:154) with incoming values : ('select_ln154', firmware/nnet_utils/nnet_dense_resource.h:154) [18]  (0 ns)
	'add' operation ('in_index', firmware/nnet_utils/nnet_dense_resource.h:153) [93]  (2.55 ns)
	'icmp' operation ('icmp_ln154', firmware/nnet_utils/nnet_dense_resource.h:154) [95]  (2.47 ns)

 <State 4>: 4.17ns
The critical path consists of the following:
	'mul' operation ('mul_ln1118', firmware/nnet_utils/nnet_mult.h:73->firmware/nnet_utils/nnet_dense_resource.h:145) [55]  (4.17 ns)

 <State 5>: 4.56ns
The critical path consists of the following:
	'phi' operation ('__Val2__') with incoming values : ('acc[4].V', firmware/nnet_utils/nnet_dense_resource.h:145) [23]  (0 ns)
	'mux' operation ('phi_ln1265_1', firmware/nnet_utils/nnet_dense_resource.h:145) [79]  (2.48 ns)
	'add' operation ('acc[4].V', firmware/nnet_utils/nnet_dense_resource.h:145) [80]  (2.08 ns)

 <State 6>: 6.33ns
The critical path consists of the following:
	multiplexor before 'phi' operation ('acc[7].V') with incoming values : ('acc[4].V', firmware/nnet_utils/nnet_dense_resource.h:145) [89]  (1.77 ns)
	'phi' operation ('acc[7].V') with incoming values : ('acc[4].V', firmware/nnet_utils/nnet_dense_resource.h:145) [89]  (0 ns)
	'phi' operation ('__Val2__') with incoming values : ('acc[4].V', firmware/nnet_utils/nnet_dense_resource.h:145) [26]  (0 ns)
	'mux' operation ('phi_ln1265_1', firmware/nnet_utils/nnet_dense_resource.h:145) [79]  (2.48 ns)
	'add' operation ('acc[4].V', firmware/nnet_utils/nnet_dense_resource.h:145) [80]  (2.08 ns)


============================================================
+ Verbose Summary: Binding
============================================================
N/A
* FSMD analyzer results:
  - Output states:
 - Input state : 
  - Chain level:
	State 1
	State 2
	State 3
	State 4
	State 5
	State 6


============================================================
+ Verbose Summary: Datapath Resource usage 
============================================================
N/A
