

================================================================
== Vivado HLS Report for 'relu_ap_fixed_19_8_5_3_0_ap_ufixed_8_2_4_0_0_relu_config10_s'
================================================================
* Date:           Wed May 20 11:15:44 2026

* Version:        2020.1 (Build 2897737 on Wed May 27 20:21:37 MDT 2020)
* Project:        myproject_prj
* Solution:       solution1
* Product family: zynq
* Target device:  xc7z020-clg400-1


================================================================
== Performance Estimates
================================================================
+ Timing: 
    * Summary: 
    +--------+---------+----------+------------+
    |  Clock |  Target | Estimated| Uncertainty|
    +--------+---------+----------+------------+
    |ap_clk  | 5.00 ns | 3.680 ns |   0.62 ns  |
    +--------+---------+----------+------------+

+ Latency: 
    * Summary: 
    +---------+---------+----------+----------+-----+-----+----------+
    |  Latency (cycles) |  Latency (absolute) |  Interval | Pipeline |
    |   min   |   max   |    min   |    max   | min | max |   Type   |
    +---------+---------+----------+----------+-----+-----+----------+
    |        1|        1| 5.000 ns | 5.000 ns |    1|    1| function |
    +---------+---------+----------+----------+-----+-----+----------+

    + Detail: 
        * Instance: 
        N/A

        * Loop: 
        N/A



================================================================
== Utilization Estimates
================================================================
* Summary: 
+-----------------+---------+-------+--------+-------+-----+
|       Name      | BRAM_18K| DSP48E|   FF   |  LUT  | URAM|
+-----------------+---------+-------+--------+-------+-----+
|DSP              |        -|      -|       -|      -|    -|
|Expression       |        -|      -|       0|    264|    -|
|FIFO             |        -|      -|       -|      -|    -|
|Instance         |        -|      -|       -|      -|    -|
|Memory           |        -|      -|       -|      -|    -|
|Multiplexer      |        -|      -|       -|     36|    -|
|Register         |        -|      -|     108|      -|    -|
+-----------------+---------+-------+--------+-------+-----+
|Total            |        0|      0|     108|    300|    0|
+-----------------+---------+-------+--------+-------+-----+
|Available        |      280|    220|  106400|  53200|    0|
+-----------------+---------+-------+--------+-------+-----+
|Utilization (%)  |        0|      0|   ~0   |   ~0  |    0|
+-----------------+---------+-------+--------+-------+-----+

+ Detail: 
    * Instance: 
    N/A

    * DSP48E: 
    N/A

    * Memory: 
    N/A

    * FIFO: 
    N/A

    * Expression: 
    +----------------------------------+----------+-------+---+----+------------+------------+
    |           Variable Name          | Operation| DSP48E| FF| LUT| Bitwidth P0| Bitwidth P1|
    +----------------------------------+----------+-------+---+----+------------+------------+
    |add_ln415_21_fu_202_p2            |     +    |      0|  0|  15|           8|           8|
    |add_ln415_22_fu_282_p2            |     +    |      0|  0|  15|           8|           8|
    |add_ln415_fu_122_p2               |     +    |      0|  0|  15|           8|           8|
    |and_ln415_1_fu_192_p2             |    and   |      0|  0|   2|           1|           1|
    |and_ln415_2_fu_272_p2             |    and   |      0|  0|   2|           1|           1|
    |and_ln415_fu_112_p2               |    and   |      0|  0|   2|           1|           1|
    |and_ln416_21_fu_387_p2            |    and   |      0|  0|   2|           1|           1|
    |and_ln416_22_fu_439_p2            |    and   |      0|  0|   2|           1|           1|
    |and_ln416_fu_335_p2               |    and   |      0|  0|   2|           1|           1|
    |icmp_ln1494_1_fu_362_p2           |   icmp   |      0|  0|  18|          17|           1|
    |icmp_ln1494_2_fu_414_p2           |   icmp   |      0|  0|  18|          17|           1|
    |icmp_ln1494_fu_310_p2             |   icmp   |      0|  0|  18|          17|           1|
    |icmp_ln718_14_fu_172_p2           |   icmp   |      0|  0|   9|           4|           1|
    |icmp_ln718_15_fu_252_p2           |   icmp   |      0|  0|   9|           4|           1|
    |icmp_ln718_fu_92_p2               |   icmp   |      0|  0|   9|           4|           1|
    |icmp_ln768_21_fu_224_p2           |   icmp   |      0|  0|   9|           4|           1|
    |icmp_ln768_22_fu_304_p2           |   icmp   |      0|  0|   9|           4|           1|
    |icmp_ln768_fu_144_p2              |   icmp   |      0|  0|   9|           4|           1|
    |icmp_ln879_21_fu_218_p2           |   icmp   |      0|  0|   9|           4|           2|
    |icmp_ln879_22_fu_298_p2           |   icmp   |      0|  0|   9|           4|           2|
    |icmp_ln879_fu_138_p2              |   icmp   |      0|  0|   9|           4|           2|
    |ap_block_pp0_stage0_11001         |    or    |      0|  0|   2|           1|           1|
    |ap_block_state1_pp0_stage0_iter0  |    or    |      0|  0|   2|           1|           1|
    |or_ln412_21_fu_178_p2             |    or    |      0|  0|   2|           1|           1|
    |or_ln412_22_fu_258_p2             |    or    |      0|  0|   2|           1|           1|
    |or_ln412_fu_98_p2                 |    or    |      0|  0|   2|           1|           1|
    |select_ln1494_21_fu_406_p3        |  select  |      0|  0|   8|           1|           8|
    |select_ln1494_22_fu_458_p3        |  select  |      0|  0|   8|           1|           8|
    |select_ln1494_fu_354_p3           |  select  |      0|  0|   8|           1|           8|
    |select_ln340_1_fu_399_p3          |  select  |      0|  0|   8|           1|           8|
    |select_ln340_2_fu_451_p3          |  select  |      0|  0|   8|           1|           8|
    |select_ln340_fu_347_p3            |  select  |      0|  0|   8|           1|           8|
    |select_ln777_21_fu_393_p3         |  select  |      0|  0|   2|           1|           1|
    |select_ln777_22_fu_445_p3         |  select  |      0|  0|   2|           1|           1|
    |select_ln777_fu_341_p3            |  select  |      0|  0|   2|           1|           1|
    |ap_enable_pp0                     |    xor   |      0|  0|   2|           1|           2|
    |xor_ln416_21_fu_381_p2            |    xor   |      0|  0|   2|           1|           2|
    |xor_ln416_22_fu_433_p2            |    xor   |      0|  0|   2|           1|           2|
    |xor_ln416_fu_329_p2               |    xor   |      0|  0|   2|           1|           2|
    +----------------------------------+----------+-------+---+----+------------+------------+
    |Total                             |          |      0|  0| 264|         135|         109|
    +----------------------------------+----------+-------+---+----+------------+------------+

    * Multiplexer: 
    +-------------+----+-----------+-----+-----------+
    |     Name    | LUT| Input Size| Bits| Total Bits|
    +-------------+----+-----------+-----+-----------+
    |ap_done      |   9|          2|    1|          2|
    |ap_return_0  |   9|          2|    8|         16|
    |ap_return_1  |   9|          2|    8|         16|
    |ap_return_2  |   9|          2|    8|         16|
    +-------------+----+-----------+-----+-----------+
    |Total        |  36|          8|   25|         50|
    +-------------+----+-----------+-----+-----------+

    * Register: 
    +-------------------------+----+----+-----+-----------+
    |           Name          | FF | LUT| Bits| Const Bits|
    +-------------------------+----+----+-----+-----------+
    |add_ln415_21_reg_518     |   8|   0|    8|          0|
    |add_ln415_22_reg_534     |   8|   0|    8|          0|
    |add_ln415_reg_502        |   8|   0|    8|          0|
    |ap_CS_fsm                |   1|   0|    1|          0|
    |ap_done_reg              |   1|   0|    1|          0|
    |ap_enable_reg_pp0_iter1  |   1|   0|    1|          0|
    |ap_return_0_preg         |   8|   0|    8|          0|
    |ap_return_1_preg         |   8|   0|    8|          0|
    |ap_return_2_preg         |   8|   0|    8|          0|
    |data_0_V_read_5_reg_496  |  17|   0|   17|          0|
    |data_1_V_read_5_reg_490  |  17|   0|   17|          0|
    |data_2_V_read_5_reg_484  |  17|   0|   17|          0|
    |icmp_ln768_21_reg_529    |   1|   0|    1|          0|
    |icmp_ln768_22_reg_545    |   1|   0|    1|          0|
    |icmp_ln768_reg_513       |   1|   0|    1|          0|
    |icmp_ln879_21_reg_524    |   1|   0|    1|          0|
    |icmp_ln879_22_reg_540    |   1|   0|    1|          0|
    |icmp_ln879_reg_508       |   1|   0|    1|          0|
    +-------------------------+----+----+-----+-----------+
    |Total                    | 108|   0|  108|          0|
    +-------------------------+----+----+-----+-----------+



================================================================
== Interface
================================================================
* Summary: 
+---------------+-----+-----+------------+-------------------------------------------------------------------------+--------------+
|   RTL Ports   | Dir | Bits|  Protocol  |                              Source Object                              |    C Type    |
+---------------+-----+-----+------------+-------------------------------------------------------------------------+--------------+
|ap_clk         |  in |    1| ap_ctrl_hs | relu<ap_fixed<19, 8, 5, 3, 0>, ap_ufixed<8, 2, 4, 0, 0>, relu_config10> | return value |
|ap_rst         |  in |    1| ap_ctrl_hs | relu<ap_fixed<19, 8, 5, 3, 0>, ap_ufixed<8, 2, 4, 0, 0>, relu_config10> | return value |
|ap_start       |  in |    1| ap_ctrl_hs | relu<ap_fixed<19, 8, 5, 3, 0>, ap_ufixed<8, 2, 4, 0, 0>, relu_config10> | return value |
|ap_done        | out |    1| ap_ctrl_hs | relu<ap_fixed<19, 8, 5, 3, 0>, ap_ufixed<8, 2, 4, 0, 0>, relu_config10> | return value |
|ap_continue    |  in |    1| ap_ctrl_hs | relu<ap_fixed<19, 8, 5, 3, 0>, ap_ufixed<8, 2, 4, 0, 0>, relu_config10> | return value |
|ap_idle        | out |    1| ap_ctrl_hs | relu<ap_fixed<19, 8, 5, 3, 0>, ap_ufixed<8, 2, 4, 0, 0>, relu_config10> | return value |
|ap_ready       | out |    1| ap_ctrl_hs | relu<ap_fixed<19, 8, 5, 3, 0>, ap_ufixed<8, 2, 4, 0, 0>, relu_config10> | return value |
|ap_return_0    | out |    8| ap_ctrl_hs | relu<ap_fixed<19, 8, 5, 3, 0>, ap_ufixed<8, 2, 4, 0, 0>, relu_config10> | return value |
|ap_return_1    | out |    8| ap_ctrl_hs | relu<ap_fixed<19, 8, 5, 3, 0>, ap_ufixed<8, 2, 4, 0, 0>, relu_config10> | return value |
|ap_return_2    | out |    8| ap_ctrl_hs | relu<ap_fixed<19, 8, 5, 3, 0>, ap_ufixed<8, 2, 4, 0, 0>, relu_config10> | return value |
|data_0_V_read  |  in |   17|   ap_none  |                              data_0_V_read                              |    scalar    |
|data_1_V_read  |  in |   17|   ap_none  |                              data_1_V_read                              |    scalar    |
|data_2_V_read  |  in |   17|   ap_none  |                              data_2_V_read                              |    scalar    |
+---------------+-----+-----+------------+-------------------------------------------------------------------------+--------------+

============================================================
+ Verbose Summary: Synthesis Manager
============================================================
InlineROM: 1
ExposeGlobal: 0
============================================================
+ Verbose Summary: CDFG Model
============================================================
IsTopModel: 0
ResetActiveHigh: 1
IsCombinational: 2
IsDatapathOnly: 0
HasWiredReturn: 1
HasMFsm: 2
HasVarLatency: 0
IsPipeline: 1
IsRtlPipelined: 1
IsInstanceOverlapped: 0
IsDontTouch: 0
HasImplIP: 0
IsGatedGlobalClock: 0

+ Individual pipeline summary: 
  * Pipeline-0: initiation interval (II) = 1, depth = 2


============================================================
+ Verbose Summary: Schedule
============================================================
* Number of FSM states : 2
* Pipeline : 1
  Pipeline-0 : II = 1, D = 2, States = { 1 2 }
* Dataflow Pipeline: 0

* FSM state transitions: 
1 --> 2 
2 --> 

* FSM state operations: 

State 1 <SV = 0> <Delay = 3.21>
ST_1 : Operation 3 [1/1] (0.00ns)   --->   "%data_2_V_read_5 = call i17 @_ssdm_op_Read.ap_auto.i17(i17 %data_2_V_read)" [firmware/nnet_utils/nnet_activation.h:39]   --->   Operation 3 'read' 'data_2_V_read_5' <Predicate = true> <Delay = 0.00>
ST_1 : Operation 4 [1/1] (0.00ns)   --->   "%data_1_V_read_5 = call i17 @_ssdm_op_Read.ap_auto.i17(i17 %data_1_V_read)" [firmware/nnet_utils/nnet_activation.h:39]   --->   Operation 4 'read' 'data_1_V_read_5' <Predicate = true> <Delay = 0.00>
ST_1 : Operation 5 [1/1] (0.00ns)   --->   "%data_0_V_read_5 = call i17 @_ssdm_op_Read.ap_auto.i17(i17 %data_0_V_read)" [firmware/nnet_utils/nnet_activation.h:39]   --->   Operation 5 'read' 'data_0_V_read_5' <Predicate = true> <Delay = 0.00>
ST_1 : Operation 6 [1/1] (0.00ns) (grouped into LUT with out node add_ln415)   --->   "%trunc_ln = call i8 @_ssdm_op_PartSelect.i8.i17.i32.i32(i17 %data_0_V_read_5, i32 5, i32 12)" [firmware/nnet_utils/nnet_activation.h:46]   --->   Operation 6 'partselect' 'trunc_ln' <Predicate = true> <Delay = 0.00>
ST_1 : Operation 7 [1/1] (0.00ns) (grouped into LUT with out node add_ln415)   --->   "%tmp_111 = call i1 @_ssdm_op_BitSelect.i1.i17.i32(i17 %data_0_V_read_5, i32 5)" [firmware/nnet_utils/nnet_activation.h:46]   --->   Operation 7 'bitselect' 'tmp_111' <Predicate = true> <Delay = 0.00>
ST_1 : Operation 8 [1/1] (0.00ns)   --->   "%trunc_ln718 = trunc i17 %data_0_V_read_5 to i4" [firmware/nnet_utils/nnet_activation.h:46]   --->   Operation 8 'trunc' 'trunc_ln718' <Predicate = true> <Delay = 0.00>
ST_1 : Operation 9 [1/1] (1.30ns)   --->   "%icmp_ln718 = icmp ne i4 %trunc_ln718, 0" [firmware/nnet_utils/nnet_activation.h:46]   --->   Operation 9 'icmp' 'icmp_ln718' <Predicate = true> <Delay = 1.30> <Core = "Cmp">   --->   Core 25 'Cmp' <Latency = 0> <II = 1> <Delay = 1.30> <FuncUnit> <Opcode : 'icmp'> <InPorts = 2> <OutPorts = 1>
ST_1 : Operation 10 [1/1] (0.00ns) (grouped into LUT with out node add_ln415)   --->   "%or_ln412 = or i1 %icmp_ln718, %tmp_111" [firmware/nnet_utils/nnet_activation.h:46]   --->   Operation 10 'or' 'or_ln412' <Predicate = true> <Delay = 0.00> <Core = "LogicGate">   --->   Core 27 'LogicGate' <Latency = 0> <II = 1> <Delay = 0.97> <FuncUnit> <Opcode : 'and' 'or' 'xor'> <InPorts = 2> <OutPorts = 1>
ST_1 : Operation 11 [1/1] (0.00ns) (grouped into LUT with out node add_ln415)   --->   "%tmp_113 = call i1 @_ssdm_op_BitSelect.i1.i17.i32(i17 %data_0_V_read_5, i32 4)" [firmware/nnet_utils/nnet_activation.h:46]   --->   Operation 11 'bitselect' 'tmp_113' <Predicate = true> <Delay = 0.00>
ST_1 : Operation 12 [1/1] (0.00ns) (grouped into LUT with out node add_ln415)   --->   "%and_ln415 = and i1 %or_ln412, %tmp_113" [firmware/nnet_utils/nnet_activation.h:46]   --->   Operation 12 'and' 'and_ln415' <Predicate = true> <Delay = 0.00> <Core = "LogicGate">   --->   Core 27 'LogicGate' <Latency = 0> <II = 1> <Delay = 0.97> <FuncUnit> <Opcode : 'and' 'or' 'xor'> <InPorts = 2> <OutPorts = 1>
ST_1 : Operation 13 [1/1] (0.00ns) (grouped into LUT with out node add_ln415)   --->   "%zext_ln415 = zext i1 %and_ln415 to i8" [firmware/nnet_utils/nnet_activation.h:46]   --->   Operation 13 'zext' 'zext_ln415' <Predicate = true> <Delay = 0.00>
ST_1 : Operation 14 [1/1] (1.91ns) (out node of the LUT)   --->   "%add_ln415 = add i8 %zext_ln415, %trunc_ln" [firmware/nnet_utils/nnet_activation.h:46]   --->   Operation 14 'add' 'add_ln415' <Predicate = true> <Delay = 1.91> <Core = "AddSub">   --->   Core 14 'AddSub' <Latency = 0> <II = 1> <Delay = 1.91> <FuncUnit> <Opcode : 'add' 'sub'> <InPorts = 2> <OutPorts = 1>
ST_1 : Operation 15 [1/1] (0.00ns)   --->   "%tmp = call i4 @_ssdm_op_PartSelect.i4.i17.i32.i32(i17 %data_0_V_read_5, i32 13, i32 16)" [firmware/nnet_utils/nnet_activation.h:46]   --->   Operation 15 'partselect' 'tmp' <Predicate = true> <Delay = 0.00>
ST_1 : Operation 16 [1/1] (1.30ns)   --->   "%icmp_ln879 = icmp eq i4 %tmp, -1" [firmware/nnet_utils/nnet_activation.h:46]   --->   Operation 16 'icmp' 'icmp_ln879' <Predicate = true> <Delay = 1.30> <Core = "Cmp">   --->   Core 25 'Cmp' <Latency = 0> <II = 1> <Delay = 1.30> <FuncUnit> <Opcode : 'icmp'> <InPorts = 2> <OutPorts = 1>
ST_1 : Operation 17 [1/1] (1.30ns)   --->   "%icmp_ln768 = icmp eq i4 %tmp, 0" [firmware/nnet_utils/nnet_activation.h:46]   --->   Operation 17 'icmp' 'icmp_ln768' <Predicate = true> <Delay = 1.30> <Core = "Cmp">   --->   Core 25 'Cmp' <Latency = 0> <II = 1> <Delay = 1.30> <FuncUnit> <Opcode : 'icmp'> <InPorts = 2> <OutPorts = 1>
ST_1 : Operation 18 [1/1] (0.00ns) (grouped into LUT with out node add_ln415_21)   --->   "%trunc_ln708_s = call i8 @_ssdm_op_PartSelect.i8.i17.i32.i32(i17 %data_1_V_read_5, i32 5, i32 12)" [firmware/nnet_utils/nnet_activation.h:46]   --->   Operation 18 'partselect' 'trunc_ln708_s' <Predicate = true> <Delay = 0.00>
ST_1 : Operation 19 [1/1] (0.00ns) (grouped into LUT with out node add_ln415_21)   --->   "%tmp_115 = call i1 @_ssdm_op_BitSelect.i1.i17.i32(i17 %data_1_V_read_5, i32 5)" [firmware/nnet_utils/nnet_activation.h:46]   --->   Operation 19 'bitselect' 'tmp_115' <Predicate = true> <Delay = 0.00>
ST_1 : Operation 20 [1/1] (0.00ns)   --->   "%trunc_ln718_14 = trunc i17 %data_1_V_read_5 to i4" [firmware/nnet_utils/nnet_activation.h:46]   --->   Operation 20 'trunc' 'trunc_ln718_14' <Predicate = true> <Delay = 0.00>
ST_1 : Operation 21 [1/1] (1.30ns)   --->   "%icmp_ln718_14 = icmp ne i4 %trunc_ln718_14, 0" [firmware/nnet_utils/nnet_activation.h:46]   --->   Operation 21 'icmp' 'icmp_ln718_14' <Predicate = true> <Delay = 1.30> <Core = "Cmp">   --->   Core 25 'Cmp' <Latency = 0> <II = 1> <Delay = 1.30> <FuncUnit> <Opcode : 'icmp'> <InPorts = 2> <OutPorts = 1>
ST_1 : Operation 22 [1/1] (0.00ns) (grouped into LUT with out node add_ln415_21)   --->   "%or_ln412_21 = or i1 %icmp_ln718_14, %tmp_115" [firmware/nnet_utils/nnet_activation.h:46]   --->   Operation 22 'or' 'or_ln412_21' <Predicate = true> <Delay = 0.00> <Core = "LogicGate">   --->   Core 27 'LogicGate' <Latency = 0> <II = 1> <Delay = 0.97> <FuncUnit> <Opcode : 'and' 'or' 'xor'> <InPorts = 2> <OutPorts = 1>
ST_1 : Operation 23 [1/1] (0.00ns) (grouped into LUT with out node add_ln415_21)   --->   "%tmp_117 = call i1 @_ssdm_op_BitSelect.i1.i17.i32(i17 %data_1_V_read_5, i32 4)" [firmware/nnet_utils/nnet_activation.h:46]   --->   Operation 23 'bitselect' 'tmp_117' <Predicate = true> <Delay = 0.00>
ST_1 : Operation 24 [1/1] (0.00ns) (grouped into LUT with out node add_ln415_21)   --->   "%and_ln415_1 = and i1 %or_ln412_21, %tmp_117" [firmware/nnet_utils/nnet_activation.h:46]   --->   Operation 24 'and' 'and_ln415_1' <Predicate = true> <Delay = 0.00> <Core = "LogicGate">   --->   Core 27 'LogicGate' <Latency = 0> <II = 1> <Delay = 0.97> <FuncUnit> <Opcode : 'and' 'or' 'xor'> <InPorts = 2> <OutPorts = 1>
ST_1 : Operation 25 [1/1] (0.00ns) (grouped into LUT with out node add_ln415_21)   --->   "%zext_ln415_21 = zext i1 %and_ln415_1 to i8" [firmware/nnet_utils/nnet_activation.h:46]   --->   Operation 25 'zext' 'zext_ln415_21' <Predicate = true> <Delay = 0.00>
ST_1 : Operation 26 [1/1] (1.91ns) (out node of the LUT)   --->   "%add_ln415_21 = add i8 %zext_ln415_21, %trunc_ln708_s" [firmware/nnet_utils/nnet_activation.h:46]   --->   Operation 26 'add' 'add_ln415_21' <Predicate = true> <Delay = 1.91> <Core = "AddSub">   --->   Core 14 'AddSub' <Latency = 0> <II = 1> <Delay = 1.91> <FuncUnit> <Opcode : 'add' 'sub'> <InPorts = 2> <OutPorts = 1>
ST_1 : Operation 27 [1/1] (0.00ns)   --->   "%tmp_s = call i4 @_ssdm_op_PartSelect.i4.i17.i32.i32(i17 %data_1_V_read_5, i32 13, i32 16)" [firmware/nnet_utils/nnet_activation.h:46]   --->   Operation 27 'partselect' 'tmp_s' <Predicate = true> <Delay = 0.00>
ST_1 : Operation 28 [1/1] (1.30ns)   --->   "%icmp_ln879_21 = icmp eq i4 %tmp_s, -1" [firmware/nnet_utils/nnet_activation.h:46]   --->   Operation 28 'icmp' 'icmp_ln879_21' <Predicate = true> <Delay = 1.30> <Core = "Cmp">   --->   Core 25 'Cmp' <Latency = 0> <II = 1> <Delay = 1.30> <FuncUnit> <Opcode : 'icmp'> <InPorts = 2> <OutPorts = 1>
ST_1 : Operation 29 [1/1] (1.30ns)   --->   "%icmp_ln768_21 = icmp eq i4 %tmp_s, 0" [firmware/nnet_utils/nnet_activation.h:46]   --->   Operation 29 'icmp' 'icmp_ln768_21' <Predicate = true> <Delay = 1.30> <Core = "Cmp">   --->   Core 25 'Cmp' <Latency = 0> <II = 1> <Delay = 1.30> <FuncUnit> <Opcode : 'icmp'> <InPorts = 2> <OutPorts = 1>
ST_1 : Operation 30 [1/1] (0.00ns) (grouped into LUT with out node add_ln415_22)   --->   "%trunc_ln708_9 = call i8 @_ssdm_op_PartSelect.i8.i17.i32.i32(i17 %data_2_V_read_5, i32 5, i32 12)" [firmware/nnet_utils/nnet_activation.h:46]   --->   Operation 30 'partselect' 'trunc_ln708_9' <Predicate = true> <Delay = 0.00>
ST_1 : Operation 31 [1/1] (0.00ns) (grouped into LUT with out node add_ln415_22)   --->   "%tmp_119 = call i1 @_ssdm_op_BitSelect.i1.i17.i32(i17 %data_2_V_read_5, i32 5)" [firmware/nnet_utils/nnet_activation.h:46]   --->   Operation 31 'bitselect' 'tmp_119' <Predicate = true> <Delay = 0.00>
ST_1 : Operation 32 [1/1] (0.00ns)   --->   "%trunc_ln718_15 = trunc i17 %data_2_V_read_5 to i4" [firmware/nnet_utils/nnet_activation.h:46]   --->   Operation 32 'trunc' 'trunc_ln718_15' <Predicate = true> <Delay = 0.00>
ST_1 : Operation 33 [1/1] (1.30ns)   --->   "%icmp_ln718_15 = icmp ne i4 %trunc_ln718_15, 0" [firmware/nnet_utils/nnet_activation.h:46]   --->   Operation 33 'icmp' 'icmp_ln718_15' <Predicate = true> <Delay = 1.30> <Core = "Cmp">   --->   Core 25 'Cmp' <Latency = 0> <II = 1> <Delay = 1.30> <FuncUnit> <Opcode : 'icmp'> <InPorts = 2> <OutPorts = 1>
ST_1 : Operation 34 [1/1] (0.00ns) (grouped into LUT with out node add_ln415_22)   --->   "%or_ln412_22 = or i1 %icmp_ln718_15, %tmp_119" [firmware/nnet_utils/nnet_activation.h:46]   --->   Operation 34 'or' 'or_ln412_22' <Predicate = true> <Delay = 0.00> <Core = "LogicGate">   --->   Core 27 'LogicGate' <Latency = 0> <II = 1> <Delay = 0.97> <FuncUnit> <Opcode : 'and' 'or' 'xor'> <InPorts = 2> <OutPorts = 1>
ST_1 : Operation 35 [1/1] (0.00ns) (grouped into LUT with out node add_ln415_22)   --->   "%tmp_121 = call i1 @_ssdm_op_BitSelect.i1.i17.i32(i17 %data_2_V_read_5, i32 4)" [firmware/nnet_utils/nnet_activation.h:46]   --->   Operation 35 'bitselect' 'tmp_121' <Predicate = true> <Delay = 0.00>
ST_1 : Operation 36 [1/1] (0.00ns) (grouped into LUT with out node add_ln415_22)   --->   "%and_ln415_2 = and i1 %or_ln412_22, %tmp_121" [firmware/nnet_utils/nnet_activation.h:46]   --->   Operation 36 'and' 'and_ln415_2' <Predicate = true> <Delay = 0.00> <Core = "LogicGate">   --->   Core 27 'LogicGate' <Latency = 0> <II = 1> <Delay = 0.97> <FuncUnit> <Opcode : 'and' 'or' 'xor'> <InPorts = 2> <OutPorts = 1>
ST_1 : Operation 37 [1/1] (0.00ns) (grouped into LUT with out node add_ln415_22)   --->   "%zext_ln415_22 = zext i1 %and_ln415_2 to i8" [firmware/nnet_utils/nnet_activation.h:46]   --->   Operation 37 'zext' 'zext_ln415_22' <Predicate = true> <Delay = 0.00>
ST_1 : Operation 38 [1/1] (1.91ns) (out node of the LUT)   --->   "%add_ln415_22 = add i8 %zext_ln415_22, %trunc_ln708_9" [firmware/nnet_utils/nnet_activation.h:46]   --->   Operation 38 'add' 'add_ln415_22' <Predicate = true> <Delay = 1.91> <Core = "AddSub">   --->   Core 14 'AddSub' <Latency = 0> <II = 1> <Delay = 1.91> <FuncUnit> <Opcode : 'add' 'sub'> <InPorts = 2> <OutPorts = 1>
ST_1 : Operation 39 [1/1] (0.00ns)   --->   "%tmp_33 = call i4 @_ssdm_op_PartSelect.i4.i17.i32.i32(i17 %data_2_V_read_5, i32 13, i32 16)" [firmware/nnet_utils/nnet_activation.h:46]   --->   Operation 39 'partselect' 'tmp_33' <Predicate = true> <Delay = 0.00>
ST_1 : Operation 40 [1/1] (1.30ns)   --->   "%icmp_ln879_22 = icmp eq i4 %tmp_33, -1" [firmware/nnet_utils/nnet_activation.h:46]   --->   Operation 40 'icmp' 'icmp_ln879_22' <Predicate = true> <Delay = 1.30> <Core = "Cmp">   --->   Core 25 'Cmp' <Latency = 0> <II = 1> <Delay = 1.30> <FuncUnit> <Opcode : 'icmp'> <InPorts = 2> <OutPorts = 1>
ST_1 : Operation 41 [1/1] (1.30ns)   --->   "%icmp_ln768_22 = icmp eq i4 %tmp_33, 0" [firmware/nnet_utils/nnet_activation.h:46]   --->   Operation 41 'icmp' 'icmp_ln768_22' <Predicate = true> <Delay = 1.30> <Core = "Cmp">   --->   Core 25 'Cmp' <Latency = 0> <II = 1> <Delay = 1.30> <FuncUnit> <Opcode : 'icmp'> <InPorts = 2> <OutPorts = 1>

State 2 <SV = 1> <Delay = 3.67>
ST_2 : Operation 42 [1/1] (0.00ns)   --->   "call void (...)* @_ssdm_op_SpecPipeline(i32 -1, i32 1, i32 1, i32 0, [1 x i8]* @p_str13) nounwind" [firmware/nnet_utils/nnet_activation.h:40]   --->   Operation 42 'specpipeline' <Predicate = true> <Delay = 0.00>
ST_2 : Operation 43 [1/1] (2.43ns)   --->   "%icmp_ln1494 = icmp sgt i17 %data_0_V_read_5, 0" [firmware/nnet_utils/nnet_activation.h:45]   --->   Operation 43 'icmp' 'icmp_ln1494' <Predicate = true> <Delay = 2.43> <Core = "Cmp">   --->   Core 25 'Cmp' <Latency = 0> <II = 1> <Delay = 1.30> <FuncUnit> <Opcode : 'icmp'> <InPorts = 2> <OutPorts = 1>
ST_2 : Operation 44 [1/1] (0.00ns) (grouped into LUT with out node select_ln1494)   --->   "%tmp_112 = call i1 @_ssdm_op_BitSelect.i1.i17.i32(i17 %data_0_V_read_5, i32 12)" [firmware/nnet_utils/nnet_activation.h:46]   --->   Operation 44 'bitselect' 'tmp_112' <Predicate = true> <Delay = 0.00>
ST_2 : Operation 45 [1/1] (0.00ns) (grouped into LUT with out node select_ln1494)   --->   "%tmp_114 = call i1 @_ssdm_op_BitSelect.i1.i8.i32(i8 %add_ln415, i32 7)" [firmware/nnet_utils/nnet_activation.h:46]   --->   Operation 45 'bitselect' 'tmp_114' <Predicate = true> <Delay = 0.00>
ST_2 : Operation 46 [1/1] (0.00ns) (grouped into LUT with out node select_ln1494)   --->   "%xor_ln416 = xor i1 %tmp_114, true" [firmware/nnet_utils/nnet_activation.h:46]   --->   Operation 46 'xor' 'xor_ln416' <Predicate = true> <Delay = 0.00> <Core = "LogicGate">   --->   Core 27 'LogicGate' <Latency = 0> <II = 1> <Delay = 0.97> <FuncUnit> <Opcode : 'and' 'or' 'xor'> <InPorts = 2> <OutPorts = 1>
ST_2 : Operation 47 [1/1] (0.00ns) (grouped into LUT with out node select_ln1494)   --->   "%and_ln416 = and i1 %tmp_112, %xor_ln416" [firmware/nnet_utils/nnet_activation.h:46]   --->   Operation 47 'and' 'and_ln416' <Predicate = true> <Delay = 0.00> <Core = "LogicGate">   --->   Core 27 'LogicGate' <Latency = 0> <II = 1> <Delay = 0.97> <FuncUnit> <Opcode : 'and' 'or' 'xor'> <InPorts = 2> <OutPorts = 1>
ST_2 : Operation 48 [1/1] (0.00ns) (grouped into LUT with out node select_ln1494)   --->   "%select_ln777 = select i1 %and_ln416, i1 %icmp_ln879, i1 %icmp_ln768" [firmware/nnet_utils/nnet_activation.h:46]   --->   Operation 48 'select' 'select_ln777' <Predicate = true> <Delay = 0.00> <Core = "Sel">   --->   Core 26 'Sel' <Latency = 0> <II = 1> <Delay = 0.99> <FuncUnit> <Opcode : 'select'> <InPorts = 3> <OutPorts = 1>
ST_2 : Operation 49 [1/1] (0.00ns) (grouped into LUT with out node select_ln1494)   --->   "%select_ln340 = select i1 %select_ln777, i8 %add_ln415, i8 -1" [firmware/nnet_utils/nnet_activation.h:46]   --->   Operation 49 'select' 'select_ln340' <Predicate = true> <Delay = 0.00> <Core = "Sel">   --->   Core 26 'Sel' <Latency = 0> <II = 1> <Delay = 0.99> <FuncUnit> <Opcode : 'select'> <InPorts = 3> <OutPorts = 1>
ST_2 : Operation 50 [1/1] (1.24ns) (out node of the LUT)   --->   "%select_ln1494 = select i1 %icmp_ln1494, i8 %select_ln340, i8 0" [firmware/nnet_utils/nnet_activation.h:45]   --->   Operation 50 'select' 'select_ln1494' <Predicate = true> <Delay = 1.24> <Core = "Sel">   --->   Core 26 'Sel' <Latency = 0> <II = 1> <Delay = 0.99> <FuncUnit> <Opcode : 'select'> <InPorts = 3> <OutPorts = 1>
ST_2 : Operation 51 [1/1] (2.43ns)   --->   "%icmp_ln1494_1 = icmp sgt i17 %data_1_V_read_5, 0" [firmware/nnet_utils/nnet_activation.h:45]   --->   Operation 51 'icmp' 'icmp_ln1494_1' <Predicate = true> <Delay = 2.43> <Core = "Cmp">   --->   Core 25 'Cmp' <Latency = 0> <II = 1> <Delay = 1.30> <FuncUnit> <Opcode : 'icmp'> <InPorts = 2> <OutPorts = 1>
ST_2 : Operation 52 [1/1] (0.00ns) (grouped into LUT with out node select_ln1494_21)   --->   "%tmp_116 = call i1 @_ssdm_op_BitSelect.i1.i17.i32(i17 %data_1_V_read_5, i32 12)" [firmware/nnet_utils/nnet_activation.h:46]   --->   Operation 52 'bitselect' 'tmp_116' <Predicate = true> <Delay = 0.00>
ST_2 : Operation 53 [1/1] (0.00ns) (grouped into LUT with out node select_ln1494_21)   --->   "%tmp_118 = call i1 @_ssdm_op_BitSelect.i1.i8.i32(i8 %add_ln415_21, i32 7)" [firmware/nnet_utils/nnet_activation.h:46]   --->   Operation 53 'bitselect' 'tmp_118' <Predicate = true> <Delay = 0.00>
ST_2 : Operation 54 [1/1] (0.00ns) (grouped into LUT with out node select_ln1494_21)   --->   "%xor_ln416_21 = xor i1 %tmp_118, true" [firmware/nnet_utils/nnet_activation.h:46]   --->   Operation 54 'xor' 'xor_ln416_21' <Predicate = true> <Delay = 0.00> <Core = "LogicGate">   --->   Core 27 'LogicGate' <Latency = 0> <II = 1> <Delay = 0.97> <FuncUnit> <Opcode : 'and' 'or' 'xor'> <InPorts = 2> <OutPorts = 1>
ST_2 : Operation 55 [1/1] (0.00ns) (grouped into LUT with out node select_ln1494_21)   --->   "%and_ln416_21 = and i1 %tmp_116, %xor_ln416_21" [firmware/nnet_utils/nnet_activation.h:46]   --->   Operation 55 'and' 'and_ln416_21' <Predicate = true> <Delay = 0.00> <Core = "LogicGate">   --->   Core 27 'LogicGate' <Latency = 0> <II = 1> <Delay = 0.97> <FuncUnit> <Opcode : 'and' 'or' 'xor'> <InPorts = 2> <OutPorts = 1>
ST_2 : Operation 56 [1/1] (0.00ns) (grouped into LUT with out node select_ln1494_21)   --->   "%select_ln777_21 = select i1 %and_ln416_21, i1 %icmp_ln879_21, i1 %icmp_ln768_21" [firmware/nnet_utils/nnet_activation.h:46]   --->   Operation 56 'select' 'select_ln777_21' <Predicate = true> <Delay = 0.00> <Core = "Sel">   --->   Core 26 'Sel' <Latency = 0> <II = 1> <Delay = 0.99> <FuncUnit> <Opcode : 'select'> <InPorts = 3> <OutPorts = 1>
ST_2 : Operation 57 [1/1] (0.00ns) (grouped into LUT with out node select_ln1494_21)   --->   "%select_ln340_1 = select i1 %select_ln777_21, i8 %add_ln415_21, i8 -1" [firmware/nnet_utils/nnet_activation.h:46]   --->   Operation 57 'select' 'select_ln340_1' <Predicate = true> <Delay = 0.00> <Core = "Sel">   --->   Core 26 'Sel' <Latency = 0> <II = 1> <Delay = 0.99> <FuncUnit> <Opcode : 'select'> <InPorts = 3> <OutPorts = 1>
ST_2 : Operation 58 [1/1] (1.24ns) (out node of the LUT)   --->   "%select_ln1494_21 = select i1 %icmp_ln1494_1, i8 %select_ln340_1, i8 0" [firmware/nnet_utils/nnet_activation.h:45]   --->   Operation 58 'select' 'select_ln1494_21' <Predicate = true> <Delay = 1.24> <Core = "Sel">   --->   Core 26 'Sel' <Latency = 0> <II = 1> <Delay = 0.99> <FuncUnit> <Opcode : 'select'> <InPorts = 3> <OutPorts = 1>
ST_2 : Operation 59 [1/1] (2.43ns)   --->   "%icmp_ln1494_2 = icmp sgt i17 %data_2_V_read_5, 0" [firmware/nnet_utils/nnet_activation.h:45]   --->   Operation 59 'icmp' 'icmp_ln1494_2' <Predicate = true> <Delay = 2.43> <Core = "Cmp">   --->   Core 25 'Cmp' <Latency = 0> <II = 1> <Delay = 1.30> <FuncUnit> <Opcode : 'icmp'> <InPorts = 2> <OutPorts = 1>
ST_2 : Operation 60 [1/1] (0.00ns) (grouped into LUT with out node select_ln1494_22)   --->   "%tmp_120 = call i1 @_ssdm_op_BitSelect.i1.i17.i32(i17 %data_2_V_read_5, i32 12)" [firmware/nnet_utils/nnet_activation.h:46]   --->   Operation 60 'bitselect' 'tmp_120' <Predicate = true> <Delay = 0.00>
ST_2 : Operation 61 [1/1] (0.00ns) (grouped into LUT with out node select_ln1494_22)   --->   "%tmp_122 = call i1 @_ssdm_op_BitSelect.i1.i8.i32(i8 %add_ln415_22, i32 7)" [firmware/nnet_utils/nnet_activation.h:46]   --->   Operation 61 'bitselect' 'tmp_122' <Predicate = true> <Delay = 0.00>
ST_2 : Operation 62 [1/1] (0.00ns) (grouped into LUT with out node select_ln1494_22)   --->   "%xor_ln416_22 = xor i1 %tmp_122, true" [firmware/nnet_utils/nnet_activation.h:46]   --->   Operation 62 'xor' 'xor_ln416_22' <Predicate = true> <Delay = 0.00> <Core = "LogicGate">   --->   Core 27 'LogicGate' <Latency = 0> <II = 1> <Delay = 0.97> <FuncUnit> <Opcode : 'and' 'or' 'xor'> <InPorts = 2> <OutPorts = 1>
ST_2 : Operation 63 [1/1] (0.00ns) (grouped into LUT with out node select_ln1494_22)   --->   "%and_ln416_22 = and i1 %tmp_120, %xor_ln416_22" [firmware/nnet_utils/nnet_activation.h:46]   --->   Operation 63 'and' 'and_ln416_22' <Predicate = true> <Delay = 0.00> <Core = "LogicGate">   --->   Core 27 'LogicGate' <Latency = 0> <II = 1> <Delay = 0.97> <FuncUnit> <Opcode : 'and' 'or' 'xor'> <InPorts = 2> <OutPorts = 1>
ST_2 : Operation 64 [1/1] (0.00ns) (grouped into LUT with out node select_ln1494_22)   --->   "%select_ln777_22 = select i1 %and_ln416_22, i1 %icmp_ln879_22, i1 %icmp_ln768_22" [firmware/nnet_utils/nnet_activation.h:46]   --->   Operation 64 'select' 'select_ln777_22' <Predicate = true> <Delay = 0.00> <Core = "Sel">   --->   Core 26 'Sel' <Latency = 0> <II = 1> <Delay = 0.99> <FuncUnit> <Opcode : 'select'> <InPorts = 3> <OutPorts = 1>
ST_2 : Operation 65 [1/1] (0.00ns) (grouped into LUT with out node select_ln1494_22)   --->   "%select_ln340_2 = select i1 %select_ln777_22, i8 %add_ln415_22, i8 -1" [firmware/nnet_utils/nnet_activation.h:46]   --->   Operation 65 'select' 'select_ln340_2' <Predicate = true> <Delay = 0.00> <Core = "Sel">   --->   Core 26 'Sel' <Latency = 0> <II = 1> <Delay = 0.99> <FuncUnit> <Opcode : 'select'> <InPorts = 3> <OutPorts = 1>
ST_2 : Operation 66 [1/1] (1.24ns) (out node of the LUT)   --->   "%select_ln1494_22 = select i1 %icmp_ln1494_2, i8 %select_ln340_2, i8 0" [firmware/nnet_utils/nnet_activation.h:45]   --->   Operation 66 'select' 'select_ln1494_22' <Predicate = true> <Delay = 1.24> <Core = "Sel">   --->   Core 26 'Sel' <Latency = 0> <II = 1> <Delay = 0.99> <FuncUnit> <Opcode : 'select'> <InPorts = 3> <OutPorts = 1>
ST_2 : Operation 67 [1/1] (0.00ns)   --->   "%mrv = insertvalue { i8, i8, i8 } undef, i8 %select_ln1494, 0" [firmware/nnet_utils/nnet_activation.h:50]   --->   Operation 67 'insertvalue' 'mrv' <Predicate = true> <Delay = 0.00>
ST_2 : Operation 68 [1/1] (0.00ns)   --->   "%mrv_1 = insertvalue { i8, i8, i8 } %mrv, i8 %select_ln1494_21, 1" [firmware/nnet_utils/nnet_activation.h:50]   --->   Operation 68 'insertvalue' 'mrv_1' <Predicate = true> <Delay = 0.00>
ST_2 : Operation 69 [1/1] (0.00ns)   --->   "%mrv_2 = insertvalue { i8, i8, i8 } %mrv_1, i8 %select_ln1494_22, 2" [firmware/nnet_utils/nnet_activation.h:50]   --->   Operation 69 'insertvalue' 'mrv_2' <Predicate = true> <Delay = 0.00>
ST_2 : Operation 70 [1/1] (0.00ns)   --->   "ret { i8, i8, i8 } %mrv_2" [firmware/nnet_utils/nnet_activation.h:50]   --->   Operation 70 'ret' <Predicate = true> <Delay = 0.00>


============================================================
+ Verbose Summary: Binding
============================================================
STG Binding: 
---------------- STG Properties BEGIN ----------------
- Is combinational: 0
- Is one-state seq: 0
- Is datapath-only: 0
- Is pipelined: 1
- Is top level: 0
Port [ Return ] is wired: 1; IO mode=ap_ctrl_hs:ce=0
Port [ data_0_V_read]:  wired=1; compound=0; hidden=0; nouse=0; global=0; static=0; extern=0; dir=0; type=0; pingpong=0; private_global=0; IO mode=ap_none:ce=0
Port [ data_1_V_read]:  wired=1; compound=0; hidden=0; nouse=0; global=0; static=0; extern=0; dir=0; type=0; pingpong=0; private_global=0; IO mode=ap_none:ce=0
Port [ data_2_V_read]:  wired=1; compound=0; hidden=0; nouse=0; global=0; static=0; extern=0; dir=0; type=0; pingpong=0; private_global=0; IO mode=ap_none:ce=0
---------------- STG Properties END ------------------

---------------- Datapath Model BEGIN ----------------

<LifeTime>
<method=bitvector/>
data_2_V_read_5   (read        ) [ 011]
data_1_V_read_5   (read        ) [ 011]
data_0_V_read_5   (read        ) [ 011]
trunc_ln          (partselect  ) [ 000]
tmp_111           (bitselect   ) [ 000]
trunc_ln718       (trunc       ) [ 000]
icmp_ln718        (icmp        ) [ 000]
or_ln412          (or          ) [ 000]
tmp_113           (bitselect   ) [ 000]
and_ln415         (and         ) [ 000]
zext_ln415        (zext        ) [ 000]
add_ln415         (add         ) [ 011]
tmp               (partselect  ) [ 000]
icmp_ln879        (icmp        ) [ 011]
icmp_ln768        (icmp        ) [ 011]
trunc_ln708_s     (partselect  ) [ 000]
tmp_115           (bitselect   ) [ 000]
trunc_ln718_14    (trunc       ) [ 000]
icmp_ln718_14     (icmp        ) [ 000]
or_ln412_21       (or          ) [ 000]
tmp_117           (bitselect   ) [ 000]
and_ln415_1       (and         ) [ 000]
zext_ln415_21     (zext        ) [ 000]
add_ln415_21      (add         ) [ 011]
tmp_s             (partselect  ) [ 000]
icmp_ln879_21     (icmp        ) [ 011]
icmp_ln768_21     (icmp        ) [ 011]
trunc_ln708_9     (partselect  ) [ 000]
tmp_119           (bitselect   ) [ 000]
trunc_ln718_15    (trunc       ) [ 000]
icmp_ln718_15     (icmp        ) [ 000]
or_ln412_22       (or          ) [ 000]
tmp_121           (bitselect   ) [ 000]
and_ln415_2       (and         ) [ 000]
zext_ln415_22     (zext        ) [ 000]
add_ln415_22      (add         ) [ 011]
tmp_33            (partselect  ) [ 000]
icmp_ln879_22     (icmp        ) [ 011]
icmp_ln768_22     (icmp        ) [ 011]
specpipeline_ln40 (specpipeline) [ 000]
icmp_ln1494       (icmp        ) [ 000]
tmp_112           (bitselect   ) [ 000]
tmp_114           (bitselect   ) [ 000]
xor_ln416         (xor         ) [ 000]
and_ln416         (and         ) [ 000]
select_ln777      (select      ) [ 000]
select_ln340      (select      ) [ 000]
select_ln1494     (select      ) [ 000]
icmp_ln1494_1     (icmp        ) [ 000]
tmp_116           (bitselect   ) [ 000]
tmp_118           (bitselect   ) [ 000]
xor_ln416_21      (xor         ) [ 000]
and_ln416_21      (and         ) [ 000]
select_ln777_21   (select      ) [ 000]
select_ln340_1    (select      ) [ 000]
select_ln1494_21  (select      ) [ 000]
icmp_ln1494_2     (icmp        ) [ 000]
tmp_120           (bitselect   ) [ 000]
tmp_122           (bitselect   ) [ 000]
xor_ln416_22      (xor         ) [ 000]
and_ln416_22      (and         ) [ 000]
select_ln777_22   (select      ) [ 000]
select_ln340_2    (select      ) [ 000]
select_ln1494_22  (select      ) [ 000]
mrv               (insertvalue ) [ 000]
mrv_1             (insertvalue ) [ 000]
mrv_2             (insertvalue ) [ 000]
ret_ln50          (ret         ) [ 000]
</LifeTime>

<model>

<comp_list>
<comp id="0" class="1000" name="data_0_V_read">
<pin_list>
<pin id="1" dir="1" index="0" bw="1" slack="0"/>
</pin_list>
<bind>
<StgValue><ssdm name="data_0_V_read"/></StgValue>
</bind>
</comp>

<comp id="2" class="1000" name="data_1_V_read">
<pin_list>
<pin id="3" dir="1" index="0" bw="1" slack="0"/>
</pin_list>
<bind>
<StgValue><ssdm name="data_1_V_read"/></StgValue>
</bind>
</comp>

<comp id="4" class="1000" name="data_2_V_read">
<pin_list>
<pin id="5" dir="1" index="0" bw="1" slack="0"/>
</pin_list>
<bind>
<StgValue><ssdm name="data_2_V_read"/></StgValue>
</bind>
</comp>

<comp id="6" class="1001" name="const_6">
<pin_list>
<pin id="7" dir="1" index="0" bw="1" slack="0"/>
</pin_list>
<bind>
<StgValue><ssdm name="_ssdm_op_Read.ap_auto.i17"/></StgValue>
</bind>
</comp>

<comp id="8" class="1001" name="const_8">
<pin_list>
<pin id="9" dir="1" index="0" bw="1" slack="0"/>
</pin_list>
<bind>
<StgValue><ssdm name="_ssdm_op_PartSelect.i8.i17.i32.i32"/></StgValue>
</bind>
</comp>

<comp id="10" class="1001" name="const_10">
<pin_list>
<pin id="11" dir="1" index="0" bw="1" slack="0"/>
</pin_list>
<bind>
<StgValue><ssdm name=""/></StgValue>
</bind>
</comp>

<comp id="12" class="1001" name="const_12">
<pin_list>
<pin id="13" dir="1" index="0" bw="1" slack="0"/>
</pin_list>
<bind>
<StgValue><ssdm name=""/></StgValue>
</bind>
</comp>

<comp id="14" class="1001" name="const_14">
<pin_list>
<pin id="15" dir="1" index="0" bw="1" slack="0"/>
</pin_list>
<bind>
<StgValue><ssdm name="_ssdm_op_BitSelect.i1.i17.i32"/></StgValue>
</bind>
</comp>

<comp id="16" class="1001" name="const_16">
<pin_list>
<pin id="17" dir="1" index="0" bw="1" slack="0"/>
</pin_list>
<bind>
<StgValue><ssdm name=""/></StgValue>
</bind>
</comp>

<comp id="18" class="1001" name="const_18">
<pin_list>
<pin id="19" dir="1" index="0" bw="1" slack="0"/>
</pin_list>
<bind>
<StgValue><ssdm name=""/></StgValue>
</bind>
</comp>

<comp id="20" class="1001" name="const_20">
<pin_list>
<pin id="21" dir="1" index="0" bw="1" slack="0"/>
</pin_list>
<bind>
<StgValue><ssdm name="_ssdm_op_PartSelect.i4.i17.i32.i32"/></StgValue>
</bind>
</comp>

<comp id="22" class="1001" name="const_22">
<pin_list>
<pin id="23" dir="1" index="0" bw="1" slack="0"/>
</pin_list>
<bind>
<StgValue><ssdm name=""/></StgValue>
</bind>
</comp>

<comp id="24" class="1001" name="const_24">
<pin_list>
<pin id="25" dir="1" index="0" bw="1" slack="0"/>
</pin_list>
<bind>
<StgValue><ssdm name=""/></StgValue>
</bind>
</comp>

<comp id="26" class="1001" name="const_26">
<pin_list>
<pin id="27" dir="1" index="0" bw="1" slack="0"/>
</pin_list>
<bind>
<StgValue><ssdm name=""/></StgValue>
</bind>
</comp>

<comp id="28" class="1001" name="const_28">
<pin_list>
<pin id="29" dir="1" index="0" bw="1" slack="2147483647"/>
</pin_list>
<bind>
<StgValue><ssdm name="_ssdm_op_SpecPipeline"/></StgValue>
</bind>
</comp>

<comp id="30" class="1001" name="const_30">
<pin_list>
<pin id="31" dir="1" index="0" bw="1" slack="2147483647"/>
</pin_list>
<bind>
<StgValue><ssdm name=""/></StgValue>
</bind>
</comp>

<comp id="32" class="1001" name="const_32">
<pin_list>
<pin id="33" dir="1" index="0" bw="1" slack="2147483647"/>
</pin_list>
<bind>
<StgValue><ssdm name=""/></StgValue>
</bind>
</comp>

<comp id="34" class="1001" name="const_34">
<pin_list>
<pin id="35" dir="1" index="0" bw="1" slack="2147483647"/>
</pin_list>
<bind>
<StgValue><ssdm name=""/></StgValue>
</bind>
</comp>

<comp id="36" class="1001" name="const_36">
<pin_list>
<pin id="37" dir="1" index="0" bw="1" slack="2147483647"/>
</pin_list>
<bind>
<StgValue><ssdm name="p_str13"/></StgValue>
</bind>
</comp>

<comp id="38" class="1001" name="const_38">
<pin_list>
<pin id="39" dir="1" index="0" bw="1" slack="0"/>
</pin_list>
<bind>
<StgValue><ssdm name=""/></StgValue>
</bind>
</comp>

<comp id="40" class="1001" name="const_40">
<pin_list>
<pin id="41" dir="1" index="0" bw="1" slack="0"/>
</pin_list>
<bind>
<StgValue><ssdm name="_ssdm_op_BitSelect.i1.i8.i32"/></StgValue>
</bind>
</comp>

<comp id="42" class="1001" name="const_42">
<pin_list>
<pin id="43" dir="1" index="0" bw="1" slack="0"/>
</pin_list>
<bind>
<StgValue><ssdm name=""/></StgValue>
</bind>
</comp>

<comp id="44" class="1001" name="const_44">
<pin_list>
<pin id="45" dir="1" index="0" bw="1" slack="0"/>
</pin_list>
<bind>
<StgValue><ssdm name=""/></StgValue>
</bind>
</comp>

<comp id="46" class="1001" name="const_46">
<pin_list>
<pin id="47" dir="1" index="0" bw="1" slack="0"/>
</pin_list>
<bind>
<StgValue><ssdm name=""/></StgValue>
</bind>
</comp>

<comp id="48" class="1001" name="const_48">
<pin_list>
<pin id="49" dir="1" index="0" bw="1" slack="0"/>
</pin_list>
<bind>
<StgValue><ssdm name=""/></StgValue>
</bind>
</comp>

<comp id="50" class="1001" name="const_50">
<pin_list>
<pin id="51" dir="1" index="0" bw="1" slack="0"/>
</pin_list>
<bind>
<StgValue><ssdm name=""/></StgValue>
</bind>
</comp>

<comp id="52" class="1004" name="data_2_V_read_5_read_fu_52">
<pin_list>
<pin id="53" dir="0" index="0" bw="17" slack="0"/>
<pin id="54" dir="0" index="1" bw="17" slack="0"/>
<pin id="55" dir="1" index="2" bw="17" slack="0"/>
</pin_list>
<bind>
<opcode="read(1150) " fcode="read"/>
<opset="data_2_V_read_5/1 "/>
</bind>
</comp>

<comp id="58" class="1004" name="data_1_V_read_5_read_fu_58">
<pin_list>
<pin id="59" dir="0" index="0" bw="17" slack="0"/>
<pin id="60" dir="0" index="1" bw="17" slack="0"/>
<pin id="61" dir="1" index="2" bw="17" slack="0"/>
</pin_list>
<bind>
<opcode="read(1150) " fcode="read"/>
<opset="data_1_V_read_5/1 "/>
</bind>
</comp>

<comp id="64" class="1004" name="data_0_V_read_5_read_fu_64">
<pin_list>
<pin id="65" dir="0" index="0" bw="17" slack="0"/>
<pin id="66" dir="0" index="1" bw="17" slack="0"/>
<pin id="67" dir="1" index="2" bw="17" slack="0"/>
</pin_list>
<bind>
<opcode="read(1150) " fcode="read"/>
<opset="data_0_V_read_5/1 "/>
</bind>
</comp>

<comp id="70" class="1004" name="trunc_ln_fu_70">
<pin_list>
<pin id="71" dir="0" index="0" bw="8" slack="0"/>
<pin id="72" dir="0" index="1" bw="17" slack="0"/>
<pin id="73" dir="0" index="2" bw="4" slack="0"/>
<pin id="74" dir="0" index="3" bw="5" slack="0"/>
<pin id="75" dir="1" index="4" bw="8" slack="0"/>
</pin_list>
<bind>
<opcode="partselect(1002) " fcode="partselect"/>
<opset="trunc_ln/1 "/>
</bind>
</comp>

<comp id="80" class="1004" name="tmp_111_fu_80">
<pin_list>
<pin id="81" dir="0" index="0" bw="1" slack="0"/>
<pin id="82" dir="0" index="1" bw="17" slack="0"/>
<pin id="83" dir="0" index="2" bw="4" slack="0"/>
<pin id="84" dir="1" index="3" bw="1" slack="0"/>
</pin_list>
<bind>
<opcode="bitselect(1000) " fcode="bitselect"/>
<opset="tmp_111/1 "/>
</bind>
</comp>

<comp id="88" class="1004" name="trunc_ln718_fu_88">
<pin_list>
<pin id="89" dir="0" index="0" bw="17" slack="0"/>
<pin id="90" dir="1" index="1" bw="4" slack="0"/>
</pin_list>
<bind>
<opcode="trunc(33) " fcode="trunc"/>
<opset="trunc_ln718/1 "/>
</bind>
</comp>

<comp id="92" class="1004" name="icmp_ln718_fu_92">
<pin_list>
<pin id="93" dir="0" index="0" bw="4" slack="0"/>
<pin id="94" dir="0" index="1" bw="4" slack="0"/>
<pin id="95" dir="1" index="2" bw="1" slack="0"/>
</pin_list>
<bind>
<opcode="icmp(45) " fcode="icmp"/>
<opset="icmp_ln718/1 "/>
</bind>
</comp>

<comp id="98" class="1004" name="or_ln412_fu_98">
<pin_list>
<pin id="99" dir="0" index="0" bw="1" slack="0"/>
<pin id="100" dir="0" index="1" bw="1" slack="0"/>
<pin id="101" dir="1" index="2" bw="1" slack="0"/>
</pin_list>
<bind>
<opcode="or(24) " fcode="or"/>
<opset="or_ln412/1 "/>
</bind>
</comp>

<comp id="104" class="1004" name="tmp_113_fu_104">
<pin_list>
<pin id="105" dir="0" index="0" bw="1" slack="0"/>
<pin id="106" dir="0" index="1" bw="17" slack="0"/>
<pin id="107" dir="0" index="2" bw="4" slack="0"/>
<pin id="108" dir="1" index="3" bw="1" slack="0"/>
</pin_list>
<bind>
<opcode="bitselect(1000) " fcode="bitselect"/>
<opset="tmp_113/1 "/>
</bind>
</comp>

<comp id="112" class="1004" name="and_ln415_fu_112">
<pin_list>
<pin id="113" dir="0" index="0" bw="1" slack="0"/>
<pin id="114" dir="0" index="1" bw="1" slack="0"/>
<pin id="115" dir="1" index="2" bw="1" slack="0"/>
</pin_list>
<bind>
<opcode="and(23) " fcode="and"/>
<opset="and_ln415/1 "/>
</bind>
</comp>

<comp id="118" class="1004" name="zext_ln415_fu_118">
<pin_list>
<pin id="119" dir="0" index="0" bw="1" slack="0"/>
<pin id="120" dir="1" index="1" bw="8" slack="0"/>
</pin_list>
<bind>
<opcode="zext(34) " fcode="zext"/>
<opset="zext_ln415/1 "/>
</bind>
</comp>

<comp id="122" class="1004" name="add_ln415_fu_122">
<pin_list>
<pin id="123" dir="0" index="0" bw="1" slack="0"/>
<pin id="124" dir="0" index="1" bw="8" slack="0"/>
<pin id="125" dir="1" index="2" bw="8" slack="1"/>
</pin_list>
<bind>
<opcode="add(8) " fcode="add"/>
<opset="add_ln415/1 "/>
</bind>
</comp>

<comp id="128" class="1004" name="tmp_fu_128">
<pin_list>
<pin id="129" dir="0" index="0" bw="4" slack="0"/>
<pin id="130" dir="0" index="1" bw="17" slack="0"/>
<pin id="131" dir="0" index="2" bw="5" slack="0"/>
<pin id="132" dir="0" index="3" bw="6" slack="0"/>
<pin id="133" dir="1" index="4" bw="4" slack="0"/>
</pin_list>
<bind>
<opcode="partselect(1002) " fcode="partselect"/>
<opset="tmp/1 "/>
</bind>
</comp>

<comp id="138" class="1004" name="icmp_ln879_fu_138">
<pin_list>
<pin id="139" dir="0" index="0" bw="4" slack="0"/>
<pin id="140" dir="0" index="1" bw="4" slack="0"/>
<pin id="141" dir="1" index="2" bw="1" slack="1"/>
</pin_list>
<bind>
<opcode="icmp(45) " fcode="icmp"/>
<opset="icmp_ln879/1 "/>
</bind>
</comp>

<comp id="144" class="1004" name="icmp_ln768_fu_144">
<pin_list>
<pin id="145" dir="0" index="0" bw="4" slack="0"/>
<pin id="146" dir="0" index="1" bw="4" slack="0"/>
<pin id="147" dir="1" index="2" bw="1" slack="1"/>
</pin_list>
<bind>
<opcode="icmp(45) " fcode="icmp"/>
<opset="icmp_ln768/1 "/>
</bind>
</comp>

<comp id="150" class="1004" name="trunc_ln708_s_fu_150">
<pin_list>
<pin id="151" dir="0" index="0" bw="8" slack="0"/>
<pin id="152" dir="0" index="1" bw="17" slack="0"/>
<pin id="153" dir="0" index="2" bw="4" slack="0"/>
<pin id="154" dir="0" index="3" bw="5" slack="0"/>
<pin id="155" dir="1" index="4" bw="8" slack="0"/>
</pin_list>
<bind>
<opcode="partselect(1002) " fcode="partselect"/>
<opset="trunc_ln708_s/1 "/>
</bind>
</comp>

<comp id="160" class="1004" name="tmp_115_fu_160">
<pin_list>
<pin id="161" dir="0" index="0" bw="1" slack="0"/>
<pin id="162" dir="0" index="1" bw="17" slack="0"/>
<pin id="163" dir="0" index="2" bw="4" slack="0"/>
<pin id="164" dir="1" index="3" bw="1" slack="0"/>
</pin_list>
<bind>
<opcode="bitselect(1000) " fcode="bitselect"/>
<opset="tmp_115/1 "/>
</bind>
</comp>

<comp id="168" class="1004" name="trunc_ln718_14_fu_168">
<pin_list>
<pin id="169" dir="0" index="0" bw="17" slack="0"/>
<pin id="170" dir="1" index="1" bw="4" slack="0"/>
</pin_list>
<bind>
<opcode="trunc(33) " fcode="trunc"/>
<opset="trunc_ln718_14/1 "/>
</bind>
</comp>

<comp id="172" class="1004" name="icmp_ln718_14_fu_172">
<pin_list>
<pin id="173" dir="0" index="0" bw="4" slack="0"/>
<pin id="174" dir="0" index="1" bw="4" slack="0"/>
<pin id="175" dir="1" index="2" bw="1" slack="0"/>
</pin_list>
<bind>
<opcode="icmp(45) " fcode="icmp"/>
<opset="icmp_ln718_14/1 "/>
</bind>
</comp>

<comp id="178" class="1004" name="or_ln412_21_fu_178">
<pin_list>
<pin id="179" dir="0" index="0" bw="1" slack="0"/>
<pin id="180" dir="0" index="1" bw="1" slack="0"/>
<pin id="181" dir="1" index="2" bw="1" slack="0"/>
</pin_list>
<bind>
<opcode="or(24) " fcode="or"/>
<opset="or_ln412_21/1 "/>
</bind>
</comp>

<comp id="184" class="1004" name="tmp_117_fu_184">
<pin_list>
<pin id="185" dir="0" index="0" bw="1" slack="0"/>
<pin id="186" dir="0" index="1" bw="17" slack="0"/>
<pin id="187" dir="0" index="2" bw="4" slack="0"/>
<pin id="188" dir="1" index="3" bw="1" slack="0"/>
</pin_list>
<bind>
<opcode="bitselect(1000) " fcode="bitselect"/>
<opset="tmp_117/1 "/>
</bind>
</comp>

<comp id="192" class="1004" name="and_ln415_1_fu_192">
<pin_list>
<pin id="193" dir="0" index="0" bw="1" slack="0"/>
<pin id="194" dir="0" index="1" bw="1" slack="0"/>
<pin id="195" dir="1" index="2" bw="1" slack="0"/>
</pin_list>
<bind>
<opcode="and(23) " fcode="and"/>
<opset="and_ln415_1/1 "/>
</bind>
</comp>

<comp id="198" class="1004" name="zext_ln415_21_fu_198">
<pin_list>
<pin id="199" dir="0" index="0" bw="1" slack="0"/>
<pin id="200" dir="1" index="1" bw="8" slack="0"/>
</pin_list>
<bind>
<opcode="zext(34) " fcode="zext"/>
<opset="zext_ln415_21/1 "/>
</bind>
</comp>

<comp id="202" class="1004" name="add_ln415_21_fu_202">
<pin_list>
<pin id="203" dir="0" index="0" bw="1" slack="0"/>
<pin id="204" dir="0" index="1" bw="8" slack="0"/>
<pin id="205" dir="1" index="2" bw="8" slack="1"/>
</pin_list>
<bind>
<opcode="add(8) " fcode="add"/>
<opset="add_ln415_21/1 "/>
</bind>
</comp>

<comp id="208" class="1004" name="tmp_s_fu_208">
<pin_list>
<pin id="209" dir="0" index="0" bw="4" slack="0"/>
<pin id="210" dir="0" index="1" bw="17" slack="0"/>
<pin id="211" dir="0" index="2" bw="5" slack="0"/>
<pin id="212" dir="0" index="3" bw="6" slack="0"/>
<pin id="213" dir="1" index="4" bw="4" slack="0"/>
</pin_list>
<bind>
<opcode="partselect(1002) " fcode="partselect"/>
<opset="tmp_s/1 "/>
</bind>
</comp>

<comp id="218" class="1004" name="icmp_ln879_21_fu_218">
<pin_list>
<pin id="219" dir="0" index="0" bw="4" slack="0"/>
<pin id="220" dir="0" index="1" bw="4" slack="0"/>
<pin id="221" dir="1" index="2" bw="1" slack="1"/>
</pin_list>
<bind>
<opcode="icmp(45) " fcode="icmp"/>
<opset="icmp_ln879_21/1 "/>
</bind>
</comp>

<comp id="224" class="1004" name="icmp_ln768_21_fu_224">
<pin_list>
<pin id="225" dir="0" index="0" bw="4" slack="0"/>
<pin id="226" dir="0" index="1" bw="4" slack="0"/>
<pin id="227" dir="1" index="2" bw="1" slack="1"/>
</pin_list>
<bind>
<opcode="icmp(45) " fcode="icmp"/>
<opset="icmp_ln768_21/1 "/>
</bind>
</comp>

<comp id="230" class="1004" name="trunc_ln708_9_fu_230">
<pin_list>
<pin id="231" dir="0" index="0" bw="8" slack="0"/>
<pin id="232" dir="0" index="1" bw="17" slack="0"/>
<pin id="233" dir="0" index="2" bw="4" slack="0"/>
<pin id="234" dir="0" index="3" bw="5" slack="0"/>
<pin id="235" dir="1" index="4" bw="8" slack="0"/>
</pin_list>
<bind>
<opcode="partselect(1002) " fcode="partselect"/>
<opset="trunc_ln708_9/1 "/>
</bind>
</comp>

<comp id="240" class="1004" name="tmp_119_fu_240">
<pin_list>
<pin id="241" dir="0" index="0" bw="1" slack="0"/>
<pin id="242" dir="0" index="1" bw="17" slack="0"/>
<pin id="243" dir="0" index="2" bw="4" slack="0"/>
<pin id="244" dir="1" index="3" bw="1" slack="0"/>
</pin_list>
<bind>
<opcode="bitselect(1000) " fcode="bitselect"/>
<opset="tmp_119/1 "/>
</bind>
</comp>

<comp id="248" class="1004" name="trunc_ln718_15_fu_248">
<pin_list>
<pin id="249" dir="0" index="0" bw="17" slack="0"/>
<pin id="250" dir="1" index="1" bw="4" slack="0"/>
</pin_list>
<bind>
<opcode="trunc(33) " fcode="trunc"/>
<opset="trunc_ln718_15/1 "/>
</bind>
</comp>

<comp id="252" class="1004" name="icmp_ln718_15_fu_252">
<pin_list>
<pin id="253" dir="0" index="0" bw="4" slack="0"/>
<pin id="254" dir="0" index="1" bw="4" slack="0"/>
<pin id="255" dir="1" index="2" bw="1" slack="0"/>
</pin_list>
<bind>
<opcode="icmp(45) " fcode="icmp"/>
<opset="icmp_ln718_15/1 "/>
</bind>
</comp>

<comp id="258" class="1004" name="or_ln412_22_fu_258">
<pin_list>
<pin id="259" dir="0" index="0" bw="1" slack="0"/>
<pin id="260" dir="0" index="1" bw="1" slack="0"/>
<pin id="261" dir="1" index="2" bw="1" slack="0"/>
</pin_list>
<bind>
<opcode="or(24) " fcode="or"/>
<opset="or_ln412_22/1 "/>
</bind>
</comp>

<comp id="264" class="1004" name="tmp_121_fu_264">
<pin_list>
<pin id="265" dir="0" index="0" bw="1" slack="0"/>
<pin id="266" dir="0" index="1" bw="17" slack="0"/>
<pin id="267" dir="0" index="2" bw="4" slack="0"/>
<pin id="268" dir="1" index="3" bw="1" slack="0"/>
</pin_list>
<bind>
<opcode="bitselect(1000) " fcode="bitselect"/>
<opset="tmp_121/1 "/>
</bind>
</comp>

<comp id="272" class="1004" name="and_ln415_2_fu_272">
<pin_list>
<pin id="273" dir="0" index="0" bw="1" slack="0"/>
<pin id="274" dir="0" index="1" bw="1" slack="0"/>
<pin id="275" dir="1" index="2" bw="1" slack="0"/>
</pin_list>
<bind>
<opcode="and(23) " fcode="and"/>
<opset="and_ln415_2/1 "/>
</bind>
</comp>

<comp id="278" class="1004" name="zext_ln415_22_fu_278">
<pin_list>
<pin id="279" dir="0" index="0" bw="1" slack="0"/>
<pin id="280" dir="1" index="1" bw="8" slack="0"/>
</pin_list>
<bind>
<opcode="zext(34) " fcode="zext"/>
<opset="zext_ln415_22/1 "/>
</bind>
</comp>

<comp id="282" class="1004" name="add_ln415_22_fu_282">
<pin_list>
<pin id="283" dir="0" index="0" bw="1" slack="0"/>
<pin id="284" dir="0" index="1" bw="8" slack="0"/>
<pin id="285" dir="1" index="2" bw="8" slack="1"/>
</pin_list>
<bind>
<opcode="add(8) " fcode="add"/>
<opset="add_ln415_22/1 "/>
</bind>
</comp>

<comp id="288" class="1004" name="tmp_33_fu_288">
<pin_list>
<pin id="289" dir="0" index="0" bw="4" slack="0"/>
<pin id="290" dir="0" index="1" bw="17" slack="0"/>
<pin id="291" dir="0" index="2" bw="5" slack="0"/>
<pin id="292" dir="0" index="3" bw="6" slack="0"/>
<pin id="293" dir="1" index="4" bw="4" slack="0"/>
</pin_list>
<bind>
<opcode="partselect(1002) " fcode="partselect"/>
<opset="tmp_33/1 "/>
</bind>
</comp>

<comp id="298" class="1004" name="icmp_ln879_22_fu_298">
<pin_list>
<pin id="299" dir="0" index="0" bw="4" slack="0"/>
<pin id="300" dir="0" index="1" bw="4" slack="0"/>
<pin id="301" dir="1" index="2" bw="1" slack="1"/>
</pin_list>
<bind>
<opcode="icmp(45) " fcode="icmp"/>
<opset="icmp_ln879_22/1 "/>
</bind>
</comp>

<comp id="304" class="1004" name="icmp_ln768_22_fu_304">
<pin_list>
<pin id="305" dir="0" index="0" bw="4" slack="0"/>
<pin id="306" dir="0" index="1" bw="4" slack="0"/>
<pin id="307" dir="1" index="2" bw="1" slack="1"/>
</pin_list>
<bind>
<opcode="icmp(45) " fcode="icmp"/>
<opset="icmp_ln768_22/1 "/>
</bind>
</comp>

<comp id="310" class="1004" name="icmp_ln1494_fu_310">
<pin_list>
<pin id="311" dir="0" index="0" bw="17" slack="1"/>
<pin id="312" dir="0" index="1" bw="17" slack="0"/>
<pin id="313" dir="1" index="2" bw="1" slack="0"/>
</pin_list>
<bind>
<opcode="icmp(45) " fcode="icmp"/>
<opset="icmp_ln1494/2 "/>
</bind>
</comp>

<comp id="315" class="1004" name="tmp_112_fu_315">
<pin_list>
<pin id="316" dir="0" index="0" bw="1" slack="0"/>
<pin id="317" dir="0" index="1" bw="17" slack="1"/>
<pin id="318" dir="0" index="2" bw="5" slack="0"/>
<pin id="319" dir="1" index="3" bw="1" slack="0"/>
</pin_list>
<bind>
<opcode="bitselect(1000) " fcode="bitselect"/>
<opset="tmp_112/2 "/>
</bind>
</comp>

<comp id="322" class="1004" name="tmp_114_fu_322">
<pin_list>
<pin id="323" dir="0" index="0" bw="1" slack="0"/>
<pin id="324" dir="0" index="1" bw="8" slack="1"/>
<pin id="325" dir="0" index="2" bw="4" slack="0"/>
<pin id="326" dir="1" index="3" bw="1" slack="0"/>
</pin_list>
<bind>
<opcode="bitselect(1000) " fcode="bitselect"/>
<opset="tmp_114/2 "/>
</bind>
</comp>

<comp id="329" class="1004" name="xor_ln416_fu_329">
<pin_list>
<pin id="330" dir="0" index="0" bw="1" slack="0"/>
<pin id="331" dir="0" index="1" bw="1" slack="0"/>
<pin id="332" dir="1" index="2" bw="1" slack="0"/>
</pin_list>
<bind>
<opcode="xor(25) " fcode="xor"/>
<opset="xor_ln416/2 "/>
</bind>
</comp>

<comp id="335" class="1004" name="and_ln416_fu_335">
<pin_list>
<pin id="336" dir="0" index="0" bw="1" slack="0"/>
<pin id="337" dir="0" index="1" bw="1" slack="0"/>
<pin id="338" dir="1" index="2" bw="1" slack="0"/>
</pin_list>
<bind>
<opcode="and(23) " fcode="and"/>
<opset="and_ln416/2 "/>
</bind>
</comp>

<comp id="341" class="1004" name="select_ln777_fu_341">
<pin_list>
<pin id="342" dir="0" index="0" bw="1" slack="0"/>
<pin id="343" dir="0" index="1" bw="1" slack="1"/>
<pin id="344" dir="0" index="2" bw="1" slack="1"/>
<pin id="345" dir="1" index="3" bw="1" slack="0"/>
</pin_list>
<bind>
<opcode="select(49) " fcode="select"/>
<opset="select_ln777/2 "/>
</bind>
</comp>

<comp id="347" class="1004" name="select_ln340_fu_347">
<pin_list>
<pin id="348" dir="0" index="0" bw="1" slack="0"/>
<pin id="349" dir="0" index="1" bw="8" slack="1"/>
<pin id="350" dir="0" index="2" bw="8" slack="0"/>
<pin id="351" dir="1" index="3" bw="8" slack="0"/>
</pin_list>
<bind>
<opcode="select(49) " fcode="select"/>
<opset="select_ln340/2 "/>
</bind>
</comp>

<comp id="354" class="1004" name="select_ln1494_fu_354">
<pin_list>
<pin id="355" dir="0" index="0" bw="1" slack="0"/>
<pin id="356" dir="0" index="1" bw="8" slack="0"/>
<pin id="357" dir="0" index="2" bw="8" slack="0"/>
<pin id="358" dir="1" index="3" bw="8" slack="0"/>
</pin_list>
<bind>
<opcode="select(49) " fcode="select"/>
<opset="select_ln1494/2 "/>
</bind>
</comp>

<comp id="362" class="1004" name="icmp_ln1494_1_fu_362">
<pin_list>
<pin id="363" dir="0" index="0" bw="17" slack="1"/>
<pin id="364" dir="0" index="1" bw="17" slack="0"/>
<pin id="365" dir="1" index="2" bw="1" slack="0"/>
</pin_list>
<bind>
<opcode="icmp(45) " fcode="icmp"/>
<opset="icmp_ln1494_1/2 "/>
</bind>
</comp>

<comp id="367" class="1004" name="tmp_116_fu_367">
<pin_list>
<pin id="368" dir="0" index="0" bw="1" slack="0"/>
<pin id="369" dir="0" index="1" bw="17" slack="1"/>
<pin id="370" dir="0" index="2" bw="5" slack="0"/>
<pin id="371" dir="1" index="3" bw="1" slack="0"/>
</pin_list>
<bind>
<opcode="bitselect(1000) " fcode="bitselect"/>
<opset="tmp_116/2 "/>
</bind>
</comp>

<comp id="374" class="1004" name="tmp_118_fu_374">
<pin_list>
<pin id="375" dir="0" index="0" bw="1" slack="0"/>
<pin id="376" dir="0" index="1" bw="8" slack="1"/>
<pin id="377" dir="0" index="2" bw="4" slack="0"/>
<pin id="378" dir="1" index="3" bw="1" slack="0"/>
</pin_list>
<bind>
<opcode="bitselect(1000) " fcode="bitselect"/>
<opset="tmp_118/2 "/>
</bind>
</comp>

<comp id="381" class="1004" name="xor_ln416_21_fu_381">
<pin_list>
<pin id="382" dir="0" index="0" bw="1" slack="0"/>
<pin id="383" dir="0" index="1" bw="1" slack="0"/>
<pin id="384" dir="1" index="2" bw="1" slack="0"/>
</pin_list>
<bind>
<opcode="xor(25) " fcode="xor"/>
<opset="xor_ln416_21/2 "/>
</bind>
</comp>

<comp id="387" class="1004" name="and_ln416_21_fu_387">
<pin_list>
<pin id="388" dir="0" index="0" bw="1" slack="0"/>
<pin id="389" dir="0" index="1" bw="1" slack="0"/>
<pin id="390" dir="1" index="2" bw="1" slack="0"/>
</pin_list>
<bind>
<opcode="and(23) " fcode="and"/>
<opset="and_ln416_21/2 "/>
</bind>
</comp>

<comp id="393" class="1004" name="select_ln777_21_fu_393">
<pin_list>
<pin id="394" dir="0" index="0" bw="1" slack="0"/>
<pin id="395" dir="0" index="1" bw="1" slack="1"/>
<pin id="396" dir="0" index="2" bw="1" slack="1"/>
<pin id="397" dir="1" index="3" bw="1" slack="0"/>
</pin_list>
<bind>
<opcode="select(49) " fcode="select"/>
<opset="select_ln777_21/2 "/>
</bind>
</comp>

<comp id="399" class="1004" name="select_ln340_1_fu_399">
<pin_list>
<pin id="400" dir="0" index="0" bw="1" slack="0"/>
<pin id="401" dir="0" index="1" bw="8" slack="1"/>
<pin id="402" dir="0" index="2" bw="8" slack="0"/>
<pin id="403" dir="1" index="3" bw="8" slack="0"/>
</pin_list>
<bind>
<opcode="select(49) " fcode="select"/>
<opset="select_ln340_1/2 "/>
</bind>
</comp>

<comp id="406" class="1004" name="select_ln1494_21_fu_406">
<pin_list>
<pin id="407" dir="0" index="0" bw="1" slack="0"/>
<pin id="408" dir="0" index="1" bw="8" slack="0"/>
<pin id="409" dir="0" index="2" bw="8" slack="0"/>
<pin id="410" dir="1" index="3" bw="8" slack="0"/>
</pin_list>
<bind>
<opcode="select(49) " fcode="select"/>
<opset="select_ln1494_21/2 "/>
</bind>
</comp>

<comp id="414" class="1004" name="icmp_ln1494_2_fu_414">
<pin_list>
<pin id="415" dir="0" index="0" bw="17" slack="1"/>
<pin id="416" dir="0" index="1" bw="17" slack="0"/>
<pin id="417" dir="1" index="2" bw="1" slack="0"/>
</pin_list>
<bind>
<opcode="icmp(45) " fcode="icmp"/>
<opset="icmp_ln1494_2/2 "/>
</bind>
</comp>

<comp id="419" class="1004" name="tmp_120_fu_419">
<pin_list>
<pin id="420" dir="0" index="0" bw="1" slack="0"/>
<pin id="421" dir="0" index="1" bw="17" slack="1"/>
<pin id="422" dir="0" index="2" bw="5" slack="0"/>
<pin id="423" dir="1" index="3" bw="1" slack="0"/>
</pin_list>
<bind>
<opcode="bitselect(1000) " fcode="bitselect"/>
<opset="tmp_120/2 "/>
</bind>
</comp>

<comp id="426" class="1004" name="tmp_122_fu_426">
<pin_list>
<pin id="427" dir="0" index="0" bw="1" slack="0"/>
<pin id="428" dir="0" index="1" bw="8" slack="1"/>
<pin id="429" dir="0" index="2" bw="4" slack="0"/>
<pin id="430" dir="1" index="3" bw="1" slack="0"/>
</pin_list>
<bind>
<opcode="bitselect(1000) " fcode="bitselect"/>
<opset="tmp_122/2 "/>
</bind>
</comp>

<comp id="433" class="1004" name="xor_ln416_22_fu_433">
<pin_list>
<pin id="434" dir="0" index="0" bw="1" slack="0"/>
<pin id="435" dir="0" index="1" bw="1" slack="0"/>
<pin id="436" dir="1" index="2" bw="1" slack="0"/>
</pin_list>
<bind>
<opcode="xor(25) " fcode="xor"/>
<opset="xor_ln416_22/2 "/>
</bind>
</comp>

<comp id="439" class="1004" name="and_ln416_22_fu_439">
<pin_list>
<pin id="440" dir="0" index="0" bw="1" slack="0"/>
<pin id="441" dir="0" index="1" bw="1" slack="0"/>
<pin id="442" dir="1" index="2" bw="1" slack="0"/>
</pin_list>
<bind>
<opcode="and(23) " fcode="and"/>
<opset="and_ln416_22/2 "/>
</bind>
</comp>

<comp id="445" class="1004" name="select_ln777_22_fu_445">
<pin_list>
<pin id="446" dir="0" index="0" bw="1" slack="0"/>
<pin id="447" dir="0" index="1" bw="1" slack="1"/>
<pin id="448" dir="0" index="2" bw="1" slack="1"/>
<pin id="449" dir="1" index="3" bw="1" slack="0"/>
</pin_list>
<bind>
<opcode="select(49) " fcode="select"/>
<opset="select_ln777_22/2 "/>
</bind>
</comp>

<comp id="451" class="1004" name="select_ln340_2_fu_451">
<pin_list>
<pin id="452" dir="0" index="0" bw="1" slack="0"/>
<pin id="453" dir="0" index="1" bw="8" slack="1"/>
<pin id="454" dir="0" index="2" bw="8" slack="0"/>
<pin id="455" dir="1" index="3" bw="8" slack="0"/>
</pin_list>
<bind>
<opcode="select(49) " fcode="select"/>
<opset="select_ln340_2/2 "/>
</bind>
</comp>

<comp id="458" class="1004" name="select_ln1494_22_fu_458">
<pin_list>
<pin id="459" dir="0" index="0" bw="1" slack="0"/>
<pin id="460" dir="0" index="1" bw="8" slack="0"/>
<pin id="461" dir="0" index="2" bw="8" slack="0"/>
<pin id="462" dir="1" index="3" bw="8" slack="0"/>
</pin_list>
<bind>
<opcode="select(49) " fcode="select"/>
<opset="select_ln1494_22/2 "/>
</bind>
</comp>

<comp id="466" class="1004" name="mrv_fu_466">
<pin_list>
<pin id="467" dir="0" index="0" bw="24" slack="0"/>
<pin id="468" dir="0" index="1" bw="8" slack="0"/>
<pin id="469" dir="1" index="2" bw="24" slack="0"/>
</pin_list>
<bind>
<opcode="insertvalue(57) " fcode="insertvalue"/>
<opset="mrv/2 "/>
</bind>
</comp>

<comp id="472" class="1004" name="mrv_1_fu_472">
<pin_list>
<pin id="473" dir="0" index="0" bw="24" slack="0"/>
<pin id="474" dir="0" index="1" bw="8" slack="0"/>
<pin id="475" dir="1" index="2" bw="24" slack="0"/>
</pin_list>
<bind>
<opcode="insertvalue(57) " fcode="insertvalue"/>
<opset="mrv_1/2 "/>
</bind>
</comp>

<comp id="478" class="1004" name="mrv_2_fu_478">
<pin_list>
<pin id="479" dir="0" index="0" bw="24" slack="0"/>
<pin id="480" dir="0" index="1" bw="8" slack="0"/>
<pin id="481" dir="1" index="2" bw="24" slack="2147483647"/>
</pin_list>
<bind>
<opcode="insertvalue(57) " fcode="insertvalue"/>
<opset="mrv_2/2 "/>
</bind>
</comp>

<comp id="484" class="1005" name="data_2_V_read_5_reg_484">
<pin_list>
<pin id="485" dir="0" index="0" bw="17" slack="1"/>
<pin id="486" dir="1" index="1" bw="17" slack="1"/>
</pin_list>
<bind>
<opset="data_2_V_read_5 "/>
</bind>
</comp>

<comp id="490" class="1005" name="data_1_V_read_5_reg_490">
<pin_list>
<pin id="491" dir="0" index="0" bw="17" slack="1"/>
<pin id="492" dir="1" index="1" bw="17" slack="1"/>
</pin_list>
<bind>
<opset="data_1_V_read_5 "/>
</bind>
</comp>

<comp id="496" class="1005" name="data_0_V_read_5_reg_496">
<pin_list>
<pin id="497" dir="0" index="0" bw="17" slack="1"/>
<pin id="498" dir="1" index="1" bw="17" slack="1"/>
</pin_list>
<bind>
<opset="data_0_V_read_5 "/>
</bind>
</comp>

<comp id="502" class="1005" name="add_ln415_reg_502">
<pin_list>
<pin id="503" dir="0" index="0" bw="8" slack="1"/>
<pin id="504" dir="1" index="1" bw="8" slack="1"/>
</pin_list>
<bind>
<opset="add_ln415 "/>
</bind>
</comp>

<comp id="508" class="1005" name="icmp_ln879_reg_508">
<pin_list>
<pin id="509" dir="0" index="0" bw="1" slack="1"/>
<pin id="510" dir="1" index="1" bw="1" slack="1"/>
</pin_list>
<bind>
<opset="icmp_ln879 "/>
</bind>
</comp>

<comp id="513" class="1005" name="icmp_ln768_reg_513">
<pin_list>
<pin id="514" dir="0" index="0" bw="1" slack="1"/>
<pin id="515" dir="1" index="1" bw="1" slack="1"/>
</pin_list>
<bind>
<opset="icmp_ln768 "/>
</bind>
</comp>

<comp id="518" class="1005" name="add_ln415_21_reg_518">
<pin_list>
<pin id="519" dir="0" index="0" bw="8" slack="1"/>
<pin id="520" dir="1" index="1" bw="8" slack="1"/>
</pin_list>
<bind>
<opset="add_ln415_21 "/>
</bind>
</comp>

<comp id="524" class="1005" name="icmp_ln879_21_reg_524">
<pin_list>
<pin id="525" dir="0" index="0" bw="1" slack="1"/>
<pin id="526" dir="1" index="1" bw="1" slack="1"/>
</pin_list>
<bind>
<opset="icmp_ln879_21 "/>
</bind>
</comp>

<comp id="529" class="1005" name="icmp_ln768_21_reg_529">
<pin_list>
<pin id="530" dir="0" index="0" bw="1" slack="1"/>
<pin id="531" dir="1" index="1" bw="1" slack="1"/>
</pin_list>
<bind>
<opset="icmp_ln768_21 "/>
</bind>
</comp>

<comp id="534" class="1005" name="add_ln415_22_reg_534">
<pin_list>
<pin id="535" dir="0" index="0" bw="8" slack="1"/>
<pin id="536" dir="1" index="1" bw="8" slack="1"/>
</pin_list>
<bind>
<opset="add_ln415_22 "/>
</bind>
</comp>

<comp id="540" class="1005" name="icmp_ln879_22_reg_540">
<pin_list>
<pin id="541" dir="0" index="0" bw="1" slack="1"/>
<pin id="542" dir="1" index="1" bw="1" slack="1"/>
</pin_list>
<bind>
<opset="icmp_ln879_22 "/>
</bind>
</comp>

<comp id="545" class="1005" name="icmp_ln768_22_reg_545">
<pin_list>
<pin id="546" dir="0" index="0" bw="1" slack="1"/>
<pin id="547" dir="1" index="1" bw="1" slack="1"/>
</pin_list>
<bind>
<opset="icmp_ln768_22 "/>
</bind>
</comp>

</comp_list>

<net_list>
<net id="56"><net_src comp="6" pin="0"/><net_sink comp="52" pin=0"/></net>

<net id="57"><net_src comp="4" pin="0"/><net_sink comp="52" pin=1"/></net>

<net id="62"><net_src comp="6" pin="0"/><net_sink comp="58" pin=0"/></net>

<net id="63"><net_src comp="2" pin="0"/><net_sink comp="58" pin=1"/></net>

<net id="68"><net_src comp="6" pin="0"/><net_sink comp="64" pin=0"/></net>

<net id="69"><net_src comp="0" pin="0"/><net_sink comp="64" pin=1"/></net>

<net id="76"><net_src comp="8" pin="0"/><net_sink comp="70" pin=0"/></net>

<net id="77"><net_src comp="64" pin="2"/><net_sink comp="70" pin=1"/></net>

<net id="78"><net_src comp="10" pin="0"/><net_sink comp="70" pin=2"/></net>

<net id="79"><net_src comp="12" pin="0"/><net_sink comp="70" pin=3"/></net>

<net id="85"><net_src comp="14" pin="0"/><net_sink comp="80" pin=0"/></net>

<net id="86"><net_src comp="64" pin="2"/><net_sink comp="80" pin=1"/></net>

<net id="87"><net_src comp="10" pin="0"/><net_sink comp="80" pin=2"/></net>

<net id="91"><net_src comp="64" pin="2"/><net_sink comp="88" pin=0"/></net>

<net id="96"><net_src comp="88" pin="1"/><net_sink comp="92" pin=0"/></net>

<net id="97"><net_src comp="16" pin="0"/><net_sink comp="92" pin=1"/></net>

<net id="102"><net_src comp="92" pin="2"/><net_sink comp="98" pin=0"/></net>

<net id="103"><net_src comp="80" pin="3"/><net_sink comp="98" pin=1"/></net>

<net id="109"><net_src comp="14" pin="0"/><net_sink comp="104" pin=0"/></net>

<net id="110"><net_src comp="64" pin="2"/><net_sink comp="104" pin=1"/></net>

<net id="111"><net_src comp="18" pin="0"/><net_sink comp="104" pin=2"/></net>

<net id="116"><net_src comp="98" pin="2"/><net_sink comp="112" pin=0"/></net>

<net id="117"><net_src comp="104" pin="3"/><net_sink comp="112" pin=1"/></net>

<net id="121"><net_src comp="112" pin="2"/><net_sink comp="118" pin=0"/></net>

<net id="126"><net_src comp="118" pin="1"/><net_sink comp="122" pin=0"/></net>

<net id="127"><net_src comp="70" pin="4"/><net_sink comp="122" pin=1"/></net>

<net id="134"><net_src comp="20" pin="0"/><net_sink comp="128" pin=0"/></net>

<net id="135"><net_src comp="64" pin="2"/><net_sink comp="128" pin=1"/></net>

<net id="136"><net_src comp="22" pin="0"/><net_sink comp="128" pin=2"/></net>

<net id="137"><net_src comp="24" pin="0"/><net_sink comp="128" pin=3"/></net>

<net id="142"><net_src comp="128" pin="4"/><net_sink comp="138" pin=0"/></net>

<net id="143"><net_src comp="26" pin="0"/><net_sink comp="138" pin=1"/></net>

<net id="148"><net_src comp="128" pin="4"/><net_sink comp="144" pin=0"/></net>

<net id="149"><net_src comp="16" pin="0"/><net_sink comp="144" pin=1"/></net>

<net id="156"><net_src comp="8" pin="0"/><net_sink comp="150" pin=0"/></net>

<net id="157"><net_src comp="58" pin="2"/><net_sink comp="150" pin=1"/></net>

<net id="158"><net_src comp="10" pin="0"/><net_sink comp="150" pin=2"/></net>

<net id="159"><net_src comp="12" pin="0"/><net_sink comp="150" pin=3"/></net>

<net id="165"><net_src comp="14" pin="0"/><net_sink comp="160" pin=0"/></net>

<net id="166"><net_src comp="58" pin="2"/><net_sink comp="160" pin=1"/></net>

<net id="167"><net_src comp="10" pin="0"/><net_sink comp="160" pin=2"/></net>

<net id="171"><net_src comp="58" pin="2"/><net_sink comp="168" pin=0"/></net>

<net id="176"><net_src comp="168" pin="1"/><net_sink comp="172" pin=0"/></net>

<net id="177"><net_src comp="16" pin="0"/><net_sink comp="172" pin=1"/></net>

<net id="182"><net_src comp="172" pin="2"/><net_sink comp="178" pin=0"/></net>

<net id="183"><net_src comp="160" pin="3"/><net_sink comp="178" pin=1"/></net>

<net id="189"><net_src comp="14" pin="0"/><net_sink comp="184" pin=0"/></net>

<net id="190"><net_src comp="58" pin="2"/><net_sink comp="184" pin=1"/></net>

<net id="191"><net_src comp="18" pin="0"/><net_sink comp="184" pin=2"/></net>

<net id="196"><net_src comp="178" pin="2"/><net_sink comp="192" pin=0"/></net>

<net id="197"><net_src comp="184" pin="3"/><net_sink comp="192" pin=1"/></net>

<net id="201"><net_src comp="192" pin="2"/><net_sink comp="198" pin=0"/></net>

<net id="206"><net_src comp="198" pin="1"/><net_sink comp="202" pin=0"/></net>

<net id="207"><net_src comp="150" pin="4"/><net_sink comp="202" pin=1"/></net>

<net id="214"><net_src comp="20" pin="0"/><net_sink comp="208" pin=0"/></net>

<net id="215"><net_src comp="58" pin="2"/><net_sink comp="208" pin=1"/></net>

<net id="216"><net_src comp="22" pin="0"/><net_sink comp="208" pin=2"/></net>

<net id="217"><net_src comp="24" pin="0"/><net_sink comp="208" pin=3"/></net>

<net id="222"><net_src comp="208" pin="4"/><net_sink comp="218" pin=0"/></net>

<net id="223"><net_src comp="26" pin="0"/><net_sink comp="218" pin=1"/></net>

<net id="228"><net_src comp="208" pin="4"/><net_sink comp="224" pin=0"/></net>

<net id="229"><net_src comp="16" pin="0"/><net_sink comp="224" pin=1"/></net>

<net id="236"><net_src comp="8" pin="0"/><net_sink comp="230" pin=0"/></net>

<net id="237"><net_src comp="52" pin="2"/><net_sink comp="230" pin=1"/></net>

<net id="238"><net_src comp="10" pin="0"/><net_sink comp="230" pin=2"/></net>

<net id="239"><net_src comp="12" pin="0"/><net_sink comp="230" pin=3"/></net>

<net id="245"><net_src comp="14" pin="0"/><net_sink comp="240" pin=0"/></net>

<net id="246"><net_src comp="52" pin="2"/><net_sink comp="240" pin=1"/></net>

<net id="247"><net_src comp="10" pin="0"/><net_sink comp="240" pin=2"/></net>

<net id="251"><net_src comp="52" pin="2"/><net_sink comp="248" pin=0"/></net>

<net id="256"><net_src comp="248" pin="1"/><net_sink comp="252" pin=0"/></net>

<net id="257"><net_src comp="16" pin="0"/><net_sink comp="252" pin=1"/></net>

<net id="262"><net_src comp="252" pin="2"/><net_sink comp="258" pin=0"/></net>

<net id="263"><net_src comp="240" pin="3"/><net_sink comp="258" pin=1"/></net>

<net id="269"><net_src comp="14" pin="0"/><net_sink comp="264" pin=0"/></net>

<net id="270"><net_src comp="52" pin="2"/><net_sink comp="264" pin=1"/></net>

<net id="271"><net_src comp="18" pin="0"/><net_sink comp="264" pin=2"/></net>

<net id="276"><net_src comp="258" pin="2"/><net_sink comp="272" pin=0"/></net>

<net id="277"><net_src comp="264" pin="3"/><net_sink comp="272" pin=1"/></net>

<net id="281"><net_src comp="272" pin="2"/><net_sink comp="278" pin=0"/></net>

<net id="286"><net_src comp="278" pin="1"/><net_sink comp="282" pin=0"/></net>

<net id="287"><net_src comp="230" pin="4"/><net_sink comp="282" pin=1"/></net>

<net id="294"><net_src comp="20" pin="0"/><net_sink comp="288" pin=0"/></net>

<net id="295"><net_src comp="52" pin="2"/><net_sink comp="288" pin=1"/></net>

<net id="296"><net_src comp="22" pin="0"/><net_sink comp="288" pin=2"/></net>

<net id="297"><net_src comp="24" pin="0"/><net_sink comp="288" pin=3"/></net>

<net id="302"><net_src comp="288" pin="4"/><net_sink comp="298" pin=0"/></net>

<net id="303"><net_src comp="26" pin="0"/><net_sink comp="298" pin=1"/></net>

<net id="308"><net_src comp="288" pin="4"/><net_sink comp="304" pin=0"/></net>

<net id="309"><net_src comp="16" pin="0"/><net_sink comp="304" pin=1"/></net>

<net id="314"><net_src comp="38" pin="0"/><net_sink comp="310" pin=1"/></net>

<net id="320"><net_src comp="14" pin="0"/><net_sink comp="315" pin=0"/></net>

<net id="321"><net_src comp="12" pin="0"/><net_sink comp="315" pin=2"/></net>

<net id="327"><net_src comp="40" pin="0"/><net_sink comp="322" pin=0"/></net>

<net id="328"><net_src comp="42" pin="0"/><net_sink comp="322" pin=2"/></net>

<net id="333"><net_src comp="322" pin="3"/><net_sink comp="329" pin=0"/></net>

<net id="334"><net_src comp="44" pin="0"/><net_sink comp="329" pin=1"/></net>

<net id="339"><net_src comp="315" pin="3"/><net_sink comp="335" pin=0"/></net>

<net id="340"><net_src comp="329" pin="2"/><net_sink comp="335" pin=1"/></net>

<net id="346"><net_src comp="335" pin="2"/><net_sink comp="341" pin=0"/></net>

<net id="352"><net_src comp="341" pin="3"/><net_sink comp="347" pin=0"/></net>

<net id="353"><net_src comp="46" pin="0"/><net_sink comp="347" pin=2"/></net>

<net id="359"><net_src comp="310" pin="2"/><net_sink comp="354" pin=0"/></net>

<net id="360"><net_src comp="347" pin="3"/><net_sink comp="354" pin=1"/></net>

<net id="361"><net_src comp="48" pin="0"/><net_sink comp="354" pin=2"/></net>

<net id="366"><net_src comp="38" pin="0"/><net_sink comp="362" pin=1"/></net>

<net id="372"><net_src comp="14" pin="0"/><net_sink comp="367" pin=0"/></net>

<net id="373"><net_src comp="12" pin="0"/><net_sink comp="367" pin=2"/></net>

<net id="379"><net_src comp="40" pin="0"/><net_sink comp="374" pin=0"/></net>

<net id="380"><net_src comp="42" pin="0"/><net_sink comp="374" pin=2"/></net>

<net id="385"><net_src comp="374" pin="3"/><net_sink comp="381" pin=0"/></net>

<net id="386"><net_src comp="44" pin="0"/><net_sink comp="381" pin=1"/></net>

<net id="391"><net_src comp="367" pin="3"/><net_sink comp="387" pin=0"/></net>

<net id="392"><net_src comp="381" pin="2"/><net_sink comp="387" pin=1"/></net>

<net id="398"><net_src comp="387" pin="2"/><net_sink comp="393" pin=0"/></net>

<net id="404"><net_src comp="393" pin="3"/><net_sink comp="399" pin=0"/></net>

<net id="405"><net_src comp="46" pin="0"/><net_sink comp="399" pin=2"/></net>

<net id="411"><net_src comp="362" pin="2"/><net_sink comp="406" pin=0"/></net>

<net id="412"><net_src comp="399" pin="3"/><net_sink comp="406" pin=1"/></net>

<net id="413"><net_src comp="48" pin="0"/><net_sink comp="406" pin=2"/></net>

<net id="418"><net_src comp="38" pin="0"/><net_sink comp="414" pin=1"/></net>

<net id="424"><net_src comp="14" pin="0"/><net_sink comp="419" pin=0"/></net>

<net id="425"><net_src comp="12" pin="0"/><net_sink comp="419" pin=2"/></net>

<net id="431"><net_src comp="40" pin="0"/><net_sink comp="426" pin=0"/></net>

<net id="432"><net_src comp="42" pin="0"/><net_sink comp="426" pin=2"/></net>

<net id="437"><net_src comp="426" pin="3"/><net_sink comp="433" pin=0"/></net>

<net id="438"><net_src comp="44" pin="0"/><net_sink comp="433" pin=1"/></net>

<net id="443"><net_src comp="419" pin="3"/><net_sink comp="439" pin=0"/></net>

<net id="444"><net_src comp="433" pin="2"/><net_sink comp="439" pin=1"/></net>

<net id="450"><net_src comp="439" pin="2"/><net_sink comp="445" pin=0"/></net>

<net id="456"><net_src comp="445" pin="3"/><net_sink comp="451" pin=0"/></net>

<net id="457"><net_src comp="46" pin="0"/><net_sink comp="451" pin=2"/></net>

<net id="463"><net_src comp="414" pin="2"/><net_sink comp="458" pin=0"/></net>

<net id="464"><net_src comp="451" pin="3"/><net_sink comp="458" pin=1"/></net>

<net id="465"><net_src comp="48" pin="0"/><net_sink comp="458" pin=2"/></net>

<net id="470"><net_src comp="50" pin="0"/><net_sink comp="466" pin=0"/></net>

<net id="471"><net_src comp="354" pin="3"/><net_sink comp="466" pin=1"/></net>

<net id="476"><net_src comp="466" pin="2"/><net_sink comp="472" pin=0"/></net>

<net id="477"><net_src comp="406" pin="3"/><net_sink comp="472" pin=1"/></net>

<net id="482"><net_src comp="472" pin="2"/><net_sink comp="478" pin=0"/></net>

<net id="483"><net_src comp="458" pin="3"/><net_sink comp="478" pin=1"/></net>

<net id="487"><net_src comp="52" pin="2"/><net_sink comp="484" pin=0"/></net>

<net id="488"><net_src comp="484" pin="1"/><net_sink comp="414" pin=0"/></net>

<net id="489"><net_src comp="484" pin="1"/><net_sink comp="419" pin=1"/></net>

<net id="493"><net_src comp="58" pin="2"/><net_sink comp="490" pin=0"/></net>

<net id="494"><net_src comp="490" pin="1"/><net_sink comp="362" pin=0"/></net>

<net id="495"><net_src comp="490" pin="1"/><net_sink comp="367" pin=1"/></net>

<net id="499"><net_src comp="64" pin="2"/><net_sink comp="496" pin=0"/></net>

<net id="500"><net_src comp="496" pin="1"/><net_sink comp="310" pin=0"/></net>

<net id="501"><net_src comp="496" pin="1"/><net_sink comp="315" pin=1"/></net>

<net id="505"><net_src comp="122" pin="2"/><net_sink comp="502" pin=0"/></net>

<net id="506"><net_src comp="502" pin="1"/><net_sink comp="322" pin=1"/></net>

<net id="507"><net_src comp="502" pin="1"/><net_sink comp="347" pin=1"/></net>

<net id="511"><net_src comp="138" pin="2"/><net_sink comp="508" pin=0"/></net>

<net id="512"><net_src comp="508" pin="1"/><net_sink comp="341" pin=1"/></net>

<net id="516"><net_src comp="144" pin="2"/><net_sink comp="513" pin=0"/></net>

<net id="517"><net_src comp="513" pin="1"/><net_sink comp="341" pin=2"/></net>

<net id="521"><net_src comp="202" pin="2"/><net_sink comp="518" pin=0"/></net>

<net id="522"><net_src comp="518" pin="1"/><net_sink comp="374" pin=1"/></net>

<net id="523"><net_src comp="518" pin="1"/><net_sink comp="399" pin=1"/></net>

<net id="527"><net_src comp="218" pin="2"/><net_sink comp="524" pin=0"/></net>

<net id="528"><net_src comp="524" pin="1"/><net_sink comp="393" pin=1"/></net>

<net id="532"><net_src comp="224" pin="2"/><net_sink comp="529" pin=0"/></net>

<net id="533"><net_src comp="529" pin="1"/><net_sink comp="393" pin=2"/></net>

<net id="537"><net_src comp="282" pin="2"/><net_sink comp="534" pin=0"/></net>

<net id="538"><net_src comp="534" pin="1"/><net_sink comp="426" pin=1"/></net>

<net id="539"><net_src comp="534" pin="1"/><net_sink comp="451" pin=1"/></net>

<net id="543"><net_src comp="298" pin="2"/><net_sink comp="540" pin=0"/></net>

<net id="544"><net_src comp="540" pin="1"/><net_sink comp="445" pin=1"/></net>

<net id="548"><net_src comp="304" pin="2"/><net_sink comp="545" pin=0"/></net>

<net id="549"><net_src comp="545" pin="1"/><net_sink comp="445" pin=2"/></net>

</net_list>

</model> 
---------------- Datapath Model END ------------------

* FSMD analyzer results:
  - Output states:
	Port: data_0_V_read | {}
	Port: data_1_V_read | {}
	Port: data_2_V_read | {}
 - Input state : 
	Port: relu<ap_fixed<19, 8, 5, 3, 0>, ap_ufixed<8, 2, 4, 0, 0>, relu_config10> : data_0_V_read | {1 }
	Port: relu<ap_fixed<19, 8, 5, 3, 0>, ap_ufixed<8, 2, 4, 0, 0>, relu_config10> : data_1_V_read | {1 }
	Port: relu<ap_fixed<19, 8, 5, 3, 0>, ap_ufixed<8, 2, 4, 0, 0>, relu_config10> : data_2_V_read | {1 }
  - Chain level:
	State 1
		icmp_ln718 : 1
		or_ln412 : 2
		and_ln415 : 2
		zext_ln415 : 2
		add_ln415 : 3
		icmp_ln879 : 1
		icmp_ln768 : 1
		icmp_ln718_14 : 1
		or_ln412_21 : 2
		and_ln415_1 : 2
		zext_ln415_21 : 2
		add_ln415_21 : 3
		icmp_ln879_21 : 1
		icmp_ln768_21 : 1
		icmp_ln718_15 : 1
		or_ln412_22 : 2
		and_ln415_2 : 2
		zext_ln415_22 : 2
		add_ln415_22 : 3
		icmp_ln879_22 : 1
		icmp_ln768_22 : 1
	State 2
		xor_ln416 : 1
		and_ln416 : 1
		select_ln777 : 1
		select_ln340 : 2
		select_ln1494 : 3
		xor_ln416_21 : 1
		and_ln416_21 : 1
		select_ln777_21 : 1
		select_ln340_1 : 2
		select_ln1494_21 : 3
		xor_ln416_22 : 1
		and_ln416_22 : 1
		select_ln777_22 : 1
		select_ln340_2 : 2
		select_ln1494_22 : 3
		mrv : 4
		mrv_1 : 5
		mrv_2 : 6
		ret_ln50 : 7


============================================================
+ Verbose Summary: Datapath Resource usage 
============================================================

* Functional unit list:
|----------|----------------------------|---------|---------|
| Operation|       Functional Unit      |    FF   |   LUT   |
|----------|----------------------------|---------|---------|
|          |      icmp_ln718_fu_92      |    0    |    9    |
|          |      icmp_ln879_fu_138     |    0    |    9    |
|          |      icmp_ln768_fu_144     |    0    |    9    |
|          |    icmp_ln718_14_fu_172    |    0    |    9    |
|          |    icmp_ln879_21_fu_218    |    0    |    9    |
|   icmp   |    icmp_ln768_21_fu_224    |    0    |    9    |
|          |    icmp_ln718_15_fu_252    |    0    |    9    |
|          |    icmp_ln879_22_fu_298    |    0    |    9    |
|          |    icmp_ln768_22_fu_304    |    0    |    9    |
|          |     icmp_ln1494_fu_310     |    0    |    18   |
|          |    icmp_ln1494_1_fu_362    |    0    |    18   |
|          |    icmp_ln1494_2_fu_414    |    0    |    18   |
|----------|----------------------------|---------|---------|
|          |     select_ln777_fu_341    |    0    |    2    |
|          |     select_ln340_fu_347    |    0    |    8    |
|          |    select_ln1494_fu_354    |    0    |    8    |
|          |   select_ln777_21_fu_393   |    0    |    2    |
|  select  |    select_ln340_1_fu_399   |    0    |    8    |
|          |   select_ln1494_21_fu_406  |    0    |    8    |
|          |   select_ln777_22_fu_445   |    0    |    2    |
|          |    select_ln340_2_fu_451   |    0    |    8    |
|          |   select_ln1494_22_fu_458  |    0    |    8    |
|----------|----------------------------|---------|---------|
|          |      add_ln415_fu_122      |    0    |    15   |
|    add   |     add_ln415_21_fu_202    |    0    |    15   |
|          |     add_ln415_22_fu_282    |    0    |    15   |
|----------|----------------------------|---------|---------|
|          |      and_ln415_fu_112      |    0    |    2    |
|          |     and_ln415_1_fu_192     |    0    |    2    |
|    and   |     and_ln415_2_fu_272     |    0    |    2    |
|          |      and_ln416_fu_335      |    0    |    2    |
|          |     and_ln416_21_fu_387    |    0    |    2    |
|          |     and_ln416_22_fu_439    |    0    |    2    |
|----------|----------------------------|---------|---------|
|          |       or_ln412_fu_98       |    0    |    2    |
|    or    |     or_ln412_21_fu_178     |    0    |    2    |
|          |     or_ln412_22_fu_258     |    0    |    2    |
|----------|----------------------------|---------|---------|
|          |      xor_ln416_fu_329      |    0    |    2    |
|    xor   |     xor_ln416_21_fu_381    |    0    |    2    |
|          |     xor_ln416_22_fu_433    |    0    |    2    |
|----------|----------------------------|---------|---------|
|          | data_2_V_read_5_read_fu_52 |    0    |    0    |
|   read   | data_1_V_read_5_read_fu_58 |    0    |    0    |
|          | data_0_V_read_5_read_fu_64 |    0    |    0    |
|----------|----------------------------|---------|---------|
|          |       trunc_ln_fu_70       |    0    |    0    |
|          |         tmp_fu_128         |    0    |    0    |
|partselect|    trunc_ln708_s_fu_150    |    0    |    0    |
|          |        tmp_s_fu_208        |    0    |    0    |
|          |    trunc_ln708_9_fu_230    |    0    |    0    |
|          |        tmp_33_fu_288       |    0    |    0    |
|----------|----------------------------|---------|---------|
|          |        tmp_111_fu_80       |    0    |    0    |
|          |       tmp_113_fu_104       |    0    |    0    |
|          |       tmp_115_fu_160       |    0    |    0    |
|          |       tmp_117_fu_184       |    0    |    0    |
|          |       tmp_119_fu_240       |    0    |    0    |
| bitselect|       tmp_121_fu_264       |    0    |    0    |
|          |       tmp_112_fu_315       |    0    |    0    |
|          |       tmp_114_fu_322       |    0    |    0    |
|          |       tmp_116_fu_367       |    0    |    0    |
|          |       tmp_118_fu_374       |    0    |    0    |
|          |       tmp_120_fu_419       |    0    |    0    |
|          |       tmp_122_fu_426       |    0    |    0    |
|----------|----------------------------|---------|---------|
|          |      trunc_ln718_fu_88     |    0    |    0    |
|   trunc  |    trunc_ln718_14_fu_168   |    0    |    0    |
|          |    trunc_ln718_15_fu_248   |    0    |    0    |
|----------|----------------------------|---------|---------|
|          |      zext_ln415_fu_118     |    0    |    0    |
|   zext   |    zext_ln415_21_fu_198    |    0    |    0    |
|          |    zext_ln415_22_fu_278    |    0    |    0    |
|----------|----------------------------|---------|---------|
|          |         mrv_fu_466         |    0    |    0    |
|insertvalue|        mrv_1_fu_472        |    0    |    0    |
|          |        mrv_2_fu_478        |    0    |    0    |
|----------|----------------------------|---------|---------|
|   Total  |                            |    0    |   258   |
|----------|----------------------------|---------|---------|

Memories:
N/A

* Register list:
+-----------------------+--------+
|                       |   FF   |
+-----------------------+--------+
|  add_ln415_21_reg_518 |    8   |
|  add_ln415_22_reg_534 |    8   |
|   add_ln415_reg_502   |    8   |
|data_0_V_read_5_reg_496|   17   |
|data_1_V_read_5_reg_490|   17   |
|data_2_V_read_5_reg_484|   17   |
| icmp_ln768_21_reg_529 |    1   |
| icmp_ln768_22_reg_545 |    1   |
|   icmp_ln768_reg_513  |    1   |
| icmp_ln879_21_reg_524 |    1   |
| icmp_ln879_22_reg_540 |    1   |
|   icmp_ln879_reg_508  |    1   |
+-----------------------+--------+
|         Total         |   81   |
+-----------------------+--------+

* Multiplexer (MUX) list: 
|--------|------|------|------|--------|
|  Comp  |  Pin | Size |  BW  | S x BW |
|--------|------|------|------|--------|
|  Total |      |      |      |    0   |
|--------|------|------|------|--------|



* Summary:
+-----------+--------+--------+
|           |   FF   |   LUT  |
+-----------+--------+--------+
|  Function |    0   |   258  |
|   Memory  |    -   |    -   |
|Multiplexer|    -   |    -   |
|  Register |   81   |    -   |
+-----------+--------+--------+
|   Total   |   81   |   258  |
+-----------+--------+--------+
