#-----------------------------------------------------------
# Vivado v2020.1 (64-bit)
# SW Build 2902540 on Wed May 27 19:54:35 MDT 2020
# IP Build 2902112 on Wed May 27 22:43:36 MDT 2020
# Start of session at: Thu May 21 12:31:32 2026
# Process ID: 2046
# Current directory: /home/moi/stage/notebooks/hls4ml_pynq_z1_final
# Command line: vivado -mode batch -source design.tcl
# Log file: /home/moi/stage/notebooks/hls4ml_pynq_z1_final/vivado.log
# Journal file: /home/moi/stage/notebooks/hls4ml_pynq_z1_final/vivado.jou
#-----------------------------------------------------------
source design.tcl
# set tcldir [file dirname [info script]]
# source [file join $tcldir project.tcl]
## variable project_name
## set project_name "myproject"
## variable backend
## set backend "vivadoaccelerator"
## variable part
## set part "xc7z020clg400-1"
## variable clock_period
## set clock_period 5
## variable clock_uncertainty
## set clock_uncertainty 12.5%
## variable version
## set version "1.0.0"
## variable maximum_size
## set maximum_size 4096
## set bit_width_hls_output 32
## set bit_width_hls_input 32
# create_project project_1 ${project_name}_vivado_accelerator -part xc7z020clg400-1 -force
# set_property board_part tul.com.tw:pynq-z2:part0:1.0 [current_project]
# set_property  ip_repo_paths  ${project_name}_prj [current_project]
# update_ip_catalog
INFO: [IP_Flow 19-234] Refreshing IP repositories
INFO: [IP_Flow 19-1700] Loaded user IP repository '/home/moi/stage/notebooks/hls4ml_pynq_z1_final/myproject_prj'.
INFO: [IP_Flow 19-2313] Loaded Vivado IP repository '/tools/Xilinx/Vivado/2020.1/data/ip'.
# create_bd_design "design_1"
Wrote  : </home/moi/stage/notebooks/hls4ml_pynq_z1_final/myproject_vivado_accelerator/project_1.srcs/sources_1/bd/design_1/design_1.bd> 
create_bd_design: Time (s): cpu = 00:00:01 ; elapsed = 00:00:05 . Memory (MB): peak = 2139.184 ; gain = 21.051 ; free physical = 1758 ; free virtual = 3832
# startgroup
# create_bd_cell -type ip -vlnv xilinx.com:ip:processing_system7:5.5 processing_system7_0
WARNING: [BD 41-176] The physical port 'S_AXI_GP2_rd_socket' specified in the portmap, is not found on the block! 
WARNING: [BD 41-176] The physical port 'S_AXI_GP2_wr_socket' specified in the portmap, is not found on the block! 
WARNING: [BD 41-176] The physical port 'S_AXI_GP3_rd_socket' specified in the portmap, is not found on the block! 
WARNING: [BD 41-176] The physical port 'S_AXI_GP3_wr_socket' specified in the portmap, is not found on the block! 
# endgroup
# apply_bd_automation -rule xilinx.com:bd_rule:processing_system7 -config {make_external "FIXED_IO, DDR" apply_board_preset "1" Master "Disable" Slave "Disable" }  [get_bd_cells processing_system7_0]
# startgroup
# set_property -dict [list CONFIG.PCW_USE_S_AXI_HP0 {1}] [get_bd_cells processing_system7_0]
CRITICAL WARNING: [PSU-1]  Parameter : PCW_UIPARAM_DDR_DQS_TO_CLK_DELAY_0 has negative value -0.051 . PS DDR interfaces might fail when entering negative DQS skew values. 
CRITICAL WARNING: [PSU-2]  Parameter : PCW_UIPARAM_DDR_DQS_TO_CLK_DELAY_1 has negative value -0.006 . PS DDR interfaces might fail when entering negative DQS skew values. 
CRITICAL WARNING: [PSU-3]  Parameter : PCW_UIPARAM_DDR_DQS_TO_CLK_DELAY_2 has negative value -0.009 . PS DDR interfaces might fail when entering negative DQS skew values. 
CRITICAL WARNING: [PSU-4]  Parameter : PCW_UIPARAM_DDR_DQS_TO_CLK_DELAY_3 has negative value -0.033 . PS DDR interfaces might fail when entering negative DQS skew values. 
WARNING: [BD 41-176] The physical port 'S_AXI_GP2_rd_socket' specified in the portmap, is not found on the block! 
WARNING: [BD 41-176] The physical port 'S_AXI_GP2_wr_socket' specified in the portmap, is not found on the block! 
WARNING: [BD 41-176] The physical port 'S_AXI_GP3_rd_socket' specified in the portmap, is not found on the block! 
WARNING: [BD 41-176] The physical port 'S_AXI_GP3_wr_socket' specified in the portmap, is not found on the block! 
# endgroup
# startgroup
# create_bd_cell -type ip -vlnv xilinx.com:ip:axi_dma:7.1 axi_dma_0
# endgroup
# set_property -dict [list CONFIG.c_s_axis_s2mm_tdata_width.VALUE_SRC USER] [get_bd_cells axi_dma_0]
# set_property -dict [list CONFIG.c_include_sg {0} CONFIG.c_sg_length_width {26} CONFIG.c_sg_include_stscntrl_strm {0} CONFIG.c_m_axi_mm2s_data_width ${bit_width_hls_input} CONFIG.c_m_axis_mm2s_tdata_width ${bit_width_hls_input} CONFIG.c_mm2s_burst_size {256} CONFIG.c_s_axis_s2mm_tdata_width ${bit_width_hls_output} CONFIG.c_s_axis_s2mm_data_width ${bit_width_hls_output} CONFIG.c_s2mm_burst_size {256}] [get_bd_cells axi_dma_0]
CRITICAL WARNING: [BD 41-1276] Cannot set the parameter c_s_axis_s2mm_data_width on /axi_dma_0. Parameter does not exist
# startgroup
# apply_bd_automation -rule xilinx.com:bd_rule:axi4 -config { Clk_master {Auto} Clk_slave {Auto} Clk_xbar {Auto} Master {/processing_system7_0/M_AXI_GP0} Slave {/axi_dma_0/S_AXI_LITE} ddr_seg {Auto} intc_ip {New AXI Interconnect} master_apm {0}}  [get_bd_intf_pins axi_dma_0/S_AXI_LITE]
INFO: [Ipptcl 7-1463] No Compatible Board Interface found. Board Tab not created in customize GUI
Slave segment '/axi_dma_0/S_AXI_LITE/Reg' is being assigned into address space '/processing_system7_0/Data' at <0x4040_0000 [ 64K ]>.
# apply_bd_automation -rule xilinx.com:bd_rule:axi4 -config { Clk_master {Auto} Clk_slave {Auto} Clk_xbar {Auto} Master {/axi_dma_0/M_AXI_MM2S} Slave {/processing_system7_0/S_AXI_HP0} ddr_seg {Auto} intc_ip {New AXI Interconnect} master_apm {0}}  [get_bd_intf_pins processing_system7_0/S_AXI_HP0]
Slave segment '/processing_system7_0/S_AXI_HP0/HP0_DDR_LOWOCM' is being assigned into address space '/axi_dma_0/Data_MM2S' at <0x0000_0000 [ 512M ]>.
# endgroup
# apply_bd_automation -rule xilinx.com:bd_rule:axi4 -config { Clk_master {Auto} Clk_slave {/processing_system7_0/FCLK_CLK0 (100 MHz)} Clk_xbar {/processing_system7_0/FCLK_CLK0 (100 MHz)} Master {/axi_dma_0/M_AXI_S2MM} Slave {/processing_system7_0/S_AXI_HP0} ddr_seg {Auto} intc_ip {/axi_mem_intercon} master_apm {0}}  [get_bd_intf_pins axi_dma_0/M_AXI_S2MM]
Slave segment '/processing_system7_0/S_AXI_HP0/HP0_DDR_LOWOCM' is being assigned into address space '/axi_dma_0/Data_S2MM' at <0x0000_0000 [ 512M ]>.
# startgroup
# create_bd_cell -type ip -vlnv xilinx.com:hls:${project_name}_axi:1.0 ${project_name}_axi_0
# endgroup
# connect_bd_intf_net [get_bd_intf_pins axi_dma_0/M_AXIS_MM2S] [get_bd_intf_pins ${project_name}_axi_0/in_r]
# connect_bd_intf_net [get_bd_intf_pins ${project_name}_axi_0/out_r] [get_bd_intf_pins axi_dma_0/S_AXIS_S2MM]
# apply_bd_automation -rule xilinx.com:bd_rule:clkrst -config { Clk {/processing_system7_0/FCLK_CLK0 (100 MHz)} Freq {100} Ref_Clk0 {} Ref_Clk1 {} Ref_Clk2 {}}  [get_bd_pins ${project_name}_axi_0/ap_clk]
# group_bd_cells hier_0 [get_bd_cells axi_dma_0] [get_bd_cells ${project_name}_axi_0]
# make_wrapper -files [get_files ./${project_name}_vivado_accelerator/project_1.srcs/sources_1/bd/design_1/design_1.bd] -top
WARNING: [BD 41-702] Propagation TCL tries to overwrite USER strength parameter PCW_M_AXI_GP0_FREQMHZ(10) on '/processing_system7_0' with propagated value(100). Command ignored
WARNING: [BD 41-702] Propagation TCL tries to overwrite USER strength parameter PCW_S_AXI_HP0_FREQMHZ(10) on '/processing_system7_0' with propagated value(100). Command ignored
Wrote  : </home/moi/stage/notebooks/hls4ml_pynq_z1_final/myproject_vivado_accelerator/project_1.srcs/sources_1/bd/design_1/design_1.bd> 
WARNING: [BD 41-2384] Width mismatch when connecting pin: '/axi_mem_intercon/m00_couplers/auto_pc/m_axi_rid'(1) to pin: '/axi_mem_intercon/m00_couplers/M_AXI_rid'(6) - Only lower order bits will be connected.
WARNING: [BD 41-2384] Width mismatch when connecting pin: '/axi_mem_intercon/m00_couplers/auto_pc/m_axi_bid'(1) to pin: '/axi_mem_intercon/m00_couplers/M_AXI_bid'(6) - Only lower order bits will be connected.
WARNING: [BD 41-2384] Width mismatch when connecting pin: '/processing_system7_0/S_AXI_HP0_ARID'(6) to pin: '/axi_mem_intercon/M00_AXI_arid'(1) - Only lower order bits will be connected.
WARNING: [BD 41-2384] Width mismatch when connecting pin: '/processing_system7_0/S_AXI_HP0_AWID'(6) to pin: '/axi_mem_intercon/M00_AXI_awid'(1) - Only lower order bits will be connected.
WARNING: [BD 41-2384] Width mismatch when connecting pin: '/processing_system7_0/S_AXI_HP0_WID'(6) to pin: '/axi_mem_intercon/M00_AXI_wid'(1) - Only lower order bits will be connected.
VHDL Output written to : /home/moi/stage/notebooks/hls4ml_pynq_z1_final/myproject_vivado_accelerator/project_1.srcs/sources_1/bd/design_1/synth/design_1.v
WARNING: [BD 41-2384] Width mismatch when connecting pin: '/axi_mem_intercon/m00_couplers/auto_pc/m_axi_rid'(1) to pin: '/axi_mem_intercon/m00_couplers/M_AXI_rid'(6) - Only lower order bits will be connected.
WARNING: [BD 41-2384] Width mismatch when connecting pin: '/axi_mem_intercon/m00_couplers/auto_pc/m_axi_bid'(1) to pin: '/axi_mem_intercon/m00_couplers/M_AXI_bid'(6) - Only lower order bits will be connected.
WARNING: [BD 41-2384] Width mismatch when connecting pin: '/processing_system7_0/S_AXI_HP0_ARID'(6) to pin: '/axi_mem_intercon/M00_AXI_arid'(1) - Only lower order bits will be connected.
WARNING: [BD 41-2384] Width mismatch when connecting pin: '/processing_system7_0/S_AXI_HP0_AWID'(6) to pin: '/axi_mem_intercon/M00_AXI_awid'(1) - Only lower order bits will be connected.
WARNING: [BD 41-2384] Width mismatch when connecting pin: '/processing_system7_0/S_AXI_HP0_WID'(6) to pin: '/axi_mem_intercon/M00_AXI_wid'(1) - Only lower order bits will be connected.
VHDL Output written to : /home/moi/stage/notebooks/hls4ml_pynq_z1_final/myproject_vivado_accelerator/project_1.srcs/sources_1/bd/design_1/sim/design_1.v
VHDL Output written to : /home/moi/stage/notebooks/hls4ml_pynq_z1_final/myproject_vivado_accelerator/project_1.srcs/sources_1/bd/design_1/hdl/design_1_wrapper.v
make_wrapper: Time (s): cpu = 00:00:04 ; elapsed = 00:00:06 . Memory (MB): peak = 2139.184 ; gain = 0.000 ; free physical = 1507 ; free virtual = 3602
# add_files -norecurse ./${project_name}_vivado_accelerator/project_1.srcs/sources_1/bd/design_1/hdl/design_1_wrapper.v
# reset_run impl_1
# reset_run synth_1
# launch_runs impl_1 -to_step write_bitstream -jobs 1
INFO: [BD 41-1662] The design 'design_1.bd' is already validated. Therefore parameter propagation will not be re-run.
WARNING: [BD 41-2384] Width mismatch when connecting pin: '/axi_mem_intercon/m00_couplers/auto_pc/m_axi_rid'(1) to pin: '/axi_mem_intercon/m00_couplers/M_AXI_rid'(6) - Only lower order bits will be connected.
WARNING: [BD 41-2384] Width mismatch when connecting pin: '/axi_mem_intercon/m00_couplers/auto_pc/m_axi_bid'(1) to pin: '/axi_mem_intercon/m00_couplers/M_AXI_bid'(6) - Only lower order bits will be connected.
WARNING: [BD 41-2384] Width mismatch when connecting pin: '/processing_system7_0/S_AXI_HP0_ARID'(6) to pin: '/axi_mem_intercon/M00_AXI_arid'(1) - Only lower order bits will be connected.
WARNING: [BD 41-2384] Width mismatch when connecting pin: '/processing_system7_0/S_AXI_HP0_AWID'(6) to pin: '/axi_mem_intercon/M00_AXI_awid'(1) - Only lower order bits will be connected.
WARNING: [BD 41-2384] Width mismatch when connecting pin: '/processing_system7_0/S_AXI_HP0_WID'(6) to pin: '/axi_mem_intercon/M00_AXI_wid'(1) - Only lower order bits will be connected.
VHDL Output written to : /home/moi/stage/notebooks/hls4ml_pynq_z1_final/myproject_vivado_accelerator/project_1.srcs/sources_1/bd/design_1/synth/design_1.v
WARNING: [BD 41-2384] Width mismatch when connecting pin: '/axi_mem_intercon/m00_couplers/auto_pc/m_axi_rid'(1) to pin: '/axi_mem_intercon/m00_couplers/M_AXI_rid'(6) - Only lower order bits will be connected.
WARNING: [BD 41-2384] Width mismatch when connecting pin: '/axi_mem_intercon/m00_couplers/auto_pc/m_axi_bid'(1) to pin: '/axi_mem_intercon/m00_couplers/M_AXI_bid'(6) - Only lower order bits will be connected.
WARNING: [BD 41-2384] Width mismatch when connecting pin: '/processing_system7_0/S_AXI_HP0_ARID'(6) to pin: '/axi_mem_intercon/M00_AXI_arid'(1) - Only lower order bits will be connected.
WARNING: [BD 41-2384] Width mismatch when connecting pin: '/processing_system7_0/S_AXI_HP0_AWID'(6) to pin: '/axi_mem_intercon/M00_AXI_awid'(1) - Only lower order bits will be connected.
WARNING: [BD 41-2384] Width mismatch when connecting pin: '/processing_system7_0/S_AXI_HP0_WID'(6) to pin: '/axi_mem_intercon/M00_AXI_wid'(1) - Only lower order bits will be connected.
VHDL Output written to : /home/moi/stage/notebooks/hls4ml_pynq_z1_final/myproject_vivado_accelerator/project_1.srcs/sources_1/bd/design_1/sim/design_1.v
VHDL Output written to : /home/moi/stage/notebooks/hls4ml_pynq_z1_final/myproject_vivado_accelerator/project_1.srcs/sources_1/bd/design_1/hdl/design_1_wrapper.v
WARNING: [IP_Flow 19-5611] Unable to find an associated reset port for the interface 'M_AXI_GP0'. A default connection has been created.
WARNING: [IP_Flow 19-5611] Unable to find an associated reset port for the interface 'S_AXI_HP0'. A default connection has been created.
INFO: [BD 41-1029] Generation completed for the IP Integrator block processing_system7_0 .
WARNING: [IP_Flow 19-4994] Overwriting existing constraint file '/home/moi/stage/notebooks/hls4ml_pynq_z1_final/myproject_vivado_accelerator/project_1.srcs/sources_1/bd/design_1/ip/design_1_auto_pc_0/design_1_auto_pc_0_ooc.xdc'
INFO: [BD 41-1029] Generation completed for the IP Integrator block ps7_0_axi_periph/s00_couplers/auto_pc .
INFO: [BD 41-1029] Generation completed for the IP Integrator block rst_ps7_0_100M .
INFO: [BD 41-1029] Generation completed for the IP Integrator block axi_mem_intercon/xbar .
WARNING: [IP_Flow 19-4994] Overwriting existing constraint file '/home/moi/stage/notebooks/hls4ml_pynq_z1_final/myproject_vivado_accelerator/project_1.srcs/sources_1/bd/design_1/ip/design_1_auto_us_0/design_1_auto_us_0_ooc.xdc'
WARNING: [IP_Flow 19-5611] Unable to find an associated reset port for the interface 'S_AXI'. A default connection has been created.
WARNING: [IP_Flow 19-5611] Unable to find an associated reset port for the interface 'M_AXI'. A default connection has been created.
INFO: [BD 41-1029] Generation completed for the IP Integrator block axi_mem_intercon/s00_couplers/auto_us .
WARNING: [IP_Flow 19-4994] Overwriting existing constraint file '/home/moi/stage/notebooks/hls4ml_pynq_z1_final/myproject_vivado_accelerator/project_1.srcs/sources_1/bd/design_1/ip/design_1_auto_us_1/design_1_auto_us_1_ooc.xdc'
WARNING: [IP_Flow 19-5611] Unable to find an associated reset port for the interface 'S_AXI'. A default connection has been created.
WARNING: [IP_Flow 19-5611] Unable to find an associated reset port for the interface 'M_AXI'. A default connection has been created.
INFO: [BD 41-1029] Generation completed for the IP Integrator block axi_mem_intercon/s01_couplers/auto_us .
WARNING: [IP_Flow 19-4994] Overwriting existing constraint file '/home/moi/stage/notebooks/hls4ml_pynq_z1_final/myproject_vivado_accelerator/project_1.srcs/sources_1/bd/design_1/ip/design_1_auto_pc_1/design_1_auto_pc_1_ooc.xdc'
INFO: [BD 41-1029] Generation completed for the IP Integrator block axi_mem_intercon/m00_couplers/auto_pc .
INFO: [BD 41-1029] Generation completed for the IP Integrator block hier_0/axi_dma_0 .
WARNING: [IP_Flow 19-519] IP 'design_1_myproject_axi_0_0' detected a language mismatch between 'VHDL Simulation Wrapper' and 'Verilog Simulation' output products. Please check with the IP provider to see if this is expected.
INFO: [BD 41-1029] Generation completed for the IP Integrator block hier_0/myproject_axi_0 .
Exporting to file /home/moi/stage/notebooks/hls4ml_pynq_z1_final/myproject_vivado_accelerator/project_1.srcs/sources_1/bd/design_1/hw_handoff/design_1.hwh
Generated Block Design Tcl file /home/moi/stage/notebooks/hls4ml_pynq_z1_final/myproject_vivado_accelerator/project_1.srcs/sources_1/bd/design_1/hw_handoff/design_1_bd.tcl
Generated Hardware Definition File /home/moi/stage/notebooks/hls4ml_pynq_z1_final/myproject_vivado_accelerator/project_1.srcs/sources_1/bd/design_1/synth/design_1.hwdef
[Thu May 21 12:32:40 2026] Launched design_1_processing_system7_0_0_synth_1, design_1_auto_pc_0_synth_1, design_1_axi_dma_0_0_synth_1, design_1_auto_us_1_synth_1, design_1_myproject_axi_0_0_synth_1, design_1_auto_pc_1_synth_1, design_1_auto_us_0_synth_1, design_1_rst_ps7_0_100M_0_synth_1, design_1_xbar_0_synth_1, synth_1...
Run output will be captured here:
design_1_processing_system7_0_0_synth_1: /home/moi/stage/notebooks/hls4ml_pynq_z1_final/myproject_vivado_accelerator/project_1.runs/design_1_processing_system7_0_0_synth_1/runme.log
design_1_auto_pc_0_synth_1: /home/moi/stage/notebooks/hls4ml_pynq_z1_final/myproject_vivado_accelerator/project_1.runs/design_1_auto_pc_0_synth_1/runme.log
design_1_axi_dma_0_0_synth_1: /home/moi/stage/notebooks/hls4ml_pynq_z1_final/myproject_vivado_accelerator/project_1.runs/design_1_axi_dma_0_0_synth_1/runme.log
design_1_auto_us_1_synth_1: /home/moi/stage/notebooks/hls4ml_pynq_z1_final/myproject_vivado_accelerator/project_1.runs/design_1_auto_us_1_synth_1/runme.log
design_1_myproject_axi_0_0_synth_1: /home/moi/stage/notebooks/hls4ml_pynq_z1_final/myproject_vivado_accelerator/project_1.runs/design_1_myproject_axi_0_0_synth_1/runme.log
design_1_auto_pc_1_synth_1: /home/moi/stage/notebooks/hls4ml_pynq_z1_final/myproject_vivado_accelerator/project_1.runs/design_1_auto_pc_1_synth_1/runme.log
design_1_auto_us_0_synth_1: /home/moi/stage/notebooks/hls4ml_pynq_z1_final/myproject_vivado_accelerator/project_1.runs/design_1_auto_us_0_synth_1/runme.log
design_1_rst_ps7_0_100M_0_synth_1: /home/moi/stage/notebooks/hls4ml_pynq_z1_final/myproject_vivado_accelerator/project_1.runs/design_1_rst_ps7_0_100M_0_synth_1/runme.log
design_1_xbar_0_synth_1: /home/moi/stage/notebooks/hls4ml_pynq_z1_final/myproject_vivado_accelerator/project_1.runs/design_1_xbar_0_synth_1/runme.log
synth_1: /home/moi/stage/notebooks/hls4ml_pynq_z1_final/myproject_vivado_accelerator/project_1.runs/synth_1/runme.log
[Thu May 21 12:32:40 2026] Launched impl_1...
Run output will be captured here: /home/moi/stage/notebooks/hls4ml_pynq_z1_final/myproject_vivado_accelerator/project_1.runs/impl_1/runme.log
launch_runs: Time (s): cpu = 00:00:27 ; elapsed = 00:00:34 . Memory (MB): peak = 2313.270 ; gain = 174.086 ; free physical = 1364 ; free virtual = 3544
# wait_on_run -timeout 360 impl_1
[Thu May 21 12:32:40 2026] Waiting for impl_1 to finish (timeout in 360 minutes)...

*** Running vivado
    with args -log design_1_wrapper.vdi -applog -m64 -product Vivado -messageDb vivado.pb -mode batch -source design_1_wrapper.tcl -notrace


****** Vivado v2020.1 (64-bit)
  **** SW Build 2902540 on Wed May 27 19:54:35 MDT 2020
  **** IP Build 2902112 on Wed May 27 22:43:36 MDT 2020
    ** Copyright 1986-2020 Xilinx, Inc. All Rights Reserved.

source design_1_wrapper.tcl -notrace
INFO: [IP_Flow 19-234] Refreshing IP repositories
INFO: [IP_Flow 19-1700] Loaded user IP repository '/home/moi/stage/notebooks/hls4ml_pynq_z1_final/myproject_prj'.
INFO: [IP_Flow 19-2313] Loaded Vivado IP repository '/tools/Xilinx/Vivado/2020.1/data/ip'.
Command: link_design -top design_1_wrapper -part xc7z020clg400-1
Design is defaulting to srcset: sources_1
Design is defaulting to constrset: constrs_1
INFO: [Device 21-403] Loading part xc7z020clg400-1
INFO: [Project 1-454] Reading design checkpoint '/home/moi/stage/notebooks/hls4ml_pynq_z1_final/myproject_vivado_accelerator/project_1.srcs/sources_1/bd/design_1/ip/design_1_processing_system7_0_0/design_1_processing_system7_0_0.dcp' for cell 'design_1_i/processing_system7_0'
INFO: [Project 1-454] Reading design checkpoint '/home/moi/stage/notebooks/hls4ml_pynq_z1_final/myproject_vivado_accelerator/project_1.srcs/sources_1/bd/design_1/ip/design_1_rst_ps7_0_100M_0/design_1_rst_ps7_0_100M_0.dcp' for cell 'design_1_i/rst_ps7_0_100M'
INFO: [Project 1-454] Reading design checkpoint '/home/moi/stage/notebooks/hls4ml_pynq_z1_final/myproject_vivado_accelerator/project_1.srcs/sources_1/bd/design_1/ip/design_1_xbar_0/design_1_xbar_0.dcp' for cell 'design_1_i/axi_mem_intercon/xbar'
INFO: [Project 1-454] Reading design checkpoint '/home/moi/stage/notebooks/hls4ml_pynq_z1_final/myproject_vivado_accelerator/project_1.srcs/sources_1/bd/design_1/ip/design_1_auto_pc_1/design_1_auto_pc_1.dcp' for cell 'design_1_i/axi_mem_intercon/m00_couplers/auto_pc'
INFO: [Project 1-454] Reading design checkpoint '/home/moi/stage/notebooks/hls4ml_pynq_z1_final/myproject_vivado_accelerator/project_1.srcs/sources_1/bd/design_1/ip/design_1_auto_us_0/design_1_auto_us_0.dcp' for cell 'design_1_i/axi_mem_intercon/s00_couplers/auto_us'
INFO: [Project 1-454] Reading design checkpoint '/home/moi/stage/notebooks/hls4ml_pynq_z1_final/myproject_vivado_accelerator/project_1.srcs/sources_1/bd/design_1/ip/design_1_auto_us_1/design_1_auto_us_1.dcp' for cell 'design_1_i/axi_mem_intercon/s01_couplers/auto_us'
INFO: [Project 1-454] Reading design checkpoint '/home/moi/stage/notebooks/hls4ml_pynq_z1_final/myproject_vivado_accelerator/project_1.srcs/sources_1/bd/design_1/ip/design_1_axi_dma_0_0/design_1_axi_dma_0_0.dcp' for cell 'design_1_i/hier_0/axi_dma_0'
INFO: [Project 1-454] Reading design checkpoint '/home/moi/stage/notebooks/hls4ml_pynq_z1_final/myproject_vivado_accelerator/project_1.srcs/sources_1/bd/design_1/ip/design_1_myproject_axi_0_0/design_1_myproject_axi_0_0.dcp' for cell 'design_1_i/hier_0/myproject_axi_0'
INFO: [Project 1-454] Reading design checkpoint '/home/moi/stage/notebooks/hls4ml_pynq_z1_final/myproject_vivado_accelerator/project_1.srcs/sources_1/bd/design_1/ip/design_1_auto_pc_0/design_1_auto_pc_0.dcp' for cell 'design_1_i/ps7_0_axi_periph/s00_couplers/auto_pc'
Netlist sorting complete. Time (s): cpu = 00:00:00.26 ; elapsed = 00:00:00.25 . Memory (MB): peak = 2075.273 ; gain = 0.000 ; free physical = 950 ; free virtual = 3056
INFO: [Netlist 29-17] Analyzing 506 Unisim elements for replacement
INFO: [Netlist 29-28] Unisim Transformation completed in 0 CPU seconds
INFO: [Project 1-479] Netlist was created with Vivado 2020.1
INFO: [Project 1-570] Preparing netlist for logic optimization
Parsing XDC File [/home/moi/stage/notebooks/hls4ml_pynq_z1_final/myproject_vivado_accelerator/project_1.srcs/sources_1/bd/design_1/ip/design_1_processing_system7_0_0/design_1_processing_system7_0_0.xdc] for cell 'design_1_i/processing_system7_0/inst'
Finished Parsing XDC File [/home/moi/stage/notebooks/hls4ml_pynq_z1_final/myproject_vivado_accelerator/project_1.srcs/sources_1/bd/design_1/ip/design_1_processing_system7_0_0/design_1_processing_system7_0_0.xdc] for cell 'design_1_i/processing_system7_0/inst'
Parsing XDC File [/home/moi/stage/notebooks/hls4ml_pynq_z1_final/myproject_vivado_accelerator/project_1.srcs/sources_1/bd/design_1/ip/design_1_rst_ps7_0_100M_0/design_1_rst_ps7_0_100M_0_board.xdc] for cell 'design_1_i/rst_ps7_0_100M/U0'
Finished Parsing XDC File [/home/moi/stage/notebooks/hls4ml_pynq_z1_final/myproject_vivado_accelerator/project_1.srcs/sources_1/bd/design_1/ip/design_1_rst_ps7_0_100M_0/design_1_rst_ps7_0_100M_0_board.xdc] for cell 'design_1_i/rst_ps7_0_100M/U0'
Parsing XDC File [/home/moi/stage/notebooks/hls4ml_pynq_z1_final/myproject_vivado_accelerator/project_1.srcs/sources_1/bd/design_1/ip/design_1_rst_ps7_0_100M_0/design_1_rst_ps7_0_100M_0.xdc] for cell 'design_1_i/rst_ps7_0_100M/U0'
Finished Parsing XDC File [/home/moi/stage/notebooks/hls4ml_pynq_z1_final/myproject_vivado_accelerator/project_1.srcs/sources_1/bd/design_1/ip/design_1_rst_ps7_0_100M_0/design_1_rst_ps7_0_100M_0.xdc] for cell 'design_1_i/rst_ps7_0_100M/U0'
Parsing XDC File [/home/moi/stage/notebooks/hls4ml_pynq_z1_final/myproject_vivado_accelerator/project_1.srcs/sources_1/bd/design_1/ip/design_1_axi_dma_0_0/design_1_axi_dma_0_0.xdc] for cell 'design_1_i/hier_0/axi_dma_0/U0'
WARNING: [Vivado_Tcl 4-921] Waiver ID 'CDC-1' -to list should not be empty. [/home/moi/stage/notebooks/hls4ml_pynq_z1_final/myproject_vivado_accelerator/project_1.srcs/sources_1/bd/design_1/ip/design_1_axi_dma_0_0/design_1_axi_dma_0_0.xdc:52]
WARNING: [Vivado_Tcl 4-921] Waiver ID 'CDC-1' -to list should not be empty. [/home/moi/stage/notebooks/hls4ml_pynq_z1_final/myproject_vivado_accelerator/project_1.srcs/sources_1/bd/design_1/ip/design_1_axi_dma_0_0/design_1_axi_dma_0_0.xdc:56]
WARNING: [Vivado_Tcl 4-919] Waiver ID 'CDC-1' -from list should not be empty. [/home/moi/stage/notebooks/hls4ml_pynq_z1_final/myproject_vivado_accelerator/project_1.srcs/sources_1/bd/design_1/ip/design_1_axi_dma_0_0/design_1_axi_dma_0_0.xdc:61]
Finished Parsing XDC File [/home/moi/stage/notebooks/hls4ml_pynq_z1_final/myproject_vivado_accelerator/project_1.srcs/sources_1/bd/design_1/ip/design_1_axi_dma_0_0/design_1_axi_dma_0_0.xdc] for cell 'design_1_i/hier_0/axi_dma_0/U0'
Parsing XDC File [/home/moi/stage/notebooks/hls4ml_pynq_z1_final/myproject_vivado_accelerator/project_1.srcs/sources_1/bd/design_1/ip/design_1_auto_us_0/design_1_auto_us_0_clocks.xdc] for cell 'design_1_i/axi_mem_intercon/s00_couplers/auto_us/inst'
Finished Parsing XDC File [/home/moi/stage/notebooks/hls4ml_pynq_z1_final/myproject_vivado_accelerator/project_1.srcs/sources_1/bd/design_1/ip/design_1_auto_us_0/design_1_auto_us_0_clocks.xdc] for cell 'design_1_i/axi_mem_intercon/s00_couplers/auto_us/inst'
Parsing XDC File [/home/moi/stage/notebooks/hls4ml_pynq_z1_final/myproject_vivado_accelerator/project_1.srcs/sources_1/bd/design_1/ip/design_1_auto_us_1/design_1_auto_us_1_clocks.xdc] for cell 'design_1_i/axi_mem_intercon/s01_couplers/auto_us/inst'
Finished Parsing XDC File [/home/moi/stage/notebooks/hls4ml_pynq_z1_final/myproject_vivado_accelerator/project_1.srcs/sources_1/bd/design_1/ip/design_1_auto_us_1/design_1_auto_us_1_clocks.xdc] for cell 'design_1_i/axi_mem_intercon/s01_couplers/auto_us/inst'
Parsing XDC File [/home/moi/stage/notebooks/hls4ml_pynq_z1_final/myproject_vivado_accelerator/project_1.srcs/sources_1/bd/design_1/ip/design_1_axi_dma_0_0/design_1_axi_dma_0_0_clocks.xdc] for cell 'design_1_i/hier_0/axi_dma_0/U0'
Finished Parsing XDC File [/home/moi/stage/notebooks/hls4ml_pynq_z1_final/myproject_vivado_accelerator/project_1.srcs/sources_1/bd/design_1/ip/design_1_axi_dma_0_0/design_1_axi_dma_0_0_clocks.xdc] for cell 'design_1_i/hier_0/axi_dma_0/U0'
Sourcing Tcl File [/tools/Xilinx/Vivado/2020.1/data/ip/xpm/xpm_cdc/tcl/xpm_cdc_async_rst.tcl] for cell 'design_1_i/axi_mem_intercon/m00_couplers/auto_pc/inst/gen_axi4_axi3.axi3_conv_inst/USE_READ.USE_SPLIT_R.read_addr_inst/USE_R_CHANNEL.cmd_queue/inst/fifo_gen_inst/inst_fifo_gen/gconvfifo.rf/grf.rf/rstblk/ngwrdrst.grst.g7serrst.gnsckt_wrst.rst_wr_reg2_inst'
Finished Sourcing Tcl File [/tools/Xilinx/Vivado/2020.1/data/ip/xpm/xpm_cdc/tcl/xpm_cdc_async_rst.tcl] for cell 'design_1_i/axi_mem_intercon/m00_couplers/auto_pc/inst/gen_axi4_axi3.axi3_conv_inst/USE_READ.USE_SPLIT_R.read_addr_inst/USE_R_CHANNEL.cmd_queue/inst/fifo_gen_inst/inst_fifo_gen/gconvfifo.rf/grf.rf/rstblk/ngwrdrst.grst.g7serrst.gnsckt_wrst.rst_wr_reg2_inst'
Sourcing Tcl File [/tools/Xilinx/Vivado/2020.1/data/ip/xpm/xpm_cdc/tcl/xpm_cdc_async_rst.tcl] for cell 'design_1_i/axi_mem_intercon/m00_couplers/auto_pc/inst/gen_axi4_axi3.axi3_conv_inst/USE_WRITE.write_addr_inst/USE_BURSTS.cmd_queue/inst/fifo_gen_inst/inst_fifo_gen/gconvfifo.rf/grf.rf/rstblk/ngwrdrst.grst.g7serrst.gnsckt_wrst.rst_wr_reg2_inst'
Finished Sourcing Tcl File [/tools/Xilinx/Vivado/2020.1/data/ip/xpm/xpm_cdc/tcl/xpm_cdc_async_rst.tcl] for cell 'design_1_i/axi_mem_intercon/m00_couplers/auto_pc/inst/gen_axi4_axi3.axi3_conv_inst/USE_WRITE.write_addr_inst/USE_BURSTS.cmd_queue/inst/fifo_gen_inst/inst_fifo_gen/gconvfifo.rf/grf.rf/rstblk/ngwrdrst.grst.g7serrst.gnsckt_wrst.rst_wr_reg2_inst'
Sourcing Tcl File [/tools/Xilinx/Vivado/2020.1/data/ip/xpm/xpm_cdc/tcl/xpm_cdc_async_rst.tcl] for cell 'design_1_i/axi_mem_intercon/m00_couplers/auto_pc/inst/gen_axi4_axi3.axi3_conv_inst/USE_WRITE.write_addr_inst/USE_B_CHANNEL.cmd_b_queue/inst/fifo_gen_inst/inst_fifo_gen/gconvfifo.rf/grf.rf/rstblk/ngwrdrst.grst.g7serrst.gnsckt_wrst.rst_wr_reg2_inst'
Finished Sourcing Tcl File [/tools/Xilinx/Vivado/2020.1/data/ip/xpm/xpm_cdc/tcl/xpm_cdc_async_rst.tcl] for cell 'design_1_i/axi_mem_intercon/m00_couplers/auto_pc/inst/gen_axi4_axi3.axi3_conv_inst/USE_WRITE.write_addr_inst/USE_B_CHANNEL.cmd_b_queue/inst/fifo_gen_inst/inst_fifo_gen/gconvfifo.rf/grf.rf/rstblk/ngwrdrst.grst.g7serrst.gnsckt_wrst.rst_wr_reg2_inst'
Sourcing Tcl File [/tools/Xilinx/Vivado/2020.1/data/ip/xpm/xpm_fifo/tcl/xpm_fifo_rst.tcl] for cell 'design_1_i/hier_0/axi_dma_0/U0/I_PRMRY_DATAMOVER/GEN_MM2S_FULL.I_MM2S_FULL_WRAPPER/GEN_INCLUDE_MM2S_SF.I_RD_SF/I_DATA_FIFO/BLK_MEM.I_SYNC_FIFOGEN_FIFO/xpm_fifo_instance.xpm_fifo_sync_inst'
Finished Sourcing Tcl File [/tools/Xilinx/Vivado/2020.1/data/ip/xpm/xpm_fifo/tcl/xpm_fifo_rst.tcl] for cell 'design_1_i/hier_0/axi_dma_0/U0/I_PRMRY_DATAMOVER/GEN_MM2S_FULL.I_MM2S_FULL_WRAPPER/GEN_INCLUDE_MM2S_SF.I_RD_SF/I_DATA_FIFO/BLK_MEM.I_SYNC_FIFOGEN_FIFO/xpm_fifo_instance.xpm_fifo_sync_inst'
Sourcing Tcl File [/tools/Xilinx/Vivado/2020.1/data/ip/xpm/xpm_fifo/tcl/xpm_fifo_rst.tcl] for cell 'design_1_i/hier_0/axi_dma_0/U0/I_PRMRY_DATAMOVER/GEN_S2MM_FULL.I_S2MM_FULL_WRAPPER/GEN_ENABLE_INDET_BTT_SF.I_INDET_BTT/I_XD_FIFO/NON_BLK_MEM.I_SYNC_FIFOGEN_FIFO/xpm_fifo_instance.xpm_fifo_sync_inst'
Finished Sourcing Tcl File [/tools/Xilinx/Vivado/2020.1/data/ip/xpm/xpm_fifo/tcl/xpm_fifo_rst.tcl] for cell 'design_1_i/hier_0/axi_dma_0/U0/I_PRMRY_DATAMOVER/GEN_S2MM_FULL.I_S2MM_FULL_WRAPPER/GEN_ENABLE_INDET_BTT_SF.I_INDET_BTT/I_XD_FIFO/NON_BLK_MEM.I_SYNC_FIFOGEN_FIFO/xpm_fifo_instance.xpm_fifo_sync_inst'
Sourcing Tcl File [/tools/Xilinx/Vivado/2020.1/data/ip/xpm/xpm_fifo/tcl/xpm_fifo_rst.tcl] for cell 'design_1_i/hier_0/axi_dma_0/U0/I_PRMRY_DATAMOVER/GEN_S2MM_FULL.I_S2MM_FULL_WRAPPER/GEN_ENABLE_INDET_BTT_SF.I_INDET_BTT/I_DATA_FIFO/BLK_MEM.I_SYNC_FIFOGEN_FIFO/xpm_fifo_instance.xpm_fifo_sync_inst'
Finished Sourcing Tcl File [/tools/Xilinx/Vivado/2020.1/data/ip/xpm/xpm_fifo/tcl/xpm_fifo_rst.tcl] for cell 'design_1_i/hier_0/axi_dma_0/U0/I_PRMRY_DATAMOVER/GEN_S2MM_FULL.I_S2MM_FULL_WRAPPER/GEN_ENABLE_INDET_BTT_SF.I_INDET_BTT/I_DATA_FIFO/BLK_MEM.I_SYNC_FIFOGEN_FIFO/xpm_fifo_instance.xpm_fifo_sync_inst'
INFO: [Opt 31-138] Pushed 0 inverter(s) to 0 load pin(s).
Netlist sorting complete. Time (s): cpu = 00:00:00.01 ; elapsed = 00:00:00 . Memory (MB): peak = 2113.324 ; gain = 0.000 ; free physical = 843 ; free virtual = 2949
INFO: [Project 1-111] Unisim Transformation Summary:
  A total of 6 instances were transformed.
  RAM32M => RAM32M (RAMD32(x6), RAMS32(x2)): 5 instances
  RAM32X1D => RAM32X1D (RAMD32(x2)): 1 instance 

19 Infos, 3 Warnings, 0 Critical Warnings and 0 Errors encountered.
link_design completed successfully
link_design: Time (s): cpu = 00:00:18 ; elapsed = 00:00:25 . Memory (MB): peak = 2113.324 ; gain = 38.051 ; free physical = 843 ; free virtual = 2949
Command: opt_design
Attempting to get a license for feature 'Implementation' and/or device 'xc7z020'
INFO: [Common 17-349] Got license for feature 'Implementation' and/or device 'xc7z020'
Running DRC as a precondition to command opt_design

Starting DRC Task
INFO: [DRC 23-27] Running DRC with 4 threads
INFO: [Project 1-461] DRC finished with 0 Errors
INFO: [Project 1-462] Please refer to the DRC report (report_drc) for more information.

Time (s): cpu = 00:00:03 ; elapsed = 00:00:02 . Memory (MB): peak = 2129.324 ; gain = 16.000 ; free physical = 817 ; free virtual = 2924

Starting Cache Timing Information Task
INFO: [Timing 38-35] Done setting XDC timing constraints.
Ending Cache Timing Information Task | Checksum: 18e9f991e

Time (s): cpu = 00:00:09 ; elapsed = 00:00:11 . Memory (MB): peak = 2408.293 ; gain = 278.969 ; free physical = 429 ; free virtual = 2536

Starting Logic Optimization Task

Phase 1 Retarget
INFO: [Opt 31-138] Pushed 2 inverter(s) to 12 load pin(s).
INFO: [Opt 31-49] Retargeted 0 cell(s).
Phase 1 Retarget | Checksum: 17097d52c

Time (s): cpu = 00:00:02 ; elapsed = 00:00:01 . Memory (MB): peak = 2573.230 ; gain = 0.000 ; free physical = 276 ; free virtual = 2384
INFO: [Opt 31-389] Phase Retarget created 11 cells and removed 85 cells
INFO: [Opt 31-1021] In phase Retarget, 24 netlist objects are constrained preventing optimization. Please run opt_design with -debug_log to get more detail. 

Phase 2 Constant propagation
INFO: [Opt 31-138] Pushed 2 inverter(s) to 9 load pin(s).
Phase 2 Constant propagation | Checksum: 192a23c00

Time (s): cpu = 00:00:02 ; elapsed = 00:00:02 . Memory (MB): peak = 2573.230 ; gain = 0.000 ; free physical = 276 ; free virtual = 2384
INFO: [Opt 31-389] Phase Constant propagation created 236 cells and removed 622 cells
INFO: [Opt 31-1021] In phase Constant propagation, 24 netlist objects are constrained preventing optimization. Please run opt_design with -debug_log to get more detail. 

Phase 3 Sweep
Phase 3 Sweep | Checksum: 19312a9a3

Time (s): cpu = 00:00:03 ; elapsed = 00:00:02 . Memory (MB): peak = 2573.230 ; gain = 0.000 ; free physical = 276 ; free virtual = 2384
INFO: [Opt 31-389] Phase Sweep created 0 cells and removed 688 cells
INFO: [Opt 31-1021] In phase Sweep, 96 netlist objects are constrained preventing optimization. Please run opt_design with -debug_log to get more detail. 

Phase 4 BUFG optimization
Phase 4 BUFG optimization | Checksum: 19312a9a3

Time (s): cpu = 00:00:03 ; elapsed = 00:00:03 . Memory (MB): peak = 2573.230 ; gain = 0.000 ; free physical = 276 ; free virtual = 2384
INFO: [Opt 31-662] Phase BUFG optimization created 0 cells of which 0 are BUFGs and removed 0 cells.

Phase 5 Shift Register Optimization
INFO: [Opt 31-1064] SRL Remap converted 0 SRLs to 0 registers and converted 0 registers of register chains to 0 SRLs
Phase 5 Shift Register Optimization | Checksum: 20b46f8a3

Time (s): cpu = 00:00:03 ; elapsed = 00:00:03 . Memory (MB): peak = 2573.230 ; gain = 0.000 ; free physical = 276 ; free virtual = 2384
INFO: [Opt 31-389] Phase Shift Register Optimization created 1 cells and removed 0 cells

Phase 6 Post Processing Netlist
Phase 6 Post Processing Netlist | Checksum: 20b46f8a3

Time (s): cpu = 00:00:04 ; elapsed = 00:00:03 . Memory (MB): peak = 2573.230 ; gain = 0.000 ; free physical = 276 ; free virtual = 2384
INFO: [Opt 31-389] Phase Post Processing Netlist created 0 cells and removed 0 cells
INFO: [Opt 31-1021] In phase Post Processing Netlist, 33 netlist objects are constrained preventing optimization. Please run opt_design with -debug_log to get more detail. 
Opt_design Change Summary
=========================


-------------------------------------------------------------------------------------------------------------------------
|  Phase                        |  #Cells created  |  #Cells Removed  |  #Constrained objects preventing optimizations  |
-------------------------------------------------------------------------------------------------------------------------
|  Retarget                     |              11  |              85  |                                             24  |
|  Constant propagation         |             236  |             622  |                                             24  |
|  Sweep                        |               0  |             688  |                                             96  |
|  BUFG optimization            |               0  |               0  |                                              0  |
|  Shift Register Optimization  |               1  |               0  |                                              0  |
|  Post Processing Netlist      |               0  |               0  |                                             33  |
-------------------------------------------------------------------------------------------------------------------------



Starting Connectivity Check Task

Time (s): cpu = 00:00:00.05 ; elapsed = 00:00:00.06 . Memory (MB): peak = 2573.230 ; gain = 0.000 ; free physical = 276 ; free virtual = 2384
Ending Logic Optimization Task | Checksum: 1f17fafd4

Time (s): cpu = 00:00:04 ; elapsed = 00:00:04 . Memory (MB): peak = 2573.230 ; gain = 0.000 ; free physical = 276 ; free virtual = 2384

Starting Power Optimization Task
INFO: [Pwropt 34-132] Skipping clock gating for clocks with a period < 2.00 ns.
INFO: [Pwropt 34-9] Applying IDT optimizations ...
INFO: [Pwropt 34-10] Applying ODC optimizations ...
INFO: [Timing 38-35] Done setting XDC timing constraints.
Running Vector-less Activity Propagation...

Finished Running Vector-less Activity Propagation


Starting PowerOpt Patch Enables Task
INFO: [Pwropt 34-162] WRITE_MODE attribute of 0 BRAM(s) out of a total of 12 has been updated to save power. Run report_power_opt to get a complete listing of the BRAMs updated.
INFO: [Pwropt 34-201] Structural ODC has moved 0 WE to EN ports
Number of BRAM Ports augmented: 4 newly gated: 0 Total Ports: 24
Number of Flops added for Enable Generation: 2

Ending PowerOpt Patch Enables Task | Checksum: 1d867b68a

Time (s): cpu = 00:00:00.14 ; elapsed = 00:00:00.14 . Memory (MB): peak = 2826.082 ; gain = 0.000 ; free physical = 231 ; free virtual = 2340
Ending Power Optimization Task | Checksum: 1d867b68a

Time (s): cpu = 00:00:09 ; elapsed = 00:00:06 . Memory (MB): peak = 2826.082 ; gain = 252.852 ; free physical = 249 ; free virtual = 2357

Starting Final Cleanup Task

Starting Logic Optimization Task
INFO: [Timing 38-35] Done setting XDC timing constraints.
Ending Logic Optimization Task | Checksum: 1cd83e092

Time (s): cpu = 00:00:03 ; elapsed = 00:00:02 . Memory (MB): peak = 2826.082 ; gain = 0.000 ; free physical = 249 ; free virtual = 2357
Ending Final Cleanup Task | Checksum: 1cd83e092

Time (s): cpu = 00:00:06 ; elapsed = 00:00:05 . Memory (MB): peak = 2826.082 ; gain = 0.000 ; free physical = 249 ; free virtual = 2357

Starting Netlist Obfuscation Task
Netlist sorting complete. Time (s): cpu = 00:00:00.01 ; elapsed = 00:00:00 . Memory (MB): peak = 2826.082 ; gain = 0.000 ; free physical = 249 ; free virtual = 2357
Ending Netlist Obfuscation Task | Checksum: 1cd83e092

Time (s): cpu = 00:00:00.01 ; elapsed = 00:00:00 . Memory (MB): peak = 2826.082 ; gain = 0.000 ; free physical = 249 ; free virtual = 2357
INFO: [Common 17-83] Releasing license: Implementation
46 Infos, 3 Warnings, 0 Critical Warnings and 0 Errors encountered.
opt_design completed successfully
opt_design: Time (s): cpu = 00:00:33 ; elapsed = 00:00:31 . Memory (MB): peak = 2826.082 ; gain = 712.758 ; free physical = 249 ; free virtual = 2357
INFO: [Timing 38-480] Writing timing data to binary archive.
Writing placer database...
Writing XDEF routing.
Writing XDEF routing logical nets.
Writing XDEF routing special nets.
Write XDEF Complete: Time (s): cpu = 00:00:00.16 ; elapsed = 00:00:00.04 . Memory (MB): peak = 2826.082 ; gain = 0.000 ; free physical = 246 ; free virtual = 2357
INFO: [Common 17-1381] The checkpoint '/home/moi/stage/notebooks/hls4ml_pynq_z1_final/myproject_vivado_accelerator/project_1.runs/impl_1/design_1_wrapper_opt.dcp' has been generated.
INFO: [runtcl-4] Executing : report_drc -file design_1_wrapper_drc_opted.rpt -pb design_1_wrapper_drc_opted.pb -rpx design_1_wrapper_drc_opted.rpx
Command: report_drc -file design_1_wrapper_drc_opted.rpt -pb design_1_wrapper_drc_opted.pb -rpx design_1_wrapper_drc_opted.rpx
INFO: [IP_Flow 19-1839] IP Catalog is up to date.
INFO: [DRC 23-27] Running DRC with 4 threads
INFO: [Coretcl 2-168] The results of DRC are in file /home/moi/stage/notebooks/hls4ml_pynq_z1_final/myproject_vivado_accelerator/project_1.runs/impl_1/design_1_wrapper_drc_opted.rpt.
report_drc completed successfully
Command: place_design
Attempting to get a license for feature 'Implementation' and/or device 'xc7z020'
INFO: [Common 17-349] Got license for feature 'Implementation' and/or device 'xc7z020'
INFO: [DRC 23-27] Running DRC with 4 threads
INFO: [Vivado_Tcl 4-198] DRC finished with 0 Errors
INFO: [Vivado_Tcl 4-199] Please refer to the DRC report (report_drc) for more information.
Running DRC as a precondition to command place_design
INFO: [DRC 23-27] Running DRC with 4 threads
INFO: [Vivado_Tcl 4-198] DRC finished with 0 Errors
INFO: [Vivado_Tcl 4-199] Please refer to the DRC report (report_drc) for more information.

Starting Placer Task
INFO: [Place 30-611] Multithreading enabled for place_design using a maximum of 4 CPUs

Phase 1 Placer Initialization

Phase 1.1 Placer Initialization Netlist Sorting
Netlist sorting complete. Time (s): cpu = 00:00:00 ; elapsed = 00:00:00.01 . Memory (MB): peak = 2837.098 ; gain = 0.000 ; free physical = 223 ; free virtual = 2338
Phase 1.1 Placer Initialization Netlist Sorting | Checksum: 179fc86ce

Time (s): cpu = 00:00:00.05 ; elapsed = 00:00:00.12 . Memory (MB): peak = 2837.098 ; gain = 0.000 ; free physical = 223 ; free virtual = 2338
Netlist sorting complete. Time (s): cpu = 00:00:00.01 ; elapsed = 00:00:00 . Memory (MB): peak = 2837.098 ; gain = 0.000 ; free physical = 223 ; free virtual = 2338

Phase 1.2 IO Placement/ Clock Placement/ Build Placer Device
INFO: [Timing 38-35] Done setting XDC timing constraints.
Phase 1.2 IO Placement/ Clock Placement/ Build Placer Device | Checksum: eff4ee1b

Time (s): cpu = 00:00:03 ; elapsed = 00:00:02 . Memory (MB): peak = 2837.098 ; gain = 0.000 ; free physical = 214 ; free virtual = 2329

Phase 1.3 Build Placer Netlist Model
Phase 1.3 Build Placer Netlist Model | Checksum: 1066c4d65

Time (s): cpu = 00:00:12 ; elapsed = 00:00:07 . Memory (MB): peak = 2837.098 ; gain = 0.000 ; free physical = 177 ; free virtual = 2295

Phase 1.4 Constrain Clocks/Macros
Phase 1.4 Constrain Clocks/Macros | Checksum: 1066c4d65

Time (s): cpu = 00:00:12 ; elapsed = 00:00:07 . Memory (MB): peak = 2837.098 ; gain = 0.000 ; free physical = 177 ; free virtual = 2295
Phase 1 Placer Initialization | Checksum: 1066c4d65

Time (s): cpu = 00:00:12 ; elapsed = 00:00:07 . Memory (MB): peak = 2837.098 ; gain = 0.000 ; free physical = 177 ; free virtual = 2295

Phase 2 Global Placement

Phase 2.1 Floorplanning
Phase 2.1 Floorplanning | Checksum: 1010e9949

Time (s): cpu = 00:00:17 ; elapsed = 00:00:09 . Memory (MB): peak = 2837.098 ; gain = 0.000 ; free physical = 159 ; free virtual = 2277

Phase 2.2 Global Placement Core

Phase 2.2.1 Physical Synthesis In Placer
INFO: [Physopt 32-1035] Found 0 LUTNM shape to break, 833 LUT instances to create LUTNM shape
INFO: [Physopt 32-1044] Break lutnm for timing: one critical 0, two critical 0, total 0, new lutff created 0
INFO: [Physopt 32-775] End 1 Pass. Optimized 201 nets or cells. Created 0 new cell, deleted 201 existing cells and moved 0 existing cell
INFO: [Physopt 32-65] No nets found for high-fanout optimization.
INFO: [Physopt 32-232] Optimized 0 net. Created 0 new instance.
INFO: [Physopt 32-775] End 1 Pass. Optimized 0 net or cell. Created 0 new cell, deleted 0 existing cell and moved 0 existing cell
INFO: [Physopt 32-456] No candidate cells for DSP register optimization found in the design.
INFO: [Physopt 32-775] End 2 Pass. Optimized 0 net or cell. Created 0 new cell, deleted 0 existing cell and moved 0 existing cell
INFO: [Physopt 32-1123] No candidate cells found for Shift Register to Pipeline optimization
INFO: [Physopt 32-775] End 1 Pass. Optimized 0 net or cell. Created 0 new cell, deleted 0 existing cell and moved 0 existing cell
INFO: [Physopt 32-677] No candidate cells for Shift Register optimization found in the design
INFO: [Physopt 32-775] End 1 Pass. Optimized 0 net or cell. Created 0 new cell, deleted 0 existing cell and moved 0 existing cell
INFO: [Physopt 32-526] No candidate cells for BRAM register optimization found in the design
INFO: [Physopt 32-775] End 1 Pass. Optimized 0 net or cell. Created 0 new cell, deleted 0 existing cell and moved 0 existing cell
INFO: [Physopt 32-846] No candidate cells for URAM register optimization found in the design
INFO: [Physopt 32-775] End 2 Pass. Optimized 0 net or cell. Created 0 new cell, deleted 0 existing cell and moved 0 existing cell
INFO: [Physopt 32-949] No candidate nets found for HD net replication
INFO: [Physopt 32-775] End 1 Pass. Optimized 0 net or cell. Created 0 new cell, deleted 0 existing cell and moved 0 existing cell
Netlist sorting complete. Time (s): cpu = 00:00:00 ; elapsed = 00:00:00.01 . Memory (MB): peak = 2837.098 ; gain = 0.000 ; free physical = 151 ; free virtual = 2272

Summary of Physical Synthesis Optimizations
============================================


-----------------------------------------------------------------------------------------------------------------------------------------------------------
|  Optimization                                     |  Added Cells  |  Removed Cells  |  Optimized Cells/Nets  |  Dont Touch  |  Iterations  |  Elapsed   |
-----------------------------------------------------------------------------------------------------------------------------------------------------------
|  LUT Combining                                    |            0  |            201  |                   201  |           0  |           1  |  00:00:01  |
|  Very High Fanout                                 |            0  |              0  |                     0  |           0  |           1  |  00:00:00  |
|  DSP Register                                     |            0  |              0  |                     0  |           0  |           1  |  00:00:00  |
|  Shift Register to Pipeline                       |            0  |              0  |                     0  |           0  |           1  |  00:00:00  |
|  Shift Register                                   |            0  |              0  |                     0  |           0  |           1  |  00:00:00  |
|  BRAM Register                                    |            0  |              0  |                     0  |           0  |           1  |  00:00:00  |
|  URAM Register                                    |            0  |              0  |                     0  |           0  |           1  |  00:00:00  |
|  Dynamic/Static Region Interface Net Replication  |            0  |              0  |                     0  |           0  |           1  |  00:00:00  |
|  Total                                            |            0  |            201  |                   201  |           0  |           8  |  00:00:01  |
-----------------------------------------------------------------------------------------------------------------------------------------------------------


Phase 2.2.1 Physical Synthesis In Placer | Checksum: 22e35d2cf

Time (s): cpu = 00:00:53 ; elapsed = 00:00:27 . Memory (MB): peak = 2837.098 ; gain = 0.000 ; free physical = 150 ; free virtual = 2272
Phase 2.2 Global Placement Core | Checksum: b2fdf3a9

Time (s): cpu = 00:00:54 ; elapsed = 00:00:27 . Memory (MB): peak = 2837.098 ; gain = 0.000 ; free physical = 150 ; free virtual = 2272
Phase 2 Global Placement | Checksum: b2fdf3a9

Time (s): cpu = 00:00:54 ; elapsed = 00:00:28 . Memory (MB): peak = 2837.098 ; gain = 0.000 ; free physical = 150 ; free virtual = 2272

Phase 3 Detail Placement

Phase 3.1 Commit Multi Column Macros
Phase 3.1 Commit Multi Column Macros | Checksum: 144aaa0bb

Time (s): cpu = 00:00:59 ; elapsed = 00:00:29 . Memory (MB): peak = 2837.098 ; gain = 0.000 ; free physical = 149 ; free virtual = 2271

Phase 3.2 Commit Most Macros & LUTRAMs
Phase 3.2 Commit Most Macros & LUTRAMs | Checksum: 1df112c5f

Time (s): cpu = 00:01:06 ; elapsed = 00:00:32 . Memory (MB): peak = 2837.098 ; gain = 0.000 ; free physical = 147 ; free virtual = 2269

Phase 3.3 Area Swap Optimization
Phase 3.3 Area Swap Optimization | Checksum: 205bc07cc

Time (s): cpu = 00:01:06 ; elapsed = 00:00:32 . Memory (MB): peak = 2837.098 ; gain = 0.000 ; free physical = 147 ; free virtual = 2269

Phase 3.4 Pipeline Register Optimization
Phase 3.4 Pipeline Register Optimization | Checksum: 1931a9a01

Time (s): cpu = 00:01:06 ; elapsed = 00:00:32 . Memory (MB): peak = 2837.098 ; gain = 0.000 ; free physical = 147 ; free virtual = 2269

Phase 3.5 Fast Optimization
Phase 3.5 Fast Optimization | Checksum: 1c2286924

Time (s): cpu = 00:01:14 ; elapsed = 00:00:35 . Memory (MB): peak = 2837.098 ; gain = 0.000 ; free physical = 145 ; free virtual = 2267

Phase 3.6 Small Shape Detail Placement
Phase 3.6 Small Shape Detail Placement | Checksum: 1507bfda0

Time (s): cpu = 00:01:21 ; elapsed = 00:00:44 . Memory (MB): peak = 2837.098 ; gain = 0.000 ; free physical = 128 ; free virtual = 2250

Phase 3.7 Re-assign LUT pins
Phase 3.7 Re-assign LUT pins | Checksum: 157d90b3a

Time (s): cpu = 00:01:22 ; elapsed = 00:00:45 . Memory (MB): peak = 2837.098 ; gain = 0.000 ; free physical = 128 ; free virtual = 2250

Phase 3.8 Pipeline Register Optimization
Phase 3.8 Pipeline Register Optimization | Checksum: 15002e873

Time (s): cpu = 00:01:22 ; elapsed = 00:00:45 . Memory (MB): peak = 2837.098 ; gain = 0.000 ; free physical = 128 ; free virtual = 2250
Phase 3 Detail Placement | Checksum: 15002e873

Time (s): cpu = 00:01:22 ; elapsed = 00:00:45 . Memory (MB): peak = 2837.098 ; gain = 0.000 ; free physical = 128 ; free virtual = 2250

Phase 4 Post Placement Optimization and Clean-Up

Phase 4.1 Post Commit Optimization
INFO: [Timing 38-35] Done setting XDC timing constraints.

Phase 4.1.1 Post Placement Optimization
Post Placement Optimization Initialization | Checksum: 9a477059

Phase 4.1.1.1 BUFG Insertion

Starting Physical Synthesis Task

Phase 1 Physical Synthesis Initialization
INFO: [Physopt 32-721] Multithreading enabled for phys_opt_design using a maximum of 4 CPUs
INFO: [Physopt 32-619] Estimated Timing Summary | WNS=-0.520 | TNS=-8.609 |
Phase 1 Physical Synthesis Initialization | Checksum: 80b5ea50

Time (s): cpu = 00:00:02 ; elapsed = 00:00:00.82 . Memory (MB): peak = 2837.098 ; gain = 0.000 ; free physical = 128 ; free virtual = 2251
INFO: [Place 46-33] Processed net design_1_i/hier_0/myproject_axi_0/inst/grp_myproject_fu_307/dense_resource_rf_gt_nin_rem0_ap_fixed_ap_fixed_config2_1_0_0_0_0_0_0_0_0_0_U0/myproject_axi_lshr_224ns_8ns_224_6_1_U1/SR[0], BUFG insertion was skipped due to placement/routing conflicts.
INFO: [Place 46-56] BUFG insertion identified 1 candidate nets. Inserted BUFG: 0, Replicated BUFG Driver: 0, Skipped due to Placement/Routing Conflicts: 1, Skipped due to Timing Degradation: 0, Skipped due to Illegal Netlist: 0.
Ending Physical Synthesis Task | Checksum: c916ac31

Time (s): cpu = 00:00:02 ; elapsed = 00:00:01 . Memory (MB): peak = 2837.098 ; gain = 0.000 ; free physical = 128 ; free virtual = 2251
Phase 4.1.1.1 BUFG Insertion | Checksum: 9a477059

Time (s): cpu = 00:01:36 ; elapsed = 00:00:51 . Memory (MB): peak = 2837.098 ; gain = 0.000 ; free physical = 128 ; free virtual = 2251
INFO: [Place 30-746] Post Placement Timing Summary WNS=0.581. For the most accurate timing information please run report_timing.
Phase 4.1.1 Post Placement Optimization | Checksum: 1292294cc

Time (s): cpu = 00:01:39 ; elapsed = 00:00:54 . Memory (MB): peak = 2837.098 ; gain = 0.000 ; free physical = 128 ; free virtual = 2251
Phase 4.1 Post Commit Optimization | Checksum: 1292294cc

Time (s): cpu = 00:01:39 ; elapsed = 00:00:54 . Memory (MB): peak = 2837.098 ; gain = 0.000 ; free physical = 128 ; free virtual = 2251

Phase 4.2 Post Placement Cleanup
Phase 4.2 Post Placement Cleanup | Checksum: 1292294cc

Time (s): cpu = 00:01:39 ; elapsed = 00:00:55 . Memory (MB): peak = 2837.098 ; gain = 0.000 ; free physical = 128 ; free virtual = 2251

Phase 4.3 Placer Reporting
Phase 4.3 Placer Reporting | Checksum: 1292294cc

Time (s): cpu = 00:01:39 ; elapsed = 00:00:55 . Memory (MB): peak = 2837.098 ; gain = 0.000 ; free physical = 128 ; free virtual = 2251

Phase 4.4 Final Placement Cleanup
Netlist sorting complete. Time (s): cpu = 00:00:00 ; elapsed = 00:00:00 . Memory (MB): peak = 2837.098 ; gain = 0.000 ; free physical = 128 ; free virtual = 2251
Phase 4.4 Final Placement Cleanup | Checksum: 18324cbdd

Time (s): cpu = 00:01:40 ; elapsed = 00:00:55 . Memory (MB): peak = 2837.098 ; gain = 0.000 ; free physical = 128 ; free virtual = 2251
Phase 4 Post Placement Optimization and Clean-Up | Checksum: 18324cbdd

Time (s): cpu = 00:01:40 ; elapsed = 00:00:55 . Memory (MB): peak = 2837.098 ; gain = 0.000 ; free physical = 128 ; free virtual = 2251
Ending Placer Task | Checksum: ebc063ae

Time (s): cpu = 00:01:40 ; elapsed = 00:00:55 . Memory (MB): peak = 2837.098 ; gain = 0.000 ; free physical = 128 ; free virtual = 2251
INFO: [Common 17-83] Releasing license: Implementation
86 Infos, 3 Warnings, 0 Critical Warnings and 0 Errors encountered.
place_design completed successfully
place_design: Time (s): cpu = 00:01:44 ; elapsed = 00:00:58 . Memory (MB): peak = 2837.098 ; gain = 0.000 ; free physical = 144 ; free virtual = 2267
INFO: [Timing 38-480] Writing timing data to binary archive.
Writing placer database...
Writing XDEF routing.
Writing XDEF routing logical nets.
Writing XDEF routing special nets.
Write XDEF Complete: Time (s): cpu = 00:00:05 ; elapsed = 00:00:02 . Memory (MB): peak = 2837.098 ; gain = 0.000 ; free physical = 95 ; free virtual = 2250
INFO: [Common 17-1381] The checkpoint '/home/moi/stage/notebooks/hls4ml_pynq_z1_final/myproject_vivado_accelerator/project_1.runs/impl_1/design_1_wrapper_placed.dcp' has been generated.
INFO: [runtcl-4] Executing : report_io -file design_1_wrapper_io_placed.rpt
report_io: Time (s): cpu = 00:00:00.11 ; elapsed = 00:00:00.16 . Memory (MB): peak = 2837.098 ; gain = 0.000 ; free physical = 117 ; free virtual = 2248
INFO: [runtcl-4] Executing : report_utilization -file design_1_wrapper_utilization_placed.rpt -pb design_1_wrapper_utilization_placed.pb
INFO: [runtcl-4] Executing : report_control_sets -verbose -file design_1_wrapper_control_sets_placed.rpt
report_control_sets: Time (s): cpu = 00:00:00.11 ; elapsed = 00:00:00.15 . Memory (MB): peak = 2837.098 ; gain = 0.000 ; free physical = 121 ; free virtual = 2252
Command: phys_opt_design
Attempting to get a license for feature 'Implementation' and/or device 'xc7z020'
INFO: [Common 17-349] Got license for feature 'Implementation' and/or device 'xc7z020'
INFO: [Vivado_Tcl 4-383] Design worst setup slack (WNS) is greater than or equal to 0.000 ns. Skipping all physical synthesis optimizations.
INFO: [Vivado_Tcl 4-232] No setup violation found. The netlist was not modified.
INFO: [Common 17-83] Releasing license: Implementation
95 Infos, 3 Warnings, 0 Critical Warnings and 0 Errors encountered.
phys_opt_design completed successfully
INFO: [Timing 38-480] Writing timing data to binary archive.
Writing placer database...
Writing XDEF routing.
Writing XDEF routing logical nets.
Writing XDEF routing special nets.
Write XDEF Complete: Time (s): cpu = 00:00:05 ; elapsed = 00:00:02 . Memory (MB): peak = 2837.098 ; gain = 0.000 ; free physical = 58 ; free virtual = 2221
INFO: [Common 17-1381] The checkpoint '/home/moi/stage/notebooks/hls4ml_pynq_z1_final/myproject_vivado_accelerator/project_1.runs/impl_1/design_1_wrapper_physopt.dcp' has been generated.
Command: route_design
Attempting to get a license for feature 'Implementation' and/or device 'xc7z020'
INFO: [Common 17-349] Got license for feature 'Implementation' and/or device 'xc7z020'
Running DRC as a precondition to command route_design
INFO: [DRC 23-27] Running DRC with 4 threads
INFO: [Vivado_Tcl 4-198] DRC finished with 0 Errors
INFO: [Vivado_Tcl 4-199] Please refer to the DRC report (report_drc) for more information.


Starting Routing Task
INFO: [Route 35-254] Multithreading enabled for route_design using a maximum of 4 CPUs
Checksum: PlaceDB: 8947b9fd ConstDB: 0 ShapeSum: 6278a9b1 RouteDB: 0

Phase 1 Build RT Design
Phase 1 Build RT Design | Checksum: e0c1df1f

Time (s): cpu = 00:00:26 ; elapsed = 00:00:20 . Memory (MB): peak = 2838.715 ; gain = 1.617 ; free physical = 56 ; free virtual = 2106
Post Restoration Checksum: NetGraph: 3320fb74 NumContArr: ada0e3ab Constraints: 0 Timing: 0

Phase 2 Router Initialization

Phase 2.1 Create Timer
Phase 2.1 Create Timer | Checksum: e0c1df1f

Time (s): cpu = 00:00:26 ; elapsed = 00:00:20 . Memory (MB): peak = 2838.715 ; gain = 1.617 ; free physical = 62 ; free virtual = 2112

Phase 2.2 Fix Topology Constraints
Phase 2.2 Fix Topology Constraints | Checksum: e0c1df1f

Time (s): cpu = 00:00:26 ; elapsed = 00:00:20 . Memory (MB): peak = 2847.711 ; gain = 10.613 ; free physical = 66 ; free virtual = 2087

Phase 2.3 Pre Route Cleanup
Phase 2.3 Pre Route Cleanup | Checksum: e0c1df1f

Time (s): cpu = 00:00:26 ; elapsed = 00:00:20 . Memory (MB): peak = 2847.711 ; gain = 10.613 ; free physical = 66 ; free virtual = 2087
 Number of Nodes with overlaps = 0

Phase 2.4 Update Timing
Phase 2.4 Update Timing | Checksum: 15230eeea

Time (s): cpu = 00:00:41 ; elapsed = 00:00:29 . Memory (MB): peak = 2879.016 ; gain = 41.918 ; free physical = 65 ; free virtual = 2071
INFO: [Route 35-416] Intermediate Timing Summary | WNS=0.829  | TNS=0.000  | WHS=-0.358 | THS=-288.716|

Phase 2 Router Initialization | Checksum: 1b7a4c4b2

Time (s): cpu = 00:00:48 ; elapsed = 00:00:32 . Memory (MB): peak = 2879.016 ; gain = 41.918 ; free physical = 76 ; free virtual = 2082

Router Utilization Summary
  Global Vertical Routing Utilization    = 0 %
  Global Horizontal Routing Utilization  = 0 %
  Routable Net Status*
  *Does not include unroutable nets such as driverless and loadless.
  Run report_route_status for detailed report.
  Number of Failed Nets               = 18621
    (Failed Nets is the sum of unrouted and partially routed nets)
  Number of Unrouted Nets             = 18621
  Number of Partially Routed Nets     = 0
  Number of Node Overlaps             = 0


Phase 3 Initial Routing
Phase 3 Initial Routing | Checksum: 194283578

Time (s): cpu = 00:00:55 ; elapsed = 00:00:35 . Memory (MB): peak = 2880.020 ; gain = 42.922 ; free physical = 63 ; free virtual = 2069

Phase 4 Rip-up And Reroute

Phase 4.1 Global Iteration 0
 Number of Nodes with overlaps = 2092
 Number of Nodes with overlaps = 172
 Number of Nodes with overlaps = 20
 Number of Nodes with overlaps = 4
 Number of Nodes with overlaps = 2
 Number of Nodes with overlaps = 0
INFO: [Route 35-416] Intermediate Timing Summary | WNS=0.851  | TNS=0.000  | WHS=N/A    | THS=N/A    |

Phase 4.1 Global Iteration 0 | Checksum: 17e8b80b5

Time (s): cpu = 00:01:15 ; elapsed = 00:00:44 . Memory (MB): peak = 2880.020 ; gain = 42.922 ; free physical = 60 ; free virtual = 2066

Phase 4.2 Global Iteration 1
 Number of Nodes with overlaps = 9
 Number of Nodes with overlaps = 0
INFO: [Route 35-416] Intermediate Timing Summary | WNS=0.851  | TNS=0.000  | WHS=N/A    | THS=N/A    |

Phase 4.2 Global Iteration 1 | Checksum: 12ec0f369

Time (s): cpu = 00:01:16 ; elapsed = 00:00:45 . Memory (MB): peak = 2880.020 ; gain = 42.922 ; free physical = 60 ; free virtual = 2066
Phase 4 Rip-up And Reroute | Checksum: 12ec0f369

Time (s): cpu = 00:01:16 ; elapsed = 00:00:45 . Memory (MB): peak = 2880.020 ; gain = 42.922 ; free physical = 60 ; free virtual = 2066

Phase 5 Delay and Skew Optimization

Phase 5.1 Delay CleanUp

Phase 5.1.1 Update Timing
Phase 5.1.1 Update Timing | Checksum: 13ead7e5d

Time (s): cpu = 00:01:18 ; elapsed = 00:00:46 . Memory (MB): peak = 2880.020 ; gain = 42.922 ; free physical = 60 ; free virtual = 2066
INFO: [Route 35-416] Intermediate Timing Summary | WNS=0.851  | TNS=0.000  | WHS=N/A    | THS=N/A    |

Phase 5.1 Delay CleanUp | Checksum: 13ead7e5d

Time (s): cpu = 00:01:18 ; elapsed = 00:00:46 . Memory (MB): peak = 2880.020 ; gain = 42.922 ; free physical = 60 ; free virtual = 2066

Phase 5.2 Clock Skew Optimization
Phase 5.2 Clock Skew Optimization | Checksum: 13ead7e5d

Time (s): cpu = 00:01:18 ; elapsed = 00:00:46 . Memory (MB): peak = 2880.020 ; gain = 42.922 ; free physical = 60 ; free virtual = 2066
Phase 5 Delay and Skew Optimization | Checksum: 13ead7e5d

Time (s): cpu = 00:01:18 ; elapsed = 00:00:46 . Memory (MB): peak = 2880.020 ; gain = 42.922 ; free physical = 60 ; free virtual = 2066

Phase 6 Post Hold Fix

Phase 6.1 Hold Fix Iter

Phase 6.1.1 Update Timing
Phase 6.1.1 Update Timing | Checksum: 17956bafa

Time (s): cpu = 00:01:22 ; elapsed = 00:00:48 . Memory (MB): peak = 2880.020 ; gain = 42.922 ; free physical = 60 ; free virtual = 2066
INFO: [Route 35-416] Intermediate Timing Summary | WNS=0.851  | TNS=0.000  | WHS=0.013  | THS=0.000  |

Phase 6.1 Hold Fix Iter | Checksum: 13d91eff6

Time (s): cpu = 00:01:22 ; elapsed = 00:00:48 . Memory (MB): peak = 2880.020 ; gain = 42.922 ; free physical = 60 ; free virtual = 2066
Phase 6 Post Hold Fix | Checksum: 13d91eff6

Time (s): cpu = 00:01:22 ; elapsed = 00:00:48 . Memory (MB): peak = 2880.020 ; gain = 42.922 ; free physical = 60 ; free virtual = 2066

Phase 7 Route finalize

Router Utilization Summary
  Global Vertical Routing Utilization    = 2.75753 %
  Global Horizontal Routing Utilization  = 3.80891 %
  Routable Net Status*
  *Does not include unroutable nets such as driverless and loadless.
  Run report_route_status for detailed report.
  Number of Failed Nets               = 0
    (Failed Nets is the sum of unrouted and partially routed nets)
  Number of Unrouted Nets             = 0
  Number of Partially Routed Nets     = 0
  Number of Node Overlaps             = 0

Phase 7 Route finalize | Checksum: 15aa7716b

Time (s): cpu = 00:01:22 ; elapsed = 00:00:48 . Memory (MB): peak = 2880.020 ; gain = 42.922 ; free physical = 60 ; free virtual = 2066

Phase 8 Verifying routed nets

 Verification completed successfully
Phase 8 Verifying routed nets | Checksum: 15aa7716b

Time (s): cpu = 00:01:22 ; elapsed = 00:00:48 . Memory (MB): peak = 2880.020 ; gain = 42.922 ; free physical = 60 ; free virtual = 2066

Phase 9 Depositing Routes
Phase 9 Depositing Routes | Checksum: 15cbe80d0

Time (s): cpu = 00:01:24 ; elapsed = 00:00:50 . Memory (MB): peak = 2880.020 ; gain = 42.922 ; free physical = 60 ; free virtual = 2066

Phase 10 Post Router Timing
INFO: [Route 35-57] Estimated Timing Summary | WNS=0.851  | TNS=0.000  | WHS=0.013  | THS=0.000  |

INFO: [Route 35-327] The final timing numbers are based on the router estimated timing analysis. For a complete and accurate timing signoff, please run report_timing_summary.
Phase 10 Post Router Timing | Checksum: 15cbe80d0

Time (s): cpu = 00:01:24 ; elapsed = 00:00:50 . Memory (MB): peak = 2880.020 ; gain = 42.922 ; free physical = 60 ; free virtual = 2066
INFO: [Route 35-16] Router Completed Successfully

Time (s): cpu = 00:01:24 ; elapsed = 00:00:50 . Memory (MB): peak = 2880.020 ; gain = 42.922 ; free physical = 80 ; free virtual = 2087

Routing Is Done.
INFO: [Common 17-83] Releasing license: Implementation
111 Infos, 3 Warnings, 0 Critical Warnings and 0 Errors encountered.
route_design completed successfully
route_design: Time (s): cpu = 00:01:29 ; elapsed = 00:00:53 . Memory (MB): peak = 2880.020 ; gain = 42.922 ; free physical = 80 ; free virtual = 2087
INFO: [Common 17-600] The following parameters have non-default value.
general.maxThreads
INFO: [Timing 38-480] Writing timing data to binary archive.
Writing placer database...
Writing XDEF routing.
Writing XDEF routing logical nets.
Writing XDEF routing special nets.
Write XDEF Complete: Time (s): cpu = 00:00:06 ; elapsed = 00:00:02 . Memory (MB): peak = 2896.930 ; gain = 8.906 ; free physical = 62 ; free virtual = 2080
INFO: [Common 17-1381] The checkpoint '/home/moi/stage/notebooks/hls4ml_pynq_z1_final/myproject_vivado_accelerator/project_1.runs/impl_1/design_1_wrapper_routed.dcp' has been generated.
INFO: [runtcl-4] Executing : report_drc -file design_1_wrapper_drc_routed.rpt -pb design_1_wrapper_drc_routed.pb -rpx design_1_wrapper_drc_routed.rpx
Command: report_drc -file design_1_wrapper_drc_routed.rpt -pb design_1_wrapper_drc_routed.pb -rpx design_1_wrapper_drc_routed.rpx
INFO: [IP_Flow 19-1839] IP Catalog is up to date.
INFO: [DRC 23-27] Running DRC with 4 threads
INFO: [Coretcl 2-168] The results of DRC are in file /home/moi/stage/notebooks/hls4ml_pynq_z1_final/myproject_vivado_accelerator/project_1.runs/impl_1/design_1_wrapper_drc_routed.rpt.
report_drc completed successfully
INFO: [runtcl-4] Executing : report_methodology -file design_1_wrapper_methodology_drc_routed.rpt -pb design_1_wrapper_methodology_drc_routed.pb -rpx design_1_wrapper_methodology_drc_routed.rpx
Command: report_methodology -file design_1_wrapper_methodology_drc_routed.rpt -pb design_1_wrapper_methodology_drc_routed.pb -rpx design_1_wrapper_methodology_drc_routed.rpx
INFO: [Timing 38-35] Done setting XDC timing constraints.
INFO: [DRC 23-133] Running Methodology with 4 threads
INFO: [Coretcl 2-1520] The results of Report Methodology are in file /home/moi/stage/notebooks/hls4ml_pynq_z1_final/myproject_vivado_accelerator/project_1.runs/impl_1/design_1_wrapper_methodology_drc_routed.rpt.
report_methodology completed successfully
report_methodology: Time (s): cpu = 00:00:22 ; elapsed = 00:00:08 . Memory (MB): peak = 2943.676 ; gain = 3.957 ; free physical = 120 ; free virtual = 2067
INFO: [runtcl-4] Executing : report_power -file design_1_wrapper_power_routed.rpt -pb design_1_wrapper_power_summary_routed.pb -rpx design_1_wrapper_power_routed.rpx
Command: report_power -file design_1_wrapper_power_routed.rpt -pb design_1_wrapper_power_summary_routed.pb -rpx design_1_wrapper_power_routed.rpx
INFO: [Timing 38-35] Done setting XDC timing constraints.
Running Vector-less Activity Propagation...

Finished Running Vector-less Activity Propagation
WARNING: [Power 33-332] Found switching activity that implies high-fanout reset nets being asserted for excessive periods of time which may result in inaccurate power analysis.
Resolution: To review and fix problems, please run Power Constraints Advisor in the GUI from Tools > Power Constraints Advisor or run report_power with the -advisory option to generate a text report.
124 Infos, 4 Warnings, 0 Critical Warnings and 0 Errors encountered.
report_power completed successfully
report_power: Time (s): cpu = 00:00:13 ; elapsed = 00:00:06 . Memory (MB): peak = 2983.703 ; gain = 40.027 ; free physical = 83 ; free virtual = 2043
INFO: [runtcl-4] Executing : report_route_status -file design_1_wrapper_route_status.rpt -pb design_1_wrapper_route_status.pb
INFO: [runtcl-4] Executing : report_timing_summary -max_paths 10 -file design_1_wrapper_timing_summary_routed.rpt -pb design_1_wrapper_timing_summary_routed.pb -rpx design_1_wrapper_timing_summary_routed.rpx -warn_on_violation 
INFO: [Timing 38-91] UpdateTimingParams: Speed grade: -1, Delay Type: min_max.
INFO: [Timing 38-191] Multithreading enabled for timing update using a maximum of 4 CPUs
INFO: [runtcl-4] Executing : report_incremental_reuse -file design_1_wrapper_incremental_reuse_routed.rpt
INFO: [Vivado_Tcl 4-1062] Incremental flow is disabled. No incremental reuse Info to report.
INFO: [runtcl-4] Executing : report_clock_utilization -file design_1_wrapper_clock_utilization_routed.rpt
INFO: [runtcl-4] Executing : report_bus_skew -warn_on_violation -file design_1_wrapper_bus_skew_routed.rpt -pb design_1_wrapper_bus_skew_routed.pb -rpx design_1_wrapper_bus_skew_routed.rpx
INFO: [Timing 38-91] UpdateTimingParams: Speed grade: -1, Delay Type: min_max.
INFO: [Timing 38-191] Multithreading enabled for timing update using a maximum of 4 CPUs
INFO: [Memdata 28-167] Found XPM memory block design_1_i/hier_0/axi_dma_0/U0/I_PRMRY_DATAMOVER/GEN_S2MM_FULL.I_S2MM_FULL_WRAPPER/GEN_ENABLE_INDET_BTT_SF.I_INDET_BTT/I_XD_FIFO/NON_BLK_MEM.I_SYNC_FIFOGEN_FIFO/xpm_fifo_instance.xpm_fifo_sync_inst/xpm_fifo_base_inst/gen_sdpram.xpm_memory_base_inst with a P_MEMORY_PRIMITIVE property set to auto. A value of block is required. You will not be able to use the updatemem program to update the bitstream with new data for the design_1_i/hier_0/axi_dma_0/U0/I_PRMRY_DATAMOVER/GEN_S2MM_FULL.I_S2MM_FULL_WRAPPER/GEN_ENABLE_INDET_BTT_SF.I_INDET_BTT/I_XD_FIFO/NON_BLK_MEM.I_SYNC_FIFOGEN_FIFO/xpm_fifo_instance.xpm_fifo_sync_inst/xpm_fifo_base_inst/gen_sdpram.xpm_memory_base_inst block.
INFO: [Memdata 28-208] The XPM instance: <design_1_i/hier_0/axi_dma_0/U0/I_PRMRY_DATAMOVER/GEN_S2MM_FULL.I_S2MM_FULL_WRAPPER/GEN_ENABLE_INDET_BTT_SF.I_INDET_BTT/I_DATA_FIFO/BLK_MEM.I_SYNC_FIFOGEN_FIFO/xpm_fifo_instance.xpm_fifo_sync_inst/xpm_fifo_base_inst/gen_sdpram.xpm_memory_base_inst> is part of IP: <design_1_i/hier_0/axi_dma_0>. This XPM instance will be excluded from the .mmi because updatemem is prohibited from making changes to an XPM that is part of an IP.
INFO: [Memdata 28-208] The XPM instance: <design_1_i/hier_0/axi_dma_0/U0/I_PRMRY_DATAMOVER/GEN_MM2S_FULL.I_MM2S_FULL_WRAPPER/GEN_INCLUDE_MM2S_SF.I_RD_SF/I_DATA_FIFO/BLK_MEM.I_SYNC_FIFOGEN_FIFO/xpm_fifo_instance.xpm_fifo_sync_inst/xpm_fifo_base_inst/gen_sdpram.xpm_memory_base_inst> is part of IP: <design_1_i/hier_0/axi_dma_0>. This XPM instance will be excluded from the .mmi because updatemem is prohibited from making changes to an XPM that is part of an IP.
Command: write_bitstream -force design_1_wrapper.bit
Attempting to get a license for feature 'Implementation' and/or device 'xc7z020'
INFO: [Common 17-349] Got license for feature 'Implementation' and/or device 'xc7z020'
Running DRC as a precondition to command write_bitstream
INFO: [IP_Flow 19-1839] IP Catalog is up to date.
INFO: [DRC 23-27] Running DRC with 4 threads
WARNING: [DRC DPIP-1] Input pipelining: DSP design_1_i/hier_0/myproject_axi_0/inst/grp_myproject_fu_307/dense_resource_rf_gt_nin_rem0_0_0_0_0_0_0_0_0_0_0_0_0_0_0_0_U0/trunc_ln708_s_reg_1610_reg input design_1_i/hier_0/myproject_axi_0/inst/grp_myproject_fu_307/dense_resource_rf_gt_nin_rem0_0_0_0_0_0_0_0_0_0_0_0_0_0_0_0_U0/trunc_ln708_s_reg_1610_reg/A[29:0] is not pipelined. Pipelining DSP48 input will improve performance.
WARNING: [DRC DPIP-1] Input pipelining: DSP design_1_i/hier_0/myproject_axi_0/inst/grp_myproject_fu_307/dense_resource_rf_gt_nin_rem0_0_0_0_0_0_0_0_0_0_0_0_0_0_0_0_U0/trunc_ln708_s_reg_1610_reg input design_1_i/hier_0/myproject_axi_0/inst/grp_myproject_fu_307/dense_resource_rf_gt_nin_rem0_0_0_0_0_0_0_0_0_0_0_0_0_0_0_0_U0/trunc_ln708_s_reg_1610_reg/B[17:0] is not pipelined. Pipelining DSP48 input will improve performance.
WARNING: [DRC DPIP-1] Input pipelining: DSP design_1_i/hier_0/myproject_axi_0/inst/grp_myproject_fu_307/dense_resource_rf_gt_nin_rem0_ap_ufixed_ap_fixed_config11_0_0_0_0_0_U0/trunc_ln_reg_729_reg input design_1_i/hier_0/myproject_axi_0/inst/grp_myproject_fu_307/dense_resource_rf_gt_nin_rem0_ap_ufixed_ap_fixed_config11_0_0_0_0_0_U0/trunc_ln_reg_729_reg/A[29:0] is not pipelined. Pipelining DSP48 input will improve performance.
WARNING: [DRC DPIP-1] Input pipelining: DSP design_1_i/hier_0/myproject_axi_0/inst/grp_myproject_fu_307/dense_resource_rf_gt_nin_rem0_ap_ufixed_ap_fixed_config11_0_0_0_0_0_U0/trunc_ln_reg_729_reg input design_1_i/hier_0/myproject_axi_0/inst/grp_myproject_fu_307/dense_resource_rf_gt_nin_rem0_ap_ufixed_ap_fixed_config11_0_0_0_0_0_U0/trunc_ln_reg_729_reg/B[17:0] is not pipelined. Pipelining DSP48 input will improve performance.
WARNING: [DRC DPIP-1] Input pipelining: DSP design_1_i/hier_0/myproject_axi_0/inst/grp_myproject_fu_307/dense_resource_rf_gt_nin_rem0_ap_ufixed_ap_fixed_config14_0_0_0_0_0_0_0_0_0_U0/trunc_ln_reg_1324_reg input design_1_i/hier_0/myproject_axi_0/inst/grp_myproject_fu_307/dense_resource_rf_gt_nin_rem0_ap_ufixed_ap_fixed_config14_0_0_0_0_0_0_0_0_0_U0/trunc_ln_reg_1324_reg/A[29:0] is not pipelined. Pipelining DSP48 input will improve performance.
WARNING: [DRC DPIP-1] Input pipelining: DSP design_1_i/hier_0/myproject_axi_0/inst/grp_myproject_fu_307/dense_resource_rf_gt_nin_rem0_ap_ufixed_ap_fixed_config14_0_0_0_0_0_0_0_0_0_U0/trunc_ln_reg_1324_reg input design_1_i/hier_0/myproject_axi_0/inst/grp_myproject_fu_307/dense_resource_rf_gt_nin_rem0_ap_ufixed_ap_fixed_config14_0_0_0_0_0_0_0_0_0_U0/trunc_ln_reg_1324_reg/B[17:0] is not pipelined. Pipelining DSP48 input will improve performance.
WARNING: [DRC DPIP-1] Input pipelining: DSP design_1_i/hier_0/myproject_axi_0/inst/grp_myproject_fu_307/dense_resource_rf_gt_nin_rem0_ap_ufixed_ap_fixed_config5_0_0_0_0_0_U0/trunc_ln_reg_950_reg input design_1_i/hier_0/myproject_axi_0/inst/grp_myproject_fu_307/dense_resource_rf_gt_nin_rem0_ap_ufixed_ap_fixed_config5_0_0_0_0_0_U0/trunc_ln_reg_950_reg/A[29:0] is not pipelined. Pipelining DSP48 input will improve performance.
WARNING: [DRC DPIP-1] Input pipelining: DSP design_1_i/hier_0/myproject_axi_0/inst/grp_myproject_fu_307/dense_resource_rf_gt_nin_rem0_ap_ufixed_ap_fixed_config5_0_0_0_0_0_U0/trunc_ln_reg_950_reg input design_1_i/hier_0/myproject_axi_0/inst/grp_myproject_fu_307/dense_resource_rf_gt_nin_rem0_ap_ufixed_ap_fixed_config5_0_0_0_0_0_U0/trunc_ln_reg_950_reg/B[17:0] is not pipelined. Pipelining DSP48 input will improve performance.
WARNING: [DRC DPIP-1] Input pipelining: DSP design_1_i/hier_0/myproject_axi_0/inst/grp_myproject_fu_307/dense_resource_rf_gt_nin_rem0_ap_ufixed_ap_fixed_config8_0_0_0_0_U0/trunc_ln_reg_683_reg input design_1_i/hier_0/myproject_axi_0/inst/grp_myproject_fu_307/dense_resource_rf_gt_nin_rem0_ap_ufixed_ap_fixed_config8_0_0_0_0_U0/trunc_ln_reg_683_reg/A[29:0] is not pipelined. Pipelining DSP48 input will improve performance.
WARNING: [DRC DPIP-1] Input pipelining: DSP design_1_i/hier_0/myproject_axi_0/inst/grp_myproject_fu_307/dense_resource_rf_gt_nin_rem0_ap_ufixed_ap_fixed_config8_0_0_0_0_U0/trunc_ln_reg_683_reg input design_1_i/hier_0/myproject_axi_0/inst/grp_myproject_fu_307/dense_resource_rf_gt_nin_rem0_ap_ufixed_ap_fixed_config8_0_0_0_0_U0/trunc_ln_reg_683_reg/B[17:0] is not pipelined. Pipelining DSP48 input will improve performance.
WARNING: [DRC DPOP-2] MREG Output pipelining: DSP design_1_i/hier_0/myproject_axi_0/inst/grp_myproject_fu_307/dense_resource_rf_gt_nin_rem0_0_0_0_0_0_0_0_0_0_0_0_0_0_0_0_U0/mul_ln1118_fu_1259_p2 multiplier stage design_1_i/hier_0/myproject_axi_0/inst/grp_myproject_fu_307/dense_resource_rf_gt_nin_rem0_0_0_0_0_0_0_0_0_0_0_0_0_0_0_0_U0/mul_ln1118_fu_1259_p2/P[47:0] is not pipelined (MREG=0). Pipelining the multiplier function will improve performance and will save significant power so it is suggested whenever possible to fully pipeline this function.  If this multiplier was inferred, it is suggested to describe an additional register stage after this function.  If there is no registered adder/accumulator following the multiply function, two pipeline stages are suggested to allow both the MREG and PREG registers to be used.  If the DSP48 was instantiated in the design, it is suggested to set both the MREG and PREG attributes to 1 when performing multiply functions.
WARNING: [DRC RTSTAT-10] No routable loads: 33 net(s) have no routable loads. The problem bus(es) and/or net(s) are design_1_i/axi_mem_intercon/m00_couplers/auto_pc/inst/gen_axi4_axi3.axi3_conv_inst/USE_WRITE.write_addr_inst/USE_B_CHANNEL.cmd_b_queue/inst/fifo_gen_inst/inst_fifo_gen/gconvfifo.rf/grf.rf/gntv_or_sync_fifo.gl0.rd/gr1.gr1_int.rfwft/aempty_fwft_i, design_1_i/axi_mem_intercon/m00_couplers/auto_pc/inst/gen_axi4_axi3.axi3_conv_inst/USE_WRITE.write_addr_inst/USE_BURSTS.cmd_queue/inst/fifo_gen_inst/inst_fifo_gen/gconvfifo.rf/grf.rf/gntv_or_sync_fifo.gl0.rd/gr1.gr1_int.rfwft/aempty_fwft_i, design_1_i/axi_mem_intercon/m00_couplers/auto_pc/inst/gen_axi4_axi3.axi3_conv_inst/USE_READ.USE_SPLIT_R.read_addr_inst/USE_R_CHANNEL.cmd_queue/inst/fifo_gen_inst/inst_fifo_gen/gconvfifo.rf/grf.rf/gntv_or_sync_fifo.gl0.rd/gr1.gr1_int.rfwft/aempty_fwft_i, design_1_i/axi_mem_intercon/m00_couplers/auto_pc/inst/gen_axi4_axi3.axi3_conv_inst/USE_WRITE.write_addr_inst/USE_B_CHANNEL.cmd_b_queue/inst/fifo_gen_inst/inst_fifo_gen/gconvfifo.rf/grf.rf/gntv_or_sync_fifo.gl0.wr/gwss.wsts/ram_afull_fb, design_1_i/axi_mem_intercon/m00_couplers/auto_pc/inst/gen_axi4_axi3.axi3_conv_inst/USE_READ.USE_SPLIT_R.read_addr_inst/USE_R_CHANNEL.cmd_queue/inst/fifo_gen_inst/inst_fifo_gen/gconvfifo.rf/grf.rf/gntv_or_sync_fifo.gl0.wr/gwss.wsts/ram_afull_fb, design_1_i/axi_mem_intercon/m00_couplers/auto_pc/inst/gen_axi4_axi3.axi3_conv_inst/USE_WRITE.write_addr_inst/USE_BURSTS.cmd_queue/inst/fifo_gen_inst/inst_fifo_gen/gconvfifo.rf/grf.rf/gntv_or_sync_fifo.gl0.wr/gwss.wsts/ram_afull_fb, design_1_i/axi_mem_intercon/m00_couplers/auto_pc/inst/gen_axi4_axi3.axi3_conv_inst/USE_WRITE.write_addr_inst/USE_BURSTS.cmd_queue/inst/fifo_gen_inst/inst_fifo_gen/gconvfifo.rf/grf.rf/gntv_or_sync_fifo.gl0.wr/gwss.wsts/ram_afull_i, design_1_i/axi_mem_intercon/m00_couplers/auto_pc/inst/gen_axi4_axi3.axi3_conv_inst/USE_READ.USE_SPLIT_R.read_addr_inst/USE_R_CHANNEL.cmd_queue/inst/fifo_gen_inst/inst_fifo_gen/gconvfifo.rf/grf.rf/gntv_or_sync_fifo.gl0.wr/gwss.wsts/ram_afull_i, design_1_i/axi_mem_intercon/m00_couplers/auto_pc/inst/gen_axi4_axi3.axi3_conv_inst/USE_WRITE.write_addr_inst/USE_B_CHANNEL.cmd_b_queue/inst/fifo_gen_inst/inst_fifo_gen/gconvfifo.rf/grf.rf/gntv_or_sync_fifo.gl0.wr/gwss.wsts/ram_afull_i, design_1_i/axi_mem_intercon/m00_couplers/auto_pc/inst/gen_axi4_axi3.axi3_conv_inst/USE_WRITE.write_addr_inst/USE_BURSTS.cmd_queue/inst/fifo_gen_inst/inst_fifo_gen/gconvfifo.rf/grf.rf/gntv_or_sync_fifo.gl0.rd/grss.rsts/ram_empty_i, design_1_i/axi_mem_intercon/m00_couplers/auto_pc/inst/gen_axi4_axi3.axi3_conv_inst/USE_READ.USE_SPLIT_R.read_addr_inst/USE_R_CHANNEL.cmd_queue/inst/fifo_gen_inst/inst_fifo_gen/gconvfifo.rf/grf.rf/gntv_or_sync_fifo.gl0.rd/grss.rsts/ram_empty_i, design_1_i/axi_mem_intercon/m00_couplers/auto_pc/inst/gen_axi4_axi3.axi3_conv_inst/USE_WRITE.write_addr_inst/USE_B_CHANNEL.cmd_b_queue/inst/fifo_gen_inst/inst_fifo_gen/gconvfifo.rf/grf.rf/gntv_or_sync_fifo.gl0.rd/grss.rsts/ram_empty_i, design_1_i/axi_mem_intercon/m00_couplers/auto_pc/inst/gen_axi4_axi3.axi3_conv_inst/USE_WRITE.write_addr_inst/USE_BURSTS.cmd_queue/inst/fifo_gen_inst/inst_fifo_gen/gconvfifo.rf/grf.rf/rstblk/rd_rst_reg[2:0], design_1_i/axi_mem_intercon/m00_couplers/auto_pc/inst/gen_axi4_axi3.axi3_conv_inst/USE_WRITE.write_addr_inst/USE_B_CHANNEL.cmd_b_queue/inst/fifo_gen_inst/inst_fifo_gen/gconvfifo.rf/grf.rf/rstblk/rd_rst_reg[2:0], design_1_i/axi_mem_intercon/m00_couplers/auto_pc/inst/gen_axi4_axi3.axi3_conv_inst/USE_READ.USE_SPLIT_R.read_addr_inst/USE_R_CHANNEL.cmd_queue/inst/fifo_gen_inst/inst_fifo_gen/gconvfifo.rf/grf.rf/rstblk/rd_rst_reg[2:0]... and (the first 15 of 21 listed).
INFO: [Vivado 12-3199] DRC finished with 0 Errors, 12 Warnings
INFO: [Vivado 12-3200] Please refer to the DRC report (report_drc) for more information.
INFO: [Designutils 20-2272] Running write_bitstream with 4 threads.
Loading data files...
Loading site data...
Loading route data...
Processing options...
Creating bitmap...
Creating bitstream...
Writing bitstream ./design_1_wrapper.bit...
INFO: [Vivado 12-1842] Bitgen Completed Successfully.
INFO: [Project 1-120] WebTalk data collection is mandatory when using a WebPACK part without a full Vivado license. To see the specific WebTalk data collected for your design, open the usage_statistics_webtalk.html or usage_statistics_webtalk.xml file in the implementation directory.
INFO: [Common 17-83] Releasing license: Implementation
146 Infos, 16 Warnings, 0 Critical Warnings and 0 Errors encountered.
write_bitstream completed successfully
write_bitstream: Time (s): cpu = 00:00:32 ; elapsed = 00:00:34 . Memory (MB): peak = 3312.414 ; gain = 328.711 ; free physical = 403 ; free virtual = 2031
INFO: [Common 17-206] Exiting Vivado at Thu May 21 12:53:52 2026...
[Thu May 21 12:53:58 2026] impl_1 finished
wait_on_run: Time (s): cpu = 00:12:06 ; elapsed = 00:21:18 . Memory (MB): peak = 2313.270 ; gain = 0.000 ; free physical = 1949 ; free virtual = 3579
# open_run impl_1
INFO: [Device 21-403] Loading part xc7z020clg400-1
Netlist sorting complete. Time (s): cpu = 00:00:00.19 ; elapsed = 00:00:00.19 . Memory (MB): peak = 2313.270 ; gain = 0.000 ; free physical = 1768 ; free virtual = 3405
INFO: [Netlist 29-17] Analyzing 480 Unisim elements for replacement
INFO: [Netlist 29-28] Unisim Transformation completed in 0 CPU seconds
INFO: [Project 1-479] Netlist was created with Vivado 2020.1
INFO: [Project 1-570] Preparing netlist for logic optimization
INFO: [Timing 38-478] Restoring timing data from binary archive.
INFO: [Timing 38-479] Binary timing data restore complete.
INFO: [Project 1-856] Restoring constraints from binary archive.
INFO: [Constraints 18-5170] The checkpoint was created with non-default parameter values which do not match the current Vivado settings.  Mismatching parameters are:
  general.maxThreads
INFO: [Project 1-853] Binary constraint restore complete.
Reading XDEF placement.
Reading placer database...
Reading XDEF routing.
Read XDEF File: Time (s): cpu = 00:00:02 ; elapsed = 00:00:02 . Memory (MB): peak = 2580.027 ; gain = 8.969 ; free physical = 1180 ; free virtual = 2833
Restored from archive | CPU: 1.700000 secs | Memory: 23.026398 MB |
Finished XDEF File Restore: Time (s): cpu = 00:00:02 ; elapsed = 00:00:02 . Memory (MB): peak = 2580.027 ; gain = 8.969 ; free physical = 1180 ; free virtual = 2833
Netlist sorting complete. Time (s): cpu = 00:00:00 ; elapsed = 00:00:00 . Memory (MB): peak = 2580.027 ; gain = 0.000 ; free physical = 1180 ; free virtual = 2834
INFO: [Project 1-111] Unisim Transformation Summary:
  A total of 9 instances were transformed.
  RAM32M => RAM32M (RAMD32(x6), RAMS32(x2)): 5 instances
  RAM32X1D => RAM32X1D (RAMD32(x2)): 1 instance 
  SRLC32E => SRL16E: 3 instances

open_run: Time (s): cpu = 00:00:17 ; elapsed = 00:00:25 . Memory (MB): peak = 2580.027 ; gain = 266.758 ; free physical = 1180 ; free virtual = 2834
# report_utilization -file util.rpt -hierarchical -hierarchical_percentages
INFO: [Common 17-206] Exiting Vivado at Thu May 21 12:54:25 2026...
