

================================================================
== Vivado HLS Report for 'dense_latency_ap_fixed_ap_fixed_36_16_5_3_0_config4_0_0_0_0_0'
================================================================
* Date:           Wed May 27 10:11:54 2026

* Version:        2020.1 (Build 2897737 on Wed May 27 20:21:37 MDT 2020)
* Project:        myproject_prj
* Solution:       solution1
* Product family: zynq
* Target device:  xc7z020-clg400-1


================================================================
== Performance Estimates
================================================================
+ Timing: 
    * Summary: 
    +--------+---------+----------+------------+
    |  Clock |  Target | Estimated| Uncertainty|
    +--------+---------+----------+------------+
    |ap_clk  | 5.00 ns | 3.903 ns |   0.62 ns  |
    +--------+---------+----------+------------+

+ Latency: 
    * Summary: 
    +---------+---------+-----------+-----------+-----+-----+----------+
    |  Latency (cycles) |   Latency (absolute)  |  Interval | Pipeline |
    |   min   |   max   |    min    |    max    | min | max |   Type   |
    +---------+---------+-----------+-----------+-----+-----+----------+
    |        6|        6| 30.000 ns | 30.000 ns |    4|    4| function |
    +---------+---------+-----------+-----------+-----+-----+----------+

    + Detail: 
        * Instance: 
        N/A

        * Loop: 
        N/A



================================================================
== Utilization Estimates
================================================================
* Summary: 
+-----------------+---------+-------+--------+-------+-----+
|       Name      | BRAM_18K| DSP48E|   FF   |  LUT  | URAM|
+-----------------+---------+-------+--------+-------+-----+
|DSP              |        -|      -|       -|      -|    -|
|Expression       |        -|      -|       0|    518|    -|
|FIFO             |        -|      -|       -|      -|    -|
|Instance         |        -|      8|     536|     16|    -|
|Memory           |        -|      -|       -|      -|    -|
|Multiplexer      |        -|      -|       -|    441|    -|
|Register         |        -|      -|     749|      -|    -|
+-----------------+---------+-------+--------+-------+-----+
|Total            |        0|      8|    1285|    975|    0|
+-----------------+---------+-------+--------+-------+-----+
|Available        |      280|    220|  106400|  53200|    0|
+-----------------+---------+-------+--------+-------+-----+
|Utilization (%)  |        0|      3|       1|      1|    0|
+-----------------+---------+-------+--------+-------+-----+

+ Detail: 
    * Instance: 
    +---------------------------------------+-----------------------------------+---------+-------+----+----+-----+
    |                Instance               |               Module              | BRAM_18K| DSP48E| FF | LUT| URAM|
    +---------------------------------------+-----------------------------------+---------+-------+----+----+-----+
    |myproject_axi_mul_16s_11ns_26_2_1_U49  |myproject_axi_mul_16s_11ns_26_2_1  |        0|      1|  67|   2|    0|
    |myproject_axi_mul_16s_11s_26_2_1_U51   |myproject_axi_mul_16s_11s_26_2_1   |        0|      1|  67|   2|    0|
    |myproject_axi_mul_16s_12ns_26_2_1_U52  |myproject_axi_mul_16s_12ns_26_2_1  |        0|      1|  67|   2|    0|
    |myproject_axi_mul_16s_12s_26_2_1_U48   |myproject_axi_mul_16s_12s_26_2_1   |        0|      1|  67|   2|    0|
    |myproject_axi_mul_16s_12s_26_2_1_U50   |myproject_axi_mul_16s_12s_26_2_1   |        0|      1|  67|   2|    0|
    |myproject_axi_mul_16s_12s_26_2_1_U53   |myproject_axi_mul_16s_12s_26_2_1   |        0|      1|  67|   2|    0|
    |myproject_axi_mul_16s_12s_26_2_1_U54   |myproject_axi_mul_16s_12s_26_2_1   |        0|      1|  67|   2|    0|
    |myproject_axi_mul_16s_14s_26_2_1_U47   |myproject_axi_mul_16s_14s_26_2_1   |        0|      1|  67|   2|    0|
    +---------------------------------------+-----------------------------------+---------+-------+----+----+-----+
    |Total                                  |                                   |        0|      8| 536|  16|    0|
    +---------------------------------------+-----------------------------------+---------+-------+----+----+-----+

    * DSP48E: 
    N/A

    * Memory: 
    N/A

    * FIFO: 
    N/A

    * Expression: 
    +-----------------------------+----------+-------+---+----+------------+------------+
    |        Variable Name        | Operation| DSP48E| FF| LUT| Bitwidth P0| Bitwidth P1|
    +-----------------------------+----------+-------+---+----+------------+------------+
    |acc_1_V_fu_1328_p2           |     +    |      0|  0|   8|          16|          16|
    |acc_2_V_fu_1337_p2           |     +    |      0|  0|   8|          16|          16|
    |acc_3_V_fu_1346_p2           |     +    |      0|  0|   8|          16|          16|
    |add_ln1118_fu_918_p2         |     +    |      0|  0|  29|          22|          22|
    |add_ln703_112_fu_1234_p2     |     +    |      0|  0|  23|          16|          16|
    |add_ln703_113_fu_1315_p2     |     +    |      0|  0|   8|          16|          16|
    |add_ln703_114_fu_1269_p2     |     +    |      0|  0|   8|          16|          16|
    |add_ln703_115_fu_1029_p2     |     +    |      0|  0|  17|          13|          10|
    |add_ln703_116_fu_1039_p2     |     +    |      0|  0|  19|          14|          14|
    |add_ln703_117_fu_1277_p2     |     +    |      0|  0|   8|          16|          16|
    |add_ln703_119_fu_1197_p2     |     +    |      0|  0|  23|          16|          16|
    |add_ln703_120_fu_1239_p2     |     +    |      0|  0|  23|          16|          16|
    |add_ln703_121_fu_1324_p2     |     +    |      0|  0|   8|          16|          16|
    |add_ln703_122_fu_1283_p2     |     +    |      0|  0|   8|          16|          16|
    |add_ln703_123_fu_1075_p2     |     +    |      0|  0|   8|          16|           9|
    |add_ln703_124_fu_1081_p2     |     +    |      0|  0|   8|          16|          16|
    |add_ln703_125_fu_1288_p2     |     +    |      0|  0|   8|          16|          16|
    |add_ln703_127_fu_1203_p2     |     +    |      0|  0|  23|          16|          16|
    |add_ln703_128_fu_1245_p2     |     +    |      0|  0|  23|          16|          16|
    |add_ln703_129_fu_1333_p2     |     +    |      0|  0|   8|          16|          16|
    |add_ln703_130_fu_1293_p2     |     +    |      0|  0|   8|          16|          16|
    |add_ln703_131_fu_1087_p2     |     +    |      0|  0|  21|          15|          11|
    |add_ln703_132_fu_1097_p2     |     +    |      0|  0|  23|          16|          16|
    |add_ln703_133_fu_1299_p2     |     +    |      0|  0|   8|          16|          16|
    |add_ln703_135_fu_1208_p2     |     +    |      0|  0|  23|          16|          16|
    |add_ln703_136_fu_1251_p2     |     +    |      0|  0|  23|          16|          16|
    |add_ln703_137_fu_1342_p2     |     +    |      0|  0|   8|          16|          16|
    |add_ln703_138_fu_1304_p2     |     +    |      0|  0|   8|          16|          16|
    |add_ln703_139_fu_1103_p2     |     +    |      0|  0|   8|          16|           9|
    |add_ln703_140_fu_1109_p2     |     +    |      0|  0|   8|          16|          16|
    |add_ln703_141_fu_1310_p2     |     +    |      0|  0|   8|          16|          16|
    |add_ln703_fu_1191_p2         |     +    |      0|  0|  23|          16|          16|
    |p_Val2_s_fu_1319_p2          |     +    |      0|  0|   8|          16|          16|
    |sub_ln1118_17_fu_969_p2      |     -    |      0|  0|  29|          22|          22|
    |sub_ln1118_fu_1175_p2        |     -    |      0|  0|  30|          23|          23|
    |ap_block_pp0_stage0_11001    |    and   |      0|  0|   2|           1|           1|
    |ap_block_pp0_stage0_subdone  |    or    |      0|  0|   2|           1|           1|
    |ap_enable_pp0                |    xor   |      0|  0|   2|           1|           2|
    +-----------------------------+----------+-------+---+----+------------+------------+
    |Total                        |          |      0|  0| 518|         576|         556|
    +-----------------------------+----------+-------+---+----+------------+------------+

    * Multiplexer: 
    +-------------------------+----+-----------+-----+-----------+
    |           Name          | LUT| Input Size| Bits| Total Bits|
    +-------------------------+----+-----------+-----+-----------+
    |ap_NS_fsm                |  27|          5|    1|          5|
    |ap_enable_reg_pp0_iter0  |   9|          2|    1|          2|
    |ap_enable_reg_pp0_iter1  |   9|          2|    1|          2|
    |grp_fu_192_p0            |  21|          4|   16|         64|
    |grp_fu_192_p1            |  21|          4|   14|         56|
    |grp_fu_193_p0            |  27|          5|   16|         80|
    |grp_fu_193_p1            |  27|          5|   12|         60|
    |grp_fu_194_p0            |  27|          5|   16|         80|
    |grp_fu_194_p1            |  27|          5|   11|         55|
    |grp_fu_195_p0            |  21|          4|   16|         64|
    |grp_fu_195_p1            |  21|          4|   12|         48|
    |grp_fu_196_p0            |  27|          5|   16|         80|
    |grp_fu_196_p1            |  27|          5|   11|         55|
    |grp_fu_197_p0            |  27|          5|   16|         80|
    |grp_fu_197_p1            |  27|          5|   12|         60|
    |grp_fu_198_p0            |  21|          4|   16|         64|
    |grp_fu_198_p1            |  21|          4|   12|         48|
    |grp_fu_199_p0            |  27|          5|   16|         80|
    |grp_fu_199_p1            |  27|          5|   12|         60|
    +-------------------------+----+-----------+-----+-----------+
    |Total                    | 441|         83|  227|       1043|
    +-------------------------+----+-----------+-----+-----------+

    * Register: 
    +-----------------------------+----+----+-----+-----------+
    |             Name            | FF | LUT| Bits| Const Bits|
    +-----------------------------+----+----+-----+-----------+
    |add_ln703_112_reg_1621       |  16|   0|   16|          0|
    |add_ln703_116_reg_1495       |  14|   0|   14|          0|
    |add_ln703_117_reg_1641       |  16|   0|   16|          0|
    |add_ln703_119_reg_1596       |  16|   0|   16|          0|
    |add_ln703_120_reg_1626       |  16|   0|   16|          0|
    |add_ln703_124_reg_1539       |  16|   0|   16|          0|
    |add_ln703_125_reg_1646       |  16|   0|   16|          0|
    |add_ln703_127_reg_1601       |  16|   0|   16|          0|
    |add_ln703_128_reg_1631       |  16|   0|   16|          0|
    |add_ln703_132_reg_1544       |  16|   0|   16|          0|
    |add_ln703_133_reg_1651       |  16|   0|   16|          0|
    |add_ln703_135_reg_1606       |  16|   0|   16|          0|
    |add_ln703_136_reg_1636       |  16|   0|   16|          0|
    |add_ln703_140_reg_1549       |  16|   0|   16|          0|
    |add_ln703_141_reg_1656       |  16|   0|   16|          0|
    |add_ln703_reg_1591           |  16|   0|   16|          0|
    |ap_CS_fsm                    |   4|   0|    4|          0|
    |ap_enable_reg_pp0_iter0_reg  |   1|   0|    1|          0|
    |ap_enable_reg_pp0_iter1      |   1|   0|    1|          0|
    |ap_port_reg_data_1_V_read    |  16|   0|   16|          0|
    |ap_port_reg_data_2_V_read    |  16|   0|   16|          0|
    |ap_port_reg_data_3_V_read    |  16|   0|   16|          0|
    |ap_port_reg_data_4_V_read    |  16|   0|   16|          0|
    |ap_port_reg_data_5_V_read    |  16|   0|   16|          0|
    |data_4_V_read_3_reg_1500     |  16|   0|   16|          0|
    |reg_845                      |  16|   0|   16|          0|
    |reg_849                      |  15|   0|   15|          0|
    |reg_853                      |  16|   0|   16|          0|
    |reg_857                      |  16|   0|   16|          0|
    |reg_861                      |  16|   0|   16|          0|
    |reg_865                      |  16|   0|   16|          0|
    |reg_869                      |  16|   0|   16|          0|
    |sext_ln1118_74_reg_1428      |  26|   0|   26|          0|
    |sext_ln1118_77_reg_1477      |  26|   0|   26|          0|
    |sext_ln1118_reg_1423         |  25|   0|   25|          0|
    |tmp_32_reg_1460              |  12|   0|   12|          0|
    |tmp_33_reg_1490              |  14|   0|   14|          0|
    |tmp_reg_1444                 |  12|   0|   12|          0|
    |trunc_ln708_100_reg_1554     |  16|   0|   16|          0|
    |trunc_ln708_105_reg_1565     |  16|   0|   16|          0|
    |trunc_ln708_106_reg_1570     |  16|   0|   16|          0|
    |trunc_ln708_108_reg_1611     |  15|   0|   15|          0|
    |trunc_ln708_110_reg_1616     |  15|   0|   15|          0|
    |trunc_ln708_112_reg_1586     |  13|   0|   13|          0|
    |trunc_ln708_114_reg_1485     |  14|   0|   14|          0|
    |trunc_ln708_91_reg_1505      |  16|   0|   16|          0|
    |trunc_ln708_92_reg_1510      |  15|   0|   15|          0|
    |trunc_ln708_93_reg_1515      |  15|   0|   15|          0|
    |trunc_ln708_97_reg_1520      |  16|   0|   16|          0|
    +-----------------------------+----+----+-----+-----------+
    |Total                        | 749|   0|  749|          0|
    +-----------------------------+----+----+-----+-----------+



================================================================
== Interface
================================================================
* Summary: 
+---------------+-----+-----+------------+-----------------------------------------------------------------+--------------+
|   RTL Ports   | Dir | Bits|  Protocol  |                          Source Object                          |    C Type    |
+---------------+-----+-----+------------+-----------------------------------------------------------------+--------------+
|ap_clk         |  in |    1| ap_ctrl_hs | dense_latency<ap_fixed,ap_fixed<36,16,5,3,0>,config4>.0.0.0.0.0 | return value |
|ap_rst         |  in |    1| ap_ctrl_hs | dense_latency<ap_fixed,ap_fixed<36,16,5,3,0>,config4>.0.0.0.0.0 | return value |
|ap_start       |  in |    1| ap_ctrl_hs | dense_latency<ap_fixed,ap_fixed<36,16,5,3,0>,config4>.0.0.0.0.0 | return value |
|ap_done        | out |    1| ap_ctrl_hs | dense_latency<ap_fixed,ap_fixed<36,16,5,3,0>,config4>.0.0.0.0.0 | return value |
|ap_idle        | out |    1| ap_ctrl_hs | dense_latency<ap_fixed,ap_fixed<36,16,5,3,0>,config4>.0.0.0.0.0 | return value |
|ap_ready       | out |    1| ap_ctrl_hs | dense_latency<ap_fixed,ap_fixed<36,16,5,3,0>,config4>.0.0.0.0.0 | return value |
|ap_ce          |  in |    1| ap_ctrl_hs | dense_latency<ap_fixed,ap_fixed<36,16,5,3,0>,config4>.0.0.0.0.0 | return value |
|ap_return_0    | out |   36| ap_ctrl_hs | dense_latency<ap_fixed,ap_fixed<36,16,5,3,0>,config4>.0.0.0.0.0 | return value |
|ap_return_1    | out |   36| ap_ctrl_hs | dense_latency<ap_fixed,ap_fixed<36,16,5,3,0>,config4>.0.0.0.0.0 | return value |
|ap_return_2    | out |   36| ap_ctrl_hs | dense_latency<ap_fixed,ap_fixed<36,16,5,3,0>,config4>.0.0.0.0.0 | return value |
|ap_return_3    | out |   36| ap_ctrl_hs | dense_latency<ap_fixed,ap_fixed<36,16,5,3,0>,config4>.0.0.0.0.0 | return value |
|data_0_V_read  |  in |   16|   ap_none  |                          data_0_V_read                          |    scalar    |
|data_1_V_read  |  in |   16|   ap_none  |                          data_1_V_read                          |    scalar    |
|data_2_V_read  |  in |   16|   ap_none  |                          data_2_V_read                          |    scalar    |
|data_3_V_read  |  in |   16|   ap_none  |                          data_3_V_read                          |    scalar    |
|data_4_V_read  |  in |   16|   ap_none  |                          data_4_V_read                          |    scalar    |
|data_5_V_read  |  in |   16|   ap_none  |                          data_5_V_read                          |    scalar    |
|data_6_V_read  |  in |   16|   ap_none  |                          data_6_V_read                          |    scalar    |
|data_7_V_read  |  in |   16|   ap_none  |                          data_7_V_read                          |    scalar    |
+---------------+-----+-----+------------+-----------------------------------------------------------------+--------------+

