

================================================================
== Vivado HLS Report for 'myproject_axi'
================================================================
* Date:           Wed May 27 10:12:00 2026

* Version:        2020.1 (Build 2897737 on Wed May 27 20:21:37 MDT 2020)
* Project:        myproject_prj
* Solution:       solution1
* Product family: zynq
* Target device:  xc7z020-clg400-1


================================================================
== Performance Estimates
================================================================
+ Timing: 
    * Summary: 
    +--------+---------+----------+------------+
    |  Clock |  Target | Estimated| Uncertainty|
    +--------+---------+----------+------------+
    |ap_clk  | 5.00 ns | 4.367 ns |   0.62 ns  |
    +--------+---------+----------+------------+

+ Latency: 
    * Summary: 
    +---------+---------+----------+----------+-----+-----+---------+
    |  Latency (cycles) |  Latency (absolute) |  Interval | Pipeline|
    |   min   |   max   |    min   |    max   | min | max |   Type  |
    +---------+---------+----------+----------+-----+-----+---------+
    |       76|       76| 0.380 us | 0.380 us |   76|   76|   none  |
    +---------+---------+----------+----------+-----+-----+---------+

    + Detail: 
        * Instance: 
        +----------------------+-----------+---------+---------+----------+----------+-----+-----+----------+
        |                      |           |  Latency (cycles) |  Latency (absolute) |  Interval | Pipeline |
        |       Instance       |   Module  |   min   |   max   |    min   |    max   | min | max |   Type   |
        +----------------------+-----------+---------+---------+----------+----------+-----+-----+----------+
        |grp_myproject_fu_225  |myproject  |       29|       29| 0.145 us | 0.145 us |    4|    4| function |
        +----------------------+-----------+---------+---------+----------+----------+-----+-----+----------+

        * Loop: 
        +----------+---------+---------+----------+-----------+-----------+------+----------+
        |          |  Latency (cycles) | Iteration|  Initiation Interval  | Trip |          |
        | Loop Name|   min   |   max   |  Latency |  achieved |   target  | Count| Pipelined|
        +----------+---------+---------+----------+-----------+-----------+------+----------+
        |- Loop 1  |       21|       21|         9|          1|          1|    14|    yes   |
        |- Loop 2  |       22|       22|        10|          1|          1|    14|    yes   |
        +----------+---------+---------+----------+-----------+-----------+------+----------+



================================================================
== Utilization Estimates
================================================================
* Summary: 
+-----------------+---------+-------+--------+-------+-----+
|       Name      | BRAM_18K| DSP48E|   FF   |  LUT  | URAM|
+-----------------+---------+-------+--------+-------+-----+
|DSP              |        -|      -|       -|      -|    -|
|Expression       |        -|      -|      73|   5024|    -|
|FIFO             |        -|      -|       -|      -|    -|
|Instance         |        -|     72|   12856|   9897|    -|
|Memory           |        -|      -|       -|      -|    -|
|Multiplexer      |        -|      -|       -|    256|    -|
|Register         |        0|      -|    2774|    320|    -|
+-----------------+---------+-------+--------+-------+-----+
|Total            |        0|     72|   15703|  15497|    0|
+-----------------+---------+-------+--------+-------+-----+
|Available        |      280|    220|  106400|  53200|    0|
+-----------------+---------+-------+--------+-------+-----+
|Utilization (%)  |        0|     32|      14|     29|    0|
+-----------------+---------+-------+--------+-------+-----+

+ Detail: 
    * Instance: 
    +------------------------------------------+-------------------------------------+---------+-------+-------+------+-----+
    |                 Instance                 |                Module               | BRAM_18K| DSP48E|   FF  |  LUT | URAM|
    +------------------------------------------+-------------------------------------+---------+-------+-------+------+-----+
    |grp_myproject_fu_225                      |myproject                            |        0|     72|  12230|  9194|    0|
    |myproject_axi_ashr_54ns_32ns_54_2_1_U135  |myproject_axi_ashr_54ns_32ns_54_2_1  |        0|      0|    214|   216|    0|
    |myproject_axi_fpext_32ns_64_3_1_U134      |myproject_axi_fpext_32ns_64_3_1      |        0|      0|    100|   138|    0|
    |myproject_axi_lshr_36ns_32ns_36_2_1_U137  |myproject_axi_lshr_36ns_32ns_36_2_1  |        0|      0|    156|   142|    0|
    |myproject_axi_mux_144_36_1_1_U136         |myproject_axi_mux_144_36_1_1         |        0|      0|      0|    65|    0|
    |myproject_axi_shl_36ns_32ns_36_2_1_U138   |myproject_axi_shl_36ns_32ns_36_2_1   |        0|      0|    156|   142|    0|
    +------------------------------------------+-------------------------------------+---------+-------+-------+------+-----+
    |Total                                     |                                     |        0|     72|  12856|  9897|    0|
    +------------------------------------------+-------------------------------------+---------+-------+-------+------+-----+

    * DSP48E: 
    N/A

    * Memory: 
    N/A

    * FIFO: 
    N/A

    * Expression: 
    +----------------------------------+----------+-------+----+-----+------------+------------+
    |           Variable Name          | Operation| DSP48E| FF | LUT | Bitwidth P0| Bitwidth P1|
    +----------------------------------+----------+-------+----+-----+------------+------------+
    |add_ln581_fu_334_p2               |     +    |      0|   0|   12|           5|          12|
    |add_ln954_fu_844_p2               |     +    |      0|   0|   39|           6|          32|
    |add_ln964_fu_997_p2               |     +    |      0|   0|    8|           8|           8|
    |i_1_fu_720_p2                     |     +    |      0|   0|   13|           4|           1|
    |i_fu_239_p2                       |     +    |      0|   0|   13|           4|           1|
    |lsb_index_fu_824_p2               |     +    |      0|   0|   39|           6|          32|
    |m_fu_957_p2                       |     +    |      0|   0|   44|          37|          37|
    |F2_fu_322_p2                      |     -    |      0|   0|   12|          11|          12|
    |man_V_1_fu_304_p2                 |     -    |      0|   0|   61|           1|          54|
    |sub_ln203_1_fu_552_p2             |     -    |      0|   0|   15|           7|           8|
    |sub_ln203_fu_540_p2               |     -    |      0|   0|   15|           7|           8|
    |sub_ln581_fu_340_p2               |     -    |      0|   0|   12|           4|          12|
    |sub_ln944_fu_815_p2               |     -    |      0|   0|   39|           6|          32|
    |sub_ln947_fu_839_p2               |     -    |      0|   0|   15|           3|           6|
    |sub_ln954_fu_849_p2               |     -    |      0|   0|   39|           5|          32|
    |sub_ln964_fu_992_p2               |     -    |      0|   0|    8|           5|           8|
    |tmp_V_fu_771_p2                   |     -    |      0|   0|   43|           1|          36|
    |a_fu_879_p2                       |    and   |      0|   0|    2|           1|           1|
    |and_ln203_1_fu_636_p2             |    and   |      0|   0|  224|         224|         224|
    |and_ln203_2_fu_642_p2             |    and   |      0|   0|  224|         224|         224|
    |and_ln203_fu_607_p2               |    and   |      0|   0|  224|         224|         224|
    |and_ln24_fu_760_p2                |    and   |      0|   0|    2|           1|           1|
    |and_ln581_fu_425_p2               |    and   |      0|   0|    2|           1|           1|
    |and_ln582_fu_483_p2               |    and   |      0|   0|    2|           1|           1|
    |and_ln585_1_fu_442_p2             |    and   |      0|   0|    2|           1|           1|
    |and_ln585_fu_436_p2               |    and   |      0|   0|    2|           1|           1|
    |and_ln603_fu_459_p2               |    and   |      0|   0|    2|           1|           1|
    |and_ln949_fu_904_p2               |    and   |      0|   0|    2|           1|           1|
    |ap_block_pp0_stage0_11001         |    and   |      0|   0|    2|           1|           1|
    |ap_block_state2_pp0_stage0_iter0  |    and   |      0|   0|    2|           1|           1|
    |ap_block_state49_io               |    and   |      0|   0|    2|           1|           1|
    |ap_block_state50_io               |    and   |      0|   0|    2|           1|           1|
    |p_Result_6_fu_868_p2              |    and   |      0|   0|   36|          36|          36|
    |tmp_fu_799_p3                     |   cttz   |      0|  73|   71|          64|           0|
    |icmp_ln13_fu_233_p2               |   icmp   |      0|   0|    9|           4|           3|
    |icmp_ln203_fu_535_p2              |   icmp   |      0|   0|   11|           8|           8|
    |icmp_ln21_fu_714_p2               |   icmp   |      0|   0|    9|           4|           3|
    |icmp_ln24_fu_754_p2               |   icmp   |      0|   0|    9|           4|           3|
    |icmp_ln571_fu_317_p2              |   icmp   |      0|   0|   29|          63|           1|
    |icmp_ln581_fu_328_p2              |   icmp   |      0|   0|   13|          12|           4|
    |icmp_ln582_fu_354_p2              |   icmp   |      0|   0|   13|          12|           4|
    |icmp_ln585_fu_377_p2              |   icmp   |      0|   0|   13|          12|           6|
    |icmp_ln603_fu_382_p2              |   icmp   |      0|   0|   11|           8|           1|
    |icmp_ln935_fu_766_p2              |   icmp   |      0|   0|   21|          36|           1|
    |icmp_ln947_1_fu_873_p2            |   icmp   |      0|   0|   21|          36|           1|
    |icmp_ln947_fu_854_p2              |   icmp   |      0|   0|   18|          31|           1|
    |icmp_ln954_fu_924_p2              |   icmp   |      0|   0|   18|          32|           1|
    |lshr_ln203_fu_601_p2              |   lshr   |      0|   0|  822|           2|         224|
    |lshr_ln947_fu_862_p2              |   lshr   |      0|   0|  117|           2|          36|
    |ap_block_pp1_stage0_11001         |    or    |      0|   0|    2|           1|           1|
    |empty_42_fu_530_p2                |    or    |      0|   0|    8|           8|           4|
    |in_local_V_1_fu_647_p2            |    or    |      0|   0|  224|         224|         224|
    |is_last_fu_254_p2                 |    or    |      0|   0|    2|           1|           1|
    |or_ln581_fu_448_p2                |    or    |      0|   0|    2|           1|           1|
    |or_ln582_fu_415_p2                |    or    |      0|   0|    2|           1|           1|
    |or_ln603_1_fu_488_p2              |    or    |      0|   0|    2|           1|           1|
    |or_ln603_2_fu_493_p2              |    or    |      0|   0|    2|           1|           1|
    |or_ln603_fu_465_p2                |    or    |      0|   0|    2|           1|           1|
    |or_ln949_fu_910_p2                |    or    |      0|   0|    2|           1|           1|
    |man_V_2_fu_310_p3                 |  select  |      0|   0|   54|           1|          54|
    |out_r_TDATA_int                   |  select  |      0|   0|   32|           1|           1|
    |select_ln203_1_fu_568_p3          |  select  |      0|   0|    8|           1|           8|
    |select_ln203_2_fu_573_p3          |  select  |      0|   0|    8|           1|           8|
    |select_ln203_3_fu_625_p3          |  select  |      0|   0|  224|           1|         224|
    |select_ln203_fu_545_p3            |  select  |      0|   0|    8|           1|           8|
    |select_ln588_fu_407_p3            |  select  |      0|   0|    2|           1|           2|
    |select_ln603_1_fu_471_p3          |  select  |      0|   0|   16|           1|          16|
    |select_ln603_2_fu_524_p3          |  select  |      0|   0|   16|           1|          16|
    |select_ln603_3_fu_558_p3          |  select  |      0|   0|   16|           1|          16|
    |select_ln603_fu_517_p3            |  select  |      0|   0|   16|           1|          16|
    |select_ln954_fu_945_p3            |  select  |      0|   0|   36|           1|          36|
    |select_ln964_fu_981_p3            |  select  |      0|   0|    7|           1|           7|
    |sh_amt_fu_346_p3                  |  select  |      0|   0|   12|           1|          12|
    |tmp_V_4_fu_776_p3                 |  select  |      0|   0|   36|           1|          36|
    |shl_ln203_1_fu_595_p2             |    shl   |      0|   0|  822|           2|         224|
    |shl_ln203_fu_589_p2               |    shl   |      0|   0|  822|         224|         224|
    |shl_ln604_fu_512_p2               |    shl   |      0|   0|   35|          16|          16|
    |ap_enable_pp0                     |    xor   |      0|   0|    2|           1|           2|
    |ap_enable_pp1                     |    xor   |      0|   0|    2|           1|           2|
    |ap_enable_reg_pp0_iter1           |    xor   |      0|   0|    2|           2|           1|
    |ap_enable_reg_pp1_iter1           |    xor   |      0|   0|    2|           2|           1|
    |xor_ln203_fu_631_p2               |    xor   |      0|   0|  224|           2|         224|
    |xor_ln571_fu_478_p2               |    xor   |      0|   0|    2|           1|           2|
    |xor_ln581_fu_453_p2               |    xor   |      0|   0|    2|           1|           2|
    |xor_ln582_fu_419_p2               |    xor   |      0|   0|    2|           1|           2|
    |xor_ln585_fu_430_p2               |    xor   |      0|   0|    2|           1|           2|
    |xor_ln949_fu_892_p2               |    xor   |      0|   0|    2|           1|           2|
    +----------------------------------+----------+-------+----+-----+------------+------------+
    |Total                             |          |      0|  73| 5024|        1680|        2748|
    +----------------------------------+----------+-------+----+-----+------------+------------+

    * Multiplexer: 
    +------------------------------------+-----+-----------+-----+-----------+
    |                Name                | LUT | Input Size| Bits| Total Bits|
    +------------------------------------+-----+-----------+-----+-----------+
    |ap_NS_fsm                           |  157|         35|    1|         35|
    |ap_enable_reg_pp0_iter1             |    9|          2|    1|          2|
    |ap_enable_reg_pp0_iter8             |    9|          2|    1|          2|
    |ap_enable_reg_pp1_iter1             |    9|          2|    1|          2|
    |ap_enable_reg_pp1_iter9             |    9|          2|    1|          2|
    |ap_phi_mux_i_0_phi_fu_206_p4        |    9|          2|    4|          8|
    |ap_phi_mux_is_last_0_phi_fu_194_p4  |    9|          2|    1|          2|
    |i2_0_reg_214                        |    9|          2|    4|          8|
    |i_0_reg_202                         |    9|          2|    4|          8|
    |in_r_TDATA_blk_n                    |    9|          2|    1|          2|
    |is_last_0_reg_190                   |    9|          2|    1|          2|
    |out_r_TDATA_blk_n                   |    9|          2|    1|          2|
    +------------------------------------+-----+-----------+-----+-----------+
    |Total                               |  256|         57|   21|         75|
    +------------------------------------+-----+-----------+-----+-----------+

    * Register: 
    +---------------------------------------+-----+----+-----+-----------+
    |                  Name                 |  FF | LUT| Bits| Const Bits|
    +---------------------------------------+-----+----+-----+-----------+
    |add_ln954_reg_1368                     |   32|   0|   32|          0|
    |and_ln203_reg_1208                     |  224|   0|  224|          0|
    |and_ln24_reg_1306                      |    1|   0|    1|          0|
    |and_ln585_reg_1134                     |    1|   0|    1|          0|
    |and_ln603_reg_1139                     |    1|   0|    1|          0|
    |and_ln603_reg_1139_pp0_iter5_reg       |    1|   0|    1|          0|
    |ap_CS_fsm                              |   34|   0|   34|          0|
    |ap_enable_reg_pp0_iter0                |    1|   0|    1|          0|
    |ap_enable_reg_pp0_iter1                |    1|   0|    1|          0|
    |ap_enable_reg_pp0_iter2                |    1|   0|    1|          0|
    |ap_enable_reg_pp0_iter3                |    1|   0|    1|          0|
    |ap_enable_reg_pp0_iter4                |    1|   0|    1|          0|
    |ap_enable_reg_pp0_iter5                |    1|   0|    1|          0|
    |ap_enable_reg_pp0_iter6                |    1|   0|    1|          0|
    |ap_enable_reg_pp0_iter7                |    1|   0|    1|          0|
    |ap_enable_reg_pp0_iter8                |    1|   0|    1|          0|
    |ap_enable_reg_pp1_iter0                |    1|   0|    1|          0|
    |ap_enable_reg_pp1_iter1                |    1|   0|    1|          0|
    |ap_enable_reg_pp1_iter2                |    1|   0|    1|          0|
    |ap_enable_reg_pp1_iter3                |    1|   0|    1|          0|
    |ap_enable_reg_pp1_iter4                |    1|   0|    1|          0|
    |ap_enable_reg_pp1_iter5                |    1|   0|    1|          0|
    |ap_enable_reg_pp1_iter6                |    1|   0|    1|          0|
    |ap_enable_reg_pp1_iter7                |    1|   0|    1|          0|
    |ap_enable_reg_pp1_iter8                |    1|   0|    1|          0|
    |ap_enable_reg_pp1_iter9                |    1|   0|    1|          0|
    |ashr_ln586_reg_1155                    |   54|   0|   54|          0|
    |empty_42_reg_1180                      |    4|   0|    8|          4|
    |exp_tmp_V_reg_1074                     |   11|   0|   11|          0|
    |grp_myproject_fu_225_ap_start_reg      |    1|   0|    1|          0|
    |i2_0_reg_214                           |    4|   0|    4|          0|
    |i_0_reg_202                            |    4|   0|    4|          0|
    |i_reg_1048                             |    4|   0|    4|          0|
    |icmp_ln13_reg_1044                     |    1|   0|    1|          0|
    |icmp_ln203_reg_1185                    |    1|   0|    1|          0|
    |icmp_ln203_reg_1185_pp0_iter7_reg      |    1|   0|    1|          0|
    |icmp_ln21_reg_1284                     |    1|   0|    1|          0|
    |icmp_ln571_reg_1089                    |    1|   0|    1|          0|
    |icmp_ln571_reg_1089_pp0_iter4_reg      |    1|   0|    1|          0|
    |icmp_ln581_reg_1095                    |    1|   0|    1|          0|
    |icmp_ln582_reg_1107                    |    1|   0|    1|          0|
    |icmp_ln582_reg_1107_pp0_iter4_reg      |    1|   0|    1|          0|
    |icmp_ln935_reg_1311                    |    1|   0|    1|          0|
    |icmp_ln954_reg_1383                    |    1|   0|    1|          0|
    |icmp_ln954_reg_1383_pp1_iter6_reg      |    1|   0|    1|          0|
    |in_data_tmp_reg_1053                   |   32|   0|   32|          0|
    |in_local_V_fu_168                      |  224|   0|  224|          0|
    |is_last_0_reg_190                      |    1|   0|    1|          0|
    |is_last_reg_1059                       |    1|   0|    1|          0|
    |l_reg_1329                             |   32|   0|   32|          0|
    |lsb_index_reg_1351                     |   32|   0|   32|          0|
    |lshr_ln954_reg_1398                    |   36|   0|   36|          0|
    |m_3_reg_1408                           |   36|   0|   36|          0|
    |man_V_2_reg_1084                       |   54|   0|   54|          0|
    |or_ln603_2_reg_1160                    |    1|   0|    1|          0|
    |or_ln603_2_reg_1160_pp0_iter6_reg      |    1|   0|    1|          0|
    |or_ln603_reg_1144                      |    1|   0|    1|          0|
    |or_ln603_reg_1144_pp0_iter5_reg        |    1|   0|    1|          0|
    |or_ln_reg_1378                         |    1|   0|   32|         31|
    |or_ln_reg_1378_pp1_iter6_reg           |    1|   0|   32|         31|
    |out_local_10_reg_1269                  |   36|   0|   36|          0|
    |out_local_11_reg_1274                  |   36|   0|   36|          0|
    |out_local_12_reg_1279                  |   36|   0|   36|          0|
    |out_local_1_reg_1219                   |   36|   0|   36|          0|
    |out_local_2_reg_1224                   |   36|   0|   36|          0|
    |out_local_3_reg_1229                   |   36|   0|   36|          0|
    |out_local_4_reg_1234                   |   36|   0|   36|          0|
    |out_local_5_reg_1239                   |   36|   0|   36|          0|
    |out_local_6_reg_1244                   |   36|   0|   36|          0|
    |out_local_7_reg_1249                   |   36|   0|   36|          0|
    |out_local_8_reg_1254                   |   36|   0|   36|          0|
    |out_local_9_reg_1259                   |   36|   0|   36|          0|
    |out_local_reg_1214                     |   36|   0|   36|          0|
    |out_local_s_reg_1264                   |   36|   0|   36|          0|
    |p_Result_10_reg_1300                   |    1|   0|    1|          0|
    |p_Result_8_reg_1069                    |    1|   0|    1|          0|
    |p_Result_s_reg_1324                    |   36|   0|   36|          0|
    |select_ln603_1_reg_1150                |   16|   0|   16|          0|
    |select_ln603_1_reg_1150_pp0_iter5_reg  |   16|   0|   16|          0|
    |select_ln603_2_reg_1175                |   16|   0|   16|          0|
    |select_ln964_reg_1413                  |    1|   0|    8|          7|
    |sext_ln581_reg_1124                    |   32|   0|   32|          0|
    |sext_ln581_reg_1124_pp0_iter5_reg      |   32|   0|   32|          0|
    |sh_amt_reg_1101                        |   12|   0|   12|          0|
    |shl_ln203_reg_1202                     |  224|   0|  224|          0|
    |shl_ln954_reg_1403                     |   36|   0|   36|          0|
    |shl_ln_reg_1165                        |    4|   0|    8|          4|
    |shl_ln_reg_1165_pp0_iter6_reg          |    4|   0|    8|          4|
    |sub_ln203_1_reg_1197                   |    8|   0|    8|          0|
    |sub_ln203_reg_1192                     |    4|   0|    8|          4|
    |sub_ln944_reg_1339                     |   32|   0|   32|          0|
    |sub_ln947_reg_1363                     |    6|   0|    6|          0|
    |sub_ln954_reg_1373                     |   32|   0|   32|          0|
    |tmp_5_reg_1119                         |    8|   0|    8|          0|
    |tmp_9_reg_1358                         |   31|   0|   31|          0|
    |tmp_V_3_reg_1293                       |   36|   0|   36|          0|
    |tmp_V_4_reg_1316                       |   36|   0|   36|          0|
    |trunc_ln556_reg_1064                   |   63|   0|   63|          0|
    |trunc_ln565_reg_1079                   |   52|   0|   52|          0|
    |trunc_ln583_reg_1113                   |   16|   0|   16|          0|
    |trunc_ln943_reg_1334                   |    8|   0|    8|          0|
    |trunc_ln947_reg_1346                   |    6|   0|    6|          0|
    |and_ln24_reg_1306                      |   64|  32|    1|          0|
    |i_0_reg_202                            |   64|  32|    4|          0|
    |icmp_ln13_reg_1044                     |   64|  32|    1|          0|
    |icmp_ln21_reg_1284                     |   64|  32|    1|          0|
    |icmp_ln935_reg_1311                    |   64|  32|    1|          0|
    |in_data_tmp_reg_1053                   |   64|  32|   32|          0|
    |p_Result_10_reg_1300                   |   64|  32|    1|          0|
    |tmp_V_4_reg_1316                       |   64|  32|   36|          0|
    |trunc_ln583_reg_1113                   |   64|  32|   16|          0|
    |trunc_ln943_reg_1334                   |   64|  32|    8|          0|
    +---------------------------------------+-----+----+-----+-----------+
    |Total                                  | 2774| 320| 2320|         85|
    +---------------------------------------+-----+----+-----+-----------+



================================================================
== Interface
================================================================
* Summary: 
+--------------+-----+-----+--------------+---------------+--------------+
|   RTL Ports  | Dir | Bits|   Protocol   | Source Object |    C Type    |
+--------------+-----+-----+--------------+---------------+--------------+
|ap_clk        |  in |    1| ap_ctrl_none | myproject_axi | return value |
|ap_rst_n      |  in |    1| ap_ctrl_none | myproject_axi | return value |
|in_r_TDATA    |  in |   32|     axis     |    in_data    |    pointer   |
|in_r_TVALID   |  in |    1|     axis     |   in_last_V   |    pointer   |
|in_r_TREADY   | out |    1|     axis     |   in_last_V   |    pointer   |
|in_r_TLAST    |  in |    1|     axis     |   in_last_V   |    pointer   |
|out_r_TDATA   | out |   32|     axis     |    out_data   |    pointer   |
|out_r_TVALID  | out |    1|     axis     |   out_last_V  |    pointer   |
|out_r_TREADY  |  in |    1|     axis     |   out_last_V  |    pointer   |
|out_r_TLAST   | out |    1|     axis     |   out_last_V  |    pointer   |
+--------------+-----+-----+--------------+---------------+--------------+

