

================================================================
== Vivado HLS Report for 'relu_ap_fixed_37_17_5_3_0_ap_fixed_16_6_5_3_0_relu_config3_s'
================================================================
* Date:           Wed May 27 10:11:54 2026

* Version:        2020.1 (Build 2897737 on Wed May 27 20:21:37 MDT 2020)
* Project:        myproject_prj
* Solution:       solution1
* Product family: zynq
* Target device:  xc7z020-clg400-1


================================================================
== Performance Estimates
================================================================
+ Timing: 
    * Summary: 
    +--------+---------+----------+------------+
    |  Clock |  Target | Estimated| Uncertainty|
    +--------+---------+----------+------------+
    |ap_clk  | 5.00 ns | 3.316 ns |   0.62 ns  |
    +--------+---------+----------+------------+

+ Latency: 
    * Summary: 
    +---------+---------+----------+----------+-----+-----+----------+
    |  Latency (cycles) |  Latency (absolute) |  Interval | Pipeline |
    |   min   |   max   |    min   |    max   | min | max |   Type   |
    +---------+---------+----------+----------+-----+-----+----------+
    |        0|        0|   0 ns   |   0 ns   |    1|    1| function |
    +---------+---------+----------+----------+-----+-----+----------+

    + Detail: 
        * Instance: 
        N/A

        * Loop: 
        N/A



================================================================
== Utilization Estimates
================================================================
* Summary: 
+-----------------+---------+-------+--------+-------+-----+
|       Name      | BRAM_18K| DSP48E|   FF   |  LUT  | URAM|
+-----------------+---------+-------+--------+-------+-----+
|DSP              |        -|      -|       -|      -|    -|
|Expression       |        -|      -|       0|    296|    -|
|FIFO             |        -|      -|       -|      -|    -|
|Instance         |        -|      -|       -|      -|    -|
|Memory           |        -|      -|       -|      -|    -|
|Multiplexer      |        -|      -|       -|      -|    -|
|Register         |        -|      -|       -|      -|    -|
+-----------------+---------+-------+--------+-------+-----+
|Total            |        0|      0|       0|    296|    0|
+-----------------+---------+-------+--------+-------+-----+
|Available        |      280|    220|  106400|  53200|    0|
+-----------------+---------+-------+--------+-------+-----+
|Utilization (%)  |        0|      0|       0|   ~0  |    0|
+-----------------+---------+-------+--------+-------+-----+

+ Detail: 
    * Instance: 
    N/A

    * DSP48E: 
    N/A

    * Memory: 
    N/A

    * FIFO: 
    N/A

    * Expression: 
    +---------------------------+----------+-------+---+----+------------+------------+
    |       Variable Name       | Operation| DSP48E| FF| LUT| Bitwidth P0| Bitwidth P1|
    +---------------------------+----------+-------+---+----+------------+------------+
    |icmp_ln1494_1_fu_112_p2    |   icmp   |      0|  0|  21|          37|           1|
    |icmp_ln1494_2_fu_136_p2    |   icmp   |      0|  0|  21|          37|           1|
    |icmp_ln1494_3_fu_160_p2    |   icmp   |      0|  0|  21|          37|           1|
    |icmp_ln1494_4_fu_184_p2    |   icmp   |      0|  0|  21|          37|           1|
    |icmp_ln1494_5_fu_208_p2    |   icmp   |      0|  0|  21|          37|           1|
    |icmp_ln1494_6_fu_232_p2    |   icmp   |      0|  0|  21|          37|           1|
    |icmp_ln1494_7_fu_256_p2    |   icmp   |      0|  0|  21|          37|           1|
    |icmp_ln1494_fu_88_p2       |   icmp   |      0|  0|  21|          37|           1|
    |select_ln1494_1_fu_128_p3  |  select  |      0|  0|  16|           1|          16|
    |select_ln1494_2_fu_152_p3  |  select  |      0|  0|  16|           1|          16|
    |select_ln1494_3_fu_176_p3  |  select  |      0|  0|  16|           1|          16|
    |select_ln1494_4_fu_200_p3  |  select  |      0|  0|  16|           1|          16|
    |select_ln1494_5_fu_224_p3  |  select  |      0|  0|  16|           1|          16|
    |select_ln1494_6_fu_248_p3  |  select  |      0|  0|  16|           1|          16|
    |select_ln1494_7_fu_272_p3  |  select  |      0|  0|  16|           1|          16|
    |select_ln1494_fu_104_p3    |  select  |      0|  0|  16|           1|          16|
    +---------------------------+----------+-------+---+----+------------+------------+
    |Total                      |          |      0|  0| 296|         304|         136|
    +---------------------------+----------+-------+---+----+------------+------------+

    * Multiplexer: 
    N/A

    * Register: 
    N/A



================================================================
== Interface
================================================================
* Summary: 
+---------------+-----+-----+------------+-------------------------------------------------------------------------+--------------+
|   RTL Ports   | Dir | Bits|  Protocol  |                              Source Object                              |    C Type    |
+---------------+-----+-----+------------+-------------------------------------------------------------------------+--------------+
|ap_ready       | out |    1| ap_ctrl_hs | relu<ap_fixed<37, 17, 5, 3, 0>, ap_fixed<16, 6, 5, 3, 0>, relu_config3> | return value |
|ap_return_0    | out |   16| ap_ctrl_hs | relu<ap_fixed<37, 17, 5, 3, 0>, ap_fixed<16, 6, 5, 3, 0>, relu_config3> | return value |
|ap_return_1    | out |   16| ap_ctrl_hs | relu<ap_fixed<37, 17, 5, 3, 0>, ap_fixed<16, 6, 5, 3, 0>, relu_config3> | return value |
|ap_return_2    | out |   16| ap_ctrl_hs | relu<ap_fixed<37, 17, 5, 3, 0>, ap_fixed<16, 6, 5, 3, 0>, relu_config3> | return value |
|ap_return_3    | out |   16| ap_ctrl_hs | relu<ap_fixed<37, 17, 5, 3, 0>, ap_fixed<16, 6, 5, 3, 0>, relu_config3> | return value |
|ap_return_4    | out |   16| ap_ctrl_hs | relu<ap_fixed<37, 17, 5, 3, 0>, ap_fixed<16, 6, 5, 3, 0>, relu_config3> | return value |
|ap_return_5    | out |   16| ap_ctrl_hs | relu<ap_fixed<37, 17, 5, 3, 0>, ap_fixed<16, 6, 5, 3, 0>, relu_config3> | return value |
|ap_return_6    | out |   16| ap_ctrl_hs | relu<ap_fixed<37, 17, 5, 3, 0>, ap_fixed<16, 6, 5, 3, 0>, relu_config3> | return value |
|ap_return_7    | out |   16| ap_ctrl_hs | relu<ap_fixed<37, 17, 5, 3, 0>, ap_fixed<16, 6, 5, 3, 0>, relu_config3> | return value |
|data_0_V_read  |  in |   37|   ap_none  |                              data_0_V_read                              |    scalar    |
|data_1_V_read  |  in |   37|   ap_none  |                              data_1_V_read                              |    scalar    |
|data_2_V_read  |  in |   37|   ap_none  |                              data_2_V_read                              |    scalar    |
|data_3_V_read  |  in |   37|   ap_none  |                              data_3_V_read                              |    scalar    |
|data_4_V_read  |  in |   37|   ap_none  |                              data_4_V_read                              |    scalar    |
|data_5_V_read  |  in |   37|   ap_none  |                              data_5_V_read                              |    scalar    |
|data_6_V_read  |  in |   37|   ap_none  |                              data_6_V_read                              |    scalar    |
|data_7_V_read  |  in |   37|   ap_none  |                              data_7_V_read                              |    scalar    |
+---------------+-----+-----+------------+-------------------------------------------------------------------------+--------------+

