

================================================================
== Vivado HLS Report for 'relu_ap_fixed_36_16_5_3_0_ap_fixed_16_6_5_3_0_relu_config5_s'
================================================================
* Date:           Wed May 27 10:11:55 2026

* Version:        2020.1 (Build 2897737 on Wed May 27 20:21:37 MDT 2020)
* Project:        myproject_prj
* Solution:       solution1
* Product family: zynq
* Target device:  xc7z020-clg400-1


================================================================
== Performance Estimates
================================================================
+ Timing: 
    * Summary: 
    +--------+---------+----------+------------+
    |  Clock |  Target | Estimated| Uncertainty|
    +--------+---------+----------+------------+
    |ap_clk  | 5.00 ns | 3.308 ns |   0.62 ns  |
    +--------+---------+----------+------------+

+ Latency: 
    * Summary: 
    +---------+---------+----------+----------+-----+-----+----------+
    |  Latency (cycles) |  Latency (absolute) |  Interval | Pipeline |
    |   min   |   max   |    min   |    max   | min | max |   Type   |
    +---------+---------+----------+----------+-----+-----+----------+
    |        0|        0|   0 ns   |   0 ns   |    1|    1| function |
    +---------+---------+----------+----------+-----+-----+----------+

    + Detail: 
        * Instance: 
        N/A

        * Loop: 
        N/A



================================================================
== Utilization Estimates
================================================================
* Summary: 
+-----------------+---------+-------+--------+-------+-----+
|       Name      | BRAM_18K| DSP48E|   FF   |  LUT  | URAM|
+-----------------+---------+-------+--------+-------+-----+
|DSP              |        -|      -|       -|      -|    -|
|Expression       |        -|      -|       0|    148|    -|
|FIFO             |        -|      -|       -|      -|    -|
|Instance         |        -|      -|       -|      -|    -|
|Memory           |        -|      -|       -|      -|    -|
|Multiplexer      |        -|      -|       -|      -|    -|
|Register         |        -|      -|       -|      -|    -|
+-----------------+---------+-------+--------+-------+-----+
|Total            |        0|      0|       0|    148|    0|
+-----------------+---------+-------+--------+-------+-----+
|Available        |      280|    220|  106400|  53200|    0|
+-----------------+---------+-------+--------+-------+-----+
|Utilization (%)  |        0|      0|       0|   ~0  |    0|
+-----------------+---------+-------+--------+-------+-----+

+ Detail: 
    * Instance: 
    N/A

    * DSP48E: 
    N/A

    * Memory: 
    N/A

    * FIFO: 
    N/A

    * Expression: 
    +----------------------------+----------+-------+---+----+------------+------------+
    |        Variable Name       | Operation| DSP48E| FF| LUT| Bitwidth P0| Bitwidth P1|
    +----------------------------+----------+-------+---+----+------------+------------+
    |icmp_ln1494_1_fu_80_p2      |   icmp   |      0|  0|  21|          36|           1|
    |icmp_ln1494_2_fu_104_p2     |   icmp   |      0|  0|  21|          36|           1|
    |icmp_ln1494_3_fu_128_p2     |   icmp   |      0|  0|  21|          36|           1|
    |icmp_ln1494_fu_56_p2        |   icmp   |      0|  0|  21|          36|           1|
    |select_ln1494_10_fu_144_p3  |  select  |      0|  0|  16|           1|          16|
    |select_ln1494_8_fu_96_p3    |  select  |      0|  0|  16|           1|          16|
    |select_ln1494_9_fu_120_p3   |  select  |      0|  0|  16|           1|          16|
    |select_ln1494_fu_72_p3      |  select  |      0|  0|  16|           1|          16|
    +----------------------------+----------+-------+---+----+------------+------------+
    |Total                       |          |      0|  0| 148|         148|          68|
    +----------------------------+----------+-------+---+----+------------+------------+

    * Multiplexer: 
    N/A

    * Register: 
    N/A



================================================================
== Interface
================================================================
* Summary: 
+---------------+-----+-----+------------+-------------------------------------------------------------------------+--------------+
|   RTL Ports   | Dir | Bits|  Protocol  |                              Source Object                              |    C Type    |
+---------------+-----+-----+------------+-------------------------------------------------------------------------+--------------+
|ap_ready       | out |    1| ap_ctrl_hs | relu<ap_fixed<36, 16, 5, 3, 0>, ap_fixed<16, 6, 5, 3, 0>, relu_config5> | return value |
|ap_return_0    | out |   16| ap_ctrl_hs | relu<ap_fixed<36, 16, 5, 3, 0>, ap_fixed<16, 6, 5, 3, 0>, relu_config5> | return value |
|ap_return_1    | out |   16| ap_ctrl_hs | relu<ap_fixed<36, 16, 5, 3, 0>, ap_fixed<16, 6, 5, 3, 0>, relu_config5> | return value |
|ap_return_2    | out |   16| ap_ctrl_hs | relu<ap_fixed<36, 16, 5, 3, 0>, ap_fixed<16, 6, 5, 3, 0>, relu_config5> | return value |
|ap_return_3    | out |   16| ap_ctrl_hs | relu<ap_fixed<36, 16, 5, 3, 0>, ap_fixed<16, 6, 5, 3, 0>, relu_config5> | return value |
|data_0_V_read  |  in |   36|   ap_none  |                              data_0_V_read                              |    scalar    |
|data_1_V_read  |  in |   36|   ap_none  |                              data_1_V_read                              |    scalar    |
|data_2_V_read  |  in |   36|   ap_none  |                              data_2_V_read                              |    scalar    |
|data_3_V_read  |  in |   36|   ap_none  |                              data_3_V_read                              |    scalar    |
+---------------+-----+-----+------------+-------------------------------------------------------------------------+--------------+

