Copyright 1986-2020 Xilinx, Inc. All Rights Reserved.
---------------------------------------------------------------------------------------------------------------------------------------
| Tool Version : Vivado v.2020.1 (lin64) Build 2902540 Wed May 27 19:54:35 MDT 2020
| Date         : Thu May 21 12:50:47 2026
| Host         : petit-PC-portable running 64-bit Ubuntu 22.04.5 LTS
| Command      : report_drc -file design_1_wrapper_drc_opted.rpt -pb design_1_wrapper_drc_opted.pb -rpx design_1_wrapper_drc_opted.rpx
| Design       : design_1_wrapper
| Device       : xc7z020clg400-1
| Speed File   : -1
| Design State : Synthesized
---------------------------------------------------------------------------------------------------------------------------------------

Report DRC

Table of Contents
-----------------
1. REPORT SUMMARY
2. REPORT DETAILS

1. REPORT SUMMARY
-----------------
            Netlist: netlist
          Floorplan: design_1
      Design limits: <entire design considered>
           Ruledeck: default
             Max violations: <unlimited>
             Violations found: 11
+--------+----------+------------------------+------------+
| Rule   | Severity | Description            | Violations |
+--------+----------+------------------------+------------+
| DPIP-1 | Warning  | Input pipelining       | 10         |
| DPOP-2 | Warning  | MREG Output pipelining | 1          |
+--------+----------+------------------------+------------+

2. REPORT DETAILS
-----------------
DPIP-1#1 Warning
Input pipelining  
DSP design_1_i/hier_0/myproject_axi_0/inst/grp_myproject_fu_307/dense_resource_rf_gt_nin_rem0_0_0_0_0_0_0_0_0_0_0_0_0_0_0_0_U0/trunc_ln708_s_reg_1610_reg input design_1_i/hier_0/myproject_axi_0/inst/grp_myproject_fu_307/dense_resource_rf_gt_nin_rem0_0_0_0_0_0_0_0_0_0_0_0_0_0_0_0_U0/trunc_ln708_s_reg_1610_reg/A[29:0] is not pipelined. Pipelining DSP48 input will improve performance.
Related violations: <none>

DPIP-1#2 Warning
Input pipelining  
DSP design_1_i/hier_0/myproject_axi_0/inst/grp_myproject_fu_307/dense_resource_rf_gt_nin_rem0_0_0_0_0_0_0_0_0_0_0_0_0_0_0_0_U0/trunc_ln708_s_reg_1610_reg input design_1_i/hier_0/myproject_axi_0/inst/grp_myproject_fu_307/dense_resource_rf_gt_nin_rem0_0_0_0_0_0_0_0_0_0_0_0_0_0_0_0_U0/trunc_ln708_s_reg_1610_reg/B[17:0] is not pipelined. Pipelining DSP48 input will improve performance.
Related violations: <none>

DPIP-1#3 Warning
Input pipelining  
DSP design_1_i/hier_0/myproject_axi_0/inst/grp_myproject_fu_307/dense_resource_rf_gt_nin_rem0_ap_ufixed_ap_fixed_config11_0_0_0_0_0_U0/trunc_ln_reg_729_reg input design_1_i/hier_0/myproject_axi_0/inst/grp_myproject_fu_307/dense_resource_rf_gt_nin_rem0_ap_ufixed_ap_fixed_config11_0_0_0_0_0_U0/trunc_ln_reg_729_reg/A[29:0] is not pipelined. Pipelining DSP48 input will improve performance.
Related violations: <none>

DPIP-1#4 Warning
Input pipelining  
DSP design_1_i/hier_0/myproject_axi_0/inst/grp_myproject_fu_307/dense_resource_rf_gt_nin_rem0_ap_ufixed_ap_fixed_config11_0_0_0_0_0_U0/trunc_ln_reg_729_reg input design_1_i/hier_0/myproject_axi_0/inst/grp_myproject_fu_307/dense_resource_rf_gt_nin_rem0_ap_ufixed_ap_fixed_config11_0_0_0_0_0_U0/trunc_ln_reg_729_reg/B[17:0] is not pipelined. Pipelining DSP48 input will improve performance.
Related violations: <none>

DPIP-1#5 Warning
Input pipelining  
DSP design_1_i/hier_0/myproject_axi_0/inst/grp_myproject_fu_307/dense_resource_rf_gt_nin_rem0_ap_ufixed_ap_fixed_config14_0_0_0_0_0_0_0_0_0_U0/trunc_ln_reg_1324_reg input design_1_i/hier_0/myproject_axi_0/inst/grp_myproject_fu_307/dense_resource_rf_gt_nin_rem0_ap_ufixed_ap_fixed_config14_0_0_0_0_0_0_0_0_0_U0/trunc_ln_reg_1324_reg/A[29:0] is not pipelined. Pipelining DSP48 input will improve performance.
Related violations: <none>

DPIP-1#6 Warning
Input pipelining  
DSP design_1_i/hier_0/myproject_axi_0/inst/grp_myproject_fu_307/dense_resource_rf_gt_nin_rem0_ap_ufixed_ap_fixed_config14_0_0_0_0_0_0_0_0_0_U0/trunc_ln_reg_1324_reg input design_1_i/hier_0/myproject_axi_0/inst/grp_myproject_fu_307/dense_resource_rf_gt_nin_rem0_ap_ufixed_ap_fixed_config14_0_0_0_0_0_0_0_0_0_U0/trunc_ln_reg_1324_reg/B[17:0] is not pipelined. Pipelining DSP48 input will improve performance.
Related violations: <none>

DPIP-1#7 Warning
Input pipelining  
DSP design_1_i/hier_0/myproject_axi_0/inst/grp_myproject_fu_307/dense_resource_rf_gt_nin_rem0_ap_ufixed_ap_fixed_config5_0_0_0_0_0_U0/trunc_ln_reg_950_reg input design_1_i/hier_0/myproject_axi_0/inst/grp_myproject_fu_307/dense_resource_rf_gt_nin_rem0_ap_ufixed_ap_fixed_config5_0_0_0_0_0_U0/trunc_ln_reg_950_reg/A[29:0] is not pipelined. Pipelining DSP48 input will improve performance.
Related violations: <none>

DPIP-1#8 Warning
Input pipelining  
DSP design_1_i/hier_0/myproject_axi_0/inst/grp_myproject_fu_307/dense_resource_rf_gt_nin_rem0_ap_ufixed_ap_fixed_config5_0_0_0_0_0_U0/trunc_ln_reg_950_reg input design_1_i/hier_0/myproject_axi_0/inst/grp_myproject_fu_307/dense_resource_rf_gt_nin_rem0_ap_ufixed_ap_fixed_config5_0_0_0_0_0_U0/trunc_ln_reg_950_reg/B[17:0] is not pipelined. Pipelining DSP48 input will improve performance.
Related violations: <none>

DPIP-1#9 Warning
Input pipelining  
DSP design_1_i/hier_0/myproject_axi_0/inst/grp_myproject_fu_307/dense_resource_rf_gt_nin_rem0_ap_ufixed_ap_fixed_config8_0_0_0_0_U0/trunc_ln_reg_683_reg input design_1_i/hier_0/myproject_axi_0/inst/grp_myproject_fu_307/dense_resource_rf_gt_nin_rem0_ap_ufixed_ap_fixed_config8_0_0_0_0_U0/trunc_ln_reg_683_reg/A[29:0] is not pipelined. Pipelining DSP48 input will improve performance.
Related violations: <none>

DPIP-1#10 Warning
Input pipelining  
DSP design_1_i/hier_0/myproject_axi_0/inst/grp_myproject_fu_307/dense_resource_rf_gt_nin_rem0_ap_ufixed_ap_fixed_config8_0_0_0_0_U0/trunc_ln_reg_683_reg input design_1_i/hier_0/myproject_axi_0/inst/grp_myproject_fu_307/dense_resource_rf_gt_nin_rem0_ap_ufixed_ap_fixed_config8_0_0_0_0_U0/trunc_ln_reg_683_reg/B[17:0] is not pipelined. Pipelining DSP48 input will improve performance.
Related violations: <none>

DPOP-2#1 Warning
MREG Output pipelining  
DSP design_1_i/hier_0/myproject_axi_0/inst/grp_myproject_fu_307/dense_resource_rf_gt_nin_rem0_0_0_0_0_0_0_0_0_0_0_0_0_0_0_0_U0/mul_ln1118_fu_1259_p2 multiplier stage design_1_i/hier_0/myproject_axi_0/inst/grp_myproject_fu_307/dense_resource_rf_gt_nin_rem0_0_0_0_0_0_0_0_0_0_0_0_0_0_0_0_U0/mul_ln1118_fu_1259_p2/P[47:0] is not pipelined (MREG=0). Pipelining the multiplier function will improve performance and will save significant power so it is suggested whenever possible to fully pipeline this function.  If this multiplier was inferred, it is suggested to describe an additional register stage after this function.  If there is no registered adder/accumulator following the multiply function, two pipeline stages are suggested to allow both the MREG and PREG registers to be used.  If the DSP48 was instantiated in the design, it is suggested to set both the MREG and PREG attributes to 1 when performing multiply functions.
Related violations: <none>


