

================================================================
== Vivado HLS Report for 'dense_latency_ap_fixed_ap_fixed_35_15_5_3_0_config6_0_0_0_0_0_0_0_0_0'
================================================================
* Date:           Fri May 29 15:08:10 2026

* Version:        2020.1 (Build 2897737 on Wed May 27 20:21:37 MDT 2020)
* Project:        myproject_prj
* Solution:       solution1
* Product family: zynq
* Target device:  xc7z020-clg400-1


================================================================
== Performance Estimates
================================================================
+ Timing: 
    * Summary: 
    +--------+---------+----------+------------+
    |  Clock |  Target | Estimated| Uncertainty|
    +--------+---------+----------+------------+
    |ap_clk  | 5.00 ns | 4.535 ns |   0.62 ns  |
    +--------+---------+----------+------------+

+ Latency: 
    * Summary: 
    +---------+---------+-----------+-----------+-----+-----+----------+
    |  Latency (cycles) |   Latency (absolute)  |  Interval | Pipeline |
    |   min   |   max   |    min    |    max    | min | max |   Type   |
    +---------+---------+-----------+-----------+-----+-----+----------+
    |        8|        8| 40.000 ns | 40.000 ns |    8|    8| function |
    +---------+---------+-----------+-----------+-----+-----+----------+

    + Detail: 
        * Instance: 
        N/A

        * Loop: 
        N/A



================================================================
== Utilization Estimates
================================================================
* Summary: 
+-----------------+---------+-------+--------+-------+-----+
|       Name      | BRAM_18K| DSP48E|   FF   |  LUT  | URAM|
+-----------------+---------+-------+--------+-------+-----+
|DSP              |        -|      -|       -|      -|    -|
|Expression       |        -|      -|       0|    482|    -|
|FIFO             |        -|      -|       -|      -|    -|
|Instance         |        -|      4|     268|      8|    -|
|Memory           |        -|      -|       -|      -|    -|
|Multiplexer      |        -|      -|       -|    372|    -|
|Register         |        -|      -|     752|      -|    -|
+-----------------+---------+-------+--------+-------+-----+
|Total            |        0|      4|    1020|    862|    0|
+-----------------+---------+-------+--------+-------+-----+
|Available        |      280|    220|  106400|  53200|    0|
+-----------------+---------+-------+--------+-------+-----+
|Utilization (%)  |        0|      1|   ~0   |      1|    0|
+-----------------+---------+-------+--------+-------+-----+

+ Detail: 
    * Instance: 
    +---------------------------------------+-----------------------------------+---------+-------+----+----+-----+
    |                Instance               |               Module              | BRAM_18K| DSP48E| FF | LUT| URAM|
    +---------------------------------------+-----------------------------------+---------+-------+----+----+-----+
    |myproject_axi_mul_16s_11ns_26_2_1_U47  |myproject_axi_mul_16s_11ns_26_2_1  |        0|      1|  67|   2|    0|
    |myproject_axi_mul_16s_11s_26_2_1_U48   |myproject_axi_mul_16s_11s_26_2_1   |        0|      1|  67|   2|    0|
    |myproject_axi_mul_16s_12s_26_2_1_U46   |myproject_axi_mul_16s_12s_26_2_1   |        0|      1|  67|   2|    0|
    |myproject_axi_mul_16s_12s_26_2_1_U49   |myproject_axi_mul_16s_12s_26_2_1   |        0|      1|  67|   2|    0|
    +---------------------------------------+-----------------------------------+---------+-------+----+----+-----+
    |Total                                  |                                   |        0|      4| 268|   8|    0|
    +---------------------------------------+-----------------------------------+---------+-------+----+----+-----+

    * DSP48E: 
    N/A

    * Memory: 
    N/A

    * FIFO: 
    N/A

    * Expression: 
    +-----------------------------+----------+-------+---+----+------------+------------+
    |        Variable Name        | Operation| DSP48E| FF| LUT| Bitwidth P0| Bitwidth P1|
    +-----------------------------+----------+-------+---+----+------------+------------+
    |acc_1_V_fu_1002_p2           |     +    |      0|  0|   8|          16|          16|
    |acc_2_V_fu_1013_p2           |     +    |      0|  0|   8|          16|          16|
    |acc_3_V_fu_969_p2            |     +    |      0|  0|   8|          16|          16|
    |acc_4_V_fu_1033_p2           |     +    |      0|  0|   8|          16|          16|
    |acc_5_V_fu_1044_p2           |     +    |      0|  0|   8|          16|          16|
    |acc_6_V_fu_1056_p2           |     +    |      0|  0|   8|          16|          16|
    |acc_7_V_fu_1068_p2           |     +    |      0|  0|   8|          16|          16|
    |add_ln1118_5_fu_683_p2       |     +    |      0|  0|  33|          26|          26|
    |add_ln1118_6_fu_589_p2       |     +    |      0|  0|  32|          25|          25|
    |add_ln1118_fu_642_p2         |     +    |      0|  0|  29|          22|          22|
    |add_ln703_143_fu_733_p2      |     +    |      0|  0|   8|          16|           9|
    |add_ln703_144_fu_739_p2      |     +    |      0|  0|   8|          16|          16|
    |add_ln703_146_fu_997_p2      |     +    |      0|  0|   8|          16|          16|
    |add_ln703_147_fu_712_p2      |     +    |      0|  0|   8|          16|          11|
    |add_ln703_148_fu_718_p2      |     +    |      0|  0|   8|          16|          16|
    |add_ln703_150_fu_1007_p2     |     +    |      0|  0|   8|          16|          16|
    |add_ln703_151_fu_745_p2      |     +    |      0|  0|   8|          16|           7|
    |add_ln703_152_fu_751_p2      |     +    |      0|  0|   8|          16|          16|
    |add_ln703_154_fu_964_p2      |     +    |      0|  0|   8|          16|          16|
    |add_ln703_155_fu_756_p2      |     +    |      0|  0|   8|          16|          12|
    |add_ln703_156_fu_762_p2      |     +    |      0|  0|   8|          16|          16|
    |add_ln703_158_fu_1027_p2     |     +    |      0|  0|   8|          16|          16|
    |add_ln703_159_fu_768_p2      |     +    |      0|  0|   8|          16|           9|
    |add_ln703_160_fu_774_p2      |     +    |      0|  0|   8|          16|          16|
    |add_ln703_162_fu_1038_p2     |     +    |      0|  0|   8|          16|          16|
    |add_ln703_163_fu_910_p2      |     +    |      0|  0|   8|          16|          10|
    |add_ln703_164_fu_916_p2      |     +    |      0|  0|   8|          16|          16|
    |add_ln703_166_fu_974_p2      |     +    |      0|  0|  19|          14|          14|
    |add_ln703_167_fu_1018_p2     |     +    |      0|  0|  23|          16|           8|
    |add_ln703_168_fu_1052_p2     |     +    |      0|  0|   8|          16|          16|
    |add_ln703_170_fu_1062_p2     |     +    |      0|  0|   8|          16|          16|
    |add_ln703_171_fu_922_p2      |     +    |      0|  0|  14|          10|           9|
    |add_ln703_172_fu_932_p2      |     +    |      0|  0|  23|          16|          16|
    |add_ln703_fu_987_p2          |     +    |      0|  0|   8|          16|          16|
    |p_Val2_s_fu_992_p2           |     +    |      0|  0|   8|          16|          16|
    |sub_ln1118_35_fu_868_p2      |     -    |      0|  0|  33|          26|          26|
    |sub_ln1118_36_fu_884_p2      |     -    |      0|  0|   8|           1|          23|
    |sub_ln1118_37_fu_890_p2      |     -    |      0|  0|   8|          23|          23|
    |sub_ln1118_fu_806_p2         |     -    |      0|  0|  30|          23|          23|
    |ap_block_pp0_stage0_11001    |    and   |      0|  0|   2|           1|           1|
    |ap_block_pp0_stage0_subdone  |    or    |      0|  0|   2|           1|           1|
    |ap_enable_pp0                |    xor   |      0|  0|   2|           1|           2|
    +-----------------------------+----------+-------+---+----+------------+------------+
    |Total                        |          |      0|  0| 482|         653|         629|
    +-----------------------------+----------+-------+---+----+------------+------------+

    * Multiplexer: 
    +-------------------------+----+-----------+-----+-----------+
    |           Name          | LUT| Input Size| Bits| Total Bits|
    +-------------------------+----+-----------+-----+-----------+
    |ap_NS_fsm                |  44|          9|    1|          9|
    |ap_enable_reg_pp0_iter0  |   9|          2|    1|          2|
    |ap_enable_reg_pp0_iter1  |   9|          2|    1|          2|
    |grp_fu_178_p0            |  38|          7|   16|        112|
    |grp_fu_178_p1            |  38|          7|   12|         84|
    |grp_fu_179_p0            |  41|          8|   16|        128|
    |grp_fu_179_p1            |  41|          8|   11|         88|
    |grp_fu_180_p0            |  38|          7|   16|        112|
    |grp_fu_180_p1            |  38|          7|   11|         77|
    |grp_fu_181_p0            |  38|          7|   16|        112|
    |grp_fu_181_p1            |  38|          7|   12|         84|
    +-------------------------+----+-----------+-----+-----------+
    |Total                    | 372|         71|  113|        810|
    +-------------------------+----+-----------+-----+-----------+

    * Register: 
    +-----------------------------+----+----+-----+-----------+
    |             Name            | FF | LUT| Bits| Const Bits|
    +-----------------------------+----+----+-----+-----------+
    |acc_1_V_reg_1407             |  16|   0|   16|          0|
    |acc_2_V_reg_1412             |  16|   0|   16|          0|
    |acc_3_V_reg_1387             |  16|   0|   16|          0|
    |acc_4_V_reg_1422             |  16|   0|   16|          0|
    |acc_5_V_reg_1427             |  16|   0|   16|          0|
    |acc_6_V_reg_1432             |  16|   0|   16|          0|
    |add_ln703_144_reg_1304       |  16|   0|   16|          0|
    |add_ln703_148_reg_1299       |  16|   0|   16|          0|
    |add_ln703_152_reg_1309       |  16|   0|   16|          0|
    |add_ln703_156_reg_1314       |  16|   0|   16|          0|
    |add_ln703_160_reg_1319       |  16|   0|   16|          0|
    |add_ln703_164_reg_1362       |  16|   0|   16|          0|
    |add_ln703_166_reg_1392       |  14|   0|   14|          0|
    |add_ln703_167_reg_1417       |  16|   0|   16|          0|
    |add_ln703_172_reg_1367       |  16|   0|   16|          0|
    |ap_CS_fsm                    |   8|   0|    8|          0|
    |ap_enable_reg_pp0_iter0_reg  |   1|   0|    1|          0|
    |ap_enable_reg_pp0_iter1      |   1|   0|    1|          0|
    |ap_port_reg_data_0_V_read    |  16|   0|   16|          0|
    |ap_port_reg_data_1_V_read    |  16|   0|   16|          0|
    |ap_port_reg_data_3_V_read    |  16|   0|   16|          0|
    |data_0_V_read_5_reg_1264     |  16|   0|   16|          0|
    |data_2_V_read_5_reg_1210     |  16|   0|   16|          0|
    |p_Val2_s_reg_1402            |  16|   0|   16|          0|
    |reg_493                      |  16|   0|   16|          0|
    |reg_497                      |  14|   0|   14|          0|
    |reg_501                      |  16|   0|   16|          0|
    |reg_505                      |  16|   0|   16|          0|
    |reg_509                      |  16|   0|   16|          0|
    |reg_513                      |  16|   0|   16|          0|
    |sext_ln1118_112_reg_1271     |  26|   0|   26|          0|
    |sext_ln1118_116_reg_1345     |  26|   0|   26|          0|
    |sext_ln1118_121_reg_1218     |  26|   0|   26|          0|
    |sext_ln1118_129_reg_1251     |  26|   0|   26|          0|
    |tmp_44_reg_1357              |  13|   0|   13|          0|
    |tmp_reg_1334                 |  13|   0|   13|          0|
    |trunc_ln708_110_reg_1372     |  15|   0|   15|          0|
    |trunc_ln708_111_reg_1279     |   6|   0|    6|          0|
    |trunc_ln708_112_reg_1377     |  16|   0|   16|          0|
    |trunc_ln708_113_reg_1382     |  14|   0|   14|          0|
    |trunc_ln708_115_reg_1352     |  16|   0|   16|          0|
    |trunc_ln708_119_reg_1284     |  12|   0|   12|          0|
    |trunc_ln708_120_reg_1236     |  14|   0|   14|          0|
    |trunc_ln708_121_reg_1289     |  16|   0|   16|          0|
    |trunc_ln708_122_reg_1241     |  13|   0|   13|          0|
    |trunc_ln708_125_reg_1397     |  16|   0|   16|          0|
    |trunc_ln708_128_reg_1259     |  15|   0|   15|          0|
    |trunc_ln708_129_reg_1294     |  15|   0|   15|          0|
    |trunc_ln708_s_reg_1329       |  16|   0|   16|          0|
    +-----------------------------+----+----+-----+-----------+
    |Total                        | 752|   0|  752|          0|
    +-----------------------------+----+----+-----+-----------+



================================================================
== Interface
================================================================
* Summary: 
+---------------+-----+-----+------------+-------------------------------------------------------------------------+--------------+
|   RTL Ports   | Dir | Bits|  Protocol  |                              Source Object                              |    C Type    |
+---------------+-----+-----+------------+-------------------------------------------------------------------------+--------------+
|ap_clk         |  in |    1| ap_ctrl_hs | dense_latency<ap_fixed,ap_fixed<35,15,5,3,0>,config6>.0.0.0.0.0.0.0.0.0 | return value |
|ap_rst         |  in |    1| ap_ctrl_hs | dense_latency<ap_fixed,ap_fixed<35,15,5,3,0>,config6>.0.0.0.0.0.0.0.0.0 | return value |
|ap_start       |  in |    1| ap_ctrl_hs | dense_latency<ap_fixed,ap_fixed<35,15,5,3,0>,config6>.0.0.0.0.0.0.0.0.0 | return value |
|ap_done        | out |    1| ap_ctrl_hs | dense_latency<ap_fixed,ap_fixed<35,15,5,3,0>,config6>.0.0.0.0.0.0.0.0.0 | return value |
|ap_idle        | out |    1| ap_ctrl_hs | dense_latency<ap_fixed,ap_fixed<35,15,5,3,0>,config6>.0.0.0.0.0.0.0.0.0 | return value |
|ap_ready       | out |    1| ap_ctrl_hs | dense_latency<ap_fixed,ap_fixed<35,15,5,3,0>,config6>.0.0.0.0.0.0.0.0.0 | return value |
|ap_ce          |  in |    1| ap_ctrl_hs | dense_latency<ap_fixed,ap_fixed<35,15,5,3,0>,config6>.0.0.0.0.0.0.0.0.0 | return value |
|ap_return_0    | out |   35| ap_ctrl_hs | dense_latency<ap_fixed,ap_fixed<35,15,5,3,0>,config6>.0.0.0.0.0.0.0.0.0 | return value |
|ap_return_1    | out |   35| ap_ctrl_hs | dense_latency<ap_fixed,ap_fixed<35,15,5,3,0>,config6>.0.0.0.0.0.0.0.0.0 | return value |
|ap_return_2    | out |   35| ap_ctrl_hs | dense_latency<ap_fixed,ap_fixed<35,15,5,3,0>,config6>.0.0.0.0.0.0.0.0.0 | return value |
|ap_return_3    | out |   35| ap_ctrl_hs | dense_latency<ap_fixed,ap_fixed<35,15,5,3,0>,config6>.0.0.0.0.0.0.0.0.0 | return value |
|ap_return_4    | out |   35| ap_ctrl_hs | dense_latency<ap_fixed,ap_fixed<35,15,5,3,0>,config6>.0.0.0.0.0.0.0.0.0 | return value |
|ap_return_5    | out |   35| ap_ctrl_hs | dense_latency<ap_fixed,ap_fixed<35,15,5,3,0>,config6>.0.0.0.0.0.0.0.0.0 | return value |
|ap_return_6    | out |   35| ap_ctrl_hs | dense_latency<ap_fixed,ap_fixed<35,15,5,3,0>,config6>.0.0.0.0.0.0.0.0.0 | return value |
|ap_return_7    | out |   35| ap_ctrl_hs | dense_latency<ap_fixed,ap_fixed<35,15,5,3,0>,config6>.0.0.0.0.0.0.0.0.0 | return value |
|data_0_V_read  |  in |   16|   ap_none  |                              data_0_V_read                              |    scalar    |
|data_1_V_read  |  in |   16|   ap_none  |                              data_1_V_read                              |    scalar    |
|data_2_V_read  |  in |   16|   ap_none  |                              data_2_V_read                              |    scalar    |
|data_3_V_read  |  in |   16|   ap_none  |                              data_3_V_read                              |    scalar    |
+---------------+-----+-----+------------+-------------------------------------------------------------------------+--------------+

