

================================================================
== Vivado HLS Report for 'dense_latency_ap_fixed_ap_fixed_36_16_5_3_0_config4_0_0_0_0_0'
================================================================
* Date:           Fri May 29 15:08:09 2026

* Version:        2020.1 (Build 2897737 on Wed May 27 20:21:37 MDT 2020)
* Project:        myproject_prj
* Solution:       solution1
* Product family: zynq
* Target device:  xc7z020-clg400-1


================================================================
== Performance Estimates
================================================================
+ Timing: 
    * Summary: 
    +--------+---------+----------+------------+
    |  Clock |  Target | Estimated| Uncertainty|
    +--------+---------+----------+------------+
    |ap_clk  | 5.00 ns | 4.535 ns |   0.62 ns  |
    +--------+---------+----------+------------+

+ Latency: 
    * Summary: 
    +---------+---------+-----------+-----------+-----+-----+----------+
    |  Latency (cycles) |   Latency (absolute)  |  Interval | Pipeline |
    |   min   |   max   |    min    |    max    | min | max |   Type   |
    +---------+---------+-----------+-----------+-----+-----+----------+
    |        9|        9| 45.000 ns | 45.000 ns |    8|    8| function |
    +---------+---------+-----------+-----------+-----+-----+----------+

    + Detail: 
        * Instance: 
        N/A

        * Loop: 
        N/A



================================================================
== Utilization Estimates
================================================================
* Summary: 
+-----------------+---------+-------+--------+-------+-----+
|       Name      | BRAM_18K| DSP48E|   FF   |  LUT  | URAM|
+-----------------+---------+-------+--------+-------+-----+
|DSP              |        -|      -|       -|      -|    -|
|Expression       |        -|      -|       0|    613|    -|
|FIFO             |        -|      -|       -|      -|    -|
|Instance         |        -|      4|     268|      8|    -|
|Memory           |        -|      -|       -|      -|    -|
|Multiplexer      |        -|      -|       -|    372|    -|
|Register         |        -|      -|     786|      -|    -|
+-----------------+---------+-------+--------+-------+-----+
|Total            |        0|      4|    1054|    993|    0|
+-----------------+---------+-------+--------+-------+-----+
|Available        |      280|    220|  106400|  53200|    0|
+-----------------+---------+-------+--------+-------+-----+
|Utilization (%)  |        0|      1|   ~0   |      1|    0|
+-----------------+---------+-------+--------+-------+-----+

+ Detail: 
    * Instance: 
    +--------------------------------------+----------------------------------+---------+-------+----+----+-----+
    |               Instance               |              Module              | BRAM_18K| DSP48E| FF | LUT| URAM|
    +--------------------------------------+----------------------------------+---------+-------+----+----+-----+
    |myproject_axi_mul_16s_12s_26_2_1_U30  |myproject_axi_mul_16s_12s_26_2_1  |        0|      1|  67|   2|    0|
    |myproject_axi_mul_16s_13s_26_2_1_U28  |myproject_axi_mul_16s_13s_26_2_1  |        0|      1|  67|   2|    0|
    |myproject_axi_mul_16s_13s_26_2_1_U29  |myproject_axi_mul_16s_13s_26_2_1  |        0|      1|  67|   2|    0|
    |myproject_axi_mul_16s_13s_26_2_1_U31  |myproject_axi_mul_16s_13s_26_2_1  |        0|      1|  67|   2|    0|
    +--------------------------------------+----------------------------------+---------+-------+----+----+-----+
    |Total                                 |                                  |        0|      4| 268|   8|    0|
    +--------------------------------------+----------------------------------+---------+-------+----+----+-----+

    * DSP48E: 
    N/A

    * Memory: 
    N/A

    * FIFO: 
    N/A

    * Expression: 
    +-----------------------------+----------+-------+---+----+------------+------------+
    |        Variable Name        | Operation| DSP48E| FF| LUT| Bitwidth P0| Bitwidth P1|
    +-----------------------------+----------+-------+---+----+------------+------------+
    |acc_1_V_fu_1094_p2           |     +    |      0|  0|   8|          16|          16|
    |acc_2_V_fu_1103_p2           |     +    |      0|  0|   8|          16|          16|
    |acc_3_V_fu_1124_p2           |     +    |      0|  0|   8|          16|          16|
    |add_ln703_112_fu_807_p2      |     +    |      0|  0|   8|          16|          16|
    |add_ln703_113_fu_812_p2      |     +    |      0|  0|   8|          16|          16|
    |add_ln703_114_fu_1010_p2     |     +    |      0|  0|  23|          16|          16|
    |add_ln703_115_fu_1016_p2     |     +    |      0|  0|  12|          12|          10|
    |add_ln703_116_fu_1026_p2     |     +    |      0|  0|  17|          13|          13|
    |add_ln703_117_fu_1052_p2     |     +    |      0|  0|   8|          16|          16|
    |add_ln703_119_fu_737_p2      |     +    |      0|  0|  23|          16|          16|
    |add_ln703_120_fu_817_p2      |     +    |      0|  0|   8|          16|          16|
    |add_ln703_121_fu_823_p2      |     +    |      0|  0|   8|          16|          16|
    |add_ln703_122_fu_975_p2      |     +    |      0|  0|  23|          16|          16|
    |add_ln703_123_fu_1062_p2     |     +    |      0|  0|   8|          16|           9|
    |add_ln703_124_fu_1068_p2     |     +    |      0|  0|   8|          16|          16|
    |add_ln703_125_fu_1090_p2     |     +    |      0|  0|   8|          16|          16|
    |add_ln703_127_fu_633_p2      |     +    |      0|  0|  17|          13|          13|
    |add_ln703_128_fu_831_p2      |     +    |      0|  0|   8|          16|          16|
    |add_ln703_129_fu_837_p2      |     +    |      0|  0|   8|          16|          16|
    |add_ln703_130_fu_1032_p2     |     +    |      0|  0|  23|          16|          16|
    |add_ln703_131_fu_1074_p2     |     +    |      0|  0|  21|          15|           8|
    |add_ln703_132_fu_1084_p2     |     +    |      0|  0|  23|          16|          16|
    |add_ln703_133_fu_1099_p2     |     +    |      0|  0|   8|          16|          16|
    |add_ln703_135_fu_743_p2      |     +    |      0|  0|  23|          16|          16|
    |add_ln703_136_fu_981_p2      |     +    |      0|  0|   8|          16|          16|
    |add_ln703_137_fu_986_p2      |     +    |      0|  0|   8|          16|          16|
    |add_ln703_138_fu_1038_p2     |     +    |      0|  0|  23|          16|          16|
    |add_ln703_139_fu_1108_p2     |     +    |      0|  0|   8|          16|           9|
    |add_ln703_140_fu_1114_p2     |     +    |      0|  0|   8|          16|          16|
    |add_ln703_141_fu_1120_p2     |     +    |      0|  0|   8|          16|          16|
    |add_ln703_fu_710_p2          |     +    |      0|  0|  23|          16|          16|
    |p_Val2_s_fu_1057_p2          |     +    |      0|  0|   8|          16|          16|
    |sub_ln1118_29_fu_613_p2      |     -    |      0|  0|  28|          21|          21|
    |sub_ln1118_30_fu_673_p2      |     -    |      0|  0|  28|          21|          21|
    |sub_ln1118_31_fu_791_p2      |     -    |      0|  0|  25|           1|          18|
    |sub_ln1118_32_fu_886_p2      |     -    |      0|  0|  27|          20|          20|
    |sub_ln1118_33_fu_931_p2      |     -    |      0|  0|  28|          21|          21|
    |sub_ln1118_34_fu_959_p2      |     -    |      0|  0|  31|           1|          24|
    |sub_ln1118_fu_564_p2         |     -    |      0|  0|  29|          22|          22|
    |ap_block_pp0_stage0_11001    |    and   |      0|  0|   2|           1|           1|
    |ap_block_pp0_stage0_subdone  |    or    |      0|  0|   2|           1|           1|
    |ap_enable_pp0                |    xor   |      0|  0|   2|           1|           2|
    +-----------------------------+----------+-------+---+----+------------+------------+
    |Total                        |          |      0|  0| 613|         611|         629|
    +-----------------------------+----------+-------+---+----+------------+------------+

    * Multiplexer: 
    +-------------------------+----+-----------+-----+-----------+
    |           Name          | LUT| Input Size| Bits| Total Bits|
    +-------------------------+----+-----------+-----+-----------+
    |ap_NS_fsm                |  44|          9|    1|          9|
    |ap_enable_reg_pp0_iter0  |   9|          2|    1|          2|
    |ap_enable_reg_pp0_iter1  |   9|          2|    1|          2|
    |grp_fu_208_p0            |  38|          7|   16|        112|
    |grp_fu_208_p1            |  38|          7|   13|         91|
    |grp_fu_209_p0            |  41|          8|   16|        128|
    |grp_fu_209_p1            |  41|          8|   13|        104|
    |grp_fu_210_p0            |  38|          7|   16|        112|
    |grp_fu_210_p1            |  38|          7|   12|         84|
    |grp_fu_211_p0            |  38|          7|   16|        112|
    |grp_fu_211_p1            |  38|          7|   13|         91|
    +-------------------------+----+-----------+-----+-----------+
    |Total                    | 372|         71|  118|        847|
    +-------------------------+----+-----------+-----+-----------+

    * Register: 
    +-----------------------------+----+----+-----+-----------+
    |             Name            | FF | LUT| Bits| Const Bits|
    +-----------------------------+----+----+-----+-----------+
    |acc_1_V_reg_1420             |  16|   0|   16|          0|
    |acc_2_V_reg_1425             |  16|   0|   16|          0|
    |add_ln703_113_reg_1313       |  16|   0|   16|          0|
    |add_ln703_114_reg_1385       |  16|   0|   16|          0|
    |add_ln703_116_reg_1390       |  13|   0|   13|          0|
    |add_ln703_119_reg_1277       |  16|   0|   16|          0|
    |add_ln703_121_reg_1318       |  16|   0|   16|          0|
    |add_ln703_122_reg_1370       |  16|   0|   16|          0|
    |add_ln703_124_reg_1410       |  16|   0|   16|          0|
    |add_ln703_127_reg_1212       |  13|   0|   13|          0|
    |add_ln703_129_reg_1323       |  16|   0|   16|          0|
    |add_ln703_130_reg_1395       |  16|   0|   16|          0|
    |add_ln703_132_reg_1415       |  16|   0|   16|          0|
    |add_ln703_135_reg_1282       |  16|   0|   16|          0|
    |add_ln703_137_reg_1375       |  16|   0|   16|          0|
    |add_ln703_138_reg_1400       |  16|   0|   16|          0|
    |add_ln703_140_reg_1430       |  16|   0|   16|          0|
    |add_ln703_reg_1255           |  16|   0|   16|          0|
    |ap_CS_fsm                    |   8|   0|    8|          0|
    |ap_enable_reg_pp0_iter0_reg  |   1|   0|    1|          0|
    |ap_enable_reg_pp0_iter1      |   1|   0|    1|          0|
    |ap_port_reg_data_2_V_read    |  16|   0|   16|          0|
    |ap_port_reg_data_3_V_read    |  16|   0|   16|          0|
    |ap_port_reg_data_4_V_read    |  16|   0|   16|          0|
    |ap_port_reg_data_5_V_read    |  16|   0|   16|          0|
    |ap_port_reg_data_6_V_read    |  16|   0|   16|          0|
    |ap_port_reg_data_7_V_read    |  16|   0|   16|          0|
    |p_Val2_s_reg_1405            |  16|   0|   16|          0|
    |reg_513                      |  16|   0|   16|          0|
    |reg_517                      |  16|   0|   16|          0|
    |reg_521                      |  16|   0|   16|          0|
    |reg_525                      |  16|   0|   16|          0|
    |reg_529                      |  16|   0|   16|          0|
    |sext_ln1118_100_reg_1270     |  26|   0|   26|          0|
    |sext_ln1118_108_reg_1354     |  26|   0|   26|          0|
    |sext_ln1118_90_reg_1205      |  26|   0|   26|          0|
    |sext_ln1118_94_reg_1222      |  26|   0|   26|          0|
    |sext_ln1118_97_reg_1243      |  26|   0|   26|          0|
    |tmp_41_reg_1349              |  10|   0|   10|          0|
    |tmp_42_reg_1360              |  11|   0|   11|          0|
    |tmp_43_reg_1365              |  14|   0|   14|          0|
    |trunc_ln708_100_reg_1328     |  13|   0|   13|          0|
    |trunc_ln708_101_reg_1333     |  16|   0|   16|          0|
    |trunc_ln708_103_reg_1380     |  14|   0|   14|          0|
    |trunc_ln708_86_reg_1233      |  16|   0|   16|          0|
    |trunc_ln708_87_reg_1228      |  11|   0|   11|          0|
    |trunc_ln708_88_reg_1238      |  13|   0|   13|          0|
    |trunc_ln708_90_reg_1260      |  15|   0|   15|          0|
    |trunc_ln708_93_reg_1287      |  16|   0|   16|          0|
    |trunc_ln708_95_reg_1292      |  15|   0|   15|          0|
    |trunc_ln708_99_reg_1308      |   8|   0|    8|          0|
    +-----------------------------+----+----+-----+-----------+
    |Total                        | 786|   0|  786|          0|
    +-----------------------------+----+----+-----+-----------+



================================================================
== Interface
================================================================
* Summary: 
+---------------+-----+-----+------------+-----------------------------------------------------------------+--------------+
|   RTL Ports   | Dir | Bits|  Protocol  |                          Source Object                          |    C Type    |
+---------------+-----+-----+------------+-----------------------------------------------------------------+--------------+
|ap_clk         |  in |    1| ap_ctrl_hs | dense_latency<ap_fixed,ap_fixed<36,16,5,3,0>,config4>.0.0.0.0.0 | return value |
|ap_rst         |  in |    1| ap_ctrl_hs | dense_latency<ap_fixed,ap_fixed<36,16,5,3,0>,config4>.0.0.0.0.0 | return value |
|ap_start       |  in |    1| ap_ctrl_hs | dense_latency<ap_fixed,ap_fixed<36,16,5,3,0>,config4>.0.0.0.0.0 | return value |
|ap_done        | out |    1| ap_ctrl_hs | dense_latency<ap_fixed,ap_fixed<36,16,5,3,0>,config4>.0.0.0.0.0 | return value |
|ap_idle        | out |    1| ap_ctrl_hs | dense_latency<ap_fixed,ap_fixed<36,16,5,3,0>,config4>.0.0.0.0.0 | return value |
|ap_ready       | out |    1| ap_ctrl_hs | dense_latency<ap_fixed,ap_fixed<36,16,5,3,0>,config4>.0.0.0.0.0 | return value |
|ap_ce          |  in |    1| ap_ctrl_hs | dense_latency<ap_fixed,ap_fixed<36,16,5,3,0>,config4>.0.0.0.0.0 | return value |
|ap_return_0    | out |   36| ap_ctrl_hs | dense_latency<ap_fixed,ap_fixed<36,16,5,3,0>,config4>.0.0.0.0.0 | return value |
|ap_return_1    | out |   36| ap_ctrl_hs | dense_latency<ap_fixed,ap_fixed<36,16,5,3,0>,config4>.0.0.0.0.0 | return value |
|ap_return_2    | out |   36| ap_ctrl_hs | dense_latency<ap_fixed,ap_fixed<36,16,5,3,0>,config4>.0.0.0.0.0 | return value |
|ap_return_3    | out |   36| ap_ctrl_hs | dense_latency<ap_fixed,ap_fixed<36,16,5,3,0>,config4>.0.0.0.0.0 | return value |
|data_0_V_read  |  in |   16|   ap_none  |                          data_0_V_read                          |    scalar    |
|data_1_V_read  |  in |   16|   ap_none  |                          data_1_V_read                          |    scalar    |
|data_2_V_read  |  in |   16|   ap_none  |                          data_2_V_read                          |    scalar    |
|data_3_V_read  |  in |   16|   ap_none  |                          data_3_V_read                          |    scalar    |
|data_4_V_read  |  in |   16|   ap_none  |                          data_4_V_read                          |    scalar    |
|data_5_V_read  |  in |   16|   ap_none  |                          data_5_V_read                          |    scalar    |
|data_6_V_read  |  in |   16|   ap_none  |                          data_6_V_read                          |    scalar    |
|data_7_V_read  |  in |   16|   ap_none  |                          data_7_V_read                          |    scalar    |
+---------------+-----+-----+------------+-----------------------------------------------------------------+--------------+

