

================================================================
== Vivado HLS Report for 'dense_resource_rf_leq_nin_ap_ufixed_ap_fixed_config5_0_0_0_0_0'
================================================================
* Date:           Mon Jun  1 10:24:51 2026

* Version:        2020.1 (Build 2897737 on Wed May 27 20:21:37 MDT 2020)
* Project:        myproject_prj
* Solution:       solution1
* Product family: zynq
* Target device:  xc7z020-clg400-1


================================================================
== Performance Estimates
================================================================
+ Timing: 
    * Summary: 
    +--------+---------+----------+------------+
    |  Clock |  Target | Estimated| Uncertainty|
    +--------+---------+----------+------------+
    |ap_clk  | 5.00 ns | 4.248 ns |   0.62 ns  |
    +--------+---------+----------+------------+

+ Latency: 
    * Summary: 
    +---------+---------+-----------+-----------+-----+-----+---------------------------------------------+
    |  Latency (cycles) |   Latency (absolute)  |  Interval |                   Pipeline                  |
    |   min   |   max   |    min    |    max    | min | max |                     Type                    |
    +---------+---------+-----------+-----------+-----+-----+---------------------------------------------+
    |        6|        7| 30.000 ns | 35.000 ns |    4|    4| loop rewind(delay=0 initiation interval(s)) |
    +---------+---------+-----------+-----------+-----+-----+---------------------------------------------+

    + Detail: 
        * Instance: 
        N/A

        * Loop: 
        +-------------+---------+---------+----------+-----------+-----------+------+----------+
        |             |  Latency (cycles) | Iteration|  Initiation Interval  | Trip |          |
        |  Loop Name  |   min   |   max   |  Latency |  achieved |   target  | Count| Pipelined|
        +-------------+---------+---------+----------+-----------+-----------+------+----------+
        |- ReuseLoop  |        6|        6|         4|          1|          1|     4|    yes   |
        +-------------+---------+---------+----------+-----------+-----------+------+----------+

============================================================
+ Verbose Summary: Synthesis Manager
============================================================
InlineROM: 1
ExposeGlobal: 0
============================================================
+ Verbose Summary: CDFG Model
============================================================
IsTopModel: 0
ResetActiveHigh: 1
IsCombinational: 2
IsDatapathOnly: 0
HasWiredReturn: 1
HasMFsm: 0
HasVarLatency: 1
IsPipeline: 0
IsRtlPipelined: 0
IsInstanceOverlapped: 0
IsDontTouch: 0
HasImplIP: 0
IsGatedGlobalClock: 0

+ Individual pipeline summary: 
  * Pipeline-0: initiation interval (II) = 1, depth = 4


============================================================
+ Verbose Summary: Schedule
============================================================
* Number of FSM states : 5
* Pipeline : 1
  Pipeline-0 : II = 1, D = 4, States = { 2 3 4 5 }
* Dataflow Pipeline: 0

* FSM state transitions: 
1 --> 2 
2 --> 3 
3 --> 4 
4 --> 5 
5 --> 2 

* FSM state operations: 

State 1 <SV = 0> <Delay = 1.76>
ST_1 : Operation 6 [1/1] (0.00ns)   --->   "%tmp = call i32 (...)* @_ssdm_op_SpecRegionBegin([12 x i8]* @p_str25)" [firmware/nnet_utils/nnet_dense_resource.h:32]   --->   Operation 6 'specregionbegin' 'tmp' <Predicate = true> <Delay = 0.00>
ST_1 : Operation 7 [1/1] (1.76ns)   --->   "br label %rewind_header" [firmware/nnet_utils/nnet_dense_resource.h:46]   --->   Operation 7 'br' <Predicate = true> <Delay = 1.76>

State 2 <SV = 1> <Delay = 3.25>
ST_2 : Operation 8 [1/1] (0.00ns)   --->   "%do_init = phi i1 [ true, %hls_label_1_begin ], [ false, %ReuseLoop ], [ true, %.preheader.0 ]"   --->   Operation 8 'phi' 'do_init' <Predicate = true> <Delay = 0.00>
ST_2 : Operation 9 [1/1] (0.00ns)   --->   "%w_index9 = phi i2 [ 0, %hls_label_1_begin ], [ %w_index, %ReuseLoop ], [ 0, %.preheader.0 ]"   --->   Operation 9 'phi' 'w_index9' <Predicate = true> <Delay = 0.00>
ST_2 : Operation 10 [1/1] (0.00ns)   --->   "%p_read_5 = call i8 @_ssdm_op_Read.ap_auto.i8(i8 %p_read7)" [firmware/nnet_utils/nnet_dense_resource.h:13]   --->   Operation 10 'read' 'p_read_5' <Predicate = (do_init)> <Delay = 0.00>
ST_2 : Operation 11 [1/1] (0.00ns)   --->   "%p_read_6 = call i8 @_ssdm_op_Read.ap_auto.i8(i8 %p_read6)" [firmware/nnet_utils/nnet_dense_resource.h:13]   --->   Operation 11 'read' 'p_read_6' <Predicate = (do_init)> <Delay = 0.00>
ST_2 : Operation 12 [1/1] (0.00ns)   --->   "%p_read_7 = call i8 @_ssdm_op_Read.ap_auto.i8(i8 %p_read5)" [firmware/nnet_utils/nnet_dense_resource.h:13]   --->   Operation 12 'read' 'p_read_7' <Predicate = (do_init)> <Delay = 0.00>
ST_2 : Operation 13 [1/1] (0.00ns)   --->   "%p_read_8 = call i8 @_ssdm_op_Read.ap_auto.i8(i8 %p_read4)" [firmware/nnet_utils/nnet_dense_resource.h:13]   --->   Operation 13 'read' 'p_read_8' <Predicate = (do_init)> <Delay = 0.00>
ST_2 : Operation 14 [1/1] (0.00ns)   --->   "%p_read_9 = call i8 @_ssdm_op_Read.ap_auto.i8(i8 %p_read3)" [firmware/nnet_utils/nnet_dense_resource.h:13]   --->   Operation 14 'read' 'p_read_9' <Predicate = (do_init)> <Delay = 0.00>
ST_2 : Operation 15 [1/1] (0.00ns)   --->   "%p_read_10 = call i8 @_ssdm_op_Read.ap_auto.i8(i8 %p_read2)" [firmware/nnet_utils/nnet_dense_resource.h:13]   --->   Operation 15 'read' 'p_read_10' <Predicate = (do_init)> <Delay = 0.00>
ST_2 : Operation 16 [1/1] (0.00ns)   --->   "%p_read_11 = call i8 @_ssdm_op_Read.ap_auto.i8(i8 %p_read1)" [firmware/nnet_utils/nnet_dense_resource.h:13]   --->   Operation 16 'read' 'p_read_11' <Predicate = (do_init)> <Delay = 0.00>
ST_2 : Operation 17 [1/1] (0.00ns)   --->   "%p_read_12 = call i8 @_ssdm_op_Read.ap_auto.i8(i8 %p_read)" [firmware/nnet_utils/nnet_dense_resource.h:13]   --->   Operation 17 'read' 'p_read_12' <Predicate = (do_init)> <Delay = 0.00>
ST_2 : Operation 18 [1/1] (1.76ns)   --->   "br label %ReuseLoop" [firmware/nnet_utils/nnet_dense_resource.h:46]   --->   Operation 18 'br' <Predicate = (do_init)> <Delay = 1.76>
ST_2 : Operation 19 [1/1] (0.00ns)   --->   "%zext_ln59 = zext i2 %w_index9 to i64" [firmware/nnet_utils/nnet_dense_resource.h:59]   --->   Operation 19 'zext' 'zext_ln59' <Predicate = true> <Delay = 0.00>
ST_2 : Operation 20 [1/1] (0.00ns)   --->   "%w5_V_addr = getelementptr [4 x i60]* @w5_V, i64 0, i64 %zext_ln59" [firmware/nnet_utils/nnet_dense_resource.h:59]   --->   Operation 20 'getelementptr' 'w5_V_addr' <Predicate = true> <Delay = 0.00>
ST_2 : Operation 21 [2/2] (3.25ns)   --->   "%w5_V_load = load i60* %w5_V_addr, align 8" [firmware/nnet_utils/nnet_dense_resource.h:59]   --->   Operation 21 'load' 'w5_V_load' <Predicate = true> <Delay = 3.25> <Core = "ROM_nP_BRAM">   --->   Core 55 'ROM_nP_BRAM' <Latency = 1> <II = 1> <Delay = 3.25> <Storage> <Opcode : 'load'> <Ports = 0> <Width = 60> <Depth = 4> <ROM>
ST_2 : Operation 22 [1/1] (1.56ns)   --->   "%w_index = add i2 1, %w_index9" [firmware/nnet_utils/nnet_dense_resource.h:46]   --->   Operation 22 'add' 'w_index' <Predicate = true> <Delay = 1.56> <Core = "AddSub">   --->   Core 14 'AddSub' <Latency = 0> <II = 1> <Delay = 1.56> <FuncUnit> <Opcode : 'add' 'sub'> <InPorts = 2> <OutPorts = 1>
ST_2 : Operation 23 [1/1] (0.95ns)   --->   "%icmp_ln46 = icmp eq i2 %w_index9, -1" [firmware/nnet_utils/nnet_dense_resource.h:46]   --->   Operation 23 'icmp' 'icmp_ln46' <Predicate = true> <Delay = 0.95> <Core = "Cmp">   --->   Core 25 'Cmp' <Latency = 0> <II = 1> <Delay = 0.95> <FuncUnit> <Opcode : 'icmp'> <InPorts = 2> <OutPorts = 1>
ST_2 : Operation 24 [1/1] (0.00ns)   --->   "br i1 %icmp_ln46, label %.preheader.0, label %rewind_header" [firmware/nnet_utils/nnet_dense_resource.h:46]   --->   Operation 24 'br' <Predicate = true> <Delay = 0.00>
ST_2 : Operation 25 [1/1] (0.00ns)   --->   "br label %rewind_header" [firmware/nnet_utils/nnet_dense_resource.h:84]   --->   Operation 25 'br' <Predicate = (icmp_ln46)> <Delay = 0.00>

State 3 <SV = 2> <Delay = 4.24>
ST_3 : Operation 26 [1/1] (0.00ns)   --->   "%p_read10_rewind = phi i8 [ undef, %hls_label_1_begin ], [ %p_read10_phi, %ReuseLoop ], [ undef, %.preheader.0 ]" [firmware/nnet_utils/nnet_dense_resource.h:13]   --->   Operation 26 'phi' 'p_read10_rewind' <Predicate = true> <Delay = 0.00>
ST_3 : Operation 27 [1/1] (0.00ns)   --->   "%p_read111_rewind = phi i8 [ undef, %hls_label_1_begin ], [ %p_read111_phi, %ReuseLoop ], [ undef, %.preheader.0 ]" [firmware/nnet_utils/nnet_dense_resource.h:13]   --->   Operation 27 'phi' 'p_read111_rewind' <Predicate = true> <Delay = 0.00>
ST_3 : Operation 28 [1/1] (0.00ns)   --->   "%p_read212_rewind = phi i8 [ undef, %hls_label_1_begin ], [ %p_read212_phi, %ReuseLoop ], [ undef, %.preheader.0 ]" [firmware/nnet_utils/nnet_dense_resource.h:13]   --->   Operation 28 'phi' 'p_read212_rewind' <Predicate = true> <Delay = 0.00>
ST_3 : Operation 29 [1/1] (0.00ns)   --->   "%p_read313_rewind = phi i8 [ undef, %hls_label_1_begin ], [ %p_read313_phi, %ReuseLoop ], [ undef, %.preheader.0 ]" [firmware/nnet_utils/nnet_dense_resource.h:13]   --->   Operation 29 'phi' 'p_read313_rewind' <Predicate = true> <Delay = 0.00>
ST_3 : Operation 30 [1/1] (0.00ns)   --->   "%p_read414_rewind = phi i8 [ undef, %hls_label_1_begin ], [ %p_read414_phi, %ReuseLoop ], [ undef, %.preheader.0 ]" [firmware/nnet_utils/nnet_dense_resource.h:13]   --->   Operation 30 'phi' 'p_read414_rewind' <Predicate = true> <Delay = 0.00>
ST_3 : Operation 31 [1/1] (0.00ns)   --->   "%p_read515_rewind = phi i8 [ undef, %hls_label_1_begin ], [ %p_read515_phi, %ReuseLoop ], [ undef, %.preheader.0 ]" [firmware/nnet_utils/nnet_dense_resource.h:13]   --->   Operation 31 'phi' 'p_read515_rewind' <Predicate = true> <Delay = 0.00>
ST_3 : Operation 32 [1/1] (0.00ns)   --->   "%p_read616_rewind = phi i8 [ undef, %hls_label_1_begin ], [ %p_read616_phi, %ReuseLoop ], [ undef, %.preheader.0 ]" [firmware/nnet_utils/nnet_dense_resource.h:13]   --->   Operation 32 'phi' 'p_read616_rewind' <Predicate = true> <Delay = 0.00>
ST_3 : Operation 33 [1/1] (0.00ns)   --->   "%p_read717_rewind = phi i8 [ undef, %hls_label_1_begin ], [ %p_read717_phi, %ReuseLoop ], [ undef, %.preheader.0 ]" [firmware/nnet_utils/nnet_dense_resource.h:13]   --->   Operation 33 'phi' 'p_read717_rewind' <Predicate = true> <Delay = 0.00>
ST_3 : Operation 34 [1/1] (1.76ns)   --->   "br i1 %do_init, label %hls_label_1_end, label %ReuseLoop"   --->   Operation 34 'br' <Predicate = true> <Delay = 1.76>
ST_3 : Operation 35 [1/1] (0.00ns)   --->   "%p_read10_phi = phi i8 [ %p_read_12, %hls_label_1_end ], [ %p_read10_rewind, %rewind_header ]" [firmware/nnet_utils/nnet_dense_resource.h:13]   --->   Operation 35 'phi' 'p_read10_phi' <Predicate = true> <Delay = 0.00>
ST_3 : Operation 36 [1/1] (0.00ns)   --->   "%p_read111_phi = phi i8 [ %p_read_11, %hls_label_1_end ], [ %p_read111_rewind, %rewind_header ]" [firmware/nnet_utils/nnet_dense_resource.h:13]   --->   Operation 36 'phi' 'p_read111_phi' <Predicate = true> <Delay = 0.00>
ST_3 : Operation 37 [1/1] (0.00ns)   --->   "%p_read212_phi = phi i8 [ %p_read_10, %hls_label_1_end ], [ %p_read212_rewind, %rewind_header ]" [firmware/nnet_utils/nnet_dense_resource.h:13]   --->   Operation 37 'phi' 'p_read212_phi' <Predicate = true> <Delay = 0.00>
ST_3 : Operation 38 [1/1] (0.00ns)   --->   "%p_read313_phi = phi i8 [ %p_read_9, %hls_label_1_end ], [ %p_read313_rewind, %rewind_header ]" [firmware/nnet_utils/nnet_dense_resource.h:13]   --->   Operation 38 'phi' 'p_read313_phi' <Predicate = true> <Delay = 0.00>
ST_3 : Operation 39 [1/1] (0.00ns)   --->   "%p_read414_phi = phi i8 [ %p_read_8, %hls_label_1_end ], [ %p_read414_rewind, %rewind_header ]" [firmware/nnet_utils/nnet_dense_resource.h:13]   --->   Operation 39 'phi' 'p_read414_phi' <Predicate = true> <Delay = 0.00>
ST_3 : Operation 40 [1/1] (0.00ns)   --->   "%p_read515_phi = phi i8 [ %p_read_7, %hls_label_1_end ], [ %p_read515_rewind, %rewind_header ]" [firmware/nnet_utils/nnet_dense_resource.h:13]   --->   Operation 40 'phi' 'p_read515_phi' <Predicate = true> <Delay = 0.00>
ST_3 : Operation 41 [1/1] (0.00ns)   --->   "%p_read616_phi = phi i8 [ %p_read_6, %hls_label_1_end ], [ %p_read616_rewind, %rewind_header ]" [firmware/nnet_utils/nnet_dense_resource.h:13]   --->   Operation 41 'phi' 'p_read616_phi' <Predicate = true> <Delay = 0.00>
ST_3 : Operation 42 [1/1] (0.00ns)   --->   "%p_read717_phi = phi i8 [ %p_read_5, %hls_label_1_end ], [ %p_read717_rewind, %rewind_header ]" [firmware/nnet_utils/nnet_dense_resource.h:13]   --->   Operation 42 'phi' 'p_read717_phi' <Predicate = true> <Delay = 0.00>
ST_3 : Operation 43 [1/1] (0.00ns)   --->   "%zext_ln46 = zext i2 %w_index9 to i3" [firmware/nnet_utils/nnet_dense_resource.h:46]   --->   Operation 43 'zext' 'zext_ln46' <Predicate = true> <Delay = 0.00>
ST_3 : Operation 44 [1/1] (2.47ns)   --->   "%phi_ln = call i8 @_ssdm_op_Mux.ap_auto.8i8.i3(i8 %p_read10_phi, i8 %p_read111_phi, i8 %p_read212_phi, i8 %p_read313_phi, i8 %p_read313_phi, i8 %p_read313_phi, i8 %p_read313_phi, i8 %p_read313_phi, i3 %zext_ln46)" [firmware/nnet_utils/nnet_dense_resource.h:59]   --->   Operation 44 'mux' 'phi_ln' <Predicate = true> <Delay = 2.47> <Core = "MuxnS">   --->   Core 31 'MuxnS' <Latency = 0> <II = 1> <Delay = 2.47> <FuncUnit> <Opcode : 'mux'> <InPorts = 2> <OutPorts = 1>
ST_3 : Operation 45 [1/2] (3.25ns)   --->   "%w5_V_load = load i60* %w5_V_addr, align 8" [firmware/nnet_utils/nnet_dense_resource.h:59]   --->   Operation 45 'load' 'w5_V_load' <Predicate = true> <Delay = 3.25> <Core = "ROM_nP_BRAM">   --->   Core 55 'ROM_nP_BRAM' <Latency = 1> <II = 1> <Delay = 3.25> <Storage> <Opcode : 'load'> <Ports = 0> <Width = 60> <Depth = 4> <ROM>
ST_3 : Operation 46 [1/1] (0.00ns)   --->   "%trunc_ln59 = trunc i60 %w5_V_load to i8" [firmware/nnet_utils/nnet_dense_resource.h:59]   --->   Operation 46 'trunc' 'trunc_ln59' <Predicate = true> <Delay = 0.00>
ST_3 : Operation 47 [1/1] (0.00ns)   --->   "%xor_ln = call i3 @_ssdm_op_BitConcatenate.i3.i1.i2(i1 true, i2 %w_index9)" [firmware/nnet_utils/nnet_dense_resource.h:59]   --->   Operation 47 'bitconcatenate' 'xor_ln' <Predicate = true> <Delay = 0.00>
ST_3 : Operation 48 [1/1] (2.47ns)   --->   "%phi_ln59_1 = call i8 @_ssdm_op_Mux.ap_auto.8i8.i3(i8 %p_read717_phi, i8 %p_read717_phi, i8 %p_read717_phi, i8 %p_read717_phi, i8 %p_read414_phi, i8 %p_read515_phi, i8 %p_read616_phi, i8 %p_read717_phi, i3 %xor_ln)" [firmware/nnet_utils/nnet_dense_resource.h:59]   --->   Operation 48 'mux' 'phi_ln59_1' <Predicate = true> <Delay = 2.47> <Core = "MuxnS">   --->   Core 31 'MuxnS' <Latency = 0> <II = 1> <Delay = 2.47> <FuncUnit> <Opcode : 'mux'> <InPorts = 2> <OutPorts = 1>
ST_3 : Operation 49 [1/1] (0.00ns)   --->   "%tmp_3 = call i8 @_ssdm_op_PartSelect.i8.i60.i32.i32(i60 %w5_V_load, i32 8, i32 15)" [firmware/nnet_utils/nnet_dense_resource.h:59]   --->   Operation 49 'partselect' 'tmp_3' <Predicate = true> <Delay = 0.00>
ST_3 : Operation 50 [1/1] (2.47ns)   --->   "%phi_ln59_2 = call i8 @_ssdm_op_Mux.ap_auto.8i8.i3(i8 %p_read10_phi, i8 %p_read111_phi, i8 %p_read212_phi, i8 %p_read313_phi, i8 %p_read313_phi, i8 %p_read313_phi, i8 %p_read313_phi, i8 %p_read313_phi, i3 %zext_ln46)" [firmware/nnet_utils/nnet_dense_resource.h:59]   --->   Operation 50 'mux' 'phi_ln59_2' <Predicate = true> <Delay = 2.47> <Core = "MuxnS">   --->   Core 31 'MuxnS' <Latency = 0> <II = 1> <Delay = 2.47> <FuncUnit> <Opcode : 'mux'> <InPorts = 2> <OutPorts = 1>
ST_3 : Operation 51 [1/1] (0.00ns)   --->   "%tmp_4 = call i8 @_ssdm_op_PartSelect.i8.i60.i32.i32(i60 %w5_V_load, i32 16, i32 23)" [firmware/nnet_utils/nnet_dense_resource.h:59]   --->   Operation 51 'partselect' 'tmp_4' <Predicate = true> <Delay = 0.00>
ST_3 : Operation 52 [1/1] (2.47ns)   --->   "%phi_ln59_3 = call i8 @_ssdm_op_Mux.ap_auto.8i8.i3(i8 %p_read717_phi, i8 %p_read717_phi, i8 %p_read717_phi, i8 %p_read717_phi, i8 %p_read414_phi, i8 %p_read515_phi, i8 %p_read616_phi, i8 %p_read717_phi, i3 %xor_ln)" [firmware/nnet_utils/nnet_dense_resource.h:59]   --->   Operation 52 'mux' 'phi_ln59_3' <Predicate = true> <Delay = 2.47> <Core = "MuxnS">   --->   Core 31 'MuxnS' <Latency = 0> <II = 1> <Delay = 2.47> <FuncUnit> <Opcode : 'mux'> <InPorts = 2> <OutPorts = 1>
ST_3 : Operation 53 [1/1] (0.00ns)   --->   "%tmp_5 = call i8 @_ssdm_op_PartSelect.i8.i60.i32.i32(i60 %w5_V_load, i32 24, i32 31)" [firmware/nnet_utils/nnet_dense_resource.h:59]   --->   Operation 53 'partselect' 'tmp_5' <Predicate = true> <Delay = 0.00>
ST_3 : Operation 54 [1/1] (2.47ns)   --->   "%phi_ln59_4 = call i8 @_ssdm_op_Mux.ap_auto.8i8.i3(i8 %p_read10_phi, i8 %p_read111_phi, i8 %p_read212_phi, i8 %p_read313_phi, i8 %p_read313_phi, i8 %p_read313_phi, i8 %p_read313_phi, i8 %p_read313_phi, i3 %zext_ln46)" [firmware/nnet_utils/nnet_dense_resource.h:59]   --->   Operation 54 'mux' 'phi_ln59_4' <Predicate = true> <Delay = 2.47> <Core = "MuxnS">   --->   Core 31 'MuxnS' <Latency = 0> <II = 1> <Delay = 2.47> <FuncUnit> <Opcode : 'mux'> <InPorts = 2> <OutPorts = 1>
ST_3 : Operation 55 [1/1] (0.00ns)   --->   "%tmp_6 = call i8 @_ssdm_op_PartSelect.i8.i60.i32.i32(i60 %w5_V_load, i32 32, i32 39)" [firmware/nnet_utils/nnet_dense_resource.h:59]   --->   Operation 55 'partselect' 'tmp_6' <Predicate = true> <Delay = 0.00>
ST_3 : Operation 56 [1/1] (2.47ns)   --->   "%phi_ln59_5 = call i8 @_ssdm_op_Mux.ap_auto.8i8.i3(i8 %p_read717_phi, i8 %p_read717_phi, i8 %p_read717_phi, i8 %p_read717_phi, i8 %p_read414_phi, i8 %p_read515_phi, i8 %p_read616_phi, i8 %p_read717_phi, i3 %xor_ln)" [firmware/nnet_utils/nnet_dense_resource.h:59]   --->   Operation 56 'mux' 'phi_ln59_5' <Predicate = true> <Delay = 2.47> <Core = "MuxnS">   --->   Core 31 'MuxnS' <Latency = 0> <II = 1> <Delay = 2.47> <FuncUnit> <Opcode : 'mux'> <InPorts = 2> <OutPorts = 1>
ST_3 : Operation 57 [1/1] (0.00ns)   --->   "%tmp_7 = call i8 @_ssdm_op_PartSelect.i8.i60.i32.i32(i60 %w5_V_load, i32 40, i32 47)" [firmware/nnet_utils/nnet_dense_resource.h:59]   --->   Operation 57 'partselect' 'tmp_7' <Predicate = true> <Delay = 0.00>
ST_3 : Operation 58 [1/1] (2.47ns)   --->   "%phi_ln59_6 = call i8 @_ssdm_op_Mux.ap_auto.8i8.i3(i8 %p_read10_phi, i8 %p_read111_phi, i8 %p_read212_phi, i8 %p_read313_phi, i8 %p_read313_phi, i8 %p_read313_phi, i8 %p_read313_phi, i8 %p_read313_phi, i3 %zext_ln46)" [firmware/nnet_utils/nnet_dense_resource.h:59]   --->   Operation 58 'mux' 'phi_ln59_6' <Predicate = true> <Delay = 2.47> <Core = "MuxnS">   --->   Core 31 'MuxnS' <Latency = 0> <II = 1> <Delay = 2.47> <FuncUnit> <Opcode : 'mux'> <InPorts = 2> <OutPorts = 1>
ST_3 : Operation 59 [1/1] (0.00ns)   --->   "%tmp_8 = call i8 @_ssdm_op_PartSelect.i8.i60.i32.i32(i60 %w5_V_load, i32 48, i32 55)" [firmware/nnet_utils/nnet_dense_resource.h:59]   --->   Operation 59 'partselect' 'tmp_8' <Predicate = true> <Delay = 0.00>
ST_3 : Operation 60 [1/1] (2.47ns)   --->   "%phi_ln59_7 = call i8 @_ssdm_op_Mux.ap_auto.8i8.i3(i8 %p_read717_phi, i8 %p_read717_phi, i8 %p_read717_phi, i8 %p_read717_phi, i8 %p_read414_phi, i8 %p_read515_phi, i8 %p_read616_phi, i8 %p_read717_phi, i3 %xor_ln)" [firmware/nnet_utils/nnet_dense_resource.h:59]   --->   Operation 60 'mux' 'phi_ln59_7' <Predicate = true> <Delay = 2.47> <Core = "MuxnS">   --->   Core 31 'MuxnS' <Latency = 0> <II = 1> <Delay = 2.47> <FuncUnit> <Opcode : 'mux'> <InPorts = 2> <OutPorts = 1>
ST_3 : Operation 61 [1/1] (0.00ns)   --->   "%tmp_s = call i4 @_ssdm_op_PartSelect.i4.i60.i32.i32(i60 %w5_V_load, i32 56, i32 59)" [firmware/nnet_utils/nnet_dense_resource.h:59]   --->   Operation 61 'partselect' 'tmp_s' <Predicate = true> <Delay = 0.00>

State 4 <SV = 3> <Delay = 4.17>
ST_4 : Operation 62 [1/1] (0.00ns)   --->   "%zext_ln1116 = zext i8 %phi_ln to i16" [firmware/nnet_utils/nnet_mult.h:73->firmware/nnet_utils/nnet_dense_resource.h:59]   --->   Operation 62 'zext' 'zext_ln1116' <Predicate = true> <Delay = 0.00>
ST_4 : Operation 63 [1/1] (0.00ns)   --->   "%sext_ln1118 = sext i8 %trunc_ln59 to i16" [firmware/nnet_utils/nnet_mult.h:73->firmware/nnet_utils/nnet_dense_resource.h:59]   --->   Operation 63 'sext' 'sext_ln1118' <Predicate = true> <Delay = 0.00>
ST_4 : Operation 64 [1/1] (4.17ns)   --->   "%mul_ln1118 = mul i16 %zext_ln1116, %sext_ln1118" [firmware/nnet_utils/nnet_mult.h:73->firmware/nnet_utils/nnet_dense_resource.h:59]   --->   Operation 64 'mul' 'mul_ln1118' <Predicate = true> <Delay = 4.17> <Core = "Mul">   --->   Core 16 'Mul' <Latency = 0> <II = 1> <Delay = 4.17> <FuncUnit> <Opcode : 'mul'> <InPorts = 2> <OutPorts = 1>
ST_4 : Operation 65 [1/1] (0.00ns)   --->   "%trunc_ln = call i15 @_ssdm_op_PartSelect.i15.i16.i32.i32(i16 %mul_ln1118, i32 1, i32 15)" [firmware/nnet_utils/nnet_dense_resource.h:59]   --->   Operation 65 'partselect' 'trunc_ln' <Predicate = true> <Delay = 0.00>
ST_4 : Operation 66 [1/1] (0.00ns)   --->   "%zext_ln1116_1 = zext i8 %phi_ln59_1 to i16" [firmware/nnet_utils/nnet_mult.h:73->firmware/nnet_utils/nnet_dense_resource.h:59]   --->   Operation 66 'zext' 'zext_ln1116_1' <Predicate = true> <Delay = 0.00>
ST_4 : Operation 67 [1/1] (0.00ns)   --->   "%sext_ln1118_1 = sext i8 %tmp_3 to i16" [firmware/nnet_utils/nnet_mult.h:73->firmware/nnet_utils/nnet_dense_resource.h:59]   --->   Operation 67 'sext' 'sext_ln1118_1' <Predicate = true> <Delay = 0.00>
ST_4 : Operation 68 [1/1] (4.17ns)   --->   "%mul_ln1118_1 = mul i16 %zext_ln1116_1, %sext_ln1118_1" [firmware/nnet_utils/nnet_mult.h:73->firmware/nnet_utils/nnet_dense_resource.h:59]   --->   Operation 68 'mul' 'mul_ln1118_1' <Predicate = true> <Delay = 4.17> <Core = "Mul">   --->   Core 16 'Mul' <Latency = 0> <II = 1> <Delay = 4.17> <FuncUnit> <Opcode : 'mul'> <InPorts = 2> <OutPorts = 1>
ST_4 : Operation 69 [1/1] (0.00ns)   --->   "%trunc_ln708_s = call i15 @_ssdm_op_PartSelect.i15.i16.i32.i32(i16 %mul_ln1118_1, i32 1, i32 15)" [firmware/nnet_utils/nnet_dense_resource.h:59]   --->   Operation 69 'partselect' 'trunc_ln708_s' <Predicate = true> <Delay = 0.00>
ST_4 : Operation 70 [1/1] (0.00ns)   --->   "%zext_ln1116_2 = zext i8 %phi_ln59_2 to i16" [firmware/nnet_utils/nnet_mult.h:73->firmware/nnet_utils/nnet_dense_resource.h:59]   --->   Operation 70 'zext' 'zext_ln1116_2' <Predicate = true> <Delay = 0.00>
ST_4 : Operation 71 [1/1] (0.00ns)   --->   "%sext_ln1118_2 = sext i8 %tmp_4 to i16" [firmware/nnet_utils/nnet_mult.h:73->firmware/nnet_utils/nnet_dense_resource.h:59]   --->   Operation 71 'sext' 'sext_ln1118_2' <Predicate = true> <Delay = 0.00>
ST_4 : Operation 72 [1/1] (4.17ns)   --->   "%mul_ln1118_2 = mul i16 %zext_ln1116_2, %sext_ln1118_2" [firmware/nnet_utils/nnet_mult.h:73->firmware/nnet_utils/nnet_dense_resource.h:59]   --->   Operation 72 'mul' 'mul_ln1118_2' <Predicate = true> <Delay = 4.17> <Core = "Mul">   --->   Core 16 'Mul' <Latency = 0> <II = 1> <Delay = 4.17> <FuncUnit> <Opcode : 'mul'> <InPorts = 2> <OutPorts = 1>
ST_4 : Operation 73 [1/1] (0.00ns)   --->   "%trunc_ln708_2 = call i15 @_ssdm_op_PartSelect.i15.i16.i32.i32(i16 %mul_ln1118_2, i32 1, i32 15)" [firmware/nnet_utils/nnet_dense_resource.h:59]   --->   Operation 73 'partselect' 'trunc_ln708_2' <Predicate = true> <Delay = 0.00>
ST_4 : Operation 74 [1/1] (0.00ns)   --->   "%zext_ln1116_3 = zext i8 %phi_ln59_3 to i16" [firmware/nnet_utils/nnet_mult.h:73->firmware/nnet_utils/nnet_dense_resource.h:59]   --->   Operation 74 'zext' 'zext_ln1116_3' <Predicate = true> <Delay = 0.00>
ST_4 : Operation 75 [1/1] (0.00ns)   --->   "%sext_ln1118_3 = sext i8 %tmp_5 to i16" [firmware/nnet_utils/nnet_mult.h:73->firmware/nnet_utils/nnet_dense_resource.h:59]   --->   Operation 75 'sext' 'sext_ln1118_3' <Predicate = true> <Delay = 0.00>
ST_4 : Operation 76 [1/1] (4.17ns)   --->   "%mul_ln1118_3 = mul i16 %zext_ln1116_3, %sext_ln1118_3" [firmware/nnet_utils/nnet_mult.h:73->firmware/nnet_utils/nnet_dense_resource.h:59]   --->   Operation 76 'mul' 'mul_ln1118_3' <Predicate = true> <Delay = 4.17> <Core = "Mul">   --->   Core 16 'Mul' <Latency = 0> <II = 1> <Delay = 4.17> <FuncUnit> <Opcode : 'mul'> <InPorts = 2> <OutPorts = 1>
ST_4 : Operation 77 [1/1] (0.00ns)   --->   "%trunc_ln708_3 = call i15 @_ssdm_op_PartSelect.i15.i16.i32.i32(i16 %mul_ln1118_3, i32 1, i32 15)" [firmware/nnet_utils/nnet_dense_resource.h:59]   --->   Operation 77 'partselect' 'trunc_ln708_3' <Predicate = true> <Delay = 0.00>
ST_4 : Operation 78 [1/1] (0.00ns)   --->   "%zext_ln1116_4 = zext i8 %phi_ln59_4 to i16" [firmware/nnet_utils/nnet_mult.h:73->firmware/nnet_utils/nnet_dense_resource.h:59]   --->   Operation 78 'zext' 'zext_ln1116_4' <Predicate = true> <Delay = 0.00>
ST_4 : Operation 79 [1/1] (0.00ns)   --->   "%sext_ln1118_4 = sext i8 %tmp_6 to i16" [firmware/nnet_utils/nnet_mult.h:73->firmware/nnet_utils/nnet_dense_resource.h:59]   --->   Operation 79 'sext' 'sext_ln1118_4' <Predicate = true> <Delay = 0.00>
ST_4 : Operation 80 [1/1] (4.17ns)   --->   "%mul_ln1118_4 = mul i16 %zext_ln1116_4, %sext_ln1118_4" [firmware/nnet_utils/nnet_mult.h:73->firmware/nnet_utils/nnet_dense_resource.h:59]   --->   Operation 80 'mul' 'mul_ln1118_4' <Predicate = true> <Delay = 4.17> <Core = "Mul">   --->   Core 16 'Mul' <Latency = 0> <II = 1> <Delay = 4.17> <FuncUnit> <Opcode : 'mul'> <InPorts = 2> <OutPorts = 1>
ST_4 : Operation 81 [1/1] (0.00ns)   --->   "%trunc_ln708_4 = call i15 @_ssdm_op_PartSelect.i15.i16.i32.i32(i16 %mul_ln1118_4, i32 1, i32 15)" [firmware/nnet_utils/nnet_dense_resource.h:59]   --->   Operation 81 'partselect' 'trunc_ln708_4' <Predicate = true> <Delay = 0.00>
ST_4 : Operation 82 [1/1] (0.00ns)   --->   "%zext_ln1116_5 = zext i8 %phi_ln59_5 to i16" [firmware/nnet_utils/nnet_mult.h:73->firmware/nnet_utils/nnet_dense_resource.h:59]   --->   Operation 82 'zext' 'zext_ln1116_5' <Predicate = true> <Delay = 0.00>
ST_4 : Operation 83 [1/1] (0.00ns)   --->   "%sext_ln1118_5 = sext i8 %tmp_7 to i16" [firmware/nnet_utils/nnet_mult.h:73->firmware/nnet_utils/nnet_dense_resource.h:59]   --->   Operation 83 'sext' 'sext_ln1118_5' <Predicate = true> <Delay = 0.00>
ST_4 : Operation 84 [1/1] (4.17ns)   --->   "%mul_ln1118_5 = mul i16 %zext_ln1116_5, %sext_ln1118_5" [firmware/nnet_utils/nnet_mult.h:73->firmware/nnet_utils/nnet_dense_resource.h:59]   --->   Operation 84 'mul' 'mul_ln1118_5' <Predicate = true> <Delay = 4.17> <Core = "Mul">   --->   Core 16 'Mul' <Latency = 0> <II = 1> <Delay = 4.17> <FuncUnit> <Opcode : 'mul'> <InPorts = 2> <OutPorts = 1>
ST_4 : Operation 85 [1/1] (0.00ns)   --->   "%trunc_ln708_5 = call i15 @_ssdm_op_PartSelect.i15.i16.i32.i32(i16 %mul_ln1118_5, i32 1, i32 15)" [firmware/nnet_utils/nnet_dense_resource.h:59]   --->   Operation 85 'partselect' 'trunc_ln708_5' <Predicate = true> <Delay = 0.00>
ST_4 : Operation 86 [1/1] (0.00ns)   --->   "%zext_ln1116_6 = zext i8 %phi_ln59_6 to i16" [firmware/nnet_utils/nnet_mult.h:73->firmware/nnet_utils/nnet_dense_resource.h:59]   --->   Operation 86 'zext' 'zext_ln1116_6' <Predicate = true> <Delay = 0.00>
ST_4 : Operation 87 [1/1] (0.00ns)   --->   "%sext_ln1118_6 = sext i8 %tmp_8 to i16" [firmware/nnet_utils/nnet_mult.h:73->firmware/nnet_utils/nnet_dense_resource.h:59]   --->   Operation 87 'sext' 'sext_ln1118_6' <Predicate = true> <Delay = 0.00>
ST_4 : Operation 88 [1/1] (4.17ns)   --->   "%mul_ln1118_6 = mul i16 %zext_ln1116_6, %sext_ln1118_6" [firmware/nnet_utils/nnet_mult.h:73->firmware/nnet_utils/nnet_dense_resource.h:59]   --->   Operation 88 'mul' 'mul_ln1118_6' <Predicate = true> <Delay = 4.17> <Core = "Mul">   --->   Core 16 'Mul' <Latency = 0> <II = 1> <Delay = 4.17> <FuncUnit> <Opcode : 'mul'> <InPorts = 2> <OutPorts = 1>
ST_4 : Operation 89 [1/1] (0.00ns)   --->   "%trunc_ln708_6 = call i15 @_ssdm_op_PartSelect.i15.i16.i32.i32(i16 %mul_ln1118_6, i32 1, i32 15)" [firmware/nnet_utils/nnet_dense_resource.h:59]   --->   Operation 89 'partselect' 'trunc_ln708_6' <Predicate = true> <Delay = 0.00>
ST_4 : Operation 90 [1/1] (0.00ns)   --->   "%zext_ln708 = zext i8 %phi_ln59_7 to i12" [firmware/nnet_utils/nnet_dense_resource.h:59]   --->   Operation 90 'zext' 'zext_ln708' <Predicate = true> <Delay = 0.00>
ST_4 : Operation 91 [1/1] (0.00ns)   --->   "%zext_ln708_1 = zext i4 %tmp_s to i12" [firmware/nnet_utils/nnet_dense_resource.h:59]   --->   Operation 91 'zext' 'zext_ln708_1' <Predicate = true> <Delay = 0.00>
ST_4 : Operation 92 [1/1] (4.17ns)   --->   "%mul_ln708 = mul i12 %zext_ln708_1, %zext_ln708" [firmware/nnet_utils/nnet_dense_resource.h:59]   --->   Operation 92 'mul' 'mul_ln708' <Predicate = true> <Delay = 4.17> <Core = "Mul">   --->   Core 16 'Mul' <Latency = 0> <II = 1> <Delay = 4.17> <FuncUnit> <Opcode : 'mul'> <InPorts = 2> <OutPorts = 1>
ST_4 : Operation 93 [1/1] (0.00ns)   --->   "%lshr_ln708_s = call i11 @_ssdm_op_PartSelect.i11.i12.i32.i32(i12 %mul_ln708, i32 1, i32 11)" [firmware/nnet_utils/nnet_dense_resource.h:59]   --->   Operation 93 'partselect' 'lshr_ln708_s' <Predicate = true> <Delay = 0.00>

State 5 <SV = 4> <Delay = 3.90>
ST_5 : Operation 94 [1/1] (0.00ns)   --->   "%p_Val2_8 = phi i16 [ 480, %hls_label_1_begin ], [ %acc_0_V, %ReuseLoop ], [ 480, %.preheader.0 ]"   --->   Operation 94 'phi' 'p_Val2_8' <Predicate = true> <Delay = 0.00>
ST_5 : Operation 95 [1/1] (0.00ns)   --->   "%p_Val2_16 = phi i16 [ 320, %hls_label_1_begin ], [ %acc_1_V, %ReuseLoop ], [ 320, %.preheader.0 ]"   --->   Operation 95 'phi' 'p_Val2_16' <Predicate = true> <Delay = 0.00>
ST_5 : Operation 96 [1/1] (0.00ns)   --->   "%p_Val2_24 = phi i16 [ -160, %hls_label_1_begin ], [ %acc_2_V, %ReuseLoop ], [ -160, %.preheader.0 ]"   --->   Operation 96 'phi' 'p_Val2_24' <Predicate = true> <Delay = 0.00>
ST_5 : Operation 97 [1/1] (0.00ns)   --->   "%p_Val2_32 = phi i16 [ 288, %hls_label_1_begin ], [ %acc_3_V, %ReuseLoop ], [ 288, %.preheader.0 ]"   --->   Operation 97 'phi' 'p_Val2_32' <Predicate = true> <Delay = 0.00>
ST_5 : Operation 98 [1/1] (0.00ns)   --->   "call void (...)* @_ssdm_op_SpecMemCore([4 x i60]* @w5_V, [1 x i8]* @p_str13, [12 x i8]* @p_str17, [1 x i8]* @p_str13, i32 -1, [1 x i8]* @p_str13, [1 x i8]* @p_str13, [1 x i8]* @p_str13, [1 x i8]* @p_str13, [1 x i8]* @p_str13)"   --->   Operation 98 'specmemcore' <Predicate = (do_init)> <Delay = 0.00>
ST_5 : Operation 99 [1/1] (0.00ns)   --->   "%empty_33 = call i32 (...)* @_ssdm_op_SpecRegionEnd([12 x i8]* @p_str25, i32 %tmp)" [firmware/nnet_utils/nnet_dense_resource.h:34]   --->   Operation 99 'specregionend' 'empty_33' <Predicate = (do_init)> <Delay = 0.00>
ST_5 : Operation 100 [1/1] (0.00ns)   --->   "call void (...)* @_ssdm_op_SpecLoopName([10 x i8]* @p_str19) nounwind" [firmware/nnet_utils/nnet_dense_resource.h:46]   --->   Operation 100 'specloopname' <Predicate = true> <Delay = 0.00>
ST_5 : Operation 101 [1/1] (0.00ns)   --->   "%tmp_1 = call i32 (...)* @_ssdm_op_SpecRegionBegin([10 x i8]* @p_str19)" [firmware/nnet_utils/nnet_dense_resource.h:46]   --->   Operation 101 'specregionbegin' 'tmp_1' <Predicate = true> <Delay = 0.00>
ST_5 : Operation 102 [1/1] (0.00ns)   --->   "call void (...)* @_ssdm_op_SpecPipeline(i32 1, i32 1, i32 1, i32 0, [1 x i8]* @p_str13) nounwind" [firmware/nnet_utils/nnet_dense_resource.h:47]   --->   Operation 102 'specpipeline' <Predicate = true> <Delay = 0.00>
ST_5 : Operation 103 [1/1] (0.00ns)   --->   "%sext_ln708 = sext i15 %trunc_ln to i16" [firmware/nnet_utils/nnet_dense_resource.h:59]   --->   Operation 103 'sext' 'sext_ln708' <Predicate = true> <Delay = 0.00>
ST_5 : Operation 104 [1/1] (0.00ns)   --->   "%sext_ln708_1 = sext i15 %trunc_ln708_s to i16" [firmware/nnet_utils/nnet_dense_resource.h:59]   --->   Operation 104 'sext' 'sext_ln708_1' <Predicate = true> <Delay = 0.00>
ST_5 : Operation 105 [1/1] (0.00ns) (grouped into TernaryAdder)   --->   "%add_ln703 = add i16 %sext_ln708, %sext_ln708_1" [firmware/nnet_utils/nnet_dense_resource.h:59]   --->   Operation 105 'add' 'add_ln703' <Predicate = true> <Delay = 0.00> <Core = "TAddSub">   --->   Core 83 'TAddSub' <Latency = 0> <II = 1> <Delay = 1.95> <IPBlock> <Opcode : 'add' 'sub'> <InPorts = 3> <OutPorts = 1> <Sync> <CReg>
ST_5 : Operation 106 [1/1] (3.90ns) (root node of TernaryAdder)   --->   "%acc_0_V = add i16 %add_ln703, %p_Val2_8" [firmware/nnet_utils/nnet_dense_resource.h:59]   --->   Operation 106 'add' 'acc_0_V' <Predicate = true> <Delay = 3.90> <Core = "TAddSub">   --->   Core 83 'TAddSub' <Latency = 0> <II = 1> <Delay = 1.95> <IPBlock> <Opcode : 'add' 'sub'> <InPorts = 3> <OutPorts = 1> <Sync> <CReg>
ST_5 : Operation 107 [1/1] (0.00ns)   --->   "%sext_ln708_2 = sext i15 %trunc_ln708_2 to i16" [firmware/nnet_utils/nnet_dense_resource.h:59]   --->   Operation 107 'sext' 'sext_ln708_2' <Predicate = true> <Delay = 0.00>
ST_5 : Operation 108 [1/1] (0.00ns)   --->   "%sext_ln708_3 = sext i15 %trunc_ln708_3 to i16" [firmware/nnet_utils/nnet_dense_resource.h:59]   --->   Operation 108 'sext' 'sext_ln708_3' <Predicate = true> <Delay = 0.00>
ST_5 : Operation 109 [1/1] (0.00ns) (grouped into TernaryAdder)   --->   "%add_ln703_2 = add i16 %sext_ln708_2, %sext_ln708_3" [firmware/nnet_utils/nnet_dense_resource.h:59]   --->   Operation 109 'add' 'add_ln703_2' <Predicate = true> <Delay = 0.00> <Core = "TAddSub">   --->   Core 83 'TAddSub' <Latency = 0> <II = 1> <Delay = 1.95> <IPBlock> <Opcode : 'add' 'sub'> <InPorts = 3> <OutPorts = 1> <Sync> <CReg>
ST_5 : Operation 110 [1/1] (3.90ns) (root node of TernaryAdder)   --->   "%acc_1_V = add i16 %add_ln703_2, %p_Val2_16" [firmware/nnet_utils/nnet_dense_resource.h:59]   --->   Operation 110 'add' 'acc_1_V' <Predicate = true> <Delay = 3.90> <Core = "TAddSub">   --->   Core 83 'TAddSub' <Latency = 0> <II = 1> <Delay = 1.95> <IPBlock> <Opcode : 'add' 'sub'> <InPorts = 3> <OutPorts = 1> <Sync> <CReg>
ST_5 : Operation 111 [1/1] (0.00ns)   --->   "%sext_ln708_4 = sext i15 %trunc_ln708_4 to i16" [firmware/nnet_utils/nnet_dense_resource.h:59]   --->   Operation 111 'sext' 'sext_ln708_4' <Predicate = true> <Delay = 0.00>
ST_5 : Operation 112 [1/1] (0.00ns)   --->   "%sext_ln708_5 = sext i15 %trunc_ln708_5 to i16" [firmware/nnet_utils/nnet_dense_resource.h:59]   --->   Operation 112 'sext' 'sext_ln708_5' <Predicate = true> <Delay = 0.00>
ST_5 : Operation 113 [1/1] (0.00ns) (grouped into TernaryAdder)   --->   "%add_ln703_4 = add i16 %sext_ln708_4, %sext_ln708_5" [firmware/nnet_utils/nnet_dense_resource.h:59]   --->   Operation 113 'add' 'add_ln703_4' <Predicate = true> <Delay = 0.00> <Core = "TAddSub">   --->   Core 83 'TAddSub' <Latency = 0> <II = 1> <Delay = 1.95> <IPBlock> <Opcode : 'add' 'sub'> <InPorts = 3> <OutPorts = 1> <Sync> <CReg>
ST_5 : Operation 114 [1/1] (3.90ns) (root node of TernaryAdder)   --->   "%acc_2_V = add i16 %add_ln703_4, %p_Val2_24" [firmware/nnet_utils/nnet_dense_resource.h:59]   --->   Operation 114 'add' 'acc_2_V' <Predicate = true> <Delay = 3.90> <Core = "TAddSub">   --->   Core 83 'TAddSub' <Latency = 0> <II = 1> <Delay = 1.95> <IPBlock> <Opcode : 'add' 'sub'> <InPorts = 3> <OutPorts = 1> <Sync> <CReg>
ST_5 : Operation 115 [1/1] (0.00ns)   --->   "%sext_ln708_6 = sext i15 %trunc_ln708_6 to i16" [firmware/nnet_utils/nnet_dense_resource.h:59]   --->   Operation 115 'sext' 'sext_ln708_6' <Predicate = true> <Delay = 0.00>
ST_5 : Operation 116 [1/1] (0.00ns)   --->   "%zext_ln708_2 = zext i11 %lshr_ln708_s to i16" [firmware/nnet_utils/nnet_dense_resource.h:59]   --->   Operation 116 'zext' 'zext_ln708_2' <Predicate = true> <Delay = 0.00>
ST_5 : Operation 117 [1/1] (0.00ns) (grouped into TernaryAdder)   --->   "%add_ln703_6 = add i16 %sext_ln708_6, %zext_ln708_2" [firmware/nnet_utils/nnet_dense_resource.h:59]   --->   Operation 117 'add' 'add_ln703_6' <Predicate = true> <Delay = 0.00> <Core = "TAddSub">   --->   Core 83 'TAddSub' <Latency = 0> <II = 1> <Delay = 1.95> <IPBlock> <Opcode : 'add' 'sub'> <InPorts = 3> <OutPorts = 1> <Sync> <CReg>
ST_5 : Operation 118 [1/1] (3.90ns) (root node of TernaryAdder)   --->   "%acc_3_V = add i16 %add_ln703_6, %p_Val2_32" [firmware/nnet_utils/nnet_dense_resource.h:59]   --->   Operation 118 'add' 'acc_3_V' <Predicate = true> <Delay = 3.90> <Core = "TAddSub">   --->   Core 83 'TAddSub' <Latency = 0> <II = 1> <Delay = 1.95> <IPBlock> <Opcode : 'add' 'sub'> <InPorts = 3> <OutPorts = 1> <Sync> <CReg>
ST_5 : Operation 119 [1/1] (0.00ns)   --->   "%empty = call i32 (...)* @_ssdm_op_SpecRegionEnd([10 x i8]* @p_str19, i32 %tmp_1)" [firmware/nnet_utils/nnet_dense_resource.h:76]   --->   Operation 119 'specregionend' 'empty' <Predicate = true> <Delay = 0.00>
ST_5 : Operation 120 [1/1] (0.00ns)   --->   "%empty_32 = call i32 (...)* @_ssdm_op_SpecLoopTripCount(i64 4, i64 4, i64 4)"   --->   Operation 120 'speclooptripcount' 'empty_32' <Predicate = true> <Delay = 0.00>
ST_5 : Operation 121 [1/1] (0.00ns)   --->   "%res_0_V_write_assign = call i17 @_ssdm_op_BitConcatenate.i17.i16.i1(i16 %acc_0_V, i1 false)" [firmware/nnet_utils/nnet_mult.h:111->firmware/nnet_utils/nnet_dense_resource.h:82]   --->   Operation 121 'bitconcatenate' 'res_0_V_write_assign' <Predicate = (icmp_ln46)> <Delay = 0.00>
ST_5 : Operation 122 [1/1] (0.00ns)   --->   "%res_1_V_write_assign = call i17 @_ssdm_op_BitConcatenate.i17.i16.i1(i16 %acc_1_V, i1 false)" [firmware/nnet_utils/nnet_mult.h:111->firmware/nnet_utils/nnet_dense_resource.h:82]   --->   Operation 122 'bitconcatenate' 'res_1_V_write_assign' <Predicate = (icmp_ln46)> <Delay = 0.00>
ST_5 : Operation 123 [1/1] (0.00ns)   --->   "%res_2_V_write_assign = call i17 @_ssdm_op_BitConcatenate.i17.i16.i1(i16 %acc_2_V, i1 false)" [firmware/nnet_utils/nnet_mult.h:111->firmware/nnet_utils/nnet_dense_resource.h:82]   --->   Operation 123 'bitconcatenate' 'res_2_V_write_assign' <Predicate = (icmp_ln46)> <Delay = 0.00>
ST_5 : Operation 124 [1/1] (0.00ns)   --->   "%res_3_V_write_assign = call i17 @_ssdm_op_BitConcatenate.i17.i16.i1(i16 %acc_3_V, i1 false)" [firmware/nnet_utils/nnet_mult.h:111->firmware/nnet_utils/nnet_dense_resource.h:82]   --->   Operation 124 'bitconcatenate' 'res_3_V_write_assign' <Predicate = (icmp_ln46)> <Delay = 0.00>
ST_5 : Operation 125 [1/1] (0.00ns)   --->   "%mrv = insertvalue { i17, i17, i17, i17 } undef, i17 %res_0_V_write_assign, 0" [firmware/nnet_utils/nnet_dense_resource.h:84]   --->   Operation 125 'insertvalue' 'mrv' <Predicate = (icmp_ln46)> <Delay = 0.00>
ST_5 : Operation 126 [1/1] (0.00ns)   --->   "%mrv_1 = insertvalue { i17, i17, i17, i17 } %mrv, i17 %res_1_V_write_assign, 1" [firmware/nnet_utils/nnet_dense_resource.h:84]   --->   Operation 126 'insertvalue' 'mrv_1' <Predicate = (icmp_ln46)> <Delay = 0.00>
ST_5 : Operation 127 [1/1] (0.00ns)   --->   "%mrv_2 = insertvalue { i17, i17, i17, i17 } %mrv_1, i17 %res_2_V_write_assign, 2" [firmware/nnet_utils/nnet_dense_resource.h:84]   --->   Operation 127 'insertvalue' 'mrv_2' <Predicate = (icmp_ln46)> <Delay = 0.00>
ST_5 : Operation 128 [1/1] (0.00ns)   --->   "%mrv_3 = insertvalue { i17, i17, i17, i17 } %mrv_2, i17 %res_3_V_write_assign, 3" [firmware/nnet_utils/nnet_dense_resource.h:84]   --->   Operation 128 'insertvalue' 'mrv_3' <Predicate = (icmp_ln46)> <Delay = 0.00>
ST_5 : Operation 129 [1/1] (0.00ns)   --->   "call void (...)* @_ssdm_op_Return({ i17, i17, i17, i17 } %mrv_3)" [firmware/nnet_utils/nnet_dense_resource.h:84]   --->   Operation 129 'return' <Predicate = (icmp_ln46)> <Delay = 0.00>


============================================================
+ Verbose Summary: Timing violations
============================================================
Target clock period: 5ns, clock uncertainty: 0.625ns.

 <State 1>: 1.77ns
The critical path consists of the following:
	multiplexor before 'phi' operation ('do_init') [14]  (1.77 ns)

 <State 2>: 3.25ns
The critical path consists of the following:
	'phi' operation ('w_index') with incoming values : ('ir', firmware/nnet_utils/nnet_dense_resource.h:46) [23]  (0 ns)
	'getelementptr' operation ('w5_V_addr', firmware/nnet_utils/nnet_dense_resource.h:59) [56]  (0 ns)
	'load' operation ('w5_V_load', firmware/nnet_utils/nnet_dense_resource.h:59) on array 'w5_V' [57]  (3.25 ns)

 <State 3>: 4.25ns
The critical path consists of the following:
	'phi' operation ('p_read10_rewind', firmware/nnet_utils/nnet_dense_resource.h:13) with incoming values : ('data[0].V', firmware/nnet_utils/nnet_dense_resource.h:13) [15]  (0 ns)
	multiplexor before 'phi' operation ('p_read10_phi', firmware/nnet_utils/nnet_dense_resource.h:13) with incoming values : ('data[0].V', firmware/nnet_utils/nnet_dense_resource.h:13) [42]  (1.77 ns)
	'phi' operation ('p_read10_phi', firmware/nnet_utils/nnet_dense_resource.h:13) with incoming values : ('data[0].V', firmware/nnet_utils/nnet_dense_resource.h:13) [42]  (0 ns)
	'mux' operation ('phi_ln', firmware/nnet_utils/nnet_dense_resource.h:59) [54]  (2.48 ns)

 <State 4>: 4.17ns
The critical path consists of the following:
	'mul' operation ('mul_ln1118', firmware/nnet_utils/nnet_mult.h:73->firmware/nnet_utils/nnet_dense_resource.h:59) [61]  (4.17 ns)

 <State 5>: 3.9ns
The critical path consists of the following:
	'phi' operation ('acc[0].V') with incoming values : ('acc[0].V', firmware/nnet_utils/nnet_dense_resource.h:59) [24]  (0 ns)
	'add' operation ('acc[0].V', firmware/nnet_utils/nnet_dense_resource.h:59) [73]  (3.9 ns)


============================================================
+ Verbose Summary: Binding
============================================================
N/A
* FSMD analyzer results:
  - Output states:
 - Input state : 
  - Chain level:
	State 1
	State 2
	State 3
	State 4
	State 5


============================================================
+ Verbose Summary: Datapath Resource usage 
============================================================
N/A
