

================================================================
== Vivado HLS Report for 'dense_resource_rf_leq_nin_ap_ufixed_ap_fixed_19_8_5_3_0_config8_0_0_0_0'
================================================================
* Date:           Wed May 20 11:14:40 2026

* Version:        2020.1 (Build 2897737 on Wed May 27 20:21:37 MDT 2020)
* Project:        myproject_prj
* Solution:       solution1
* Product family: zynq
* Target device:  xc7z020-clg400-1


================================================================
== Performance Estimates
================================================================
+ Timing: 
    * Summary: 
    +--------+---------+----------+------------+
    |  Clock |  Target | Estimated| Uncertainty|
    +--------+---------+----------+------------+
    |ap_clk  | 5.00 ns | 4.170 ns |   0.62 ns  |
    +--------+---------+----------+------------+

+ Latency: 
    * Summary: 
    +---------+---------+-----------+-----------+-----+-----+---------------------------------------------+
    |  Latency (cycles) |   Latency (absolute)  |  Interval |                   Pipeline                  |
    |   min   |   max   |    min    |    max    | min | max |                     Type                    |
    +---------+---------+-----------+-----------+-----+-----+---------------------------------------------+
    |        6|        7| 30.000 ns | 35.000 ns |    4|    4| loop rewind(delay=0 initiation interval(s)) |
    +---------+---------+-----------+-----------+-----+-----+---------------------------------------------+

    + Detail: 
        * Instance: 
        N/A

        * Loop: 
        +-------------+---------+---------+----------+-----------+-----------+------+----------+
        |             |  Latency (cycles) | Iteration|  Initiation Interval  | Trip |          |
        |  Loop Name  |   min   |   max   |  Latency |  achieved |   target  | Count| Pipelined|
        +-------------+---------+---------+----------+-----------+-----------+------+----------+
        |- ReuseLoop  |        6|        6|         4|          1|          1|     4|    yes   |
        +-------------+---------+---------+----------+-----------+-----------+------+----------+



================================================================
== Utilization Estimates
================================================================
* Summary: 
+-----------------+---------+-------+--------+-------+-----+
|       Name      | BRAM_18K| DSP48E|   FF   |  LUT  | URAM|
+-----------------+---------+-------+--------+-------+-----+
|DSP              |        -|      -|       -|      -|    -|
|Expression       |        -|      0|       0|    220|    -|
|FIFO             |        -|      -|       -|      -|    -|
|Instance         |        -|      -|       0|     45|    -|
|Memory           |        1|      -|       0|      0|    -|
|Multiplexer      |        -|      -|       -|    279|    -|
|Register         |        0|      -|     343|     32|    -|
+-----------------+---------+-------+--------+-------+-----+
|Total            |        1|      0|     343|    576|    0|
+-----------------+---------+-------+--------+-------+-----+
|Available        |      280|    220|  106400|  53200|    0|
+-----------------+---------+-------+--------+-------+-----+
|Utilization (%)  |    ~0   |      0|   ~0   |      1|    0|
+-----------------+---------+-------+--------+-------+-----+

+ Detail: 
    * Instance: 
    +----------------------------+------------------------+---------+-------+---+----+-----+
    |          Instance          |         Module         | BRAM_18K| DSP48E| FF| LUT| URAM|
    +----------------------------+------------------------+---------+-------+---+----+-----+
    |myproject_mux_42_8_1_1_U99  |myproject_mux_42_8_1_1  |        0|      0|  0|  45|    0|
    +----------------------------+------------------------+---------+-------+---+----+-----+
    |Total                       |                        |        0|      0|  0|  45|    0|
    +----------------------------+------------------------+---------+-------+---+----+-----+

    * DSP48E: 
    N/A

    * Memory: 
    +--------+------------------------------------------------------------------------------+---------+---+----+-----+------+-----+------+-------------+
    | Memory |                                    Module                                    | BRAM_18K| FF| LUT| URAM| Words| Bits| Banks| W*Bits*Banks|
    +--------+------------------------------------------------------------------------------+---------+---+----+-----+------+-----+------+-------------+
    |w8_V_U  |dense_resource_rf_leq_nin_ap_ufixed_ap_fixed_19_8_5_3_0_config8_0_0_0_0_w8_V  |        1|  0|   0|    0|     4|   23|     1|           92|
    +--------+------------------------------------------------------------------------------+---------+---+----+-----+------+-----+------+-------------+
    |Total   |                                                                              |        1|  0|   0|    0|     4|   23|     1|           92|
    +--------+------------------------------------------------------------------------------+---------+---+----+-----+------+-----+------+-------------+

    * FIFO: 
    N/A

    * Expression: 
    +------------------------+----------+-------+---+----+------------+------------+
    |      Variable Name     | Operation| DSP48E| FF| LUT| Bitwidth P0| Bitwidth P1|
    +------------------------+----------+-------+---+----+------------+------------+
    |mul_ln1118_1_fu_378_p2  |     *    |      0|  0|  41|           8|           8|
    |mul_ln1118_2_fu_400_p2  |     *    |      0|  0|  41|           7|           8|
    |mul_ln1118_fu_359_p2    |     *    |      0|  0|  41|           8|           8|
    |acc_0_V_fu_419_p2       |     +    |      0|  0|  23|          16|          16|
    |acc_1_V_fu_428_p2       |     +    |      0|  0|  23|          16|          16|
    |acc_2_V_fu_437_p2       |     +    |      0|  0|  23|          16|          16|
    |w_index_fu_303_p2       |     +    |      0|  0|  10|           1|           2|
    |ap_condition_145        |    and   |      0|  0|   2|           1|           1|
    |ap_condition_151        |    and   |      0|  0|   2|           1|           1|
    |ap_condition_44         |    and   |      0|  0|   2|           1|           1|
    |icmp_ln46_fu_309_p2     |   icmp   |      0|  0|   8|           2|           2|
    |ap_block_state1         |    or    |      0|  0|   2|           1|           1|
    |ap_enable_pp0           |    xor   |      0|  0|   2|           1|           2|
    +------------------------+----------+-------+---+----+------------+------------+
    |Total                   |          |      0|  0| 220|          79|          82|
    +------------------------+----------+-------+---+----+------------+------------+

    * Multiplexer: 
    +--------------------------------------------+----+-----------+-----+-----------+
    |                    Name                    | LUT| Input Size| Bits| Total Bits|
    +--------------------------------------------+----+-----------+-----+-----------+
    |ap_NS_fsm                                   |  15|          3|    1|          3|
    |ap_done                                     |   9|          2|    1|          2|
    |ap_enable_reg_pp0_iter1                     |   9|          2|    1|          2|
    |ap_enable_reg_pp0_iter3                     |   9|          2|    1|          2|
    |ap_phi_mux_do_init_phi_fu_125_p6            |  15|          3|    1|          3|
    |ap_phi_mux_p_read19_phi_phi_fu_224_p4       |   9|          2|    8|         16|
    |ap_phi_mux_p_read19_rewind_phi_fu_170_p6    |   9|          2|    8|         16|
    |ap_phi_mux_p_read210_phi_phi_fu_236_p4      |   9|          2|    8|         16|
    |ap_phi_mux_p_read210_rewind_phi_fu_184_p6   |   9|          2|    8|         16|
    |ap_phi_mux_p_read311_phi_phi_fu_248_p4      |   9|          2|    8|         16|
    |ap_phi_mux_p_read311_rewind_phi_fu_198_p6   |   9|          2|    8|         16|
    |ap_phi_mux_p_read8_phi_phi_fu_212_p4        |   9|          2|    8|         16|
    |ap_phi_mux_p_read8_rewind_phi_fu_156_p6     |   9|          2|    8|         16|
    |ap_phi_mux_w_index7_phi_fu_141_p6           |  15|          3|    2|          6|
    |ap_phi_reg_pp0_iter1_p_read19_phi_reg_220   |   9|          2|    8|         16|
    |ap_phi_reg_pp0_iter1_p_read210_phi_reg_232  |   9|          2|    8|         16|
    |ap_phi_reg_pp0_iter1_p_read311_phi_reg_244  |   9|          2|    8|         16|
    |ap_phi_reg_pp0_iter1_p_read8_phi_reg_208    |   9|          2|    8|         16|
    |ap_return_0                                 |   9|          2|   16|         32|
    |ap_return_1                                 |   9|          2|   16|         32|
    |ap_return_2                                 |   9|          2|   16|         32|
    |p_Val2_14_reg_270                           |   9|          2|   16|         32|
    |p_Val2_22_reg_284                           |   9|          2|   16|         32|
    |p_Val2_6_reg_256                            |   9|          2|   16|         32|
    |p_read19_phi_reg_220                        |   9|          2|    8|         16|
    |p_read210_phi_reg_232                       |   9|          2|    8|         16|
    |p_read311_phi_reg_244                       |   9|          2|    8|         16|
    |p_read8_phi_reg_208                         |   9|          2|    8|         16|
    |w_index7_reg_137                            |   9|          2|    2|          4|
    +--------------------------------------------+----+-----------+-----+-----------+
    |Total                                       | 279|         61|  233|        470|
    +--------------------------------------------+----+-----------+-----+-----------+

    * Register: 
    +--------------------------------------------+----+----+-----+-----------+
    |                    Name                    | FF | LUT| Bits| Const Bits|
    +--------------------------------------------+----+----+-----+-----------+
    |ap_CS_fsm                                   |   2|   0|    2|          0|
    |ap_done_reg                                 |   1|   0|    1|          0|
    |ap_enable_reg_pp0_iter1                     |   1|   0|    1|          0|
    |ap_enable_reg_pp0_iter2                     |   1|   0|    1|          0|
    |ap_enable_reg_pp0_iter3                     |   1|   0|    1|          0|
    |ap_phi_reg_pp0_iter1_p_read19_phi_reg_220   |   8|   0|    8|          0|
    |ap_phi_reg_pp0_iter1_p_read210_phi_reg_232  |   8|   0|    8|          0|
    |ap_phi_reg_pp0_iter1_p_read311_phi_reg_244  |   8|   0|    8|          0|
    |ap_phi_reg_pp0_iter1_p_read8_phi_reg_208    |   8|   0|    8|          0|
    |ap_return_0_preg                            |  16|   0|   17|          1|
    |ap_return_1_preg                            |  16|   0|   17|          1|
    |ap_return_2_preg                            |  16|   0|   17|          1|
    |do_init_reg_121                             |   1|   0|    1|          0|
    |icmp_ln46_reg_519                           |   1|   0|    1|          0|
    |p_Val2_14_reg_270                           |  16|   0|   16|          0|
    |p_Val2_22_reg_284                           |  16|   0|   16|          0|
    |p_Val2_6_reg_256                            |  16|   0|   16|          0|
    |p_read19_phi_reg_220                        |   8|   0|    8|          0|
    |p_read19_rewind_reg_166                     |   8|   0|    8|          0|
    |p_read210_phi_reg_232                       |   8|   0|    8|          0|
    |p_read210_rewind_reg_180                    |   8|   0|    8|          0|
    |p_read311_phi_reg_244                       |   8|   0|    8|          0|
    |p_read311_rewind_reg_194                    |   8|   0|    8|          0|
    |p_read8_phi_reg_208                         |   8|   0|    8|          0|
    |p_read8_rewind_reg_152                      |   8|   0|    8|          0|
    |tmp_29_reg_534                              |   8|   0|    8|          0|
    |tmp_34_reg_523                              |   8|   0|    8|          0|
    |tmp_35_reg_539                              |   7|   0|    7|          0|
    |trunc_ln59_reg_529                          |   8|   0|    8|          0|
    |trunc_ln708_1_reg_554                       |  14|   0|   14|          0|
    |trunc_ln708_s_reg_549                       |  15|   0|   15|          0|
    |trunc_ln_reg_544                            |  15|   0|   15|          0|
    |w_index7_reg_137                            |   2|   0|    2|          0|
    |w_index_reg_514                             |   2|   0|    2|          0|
    |icmp_ln46_reg_519                           |  64|  32|    1|          0|
    +--------------------------------------------+----+----+-----+-----------+
    |Total                                       | 343|  32|  283|          3|
    +--------------------------------------------+----+----+-----+-----------+



================================================================
== Interface
================================================================
* Summary: 
+-------------+-----+-----+------------+---------------------------------------------------------------------------+--------------+
|  RTL Ports  | Dir | Bits|  Protocol  |                               Source Object                               |    C Type    |
+-------------+-----+-----+------------+---------------------------------------------------------------------------+--------------+
|ap_clk       |  in |    1| ap_ctrl_hs | dense_resource_rf_leq_nin<ap_ufixed,ap_fixed<19,8,5,3,0>,config8>.0.0.0.0 | return value |
|ap_rst       |  in |    1| ap_ctrl_hs | dense_resource_rf_leq_nin<ap_ufixed,ap_fixed<19,8,5,3,0>,config8>.0.0.0.0 | return value |
|ap_start     |  in |    1| ap_ctrl_hs | dense_resource_rf_leq_nin<ap_ufixed,ap_fixed<19,8,5,3,0>,config8>.0.0.0.0 | return value |
|ap_done      | out |    1| ap_ctrl_hs | dense_resource_rf_leq_nin<ap_ufixed,ap_fixed<19,8,5,3,0>,config8>.0.0.0.0 | return value |
|ap_continue  |  in |    1| ap_ctrl_hs | dense_resource_rf_leq_nin<ap_ufixed,ap_fixed<19,8,5,3,0>,config8>.0.0.0.0 | return value |
|ap_idle      | out |    1| ap_ctrl_hs | dense_resource_rf_leq_nin<ap_ufixed,ap_fixed<19,8,5,3,0>,config8>.0.0.0.0 | return value |
|ap_ready     | out |    1| ap_ctrl_hs | dense_resource_rf_leq_nin<ap_ufixed,ap_fixed<19,8,5,3,0>,config8>.0.0.0.0 | return value |
|ap_return_0  | out |   17| ap_ctrl_hs | dense_resource_rf_leq_nin<ap_ufixed,ap_fixed<19,8,5,3,0>,config8>.0.0.0.0 | return value |
|ap_return_1  | out |   17| ap_ctrl_hs | dense_resource_rf_leq_nin<ap_ufixed,ap_fixed<19,8,5,3,0>,config8>.0.0.0.0 | return value |
|ap_return_2  | out |   17| ap_ctrl_hs | dense_resource_rf_leq_nin<ap_ufixed,ap_fixed<19,8,5,3,0>,config8>.0.0.0.0 | return value |
|p_read       |  in |    8|   ap_none  |                                   p_read                                  |    scalar    |
|p_read1      |  in |    8|   ap_none  |                                  p_read1                                  |    scalar    |
|p_read2      |  in |    8|   ap_none  |                                  p_read2                                  |    scalar    |
|p_read3      |  in |    8|   ap_none  |                                  p_read3                                  |    scalar    |
+-------------+-----+-----+------------+---------------------------------------------------------------------------+--------------+

============================================================
+ Verbose Summary: Synthesis Manager
============================================================
InlineROM: 1
ExposeGlobal: 0
============================================================
+ Verbose Summary: CDFG Model
============================================================
IsTopModel: 0
ResetActiveHigh: 1
IsCombinational: 2
IsDatapathOnly: 0
HasWiredReturn: 1
HasMFsm: 0
HasVarLatency: 1
IsPipeline: 0
IsRtlPipelined: 0
IsInstanceOverlapped: 0
IsDontTouch: 0
HasImplIP: 0
IsGatedGlobalClock: 0

+ Individual pipeline summary: 
  * Pipeline-0: initiation interval (II) = 1, depth = 4


============================================================
+ Verbose Summary: Schedule
============================================================
* Number of FSM states : 5
* Pipeline : 1
  Pipeline-0 : II = 1, D = 4, States = { 2 3 4 5 }
* Dataflow Pipeline: 0

* FSM state transitions: 
1 --> 2 
2 --> 3 
3 --> 4 
4 --> 5 
5 --> 2 

* FSM state operations: 

State 1 <SV = 0> <Delay = 1.76>
ST_1 : Operation 6 [1/1] (0.00ns)   --->   "%tmp = call i32 (...)* @_ssdm_op_SpecRegionBegin([12 x i8]* @p_str24)" [firmware/nnet_utils/nnet_dense_resource.h:32]   --->   Operation 6 'specregionbegin' 'tmp' <Predicate = true> <Delay = 0.00>
ST_1 : Operation 7 [1/1] (1.76ns)   --->   "br label %rewind_header" [firmware/nnet_utils/nnet_dense_resource.h:46]   --->   Operation 7 'br' <Predicate = true> <Delay = 1.76>

State 2 <SV = 1> <Delay = 3.25>
ST_2 : Operation 8 [1/1] (0.00ns)   --->   "%do_init = phi i1 [ true, %hls_label_2_begin ], [ false, %ReuseLoop ], [ true, %.preheader.0 ]"   --->   Operation 8 'phi' 'do_init' <Predicate = true> <Delay = 0.00>
ST_2 : Operation 9 [1/1] (0.00ns)   --->   "%w_index7 = phi i2 [ 0, %hls_label_2_begin ], [ %w_index, %ReuseLoop ], [ 0, %.preheader.0 ]"   --->   Operation 9 'phi' 'w_index7' <Predicate = true> <Delay = 0.00>
ST_2 : Operation 10 [1/1] (0.00ns)   --->   "%p_read_1 = call i8 @_ssdm_op_Read.ap_auto.i8(i8 %p_read3)" [firmware/nnet_utils/nnet_dense_resource.h:13]   --->   Operation 10 'read' 'p_read_1' <Predicate = (do_init)> <Delay = 0.00>
ST_2 : Operation 11 [1/1] (0.00ns)   --->   "%p_read_2 = call i8 @_ssdm_op_Read.ap_auto.i8(i8 %p_read2)" [firmware/nnet_utils/nnet_dense_resource.h:13]   --->   Operation 11 'read' 'p_read_2' <Predicate = (do_init)> <Delay = 0.00>
ST_2 : Operation 12 [1/1] (0.00ns)   --->   "%p_read_3 = call i8 @_ssdm_op_Read.ap_auto.i8(i8 %p_read1)" [firmware/nnet_utils/nnet_dense_resource.h:13]   --->   Operation 12 'read' 'p_read_3' <Predicate = (do_init)> <Delay = 0.00>
ST_2 : Operation 13 [1/1] (0.00ns)   --->   "%p_read_4 = call i8 @_ssdm_op_Read.ap_auto.i8(i8 %p_read)" [firmware/nnet_utils/nnet_dense_resource.h:13]   --->   Operation 13 'read' 'p_read_4' <Predicate = (do_init)> <Delay = 0.00>
ST_2 : Operation 14 [1/1] (1.76ns)   --->   "br label %ReuseLoop" [firmware/nnet_utils/nnet_dense_resource.h:46]   --->   Operation 14 'br' <Predicate = (do_init)> <Delay = 1.76>
ST_2 : Operation 15 [1/1] (0.00ns)   --->   "%zext_ln59 = zext i2 %w_index7 to i64" [firmware/nnet_utils/nnet_dense_resource.h:59]   --->   Operation 15 'zext' 'zext_ln59' <Predicate = true> <Delay = 0.00>
ST_2 : Operation 16 [1/1] (0.00ns)   --->   "%w8_V_addr = getelementptr [4 x i23]* @w8_V, i64 0, i64 %zext_ln59" [firmware/nnet_utils/nnet_dense_resource.h:59]   --->   Operation 16 'getelementptr' 'w8_V_addr' <Predicate = true> <Delay = 0.00>
ST_2 : Operation 17 [2/2] (3.25ns)   --->   "%w8_V_load = load i23* %w8_V_addr, align 4" [firmware/nnet_utils/nnet_dense_resource.h:59]   --->   Operation 17 'load' 'w8_V_load' <Predicate = true> <Delay = 3.25> <Core = "ROM_nP_BRAM">   --->   Core 55 'ROM_nP_BRAM' <Latency = 1> <II = 1> <Delay = 3.25> <Storage> <Opcode : 'load'> <Ports = 0> <Width = 23> <Depth = 4> <ROM>
ST_2 : Operation 18 [1/1] (1.56ns)   --->   "%w_index = add i2 1, %w_index7" [firmware/nnet_utils/nnet_dense_resource.h:46]   --->   Operation 18 'add' 'w_index' <Predicate = true> <Delay = 1.56> <Core = "AddSub">   --->   Core 14 'AddSub' <Latency = 0> <II = 1> <Delay = 1.56> <FuncUnit> <Opcode : 'add' 'sub'> <InPorts = 2> <OutPorts = 1>
ST_2 : Operation 19 [1/1] (0.95ns)   --->   "%icmp_ln46 = icmp eq i2 %w_index7, -1" [firmware/nnet_utils/nnet_dense_resource.h:46]   --->   Operation 19 'icmp' 'icmp_ln46' <Predicate = true> <Delay = 0.95> <Core = "Cmp">   --->   Core 25 'Cmp' <Latency = 0> <II = 1> <Delay = 0.95> <FuncUnit> <Opcode : 'icmp'> <InPorts = 2> <OutPorts = 1>
ST_2 : Operation 20 [1/1] (0.00ns)   --->   "br i1 %icmp_ln46, label %.preheader.0, label %rewind_header" [firmware/nnet_utils/nnet_dense_resource.h:46]   --->   Operation 20 'br' <Predicate = true> <Delay = 0.00>
ST_2 : Operation 21 [1/1] (0.00ns)   --->   "br label %rewind_header" [firmware/nnet_utils/nnet_dense_resource.h:84]   --->   Operation 21 'br' <Predicate = (icmp_ln46)> <Delay = 0.00>

State 3 <SV = 2> <Delay = 3.72>
ST_3 : Operation 22 [1/1] (0.00ns)   --->   "%p_read8_rewind = phi i8 [ undef, %hls_label_2_begin ], [ %p_read8_phi, %ReuseLoop ], [ undef, %.preheader.0 ]" [firmware/nnet_utils/nnet_dense_resource.h:13]   --->   Operation 22 'phi' 'p_read8_rewind' <Predicate = true> <Delay = 0.00>
ST_3 : Operation 23 [1/1] (0.00ns)   --->   "%p_read19_rewind = phi i8 [ undef, %hls_label_2_begin ], [ %p_read19_phi, %ReuseLoop ], [ undef, %.preheader.0 ]" [firmware/nnet_utils/nnet_dense_resource.h:13]   --->   Operation 23 'phi' 'p_read19_rewind' <Predicate = true> <Delay = 0.00>
ST_3 : Operation 24 [1/1] (0.00ns)   --->   "%p_read210_rewind = phi i8 [ undef, %hls_label_2_begin ], [ %p_read210_phi, %ReuseLoop ], [ undef, %.preheader.0 ]" [firmware/nnet_utils/nnet_dense_resource.h:13]   --->   Operation 24 'phi' 'p_read210_rewind' <Predicate = true> <Delay = 0.00>
ST_3 : Operation 25 [1/1] (0.00ns)   --->   "%p_read311_rewind = phi i8 [ undef, %hls_label_2_begin ], [ %p_read311_phi, %ReuseLoop ], [ undef, %.preheader.0 ]" [firmware/nnet_utils/nnet_dense_resource.h:13]   --->   Operation 25 'phi' 'p_read311_rewind' <Predicate = true> <Delay = 0.00>
ST_3 : Operation 26 [1/1] (1.76ns)   --->   "br i1 %do_init, label %hls_label_2_end, label %ReuseLoop"   --->   Operation 26 'br' <Predicate = true> <Delay = 1.76>
ST_3 : Operation 27 [1/1] (0.00ns)   --->   "%p_read8_phi = phi i8 [ %p_read_4, %hls_label_2_end ], [ %p_read8_rewind, %rewind_header ]" [firmware/nnet_utils/nnet_dense_resource.h:13]   --->   Operation 27 'phi' 'p_read8_phi' <Predicate = true> <Delay = 0.00>
ST_3 : Operation 28 [1/1] (0.00ns)   --->   "%p_read19_phi = phi i8 [ %p_read_3, %hls_label_2_end ], [ %p_read19_rewind, %rewind_header ]" [firmware/nnet_utils/nnet_dense_resource.h:13]   --->   Operation 28 'phi' 'p_read19_phi' <Predicate = true> <Delay = 0.00>
ST_3 : Operation 29 [1/1] (0.00ns)   --->   "%p_read210_phi = phi i8 [ %p_read_2, %hls_label_2_end ], [ %p_read210_rewind, %rewind_header ]" [firmware/nnet_utils/nnet_dense_resource.h:13]   --->   Operation 29 'phi' 'p_read210_phi' <Predicate = true> <Delay = 0.00>
ST_3 : Operation 30 [1/1] (0.00ns)   --->   "%p_read311_phi = phi i8 [ %p_read_1, %hls_label_2_end ], [ %p_read311_rewind, %rewind_header ]" [firmware/nnet_utils/nnet_dense_resource.h:13]   --->   Operation 30 'phi' 'p_read311_phi' <Predicate = true> <Delay = 0.00>
ST_3 : Operation 31 [1/1] (1.95ns)   --->   "%tmp_34 = call i8 @_ssdm_op_Mux.ap_auto.4i8.i2(i8 %p_read8_phi, i8 %p_read19_phi, i8 %p_read210_phi, i8 %p_read311_phi, i2 %w_index7)" [firmware/nnet_utils/nnet_dense_resource.h:59]   --->   Operation 31 'mux' 'tmp_34' <Predicate = true> <Delay = 1.95> <Core = "MuxnS">   --->   Core 31 'MuxnS' <Latency = 0> <II = 1> <Delay = 2.47> <FuncUnit> <Opcode : 'mux'> <InPorts = 2> <OutPorts = 1>
ST_3 : Operation 32 [1/2] (3.25ns)   --->   "%w8_V_load = load i23* %w8_V_addr, align 4" [firmware/nnet_utils/nnet_dense_resource.h:59]   --->   Operation 32 'load' 'w8_V_load' <Predicate = true> <Delay = 3.25> <Core = "ROM_nP_BRAM">   --->   Core 55 'ROM_nP_BRAM' <Latency = 1> <II = 1> <Delay = 3.25> <Storage> <Opcode : 'load'> <Ports = 0> <Width = 23> <Depth = 4> <ROM>
ST_3 : Operation 33 [1/1] (0.00ns)   --->   "%trunc_ln59 = trunc i23 %w8_V_load to i8" [firmware/nnet_utils/nnet_dense_resource.h:59]   --->   Operation 33 'trunc' 'trunc_ln59' <Predicate = true> <Delay = 0.00>
ST_3 : Operation 34 [1/1] (0.00ns)   --->   "%tmp_29 = call i8 @_ssdm_op_PartSelect.i8.i23.i32.i32(i23 %w8_V_load, i32 8, i32 15)" [firmware/nnet_utils/nnet_dense_resource.h:59]   --->   Operation 34 'partselect' 'tmp_29' <Predicate = true> <Delay = 0.00>
ST_3 : Operation 35 [1/1] (0.00ns)   --->   "%tmp_35 = call i7 @_ssdm_op_PartSelect.i7.i23.i32.i32(i23 %w8_V_load, i32 16, i32 22)" [firmware/nnet_utils/nnet_dense_resource.h:59]   --->   Operation 35 'partselect' 'tmp_35' <Predicate = true> <Delay = 0.00>

State 4 <SV = 3> <Delay = 4.17>
ST_4 : Operation 36 [1/1] (0.00ns)   --->   "%zext_ln1116 = zext i8 %tmp_34 to i16" [firmware/nnet_utils/nnet_mult.h:73->firmware/nnet_utils/nnet_dense_resource.h:59]   --->   Operation 36 'zext' 'zext_ln1116' <Predicate = true> <Delay = 0.00>
ST_4 : Operation 37 [1/1] (0.00ns)   --->   "%sext_ln1118 = sext i8 %trunc_ln59 to i16" [firmware/nnet_utils/nnet_mult.h:73->firmware/nnet_utils/nnet_dense_resource.h:59]   --->   Operation 37 'sext' 'sext_ln1118' <Predicate = true> <Delay = 0.00>
ST_4 : Operation 38 [1/1] (4.17ns)   --->   "%mul_ln1118 = mul i16 %zext_ln1116, %sext_ln1118" [firmware/nnet_utils/nnet_mult.h:73->firmware/nnet_utils/nnet_dense_resource.h:59]   --->   Operation 38 'mul' 'mul_ln1118' <Predicate = true> <Delay = 4.17> <Core = "Mul">   --->   Core 16 'Mul' <Latency = 0> <II = 1> <Delay = 4.17> <FuncUnit> <Opcode : 'mul'> <InPorts = 2> <OutPorts = 1>
ST_4 : Operation 39 [1/1] (0.00ns)   --->   "%trunc_ln = call i15 @_ssdm_op_PartSelect.i15.i16.i32.i32(i16 %mul_ln1118, i32 1, i32 15)" [firmware/nnet_utils/nnet_dense_resource.h:59]   --->   Operation 39 'partselect' 'trunc_ln' <Predicate = true> <Delay = 0.00>
ST_4 : Operation 40 [1/1] (0.00ns)   --->   "%sext_ln1118_1 = sext i8 %tmp_29 to i16" [firmware/nnet_utils/nnet_mult.h:73->firmware/nnet_utils/nnet_dense_resource.h:59]   --->   Operation 40 'sext' 'sext_ln1118_1' <Predicate = true> <Delay = 0.00>
ST_4 : Operation 41 [1/1] (4.17ns)   --->   "%mul_ln1118_1 = mul i16 %zext_ln1116, %sext_ln1118_1" [firmware/nnet_utils/nnet_mult.h:73->firmware/nnet_utils/nnet_dense_resource.h:59]   --->   Operation 41 'mul' 'mul_ln1118_1' <Predicate = true> <Delay = 4.17> <Core = "Mul">   --->   Core 16 'Mul' <Latency = 0> <II = 1> <Delay = 4.17> <FuncUnit> <Opcode : 'mul'> <InPorts = 2> <OutPorts = 1>
ST_4 : Operation 42 [1/1] (0.00ns)   --->   "%trunc_ln708_s = call i15 @_ssdm_op_PartSelect.i15.i16.i32.i32(i16 %mul_ln1118_1, i32 1, i32 15)" [firmware/nnet_utils/nnet_dense_resource.h:59]   --->   Operation 42 'partselect' 'trunc_ln708_s' <Predicate = true> <Delay = 0.00>
ST_4 : Operation 43 [1/1] (0.00ns)   --->   "%zext_ln1118 = zext i8 %tmp_34 to i15" [firmware/nnet_utils/nnet_mult.h:73->firmware/nnet_utils/nnet_dense_resource.h:59]   --->   Operation 43 'zext' 'zext_ln1118' <Predicate = true> <Delay = 0.00>
ST_4 : Operation 44 [1/1] (0.00ns)   --->   "%sext_ln1118_2 = sext i7 %tmp_35 to i15" [firmware/nnet_utils/nnet_mult.h:73->firmware/nnet_utils/nnet_dense_resource.h:59]   --->   Operation 44 'sext' 'sext_ln1118_2' <Predicate = true> <Delay = 0.00>
ST_4 : Operation 45 [1/1] (4.17ns)   --->   "%mul_ln1118_2 = mul i15 %sext_ln1118_2, %zext_ln1118" [firmware/nnet_utils/nnet_mult.h:73->firmware/nnet_utils/nnet_dense_resource.h:59]   --->   Operation 45 'mul' 'mul_ln1118_2' <Predicate = true> <Delay = 4.17> <Core = "Mul">   --->   Core 16 'Mul' <Latency = 0> <II = 1> <Delay = 4.17> <FuncUnit> <Opcode : 'mul'> <InPorts = 2> <OutPorts = 1>
ST_4 : Operation 46 [1/1] (0.00ns)   --->   "%trunc_ln708_1 = call i14 @_ssdm_op_PartSelect.i14.i15.i32.i32(i15 %mul_ln1118_2, i32 1, i32 14)" [firmware/nnet_utils/nnet_dense_resource.h:59]   --->   Operation 46 'partselect' 'trunc_ln708_1' <Predicate = true> <Delay = 0.00>

State 5 <SV = 4> <Delay = 2.07>
ST_5 : Operation 47 [1/1] (0.00ns)   --->   "%p_Val2_6 = phi i16 [ 0, %hls_label_2_begin ], [ %acc_0_V, %ReuseLoop ], [ 0, %.preheader.0 ]"   --->   Operation 47 'phi' 'p_Val2_6' <Predicate = true> <Delay = 0.00>
ST_5 : Operation 48 [1/1] (0.00ns)   --->   "%p_Val2_14 = phi i16 [ -128, %hls_label_2_begin ], [ %acc_1_V, %ReuseLoop ], [ -128, %.preheader.0 ]"   --->   Operation 48 'phi' 'p_Val2_14' <Predicate = true> <Delay = 0.00>
ST_5 : Operation 49 [1/1] (0.00ns)   --->   "%p_Val2_22 = phi i16 [ 160, %hls_label_2_begin ], [ %acc_2_V, %ReuseLoop ], [ 160, %.preheader.0 ]"   --->   Operation 49 'phi' 'p_Val2_22' <Predicate = true> <Delay = 0.00>
ST_5 : Operation 50 [1/1] (0.00ns)   --->   "call void (...)* @_ssdm_op_SpecMemCore([4 x i23]* @w8_V, [1 x i8]* @p_str13, [12 x i8]* @p_str17, [1 x i8]* @p_str13, i32 -1, [1 x i8]* @p_str13, [1 x i8]* @p_str13, [1 x i8]* @p_str13, [1 x i8]* @p_str13, [1 x i8]* @p_str13)"   --->   Operation 50 'specmemcore' <Predicate = (do_init)> <Delay = 0.00>
ST_5 : Operation 51 [1/1] (0.00ns)   --->   "%empty_31 = call i32 (...)* @_ssdm_op_SpecRegionEnd([12 x i8]* @p_str24, i32 %tmp)" [firmware/nnet_utils/nnet_dense_resource.h:34]   --->   Operation 51 'specregionend' 'empty_31' <Predicate = (do_init)> <Delay = 0.00>
ST_5 : Operation 52 [1/1] (0.00ns)   --->   "call void (...)* @_ssdm_op_SpecLoopName([10 x i8]* @p_str19) nounwind" [firmware/nnet_utils/nnet_dense_resource.h:46]   --->   Operation 52 'specloopname' <Predicate = true> <Delay = 0.00>
ST_5 : Operation 53 [1/1] (0.00ns)   --->   "%tmp_s = call i32 (...)* @_ssdm_op_SpecRegionBegin([10 x i8]* @p_str19)" [firmware/nnet_utils/nnet_dense_resource.h:46]   --->   Operation 53 'specregionbegin' 'tmp_s' <Predicate = true> <Delay = 0.00>
ST_5 : Operation 54 [1/1] (0.00ns)   --->   "call void (...)* @_ssdm_op_SpecPipeline(i32 1, i32 1, i32 1, i32 0, [1 x i8]* @p_str13) nounwind" [firmware/nnet_utils/nnet_dense_resource.h:47]   --->   Operation 54 'specpipeline' <Predicate = true> <Delay = 0.00>
ST_5 : Operation 55 [1/1] (0.00ns)   --->   "%sext_ln708 = sext i15 %trunc_ln to i16" [firmware/nnet_utils/nnet_dense_resource.h:59]   --->   Operation 55 'sext' 'sext_ln708' <Predicate = true> <Delay = 0.00>
ST_5 : Operation 56 [1/1] (2.07ns)   --->   "%acc_0_V = add i16 %p_Val2_6, %sext_ln708" [firmware/nnet_utils/nnet_dense_resource.h:59]   --->   Operation 56 'add' 'acc_0_V' <Predicate = true> <Delay = 2.07> <Core = "AddSub">   --->   Core 14 'AddSub' <Latency = 0> <II = 1> <Delay = 1.56> <FuncUnit> <Opcode : 'add' 'sub'> <InPorts = 2> <OutPorts = 1>
ST_5 : Operation 57 [1/1] (0.00ns)   --->   "%sext_ln708_1 = sext i15 %trunc_ln708_s to i16" [firmware/nnet_utils/nnet_dense_resource.h:59]   --->   Operation 57 'sext' 'sext_ln708_1' <Predicate = true> <Delay = 0.00>
ST_5 : Operation 58 [1/1] (2.07ns)   --->   "%acc_1_V = add i16 %p_Val2_14, %sext_ln708_1" [firmware/nnet_utils/nnet_dense_resource.h:59]   --->   Operation 58 'add' 'acc_1_V' <Predicate = true> <Delay = 2.07> <Core = "AddSub">   --->   Core 14 'AddSub' <Latency = 0> <II = 1> <Delay = 1.56> <FuncUnit> <Opcode : 'add' 'sub'> <InPorts = 2> <OutPorts = 1>
ST_5 : Operation 59 [1/1] (0.00ns)   --->   "%sext_ln708_2 = sext i14 %trunc_ln708_1 to i16" [firmware/nnet_utils/nnet_dense_resource.h:59]   --->   Operation 59 'sext' 'sext_ln708_2' <Predicate = true> <Delay = 0.00>
ST_5 : Operation 60 [1/1] (2.07ns)   --->   "%acc_2_V = add i16 %p_Val2_22, %sext_ln708_2" [firmware/nnet_utils/nnet_dense_resource.h:59]   --->   Operation 60 'add' 'acc_2_V' <Predicate = true> <Delay = 2.07> <Core = "AddSub">   --->   Core 14 'AddSub' <Latency = 0> <II = 1> <Delay = 1.56> <FuncUnit> <Opcode : 'add' 'sub'> <InPorts = 2> <OutPorts = 1>
ST_5 : Operation 61 [1/1] (0.00ns)   --->   "%empty = call i32 (...)* @_ssdm_op_SpecRegionEnd([10 x i8]* @p_str19, i32 %tmp_s)" [firmware/nnet_utils/nnet_dense_resource.h:76]   --->   Operation 61 'specregionend' 'empty' <Predicate = true> <Delay = 0.00>
ST_5 : Operation 62 [1/1] (0.00ns)   --->   "%empty_30 = call i32 (...)* @_ssdm_op_SpecLoopTripCount(i64 4, i64 4, i64 4)"   --->   Operation 62 'speclooptripcount' 'empty_30' <Predicate = true> <Delay = 0.00>
ST_5 : Operation 63 [1/1] (0.00ns)   --->   "%res_0_V_write_assign = call i17 @_ssdm_op_BitConcatenate.i17.i16.i1(i16 %acc_0_V, i1 false)" [firmware/nnet_utils/nnet_mult.h:111->firmware/nnet_utils/nnet_dense_resource.h:82]   --->   Operation 63 'bitconcatenate' 'res_0_V_write_assign' <Predicate = (icmp_ln46)> <Delay = 0.00>
ST_5 : Operation 64 [1/1] (0.00ns)   --->   "%res_1_V_write_assign = call i17 @_ssdm_op_BitConcatenate.i17.i16.i1(i16 %acc_1_V, i1 false)" [firmware/nnet_utils/nnet_mult.h:111->firmware/nnet_utils/nnet_dense_resource.h:82]   --->   Operation 64 'bitconcatenate' 'res_1_V_write_assign' <Predicate = (icmp_ln46)> <Delay = 0.00>
ST_5 : Operation 65 [1/1] (0.00ns)   --->   "%res_2_V_write_assign = call i17 @_ssdm_op_BitConcatenate.i17.i16.i1(i16 %acc_2_V, i1 false)" [firmware/nnet_utils/nnet_mult.h:111->firmware/nnet_utils/nnet_dense_resource.h:82]   --->   Operation 65 'bitconcatenate' 'res_2_V_write_assign' <Predicate = (icmp_ln46)> <Delay = 0.00>
ST_5 : Operation 66 [1/1] (0.00ns)   --->   "%mrv = insertvalue { i17, i17, i17 } undef, i17 %res_0_V_write_assign, 0" [firmware/nnet_utils/nnet_dense_resource.h:84]   --->   Operation 66 'insertvalue' 'mrv' <Predicate = (icmp_ln46)> <Delay = 0.00>
ST_5 : Operation 67 [1/1] (0.00ns)   --->   "%mrv_1 = insertvalue { i17, i17, i17 } %mrv, i17 %res_1_V_write_assign, 1" [firmware/nnet_utils/nnet_dense_resource.h:84]   --->   Operation 67 'insertvalue' 'mrv_1' <Predicate = (icmp_ln46)> <Delay = 0.00>
ST_5 : Operation 68 [1/1] (0.00ns)   --->   "%mrv_2 = insertvalue { i17, i17, i17 } %mrv_1, i17 %res_2_V_write_assign, 2" [firmware/nnet_utils/nnet_dense_resource.h:84]   --->   Operation 68 'insertvalue' 'mrv_2' <Predicate = (icmp_ln46)> <Delay = 0.00>
ST_5 : Operation 69 [1/1] (0.00ns)   --->   "call void (...)* @_ssdm_op_Return({ i17, i17, i17 } %mrv_2)" [firmware/nnet_utils/nnet_dense_resource.h:84]   --->   Operation 69 'return' <Predicate = (icmp_ln46)> <Delay = 0.00>


============================================================
+ Verbose Summary: Binding
============================================================
STG Binding: 
---------------- STG Properties BEGIN ----------------
- Is combinational: 0
- Is one-state seq: 0
- Is datapath-only: 0
- Is pipelined: 0
- Is top level: 0
Port [ Return ] is wired: 1; IO mode=ap_ctrl_hs:ce=0
Port [ p_read]:  wired=1; compound=0; hidden=0; nouse=0; global=0; static=0; extern=0; dir=0; type=0; pingpong=0; private_global=0; IO mode=ap_none:ce=0
Port [ p_read1]:  wired=1; compound=0; hidden=0; nouse=0; global=0; static=0; extern=0; dir=0; type=0; pingpong=0; private_global=0; IO mode=ap_none:ce=0
Port [ p_read2]:  wired=1; compound=0; hidden=0; nouse=0; global=0; static=0; extern=0; dir=0; type=0; pingpong=0; private_global=0; IO mode=ap_none:ce=0
Port [ p_read3]:  wired=1; compound=0; hidden=0; nouse=0; global=0; static=0; extern=0; dir=0; type=0; pingpong=0; private_global=0; IO mode=ap_none:ce=0
Port [ w8_V]:  wired=0; compound=1; hidden=1; nouse=0; global=1; static=0; extern=0; dir=0; type=1; pingpong=0; private_global=1; linkage=0; visibility=0; MemPort=[1]; IO mode=ap_memory:ce=0
---------------- STG Properties END ------------------

---------------- Datapath Model BEGIN ----------------

<LifeTime>
<method=bitvector/>
tmp                  (specregionbegin  ) [ 001111]
br_ln46              (br               ) [ 011111]
do_init              (phi              ) [ 001111]
w_index7             (phi              ) [ 001111]
p_read_1             (read             ) [ 001111]
p_read_2             (read             ) [ 001111]
p_read_3             (read             ) [ 001111]
p_read_4             (read             ) [ 001111]
br_ln46              (br               ) [ 001111]
zext_ln59            (zext             ) [ 000000]
w8_V_addr            (getelementptr    ) [ 001100]
w_index              (add              ) [ 011111]
icmp_ln46            (icmp             ) [ 001111]
br_ln46              (br               ) [ 011111]
br_ln84              (br               ) [ 011111]
p_read8_rewind       (phi              ) [ 001100]
p_read19_rewind      (phi              ) [ 001100]
p_read210_rewind     (phi              ) [ 001100]
p_read311_rewind     (phi              ) [ 001100]
br_ln0               (br               ) [ 000000]
p_read8_phi          (phi              ) [ 011111]
p_read19_phi         (phi              ) [ 011111]
p_read210_phi        (phi              ) [ 011111]
p_read311_phi        (phi              ) [ 011111]
tmp_34               (mux              ) [ 001010]
w8_V_load            (load             ) [ 000000]
trunc_ln59           (trunc            ) [ 001010]
tmp_29               (partselect       ) [ 001010]
tmp_35               (partselect       ) [ 001010]
zext_ln1116          (zext             ) [ 000000]
sext_ln1118          (sext             ) [ 000000]
mul_ln1118           (mul              ) [ 000000]
trunc_ln             (partselect       ) [ 001001]
sext_ln1118_1        (sext             ) [ 000000]
mul_ln1118_1         (mul              ) [ 000000]
trunc_ln708_s        (partselect       ) [ 001001]
zext_ln1118          (zext             ) [ 000000]
sext_ln1118_2        (sext             ) [ 000000]
mul_ln1118_2         (mul              ) [ 000000]
trunc_ln708_1        (partselect       ) [ 001001]
p_Val2_6             (phi              ) [ 001111]
p_Val2_14            (phi              ) [ 001111]
p_Val2_22            (phi              ) [ 001111]
specmemcore_ln0      (specmemcore      ) [ 000000]
empty_31             (specregionend    ) [ 000000]
specloopname_ln46    (specloopname     ) [ 000000]
tmp_s                (specregionbegin  ) [ 000000]
specpipeline_ln47    (specpipeline     ) [ 000000]
sext_ln708           (sext             ) [ 000000]
acc_0_V              (add              ) [ 011111]
sext_ln708_1         (sext             ) [ 000000]
acc_1_V              (add              ) [ 011111]
sext_ln708_2         (sext             ) [ 000000]
acc_2_V              (add              ) [ 011111]
empty                (specregionend    ) [ 000000]
empty_30             (speclooptripcount) [ 000000]
res_0_V_write_assign (bitconcatenate   ) [ 000000]
res_1_V_write_assign (bitconcatenate   ) [ 000000]
res_2_V_write_assign (bitconcatenate   ) [ 000000]
mrv                  (insertvalue      ) [ 000000]
mrv_1                (insertvalue      ) [ 000000]
mrv_2                (insertvalue      ) [ 000000]
return_ln84          (return           ) [ 000000]
</LifeTime>

<model>

<comp_list>
<comp id="0" class="1000" name="p_read">
<pin_list>
<pin id="1" dir="1" index="0" bw="1" slack="0"/>
</pin_list>
<bind>
<StgValue><ssdm name="p_read"/></StgValue>
</bind>
</comp>

<comp id="2" class="1000" name="p_read1">
<pin_list>
<pin id="3" dir="1" index="0" bw="1" slack="0"/>
</pin_list>
<bind>
<StgValue><ssdm name="p_read1"/></StgValue>
</bind>
</comp>

<comp id="4" class="1000" name="p_read2">
<pin_list>
<pin id="5" dir="1" index="0" bw="1" slack="0"/>
</pin_list>
<bind>
<StgValue><ssdm name="p_read2"/></StgValue>
</bind>
</comp>

<comp id="6" class="1000" name="p_read3">
<pin_list>
<pin id="7" dir="1" index="0" bw="1" slack="0"/>
</pin_list>
<bind>
<StgValue><ssdm name="p_read3"/></StgValue>
</bind>
</comp>

<comp id="8" class="1000" name="w8_V">
<pin_list>
<pin id="9" dir="1" index="0" bw="1" slack="0"/>
</pin_list>
<bind>
<StgValue><ssdm name="w8_V"/><MemPortTyVec>1 </MemPortTyVec>
</StgValue>
</bind>
</comp>

<comp id="10" class="1001" name="const_10">
<pin_list>
<pin id="11" dir="1" index="0" bw="1" slack="2147483647"/>
</pin_list>
<bind>
<StgValue><ssdm name="_ssdm_op_SpecRegionBegin"/></StgValue>
</bind>
</comp>

<comp id="12" class="1001" name="const_12">
<pin_list>
<pin id="13" dir="1" index="0" bw="1" slack="2147483647"/>
</pin_list>
<bind>
<StgValue><ssdm name="p_str24"/></StgValue>
</bind>
</comp>

<comp id="14" class="1001" name="const_14">
<pin_list>
<pin id="15" dir="1" index="0" bw="1" slack="0"/>
</pin_list>
<bind>
<StgValue><ssdm name=""/></StgValue>
</bind>
</comp>

<comp id="16" class="1001" name="const_16">
<pin_list>
<pin id="17" dir="1" index="0" bw="1" slack="0"/>
</pin_list>
<bind>
<StgValue><ssdm name=""/></StgValue>
</bind>
</comp>

<comp id="18" class="1001" name="const_18">
<pin_list>
<pin id="19" dir="1" index="0" bw="1" slack="0"/>
</pin_list>
<bind>
<StgValue><ssdm name=""/></StgValue>
</bind>
</comp>

<comp id="20" class="1001" name="const_20">
<pin_list>
<pin id="21" dir="1" index="0" bw="1" slack="0"/>
</pin_list>
<bind>
<StgValue><ssdm name="_ssdm_op_Read.ap_auto.i8"/></StgValue>
</bind>
</comp>

<comp id="22" class="1001" name="const_22">
<pin_list>
<pin id="23" dir="1" index="0" bw="1" slack="0"/>
</pin_list>
<bind>
<StgValue><ssdm name=""/></StgValue>
</bind>
</comp>

<comp id="24" class="1001" name="const_24">
<pin_list>
<pin id="25" dir="1" index="0" bw="1" slack="0"/>
</pin_list>
<bind>
<StgValue><ssdm name=""/></StgValue>
</bind>
</comp>

<comp id="26" class="1001" name="const_26">
<pin_list>
<pin id="27" dir="1" index="0" bw="1" slack="0"/>
</pin_list>
<bind>
<StgValue><ssdm name=""/></StgValue>
</bind>
</comp>

<comp id="28" class="1001" name="const_28">
<pin_list>
<pin id="29" dir="1" index="0" bw="1" slack="1"/>
</pin_list>
<bind>
<StgValue><ssdm name=""/></StgValue>
</bind>
</comp>

<comp id="30" class="1001" name="const_30">
<pin_list>
<pin id="31" dir="1" index="0" bw="1" slack="0"/>
</pin_list>
<bind>
<StgValue><ssdm name="_ssdm_op_Mux.ap_auto.4i8.i2"/></StgValue>
</bind>
</comp>

<comp id="32" class="1001" name="const_32">
<pin_list>
<pin id="33" dir="1" index="0" bw="1" slack="0"/>
</pin_list>
<bind>
<StgValue><ssdm name="_ssdm_op_PartSelect.i8.i23.i32.i32"/></StgValue>
</bind>
</comp>

<comp id="34" class="1001" name="const_34">
<pin_list>
<pin id="35" dir="1" index="0" bw="1" slack="0"/>
</pin_list>
<bind>
<StgValue><ssdm name=""/></StgValue>
</bind>
</comp>

<comp id="36" class="1001" name="const_36">
<pin_list>
<pin id="37" dir="1" index="0" bw="1" slack="0"/>
</pin_list>
<bind>
<StgValue><ssdm name=""/></StgValue>
</bind>
</comp>

<comp id="38" class="1001" name="const_38">
<pin_list>
<pin id="39" dir="1" index="0" bw="1" slack="0"/>
</pin_list>
<bind>
<StgValue><ssdm name="_ssdm_op_PartSelect.i7.i23.i32.i32"/></StgValue>
</bind>
</comp>

<comp id="40" class="1001" name="const_40">
<pin_list>
<pin id="41" dir="1" index="0" bw="1" slack="0"/>
</pin_list>
<bind>
<StgValue><ssdm name=""/></StgValue>
</bind>
</comp>

<comp id="42" class="1001" name="const_42">
<pin_list>
<pin id="43" dir="1" index="0" bw="1" slack="0"/>
</pin_list>
<bind>
<StgValue><ssdm name=""/></StgValue>
</bind>
</comp>

<comp id="44" class="1001" name="const_44">
<pin_list>
<pin id="45" dir="1" index="0" bw="1" slack="0"/>
</pin_list>
<bind>
<StgValue><ssdm name="_ssdm_op_PartSelect.i15.i16.i32.i32"/></StgValue>
</bind>
</comp>

<comp id="46" class="1001" name="const_46">
<pin_list>
<pin id="47" dir="1" index="0" bw="1" slack="0"/>
</pin_list>
<bind>
<StgValue><ssdm name=""/></StgValue>
</bind>
</comp>

<comp id="48" class="1001" name="const_48">
<pin_list>
<pin id="49" dir="1" index="0" bw="1" slack="0"/>
</pin_list>
<bind>
<StgValue><ssdm name="_ssdm_op_PartSelect.i14.i15.i32.i32"/></StgValue>
</bind>
</comp>

<comp id="50" class="1001" name="const_50">
<pin_list>
<pin id="51" dir="1" index="0" bw="1" slack="0"/>
</pin_list>
<bind>
<StgValue><ssdm name=""/></StgValue>
</bind>
</comp>

<comp id="52" class="1001" name="const_52">
<pin_list>
<pin id="53" dir="1" index="0" bw="1" slack="3"/>
</pin_list>
<bind>
<StgValue><ssdm name=""/></StgValue>
</bind>
</comp>

<comp id="54" class="1001" name="const_54">
<pin_list>
<pin id="55" dir="1" index="0" bw="1" slack="3"/>
</pin_list>
<bind>
<StgValue><ssdm name=""/></StgValue>
</bind>
</comp>

<comp id="56" class="1001" name="const_56">
<pin_list>
<pin id="57" dir="1" index="0" bw="1" slack="3"/>
</pin_list>
<bind>
<StgValue><ssdm name=""/></StgValue>
</bind>
</comp>

<comp id="58" class="1001" name="const_58">
<pin_list>
<pin id="59" dir="1" index="0" bw="1" slack="2147483647"/>
</pin_list>
<bind>
<StgValue><ssdm name="_ssdm_op_SpecMemCore"/></StgValue>
</bind>
</comp>

<comp id="60" class="1001" name="const_60">
<pin_list>
<pin id="61" dir="1" index="0" bw="1" slack="2147483647"/>
</pin_list>
<bind>
<StgValue><ssdm name="p_str13"/></StgValue>
</bind>
</comp>

<comp id="62" class="1001" name="const_62">
<pin_list>
<pin id="63" dir="1" index="0" bw="1" slack="2147483647"/>
</pin_list>
<bind>
<StgValue><ssdm name="p_str17"/></StgValue>
</bind>
</comp>

<comp id="64" class="1001" name="const_64">
<pin_list>
<pin id="65" dir="1" index="0" bw="1" slack="2147483647"/>
</pin_list>
<bind>
<StgValue><ssdm name=""/></StgValue>
</bind>
</comp>

<comp id="66" class="1001" name="const_66">
<pin_list>
<pin id="67" dir="1" index="0" bw="1" slack="2147483647"/>
</pin_list>
<bind>
<StgValue><ssdm name="_ssdm_op_SpecRegionEnd"/></StgValue>
</bind>
</comp>

<comp id="68" class="1001" name="const_68">
<pin_list>
<pin id="69" dir="1" index="0" bw="1" slack="2147483647"/>
</pin_list>
<bind>
<StgValue><ssdm name="_ssdm_op_SpecLoopName"/></StgValue>
</bind>
</comp>

<comp id="70" class="1001" name="const_70">
<pin_list>
<pin id="71" dir="1" index="0" bw="1" slack="2147483647"/>
</pin_list>
<bind>
<StgValue><ssdm name="p_str19"/></StgValue>
</bind>
</comp>

<comp id="72" class="1001" name="const_72">
<pin_list>
<pin id="73" dir="1" index="0" bw="1" slack="2147483647"/>
</pin_list>
<bind>
<StgValue><ssdm name="_ssdm_op_SpecPipeline"/></StgValue>
</bind>
</comp>

<comp id="74" class="1001" name="const_74">
<pin_list>
<pin id="75" dir="1" index="0" bw="1" slack="2147483647"/>
</pin_list>
<bind>
<StgValue><ssdm name=""/></StgValue>
</bind>
</comp>

<comp id="76" class="1001" name="const_76">
<pin_list>
<pin id="77" dir="1" index="0" bw="1" slack="2147483647"/>
</pin_list>
<bind>
<StgValue><ssdm name="_ssdm_op_SpecLoopTripCount"/></StgValue>
</bind>
</comp>

<comp id="78" class="1001" name="const_78">
<pin_list>
<pin id="79" dir="1" index="0" bw="1" slack="2147483647"/>
</pin_list>
<bind>
<StgValue><ssdm name=""/></StgValue>
</bind>
</comp>

<comp id="80" class="1001" name="const_80">
<pin_list>
<pin id="81" dir="1" index="0" bw="1" slack="0"/>
</pin_list>
<bind>
<StgValue><ssdm name="_ssdm_op_BitConcatenate.i17.i16.i1"/></StgValue>
</bind>
</comp>

<comp id="82" class="1001" name="const_82">
<pin_list>
<pin id="83" dir="1" index="0" bw="1" slack="0"/>
</pin_list>
<bind>
<StgValue><ssdm name=""/></StgValue>
</bind>
</comp>

<comp id="84" class="1004" name="p_read_1_read_fu_84">
<pin_list>
<pin id="85" dir="0" index="0" bw="8" slack="0"/>
<pin id="86" dir="0" index="1" bw="8" slack="0"/>
<pin id="87" dir="1" index="2" bw="8" slack="1"/>
</pin_list>
<bind>
<opcode="read(1150) " fcode="read"/>
<opset="p_read_1/2 "/>
</bind>
</comp>

<comp id="90" class="1004" name="p_read_2_read_fu_90">
<pin_list>
<pin id="91" dir="0" index="0" bw="8" slack="0"/>
<pin id="92" dir="0" index="1" bw="8" slack="0"/>
<pin id="93" dir="1" index="2" bw="8" slack="1"/>
</pin_list>
<bind>
<opcode="read(1150) " fcode="read"/>
<opset="p_read_2/2 "/>
</bind>
</comp>

<comp id="96" class="1004" name="p_read_3_read_fu_96">
<pin_list>
<pin id="97" dir="0" index="0" bw="8" slack="0"/>
<pin id="98" dir="0" index="1" bw="8" slack="0"/>
<pin id="99" dir="1" index="2" bw="8" slack="1"/>
</pin_list>
<bind>
<opcode="read(1150) " fcode="read"/>
<opset="p_read_3/2 "/>
</bind>
</comp>

<comp id="102" class="1004" name="p_read_4_read_fu_102">
<pin_list>
<pin id="103" dir="0" index="0" bw="8" slack="0"/>
<pin id="104" dir="0" index="1" bw="8" slack="0"/>
<pin id="105" dir="1" index="2" bw="8" slack="1"/>
</pin_list>
<bind>
<opcode="read(1150) " fcode="read"/>
<opset="p_read_4/2 "/>
</bind>
</comp>

<comp id="108" class="1004" name="w8_V_addr_gep_fu_108">
<pin_list>
<pin id="109" dir="0" index="0" bw="23" slack="0"/>
<pin id="110" dir="0" index="1" bw="1" slack="0"/>
<pin id="111" dir="0" index="2" bw="2" slack="0"/>
<pin id="112" dir="1" index="3" bw="2" slack="0"/>
</pin_list>
<bind>
<opcode="getelementptr(29) " fcode="getelementptr"/>
<opset="w8_V_addr/2 "/>
</bind>
</comp>

<comp id="115" class="1004" name="grp_access_fu_115">
<pin_list>
<pin id="116" dir="0" index="0" bw="2" slack="0"/>
<pin id="117" dir="0" index="1" bw="23" slack="2147483647"/>
<pin id="118" dir="0" index="2" bw="0" slack="2147483647"/>
<pin id="119" dir="1" index="3" bw="23" slack="0"/>
</pin_list>
<bind>
<opcode="load(27) " fcode="load"/>
<opset="w8_V_load/2 "/>
</bind>
</comp>

<comp id="121" class="1005" name="do_init_reg_121">
<pin_list>
<pin id="122" dir="0" index="0" bw="1" slack="1"/>
<pin id="123" dir="1" index="1" bw="1" slack="1"/>
</pin_list>
<bind>
<opset="do_init (phireg) "/>
</bind>
</comp>

<comp id="125" class="1004" name="do_init_phi_fu_125">
<pin_list>
<pin id="126" dir="0" index="0" bw="1" slack="1"/>
<pin id="127" dir="0" index="1" bw="0" slack="2147483647"/>
<pin id="128" dir="0" index="2" bw="1" slack="0"/>
<pin id="129" dir="0" index="3" bw="0" slack="2147483647"/>
<pin id="130" dir="0" index="4" bw="1" slack="0"/>
<pin id="131" dir="0" index="5" bw="0" slack="2147483647"/>
<pin id="132" dir="1" index="6" bw="1" slack="1"/>
</pin_list>
<bind>
<opcode="phi(47) " fcode="phi"/>
<opset="do_init/2 "/>
</bind>
</comp>

<comp id="137" class="1005" name="w_index7_reg_137">
<pin_list>
<pin id="138" dir="0" index="0" bw="2" slack="1"/>
<pin id="139" dir="1" index="1" bw="2" slack="1"/>
</pin_list>
<bind>
<opset="w_index7 (phireg) "/>
</bind>
</comp>

<comp id="141" class="1004" name="w_index7_phi_fu_141">
<pin_list>
<pin id="142" dir="0" index="0" bw="1" slack="1"/>
<pin id="143" dir="0" index="1" bw="0" slack="2147483647"/>
<pin id="144" dir="0" index="2" bw="2" slack="0"/>
<pin id="145" dir="0" index="3" bw="0" slack="2147483647"/>
<pin id="146" dir="0" index="4" bw="1" slack="0"/>
<pin id="147" dir="0" index="5" bw="0" slack="2147483647"/>
<pin id="148" dir="1" index="6" bw="2" slack="0"/>
</pin_list>
<bind>
<opcode="phi(47) " fcode="phi"/>
<opset="w_index7/2 "/>
</bind>
</comp>

<comp id="152" class="1005" name="p_read8_rewind_reg_152">
<pin_list>
<pin id="153" dir="0" index="0" bw="8" slack="1"/>
<pin id="154" dir="1" index="1" bw="8" slack="1"/>
</pin_list>
<bind>
<opset="p_read8_rewind (phireg) "/>
</bind>
</comp>

<comp id="156" class="1004" name="p_read8_rewind_phi_fu_156">
<pin_list>
<pin id="157" dir="0" index="0" bw="1" slack="2"/>
<pin id="158" dir="0" index="1" bw="0" slack="2147483647"/>
<pin id="159" dir="0" index="2" bw="8" slack="0"/>
<pin id="160" dir="0" index="3" bw="0" slack="2147483647"/>
<pin id="161" dir="0" index="4" bw="1" slack="1"/>
<pin id="162" dir="0" index="5" bw="0" slack="2147483647"/>
<pin id="163" dir="1" index="6" bw="8" slack="0"/>
</pin_list>
<bind>
<opcode="phi(47) " fcode="phi"/>
<opset="p_read8_rewind/3 "/>
</bind>
</comp>

<comp id="166" class="1005" name="p_read19_rewind_reg_166">
<pin_list>
<pin id="167" dir="0" index="0" bw="8" slack="1"/>
<pin id="168" dir="1" index="1" bw="8" slack="1"/>
</pin_list>
<bind>
<opset="p_read19_rewind (phireg) "/>
</bind>
</comp>

<comp id="170" class="1004" name="p_read19_rewind_phi_fu_170">
<pin_list>
<pin id="171" dir="0" index="0" bw="1" slack="2"/>
<pin id="172" dir="0" index="1" bw="0" slack="2147483647"/>
<pin id="173" dir="0" index="2" bw="8" slack="0"/>
<pin id="174" dir="0" index="3" bw="0" slack="2147483647"/>
<pin id="175" dir="0" index="4" bw="1" slack="1"/>
<pin id="176" dir="0" index="5" bw="0" slack="2147483647"/>
<pin id="177" dir="1" index="6" bw="8" slack="0"/>
</pin_list>
<bind>
<opcode="phi(47) " fcode="phi"/>
<opset="p_read19_rewind/3 "/>
</bind>
</comp>

<comp id="180" class="1005" name="p_read210_rewind_reg_180">
<pin_list>
<pin id="181" dir="0" index="0" bw="8" slack="1"/>
<pin id="182" dir="1" index="1" bw="8" slack="1"/>
</pin_list>
<bind>
<opset="p_read210_rewind (phireg) "/>
</bind>
</comp>

<comp id="184" class="1004" name="p_read210_rewind_phi_fu_184">
<pin_list>
<pin id="185" dir="0" index="0" bw="1" slack="2"/>
<pin id="186" dir="0" index="1" bw="0" slack="2147483647"/>
<pin id="187" dir="0" index="2" bw="8" slack="0"/>
<pin id="188" dir="0" index="3" bw="0" slack="2147483647"/>
<pin id="189" dir="0" index="4" bw="1" slack="1"/>
<pin id="190" dir="0" index="5" bw="0" slack="2147483647"/>
<pin id="191" dir="1" index="6" bw="8" slack="0"/>
</pin_list>
<bind>
<opcode="phi(47) " fcode="phi"/>
<opset="p_read210_rewind/3 "/>
</bind>
</comp>

<comp id="194" class="1005" name="p_read311_rewind_reg_194">
<pin_list>
<pin id="195" dir="0" index="0" bw="8" slack="1"/>
<pin id="196" dir="1" index="1" bw="8" slack="1"/>
</pin_list>
<bind>
<opset="p_read311_rewind (phireg) "/>
</bind>
</comp>

<comp id="198" class="1004" name="p_read311_rewind_phi_fu_198">
<pin_list>
<pin id="199" dir="0" index="0" bw="1" slack="2"/>
<pin id="200" dir="0" index="1" bw="0" slack="2147483647"/>
<pin id="201" dir="0" index="2" bw="8" slack="0"/>
<pin id="202" dir="0" index="3" bw="0" slack="2147483647"/>
<pin id="203" dir="0" index="4" bw="1" slack="1"/>
<pin id="204" dir="0" index="5" bw="0" slack="2147483647"/>
<pin id="205" dir="1" index="6" bw="8" slack="0"/>
</pin_list>
<bind>
<opcode="phi(47) " fcode="phi"/>
<opset="p_read311_rewind/3 "/>
</bind>
</comp>

<comp id="208" class="1005" name="p_read8_phi_reg_208">
<pin_list>
<pin id="209" dir="0" index="0" bw="8" slack="0"/>
<pin id="210" dir="1" index="1" bw="8" slack="0"/>
</pin_list>
<bind>
<opset="p_read8_phi (phireg) "/>
</bind>
</comp>

<comp id="212" class="1004" name="p_read8_phi_phi_fu_212">
<pin_list>
<pin id="213" dir="0" index="0" bw="8" slack="1"/>
<pin id="214" dir="0" index="1" bw="0" slack="2147483647"/>
<pin id="215" dir="0" index="2" bw="8" slack="0"/>
<pin id="216" dir="0" index="3" bw="0" slack="2147483647"/>
<pin id="217" dir="1" index="4" bw="8" slack="0"/>
</pin_list>
<bind>
<opcode="phi(47) " fcode="phi"/>
<opset="p_read8_phi/3 "/>
</bind>
</comp>

<comp id="220" class="1005" name="p_read19_phi_reg_220">
<pin_list>
<pin id="221" dir="0" index="0" bw="8" slack="0"/>
<pin id="222" dir="1" index="1" bw="8" slack="0"/>
</pin_list>
<bind>
<opset="p_read19_phi (phireg) "/>
</bind>
</comp>

<comp id="224" class="1004" name="p_read19_phi_phi_fu_224">
<pin_list>
<pin id="225" dir="0" index="0" bw="8" slack="1"/>
<pin id="226" dir="0" index="1" bw="0" slack="2147483647"/>
<pin id="227" dir="0" index="2" bw="8" slack="0"/>
<pin id="228" dir="0" index="3" bw="0" slack="2147483647"/>
<pin id="229" dir="1" index="4" bw="8" slack="0"/>
</pin_list>
<bind>
<opcode="phi(47) " fcode="phi"/>
<opset="p_read19_phi/3 "/>
</bind>
</comp>

<comp id="232" class="1005" name="p_read210_phi_reg_232">
<pin_list>
<pin id="233" dir="0" index="0" bw="8" slack="0"/>
<pin id="234" dir="1" index="1" bw="8" slack="0"/>
</pin_list>
<bind>
<opset="p_read210_phi (phireg) "/>
</bind>
</comp>

<comp id="236" class="1004" name="p_read210_phi_phi_fu_236">
<pin_list>
<pin id="237" dir="0" index="0" bw="8" slack="1"/>
<pin id="238" dir="0" index="1" bw="0" slack="2147483647"/>
<pin id="239" dir="0" index="2" bw="8" slack="0"/>
<pin id="240" dir="0" index="3" bw="0" slack="2147483647"/>
<pin id="241" dir="1" index="4" bw="8" slack="0"/>
</pin_list>
<bind>
<opcode="phi(47) " fcode="phi"/>
<opset="p_read210_phi/3 "/>
</bind>
</comp>

<comp id="244" class="1005" name="p_read311_phi_reg_244">
<pin_list>
<pin id="245" dir="0" index="0" bw="8" slack="0"/>
<pin id="246" dir="1" index="1" bw="8" slack="0"/>
</pin_list>
<bind>
<opset="p_read311_phi (phireg) "/>
</bind>
</comp>

<comp id="248" class="1004" name="p_read311_phi_phi_fu_248">
<pin_list>
<pin id="249" dir="0" index="0" bw="8" slack="1"/>
<pin id="250" dir="0" index="1" bw="0" slack="2147483647"/>
<pin id="251" dir="0" index="2" bw="8" slack="0"/>
<pin id="252" dir="0" index="3" bw="0" slack="2147483647"/>
<pin id="253" dir="1" index="4" bw="8" slack="0"/>
</pin_list>
<bind>
<opcode="phi(47) " fcode="phi"/>
<opset="p_read311_phi/3 "/>
</bind>
</comp>

<comp id="256" class="1005" name="p_Val2_6_reg_256">
<pin_list>
<pin id="257" dir="0" index="0" bw="16" slack="3"/>
<pin id="258" dir="1" index="1" bw="16" slack="3"/>
</pin_list>
<bind>
<opset="p_Val2_6 (phireg) "/>
</bind>
</comp>

<comp id="260" class="1004" name="p_Val2_6_phi_fu_260">
<pin_list>
<pin id="261" dir="0" index="0" bw="1" slack="4"/>
<pin id="262" dir="0" index="1" bw="0" slack="2147483647"/>
<pin id="263" dir="0" index="2" bw="16" slack="0"/>
<pin id="264" dir="0" index="3" bw="0" slack="2147483647"/>
<pin id="265" dir="0" index="4" bw="1" slack="3"/>
<pin id="266" dir="0" index="5" bw="0" slack="2147483647"/>
<pin id="267" dir="1" index="6" bw="16" slack="0"/>
</pin_list>
<bind>
<opcode="phi(47) " fcode="phi"/>
<opset="p_Val2_6/5 "/>
</bind>
</comp>

<comp id="270" class="1005" name="p_Val2_14_reg_270">
<pin_list>
<pin id="271" dir="0" index="0" bw="16" slack="3"/>
<pin id="272" dir="1" index="1" bw="16" slack="3"/>
</pin_list>
<bind>
<opset="p_Val2_14 (phireg) "/>
</bind>
</comp>

<comp id="274" class="1004" name="p_Val2_14_phi_fu_274">
<pin_list>
<pin id="275" dir="0" index="0" bw="8" slack="4"/>
<pin id="276" dir="0" index="1" bw="0" slack="2147483647"/>
<pin id="277" dir="0" index="2" bw="16" slack="0"/>
<pin id="278" dir="0" index="3" bw="0" slack="2147483647"/>
<pin id="279" dir="0" index="4" bw="8" slack="3"/>
<pin id="280" dir="0" index="5" bw="0" slack="2147483647"/>
<pin id="281" dir="1" index="6" bw="16" slack="0"/>
</pin_list>
<bind>
<opcode="phi(47) " fcode="phi"/>
<opset="p_Val2_14/5 "/>
</bind>
</comp>

<comp id="284" class="1005" name="p_Val2_22_reg_284">
<pin_list>
<pin id="285" dir="0" index="0" bw="16" slack="3"/>
<pin id="286" dir="1" index="1" bw="16" slack="3"/>
</pin_list>
<bind>
<opset="p_Val2_22 (phireg) "/>
</bind>
</comp>

<comp id="288" class="1004" name="p_Val2_22_phi_fu_288">
<pin_list>
<pin id="289" dir="0" index="0" bw="9" slack="4"/>
<pin id="290" dir="0" index="1" bw="0" slack="2147483647"/>
<pin id="291" dir="0" index="2" bw="16" slack="0"/>
<pin id="292" dir="0" index="3" bw="0" slack="2147483647"/>
<pin id="293" dir="0" index="4" bw="9" slack="3"/>
<pin id="294" dir="0" index="5" bw="0" slack="2147483647"/>
<pin id="295" dir="1" index="6" bw="16" slack="0"/>
</pin_list>
<bind>
<opcode="phi(47) " fcode="phi"/>
<opset="p_Val2_22/5 "/>
</bind>
</comp>

<comp id="298" class="1004" name="zext_ln59_fu_298">
<pin_list>
<pin id="299" dir="0" index="0" bw="2" slack="0"/>
<pin id="300" dir="1" index="1" bw="64" slack="0"/>
</pin_list>
<bind>
<opcode="zext(34) " fcode="zext"/>
<opset="zext_ln59/2 "/>
</bind>
</comp>

<comp id="303" class="1004" name="w_index_fu_303">
<pin_list>
<pin id="304" dir="0" index="0" bw="1" slack="0"/>
<pin id="305" dir="0" index="1" bw="2" slack="0"/>
<pin id="306" dir="1" index="2" bw="2" slack="0"/>
</pin_list>
<bind>
<opcode="add(8) " fcode="add"/>
<opset="w_index/2 "/>
</bind>
</comp>

<comp id="309" class="1004" name="icmp_ln46_fu_309">
<pin_list>
<pin id="310" dir="0" index="0" bw="2" slack="0"/>
<pin id="311" dir="0" index="1" bw="2" slack="0"/>
<pin id="312" dir="1" index="2" bw="1" slack="1"/>
</pin_list>
<bind>
<opcode="icmp(45) " fcode="icmp"/>
<opset="icmp_ln46/2 "/>
</bind>
</comp>

<comp id="315" class="1004" name="tmp_34_fu_315">
<pin_list>
<pin id="316" dir="0" index="0" bw="8" slack="0"/>
<pin id="317" dir="0" index="1" bw="8" slack="0"/>
<pin id="318" dir="0" index="2" bw="8" slack="0"/>
<pin id="319" dir="0" index="3" bw="8" slack="0"/>
<pin id="320" dir="0" index="4" bw="8" slack="0"/>
<pin id="321" dir="0" index="5" bw="2" slack="1"/>
<pin id="322" dir="1" index="6" bw="8" slack="1"/>
</pin_list>
<bind>
<opcode="mux(1196) " fcode="mux"/>
<opset="tmp_34/3 "/>
</bind>
</comp>

<comp id="329" class="1004" name="trunc_ln59_fu_329">
<pin_list>
<pin id="330" dir="0" index="0" bw="23" slack="0"/>
<pin id="331" dir="1" index="1" bw="8" slack="1"/>
</pin_list>
<bind>
<opcode="trunc(33) " fcode="trunc"/>
<opset="trunc_ln59/3 "/>
</bind>
</comp>

<comp id="333" class="1004" name="tmp_29_fu_333">
<pin_list>
<pin id="334" dir="0" index="0" bw="8" slack="0"/>
<pin id="335" dir="0" index="1" bw="23" slack="0"/>
<pin id="336" dir="0" index="2" bw="5" slack="0"/>
<pin id="337" dir="0" index="3" bw="5" slack="0"/>
<pin id="338" dir="1" index="4" bw="8" slack="1"/>
</pin_list>
<bind>
<opcode="partselect(1002) " fcode="partselect"/>
<opset="tmp_29/3 "/>
</bind>
</comp>

<comp id="343" class="1004" name="tmp_35_fu_343">
<pin_list>
<pin id="344" dir="0" index="0" bw="7" slack="0"/>
<pin id="345" dir="0" index="1" bw="23" slack="0"/>
<pin id="346" dir="0" index="2" bw="6" slack="0"/>
<pin id="347" dir="0" index="3" bw="6" slack="0"/>
<pin id="348" dir="1" index="4" bw="7" slack="1"/>
</pin_list>
<bind>
<opcode="partselect(1002) " fcode="partselect"/>
<opset="tmp_35/3 "/>
</bind>
</comp>

<comp id="353" class="1004" name="zext_ln1116_fu_353">
<pin_list>
<pin id="354" dir="0" index="0" bw="8" slack="1"/>
<pin id="355" dir="1" index="1" bw="16" slack="0"/>
</pin_list>
<bind>
<opcode="zext(34) " fcode="zext"/>
<opset="zext_ln1116/4 "/>
</bind>
</comp>

<comp id="356" class="1004" name="sext_ln1118_fu_356">
<pin_list>
<pin id="357" dir="0" index="0" bw="8" slack="1"/>
<pin id="358" dir="1" index="1" bw="16" slack="0"/>
</pin_list>
<bind>
<opcode="sext(35) " fcode="sext"/>
<opset="sext_ln1118/4 "/>
</bind>
</comp>

<comp id="359" class="1004" name="mul_ln1118_fu_359">
<pin_list>
<pin id="360" dir="0" index="0" bw="8" slack="0"/>
<pin id="361" dir="0" index="1" bw="8" slack="0"/>
<pin id="362" dir="1" index="2" bw="16" slack="0"/>
</pin_list>
<bind>
<opcode="mul(12) " fcode="mul"/>
<opset="mul_ln1118/4 "/>
</bind>
</comp>

<comp id="365" class="1004" name="trunc_ln_fu_365">
<pin_list>
<pin id="366" dir="0" index="0" bw="15" slack="0"/>
<pin id="367" dir="0" index="1" bw="16" slack="0"/>
<pin id="368" dir="0" index="2" bw="1" slack="0"/>
<pin id="369" dir="0" index="3" bw="5" slack="0"/>
<pin id="370" dir="1" index="4" bw="15" slack="1"/>
</pin_list>
<bind>
<opcode="partselect(1002) " fcode="partselect"/>
<opset="trunc_ln/4 "/>
</bind>
</comp>

<comp id="375" class="1004" name="sext_ln1118_1_fu_375">
<pin_list>
<pin id="376" dir="0" index="0" bw="8" slack="1"/>
<pin id="377" dir="1" index="1" bw="16" slack="0"/>
</pin_list>
<bind>
<opcode="sext(35) " fcode="sext"/>
<opset="sext_ln1118_1/4 "/>
</bind>
</comp>

<comp id="378" class="1004" name="mul_ln1118_1_fu_378">
<pin_list>
<pin id="379" dir="0" index="0" bw="8" slack="0"/>
<pin id="380" dir="0" index="1" bw="8" slack="0"/>
<pin id="381" dir="1" index="2" bw="16" slack="0"/>
</pin_list>
<bind>
<opcode="mul(12) " fcode="mul"/>
<opset="mul_ln1118_1/4 "/>
</bind>
</comp>

<comp id="384" class="1004" name="trunc_ln708_s_fu_384">
<pin_list>
<pin id="385" dir="0" index="0" bw="15" slack="0"/>
<pin id="386" dir="0" index="1" bw="16" slack="0"/>
<pin id="387" dir="0" index="2" bw="1" slack="0"/>
<pin id="388" dir="0" index="3" bw="5" slack="0"/>
<pin id="389" dir="1" index="4" bw="15" slack="1"/>
</pin_list>
<bind>
<opcode="partselect(1002) " fcode="partselect"/>
<opset="trunc_ln708_s/4 "/>
</bind>
</comp>

<comp id="394" class="1004" name="zext_ln1118_fu_394">
<pin_list>
<pin id="395" dir="0" index="0" bw="8" slack="1"/>
<pin id="396" dir="1" index="1" bw="15" slack="0"/>
</pin_list>
<bind>
<opcode="zext(34) " fcode="zext"/>
<opset="zext_ln1118/4 "/>
</bind>
</comp>

<comp id="397" class="1004" name="sext_ln1118_2_fu_397">
<pin_list>
<pin id="398" dir="0" index="0" bw="7" slack="1"/>
<pin id="399" dir="1" index="1" bw="15" slack="0"/>
</pin_list>
<bind>
<opcode="sext(35) " fcode="sext"/>
<opset="sext_ln1118_2/4 "/>
</bind>
</comp>

<comp id="400" class="1004" name="mul_ln1118_2_fu_400">
<pin_list>
<pin id="401" dir="0" index="0" bw="7" slack="0"/>
<pin id="402" dir="0" index="1" bw="8" slack="0"/>
<pin id="403" dir="1" index="2" bw="15" slack="0"/>
</pin_list>
<bind>
<opcode="mul(12) " fcode="mul"/>
<opset="mul_ln1118_2/4 "/>
</bind>
</comp>

<comp id="406" class="1004" name="trunc_ln708_1_fu_406">
<pin_list>
<pin id="407" dir="0" index="0" bw="14" slack="0"/>
<pin id="408" dir="0" index="1" bw="15" slack="0"/>
<pin id="409" dir="0" index="2" bw="1" slack="0"/>
<pin id="410" dir="0" index="3" bw="5" slack="0"/>
<pin id="411" dir="1" index="4" bw="14" slack="1"/>
</pin_list>
<bind>
<opcode="partselect(1002) " fcode="partselect"/>
<opset="trunc_ln708_1/4 "/>
</bind>
</comp>

<comp id="416" class="1004" name="sext_ln708_fu_416">
<pin_list>
<pin id="417" dir="0" index="0" bw="15" slack="1"/>
<pin id="418" dir="1" index="1" bw="16" slack="0"/>
</pin_list>
<bind>
<opcode="sext(35) " fcode="sext"/>
<opset="sext_ln708/5 "/>
</bind>
</comp>

<comp id="419" class="1004" name="acc_0_V_fu_419">
<pin_list>
<pin id="420" dir="0" index="0" bw="16" slack="0"/>
<pin id="421" dir="0" index="1" bw="15" slack="0"/>
<pin id="422" dir="1" index="2" bw="16" slack="0"/>
</pin_list>
<bind>
<opcode="add(8) " fcode="add"/>
<opset="acc_0_V/5 "/>
</bind>
</comp>

<comp id="425" class="1004" name="sext_ln708_1_fu_425">
<pin_list>
<pin id="426" dir="0" index="0" bw="15" slack="1"/>
<pin id="427" dir="1" index="1" bw="16" slack="0"/>
</pin_list>
<bind>
<opcode="sext(35) " fcode="sext"/>
<opset="sext_ln708_1/5 "/>
</bind>
</comp>

<comp id="428" class="1004" name="acc_1_V_fu_428">
<pin_list>
<pin id="429" dir="0" index="0" bw="16" slack="0"/>
<pin id="430" dir="0" index="1" bw="15" slack="0"/>
<pin id="431" dir="1" index="2" bw="16" slack="0"/>
</pin_list>
<bind>
<opcode="add(8) " fcode="add"/>
<opset="acc_1_V/5 "/>
</bind>
</comp>

<comp id="434" class="1004" name="sext_ln708_2_fu_434">
<pin_list>
<pin id="435" dir="0" index="0" bw="14" slack="1"/>
<pin id="436" dir="1" index="1" bw="16" slack="0"/>
</pin_list>
<bind>
<opcode="sext(35) " fcode="sext"/>
<opset="sext_ln708_2/5 "/>
</bind>
</comp>

<comp id="437" class="1004" name="acc_2_V_fu_437">
<pin_list>
<pin id="438" dir="0" index="0" bw="16" slack="0"/>
<pin id="439" dir="0" index="1" bw="14" slack="0"/>
<pin id="440" dir="1" index="2" bw="16" slack="0"/>
</pin_list>
<bind>
<opcode="add(8) " fcode="add"/>
<opset="acc_2_V/5 "/>
</bind>
</comp>

<comp id="443" class="1004" name="res_0_V_write_assign_fu_443">
<pin_list>
<pin id="444" dir="0" index="0" bw="17" slack="0"/>
<pin id="445" dir="0" index="1" bw="16" slack="0"/>
<pin id="446" dir="0" index="2" bw="1" slack="0"/>
<pin id="447" dir="1" index="3" bw="17" slack="0"/>
</pin_list>
<bind>
<opcode="bitconcatenate(1004) " fcode="bitconcatenate"/>
<opset="res_0_V_write_assign/5 "/>
</bind>
</comp>

<comp id="451" class="1004" name="res_1_V_write_assign_fu_451">
<pin_list>
<pin id="452" dir="0" index="0" bw="17" slack="0"/>
<pin id="453" dir="0" index="1" bw="16" slack="0"/>
<pin id="454" dir="0" index="2" bw="1" slack="0"/>
<pin id="455" dir="1" index="3" bw="17" slack="0"/>
</pin_list>
<bind>
<opcode="bitconcatenate(1004) " fcode="bitconcatenate"/>
<opset="res_1_V_write_assign/5 "/>
</bind>
</comp>

<comp id="459" class="1004" name="res_2_V_write_assign_fu_459">
<pin_list>
<pin id="460" dir="0" index="0" bw="17" slack="0"/>
<pin id="461" dir="0" index="1" bw="16" slack="0"/>
<pin id="462" dir="0" index="2" bw="1" slack="0"/>
<pin id="463" dir="1" index="3" bw="17" slack="0"/>
</pin_list>
<bind>
<opcode="bitconcatenate(1004) " fcode="bitconcatenate"/>
<opset="res_2_V_write_assign/5 "/>
</bind>
</comp>

<comp id="467" class="1004" name="mrv_fu_467">
<pin_list>
<pin id="468" dir="0" index="0" bw="51" slack="0"/>
<pin id="469" dir="0" index="1" bw="17" slack="0"/>
<pin id="470" dir="1" index="2" bw="51" slack="0"/>
</pin_list>
<bind>
<opcode="insertvalue(57) " fcode="insertvalue"/>
<opset="mrv/5 "/>
</bind>
</comp>

<comp id="473" class="1004" name="mrv_1_fu_473">
<pin_list>
<pin id="474" dir="0" index="0" bw="51" slack="0"/>
<pin id="475" dir="0" index="1" bw="17" slack="0"/>
<pin id="476" dir="1" index="2" bw="51" slack="0"/>
</pin_list>
<bind>
<opcode="insertvalue(57) " fcode="insertvalue"/>
<opset="mrv_1/5 "/>
</bind>
</comp>

<comp id="479" class="1004" name="mrv_2_fu_479">
<pin_list>
<pin id="480" dir="0" index="0" bw="51" slack="0"/>
<pin id="481" dir="0" index="1" bw="17" slack="0"/>
<pin id="482" dir="1" index="2" bw="51" slack="0"/>
</pin_list>
<bind>
<opcode="insertvalue(57) " fcode="insertvalue"/>
<opset="mrv_2/5 "/>
</bind>
</comp>

<comp id="485" class="1004" name="return_ln84_fu_485">
<pin_list>
<pin id="486" dir="0" index="0" bw="51" slack="0"/>
<pin id="487" dir="1" index="1" bw="0" slack="2147483647"/>
</pin_list>
<bind>
<opcode="return(1203) " fcode="return"/>
<opset="return_ln84/5 "/>
</bind>
</comp>

<comp id="489" class="1005" name="p_read_1_reg_489">
<pin_list>
<pin id="490" dir="0" index="0" bw="8" slack="1"/>
<pin id="491" dir="1" index="1" bw="8" slack="1"/>
</pin_list>
<bind>
<opset="p_read_1 "/>
</bind>
</comp>

<comp id="494" class="1005" name="p_read_2_reg_494">
<pin_list>
<pin id="495" dir="0" index="0" bw="8" slack="1"/>
<pin id="496" dir="1" index="1" bw="8" slack="1"/>
</pin_list>
<bind>
<opset="p_read_2 "/>
</bind>
</comp>

<comp id="499" class="1005" name="p_read_3_reg_499">
<pin_list>
<pin id="500" dir="0" index="0" bw="8" slack="1"/>
<pin id="501" dir="1" index="1" bw="8" slack="1"/>
</pin_list>
<bind>
<opset="p_read_3 "/>
</bind>
</comp>

<comp id="504" class="1005" name="p_read_4_reg_504">
<pin_list>
<pin id="505" dir="0" index="0" bw="8" slack="1"/>
<pin id="506" dir="1" index="1" bw="8" slack="1"/>
</pin_list>
<bind>
<opset="p_read_4 "/>
</bind>
</comp>

<comp id="509" class="1005" name="w8_V_addr_reg_509">
<pin_list>
<pin id="510" dir="0" index="0" bw="2" slack="1"/>
<pin id="511" dir="1" index="1" bw="2" slack="1"/>
</pin_list>
<bind>
<opset="w8_V_addr "/>
</bind>
</comp>

<comp id="514" class="1005" name="w_index_reg_514">
<pin_list>
<pin id="515" dir="0" index="0" bw="2" slack="0"/>
<pin id="516" dir="1" index="1" bw="2" slack="0"/>
</pin_list>
<bind>
<opset="w_index "/>
</bind>
</comp>

<comp id="519" class="1005" name="icmp_ln46_reg_519">
<pin_list>
<pin id="520" dir="0" index="0" bw="1" slack="1"/>
<pin id="521" dir="1" index="1" bw="1" slack="2147483647"/>
</pin_list>
<bind>
<opset="icmp_ln46 "/>
</bind>
</comp>

<comp id="523" class="1005" name="tmp_34_reg_523">
<pin_list>
<pin id="524" dir="0" index="0" bw="8" slack="1"/>
<pin id="525" dir="1" index="1" bw="8" slack="1"/>
</pin_list>
<bind>
<opset="tmp_34 "/>
</bind>
</comp>

<comp id="529" class="1005" name="trunc_ln59_reg_529">
<pin_list>
<pin id="530" dir="0" index="0" bw="8" slack="1"/>
<pin id="531" dir="1" index="1" bw="8" slack="1"/>
</pin_list>
<bind>
<opset="trunc_ln59 "/>
</bind>
</comp>

<comp id="534" class="1005" name="tmp_29_reg_534">
<pin_list>
<pin id="535" dir="0" index="0" bw="8" slack="1"/>
<pin id="536" dir="1" index="1" bw="8" slack="1"/>
</pin_list>
<bind>
<opset="tmp_29 "/>
</bind>
</comp>

<comp id="539" class="1005" name="tmp_35_reg_539">
<pin_list>
<pin id="540" dir="0" index="0" bw="7" slack="1"/>
<pin id="541" dir="1" index="1" bw="7" slack="1"/>
</pin_list>
<bind>
<opset="tmp_35 "/>
</bind>
</comp>

<comp id="544" class="1005" name="trunc_ln_reg_544">
<pin_list>
<pin id="545" dir="0" index="0" bw="15" slack="1"/>
<pin id="546" dir="1" index="1" bw="15" slack="1"/>
</pin_list>
<bind>
<opset="trunc_ln "/>
</bind>
</comp>

<comp id="549" class="1005" name="trunc_ln708_s_reg_549">
<pin_list>
<pin id="550" dir="0" index="0" bw="15" slack="1"/>
<pin id="551" dir="1" index="1" bw="15" slack="1"/>
</pin_list>
<bind>
<opset="trunc_ln708_s "/>
</bind>
</comp>

<comp id="554" class="1005" name="trunc_ln708_1_reg_554">
<pin_list>
<pin id="555" dir="0" index="0" bw="14" slack="1"/>
<pin id="556" dir="1" index="1" bw="14" slack="1"/>
</pin_list>
<bind>
<opset="trunc_ln708_1 "/>
</bind>
</comp>

<comp id="559" class="1005" name="acc_0_V_reg_559">
<pin_list>
<pin id="560" dir="0" index="0" bw="16" slack="0"/>
<pin id="561" dir="1" index="1" bw="16" slack="0"/>
</pin_list>
<bind>
<opset="acc_0_V "/>
</bind>
</comp>

<comp id="564" class="1005" name="acc_1_V_reg_564">
<pin_list>
<pin id="565" dir="0" index="0" bw="16" slack="0"/>
<pin id="566" dir="1" index="1" bw="16" slack="0"/>
</pin_list>
<bind>
<opset="acc_1_V "/>
</bind>
</comp>

<comp id="569" class="1005" name="acc_2_V_reg_569">
<pin_list>
<pin id="570" dir="0" index="0" bw="16" slack="0"/>
<pin id="571" dir="1" index="1" bw="16" slack="0"/>
</pin_list>
<bind>
<opset="acc_2_V "/>
</bind>
</comp>

</comp_list>

<net_list>
<net id="88"><net_src comp="20" pin="0"/><net_sink comp="84" pin=0"/></net>

<net id="89"><net_src comp="6" pin="0"/><net_sink comp="84" pin=1"/></net>

<net id="94"><net_src comp="20" pin="0"/><net_sink comp="90" pin=0"/></net>

<net id="95"><net_src comp="4" pin="0"/><net_sink comp="90" pin=1"/></net>

<net id="100"><net_src comp="20" pin="0"/><net_sink comp="96" pin=0"/></net>

<net id="101"><net_src comp="2" pin="0"/><net_sink comp="96" pin=1"/></net>

<net id="106"><net_src comp="20" pin="0"/><net_sink comp="102" pin=0"/></net>

<net id="107"><net_src comp="0" pin="0"/><net_sink comp="102" pin=1"/></net>

<net id="113"><net_src comp="8" pin="0"/><net_sink comp="108" pin=0"/></net>

<net id="114"><net_src comp="22" pin="0"/><net_sink comp="108" pin=1"/></net>

<net id="120"><net_src comp="108" pin="3"/><net_sink comp="115" pin=0"/></net>

<net id="124"><net_src comp="14" pin="0"/><net_sink comp="121" pin=0"/></net>

<net id="133"><net_src comp="121" pin="1"/><net_sink comp="125" pin=0"/></net>

<net id="134"><net_src comp="16" pin="0"/><net_sink comp="125" pin=2"/></net>

<net id="135"><net_src comp="14" pin="0"/><net_sink comp="125" pin=4"/></net>

<net id="136"><net_src comp="125" pin="6"/><net_sink comp="121" pin=0"/></net>

<net id="140"><net_src comp="18" pin="0"/><net_sink comp="137" pin=0"/></net>

<net id="149"><net_src comp="137" pin="1"/><net_sink comp="141" pin=0"/></net>

<net id="150"><net_src comp="18" pin="0"/><net_sink comp="141" pin=4"/></net>

<net id="151"><net_src comp="141" pin="6"/><net_sink comp="137" pin=0"/></net>

<net id="155"><net_src comp="28" pin="0"/><net_sink comp="152" pin=0"/></net>

<net id="164"><net_src comp="152" pin="1"/><net_sink comp="156" pin=0"/></net>

<net id="165"><net_src comp="152" pin="1"/><net_sink comp="156" pin=4"/></net>

<net id="169"><net_src comp="28" pin="0"/><net_sink comp="166" pin=0"/></net>

<net id="178"><net_src comp="166" pin="1"/><net_sink comp="170" pin=0"/></net>

<net id="179"><net_src comp="166" pin="1"/><net_sink comp="170" pin=4"/></net>

<net id="183"><net_src comp="28" pin="0"/><net_sink comp="180" pin=0"/></net>

<net id="192"><net_src comp="180" pin="1"/><net_sink comp="184" pin=0"/></net>

<net id="193"><net_src comp="180" pin="1"/><net_sink comp="184" pin=4"/></net>

<net id="197"><net_src comp="28" pin="0"/><net_sink comp="194" pin=0"/></net>

<net id="206"><net_src comp="194" pin="1"/><net_sink comp="198" pin=0"/></net>

<net id="207"><net_src comp="194" pin="1"/><net_sink comp="198" pin=4"/></net>

<net id="211"><net_src comp="208" pin="1"/><net_sink comp="156" pin=2"/></net>

<net id="218"><net_src comp="156" pin="6"/><net_sink comp="212" pin=2"/></net>

<net id="219"><net_src comp="212" pin="4"/><net_sink comp="208" pin=0"/></net>

<net id="223"><net_src comp="220" pin="1"/><net_sink comp="170" pin=2"/></net>

<net id="230"><net_src comp="170" pin="6"/><net_sink comp="224" pin=2"/></net>

<net id="231"><net_src comp="224" pin="4"/><net_sink comp="220" pin=0"/></net>

<net id="235"><net_src comp="232" pin="1"/><net_sink comp="184" pin=2"/></net>

<net id="242"><net_src comp="184" pin="6"/><net_sink comp="236" pin=2"/></net>

<net id="243"><net_src comp="236" pin="4"/><net_sink comp="232" pin=0"/></net>

<net id="247"><net_src comp="244" pin="1"/><net_sink comp="198" pin=2"/></net>

<net id="254"><net_src comp="198" pin="6"/><net_sink comp="248" pin=2"/></net>

<net id="255"><net_src comp="248" pin="4"/><net_sink comp="244" pin=0"/></net>

<net id="259"><net_src comp="52" pin="0"/><net_sink comp="256" pin=0"/></net>

<net id="268"><net_src comp="256" pin="1"/><net_sink comp="260" pin=0"/></net>

<net id="269"><net_src comp="256" pin="1"/><net_sink comp="260" pin=4"/></net>

<net id="273"><net_src comp="54" pin="0"/><net_sink comp="270" pin=0"/></net>

<net id="282"><net_src comp="270" pin="1"/><net_sink comp="274" pin=0"/></net>

<net id="283"><net_src comp="270" pin="1"/><net_sink comp="274" pin=4"/></net>

<net id="287"><net_src comp="56" pin="0"/><net_sink comp="284" pin=0"/></net>

<net id="296"><net_src comp="284" pin="1"/><net_sink comp="288" pin=0"/></net>

<net id="297"><net_src comp="284" pin="1"/><net_sink comp="288" pin=4"/></net>

<net id="301"><net_src comp="141" pin="6"/><net_sink comp="298" pin=0"/></net>

<net id="302"><net_src comp="298" pin="1"/><net_sink comp="108" pin=2"/></net>

<net id="307"><net_src comp="24" pin="0"/><net_sink comp="303" pin=0"/></net>

<net id="308"><net_src comp="141" pin="6"/><net_sink comp="303" pin=1"/></net>

<net id="313"><net_src comp="141" pin="6"/><net_sink comp="309" pin=0"/></net>

<net id="314"><net_src comp="26" pin="0"/><net_sink comp="309" pin=1"/></net>

<net id="323"><net_src comp="30" pin="0"/><net_sink comp="315" pin=0"/></net>

<net id="324"><net_src comp="212" pin="4"/><net_sink comp="315" pin=1"/></net>

<net id="325"><net_src comp="224" pin="4"/><net_sink comp="315" pin=2"/></net>

<net id="326"><net_src comp="236" pin="4"/><net_sink comp="315" pin=3"/></net>

<net id="327"><net_src comp="248" pin="4"/><net_sink comp="315" pin=4"/></net>

<net id="328"><net_src comp="137" pin="1"/><net_sink comp="315" pin=5"/></net>

<net id="332"><net_src comp="115" pin="3"/><net_sink comp="329" pin=0"/></net>

<net id="339"><net_src comp="32" pin="0"/><net_sink comp="333" pin=0"/></net>

<net id="340"><net_src comp="115" pin="3"/><net_sink comp="333" pin=1"/></net>

<net id="341"><net_src comp="34" pin="0"/><net_sink comp="333" pin=2"/></net>

<net id="342"><net_src comp="36" pin="0"/><net_sink comp="333" pin=3"/></net>

<net id="349"><net_src comp="38" pin="0"/><net_sink comp="343" pin=0"/></net>

<net id="350"><net_src comp="115" pin="3"/><net_sink comp="343" pin=1"/></net>

<net id="351"><net_src comp="40" pin="0"/><net_sink comp="343" pin=2"/></net>

<net id="352"><net_src comp="42" pin="0"/><net_sink comp="343" pin=3"/></net>

<net id="363"><net_src comp="353" pin="1"/><net_sink comp="359" pin=0"/></net>

<net id="364"><net_src comp="356" pin="1"/><net_sink comp="359" pin=1"/></net>

<net id="371"><net_src comp="44" pin="0"/><net_sink comp="365" pin=0"/></net>

<net id="372"><net_src comp="359" pin="2"/><net_sink comp="365" pin=1"/></net>

<net id="373"><net_src comp="46" pin="0"/><net_sink comp="365" pin=2"/></net>

<net id="374"><net_src comp="36" pin="0"/><net_sink comp="365" pin=3"/></net>

<net id="382"><net_src comp="353" pin="1"/><net_sink comp="378" pin=0"/></net>

<net id="383"><net_src comp="375" pin="1"/><net_sink comp="378" pin=1"/></net>

<net id="390"><net_src comp="44" pin="0"/><net_sink comp="384" pin=0"/></net>

<net id="391"><net_src comp="378" pin="2"/><net_sink comp="384" pin=1"/></net>

<net id="392"><net_src comp="46" pin="0"/><net_sink comp="384" pin=2"/></net>

<net id="393"><net_src comp="36" pin="0"/><net_sink comp="384" pin=3"/></net>

<net id="404"><net_src comp="397" pin="1"/><net_sink comp="400" pin=0"/></net>

<net id="405"><net_src comp="394" pin="1"/><net_sink comp="400" pin=1"/></net>

<net id="412"><net_src comp="48" pin="0"/><net_sink comp="406" pin=0"/></net>

<net id="413"><net_src comp="400" pin="2"/><net_sink comp="406" pin=1"/></net>

<net id="414"><net_src comp="46" pin="0"/><net_sink comp="406" pin=2"/></net>

<net id="415"><net_src comp="50" pin="0"/><net_sink comp="406" pin=3"/></net>

<net id="423"><net_src comp="260" pin="6"/><net_sink comp="419" pin=0"/></net>

<net id="424"><net_src comp="416" pin="1"/><net_sink comp="419" pin=1"/></net>

<net id="432"><net_src comp="274" pin="6"/><net_sink comp="428" pin=0"/></net>

<net id="433"><net_src comp="425" pin="1"/><net_sink comp="428" pin=1"/></net>

<net id="441"><net_src comp="288" pin="6"/><net_sink comp="437" pin=0"/></net>

<net id="442"><net_src comp="434" pin="1"/><net_sink comp="437" pin=1"/></net>

<net id="448"><net_src comp="80" pin="0"/><net_sink comp="443" pin=0"/></net>

<net id="449"><net_src comp="419" pin="2"/><net_sink comp="443" pin=1"/></net>

<net id="450"><net_src comp="16" pin="0"/><net_sink comp="443" pin=2"/></net>

<net id="456"><net_src comp="80" pin="0"/><net_sink comp="451" pin=0"/></net>

<net id="457"><net_src comp="428" pin="2"/><net_sink comp="451" pin=1"/></net>

<net id="458"><net_src comp="16" pin="0"/><net_sink comp="451" pin=2"/></net>

<net id="464"><net_src comp="80" pin="0"/><net_sink comp="459" pin=0"/></net>

<net id="465"><net_src comp="437" pin="2"/><net_sink comp="459" pin=1"/></net>

<net id="466"><net_src comp="16" pin="0"/><net_sink comp="459" pin=2"/></net>

<net id="471"><net_src comp="82" pin="0"/><net_sink comp="467" pin=0"/></net>

<net id="472"><net_src comp="443" pin="3"/><net_sink comp="467" pin=1"/></net>

<net id="477"><net_src comp="467" pin="2"/><net_sink comp="473" pin=0"/></net>

<net id="478"><net_src comp="451" pin="3"/><net_sink comp="473" pin=1"/></net>

<net id="483"><net_src comp="473" pin="2"/><net_sink comp="479" pin=0"/></net>

<net id="484"><net_src comp="459" pin="3"/><net_sink comp="479" pin=1"/></net>

<net id="488"><net_src comp="479" pin="2"/><net_sink comp="485" pin=0"/></net>

<net id="492"><net_src comp="84" pin="2"/><net_sink comp="489" pin=0"/></net>

<net id="493"><net_src comp="489" pin="1"/><net_sink comp="248" pin=0"/></net>

<net id="497"><net_src comp="90" pin="2"/><net_sink comp="494" pin=0"/></net>

<net id="498"><net_src comp="494" pin="1"/><net_sink comp="236" pin=0"/></net>

<net id="502"><net_src comp="96" pin="2"/><net_sink comp="499" pin=0"/></net>

<net id="503"><net_src comp="499" pin="1"/><net_sink comp="224" pin=0"/></net>

<net id="507"><net_src comp="102" pin="2"/><net_sink comp="504" pin=0"/></net>

<net id="508"><net_src comp="504" pin="1"/><net_sink comp="212" pin=0"/></net>

<net id="512"><net_src comp="108" pin="3"/><net_sink comp="509" pin=0"/></net>

<net id="513"><net_src comp="509" pin="1"/><net_sink comp="115" pin=0"/></net>

<net id="517"><net_src comp="303" pin="2"/><net_sink comp="514" pin=0"/></net>

<net id="518"><net_src comp="514" pin="1"/><net_sink comp="141" pin=2"/></net>

<net id="522"><net_src comp="309" pin="2"/><net_sink comp="519" pin=0"/></net>

<net id="526"><net_src comp="315" pin="6"/><net_sink comp="523" pin=0"/></net>

<net id="527"><net_src comp="523" pin="1"/><net_sink comp="353" pin=0"/></net>

<net id="528"><net_src comp="523" pin="1"/><net_sink comp="394" pin=0"/></net>

<net id="532"><net_src comp="329" pin="1"/><net_sink comp="529" pin=0"/></net>

<net id="533"><net_src comp="529" pin="1"/><net_sink comp="356" pin=0"/></net>

<net id="537"><net_src comp="333" pin="4"/><net_sink comp="534" pin=0"/></net>

<net id="538"><net_src comp="534" pin="1"/><net_sink comp="375" pin=0"/></net>

<net id="542"><net_src comp="343" pin="4"/><net_sink comp="539" pin=0"/></net>

<net id="543"><net_src comp="539" pin="1"/><net_sink comp="397" pin=0"/></net>

<net id="547"><net_src comp="365" pin="4"/><net_sink comp="544" pin=0"/></net>

<net id="548"><net_src comp="544" pin="1"/><net_sink comp="416" pin=0"/></net>

<net id="552"><net_src comp="384" pin="4"/><net_sink comp="549" pin=0"/></net>

<net id="553"><net_src comp="549" pin="1"/><net_sink comp="425" pin=0"/></net>

<net id="557"><net_src comp="406" pin="4"/><net_sink comp="554" pin=0"/></net>

<net id="558"><net_src comp="554" pin="1"/><net_sink comp="434" pin=0"/></net>

<net id="562"><net_src comp="419" pin="2"/><net_sink comp="559" pin=0"/></net>

<net id="563"><net_src comp="559" pin="1"/><net_sink comp="260" pin=2"/></net>

<net id="567"><net_src comp="428" pin="2"/><net_sink comp="564" pin=0"/></net>

<net id="568"><net_src comp="564" pin="1"/><net_sink comp="274" pin=2"/></net>

<net id="572"><net_src comp="437" pin="2"/><net_sink comp="569" pin=0"/></net>

<net id="573"><net_src comp="569" pin="1"/><net_sink comp="288" pin=2"/></net>

</net_list>

</model> 
---------------- Datapath Model END ------------------

* FSMD analyzer results:
  - Output states:
	Port: w8_V | {}
 - Input state : 
	Port: dense_resource_rf_leq_nin<ap_ufixed,ap_fixed<19,8,5,3,0>,config8>.0.0.0.0 : p_read | {2 }
	Port: dense_resource_rf_leq_nin<ap_ufixed,ap_fixed<19,8,5,3,0>,config8>.0.0.0.0 : p_read1 | {2 }
	Port: dense_resource_rf_leq_nin<ap_ufixed,ap_fixed<19,8,5,3,0>,config8>.0.0.0.0 : p_read2 | {2 }
	Port: dense_resource_rf_leq_nin<ap_ufixed,ap_fixed<19,8,5,3,0>,config8>.0.0.0.0 : p_read3 | {2 }
	Port: dense_resource_rf_leq_nin<ap_ufixed,ap_fixed<19,8,5,3,0>,config8>.0.0.0.0 : w8_V | {2 3 }
  - Chain level:
	State 1
	State 2
		zext_ln59 : 1
		w8_V_addr : 2
		w8_V_load : 3
		w_index : 1
		icmp_ln46 : 1
		br_ln46 : 2
	State 3
		p_read8_phi : 1
		p_read19_phi : 1
		p_read210_phi : 1
		p_read311_phi : 1
		tmp_34 : 2
		trunc_ln59 : 1
		tmp_29 : 1
		tmp_35 : 1
	State 4
		mul_ln1118 : 1
		trunc_ln : 2
		mul_ln1118_1 : 1
		trunc_ln708_s : 2
		mul_ln1118_2 : 1
		trunc_ln708_1 : 2
	State 5
		acc_0_V : 1
		acc_1_V : 1
		acc_2_V : 1
		empty : 1
		res_0_V_write_assign : 2
		res_1_V_write_assign : 2
		res_2_V_write_assign : 2
		mrv : 3
		mrv_1 : 4
		mrv_2 : 5
		return_ln84 : 6


============================================================
+ Verbose Summary: Datapath Resource usage 
============================================================

* Functional unit list:
|----------|-----------------------------|---------|---------|---------|
| Operation|       Functional Unit       |  DSP48E |    FF   |   LUT   |
|----------|-----------------------------|---------|---------|---------|
|          |      mul_ln1118_fu_359      |    0    |    0    |    41   |
|    mul   |     mul_ln1118_1_fu_378     |    0    |    0    |    41   |
|          |     mul_ln1118_2_fu_400     |    0    |    0    |    41   |
|----------|-----------------------------|---------|---------|---------|
|          |        w_index_fu_303       |    0    |    0    |    10   |
|    add   |        acc_0_V_fu_419       |    0    |    0    |    23   |
|          |        acc_1_V_fu_428       |    0    |    0    |    23   |
|          |        acc_2_V_fu_437       |    0    |    0    |    23   |
|----------|-----------------------------|---------|---------|---------|
|    mux   |        tmp_34_fu_315        |    0    |    0    |    45   |
|----------|-----------------------------|---------|---------|---------|
|   icmp   |       icmp_ln46_fu_309      |    0    |    0    |    8    |
|----------|-----------------------------|---------|---------|---------|
|          |     p_read_1_read_fu_84     |    0    |    0    |    0    |
|   read   |     p_read_2_read_fu_90     |    0    |    0    |    0    |
|          |     p_read_3_read_fu_96     |    0    |    0    |    0    |
|          |     p_read_4_read_fu_102    |    0    |    0    |    0    |
|----------|-----------------------------|---------|---------|---------|
|          |       zext_ln59_fu_298      |    0    |    0    |    0    |
|   zext   |      zext_ln1116_fu_353     |    0    |    0    |    0    |
|          |      zext_ln1118_fu_394     |    0    |    0    |    0    |
|----------|-----------------------------|---------|---------|---------|
|   trunc  |      trunc_ln59_fu_329      |    0    |    0    |    0    |
|----------|-----------------------------|---------|---------|---------|
|          |        tmp_29_fu_333        |    0    |    0    |    0    |
|          |        tmp_35_fu_343        |    0    |    0    |    0    |
|partselect|       trunc_ln_fu_365       |    0    |    0    |    0    |
|          |     trunc_ln708_s_fu_384    |    0    |    0    |    0    |
|          |     trunc_ln708_1_fu_406    |    0    |    0    |    0    |
|----------|-----------------------------|---------|---------|---------|
|          |      sext_ln1118_fu_356     |    0    |    0    |    0    |
|          |     sext_ln1118_1_fu_375    |    0    |    0    |    0    |
|   sext   |     sext_ln1118_2_fu_397    |    0    |    0    |    0    |
|          |      sext_ln708_fu_416      |    0    |    0    |    0    |
|          |     sext_ln708_1_fu_425     |    0    |    0    |    0    |
|          |     sext_ln708_2_fu_434     |    0    |    0    |    0    |
|----------|-----------------------------|---------|---------|---------|
|          | res_0_V_write_assign_fu_443 |    0    |    0    |    0    |
|bitconcatenate| res_1_V_write_assign_fu_451 |    0    |    0    |    0    |
|          | res_2_V_write_assign_fu_459 |    0    |    0    |    0    |
|----------|-----------------------------|---------|---------|---------|
|          |          mrv_fu_467         |    0    |    0    |    0    |
|insertvalue|         mrv_1_fu_473        |    0    |    0    |    0    |
|          |         mrv_2_fu_479        |    0    |    0    |    0    |
|----------|-----------------------------|---------|---------|---------|
|  return  |      return_ln84_fu_485     |    0    |    0    |    0    |
|----------|-----------------------------|---------|---------|---------|
|   Total  |                             |    0    |    0    |   255   |
|----------|-----------------------------|---------|---------|---------|

Memories:
N/A

* Register list:
+------------------------+--------+
|                        |   FF   |
+------------------------+--------+
|     acc_0_V_reg_559    |   16   |
|     acc_1_V_reg_564    |   16   |
|     acc_2_V_reg_569    |   16   |
|     do_init_reg_121    |    1   |
|    icmp_ln46_reg_519   |    1   |
|    p_Val2_14_reg_270   |   16   |
|    p_Val2_22_reg_284   |   16   |
|    p_Val2_6_reg_256    |   16   |
|  p_read19_phi_reg_220  |    8   |
| p_read19_rewind_reg_166|    8   |
|  p_read210_phi_reg_232 |    8   |
|p_read210_rewind_reg_180|    8   |
|  p_read311_phi_reg_244 |    8   |
|p_read311_rewind_reg_194|    8   |
|   p_read8_phi_reg_208  |    8   |
| p_read8_rewind_reg_152 |    8   |
|    p_read_1_reg_489    |    8   |
|    p_read_2_reg_494    |    8   |
|    p_read_3_reg_499    |    8   |
|    p_read_4_reg_504    |    8   |
|     tmp_29_reg_534     |    8   |
|     tmp_34_reg_523     |    8   |
|     tmp_35_reg_539     |    7   |
|   trunc_ln59_reg_529   |    8   |
|  trunc_ln708_1_reg_554 |   14   |
|  trunc_ln708_s_reg_549 |   15   |
|    trunc_ln_reg_544    |   15   |
|    w8_V_addr_reg_509   |    2   |
|    w_index7_reg_137    |    2   |
|     w_index_reg_514    |    2   |
+------------------------+--------+
|          Total         |   275  |
+------------------------+--------+

* Multiplexer (MUX) list: 
|-------------------|------|------|------|--------||---------||---------|
|        Comp       |  Pin | Size |  BW  | S x BW ||  Delay  ||   LUT   |
|-------------------|------|------|------|--------||---------||---------|
| grp_access_fu_115 |  p0  |   2  |   2  |    4   ||    9    |
|  do_init_reg_121  |  p0  |   2  |   1  |    2   ||    9    |
|  w_index7_reg_137 |  p0  |   2  |   2  |    4   ||    9    |
|-------------------|------|------|------|--------||---------||---------|
|       Total       |      |      |      |   10   ||  5.307  ||    27   |
|-------------------|------|------|------|--------||---------||---------|



* Summary:
+-----------+--------+--------+--------+--------+
|           | DSP48E |  Delay |   FF   |   LUT  |
+-----------+--------+--------+--------+--------+
|  Function |    0   |    -   |    0   |   255  |
|   Memory  |    -   |    -   |    -   |    -   |
|Multiplexer|    -   |    5   |    -   |   27   |
|  Register |    -   |    -   |   275  |    -   |
+-----------+--------+--------+--------+--------+
|   Total   |    0   |    5   |   275  |   282  |
+-----------+--------+--------+--------+--------+
