

================================================================
== Vivado HLS Report for 'myproject'
================================================================
* Date:           Wed May 20 11:14:26 2026

* Version:        2020.1 (Build 2897737 on Wed May 27 20:21:37 MDT 2020)
* Project:        myproject_prj
* Solution:       solution1
* Product family: zynq
* Target device:  xc7z020-clg400-1


================================================================
== Performance Estimates
================================================================
+ Timing: 
    * Summary: 
    +--------+---------+----------+------------+
    |  Clock |  Target | Estimated| Uncertainty|
    +--------+---------+----------+------------+
    |ap_clk  | 5.00 ns | 4.248 ns |   0.62 ns  |
    +--------+---------+----------+------------+

+ Latency: 
    * Summary: 
    +---------+---------+----------+----------+-----+-----+----------+
    |  Latency (cycles) |  Latency (absolute) |  Interval | Pipeline |
    |   min   |   max   |    min   |    max   | min | max |   Type   |
    +---------+---------+----------+----------+-----+-----+----------+
    |       58|       64| 0.290 us | 0.320 us |    4|    4| dataflow |
    +---------+---------+----------+----------+-----+-----+----------+

    + Detail: 
        * Instance: 
        N/A

        * Loop: 
        N/A

============================================================
+ Verbose Summary: Synthesis Manager
============================================================
InlineROM: 1
ExposeGlobal: 0
============================================================
+ Verbose Summary: CDFG Model
============================================================
IsTopModel: 1
ResetActiveHigh: 1
IsCombinational: 2
IsDatapathOnly: 0
HasWiredReturn: 1
HasMFsm: 0
HasVarLatency: 1
IsPipeline: 0
IsRtlPipelined: 0
IsInstanceOverlapped: 0
IsDontTouch: 0
HasImplIP: 0
IsGatedGlobalClock: 0


============================================================
+ Verbose Summary: Schedule
============================================================
* Number of FSM states : 22
* Pipeline : 0
* Dataflow Pipeline: 1
  DF-Pipeline-0: Size = 22, States = { 1 2 3 4 5 6 7 8 9 10 11 12 13 14 15 16 17 18 19 20 21 22 }

* FSM state transitions: 
1 --> 2 
2 --> 3 
3 --> 4 
4 --> 5 
5 --> 6 
6 --> 7 
7 --> 8 
8 --> 9 
9 --> 10 
10 --> 11 
11 --> 12 
12 --> 13 
13 --> 14 
14 --> 15 
15 --> 16 
16 --> 17 
17 --> 18 
18 --> 19 
19 --> 20 
20 --> 21 
21 --> 22 
22 --> 

* FSM state operations: 

State 1 <SV = 0> <Delay = 1.52>
ST_1 : Operation 23 [2/2] (1.52ns)   --->   "%call_ret1 = call fastcc { i21, i21, i21, i21, i21, i21, i21, i21 } @"dense_resource_rf_leq_nin<ap_fixed,ap_fixed,config2>.0.0.0.0.0.0.0.0.0"(i224* %input_4_V)"   --->   Operation 23 'call' 'call_ret1' <Predicate = true> <Delay = 1.52> <CoreType = "Generic">   --->   Core 0 '' <Latency = 0> <II = 1> <Delay = 1.00> <Generic> <Opcode : >

State 2 <SV = 1> <Delay = 3.90>
ST_2 : Operation 24 [1/2] (3.90ns)   --->   "%call_ret1 = call fastcc { i21, i21, i21, i21, i21, i21, i21, i21 } @"dense_resource_rf_leq_nin<ap_fixed,ap_fixed,config2>.0.0.0.0.0.0.0.0.0"(i224* %input_4_V)"   --->   Operation 24 'call' 'call_ret1' <Predicate = true> <Delay = 3.90> <CoreType = "Generic">   --->   Core 0 '' <Latency = 0> <II = 1> <Delay = 1.00> <Generic> <Opcode : >
ST_2 : Operation 25 [1/1] (0.00ns)   --->   "%layer2_out_0_V = extractvalue { i21, i21, i21, i21, i21, i21, i21, i21 } %call_ret1, 0"   --->   Operation 25 'extractvalue' 'layer2_out_0_V' <Predicate = true> <Delay = 0.00> <Core = "FIFO">   --->   Core 32 'FIFO' <Latency = 0> <II = 1> <Delay = 3.63> <Storage> <Opcode : 'read' 'write' 'nbread' 'nbwrite'> <Ports = 0> <Width = 8> <Depth = 2> <FIFO>
ST_2 : Operation 26 [1/1] (0.00ns)   --->   "%layer2_out_1_V = extractvalue { i21, i21, i21, i21, i21, i21, i21, i21 } %call_ret1, 1"   --->   Operation 26 'extractvalue' 'layer2_out_1_V' <Predicate = true> <Delay = 0.00> <Core = "FIFO">   --->   Core 32 'FIFO' <Latency = 0> <II = 1> <Delay = 3.63> <Storage> <Opcode : 'read' 'write' 'nbread' 'nbwrite'> <Ports = 0> <Width = 8> <Depth = 2> <FIFO>
ST_2 : Operation 27 [1/1] (0.00ns)   --->   "%layer2_out_2_V = extractvalue { i21, i21, i21, i21, i21, i21, i21, i21 } %call_ret1, 2"   --->   Operation 27 'extractvalue' 'layer2_out_2_V' <Predicate = true> <Delay = 0.00> <Core = "FIFO">   --->   Core 32 'FIFO' <Latency = 0> <II = 1> <Delay = 3.63> <Storage> <Opcode : 'read' 'write' 'nbread' 'nbwrite'> <Ports = 0> <Width = 8> <Depth = 2> <FIFO>
ST_2 : Operation 28 [1/1] (0.00ns)   --->   "%layer2_out_3_V = extractvalue { i21, i21, i21, i21, i21, i21, i21, i21 } %call_ret1, 3"   --->   Operation 28 'extractvalue' 'layer2_out_3_V' <Predicate = true> <Delay = 0.00> <Core = "FIFO">   --->   Core 32 'FIFO' <Latency = 0> <II = 1> <Delay = 3.63> <Storage> <Opcode : 'read' 'write' 'nbread' 'nbwrite'> <Ports = 0> <Width = 8> <Depth = 2> <FIFO>
ST_2 : Operation 29 [1/1] (0.00ns)   --->   "%layer2_out_4_V = extractvalue { i21, i21, i21, i21, i21, i21, i21, i21 } %call_ret1, 4"   --->   Operation 29 'extractvalue' 'layer2_out_4_V' <Predicate = true> <Delay = 0.00> <Core = "FIFO">   --->   Core 32 'FIFO' <Latency = 0> <II = 1> <Delay = 3.63> <Storage> <Opcode : 'read' 'write' 'nbread' 'nbwrite'> <Ports = 0> <Width = 8> <Depth = 2> <FIFO>
ST_2 : Operation 30 [1/1] (0.00ns)   --->   "%layer2_out_5_V = extractvalue { i21, i21, i21, i21, i21, i21, i21, i21 } %call_ret1, 5"   --->   Operation 30 'extractvalue' 'layer2_out_5_V' <Predicate = true> <Delay = 0.00> <Core = "FIFO">   --->   Core 32 'FIFO' <Latency = 0> <II = 1> <Delay = 3.63> <Storage> <Opcode : 'read' 'write' 'nbread' 'nbwrite'> <Ports = 0> <Width = 8> <Depth = 2> <FIFO>
ST_2 : Operation 31 [1/1] (0.00ns)   --->   "%layer2_out_6_V = extractvalue { i21, i21, i21, i21, i21, i21, i21, i21 } %call_ret1, 6"   --->   Operation 31 'extractvalue' 'layer2_out_6_V' <Predicate = true> <Delay = 0.00> <Core = "FIFO">   --->   Core 32 'FIFO' <Latency = 0> <II = 1> <Delay = 3.63> <Storage> <Opcode : 'read' 'write' 'nbread' 'nbwrite'> <Ports = 0> <Width = 8> <Depth = 2> <FIFO>
ST_2 : Operation 32 [1/1] (0.00ns)   --->   "%layer2_out_7_V = extractvalue { i21, i21, i21, i21, i21, i21, i21, i21 } %call_ret1, 7"   --->   Operation 32 'extractvalue' 'layer2_out_7_V' <Predicate = true> <Delay = 0.00> <Core = "FIFO">   --->   Core 32 'FIFO' <Latency = 0> <II = 1> <Delay = 3.63> <Storage> <Opcode : 'read' 'write' 'nbread' 'nbwrite'> <Ports = 0> <Width = 8> <Depth = 2> <FIFO>

State 3 <SV = 2> <Delay = 3.46>
ST_3 : Operation 33 [2/2] (3.46ns)   --->   "%call_ret = call fastcc { i8, i8, i8, i8, i8, i8, i8, i8 } @"relu<ap_fixed<29, 14, 5, 3, 0>, ap_ufixed<8, 2, 4, 0, 0>, relu_config4>"(i21 %layer2_out_0_V, i21 %layer2_out_1_V, i21 %layer2_out_2_V, i21 %layer2_out_3_V, i21 %layer2_out_4_V, i21 %layer2_out_5_V, i21 %layer2_out_6_V, i21 %layer2_out_7_V)" [firmware/myproject.cpp:74]   --->   Operation 33 'call' 'call_ret' <Predicate = true> <Delay = 3.46> <CoreType = "Generic">   --->   Core 0 '' <Latency = 0> <II = 1> <Delay = 1.00> <Generic> <Opcode : >

State 4 <SV = 3> <Delay = 3.69>
ST_4 : Operation 34 [1/2] (3.69ns)   --->   "%call_ret = call fastcc { i8, i8, i8, i8, i8, i8, i8, i8 } @"relu<ap_fixed<29, 14, 5, 3, 0>, ap_ufixed<8, 2, 4, 0, 0>, relu_config4>"(i21 %layer2_out_0_V, i21 %layer2_out_1_V, i21 %layer2_out_2_V, i21 %layer2_out_3_V, i21 %layer2_out_4_V, i21 %layer2_out_5_V, i21 %layer2_out_6_V, i21 %layer2_out_7_V)" [firmware/myproject.cpp:74]   --->   Operation 34 'call' 'call_ret' <Predicate = true> <Delay = 3.69> <CoreType = "Generic">   --->   Core 0 '' <Latency = 0> <II = 1> <Delay = 1.00> <Generic> <Opcode : >
ST_4 : Operation 35 [1/1] (0.00ns)   --->   "%layer4_out_0_V = extractvalue { i8, i8, i8, i8, i8, i8, i8, i8 } %call_ret, 0" [firmware/myproject.cpp:74]   --->   Operation 35 'extractvalue' 'layer4_out_0_V' <Predicate = true> <Delay = 0.00> <Core = "FIFO">   --->   Core 32 'FIFO' <Latency = 0> <II = 1> <Delay = 3.63> <Storage> <Opcode : 'read' 'write' 'nbread' 'nbwrite'> <Ports = 0> <Width = 8> <Depth = 2> <FIFO>
ST_4 : Operation 36 [1/1] (0.00ns)   --->   "%layer4_out_1_V = extractvalue { i8, i8, i8, i8, i8, i8, i8, i8 } %call_ret, 1" [firmware/myproject.cpp:74]   --->   Operation 36 'extractvalue' 'layer4_out_1_V' <Predicate = true> <Delay = 0.00> <Core = "FIFO">   --->   Core 32 'FIFO' <Latency = 0> <II = 1> <Delay = 3.63> <Storage> <Opcode : 'read' 'write' 'nbread' 'nbwrite'> <Ports = 0> <Width = 8> <Depth = 2> <FIFO>
ST_4 : Operation 37 [1/1] (0.00ns)   --->   "%layer4_out_2_V = extractvalue { i8, i8, i8, i8, i8, i8, i8, i8 } %call_ret, 2" [firmware/myproject.cpp:74]   --->   Operation 37 'extractvalue' 'layer4_out_2_V' <Predicate = true> <Delay = 0.00> <Core = "FIFO">   --->   Core 32 'FIFO' <Latency = 0> <II = 1> <Delay = 3.63> <Storage> <Opcode : 'read' 'write' 'nbread' 'nbwrite'> <Ports = 0> <Width = 8> <Depth = 2> <FIFO>
ST_4 : Operation 38 [1/1] (0.00ns)   --->   "%layer4_out_3_V = extractvalue { i8, i8, i8, i8, i8, i8, i8, i8 } %call_ret, 3" [firmware/myproject.cpp:74]   --->   Operation 38 'extractvalue' 'layer4_out_3_V' <Predicate = true> <Delay = 0.00> <Core = "FIFO">   --->   Core 32 'FIFO' <Latency = 0> <II = 1> <Delay = 3.63> <Storage> <Opcode : 'read' 'write' 'nbread' 'nbwrite'> <Ports = 0> <Width = 8> <Depth = 2> <FIFO>
ST_4 : Operation 39 [1/1] (0.00ns)   --->   "%layer4_out_4_V = extractvalue { i8, i8, i8, i8, i8, i8, i8, i8 } %call_ret, 4" [firmware/myproject.cpp:74]   --->   Operation 39 'extractvalue' 'layer4_out_4_V' <Predicate = true> <Delay = 0.00> <Core = "FIFO">   --->   Core 32 'FIFO' <Latency = 0> <II = 1> <Delay = 3.63> <Storage> <Opcode : 'read' 'write' 'nbread' 'nbwrite'> <Ports = 0> <Width = 8> <Depth = 2> <FIFO>
ST_4 : Operation 40 [1/1] (0.00ns)   --->   "%layer4_out_5_V = extractvalue { i8, i8, i8, i8, i8, i8, i8, i8 } %call_ret, 5" [firmware/myproject.cpp:74]   --->   Operation 40 'extractvalue' 'layer4_out_5_V' <Predicate = true> <Delay = 0.00> <Core = "FIFO">   --->   Core 32 'FIFO' <Latency = 0> <II = 1> <Delay = 3.63> <Storage> <Opcode : 'read' 'write' 'nbread' 'nbwrite'> <Ports = 0> <Width = 8> <Depth = 2> <FIFO>
ST_4 : Operation 41 [1/1] (0.00ns)   --->   "%layer4_out_6_V = extractvalue { i8, i8, i8, i8, i8, i8, i8, i8 } %call_ret, 6" [firmware/myproject.cpp:74]   --->   Operation 41 'extractvalue' 'layer4_out_6_V' <Predicate = true> <Delay = 0.00> <Core = "FIFO">   --->   Core 32 'FIFO' <Latency = 0> <II = 1> <Delay = 3.63> <Storage> <Opcode : 'read' 'write' 'nbread' 'nbwrite'> <Ports = 0> <Width = 8> <Depth = 2> <FIFO>
ST_4 : Operation 42 [1/1] (0.00ns)   --->   "%layer4_out_7_V = extractvalue { i8, i8, i8, i8, i8, i8, i8, i8 } %call_ret, 7" [firmware/myproject.cpp:74]   --->   Operation 42 'extractvalue' 'layer4_out_7_V' <Predicate = true> <Delay = 0.00> <Core = "FIFO">   --->   Core 32 'FIFO' <Latency = 0> <II = 1> <Delay = 3.63> <Storage> <Opcode : 'read' 'write' 'nbread' 'nbwrite'> <Ports = 0> <Width = 8> <Depth = 2> <FIFO>

State 5 <SV = 4> <Delay = 1.76>
ST_5 : Operation 43 [2/2] (1.76ns)   --->   "%call_ret2 = call fastcc { i17, i17, i17, i17 } @"dense_resource_rf_leq_nin<ap_ufixed,ap_fixed,config5>.0.0.0.0.0"(i8 %layer4_out_0_V, i8 %layer4_out_1_V, i8 %layer4_out_2_V, i8 %layer4_out_3_V, i8 %layer4_out_4_V, i8 %layer4_out_5_V, i8 %layer4_out_6_V, i8 %layer4_out_7_V)" [firmware/myproject.cpp:74]   --->   Operation 43 'call' 'call_ret2' <Predicate = true> <Delay = 1.76> <CoreType = "Generic">   --->   Core 0 '' <Latency = 0> <II = 1> <Delay = 1.00> <Generic> <Opcode : >

State 6 <SV = 5> <Delay = 3.90>
ST_6 : Operation 44 [1/2] (3.90ns)   --->   "%call_ret2 = call fastcc { i17, i17, i17, i17 } @"dense_resource_rf_leq_nin<ap_ufixed,ap_fixed,config5>.0.0.0.0.0"(i8 %layer4_out_0_V, i8 %layer4_out_1_V, i8 %layer4_out_2_V, i8 %layer4_out_3_V, i8 %layer4_out_4_V, i8 %layer4_out_5_V, i8 %layer4_out_6_V, i8 %layer4_out_7_V)" [firmware/myproject.cpp:74]   --->   Operation 44 'call' 'call_ret2' <Predicate = true> <Delay = 3.90> <CoreType = "Generic">   --->   Core 0 '' <Latency = 0> <II = 1> <Delay = 1.00> <Generic> <Opcode : >
ST_6 : Operation 45 [1/1] (0.00ns)   --->   "%layer5_out_0_V = extractvalue { i17, i17, i17, i17 } %call_ret2, 0" [firmware/myproject.cpp:74]   --->   Operation 45 'extractvalue' 'layer5_out_0_V' <Predicate = true> <Delay = 0.00> <Core = "FIFO">   --->   Core 32 'FIFO' <Latency = 0> <II = 1> <Delay = 3.63> <Storage> <Opcode : 'read' 'write' 'nbread' 'nbwrite'> <Ports = 0> <Width = 8> <Depth = 2> <FIFO>
ST_6 : Operation 46 [1/1] (0.00ns)   --->   "%layer5_out_1_V = extractvalue { i17, i17, i17, i17 } %call_ret2, 1" [firmware/myproject.cpp:74]   --->   Operation 46 'extractvalue' 'layer5_out_1_V' <Predicate = true> <Delay = 0.00> <Core = "FIFO">   --->   Core 32 'FIFO' <Latency = 0> <II = 1> <Delay = 3.63> <Storage> <Opcode : 'read' 'write' 'nbread' 'nbwrite'> <Ports = 0> <Width = 8> <Depth = 2> <FIFO>
ST_6 : Operation 47 [1/1] (0.00ns)   --->   "%layer5_out_2_V = extractvalue { i17, i17, i17, i17 } %call_ret2, 2" [firmware/myproject.cpp:74]   --->   Operation 47 'extractvalue' 'layer5_out_2_V' <Predicate = true> <Delay = 0.00> <Core = "FIFO">   --->   Core 32 'FIFO' <Latency = 0> <II = 1> <Delay = 3.63> <Storage> <Opcode : 'read' 'write' 'nbread' 'nbwrite'> <Ports = 0> <Width = 8> <Depth = 2> <FIFO>
ST_6 : Operation 48 [1/1] (0.00ns)   --->   "%layer5_out_3_V = extractvalue { i17, i17, i17, i17 } %call_ret2, 3" [firmware/myproject.cpp:74]   --->   Operation 48 'extractvalue' 'layer5_out_3_V' <Predicate = true> <Delay = 0.00> <Core = "FIFO">   --->   Core 32 'FIFO' <Latency = 0> <II = 1> <Delay = 3.63> <Storage> <Opcode : 'read' 'write' 'nbread' 'nbwrite'> <Ports = 0> <Width = 8> <Depth = 2> <FIFO>

State 7 <SV = 6> <Delay = 3.21>
ST_7 : Operation 49 [2/2] (3.21ns)   --->   "%call_ret3 = call fastcc { i8, i8, i8, i8 } @"relu<ap_fixed<20, 9, 5, 3, 0>, ap_ufixed<8, 2, 4, 0, 0>, relu_config7>"(i17 %layer5_out_0_V, i17 %layer5_out_1_V, i17 %layer5_out_2_V, i17 %layer5_out_3_V)" [firmware/myproject.cpp:78]   --->   Operation 49 'call' 'call_ret3' <Predicate = true> <Delay = 3.21> <CoreType = "Generic">   --->   Core 0 '' <Latency = 0> <II = 1> <Delay = 1.00> <Generic> <Opcode : >

State 8 <SV = 7> <Delay = 3.67>
ST_8 : Operation 50 [1/2] (3.67ns)   --->   "%call_ret3 = call fastcc { i8, i8, i8, i8 } @"relu<ap_fixed<20, 9, 5, 3, 0>, ap_ufixed<8, 2, 4, 0, 0>, relu_config7>"(i17 %layer5_out_0_V, i17 %layer5_out_1_V, i17 %layer5_out_2_V, i17 %layer5_out_3_V)" [firmware/myproject.cpp:78]   --->   Operation 50 'call' 'call_ret3' <Predicate = true> <Delay = 3.67> <CoreType = "Generic">   --->   Core 0 '' <Latency = 0> <II = 1> <Delay = 1.00> <Generic> <Opcode : >
ST_8 : Operation 51 [1/1] (0.00ns)   --->   "%layer7_out_0_V = extractvalue { i8, i8, i8, i8 } %call_ret3, 0" [firmware/myproject.cpp:78]   --->   Operation 51 'extractvalue' 'layer7_out_0_V' <Predicate = true> <Delay = 0.00> <Core = "FIFO">   --->   Core 32 'FIFO' <Latency = 0> <II = 1> <Delay = 3.63> <Storage> <Opcode : 'read' 'write' 'nbread' 'nbwrite'> <Ports = 0> <Width = 8> <Depth = 2> <FIFO>
ST_8 : Operation 52 [1/1] (0.00ns)   --->   "%layer7_out_1_V = extractvalue { i8, i8, i8, i8 } %call_ret3, 1" [firmware/myproject.cpp:78]   --->   Operation 52 'extractvalue' 'layer7_out_1_V' <Predicate = true> <Delay = 0.00> <Core = "FIFO">   --->   Core 32 'FIFO' <Latency = 0> <II = 1> <Delay = 3.63> <Storage> <Opcode : 'read' 'write' 'nbread' 'nbwrite'> <Ports = 0> <Width = 8> <Depth = 2> <FIFO>
ST_8 : Operation 53 [1/1] (0.00ns)   --->   "%layer7_out_2_V = extractvalue { i8, i8, i8, i8 } %call_ret3, 2" [firmware/myproject.cpp:78]   --->   Operation 53 'extractvalue' 'layer7_out_2_V' <Predicate = true> <Delay = 0.00> <Core = "FIFO">   --->   Core 32 'FIFO' <Latency = 0> <II = 1> <Delay = 3.63> <Storage> <Opcode : 'read' 'write' 'nbread' 'nbwrite'> <Ports = 0> <Width = 8> <Depth = 2> <FIFO>
ST_8 : Operation 54 [1/1] (0.00ns)   --->   "%layer7_out_3_V = extractvalue { i8, i8, i8, i8 } %call_ret3, 3" [firmware/myproject.cpp:78]   --->   Operation 54 'extractvalue' 'layer7_out_3_V' <Predicate = true> <Delay = 0.00> <Core = "FIFO">   --->   Core 32 'FIFO' <Latency = 0> <II = 1> <Delay = 3.63> <Storage> <Opcode : 'read' 'write' 'nbread' 'nbwrite'> <Ports = 0> <Width = 8> <Depth = 2> <FIFO>

State 9 <SV = 8> <Delay = 1.76>
ST_9 : Operation 55 [2/2] (1.76ns)   --->   "%call_ret4 = call fastcc { i17, i17, i17 } @"dense_resource_rf_leq_nin<ap_ufixed,ap_fixed<19,8,5,3,0>,config8>.0.0.0.0"(i8 %layer7_out_0_V, i8 %layer7_out_1_V, i8 %layer7_out_2_V, i8 %layer7_out_3_V)" [firmware/myproject.cpp:78]   --->   Operation 55 'call' 'call_ret4' <Predicate = true> <Delay = 1.76> <CoreType = "Generic">   --->   Core 0 '' <Latency = 0> <II = 1> <Delay = 1.00> <Generic> <Opcode : >

State 10 <SV = 9> <Delay = 2.07>
ST_10 : Operation 56 [1/2] (2.07ns)   --->   "%call_ret4 = call fastcc { i17, i17, i17 } @"dense_resource_rf_leq_nin<ap_ufixed,ap_fixed<19,8,5,3,0>,config8>.0.0.0.0"(i8 %layer7_out_0_V, i8 %layer7_out_1_V, i8 %layer7_out_2_V, i8 %layer7_out_3_V)" [firmware/myproject.cpp:78]   --->   Operation 56 'call' 'call_ret4' <Predicate = true> <Delay = 2.07> <CoreType = "Generic">   --->   Core 0 '' <Latency = 0> <II = 1> <Delay = 1.00> <Generic> <Opcode : >
ST_10 : Operation 57 [1/1] (0.00ns)   --->   "%layer8_out_0_V = extractvalue { i17, i17, i17 } %call_ret4, 0" [firmware/myproject.cpp:78]   --->   Operation 57 'extractvalue' 'layer8_out_0_V' <Predicate = true> <Delay = 0.00> <Core = "FIFO">   --->   Core 32 'FIFO' <Latency = 0> <II = 1> <Delay = 3.63> <Storage> <Opcode : 'read' 'write' 'nbread' 'nbwrite'> <Ports = 0> <Width = 8> <Depth = 2> <FIFO>
ST_10 : Operation 58 [1/1] (0.00ns)   --->   "%layer8_out_1_V = extractvalue { i17, i17, i17 } %call_ret4, 1" [firmware/myproject.cpp:78]   --->   Operation 58 'extractvalue' 'layer8_out_1_V' <Predicate = true> <Delay = 0.00> <Core = "FIFO">   --->   Core 32 'FIFO' <Latency = 0> <II = 1> <Delay = 3.63> <Storage> <Opcode : 'read' 'write' 'nbread' 'nbwrite'> <Ports = 0> <Width = 8> <Depth = 2> <FIFO>
ST_10 : Operation 59 [1/1] (0.00ns)   --->   "%layer8_out_2_V = extractvalue { i17, i17, i17 } %call_ret4, 2" [firmware/myproject.cpp:78]   --->   Operation 59 'extractvalue' 'layer8_out_2_V' <Predicate = true> <Delay = 0.00> <Core = "FIFO">   --->   Core 32 'FIFO' <Latency = 0> <II = 1> <Delay = 3.63> <Storage> <Opcode : 'read' 'write' 'nbread' 'nbwrite'> <Ports = 0> <Width = 8> <Depth = 2> <FIFO>

State 11 <SV = 10> <Delay = 3.21>
ST_11 : Operation 60 [2/2] (3.21ns)   --->   "%call_ret5 = call fastcc { i8, i8, i8 } @"relu<ap_fixed<19, 8, 5, 3, 0>, ap_ufixed<8, 2, 4, 0, 0>, relu_config10>"(i17 %layer8_out_0_V, i17 %layer8_out_1_V, i17 %layer8_out_2_V)" [firmware/myproject.cpp:82]   --->   Operation 60 'call' 'call_ret5' <Predicate = true> <Delay = 3.21> <CoreType = "Generic">   --->   Core 0 '' <Latency = 0> <II = 1> <Delay = 1.00> <Generic> <Opcode : >

State 12 <SV = 11> <Delay = 3.67>
ST_12 : Operation 61 [1/2] (3.67ns)   --->   "%call_ret5 = call fastcc { i8, i8, i8 } @"relu<ap_fixed<19, 8, 5, 3, 0>, ap_ufixed<8, 2, 4, 0, 0>, relu_config10>"(i17 %layer8_out_0_V, i17 %layer8_out_1_V, i17 %layer8_out_2_V)" [firmware/myproject.cpp:82]   --->   Operation 61 'call' 'call_ret5' <Predicate = true> <Delay = 3.67> <CoreType = "Generic">   --->   Core 0 '' <Latency = 0> <II = 1> <Delay = 1.00> <Generic> <Opcode : >
ST_12 : Operation 62 [1/1] (0.00ns)   --->   "%layer10_out_0_V = extractvalue { i8, i8, i8 } %call_ret5, 0" [firmware/myproject.cpp:82]   --->   Operation 62 'extractvalue' 'layer10_out_0_V' <Predicate = true> <Delay = 0.00> <Core = "FIFO">   --->   Core 32 'FIFO' <Latency = 0> <II = 1> <Delay = 3.63> <Storage> <Opcode : 'read' 'write' 'nbread' 'nbwrite'> <Ports = 0> <Width = 8> <Depth = 2> <FIFO>
ST_12 : Operation 63 [1/1] (0.00ns)   --->   "%layer10_out_1_V = extractvalue { i8, i8, i8 } %call_ret5, 1" [firmware/myproject.cpp:82]   --->   Operation 63 'extractvalue' 'layer10_out_1_V' <Predicate = true> <Delay = 0.00> <Core = "FIFO">   --->   Core 32 'FIFO' <Latency = 0> <II = 1> <Delay = 3.63> <Storage> <Opcode : 'read' 'write' 'nbread' 'nbwrite'> <Ports = 0> <Width = 8> <Depth = 2> <FIFO>
ST_12 : Operation 64 [1/1] (0.00ns)   --->   "%layer10_out_2_V = extractvalue { i8, i8, i8 } %call_ret5, 2" [firmware/myproject.cpp:82]   --->   Operation 64 'extractvalue' 'layer10_out_2_V' <Predicate = true> <Delay = 0.00> <Core = "FIFO">   --->   Core 32 'FIFO' <Latency = 0> <II = 1> <Delay = 3.63> <Storage> <Opcode : 'read' 'write' 'nbread' 'nbwrite'> <Ports = 0> <Width = 8> <Depth = 2> <FIFO>

State 13 <SV = 12> <Delay = 1.76>
ST_13 : Operation 65 [2/2] (1.76ns)   --->   "%call_ret6 = call fastcc { i17, i17, i17, i17 } @"dense_resource_rf_leq_nin<ap_ufixed,ap_fixed,config11>.0.0.0.0.0"(i8 %layer10_out_0_V, i8 %layer10_out_1_V, i8 %layer10_out_2_V)" [firmware/myproject.cpp:82]   --->   Operation 65 'call' 'call_ret6' <Predicate = true> <Delay = 1.76> <CoreType = "Generic">   --->   Core 0 '' <Latency = 0> <II = 1> <Delay = 1.00> <Generic> <Opcode : >

State 14 <SV = 13> <Delay = 2.07>
ST_14 : Operation 66 [1/2] (2.07ns)   --->   "%call_ret6 = call fastcc { i17, i17, i17, i17 } @"dense_resource_rf_leq_nin<ap_ufixed,ap_fixed,config11>.0.0.0.0.0"(i8 %layer10_out_0_V, i8 %layer10_out_1_V, i8 %layer10_out_2_V)" [firmware/myproject.cpp:82]   --->   Operation 66 'call' 'call_ret6' <Predicate = true> <Delay = 2.07> <CoreType = "Generic">   --->   Core 0 '' <Latency = 0> <II = 1> <Delay = 1.00> <Generic> <Opcode : >
ST_14 : Operation 67 [1/1] (0.00ns)   --->   "%layer11_out_0_V = extractvalue { i17, i17, i17, i17 } %call_ret6, 0" [firmware/myproject.cpp:82]   --->   Operation 67 'extractvalue' 'layer11_out_0_V' <Predicate = true> <Delay = 0.00> <Core = "FIFO">   --->   Core 32 'FIFO' <Latency = 0> <II = 1> <Delay = 3.63> <Storage> <Opcode : 'read' 'write' 'nbread' 'nbwrite'> <Ports = 0> <Width = 8> <Depth = 2> <FIFO>
ST_14 : Operation 68 [1/1] (0.00ns)   --->   "%layer11_out_1_V = extractvalue { i17, i17, i17, i17 } %call_ret6, 1" [firmware/myproject.cpp:82]   --->   Operation 68 'extractvalue' 'layer11_out_1_V' <Predicate = true> <Delay = 0.00> <Core = "FIFO">   --->   Core 32 'FIFO' <Latency = 0> <II = 1> <Delay = 3.63> <Storage> <Opcode : 'read' 'write' 'nbread' 'nbwrite'> <Ports = 0> <Width = 8> <Depth = 2> <FIFO>
ST_14 : Operation 69 [1/1] (0.00ns)   --->   "%layer11_out_2_V = extractvalue { i17, i17, i17, i17 } %call_ret6, 2" [firmware/myproject.cpp:82]   --->   Operation 69 'extractvalue' 'layer11_out_2_V' <Predicate = true> <Delay = 0.00> <Core = "FIFO">   --->   Core 32 'FIFO' <Latency = 0> <II = 1> <Delay = 3.63> <Storage> <Opcode : 'read' 'write' 'nbread' 'nbwrite'> <Ports = 0> <Width = 8> <Depth = 2> <FIFO>
ST_14 : Operation 70 [1/1] (0.00ns)   --->   "%layer11_out_3_V = extractvalue { i17, i17, i17, i17 } %call_ret6, 3" [firmware/myproject.cpp:82]   --->   Operation 70 'extractvalue' 'layer11_out_3_V' <Predicate = true> <Delay = 0.00> <Core = "FIFO">   --->   Core 32 'FIFO' <Latency = 0> <II = 1> <Delay = 3.63> <Storage> <Opcode : 'read' 'write' 'nbread' 'nbwrite'> <Ports = 0> <Width = 8> <Depth = 2> <FIFO>

State 15 <SV = 14> <Delay = 3.21>
ST_15 : Operation 71 [2/2] (3.21ns)   --->   "%call_ret7 = call fastcc { i8, i8, i8, i8 } @"relu<ap_fixed<19, 8, 5, 3, 0>, ap_ufixed<8, 2, 4, 0, 0>, relu_config13>"(i17 %layer11_out_0_V, i17 %layer11_out_1_V, i17 %layer11_out_2_V, i17 %layer11_out_3_V)" [firmware/myproject.cpp:86]   --->   Operation 71 'call' 'call_ret7' <Predicate = true> <Delay = 3.21> <CoreType = "Generic">   --->   Core 0 '' <Latency = 0> <II = 1> <Delay = 1.00> <Generic> <Opcode : >

State 16 <SV = 15> <Delay = 3.67>
ST_16 : Operation 72 [1/2] (3.67ns)   --->   "%call_ret7 = call fastcc { i8, i8, i8, i8 } @"relu<ap_fixed<19, 8, 5, 3, 0>, ap_ufixed<8, 2, 4, 0, 0>, relu_config13>"(i17 %layer11_out_0_V, i17 %layer11_out_1_V, i17 %layer11_out_2_V, i17 %layer11_out_3_V)" [firmware/myproject.cpp:86]   --->   Operation 72 'call' 'call_ret7' <Predicate = true> <Delay = 3.67> <CoreType = "Generic">   --->   Core 0 '' <Latency = 0> <II = 1> <Delay = 1.00> <Generic> <Opcode : >
ST_16 : Operation 73 [1/1] (0.00ns)   --->   "%layer13_out_0_V = extractvalue { i8, i8, i8, i8 } %call_ret7, 0" [firmware/myproject.cpp:86]   --->   Operation 73 'extractvalue' 'layer13_out_0_V' <Predicate = true> <Delay = 0.00> <Core = "FIFO">   --->   Core 32 'FIFO' <Latency = 0> <II = 1> <Delay = 3.63> <Storage> <Opcode : 'read' 'write' 'nbread' 'nbwrite'> <Ports = 0> <Width = 8> <Depth = 2> <FIFO>
ST_16 : Operation 74 [1/1] (0.00ns)   --->   "%layer13_out_1_V = extractvalue { i8, i8, i8, i8 } %call_ret7, 1" [firmware/myproject.cpp:86]   --->   Operation 74 'extractvalue' 'layer13_out_1_V' <Predicate = true> <Delay = 0.00> <Core = "FIFO">   --->   Core 32 'FIFO' <Latency = 0> <II = 1> <Delay = 3.63> <Storage> <Opcode : 'read' 'write' 'nbread' 'nbwrite'> <Ports = 0> <Width = 8> <Depth = 2> <FIFO>
ST_16 : Operation 75 [1/1] (0.00ns)   --->   "%layer13_out_2_V = extractvalue { i8, i8, i8, i8 } %call_ret7, 2" [firmware/myproject.cpp:86]   --->   Operation 75 'extractvalue' 'layer13_out_2_V' <Predicate = true> <Delay = 0.00> <Core = "FIFO">   --->   Core 32 'FIFO' <Latency = 0> <II = 1> <Delay = 3.63> <Storage> <Opcode : 'read' 'write' 'nbread' 'nbwrite'> <Ports = 0> <Width = 8> <Depth = 2> <FIFO>
ST_16 : Operation 76 [1/1] (0.00ns)   --->   "%layer13_out_3_V = extractvalue { i8, i8, i8, i8 } %call_ret7, 3" [firmware/myproject.cpp:86]   --->   Operation 76 'extractvalue' 'layer13_out_3_V' <Predicate = true> <Delay = 0.00> <Core = "FIFO">   --->   Core 32 'FIFO' <Latency = 0> <II = 1> <Delay = 3.63> <Storage> <Opcode : 'read' 'write' 'nbread' 'nbwrite'> <Ports = 0> <Width = 8> <Depth = 2> <FIFO>

State 17 <SV = 16> <Delay = 1.76>
ST_17 : Operation 77 [2/2] (1.76ns)   --->   "%call_ret8 = call fastcc { i17, i17, i17, i17, i17, i17, i17, i17 } @"dense_resource_rf_leq_nin<ap_ufixed,ap_fixed,config14>.0.0.0.0.0.0.0.0.0"(i8 %layer13_out_0_V, i8 %layer13_out_1_V, i8 %layer13_out_2_V, i8 %layer13_out_3_V)" [firmware/myproject.cpp:86]   --->   Operation 77 'call' 'call_ret8' <Predicate = true> <Delay = 1.76> <CoreType = "Generic">   --->   Core 0 '' <Latency = 0> <II = 1> <Delay = 1.00> <Generic> <Opcode : >

State 18 <SV = 17> <Delay = 2.07>
ST_18 : Operation 78 [1/2] (2.07ns)   --->   "%call_ret8 = call fastcc { i17, i17, i17, i17, i17, i17, i17, i17 } @"dense_resource_rf_leq_nin<ap_ufixed,ap_fixed,config14>.0.0.0.0.0.0.0.0.0"(i8 %layer13_out_0_V, i8 %layer13_out_1_V, i8 %layer13_out_2_V, i8 %layer13_out_3_V)" [firmware/myproject.cpp:86]   --->   Operation 78 'call' 'call_ret8' <Predicate = true> <Delay = 2.07> <CoreType = "Generic">   --->   Core 0 '' <Latency = 0> <II = 1> <Delay = 1.00> <Generic> <Opcode : >
ST_18 : Operation 79 [1/1] (0.00ns)   --->   "%layer14_out_0_V = extractvalue { i17, i17, i17, i17, i17, i17, i17, i17 } %call_ret8, 0" [firmware/myproject.cpp:86]   --->   Operation 79 'extractvalue' 'layer14_out_0_V' <Predicate = true> <Delay = 0.00> <Core = "FIFO">   --->   Core 32 'FIFO' <Latency = 0> <II = 1> <Delay = 3.63> <Storage> <Opcode : 'read' 'write' 'nbread' 'nbwrite'> <Ports = 0> <Width = 8> <Depth = 2> <FIFO>
ST_18 : Operation 80 [1/1] (0.00ns)   --->   "%layer14_out_1_V = extractvalue { i17, i17, i17, i17, i17, i17, i17, i17 } %call_ret8, 1" [firmware/myproject.cpp:86]   --->   Operation 80 'extractvalue' 'layer14_out_1_V' <Predicate = true> <Delay = 0.00> <Core = "FIFO">   --->   Core 32 'FIFO' <Latency = 0> <II = 1> <Delay = 3.63> <Storage> <Opcode : 'read' 'write' 'nbread' 'nbwrite'> <Ports = 0> <Width = 8> <Depth = 2> <FIFO>
ST_18 : Operation 81 [1/1] (0.00ns)   --->   "%layer14_out_2_V = extractvalue { i17, i17, i17, i17, i17, i17, i17, i17 } %call_ret8, 2" [firmware/myproject.cpp:86]   --->   Operation 81 'extractvalue' 'layer14_out_2_V' <Predicate = true> <Delay = 0.00> <Core = "FIFO">   --->   Core 32 'FIFO' <Latency = 0> <II = 1> <Delay = 3.63> <Storage> <Opcode : 'read' 'write' 'nbread' 'nbwrite'> <Ports = 0> <Width = 8> <Depth = 2> <FIFO>
ST_18 : Operation 82 [1/1] (0.00ns)   --->   "%layer14_out_3_V = extractvalue { i17, i17, i17, i17, i17, i17, i17, i17 } %call_ret8, 3" [firmware/myproject.cpp:86]   --->   Operation 82 'extractvalue' 'layer14_out_3_V' <Predicate = true> <Delay = 0.00> <Core = "FIFO">   --->   Core 32 'FIFO' <Latency = 0> <II = 1> <Delay = 3.63> <Storage> <Opcode : 'read' 'write' 'nbread' 'nbwrite'> <Ports = 0> <Width = 8> <Depth = 2> <FIFO>
ST_18 : Operation 83 [1/1] (0.00ns)   --->   "%layer14_out_4_V = extractvalue { i17, i17, i17, i17, i17, i17, i17, i17 } %call_ret8, 4" [firmware/myproject.cpp:86]   --->   Operation 83 'extractvalue' 'layer14_out_4_V' <Predicate = true> <Delay = 0.00> <Core = "FIFO">   --->   Core 32 'FIFO' <Latency = 0> <II = 1> <Delay = 3.63> <Storage> <Opcode : 'read' 'write' 'nbread' 'nbwrite'> <Ports = 0> <Width = 8> <Depth = 2> <FIFO>
ST_18 : Operation 84 [1/1] (0.00ns)   --->   "%layer14_out_5_V = extractvalue { i17, i17, i17, i17, i17, i17, i17, i17 } %call_ret8, 5" [firmware/myproject.cpp:86]   --->   Operation 84 'extractvalue' 'layer14_out_5_V' <Predicate = true> <Delay = 0.00> <Core = "FIFO">   --->   Core 32 'FIFO' <Latency = 0> <II = 1> <Delay = 3.63> <Storage> <Opcode : 'read' 'write' 'nbread' 'nbwrite'> <Ports = 0> <Width = 8> <Depth = 2> <FIFO>
ST_18 : Operation 85 [1/1] (0.00ns)   --->   "%layer14_out_6_V = extractvalue { i17, i17, i17, i17, i17, i17, i17, i17 } %call_ret8, 6" [firmware/myproject.cpp:86]   --->   Operation 85 'extractvalue' 'layer14_out_6_V' <Predicate = true> <Delay = 0.00> <Core = "FIFO">   --->   Core 32 'FIFO' <Latency = 0> <II = 1> <Delay = 3.63> <Storage> <Opcode : 'read' 'write' 'nbread' 'nbwrite'> <Ports = 0> <Width = 8> <Depth = 2> <FIFO>
ST_18 : Operation 86 [1/1] (0.00ns)   --->   "%layer14_out_7_V = extractvalue { i17, i17, i17, i17, i17, i17, i17, i17 } %call_ret8, 7" [firmware/myproject.cpp:86]   --->   Operation 86 'extractvalue' 'layer14_out_7_V' <Predicate = true> <Delay = 0.00> <Core = "FIFO">   --->   Core 32 'FIFO' <Latency = 0> <II = 1> <Delay = 3.63> <Storage> <Opcode : 'read' 'write' 'nbread' 'nbwrite'> <Ports = 0> <Width = 8> <Depth = 2> <FIFO>

State 19 <SV = 18> <Delay = 3.21>
ST_19 : Operation 87 [2/2] (3.21ns)   --->   "%call_ret9 = call fastcc { i8, i8, i8, i8, i8, i8, i8, i8 } @"relu<ap_fixed<19, 8, 5, 3, 0>, ap_ufixed<8, 2, 4, 0, 0>, relu_config16>"(i17 %layer14_out_0_V, i17 %layer14_out_1_V, i17 %layer14_out_2_V, i17 %layer14_out_3_V, i17 %layer14_out_4_V, i17 %layer14_out_5_V, i17 %layer14_out_6_V, i17 %layer14_out_7_V)" [firmware/myproject.cpp:90]   --->   Operation 87 'call' 'call_ret9' <Predicate = true> <Delay = 3.21> <CoreType = "Generic">   --->   Core 0 '' <Latency = 0> <II = 1> <Delay = 1.00> <Generic> <Opcode : >

State 20 <SV = 19> <Delay = 3.67>
ST_20 : Operation 88 [1/2] (3.67ns)   --->   "%call_ret9 = call fastcc { i8, i8, i8, i8, i8, i8, i8, i8 } @"relu<ap_fixed<19, 8, 5, 3, 0>, ap_ufixed<8, 2, 4, 0, 0>, relu_config16>"(i17 %layer14_out_0_V, i17 %layer14_out_1_V, i17 %layer14_out_2_V, i17 %layer14_out_3_V, i17 %layer14_out_4_V, i17 %layer14_out_5_V, i17 %layer14_out_6_V, i17 %layer14_out_7_V)" [firmware/myproject.cpp:90]   --->   Operation 88 'call' 'call_ret9' <Predicate = true> <Delay = 3.67> <CoreType = "Generic">   --->   Core 0 '' <Latency = 0> <II = 1> <Delay = 1.00> <Generic> <Opcode : >
ST_20 : Operation 89 [1/1] (0.00ns)   --->   "%layer16_out_0_V = extractvalue { i8, i8, i8, i8, i8, i8, i8, i8 } %call_ret9, 0" [firmware/myproject.cpp:90]   --->   Operation 89 'extractvalue' 'layer16_out_0_V' <Predicate = true> <Delay = 0.00> <Core = "FIFO">   --->   Core 32 'FIFO' <Latency = 0> <II = 1> <Delay = 3.63> <Storage> <Opcode : 'read' 'write' 'nbread' 'nbwrite'> <Ports = 0> <Width = 8> <Depth = 2> <FIFO>
ST_20 : Operation 90 [1/1] (0.00ns)   --->   "%layer16_out_1_V = extractvalue { i8, i8, i8, i8, i8, i8, i8, i8 } %call_ret9, 1" [firmware/myproject.cpp:90]   --->   Operation 90 'extractvalue' 'layer16_out_1_V' <Predicate = true> <Delay = 0.00> <Core = "FIFO">   --->   Core 32 'FIFO' <Latency = 0> <II = 1> <Delay = 3.63> <Storage> <Opcode : 'read' 'write' 'nbread' 'nbwrite'> <Ports = 0> <Width = 8> <Depth = 2> <FIFO>
ST_20 : Operation 91 [1/1] (0.00ns)   --->   "%layer16_out_2_V = extractvalue { i8, i8, i8, i8, i8, i8, i8, i8 } %call_ret9, 2" [firmware/myproject.cpp:90]   --->   Operation 91 'extractvalue' 'layer16_out_2_V' <Predicate = true> <Delay = 0.00> <Core = "FIFO">   --->   Core 32 'FIFO' <Latency = 0> <II = 1> <Delay = 3.63> <Storage> <Opcode : 'read' 'write' 'nbread' 'nbwrite'> <Ports = 0> <Width = 8> <Depth = 2> <FIFO>
ST_20 : Operation 92 [1/1] (0.00ns)   --->   "%layer16_out_3_V = extractvalue { i8, i8, i8, i8, i8, i8, i8, i8 } %call_ret9, 3" [firmware/myproject.cpp:90]   --->   Operation 92 'extractvalue' 'layer16_out_3_V' <Predicate = true> <Delay = 0.00> <Core = "FIFO">   --->   Core 32 'FIFO' <Latency = 0> <II = 1> <Delay = 3.63> <Storage> <Opcode : 'read' 'write' 'nbread' 'nbwrite'> <Ports = 0> <Width = 8> <Depth = 2> <FIFO>
ST_20 : Operation 93 [1/1] (0.00ns)   --->   "%layer16_out_4_V = extractvalue { i8, i8, i8, i8, i8, i8, i8, i8 } %call_ret9, 4" [firmware/myproject.cpp:90]   --->   Operation 93 'extractvalue' 'layer16_out_4_V' <Predicate = true> <Delay = 0.00> <Core = "FIFO">   --->   Core 32 'FIFO' <Latency = 0> <II = 1> <Delay = 3.63> <Storage> <Opcode : 'read' 'write' 'nbread' 'nbwrite'> <Ports = 0> <Width = 8> <Depth = 2> <FIFO>
ST_20 : Operation 94 [1/1] (0.00ns)   --->   "%layer16_out_5_V = extractvalue { i8, i8, i8, i8, i8, i8, i8, i8 } %call_ret9, 5" [firmware/myproject.cpp:90]   --->   Operation 94 'extractvalue' 'layer16_out_5_V' <Predicate = true> <Delay = 0.00> <Core = "FIFO">   --->   Core 32 'FIFO' <Latency = 0> <II = 1> <Delay = 3.63> <Storage> <Opcode : 'read' 'write' 'nbread' 'nbwrite'> <Ports = 0> <Width = 8> <Depth = 2> <FIFO>
ST_20 : Operation 95 [1/1] (0.00ns)   --->   "%layer16_out_6_V = extractvalue { i8, i8, i8, i8, i8, i8, i8, i8 } %call_ret9, 6" [firmware/myproject.cpp:90]   --->   Operation 95 'extractvalue' 'layer16_out_6_V' <Predicate = true> <Delay = 0.00> <Core = "FIFO">   --->   Core 32 'FIFO' <Latency = 0> <II = 1> <Delay = 3.63> <Storage> <Opcode : 'read' 'write' 'nbread' 'nbwrite'> <Ports = 0> <Width = 8> <Depth = 2> <FIFO>
ST_20 : Operation 96 [1/1] (0.00ns)   --->   "%layer16_out_7_V = extractvalue { i8, i8, i8, i8, i8, i8, i8, i8 } %call_ret9, 7" [firmware/myproject.cpp:90]   --->   Operation 96 'extractvalue' 'layer16_out_7_V' <Predicate = true> <Delay = 0.00> <Core = "FIFO">   --->   Core 32 'FIFO' <Latency = 0> <II = 1> <Delay = 3.63> <Storage> <Opcode : 'read' 'write' 'nbread' 'nbwrite'> <Ports = 0> <Width = 8> <Depth = 2> <FIFO>

State 21 <SV = 20> <Delay = 1.76>
ST_21 : Operation 97 [2/2] (1.76ns)   --->   "call fastcc void @dense_resource_rf_leq_nin.0.0.0.0.0.0.0.0.0.0.0.0.0.0.0(i8 %layer16_out_0_V, i8 %layer16_out_1_V, i8 %layer16_out_2_V, i8 %layer16_out_3_V, i8 %layer16_out_4_V, i8 %layer16_out_5_V, i8 %layer16_out_6_V, i8 %layer16_out_7_V, i20* %layer17_out_0_V, i20* %layer17_out_1_V, i20* %layer17_out_2_V, i20* %layer17_out_3_V, i20* %layer17_out_4_V, i20* %layer17_out_5_V, i20* %layer17_out_6_V, i20* %layer17_out_7_V, i20* %layer17_out_8_V, i20* %layer17_out_9_V, i20* %layer17_out_10_V, i20* %layer17_out_11_V, i20* %layer17_out_12_V, i20* %layer17_out_13_V)" [firmware/myproject.cpp:90]   --->   Operation 97 'call' <Predicate = true> <Delay = 1.76> <CoreType = "Generic">   --->   Core 0 '' <Latency = 0> <II = 1> <Delay = 1.00> <Generic> <Opcode : >

State 22 <SV = 21> <Delay = 3.90>
ST_22 : Operation 98 [1/1] (0.00ns)   --->   "call void (...)* @_ssdm_op_SpecDataflowPipeline(i32 -1, i32 0, [1 x i8]* @p_str13) nounwind" [firmware/myproject.cpp:16]   --->   Operation 98 'specdataflowpipeline' <Predicate = true> <Delay = 0.00>
ST_22 : Operation 99 [1/1] (0.00ns)   --->   "call void (...)* @_ssdm_op_SpecBitsMap(i20* %layer17_out_13_V), !map !170"   --->   Operation 99 'specbitsmap' <Predicate = true> <Delay = 0.00>
ST_22 : Operation 100 [1/1] (0.00ns)   --->   "call void (...)* @_ssdm_op_SpecBitsMap(i20* %layer17_out_12_V), !map !176"   --->   Operation 100 'specbitsmap' <Predicate = true> <Delay = 0.00>
ST_22 : Operation 101 [1/1] (0.00ns)   --->   "call void (...)* @_ssdm_op_SpecBitsMap(i20* %layer17_out_11_V), !map !182"   --->   Operation 101 'specbitsmap' <Predicate = true> <Delay = 0.00>
ST_22 : Operation 102 [1/1] (0.00ns)   --->   "call void (...)* @_ssdm_op_SpecBitsMap(i20* %layer17_out_10_V), !map !188"   --->   Operation 102 'specbitsmap' <Predicate = true> <Delay = 0.00>
ST_22 : Operation 103 [1/1] (0.00ns)   --->   "call void (...)* @_ssdm_op_SpecBitsMap(i20* %layer17_out_9_V), !map !194"   --->   Operation 103 'specbitsmap' <Predicate = true> <Delay = 0.00>
ST_22 : Operation 104 [1/1] (0.00ns)   --->   "call void (...)* @_ssdm_op_SpecBitsMap(i20* %layer17_out_8_V), !map !200"   --->   Operation 104 'specbitsmap' <Predicate = true> <Delay = 0.00>
ST_22 : Operation 105 [1/1] (0.00ns)   --->   "call void (...)* @_ssdm_op_SpecBitsMap(i20* %layer17_out_7_V), !map !206"   --->   Operation 105 'specbitsmap' <Predicate = true> <Delay = 0.00>
ST_22 : Operation 106 [1/1] (0.00ns)   --->   "call void (...)* @_ssdm_op_SpecBitsMap(i20* %layer17_out_6_V), !map !212"   --->   Operation 106 'specbitsmap' <Predicate = true> <Delay = 0.00>
ST_22 : Operation 107 [1/1] (0.00ns)   --->   "call void (...)* @_ssdm_op_SpecBitsMap(i20* %layer17_out_5_V), !map !218"   --->   Operation 107 'specbitsmap' <Predicate = true> <Delay = 0.00>
ST_22 : Operation 108 [1/1] (0.00ns)   --->   "call void (...)* @_ssdm_op_SpecBitsMap(i20* %layer17_out_4_V), !map !224"   --->   Operation 108 'specbitsmap' <Predicate = true> <Delay = 0.00>
ST_22 : Operation 109 [1/1] (0.00ns)   --->   "call void (...)* @_ssdm_op_SpecBitsMap(i20* %layer17_out_3_V), !map !230"   --->   Operation 109 'specbitsmap' <Predicate = true> <Delay = 0.00>
ST_22 : Operation 110 [1/1] (0.00ns)   --->   "call void (...)* @_ssdm_op_SpecBitsMap(i20* %layer17_out_2_V), !map !236"   --->   Operation 110 'specbitsmap' <Predicate = true> <Delay = 0.00>
ST_22 : Operation 111 [1/1] (0.00ns)   --->   "call void (...)* @_ssdm_op_SpecBitsMap(i20* %layer17_out_1_V), !map !242"   --->   Operation 111 'specbitsmap' <Predicate = true> <Delay = 0.00>
ST_22 : Operation 112 [1/1] (0.00ns)   --->   "call void (...)* @_ssdm_op_SpecBitsMap(i20* %layer17_out_0_V), !map !248"   --->   Operation 112 'specbitsmap' <Predicate = true> <Delay = 0.00>
ST_22 : Operation 113 [1/1] (0.00ns)   --->   "call void (...)* @_ssdm_op_SpecBitsMap(i224* %input_4_V), !map !254"   --->   Operation 113 'specbitsmap' <Predicate = true> <Delay = 0.00>
ST_22 : Operation 114 [1/1] (0.00ns)   --->   "call void (...)* @_ssdm_op_SpecTopModule([10 x i8]* @myproject_str) nounwind"   --->   Operation 114 'spectopmodule' <Predicate = true> <Delay = 0.00>
ST_22 : Operation 115 [1/1] (0.00ns)   --->   "call void (...)* @_ssdm_op_SpecInterface(i224* %input_4_V, [7 x i8]* @p_str14, i32 0, i32 0, [1 x i8]* @p_str13, i32 0, i32 0, [1 x i8]* @p_str13, [1 x i8]* @p_str13, [1 x i8]* @p_str13, i32 0, i32 0, i32 0, i32 0, [1 x i8]* @p_str13, [1 x i8]* @p_str13) nounwind"   --->   Operation 115 'specinterface' <Predicate = true> <Delay = 0.00>
ST_22 : Operation 116 [1/1] (0.00ns)   --->   "call void (...)* @_ssdm_op_SpecInterface(i20* %layer17_out_0_V, i20* %layer17_out_1_V, i20* %layer17_out_2_V, i20* %layer17_out_3_V, i20* %layer17_out_4_V, i20* %layer17_out_5_V, i20* %layer17_out_6_V, i20* %layer17_out_7_V, i20* %layer17_out_8_V, i20* %layer17_out_9_V, i20* %layer17_out_10_V, i20* %layer17_out_11_V, i20* %layer17_out_12_V, i20* %layer17_out_13_V, [7 x i8]* @p_str14, i32 0, i32 0, [1 x i8]* @p_str13, i32 0, i32 0, [1 x i8]* @p_str13, [1 x i8]* @p_str13, [1 x i8]* @p_str13, i32 0, i32 0, i32 0, i32 0, [1 x i8]* @p_str13, [1 x i8]* @p_str13) nounwind" [firmware/myproject.cpp:15]   --->   Operation 116 'specinterface' <Predicate = true> <Delay = 0.00>
ST_22 : Operation 117 [1/2] (3.90ns)   --->   "call fastcc void @dense_resource_rf_leq_nin.0.0.0.0.0.0.0.0.0.0.0.0.0.0.0(i8 %layer16_out_0_V, i8 %layer16_out_1_V, i8 %layer16_out_2_V, i8 %layer16_out_3_V, i8 %layer16_out_4_V, i8 %layer16_out_5_V, i8 %layer16_out_6_V, i8 %layer16_out_7_V, i20* %layer17_out_0_V, i20* %layer17_out_1_V, i20* %layer17_out_2_V, i20* %layer17_out_3_V, i20* %layer17_out_4_V, i20* %layer17_out_5_V, i20* %layer17_out_6_V, i20* %layer17_out_7_V, i20* %layer17_out_8_V, i20* %layer17_out_9_V, i20* %layer17_out_10_V, i20* %layer17_out_11_V, i20* %layer17_out_12_V, i20* %layer17_out_13_V)" [firmware/myproject.cpp:90]   --->   Operation 117 'call' <Predicate = true> <Delay = 3.90> <CoreType = "Generic">   --->   Core 0 '' <Latency = 0> <II = 1> <Delay = 1.00> <Generic> <Opcode : >
ST_22 : Operation 118 [1/1] (0.00ns)   --->   "ret void" [firmware/myproject.cpp:94]   --->   Operation 118 'ret' <Predicate = true> <Delay = 0.00>


============================================================
+ Verbose Summary: Timing violations
============================================================
Target clock period: 5ns, clock uncertainty: 0.625ns.

 <State 1>: 1.52ns
The critical path consists of the following:
	'call' operation ('call_ret1') to 'dense_resource_rf_leq_nin<ap_fixed,ap_fixed,config2>.0.0.0.0.0.0.0.0.0' [47]  (1.52 ns)

 <State 2>: 3.9ns
The critical path consists of the following:
	'call' operation ('call_ret1') to 'dense_resource_rf_leq_nin<ap_fixed,ap_fixed,config2>.0.0.0.0.0.0.0.0.0' [47]  (3.9 ns)

 <State 3>: 3.47ns
The critical path consists of the following:
	'call' operation ('call_ret', firmware/myproject.cpp:74) to 'relu<ap_fixed<29, 14, 5, 3, 0>, ap_ufixed<8, 2, 4, 0, 0>, relu_config4>' [56]  (3.47 ns)

 <State 4>: 3.69ns
The critical path consists of the following:
	'call' operation ('call_ret', firmware/myproject.cpp:74) to 'relu<ap_fixed<29, 14, 5, 3, 0>, ap_ufixed<8, 2, 4, 0, 0>, relu_config4>' [56]  (3.69 ns)

 <State 5>: 1.77ns
The critical path consists of the following:
	'call' operation ('call_ret2', firmware/myproject.cpp:74) to 'dense_resource_rf_leq_nin<ap_ufixed,ap_fixed,config5>.0.0.0.0.0' [65]  (1.77 ns)

 <State 6>: 3.9ns
The critical path consists of the following:
	'call' operation ('call_ret2', firmware/myproject.cpp:74) to 'dense_resource_rf_leq_nin<ap_ufixed,ap_fixed,config5>.0.0.0.0.0' [65]  (3.9 ns)

 <State 7>: 3.22ns
The critical path consists of the following:
	'call' operation ('call_ret3', firmware/myproject.cpp:78) to 'relu<ap_fixed<20, 9, 5, 3, 0>, ap_ufixed<8, 2, 4, 0, 0>, relu_config7>' [70]  (3.22 ns)

 <State 8>: 3.68ns
The critical path consists of the following:
	'call' operation ('call_ret3', firmware/myproject.cpp:78) to 'relu<ap_fixed<20, 9, 5, 3, 0>, ap_ufixed<8, 2, 4, 0, 0>, relu_config7>' [70]  (3.68 ns)

 <State 9>: 1.77ns
The critical path consists of the following:
	'call' operation ('call_ret4', firmware/myproject.cpp:78) to 'dense_resource_rf_leq_nin<ap_ufixed,ap_fixed<19,8,5,3,0>,config8>.0.0.0.0' [75]  (1.77 ns)

 <State 10>: 2.08ns
The critical path consists of the following:
	'call' operation ('call_ret4', firmware/myproject.cpp:78) to 'dense_resource_rf_leq_nin<ap_ufixed,ap_fixed<19,8,5,3,0>,config8>.0.0.0.0' [75]  (2.08 ns)

 <State 11>: 3.22ns
The critical path consists of the following:
	'call' operation ('call_ret5', firmware/myproject.cpp:82) to 'relu<ap_fixed<19, 8, 5, 3, 0>, ap_ufixed<8, 2, 4, 0, 0>, relu_config10>' [79]  (3.22 ns)

 <State 12>: 3.68ns
The critical path consists of the following:
	'call' operation ('call_ret5', firmware/myproject.cpp:82) to 'relu<ap_fixed<19, 8, 5, 3, 0>, ap_ufixed<8, 2, 4, 0, 0>, relu_config10>' [79]  (3.68 ns)

 <State 13>: 1.77ns
The critical path consists of the following:
	'call' operation ('call_ret6', firmware/myproject.cpp:82) to 'dense_resource_rf_leq_nin<ap_ufixed,ap_fixed,config11>.0.0.0.0.0' [83]  (1.77 ns)

 <State 14>: 2.08ns
The critical path consists of the following:
	'call' operation ('call_ret6', firmware/myproject.cpp:82) to 'dense_resource_rf_leq_nin<ap_ufixed,ap_fixed,config11>.0.0.0.0.0' [83]  (2.08 ns)

 <State 15>: 3.22ns
The critical path consists of the following:
	'call' operation ('call_ret7', firmware/myproject.cpp:86) to 'relu<ap_fixed<19, 8, 5, 3, 0>, ap_ufixed<8, 2, 4, 0, 0>, relu_config13>' [88]  (3.22 ns)

 <State 16>: 3.68ns
The critical path consists of the following:
	'call' operation ('call_ret7', firmware/myproject.cpp:86) to 'relu<ap_fixed<19, 8, 5, 3, 0>, ap_ufixed<8, 2, 4, 0, 0>, relu_config13>' [88]  (3.68 ns)

 <State 17>: 1.77ns
The critical path consists of the following:
	'call' operation ('call_ret8', firmware/myproject.cpp:86) to 'dense_resource_rf_leq_nin<ap_ufixed,ap_fixed,config14>.0.0.0.0.0.0.0.0.0' [93]  (1.77 ns)

 <State 18>: 2.08ns
The critical path consists of the following:
	'call' operation ('call_ret8', firmware/myproject.cpp:86) to 'dense_resource_rf_leq_nin<ap_ufixed,ap_fixed,config14>.0.0.0.0.0.0.0.0.0' [93]  (2.08 ns)

 <State 19>: 3.22ns
The critical path consists of the following:
	'call' operation ('call_ret9', firmware/myproject.cpp:90) to 'relu<ap_fixed<19, 8, 5, 3, 0>, ap_ufixed<8, 2, 4, 0, 0>, relu_config16>' [102]  (3.22 ns)

 <State 20>: 3.68ns
The critical path consists of the following:
	'call' operation ('call_ret9', firmware/myproject.cpp:90) to 'relu<ap_fixed<19, 8, 5, 3, 0>, ap_ufixed<8, 2, 4, 0, 0>, relu_config16>' [102]  (3.68 ns)

 <State 21>: 1.77ns
The critical path consists of the following:
	'call' operation ('call_ln90', firmware/myproject.cpp:90) to 'dense_resource_rf_leq_nin.0.0.0.0.0.0.0.0.0.0.0.0.0.0.0' [111]  (1.77 ns)

 <State 22>: 3.9ns
The critical path consists of the following:
	'call' operation ('call_ln90', firmware/myproject.cpp:90) to 'dense_resource_rf_leq_nin.0.0.0.0.0.0.0.0.0.0.0.0.0.0.0' [111]  (3.9 ns)


============================================================
+ Verbose Summary: Binding
============================================================
N/A
* FSMD analyzer results:
  - Output states:
 - Input state : 
  - Chain level:
	State 1
	State 2
	State 3
	State 4
	State 5
	State 6
	State 7
	State 8
	State 9
	State 10
	State 11
	State 12
	State 13
	State 14
	State 15
	State 16
	State 17
	State 18
	State 19
	State 20
	State 21
	State 22


============================================================
+ Verbose Summary: Datapath Resource usage 
============================================================
N/A
