

================================================================
== Vivado HLS Report for 'dense_resource_rf_gt_nin_rem0_ap_ufixed_ap_fixed_config5_0_0_0_0_0'
================================================================
* Date:           Mon Jun  1 10:29:01 2026

* Version:        2020.1 (Build 2897737 on Wed May 27 20:21:37 MDT 2020)
* Project:        myproject_prj
* Solution:       solution1
* Product family: zynq
* Target device:  xc7z020-clg400-1


================================================================
== Performance Estimates
================================================================
+ Timing: 
    * Summary: 
    +--------+---------+----------+------------+
    |  Clock |  Target | Estimated| Uncertainty|
    +--------+---------+----------+------------+
    |ap_clk  | 5.00 ns | 5.804 ns |   0.62 ns  |
    +--------+---------+----------+------------+

+ Latency: 
    * Summary: 
    +---------+---------+----------+----------+-----+-----+---------------------------------------------+
    |  Latency (cycles) |  Latency (absolute) |  Interval |                   Pipeline                  |
    |   min   |   max   |    min   |    max   | min | max |                     Type                    |
    +---------+---------+----------+----------+-----+-----+---------------------------------------------+
    |       35|       36| 0.203 us | 0.209 us |   32|   32| loop rewind(delay=0 initiation interval(s)) |
    +---------+---------+----------+----------+-----+-----+---------------------------------------------+

    + Detail: 
        * Instance: 
        N/A

        * Loop: 
        +-------------+---------+---------+----------+-----------+-----------+------+----------+
        |             |  Latency (cycles) | Iteration|  Initiation Interval  | Trip |          |
        |  Loop Name  |   min   |   max   |  Latency |  achieved |   target  | Count| Pipelined|
        +-------------+---------+---------+----------+-----------+-----------+------+----------+
        |- ReuseLoop  |       35|       35|         5|          1|          1|    32|    yes   |
        +-------------+---------+---------+----------+-----------+-----------+------+----------+



================================================================
== Utilization Estimates
================================================================
* Summary: 
+-----------------+---------+-------+--------+-------+-----+
|       Name      | BRAM_18K| DSP48E|   FF   |  LUT  | URAM|
+-----------------+---------+-------+--------+-------+-----+
|DSP              |        -|      -|       -|      -|    -|
|Expression       |        -|      0|       0|    189|    -|
|FIFO             |        -|      -|       -|      -|    -|
|Instance         |        -|      -|       0|    130|    -|
|Memory           |        1|      -|       2|      1|    -|
|Multiplexer      |        -|      -|       -|    681|    -|
|Register         |        0|      -|     643|     64|    -|
+-----------------+---------+-------+--------+-------+-----+
|Total            |        1|      0|     645|   1065|    0|
+-----------------+---------+-------+--------+-------+-----+
|Available        |      280|    220|  106400|  53200|    0|
+-----------------+---------+-------+--------+-------+-----+
|Utilization (%)  |    ~0   |      0|   ~0   |      2|    0|
+-----------------+---------+-------+--------+-------+-----+

+ Detail: 
    * Instance: 
    +---------------------------------+-----------------------------+---------+-------+---+----+-----+
    |             Instance            |            Module           | BRAM_18K| DSP48E| FF| LUT| URAM|
    +---------------------------------+-----------------------------+---------+-------+---+----+-----+
    |myproject_axi_mux_42_16_1_1_U23  |myproject_axi_mux_42_16_1_1  |        0|      0|  0|  65|    0|
    |myproject_axi_mux_83_8_1_1_U22   |myproject_axi_mux_83_8_1_1   |        0|      0|  0|  65|    0|
    +---------------------------------+-----------------------------+---------+-------+---+----+-----+
    |Total                            |                             |        0|      0|  0| 130|    0|
    +---------------------------------+-----------------------------+---------+-------+---+----+-----+

    * DSP48E: 
    N/A

    * Memory: 
    +-----------+----------------------------------------------------------------------------+---------+---+----+-----+------+-----+------+-------------+
    |   Memory  |                                   Module                                   | BRAM_18K| FF| LUT| URAM| Words| Bits| Banks| W*Bits*Banks|
    +-----------+----------------------------------------------------------------------------+---------+---+----+-----+------+-----+------+-------------+
    |outidx4_U  |dense_resource_rf_gt_nin_rem0_ap_ufixed_ap_fixed_config5_0_0_0_0_0_outidx4  |        0|  2|   1|    0|    32|    2|     1|           64|
    |w5_V_U     |dense_resource_rf_gt_nin_rem0_ap_ufixed_ap_fixed_config5_0_0_0_0_0_w5_V     |        1|  0|   0|    0|    32|    7|     1|          224|
    +-----------+----------------------------------------------------------------------------+---------+---+----+-----+------+-----+------+-------------+
    |Total      |                                                                            |        1|  2|   1|    0|    64|    9|     2|          288|
    +-----------+----------------------------------------------------------------------------+---------+---+----+-----+------+-----+------+-------------+

    * FIFO: 
    N/A

    * Expression: 
    +------------------------+----------+-------+---+----+------------+------------+
    |      Variable Name     | Operation| DSP48E| FF| LUT| Bitwidth P0| Bitwidth P1|
    +------------------------+----------+-------+---+----+------------+------------+
    |r_V_fu_763_p2           |     *    |      0|  0|  41|           8|           7|
    |acc_0_V_fu_795_p2       |     +    |      0|  0|  23|          16|          16|
    |in_index_fu_697_p2      |     +    |      0|  0|  39|          32|           1|
    |w_index_fu_691_p2       |     +    |      0|  0|  15|           1|           5|
    |ap_condition_194        |    and   |      0|  0|   2|           1|           1|
    |ap_condition_216        |    and   |      0|  0|   2|           1|           1|
    |ap_condition_45         |    and   |      0|  0|   2|           1|           1|
    |icmp_ln135_fu_719_p2    |   icmp   |      0|  0|  11|           5|           2|
    |icmp_ln154_fu_713_p2    |   icmp   |      0|  0|  18|          29|           1|
    |ap_block_state1         |    or    |      0|  0|   2|           1|           1|
    |select_ln154_fu_751_p3  |  select  |      0|  0|  32|           1|           1|
    |ap_enable_pp0           |    xor   |      0|  0|   2|           1|           2|
    +------------------------+----------+-------+---+----+------------+------------+
    |Total                   |          |      0|  0| 189|          97|          39|
    +------------------------+----------+-------+---+----+------------+------------+

    * Multiplexer: 
    +--------------------------------------------+----+-----------+-----+-----------+
    |                    Name                    | LUT| Input Size| Bits| Total Bits|
    +--------------------------------------------+----+-----------+-----+-----------+
    |acc_0_V_012_reg_425                         |   9|          2|   16|         32|
    |acc_1_V_011_reg_440                         |   9|          2|   16|         32|
    |acc_2_V_010_reg_455                         |   9|          2|   16|         32|
    |acc_3_V_09_reg_470                          |   9|          2|   16|         32|
    |ap_NS_fsm                                   |  15|          3|    1|          3|
    |ap_done                                     |   9|          2|    1|          2|
    |ap_enable_reg_pp0_iter1                     |   9|          2|    1|          2|
    |ap_enable_reg_pp0_iter4                     |   9|          2|    1|          2|
    |ap_phi_mux_acc_0_V_012_phi_fu_429_p6        |  15|          3|   16|         48|
    |ap_phi_mux_acc_0_V_1_phi_fu_599_p8          |  15|          3|   16|         48|
    |ap_phi_mux_acc_1_V_011_phi_fu_444_p6        |  15|          3|   16|         48|
    |ap_phi_mux_acc_1_V_1_phi_fu_581_p8          |  15|          3|   16|         48|
    |ap_phi_mux_acc_2_V_010_phi_fu_459_p6        |  15|          3|   16|         48|
    |ap_phi_mux_acc_2_V_1_phi_fu_563_p8          |  15|          3|   16|         48|
    |ap_phi_mux_acc_3_V_09_phi_fu_474_p6         |  15|          3|   16|         48|
    |ap_phi_mux_acc_3_V_1_phi_fu_545_p8          |  15|          3|   16|         48|
    |ap_phi_mux_do_init_phi_fu_176_p6            |  15|          3|    1|          3|
    |ap_phi_mux_in_index_021_phi_fu_206_p6       |  15|          3|   32|         96|
    |ap_phi_mux_p_Val2_6_phi_fu_653_p8           |  15|          3|   16|         48|
    |ap_phi_mux_p_Val2_7_phi_fu_635_p8           |  15|          3|   16|         48|
    |ap_phi_mux_p_Val2_8_phi_fu_617_p8           |  15|          3|   16|         48|
    |ap_phi_mux_p_Val2_s_phi_fu_671_p8           |  15|          3|   16|         48|
    |ap_phi_mux_p_read124_phi_phi_fu_345_p4      |   9|          2|    8|         16|
    |ap_phi_mux_p_read124_rewind_phi_fu_235_p6   |   9|          2|    8|         16|
    |ap_phi_mux_p_read225_phi_phi_fu_357_p4      |   9|          2|    8|         16|
    |ap_phi_mux_p_read225_rewind_phi_fu_249_p6   |   9|          2|    8|         16|
    |ap_phi_mux_p_read23_phi_phi_fu_333_p4       |   9|          2|    8|         16|
    |ap_phi_mux_p_read23_rewind_phi_fu_221_p6    |   9|          2|    8|         16|
    |ap_phi_mux_p_read326_phi_phi_fu_369_p4      |   9|          2|    8|         16|
    |ap_phi_mux_p_read326_rewind_phi_fu_263_p6   |   9|          2|    8|         16|
    |ap_phi_mux_p_read427_phi_phi_fu_381_p4      |   9|          2|    8|         16|
    |ap_phi_mux_p_read427_rewind_phi_fu_277_p6   |   9|          2|    8|         16|
    |ap_phi_mux_p_read528_phi_phi_fu_393_p4      |   9|          2|    8|         16|
    |ap_phi_mux_p_read528_rewind_phi_fu_291_p6   |   9|          2|    8|         16|
    |ap_phi_mux_p_read629_phi_phi_fu_405_p4      |   9|          2|    8|         16|
    |ap_phi_mux_p_read629_rewind_phi_fu_305_p6   |   9|          2|    8|         16|
    |ap_phi_mux_p_read730_phi_phi_fu_417_p4      |   9|          2|    8|         16|
    |ap_phi_mux_p_read730_rewind_phi_fu_319_p6   |   9|          2|    8|         16|
    |ap_phi_mux_w_index22_phi_fu_192_p6          |  15|          3|    5|         15|
    |ap_phi_reg_pp0_iter1_p_read124_phi_reg_341  |   9|          2|    8|         16|
    |ap_phi_reg_pp0_iter1_p_read225_phi_reg_353  |   9|          2|    8|         16|
    |ap_phi_reg_pp0_iter1_p_read23_phi_reg_329   |   9|          2|    8|         16|
    |ap_phi_reg_pp0_iter1_p_read326_phi_reg_365  |   9|          2|    8|         16|
    |ap_phi_reg_pp0_iter1_p_read427_phi_reg_377  |   9|          2|    8|         16|
    |ap_phi_reg_pp0_iter1_p_read528_phi_reg_389  |   9|          2|    8|         16|
    |ap_phi_reg_pp0_iter1_p_read629_phi_reg_401  |   9|          2|    8|         16|
    |ap_phi_reg_pp0_iter1_p_read730_phi_reg_413  |   9|          2|    8|         16|
    |ap_return_0                                 |   9|          2|   16|         32|
    |ap_return_1                                 |   9|          2|   16|         32|
    |ap_return_2                                 |   9|          2|   16|         32|
    |ap_return_3                                 |   9|          2|   16|         32|
    |in_index_021_reg_202                        |   9|          2|   32|         64|
    |p_Val2_118_reg_499                          |   9|          2|   16|         32|
    |p_Val2_20_reg_485                           |   9|          2|   16|         32|
    |p_Val2_216_reg_513                          |   9|          2|   16|         32|
    |p_Val2_314_reg_527                          |   9|          2|   16|         32|
    |p_read124_phi_reg_341                       |   9|          2|    8|         16|
    |p_read225_phi_reg_353                       |   9|          2|    8|         16|
    |p_read23_phi_reg_329                        |   9|          2|    8|         16|
    |p_read326_phi_reg_365                       |   9|          2|    8|         16|
    |p_read427_phi_reg_377                       |   9|          2|    8|         16|
    |p_read528_phi_reg_389                       |   9|          2|    8|         16|
    |p_read629_phi_reg_401                       |   9|          2|    8|         16|
    |p_read730_phi_reg_413                       |   9|          2|    8|         16|
    |w_index22_reg_188                           |   9|          2|    5|         10|
    +--------------------------------------------+----+-----------+-----+-----------+
    |Total                                       | 681|        146|  719|       1669|
    +--------------------------------------------+----+-----------+-----+-----------+

    * Register: 
    +--------------------------------------------+----+----+-----+-----------+
    |                    Name                    | FF | LUT| Bits| Const Bits|
    +--------------------------------------------+----+----+-----+-----------+
    |acc_0_V_012_reg_425                         |  16|   0|   16|          0|
    |acc_0_V_reg_955                             |  16|   0|   16|          0|
    |acc_1_V_011_reg_440                         |  16|   0|   16|          0|
    |acc_2_V_010_reg_455                         |  16|   0|   16|          0|
    |acc_3_V_09_reg_470                          |  16|   0|   16|          0|
    |ap_CS_fsm                                   |   2|   0|    2|          0|
    |ap_done_reg                                 |   1|   0|    1|          0|
    |ap_enable_reg_pp0_iter1                     |   1|   0|    1|          0|
    |ap_enable_reg_pp0_iter2                     |   1|   0|    1|          0|
    |ap_enable_reg_pp0_iter3                     |   1|   0|    1|          0|
    |ap_enable_reg_pp0_iter4                     |   1|   0|    1|          0|
    |ap_phi_reg_pp0_iter1_p_read124_phi_reg_341  |   8|   0|    8|          0|
    |ap_phi_reg_pp0_iter1_p_read225_phi_reg_353  |   8|   0|    8|          0|
    |ap_phi_reg_pp0_iter1_p_read23_phi_reg_329   |   8|   0|    8|          0|
    |ap_phi_reg_pp0_iter1_p_read326_phi_reg_365  |   8|   0|    8|          0|
    |ap_phi_reg_pp0_iter1_p_read427_phi_reg_377  |   8|   0|    8|          0|
    |ap_phi_reg_pp0_iter1_p_read528_phi_reg_389  |   8|   0|    8|          0|
    |ap_phi_reg_pp0_iter1_p_read629_phi_reg_401  |   8|   0|    8|          0|
    |ap_phi_reg_pp0_iter1_p_read730_phi_reg_413  |   8|   0|    8|          0|
    |ap_return_0_preg                            |  16|   0|   17|          1|
    |ap_return_1_preg                            |  16|   0|   17|          1|
    |ap_return_2_preg                            |  16|   0|   17|          1|
    |ap_return_3_preg                            |  16|   0|   17|          1|
    |do_init_reg_172                             |   1|   0|    1|          0|
    |icmp_ln135_reg_926                          |   1|   0|    1|          0|
    |icmp_ln154_reg_921                          |   1|   0|    1|          0|
    |in_index_021_reg_202                        |  32|   0|   32|          0|
    |in_index_reg_916                            |  32|   0|   32|          0|
    |out_index_reg_930                           |   2|   0|    2|          0|
    |p_Val2_118_reg_499                          |  16|   0|   16|          0|
    |p_Val2_20_reg_485                           |  16|   0|   16|          0|
    |p_Val2_216_reg_513                          |  16|   0|   16|          0|
    |p_Val2_314_reg_527                          |  16|   0|   16|          0|
    |p_read124_phi_reg_341                       |   8|   0|    8|          0|
    |p_read124_rewind_reg_231                    |   8|   0|    8|          0|
    |p_read225_phi_reg_353                       |   8|   0|    8|          0|
    |p_read225_rewind_reg_245                    |   8|   0|    8|          0|
    |p_read23_phi_reg_329                        |   8|   0|    8|          0|
    |p_read23_rewind_reg_217                     |   8|   0|    8|          0|
    |p_read326_phi_reg_365                       |   8|   0|    8|          0|
    |p_read326_rewind_reg_259                    |   8|   0|    8|          0|
    |p_read427_phi_reg_377                       |   8|   0|    8|          0|
    |p_read427_rewind_reg_273                    |   8|   0|    8|          0|
    |p_read528_phi_reg_389                       |   8|   0|    8|          0|
    |p_read528_rewind_reg_287                    |   8|   0|    8|          0|
    |p_read629_phi_reg_401                       |   8|   0|    8|          0|
    |p_read629_rewind_reg_301                    |   8|   0|    8|          0|
    |p_read730_phi_reg_413                       |   8|   0|    8|          0|
    |p_read730_rewind_reg_315                    |   8|   0|    8|          0|
    |tmp_s_reg_935                               |   8|   0|    8|          0|
    |trunc_ln_reg_950                            |  14|   0|   14|          0|
    |w5_V_load_reg_940                           |   7|   0|    7|          0|
    |w_index22_reg_188                           |   5|   0|    5|          0|
    |w_index_reg_911                             |   5|   0|    5|          0|
    |icmp_ln135_reg_926                          |  64|  32|    1|          0|
    |out_index_reg_930                           |  64|  32|    2|          0|
    +--------------------------------------------+----+----+-----+-----------+
    |Total                                       | 643|  64|  522|          4|
    +--------------------------------------------+----+----+-----+-----------+



================================================================
== Interface
================================================================
* Summary: 
+-------------+-----+-----+------------+---------------------------------------------------------------------+--------------+
|  RTL Ports  | Dir | Bits|  Protocol  |                            Source Object                            |    C Type    |
+-------------+-----+-----+------------+---------------------------------------------------------------------+--------------+
|ap_clk       |  in |    1| ap_ctrl_hs | dense_resource_rf_gt_nin_rem0<ap_ufixed,ap_fixed,config5>.0.0.0.0.0 | return value |
|ap_rst       |  in |    1| ap_ctrl_hs | dense_resource_rf_gt_nin_rem0<ap_ufixed,ap_fixed,config5>.0.0.0.0.0 | return value |
|ap_start     |  in |    1| ap_ctrl_hs | dense_resource_rf_gt_nin_rem0<ap_ufixed,ap_fixed,config5>.0.0.0.0.0 | return value |
|ap_done      | out |    1| ap_ctrl_hs | dense_resource_rf_gt_nin_rem0<ap_ufixed,ap_fixed,config5>.0.0.0.0.0 | return value |
|ap_continue  |  in |    1| ap_ctrl_hs | dense_resource_rf_gt_nin_rem0<ap_ufixed,ap_fixed,config5>.0.0.0.0.0 | return value |
|ap_idle      | out |    1| ap_ctrl_hs | dense_resource_rf_gt_nin_rem0<ap_ufixed,ap_fixed,config5>.0.0.0.0.0 | return value |
|ap_ready     | out |    1| ap_ctrl_hs | dense_resource_rf_gt_nin_rem0<ap_ufixed,ap_fixed,config5>.0.0.0.0.0 | return value |
|ap_return_0  | out |   17| ap_ctrl_hs | dense_resource_rf_gt_nin_rem0<ap_ufixed,ap_fixed,config5>.0.0.0.0.0 | return value |
|ap_return_1  | out |   17| ap_ctrl_hs | dense_resource_rf_gt_nin_rem0<ap_ufixed,ap_fixed,config5>.0.0.0.0.0 | return value |
|ap_return_2  | out |   17| ap_ctrl_hs | dense_resource_rf_gt_nin_rem0<ap_ufixed,ap_fixed,config5>.0.0.0.0.0 | return value |
|ap_return_3  | out |   17| ap_ctrl_hs | dense_resource_rf_gt_nin_rem0<ap_ufixed,ap_fixed,config5>.0.0.0.0.0 | return value |
|p_read       |  in |    8|   ap_none  |                                p_read                               |    scalar    |
|p_read1      |  in |    8|   ap_none  |                               p_read1                               |    scalar    |
|p_read2      |  in |    8|   ap_none  |                               p_read2                               |    scalar    |
|p_read3      |  in |    8|   ap_none  |                               p_read3                               |    scalar    |
|p_read4      |  in |    8|   ap_none  |                               p_read4                               |    scalar    |
|p_read5      |  in |    8|   ap_none  |                               p_read5                               |    scalar    |
|p_read6      |  in |    8|   ap_none  |                               p_read6                               |    scalar    |
|p_read7      |  in |    8|   ap_none  |                               p_read7                               |    scalar    |
+-------------+-----+-----+------------+---------------------------------------------------------------------+--------------+

