

================================================================
== Vivado HLS Report for 'myproject_axi'
================================================================
* Date:           Mon Jun  1 10:29:10 2026

* Version:        2020.1 (Build 2897737 on Wed May 27 20:21:37 MDT 2020)
* Project:        myproject_prj
* Solution:       solution1
* Product family: zynq
* Target device:  xc7z020-clg400-1


================================================================
== Performance Estimates
================================================================
+ Timing: 
    * Summary: 
    +--------+---------+----------+------------+
    |  Clock |  Target | Estimated| Uncertainty|
    +--------+---------+----------+------------+
    |ap_clk  | 5.00 ns | 6.325 ns |   0.62 ns  |
    +--------+---------+----------+------------+

+ Latency: 
    * Summary: 
    +---------+---------+----------+----------+-----+-----+---------+
    |  Latency (cycles) |  Latency (absolute) |  Interval | Pipeline|
    |   min   |   max   |    min   |    max   | min | max |   Type  |
    +---------+---------+----------+----------+-----+-----+---------+
    |      290|      296| 1.834 us | 1.872 us |  290|  296|   none  |
    +---------+---------+----------+----------+-----+-----+---------+

    + Detail: 
        * Instance: 
        +----------------------+-----------+---------+---------+----------+----------+-----+-----+----------+
        |                      |           |  Latency (cycles) |  Latency (absolute) |  Interval | Pipeline |
        |       Instance       |   Module  |   min   |   max   |    min   |    max   | min | max |   Type   |
        +----------------------+-----------+---------+---------+----------+----------+-----+-----+----------+
        |grp_myproject_fu_307  |myproject  |      241|      247| 1.524 us | 1.562 us |   56|   56| dataflow |
        +----------------------+-----------+---------+---------+----------+----------+-----+-----+----------+

        * Loop: 
        +----------+---------+---------+----------+-----------+-----------+------+----------+
        |          |  Latency (cycles) | Iteration|  Initiation Interval  | Trip |          |
        | Loop Name|   min   |   max   |  Latency |  achieved |   target  | Count| Pipelined|
        +----------+---------+---------+----------+-----------+-----------+------+----------+
        |- Loop 1  |       21|       21|         9|          1|          1|    14|    yes   |
        |- Loop 2  |       23|       23|        11|          1|          1|    14|    yes   |
        +----------+---------+---------+----------+-----------+-----------+------+----------+



================================================================
== Utilization Estimates
================================================================
* Summary: 
+-----------------+---------+-------+--------+-------+-----+
|       Name      | BRAM_18K| DSP48E|   FF   |  LUT  | URAM|
+-----------------+---------+-------+--------+-------+-----+
|DSP              |        -|      -|       -|      -|    -|
|Expression       |        -|      -|      40|   4957|    -|
|FIFO             |        -|      -|       -|      -|    -|
|Instance         |        6|      2|    9419|  14517|    -|
|Memory           |        -|      -|       -|      -|    -|
|Multiplexer      |        -|      -|       -|    137|    -|
|Register         |        0|      -|    2604|    352|    -|
+-----------------+---------+-------+--------+-------+-----+
|Total            |        6|      2|   12063|  19963|    0|
+-----------------+---------+-------+--------+-------+-----+
|Available        |      280|    220|  106400|  53200|    0|
+-----------------+---------+-------+--------+-------+-----+
|Utilization (%)  |        2|   ~0  |      11|     37|    0|
+-----------------+---------+-------+--------+-------+-----+

+ Detail: 
    * Instance: 
    +------------------------------------------+-------------------------------------+---------+-------+------+-------+-----+
    |                 Instance                 |                Module               | BRAM_18K| DSP48E|  FF  |  LUT  | URAM|
    +------------------------------------------+-------------------------------------+---------+-------+------+-------+-----+
    |grp_myproject_fu_307                      |myproject                            |        6|      2|  8825|  13846|    0|
    |myproject_axi_ashr_54ns_32ns_54_2_1_U178  |myproject_axi_ashr_54ns_32ns_54_2_1  |        0|      0|   214|    216|    0|
    |myproject_axi_fpext_32ns_64_3_1_U177      |myproject_axi_fpext_32ns_64_3_1      |        0|      0|   100|    138|    0|
    |myproject_axi_lshr_32ns_32ns_32_2_1_U180  |myproject_axi_lshr_32ns_32ns_32_2_1  |        0|      0|   140|    126|    0|
    |myproject_axi_mux_144_20_1_1_U179         |myproject_axi_mux_144_20_1_1         |        0|      0|     0|     65|    0|
    |myproject_axi_shl_64ns_32ns_64_2_1_U181   |myproject_axi_shl_64ns_32ns_64_2_1   |        0|      0|   140|    126|    0|
    +------------------------------------------+-------------------------------------+---------+-------+------+-------+-----+
    |Total                                     |                                     |        6|      2|  9419|  14517|    0|
    +------------------------------------------+-------------------------------------+---------+-------+------+-------+-----+

    * DSP48E: 
    N/A

    * Memory: 
    N/A

    * FIFO: 
    N/A

    * Expression: 
    +---------------------------------------+----------+-------+----+-----+------------+------------+
    |             Variable Name             | Operation| DSP48E| FF | LUT | Bitwidth P0| Bitwidth P1|
    +---------------------------------------+----------+-------+----+-----+------------+------------+
    |add_ln581_fu_454_p2                    |     +    |      0|   0|   12|           5|          12|
    |add_ln949_fu_1074_p2                   |     +    |      0|   0|   27|           6|          20|
    |add_ln958_fu_1041_p2                   |     +    |      0|   0|   39|           6|          32|
    |add_ln964_fu_1182_p2                   |     +    |      0|   0|    8|           8|           8|
    |i_1_fu_784_p2                          |     +    |      0|   0|   13|           4|           1|
    |i_fu_359_p2                            |     +    |      0|   0|   13|           4|           1|
    |lsb_index_fu_1006_p2                   |     +    |      0|   0|   39|           6|          32|
    |m_2_fu_1143_p2                         |     +    |      0|   0|   71|          64|          64|
    |F2_fu_442_p2                           |     -    |      0|   0|   12|          11|          12|
    |man_V_1_fu_424_p2                      |     -    |      0|   0|   61|           1|          54|
    |sub_ln203_1_fu_672_p2                  |     -    |      0|   0|   15|           7|           8|
    |sub_ln203_fu_660_p2                    |     -    |      0|   0|   15|           7|           8|
    |sub_ln581_fu_460_p2                    |     -    |      0|   0|   12|           4|          12|
    |sub_ln944_fu_987_p2                    |     -    |      0|   0|   39|           5|          32|
    |sub_ln947_fu_1000_p2                   |     -    |      0|   0|   15|           4|           5|
    |sub_ln958_fu_1046_p2                   |     -    |      0|   0|   39|           5|          32|
    |sub_ln964_fu_1177_p2                   |     -    |      0|   0|    8|           4|           8|
    |tmp_V_fu_942_p2                        |     -    |      0|   0|   27|           1|          20|
    |a_fu_1056_p2                           |    and   |      0|   0|    2|           1|           1|
    |and_ln203_1_fu_756_p2                  |    and   |      0|   0|  224|         224|         224|
    |and_ln203_2_fu_762_p2                  |    and   |      0|   0|  224|         224|         224|
    |and_ln203_fu_727_p2                    |    and   |      0|   0|  224|         224|         224|
    |and_ln24_fu_936_p2                     |    and   |      0|   0|    2|           1|           1|
    |and_ln581_fu_545_p2                    |    and   |      0|   0|    2|           1|           1|
    |and_ln582_fu_603_p2                    |    and   |      0|   0|    2|           1|           1|
    |and_ln585_1_fu_562_p2                  |    and   |      0|   0|    2|           1|           1|
    |and_ln585_fu_556_p2                    |    and   |      0|   0|    2|           1|           1|
    |and_ln603_fu_579_p2                    |    and   |      0|   0|    2|           1|           1|
    |and_ln949_fu_1086_p2                   |    and   |      0|   0|    2|           1|           1|
    |ap_block_pp0_stage0_11001              |    and   |      0|   0|    2|           1|           1|
    |ap_block_state22_io                    |    and   |      0|   0|    2|           1|           1|
    |ap_block_state23_io                    |    and   |      0|   0|    2|           1|           1|
    |ap_block_state2_pp0_stage0_iter0       |    and   |      0|   0|    2|           1|           1|
    |p_Result_6_fu_1030_p2                  |    and   |      0|   0|   20|          20|          20|
    |l_fu_975_p3                            |   cttz   |      0|  40|   36|          32|           0|
    |icmp_ln13_fu_353_p2                    |   icmp   |      0|   0|    9|           4|           3|
    |icmp_ln203_fu_655_p2                   |   icmp   |      0|   0|   11|           8|           8|
    |icmp_ln21_fu_778_p2                    |   icmp   |      0|   0|    9|           4|           3|
    |icmp_ln24_fu_930_p2                    |   icmp   |      0|   0|    9|           4|           3|
    |icmp_ln571_fu_437_p2                   |   icmp   |      0|   0|   29|          63|           1|
    |icmp_ln581_fu_448_p2                   |   icmp   |      0|   0|   13|          12|           4|
    |icmp_ln582_fu_474_p2                   |   icmp   |      0|   0|   13|          12|           4|
    |icmp_ln585_fu_497_p2                   |   icmp   |      0|   0|   13|          12|           6|
    |icmp_ln603_fu_502_p2                   |   icmp   |      0|   0|   11|           8|           1|
    |icmp_ln935_fu_947_p2                   |   icmp   |      0|   0|   18|          20|           1|
    |icmp_ln947_1_fu_1035_p2                |   icmp   |      0|   0|   18|          20|           1|
    |icmp_ln947_fu_1051_p2                  |   icmp   |      0|   0|   18|          31|           1|
    |icmp_ln958_fu_1112_p2                  |   icmp   |      0|   0|   18|          32|           1|
    |lshr_ln203_fu_721_p2                   |   lshr   |      0|   0|  822|           2|         224|
    |lshr_ln947_fu_1024_p2                  |   lshr   |      0|   0|   53|           2|          20|
    |ap_block_pp1_stage0_11001              |    or    |      0|   0|    2|           1|           1|
    |ap_sync_grp_myproject_fu_307_ap_done   |    or    |      0|   0|    2|           1|           1|
    |ap_sync_grp_myproject_fu_307_ap_ready  |    or    |      0|   0|    2|           1|           1|
    |empty_28_fu_650_p2                     |    or    |      0|   0|    8|           8|           4|
    |in_local_V_1_fu_767_p2                 |    or    |      0|   0|  224|         224|         224|
    |is_last_fu_374_p2                      |    or    |      0|   0|    2|           1|           1|
    |or_ln581_fu_568_p2                     |    or    |      0|   0|    2|           1|           1|
    |or_ln582_fu_535_p2                     |    or    |      0|   0|    2|           1|           1|
    |or_ln603_1_fu_608_p2                   |    or    |      0|   0|    2|           1|           1|
    |or_ln603_2_fu_613_p2                   |    or    |      0|   0|    2|           1|           1|
    |or_ln603_fu_585_p2                     |    or    |      0|   0|    2|           1|           1|
    |or_ln949_fu_1092_p2                    |    or    |      0|   0|    2|           1|           1|
    |m_1_fu_1134_p3                         |  select  |      0|   0|   64|           1|          64|
    |man_V_2_fu_430_p3                      |  select  |      0|   0|   54|           1|          54|
    |out_r_TDATA_int                        |  select  |      0|   0|   32|           1|           1|
    |select_ln203_1_fu_688_p3               |  select  |      0|   0|    8|           1|           8|
    |select_ln203_2_fu_693_p3               |  select  |      0|   0|    8|           1|           8|
    |select_ln203_3_fu_745_p3               |  select  |      0|   0|  224|           1|         224|
    |select_ln203_fu_665_p3                 |  select  |      0|   0|    8|           1|           8|
    |select_ln588_fu_527_p3                 |  select  |      0|   0|    2|           1|           2|
    |select_ln603_1_fu_591_p3               |  select  |      0|   0|   16|           1|          16|
    |select_ln603_2_fu_644_p3               |  select  |      0|   0|   16|           1|          16|
    |select_ln603_3_fu_678_p3               |  select  |      0|   0|   16|           1|          16|
    |select_ln603_fu_637_p3                 |  select  |      0|   0|   16|           1|          16|
    |select_ln964_fu_1167_p3                |  select  |      0|   0|    7|           1|           7|
    |sh_amt_fu_466_p3                       |  select  |      0|   0|   12|           1|          12|
    |tmp_V_4_fu_952_p3                      |  select  |      0|   0|   20|           1|          20|
    |shl_ln203_1_fu_715_p2                  |    shl   |      0|   0|  822|           2|         224|
    |shl_ln203_fu_709_p2                    |    shl   |      0|   0|  822|         224|         224|
    |shl_ln604_fu_632_p2                    |    shl   |      0|   0|   35|          16|          16|
    |ap_enable_pp0                          |    xor   |      0|   0|    2|           1|           2|
    |ap_enable_pp1                          |    xor   |      0|   0|    2|           1|           2|
    |ap_enable_reg_pp0_iter1                |    xor   |      0|   0|    2|           2|           1|
    |ap_enable_reg_pp1_iter1                |    xor   |      0|   0|    2|           2|           1|
    |xor_ln203_fu_751_p2                    |    xor   |      0|   0|  224|           2|         224|
    |xor_ln571_fu_598_p2                    |    xor   |      0|   0|    2|           1|           2|
    |xor_ln581_fu_573_p2                    |    xor   |      0|   0|    2|           1|           2|
    |xor_ln582_fu_539_p2                    |    xor   |      0|   0|    2|           1|           2|
    |xor_ln585_fu_550_p2                    |    xor   |      0|   0|    2|           1|           2|
    |xor_ln949_fu_1068_p2                   |    xor   |      0|   0|    2|           1|           2|
    +---------------------------------------+----------+-------+----+-----+------------+------------+
    |Total                                  |          |      0|  40| 4957|        1634|        2760|
    +---------------------------------------+----------+-------+----+-----+------------+------------+

    * Multiplexer: 
    +------------------------------------+----+-----------+-----+-----------+
    |                Name                | LUT| Input Size| Bits| Total Bits|
    +------------------------------------+----+-----------+-----+-----------+
    |ap_NS_fsm                           |  38|          7|    1|          7|
    |ap_enable_reg_pp0_iter1             |   9|          2|    1|          2|
    |ap_enable_reg_pp0_iter8             |   9|          2|    1|          2|
    |ap_enable_reg_pp1_iter1             |   9|          2|    1|          2|
    |ap_enable_reg_pp1_iter10            |   9|          2|    1|          2|
    |ap_phi_mux_i_0_phi_fu_288_p4        |   9|          2|    4|          8|
    |ap_phi_mux_is_last_0_phi_fu_276_p4  |   9|          2|    1|          2|
    |i2_0_reg_296                        |   9|          2|    4|          8|
    |i_0_reg_284                         |   9|          2|    4|          8|
    |in_r_TDATA_blk_n                    |   9|          2|    1|          2|
    |is_last_0_reg_272                   |   9|          2|    1|          2|
    |out_r_TDATA_blk_n                   |   9|          2|    1|          2|
    +------------------------------------+----+-----------+-----+-----------+
    |Total                               | 137|         29|   21|         47|
    +------------------------------------+----+-----------+-----+-----------+

    * Register: 
    +-------------------------------------------+-----+----+-----+-----------+
    |                    Name                   |  FF | LUT| Bits| Const Bits|
    +-------------------------------------------+-----+----+-----+-----------+
    |add_ln958_reg_1567                         |   32|   0|   32|          0|
    |and_ln203_reg_1473                         |  224|   0|  224|          0|
    |and_ln24_reg_1501                          |    1|   0|    1|          0|
    |and_ln585_reg_1399                         |    1|   0|    1|          0|
    |and_ln603_reg_1404                         |    1|   0|    1|          0|
    |and_ln603_reg_1404_pp0_iter5_reg           |    1|   0|    1|          0|
    |ap_CS_fsm                                  |    6|   0|    6|          0|
    |ap_enable_reg_pp0_iter0                    |    1|   0|    1|          0|
    |ap_enable_reg_pp0_iter1                    |    1|   0|    1|          0|
    |ap_enable_reg_pp0_iter2                    |    1|   0|    1|          0|
    |ap_enable_reg_pp0_iter3                    |    1|   0|    1|          0|
    |ap_enable_reg_pp0_iter4                    |    1|   0|    1|          0|
    |ap_enable_reg_pp0_iter5                    |    1|   0|    1|          0|
    |ap_enable_reg_pp0_iter6                    |    1|   0|    1|          0|
    |ap_enable_reg_pp0_iter7                    |    1|   0|    1|          0|
    |ap_enable_reg_pp0_iter8                    |    1|   0|    1|          0|
    |ap_enable_reg_pp1_iter0                    |    1|   0|    1|          0|
    |ap_enable_reg_pp1_iter1                    |    1|   0|    1|          0|
    |ap_enable_reg_pp1_iter10                   |    1|   0|    1|          0|
    |ap_enable_reg_pp1_iter2                    |    1|   0|    1|          0|
    |ap_enable_reg_pp1_iter3                    |    1|   0|    1|          0|
    |ap_enable_reg_pp1_iter4                    |    1|   0|    1|          0|
    |ap_enable_reg_pp1_iter5                    |    1|   0|    1|          0|
    |ap_enable_reg_pp1_iter6                    |    1|   0|    1|          0|
    |ap_enable_reg_pp1_iter7                    |    1|   0|    1|          0|
    |ap_enable_reg_pp1_iter8                    |    1|   0|    1|          0|
    |ap_enable_reg_pp1_iter9                    |    1|   0|    1|          0|
    |ap_sync_reg_grp_myproject_fu_307_ap_done   |    1|   0|    1|          0|
    |ap_sync_reg_grp_myproject_fu_307_ap_ready  |    1|   0|    1|          0|
    |ashr_ln586_reg_1420                        |   54|   0|   54|          0|
    |empty_28_reg_1445                          |    4|   0|    8|          4|
    |exp_tmp_V_reg_1343                         |   11|   0|   11|          0|
    |grp_myproject_fu_307_ap_start_reg          |    1|   0|    1|          0|
    |i2_0_reg_296                               |    4|   0|    4|          0|
    |i_0_reg_284                                |    4|   0|    4|          0|
    |i_reg_1317                                 |    4|   0|    4|          0|
    |icmp_ln13_reg_1313                         |    1|   0|    1|          0|
    |icmp_ln203_reg_1450                        |    1|   0|    1|          0|
    |icmp_ln203_reg_1450_pp0_iter7_reg          |    1|   0|    1|          0|
    |icmp_ln21_reg_1479                         |    1|   0|    1|          0|
    |icmp_ln571_reg_1358                        |    1|   0|    1|          0|
    |icmp_ln571_reg_1358_pp0_iter4_reg          |    1|   0|    1|          0|
    |icmp_ln581_reg_1364                        |    1|   0|    1|          0|
    |icmp_ln582_reg_1377                        |    1|   0|    1|          0|
    |icmp_ln582_reg_1377_pp0_iter4_reg          |    1|   0|    1|          0|
    |icmp_ln935_reg_1511                        |    1|   0|    1|          0|
    |icmp_ln947_1_reg_1562                      |    1|   0|    1|          0|
    |icmp_ln958_reg_1592                        |    1|   0|    1|          0|
    |icmp_ln958_reg_1592_pp1_iter6_reg          |    1|   0|    1|          0|
    |in_data_tmp_reg_1322                       |   32|   0|   32|          0|
    |in_local_V_fu_194                          |  224|   0|  224|          0|
    |is_last_0_reg_272                          |    1|   0|    1|          0|
    |is_last_reg_1328                           |    1|   0|    1|          0|
    |l_reg_1524                                 |   32|   0|   32|          0|
    |lsb_index_reg_1551                         |   32|   0|   32|          0|
    |lshr_ln958_reg_1602                        |   32|   0|   32|          0|
    |m_5_reg_1612                               |   63|   0|   63|          0|
    |m_5_reg_1612_pp1_iter8_reg                 |   63|   0|   63|          0|
    |man_V_2_reg_1353                           |   54|   0|   54|          0|
    |or_ln603_2_reg_1425                        |    1|   0|    1|          0|
    |or_ln603_2_reg_1425_pp0_iter6_reg          |    1|   0|    1|          0|
    |or_ln603_reg_1409                          |    1|   0|    1|          0|
    |or_ln603_reg_1409_pp0_iter5_reg            |    1|   0|    1|          0|
    |or_ln_reg_1577                             |    1|   0|   32|         31|
    |or_ln_reg_1577_pp1_iter6_reg               |    1|   0|   32|         31|
    |out_local_0_fu_198                         |   17|   0|   17|          0|
    |out_local_10_fu_238                        |   17|   0|   17|          0|
    |out_local_11_fu_242                        |   17|   0|   17|          0|
    |out_local_12_fu_246                        |   17|   0|   17|          0|
    |out_local_13_fu_250                        |   17|   0|   17|          0|
    |out_local_1_fu_202                         |   17|   0|   17|          0|
    |out_local_2_fu_206                         |   17|   0|   17|          0|
    |out_local_3_fu_210                         |   17|   0|   17|          0|
    |out_local_4_fu_214                         |   17|   0|   17|          0|
    |out_local_5_fu_218                         |   17|   0|   17|          0|
    |out_local_6_fu_222                         |   17|   0|   17|          0|
    |out_local_7_fu_226                         |   17|   0|   17|          0|
    |out_local_8_fu_230                         |   17|   0|   17|          0|
    |out_local_9_fu_234                         |   17|   0|   17|          0|
    |p_Result_10_reg_1495                       |    1|   0|    1|          0|
    |p_Result_8_reg_1338                        |    1|   0|    1|          0|
    |select_ln603_1_reg_1415                    |   16|   0|   16|          0|
    |select_ln603_1_reg_1415_pp0_iter5_reg      |   16|   0|   16|          0|
    |select_ln603_2_reg_1440                    |   16|   0|   16|          0|
    |select_ln964_reg_1622                      |    1|   0|    8|          7|
    |sh_amt_reg_1370                            |   12|   0|   12|          0|
    |shl_ln203_reg_1467                         |  224|   0|  224|          0|
    |shl_ln958_reg_1607                         |   64|   0|   64|          0|
    |shl_ln_reg_1430                            |    4|   0|    8|          4|
    |shl_ln_reg_1430_pp0_iter6_reg              |    4|   0|    8|          4|
    |sub_ln203_1_reg_1462                       |    8|   0|    8|          0|
    |sub_ln203_reg_1457                         |    4|   0|    8|          4|
    |sub_ln944_reg_1534                         |   32|   0|   32|          0|
    |sub_ln947_reg_1546                         |    5|   0|    5|          0|
    |sub_ln958_reg_1572                         |   32|   0|   32|          0|
    |tmp_124_reg_1389                           |    8|   0|    8|          0|
    |tmp_128_reg_1557                           |   31|   0|   31|          0|
    |tmp_130_reg_1617                           |    1|   0|    1|          0|
    |tmp_V_3_reg_1488                           |   20|   0|   20|          0|
    |tmp_V_3_reg_1488_pp1_iter1_reg             |   20|   0|   20|          0|
    |tmp_V_4_reg_1516                           |   20|   0|   20|          0|
    |tmp_V_reg_1506                             |   20|   0|   20|          0|
    |trunc_ln556_reg_1333                       |   63|   0|   63|          0|
    |trunc_ln565_reg_1348                       |   52|   0|   52|          0|
    |trunc_ln583_reg_1383                       |   16|   0|   16|          0|
    |trunc_ln943_reg_1529                       |    8|   0|    8|          0|
    |trunc_ln944_reg_1541                       |   20|   0|   20|          0|
    |trunc_ln944_reg_1541_pp1_iter4_reg         |   20|   0|   20|          0|
    |and_ln24_reg_1501                          |   64|  32|    1|          0|
    |i_0_reg_284                                |   64|  32|    4|          0|
    |icmp_ln13_reg_1313                         |   64|  32|    1|          0|
    |icmp_ln21_reg_1479                         |   64|  32|    1|          0|
    |icmp_ln935_reg_1511                        |   64|  32|    1|          0|
    |in_data_tmp_reg_1322                       |   64|  32|   32|          0|
    |p_Result_10_reg_1495                       |   64|  32|    1|          0|
    |sh_amt_reg_1370                            |   64|  32|   12|          0|
    |tmp_V_4_reg_1516                           |   64|  32|   20|          0|
    |trunc_ln583_reg_1383                       |   64|  32|   16|          0|
    |trunc_ln943_reg_1529                       |   64|  32|    8|          0|
    +-------------------------------------------+-----+----+-----+-----------+
    |Total                                      | 2604| 352| 2082|         85|
    +-------------------------------------------+-----+----+-----+-----------+



================================================================
== Interface
================================================================
* Summary: 
+--------------+-----+-----+--------------+---------------+--------------+
|   RTL Ports  | Dir | Bits|   Protocol   | Source Object |    C Type    |
+--------------+-----+-----+--------------+---------------+--------------+
|ap_clk        |  in |    1| ap_ctrl_none | myproject_axi | return value |
|ap_rst_n      |  in |    1| ap_ctrl_none | myproject_axi | return value |
|in_r_TDATA    |  in |   32|     axis     |    in_data    |    pointer   |
|in_r_TVALID   |  in |    1|     axis     |   in_last_V   |    pointer   |
|in_r_TREADY   | out |    1|     axis     |   in_last_V   |    pointer   |
|in_r_TLAST    |  in |    1|     axis     |   in_last_V   |    pointer   |
|out_r_TDATA   | out |   32|     axis     |    out_data   |    pointer   |
|out_r_TVALID  | out |    1|     axis     |   out_last_V  |    pointer   |
|out_r_TREADY  |  in |    1|     axis     |   out_last_V  |    pointer   |
|out_r_TLAST   | out |    1|     axis     |   out_last_V  |    pointer   |
+--------------+-----+-----+--------------+---------------+--------------+

